Logging tensorboard to ./runs/Caltech101/vit_longformer_patch_size_8_attention_window_128
Files already downloaded and verified
Total number of parameters in the model: 15064549
Train Epoch: 1 [0/6636 (0%)]	Loss: 4.852579
Train Epoch: 1 [320/6636 (5%)]	Loss: 4.164788
Train Epoch: 1 [640/6636 (10%)]	Loss: 4.057873
Train Epoch: 1 [960/6636 (14%)]	Loss: 4.210170
Train Epoch: 1 [1280/6636 (19%)]	Loss: 3.753844
Train Epoch: 1 [1600/6636 (24%)]	Loss: 4.012331
Train Epoch: 1 [1920/6636 (29%)]	Loss: 3.569681
Train Epoch: 1 [2240/6636 (34%)]	Loss: 4.212873
Train Epoch: 1 [2560/6636 (38%)]	Loss: 2.957421
Train Epoch: 1 [2880/6636 (43%)]	Loss: 4.346460
Train Epoch: 1 [3200/6636 (48%)]	Loss: 3.885000
Train Epoch: 1 [3520/6636 (53%)]	Loss: 3.456031
Train Epoch: 1 [3840/6636 (58%)]	Loss: 3.536797
Train Epoch: 1 [4160/6636 (62%)]	Loss: 3.724373
Train Epoch: 1 [4480/6636 (67%)]	Loss: 4.343198
Train Epoch: 1 [4800/6636 (72%)]	Loss: 3.624673
Train Epoch: 1 [5120/6636 (77%)]	Loss: 4.095651
Train Epoch: 1 [5440/6636 (82%)]	Loss: 3.523455
Train Epoch: 1 [5760/6636 (87%)]	Loss: 3.047394
Train Epoch: 1 [6080/6636 (91%)]	Loss: 3.875520
Train Epoch: 1 [6400/6636 (96%)]	Loss: 3.722994

Test set: Average loss: 3.4629, Accuracy: 406/1660 (24%)

Train Epoch: 2 [0/6636 (0%)]	Loss: 3.288660
Train Epoch: 2 [320/6636 (5%)]	Loss: 3.349955
Train Epoch: 2 [640/6636 (10%)]	Loss: 2.915773
Train Epoch: 2 [960/6636 (14%)]	Loss: 3.648568
Train Epoch: 2 [1280/6636 (19%)]	Loss: 3.342471
Train Epoch: 2 [1600/6636 (24%)]	Loss: 2.820195
Train Epoch: 2 [1920/6636 (29%)]	Loss: 3.770269
Train Epoch: 2 [2240/6636 (34%)]	Loss: 3.355679
Train Epoch: 2 [2560/6636 (38%)]	Loss: 4.088603
Train Epoch: 2 [2880/6636 (43%)]	Loss: 3.512453
Train Epoch: 2 [3200/6636 (48%)]	Loss: 3.217007
Train Epoch: 2 [3520/6636 (53%)]	Loss: 3.093767
Train Epoch: 2 [3840/6636 (58%)]	Loss: 2.782373
Train Epoch: 2 [4160/6636 (62%)]	Loss: 2.879757
Train Epoch: 2 [4480/6636 (67%)]	Loss: 2.788187
Train Epoch: 2 [4800/6636 (72%)]	Loss: 3.585555
Train Epoch: 2 [5120/6636 (77%)]	Loss: 2.629406
Train Epoch: 2 [5440/6636 (82%)]	Loss: 3.142137
Train Epoch: 2 [5760/6636 (87%)]	Loss: 2.813080
Train Epoch: 2 [6080/6636 (91%)]	Loss: 2.570918
Train Epoch: 2 [6400/6636 (96%)]	Loss: 3.308788

Test set: Average loss: 3.3494, Accuracy: 438/1660 (26%)

Train Epoch: 3 [0/6636 (0%)]	Loss: 3.775590
Train Epoch: 3 [320/6636 (5%)]	Loss: 3.176032
Train Epoch: 3 [640/6636 (10%)]	Loss: 3.135265
Train Epoch: 3 [960/6636 (14%)]	Loss: 2.955596
Train Epoch: 3 [1280/6636 (19%)]	Loss: 3.167508
Train Epoch: 3 [1600/6636 (24%)]	Loss: 2.510622
Train Epoch: 3 [1920/6636 (29%)]	Loss: 3.241821
Train Epoch: 3 [2240/6636 (34%)]	Loss: 2.936440
Train Epoch: 3 [2560/6636 (38%)]	Loss: 3.061909
Train Epoch: 3 [2880/6636 (43%)]	Loss: 3.030338
Train Epoch: 3 [3200/6636 (48%)]	Loss: 2.836909
Train Epoch: 3 [3520/6636 (53%)]	Loss: 3.691101
Train Epoch: 3 [3840/6636 (58%)]	Loss: 2.172326
Train Epoch: 3 [4160/6636 (62%)]	Loss: 2.876507
Train Epoch: 3 [4480/6636 (67%)]	Loss: 3.412432
Train Epoch: 3 [4800/6636 (72%)]	Loss: 3.256988
Train Epoch: 3 [5120/6636 (77%)]	Loss: 3.129148
Train Epoch: 3 [5440/6636 (82%)]	Loss: 2.875322
Train Epoch: 3 [5760/6636 (87%)]	Loss: 2.688310
Train Epoch: 3 [6080/6636 (91%)]	Loss: 2.473660
Train Epoch: 3 [6400/6636 (96%)]	Loss: 3.101114

Test set: Average loss: 2.9771, Accuracy: 498/1660 (30%)

Train Epoch: 4 [0/6636 (0%)]	Loss: 3.345120
Train Epoch: 4 [320/6636 (5%)]	Loss: 2.793469
Train Epoch: 4 [640/6636 (10%)]	Loss: 2.691177
Train Epoch: 4 [960/6636 (14%)]	Loss: 2.865578
Train Epoch: 4 [1280/6636 (19%)]	Loss: 2.972023
Train Epoch: 4 [1600/6636 (24%)]	Loss: 2.777082
Train Epoch: 4 [1920/6636 (29%)]	Loss: 2.816017
Train Epoch: 4 [2240/6636 (34%)]	Loss: 1.927263
Train Epoch: 4 [2560/6636 (38%)]	Loss: 2.115427
Train Epoch: 4 [2880/6636 (43%)]	Loss: 3.621511
Train Epoch: 4 [3200/6636 (48%)]	Loss: 2.329093
Train Epoch: 4 [3520/6636 (53%)]	Loss: 3.358821
Train Epoch: 4 [3840/6636 (58%)]	Loss: 2.879016
Train Epoch: 4 [4160/6636 (62%)]	Loss: 3.038048
Train Epoch: 4 [4480/6636 (67%)]	Loss: 2.477032
Train Epoch: 4 [4800/6636 (72%)]	Loss: 2.917694
Train Epoch: 4 [5120/6636 (77%)]	Loss: 2.561800
Train Epoch: 4 [5440/6636 (82%)]	Loss: 2.098591
Train Epoch: 4 [5760/6636 (87%)]	Loss: 3.210629
Train Epoch: 4 [6080/6636 (91%)]	Loss: 3.872788
Train Epoch: 4 [6400/6636 (96%)]	Loss: 3.113085

Test set: Average loss: 2.8432, Accuracy: 542/1660 (33%)

Train Epoch: 5 [0/6636 (0%)]	Loss: 2.381990
Train Epoch: 5 [320/6636 (5%)]	Loss: 2.533164
Train Epoch: 5 [640/6636 (10%)]	Loss: 2.614223
Train Epoch: 5 [960/6636 (14%)]	Loss: 3.013657
Train Epoch: 5 [1280/6636 (19%)]	Loss: 2.348191
Train Epoch: 5 [1600/6636 (24%)]	Loss: 2.717444
Train Epoch: 5 [1920/6636 (29%)]	Loss: 2.199266
Train Epoch: 5 [2240/6636 (34%)]	Loss: 2.743023
Train Epoch: 5 [2560/6636 (38%)]	Loss: 2.792431
Train Epoch: 5 [2880/6636 (43%)]	Loss: 2.373013
Train Epoch: 5 [3200/6636 (48%)]	Loss: 2.942997
Train Epoch: 5 [3520/6636 (53%)]	Loss: 2.344174
Train Epoch: 5 [3840/6636 (58%)]	Loss: 2.740013
Train Epoch: 5 [4160/6636 (62%)]	Loss: 2.309725
Train Epoch: 5 [4480/6636 (67%)]	Loss: 2.076295
Train Epoch: 5 [4800/6636 (72%)]	Loss: 2.654798
Train Epoch: 5 [5120/6636 (77%)]	Loss: 2.396752
Train Epoch: 5 [5440/6636 (82%)]	Loss: 2.291428
Train Epoch: 5 [5760/6636 (87%)]	Loss: 2.475073
Train Epoch: 5 [6080/6636 (91%)]	Loss: 3.172555
Train Epoch: 5 [6400/6636 (96%)]	Loss: 3.117612

Test set: Average loss: 2.6555, Accuracy: 608/1660 (37%)

Train Epoch: 6 [0/6636 (0%)]	Loss: 2.126742
Train Epoch: 6 [320/6636 (5%)]	Loss: 2.502730
Train Epoch: 6 [640/6636 (10%)]	Loss: 2.263016
Train Epoch: 6 [960/6636 (14%)]	Loss: 2.370716
Train Epoch: 6 [1280/6636 (19%)]	Loss: 2.420521
Train Epoch: 6 [1600/6636 (24%)]	Loss: 2.522214
Train Epoch: 6 [1920/6636 (29%)]	Loss: 2.872226
Train Epoch: 6 [2240/6636 (34%)]	Loss: 2.701413
Train Epoch: 6 [2560/6636 (38%)]	Loss: 2.445354
Train Epoch: 6 [2880/6636 (43%)]	Loss: 2.291554
Train Epoch: 6 [3200/6636 (48%)]	Loss: 2.295885
Train Epoch: 6 [3520/6636 (53%)]	Loss: 2.109597
Train Epoch: 6 [3840/6636 (58%)]	Loss: 2.831345
Train Epoch: 6 [4160/6636 (62%)]	Loss: 2.917343
Train Epoch: 6 [4480/6636 (67%)]	Loss: 2.391717
Train Epoch: 6 [4800/6636 (72%)]	Loss: 2.775414
Train Epoch: 6 [5120/6636 (77%)]	Loss: 2.726069
Train Epoch: 6 [5440/6636 (82%)]	Loss: 1.976530
Train Epoch: 6 [5760/6636 (87%)]	Loss: 2.700886
Train Epoch: 6 [6080/6636 (91%)]	Loss: 2.541562
Train Epoch: 6 [6400/6636 (96%)]	Loss: 2.291642

Test set: Average loss: 2.5558, Accuracy: 628/1660 (38%)

Train Epoch: 7 [0/6636 (0%)]	Loss: 2.479009
Train Epoch: 7 [320/6636 (5%)]	Loss: 2.128275
Train Epoch: 7 [640/6636 (10%)]	Loss: 2.188536
Train Epoch: 7 [960/6636 (14%)]	Loss: 1.873569
Train Epoch: 7 [1280/6636 (19%)]	Loss: 2.558725
Train Epoch: 7 [1600/6636 (24%)]	Loss: 2.042723
Train Epoch: 7 [1920/6636 (29%)]	Loss: 2.403333
Train Epoch: 7 [2240/6636 (34%)]	Loss: 1.587355
Train Epoch: 7 [2560/6636 (38%)]	Loss: 2.727299
Train Epoch: 7 [2880/6636 (43%)]	Loss: 3.062304
Train Epoch: 7 [3200/6636 (48%)]	Loss: 2.238272
Train Epoch: 7 [3520/6636 (53%)]	Loss: 2.031876
Train Epoch: 7 [3840/6636 (58%)]	Loss: 2.517346
Train Epoch: 7 [4160/6636 (62%)]	Loss: 1.948445
Train Epoch: 7 [4480/6636 (67%)]	Loss: 2.300337
Train Epoch: 7 [4800/6636 (72%)]	Loss: 1.728036
Train Epoch: 7 [5120/6636 (77%)]	Loss: 2.401927
Train Epoch: 7 [5440/6636 (82%)]	Loss: 2.637386
Train Epoch: 7 [5760/6636 (87%)]	Loss: 2.614690
Train Epoch: 7 [6080/6636 (91%)]	Loss: 2.080003
Train Epoch: 7 [6400/6636 (96%)]	Loss: 2.134656

Test set: Average loss: 2.4738, Accuracy: 663/1660 (40%)

Train Epoch: 8 [0/6636 (0%)]	Loss: 2.218869
Train Epoch: 8 [320/6636 (5%)]	Loss: 2.141827
Train Epoch: 8 [640/6636 (10%)]	Loss: 2.531416
Train Epoch: 8 [960/6636 (14%)]	Loss: 2.394093
Train Epoch: 8 [1280/6636 (19%)]	Loss: 1.892418
Train Epoch: 8 [1600/6636 (24%)]	Loss: 2.596077
Train Epoch: 8 [1920/6636 (29%)]	Loss: 2.229856
Train Epoch: 8 [2240/6636 (34%)]	Loss: 2.774808
Train Epoch: 8 [2560/6636 (38%)]	Loss: 1.714243
Train Epoch: 8 [2880/6636 (43%)]	Loss: 2.108490
Train Epoch: 8 [3200/6636 (48%)]	Loss: 2.587071
Train Epoch: 8 [3520/6636 (53%)]	Loss: 2.192143
Train Epoch: 8 [3840/6636 (58%)]	Loss: 2.588613
Train Epoch: 8 [4160/6636 (62%)]	Loss: 2.321635
Train Epoch: 8 [4480/6636 (67%)]	Loss: 1.882561
Train Epoch: 8 [4800/6636 (72%)]	Loss: 2.091665
Train Epoch: 8 [5120/6636 (77%)]	Loss: 2.022142
Train Epoch: 8 [5440/6636 (82%)]	Loss: 1.710063
Train Epoch: 8 [5760/6636 (87%)]	Loss: 2.012527
Train Epoch: 8 [6080/6636 (91%)]	Loss: 2.645579
Train Epoch: 8 [6400/6636 (96%)]	Loss: 1.936179

Test set: Average loss: 2.4187, Accuracy: 692/1660 (42%)

Train Epoch: 9 [0/6636 (0%)]	Loss: 2.550911
Train Epoch: 9 [320/6636 (5%)]	Loss: 2.180284
Train Epoch: 9 [640/6636 (10%)]	Loss: 2.289372
Train Epoch: 9 [960/6636 (14%)]	Loss: 2.244102
Train Epoch: 9 [1280/6636 (19%)]	Loss: 1.665345
Train Epoch: 9 [1600/6636 (24%)]	Loss: 2.227628
Train Epoch: 9 [1920/6636 (29%)]	Loss: 1.770605
Train Epoch: 9 [2240/6636 (34%)]	Loss: 1.793893
Train Epoch: 9 [2560/6636 (38%)]	Loss: 2.232135
Train Epoch: 9 [2880/6636 (43%)]	Loss: 2.286399
Train Epoch: 9 [3200/6636 (48%)]	Loss: 2.471039
Train Epoch: 9 [3520/6636 (53%)]	Loss: 2.278399
Train Epoch: 9 [3840/6636 (58%)]	Loss: 2.181412
Train Epoch: 9 [4160/6636 (62%)]	Loss: 1.891897
Train Epoch: 9 [4480/6636 (67%)]	Loss: 2.679630
Train Epoch: 9 [4800/6636 (72%)]	Loss: 2.448910
Train Epoch: 9 [5120/6636 (77%)]	Loss: 2.475288
Train Epoch: 9 [5440/6636 (82%)]	Loss: 2.655427
Train Epoch: 9 [5760/6636 (87%)]	Loss: 2.624510
Train Epoch: 9 [6080/6636 (91%)]	Loss: 2.486172
Train Epoch: 9 [6400/6636 (96%)]	Loss: 1.914375

Test set: Average loss: 2.3692, Accuracy: 702/1660 (42%)

Train Epoch: 10 [0/6636 (0%)]	Loss: 2.322996
Train Epoch: 10 [320/6636 (5%)]	Loss: 1.977108
Train Epoch: 10 [640/6636 (10%)]	Loss: 2.436585
Train Epoch: 10 [960/6636 (14%)]	Loss: 2.176836
Train Epoch: 10 [1280/6636 (19%)]	Loss: 2.031175
Train Epoch: 10 [1600/6636 (24%)]	Loss: 2.049882
Train Epoch: 10 [1920/6636 (29%)]	Loss: 2.151262
Train Epoch: 10 [2240/6636 (34%)]	Loss: 1.984837
Train Epoch: 10 [2560/6636 (38%)]	Loss: 1.763535
Train Epoch: 10 [2880/6636 (43%)]	Loss: 2.204530
Train Epoch: 10 [3200/6636 (48%)]	Loss: 2.176648
Train Epoch: 10 [3520/6636 (53%)]	Loss: 2.221941
Train Epoch: 10 [3840/6636 (58%)]	Loss: 2.194583
Train Epoch: 10 [4160/6636 (62%)]	Loss: 1.918343
Train Epoch: 10 [4480/6636 (67%)]	Loss: 2.395597
Train Epoch: 10 [4800/6636 (72%)]	Loss: 1.745125
Train Epoch: 10 [5120/6636 (77%)]	Loss: 2.616782
Train Epoch: 10 [5440/6636 (82%)]	Loss: 2.307383
Train Epoch: 10 [5760/6636 (87%)]	Loss: 1.941712
Train Epoch: 10 [6080/6636 (91%)]	Loss: 2.002698
Train Epoch: 10 [6400/6636 (96%)]	Loss: 2.265885

Test set: Average loss: 2.3555, Accuracy: 703/1660 (42%)

Average seconds for training 1 epoch: 103.91334974765778
Average seconds for testing: 6.7031409740448
