Logging tensorboard to ./runs/Caltech256/vit_performer_softmax_patch_size_8_nb_features_64_feature_redraw_interval_1000
Files already downloaded and verified
Total number of parameters in the model: 13382273
Train Epoch: 1 [0/24148 (0%)]	Loss: 5.796527
Train Epoch: 1 [320/24148 (1%)]	Loss: 6.483992
Train Epoch: 1 [640/24148 (3%)]	Loss: 5.871130
Train Epoch: 1 [960/24148 (4%)]	Loss: 5.889201
Train Epoch: 1 [1280/24148 (5%)]	Loss: 5.756581
Train Epoch: 1 [1600/24148 (7%)]	Loss: 5.413789
Train Epoch: 1 [1920/24148 (8%)]	Loss: 5.327751
Train Epoch: 1 [2240/24148 (9%)]	Loss: 4.998083
Train Epoch: 1 [2560/24148 (11%)]	Loss: 5.579876
Train Epoch: 1 [2880/24148 (12%)]	Loss: 5.495281
Train Epoch: 1 [3200/24148 (13%)]	Loss: 5.384119
Train Epoch: 1 [3520/24148 (15%)]	Loss: 5.354945
Train Epoch: 1 [3840/24148 (16%)]	Loss: 5.345400
Train Epoch: 1 [4160/24148 (17%)]	Loss: 5.268858
Train Epoch: 1 [4480/24148 (19%)]	Loss: 5.457470
Train Epoch: 1 [4800/24148 (20%)]	Loss: 5.289344
Train Epoch: 1 [5120/24148 (21%)]	Loss: 5.248138
Train Epoch: 1 [5440/24148 (23%)]	Loss: 5.127517
Train Epoch: 1 [5760/24148 (24%)]	Loss: 5.249597
Train Epoch: 1 [6080/24148 (25%)]	Loss: 5.245985
Train Epoch: 1 [6400/24148 (26%)]	Loss: 5.360024
Train Epoch: 1 [6720/24148 (28%)]	Loss: 5.153453
Train Epoch: 1 [7040/24148 (29%)]	Loss: 5.509406
Train Epoch: 1 [7360/24148 (30%)]	Loss: 4.999955
Train Epoch: 1 [7680/24148 (32%)]	Loss: 5.051843
Train Epoch: 1 [8000/24148 (33%)]	Loss: 5.197474
Train Epoch: 1 [8320/24148 (34%)]	Loss: 5.190852
Train Epoch: 1 [8640/24148 (36%)]	Loss: 5.427977
Train Epoch: 1 [8960/24148 (37%)]	Loss: 5.312194
Train Epoch: 1 [9280/24148 (38%)]	Loss: 5.164854
Train Epoch: 1 [9600/24148 (40%)]	Loss: 5.331309
Train Epoch: 1 [9920/24148 (41%)]	Loss: 5.326464
Train Epoch: 1 [10240/24148 (42%)]	Loss: 5.252712
Train Epoch: 1 [10560/24148 (44%)]	Loss: 5.041711
Train Epoch: 1 [10880/24148 (45%)]	Loss: 5.104109
Train Epoch: 1 [11200/24148 (46%)]	Loss: 5.377696
Train Epoch: 1 [11520/24148 (48%)]	Loss: 5.240361
Train Epoch: 1 [11840/24148 (49%)]	Loss: 5.118600
Train Epoch: 1 [12160/24148 (50%)]	Loss: 5.410466
Train Epoch: 1 [12480/24148 (52%)]	Loss: 5.402687
Train Epoch: 1 [12800/24148 (53%)]	Loss: 5.147454
Train Epoch: 1 [13120/24148 (54%)]	Loss: 5.123624
Train Epoch: 1 [13440/24148 (56%)]	Loss: 5.407671
Train Epoch: 1 [13760/24148 (57%)]	Loss: 5.345414
Train Epoch: 1 [14080/24148 (58%)]	Loss: 5.316082
Train Epoch: 1 [14400/24148 (60%)]	Loss: 5.409474
Train Epoch: 1 [14720/24148 (61%)]	Loss: 5.176846
Train Epoch: 1 [15040/24148 (62%)]	Loss: 5.247236
Train Epoch: 1 [15360/24148 (64%)]	Loss: 5.359674
Train Epoch: 1 [15680/24148 (65%)]	Loss: 5.111990
Train Epoch: 1 [16000/24148 (66%)]	Loss: 5.560314
Train Epoch: 1 [16320/24148 (68%)]	Loss: 4.960774
Train Epoch: 1 [16640/24148 (69%)]	Loss: 5.200749
Train Epoch: 1 [16960/24148 (70%)]	Loss: 5.418376
Train Epoch: 1 [17280/24148 (72%)]	Loss: 4.957664
Train Epoch: 1 [17600/24148 (73%)]	Loss: 5.046866
Train Epoch: 1 [17920/24148 (74%)]	Loss: 4.695676
Train Epoch: 1 [18240/24148 (75%)]	Loss: 5.294586
Train Epoch: 1 [18560/24148 (77%)]	Loss: 5.435833
Train Epoch: 1 [18880/24148 (78%)]	Loss: 5.160261
Train Epoch: 1 [19200/24148 (79%)]	Loss: 5.375674
Train Epoch: 1 [19520/24148 (81%)]	Loss: 4.909890
Train Epoch: 1 [19840/24148 (82%)]	Loss: 5.134480
Train Epoch: 1 [20160/24148 (83%)]	Loss: 5.336143
Train Epoch: 1 [20480/24148 (85%)]	Loss: 5.608586
Train Epoch: 1 [20800/24148 (86%)]	Loss: 5.241588
Train Epoch: 1 [21120/24148 (87%)]	Loss: 5.212616
Train Epoch: 1 [21440/24148 (89%)]	Loss: 4.927743
Train Epoch: 1 [21760/24148 (90%)]	Loss: 5.710037
Train Epoch: 1 [22080/24148 (91%)]	Loss: 4.926178
Train Epoch: 1 [22400/24148 (93%)]	Loss: 5.487580
Train Epoch: 1 [22720/24148 (94%)]	Loss: 5.318123
Train Epoch: 1 [23040/24148 (95%)]	Loss: 5.320258
Train Epoch: 1 [23360/24148 (97%)]	Loss: 5.160140
Train Epoch: 1 [23680/24148 (98%)]	Loss: 5.214422
Train Epoch: 1 [24000/24148 (99%)]	Loss: 5.420828

Test set: Average loss: 5.1693, Accuracy: 497/6037 (8%)

Train Epoch: 2 [0/24148 (0%)]	Loss: 5.210974
Train Epoch: 2 [320/24148 (1%)]	Loss: 5.091861
Train Epoch: 2 [640/24148 (3%)]	Loss: 4.847123
Train Epoch: 2 [960/24148 (4%)]	Loss: 4.880926
Train Epoch: 2 [1280/24148 (5%)]	Loss: 4.900530
Train Epoch: 2 [1600/24148 (7%)]	Loss: 4.940968
Train Epoch: 2 [1920/24148 (8%)]	Loss: 5.182463
Train Epoch: 2 [2240/24148 (9%)]	Loss: 5.036534
Train Epoch: 2 [2560/24148 (11%)]	Loss: 5.434991
Train Epoch: 2 [2880/24148 (12%)]	Loss: 5.305586
Train Epoch: 2 [3200/24148 (13%)]	Loss: 5.238961
Train Epoch: 2 [3520/24148 (15%)]	Loss: 5.103896
Train Epoch: 2 [3840/24148 (16%)]	Loss: 4.665122
Train Epoch: 2 [4160/24148 (17%)]	Loss: 5.342880
Train Epoch: 2 [4480/24148 (19%)]	Loss: 5.067420
Train Epoch: 2 [4800/24148 (20%)]	Loss: 5.125987
Train Epoch: 2 [5120/24148 (21%)]	Loss: 4.860467
Train Epoch: 2 [5440/24148 (23%)]	Loss: 4.989750
Train Epoch: 2 [5760/24148 (24%)]	Loss: 4.874805
Train Epoch: 2 [6080/24148 (25%)]	Loss: 5.066848
Train Epoch: 2 [6400/24148 (26%)]	Loss: 5.048541
Train Epoch: 2 [6720/24148 (28%)]	Loss: 4.781043
Train Epoch: 2 [7040/24148 (29%)]	Loss: 5.010205
Train Epoch: 2 [7360/24148 (30%)]	Loss: 5.096231
Train Epoch: 2 [7680/24148 (32%)]	Loss: 4.298087
Train Epoch: 2 [8000/24148 (33%)]	Loss: 4.956365
Train Epoch: 2 [8320/24148 (34%)]	Loss: 5.182238
Train Epoch: 2 [8640/24148 (36%)]	Loss: 5.155963
Train Epoch: 2 [8960/24148 (37%)]	Loss: 5.126392
Train Epoch: 2 [9280/24148 (38%)]	Loss: 4.791036
Train Epoch: 2 [9600/24148 (40%)]	Loss: 5.232696
Train Epoch: 2 [9920/24148 (41%)]	Loss: 5.108996
Train Epoch: 2 [10240/24148 (42%)]	Loss: 4.910816
Train Epoch: 2 [10560/24148 (44%)]	Loss: 5.145973
Train Epoch: 2 [10880/24148 (45%)]	Loss: 4.679780
Train Epoch: 2 [11200/24148 (46%)]	Loss: 5.287452
Train Epoch: 2 [11520/24148 (48%)]	Loss: 4.724019
Train Epoch: 2 [11840/24148 (49%)]	Loss: 5.049356
Train Epoch: 2 [12160/24148 (50%)]	Loss: 5.230847
Train Epoch: 2 [12480/24148 (52%)]	Loss: 5.430728
Train Epoch: 2 [12800/24148 (53%)]	Loss: 4.971852
Train Epoch: 2 [13120/24148 (54%)]	Loss: 4.552729
Train Epoch: 2 [13440/24148 (56%)]	Loss: 4.791834
Train Epoch: 2 [13760/24148 (57%)]	Loss: 5.231750
Train Epoch: 2 [14080/24148 (58%)]	Loss: 5.132340
Train Epoch: 2 [14400/24148 (60%)]	Loss: 5.172630
Train Epoch: 2 [14720/24148 (61%)]	Loss: 4.974169
Train Epoch: 2 [15040/24148 (62%)]	Loss: 5.163838
Train Epoch: 2 [15360/24148 (64%)]	Loss: 5.222756
Train Epoch: 2 [15680/24148 (65%)]	Loss: 5.215010
Train Epoch: 2 [16000/24148 (66%)]	Loss: 4.845654
Train Epoch: 2 [16320/24148 (68%)]	Loss: 4.535488
Train Epoch: 2 [16640/24148 (69%)]	Loss: 5.000133
Train Epoch: 2 [16960/24148 (70%)]	Loss: 4.699884
Train Epoch: 2 [17280/24148 (72%)]	Loss: 4.510421
Train Epoch: 2 [17600/24148 (73%)]	Loss: 5.338476
Train Epoch: 2 [17920/24148 (74%)]	Loss: 5.204299
Train Epoch: 2 [18240/24148 (75%)]	Loss: 5.005486
Train Epoch: 2 [18560/24148 (77%)]	Loss: 4.807615
Train Epoch: 2 [18880/24148 (78%)]	Loss: 5.084351
Train Epoch: 2 [19200/24148 (79%)]	Loss: 5.323423
Train Epoch: 2 [19520/24148 (81%)]	Loss: 4.328660
Train Epoch: 2 [19840/24148 (82%)]	Loss: 5.206149
Train Epoch: 2 [20160/24148 (83%)]	Loss: 4.700916
Train Epoch: 2 [20480/24148 (85%)]	Loss: 5.219595
Train Epoch: 2 [20800/24148 (86%)]	Loss: 4.731012
Train Epoch: 2 [21120/24148 (87%)]	Loss: 5.064509
Train Epoch: 2 [21440/24148 (89%)]	Loss: 4.995043
Train Epoch: 2 [21760/24148 (90%)]	Loss: 4.964989
Train Epoch: 2 [22080/24148 (91%)]	Loss: 4.897120
Train Epoch: 2 [22400/24148 (93%)]	Loss: 4.836394
Train Epoch: 2 [22720/24148 (94%)]	Loss: 4.996787
Train Epoch: 2 [23040/24148 (95%)]	Loss: 4.895806
Train Epoch: 2 [23360/24148 (97%)]	Loss: 4.886536
Train Epoch: 2 [23680/24148 (98%)]	Loss: 5.111074
Train Epoch: 2 [24000/24148 (99%)]	Loss: 5.128368

Test set: Average loss: 4.9358, Accuracy: 626/6037 (10%)

Train Epoch: 3 [0/24148 (0%)]	Loss: 5.033605
Train Epoch: 3 [320/24148 (1%)]	Loss: 5.254719
Train Epoch: 3 [640/24148 (3%)]	Loss: 4.790263
Train Epoch: 3 [960/24148 (4%)]	Loss: 4.949557
Train Epoch: 3 [1280/24148 (5%)]	Loss: 4.444042
Train Epoch: 3 [1600/24148 (7%)]	Loss: 4.965937
Train Epoch: 3 [1920/24148 (8%)]	Loss: 5.206437
Train Epoch: 3 [2240/24148 (9%)]	Loss: 4.746799
Train Epoch: 3 [2560/24148 (11%)]	Loss: 4.489739
Train Epoch: 3 [2880/24148 (12%)]	Loss: 5.159758
Train Epoch: 3 [3200/24148 (13%)]	Loss: 4.677062
Train Epoch: 3 [3520/24148 (15%)]	Loss: 4.837027
Train Epoch: 3 [3840/24148 (16%)]	Loss: 4.753459
Train Epoch: 3 [4160/24148 (17%)]	Loss: 4.628888
Train Epoch: 3 [4480/24148 (19%)]	Loss: 4.452401
Train Epoch: 3 [4800/24148 (20%)]	Loss: 4.779738
Train Epoch: 3 [5120/24148 (21%)]	Loss: 4.844355
Train Epoch: 3 [5440/24148 (23%)]	Loss: 4.995379
Train Epoch: 3 [5760/24148 (24%)]	Loss: 4.904245
Train Epoch: 3 [6080/24148 (25%)]	Loss: 4.737516
Train Epoch: 3 [6400/24148 (26%)]	Loss: 4.838555
Train Epoch: 3 [6720/24148 (28%)]	Loss: 4.903310
Train Epoch: 3 [7040/24148 (29%)]	Loss: 4.800258
Train Epoch: 3 [7360/24148 (30%)]	Loss: 4.652796
Train Epoch: 3 [7680/24148 (32%)]	Loss: 5.015515
Train Epoch: 3 [8000/24148 (33%)]	Loss: 4.909023
Train Epoch: 3 [8320/24148 (34%)]	Loss: 4.717487
Train Epoch: 3 [8640/24148 (36%)]	Loss: 5.026705
Train Epoch: 3 [8960/24148 (37%)]	Loss: 5.226182
Train Epoch: 3 [9280/24148 (38%)]	Loss: 5.011160
Train Epoch: 3 [9600/24148 (40%)]	Loss: 5.039153
Train Epoch: 3 [9920/24148 (41%)]	Loss: 4.392876
Train Epoch: 3 [10240/24148 (42%)]	Loss: 4.778970
Train Epoch: 3 [10560/24148 (44%)]	Loss: 4.573520
Train Epoch: 3 [10880/24148 (45%)]	Loss: 4.596702
Train Epoch: 3 [11200/24148 (46%)]	Loss: 4.945803
Train Epoch: 3 [11520/24148 (48%)]	Loss: 4.875058
Train Epoch: 3 [11840/24148 (49%)]	Loss: 5.158435
Train Epoch: 3 [12160/24148 (50%)]	Loss: 4.894293
Train Epoch: 3 [12480/24148 (52%)]	Loss: 4.866847
Train Epoch: 3 [12800/24148 (53%)]	Loss: 4.893467
Train Epoch: 3 [13120/24148 (54%)]	Loss: 5.027848
Train Epoch: 3 [13440/24148 (56%)]	Loss: 4.882805
Train Epoch: 3 [13760/24148 (57%)]	Loss: 4.761728
Train Epoch: 3 [14080/24148 (58%)]	Loss: 4.178001
Train Epoch: 3 [14400/24148 (60%)]	Loss: 4.345366
Train Epoch: 3 [14720/24148 (61%)]	Loss: 5.157308
Train Epoch: 3 [15040/24148 (62%)]	Loss: 5.182422
Train Epoch: 3 [15360/24148 (64%)]	Loss: 4.283316
Train Epoch: 3 [15680/24148 (65%)]	Loss: 4.411652
Train Epoch: 3 [16000/24148 (66%)]	Loss: 4.334328
Train Epoch: 3 [16320/24148 (68%)]	Loss: 5.105505
Train Epoch: 3 [16640/24148 (69%)]	Loss: 5.050764
Train Epoch: 3 [16960/24148 (70%)]	Loss: 4.950866
Train Epoch: 3 [17280/24148 (72%)]	Loss: 4.999118
Train Epoch: 3 [17600/24148 (73%)]	Loss: 4.587294
Train Epoch: 3 [17920/24148 (74%)]	Loss: 4.944072
Train Epoch: 3 [18240/24148 (75%)]	Loss: 4.367528
Train Epoch: 3 [18560/24148 (77%)]	Loss: 5.056880
Train Epoch: 3 [18880/24148 (78%)]	Loss: 4.802942
Train Epoch: 3 [19200/24148 (79%)]	Loss: 4.842351
Train Epoch: 3 [19520/24148 (81%)]	Loss: 4.365998
Train Epoch: 3 [19840/24148 (82%)]	Loss: 4.743648
Train Epoch: 3 [20160/24148 (83%)]	Loss: 4.865691
Train Epoch: 3 [20480/24148 (85%)]	Loss: 4.983214
Train Epoch: 3 [20800/24148 (86%)]	Loss: 4.941298
Train Epoch: 3 [21120/24148 (87%)]	Loss: 4.640993
Train Epoch: 3 [21440/24148 (89%)]	Loss: 4.532615
Train Epoch: 3 [21760/24148 (90%)]	Loss: 4.748358
Train Epoch: 3 [22080/24148 (91%)]	Loss: 5.177246
Train Epoch: 3 [22400/24148 (93%)]	Loss: 4.942470
Train Epoch: 3 [22720/24148 (94%)]	Loss: 4.809491
Train Epoch: 3 [23040/24148 (95%)]	Loss: 4.417994
Train Epoch: 3 [23360/24148 (97%)]	Loss: 5.339222
Train Epoch: 3 [23680/24148 (98%)]	Loss: 4.884540
Train Epoch: 3 [24000/24148 (99%)]	Loss: 4.323572

Test set: Average loss: 4.8526, Accuracy: 647/6037 (11%)

Train Epoch: 4 [0/24148 (0%)]	Loss: 4.636919
Train Epoch: 4 [320/24148 (1%)]	Loss: 4.979210
Train Epoch: 4 [640/24148 (3%)]	Loss: 4.279110
Train Epoch: 4 [960/24148 (4%)]	Loss: 4.847874
Train Epoch: 4 [1280/24148 (5%)]	Loss: 5.111936
Train Epoch: 4 [1600/24148 (7%)]	Loss: 5.084921
Train Epoch: 4 [1920/24148 (8%)]	Loss: 4.740609
Train Epoch: 4 [2240/24148 (9%)]	Loss: 4.566527
Train Epoch: 4 [2560/24148 (11%)]	Loss: 4.257496
Train Epoch: 4 [2880/24148 (12%)]	Loss: 4.455745
Train Epoch: 4 [3200/24148 (13%)]	Loss: 5.036487
Train Epoch: 4 [3520/24148 (15%)]	Loss: 4.933399
Train Epoch: 4 [3840/24148 (16%)]	Loss: 4.828023
Train Epoch: 4 [4160/24148 (17%)]	Loss: 4.737881
Train Epoch: 4 [4480/24148 (19%)]	Loss: 4.499044
Train Epoch: 4 [4800/24148 (20%)]	Loss: 4.448139
Train Epoch: 4 [5120/24148 (21%)]	Loss: 5.033616
Train Epoch: 4 [5440/24148 (23%)]	Loss: 4.998935
Train Epoch: 4 [5760/24148 (24%)]	Loss: 4.655043
Train Epoch: 4 [6080/24148 (25%)]	Loss: 4.853720
Train Epoch: 4 [6400/24148 (26%)]	Loss: 4.418579
Train Epoch: 4 [6720/24148 (28%)]	Loss: 4.708358
Train Epoch: 4 [7040/24148 (29%)]	Loss: 5.354016
Train Epoch: 4 [7360/24148 (30%)]	Loss: 5.023368
Train Epoch: 4 [7680/24148 (32%)]	Loss: 4.764404
Train Epoch: 4 [8000/24148 (33%)]	Loss: 4.646524
Train Epoch: 4 [8320/24148 (34%)]	Loss: 4.798469
Train Epoch: 4 [8640/24148 (36%)]	Loss: 5.055400
Train Epoch: 4 [8960/24148 (37%)]	Loss: 5.194193
Train Epoch: 4 [9280/24148 (38%)]	Loss: 4.904342
Train Epoch: 4 [9600/24148 (40%)]	Loss: 4.839180
Train Epoch: 4 [9920/24148 (41%)]	Loss: 4.527443
Train Epoch: 4 [10240/24148 (42%)]	Loss: 4.798378
Train Epoch: 4 [10560/24148 (44%)]	Loss: 5.087773
Train Epoch: 4 [10880/24148 (45%)]	Loss: 4.655991
Train Epoch: 4 [11200/24148 (46%)]	Loss: 5.432823
Train Epoch: 4 [11520/24148 (48%)]	Loss: 4.507108
Train Epoch: 4 [11840/24148 (49%)]	Loss: 4.689039
Train Epoch: 4 [12160/24148 (50%)]	Loss: 4.525001
Train Epoch: 4 [12480/24148 (52%)]	Loss: 4.610209
Train Epoch: 4 [12800/24148 (53%)]	Loss: 5.124079
Train Epoch: 4 [13120/24148 (54%)]	Loss: 4.920977
Train Epoch: 4 [13440/24148 (56%)]	Loss: 4.735573
Train Epoch: 4 [13760/24148 (57%)]	Loss: 4.722950
Train Epoch: 4 [14080/24148 (58%)]	Loss: 4.865932
Train Epoch: 4 [14400/24148 (60%)]	Loss: 5.056635
Train Epoch: 4 [14720/24148 (61%)]	Loss: 5.114597
Train Epoch: 4 [15040/24148 (62%)]	Loss: 4.586887
Train Epoch: 4 [15360/24148 (64%)]	Loss: 4.340666
Train Epoch: 4 [15680/24148 (65%)]	Loss: 4.574346
Train Epoch: 4 [16000/24148 (66%)]	Loss: 4.515914
Train Epoch: 4 [16320/24148 (68%)]	Loss: 4.910558
Train Epoch: 4 [16640/24148 (69%)]	Loss: 4.910221
Train Epoch: 4 [16960/24148 (70%)]	Loss: 4.678552
Train Epoch: 4 [17280/24148 (72%)]	Loss: 4.634102
Train Epoch: 4 [17600/24148 (73%)]	Loss: 4.933304
Train Epoch: 4 [17920/24148 (74%)]	Loss: 4.567761
Train Epoch: 4 [18240/24148 (75%)]	Loss: 4.800160
Train Epoch: 4 [18560/24148 (77%)]	Loss: 4.791169
Train Epoch: 4 [18880/24148 (78%)]	Loss: 5.067752
Train Epoch: 4 [19200/24148 (79%)]	Loss: 4.689789
Train Epoch: 4 [19520/24148 (81%)]	Loss: 4.560303
Train Epoch: 4 [19840/24148 (82%)]	Loss: 4.462432
Train Epoch: 4 [20160/24148 (83%)]	Loss: 4.948435
Train Epoch: 4 [20480/24148 (85%)]	Loss: 4.828503
Train Epoch: 4 [20800/24148 (86%)]	Loss: 4.597679
Train Epoch: 4 [21120/24148 (87%)]	Loss: 4.878122
Train Epoch: 4 [21440/24148 (89%)]	Loss: 4.851497
Train Epoch: 4 [21760/24148 (90%)]	Loss: 5.044311
Train Epoch: 4 [22080/24148 (91%)]	Loss: 4.596588
Train Epoch: 4 [22400/24148 (93%)]	Loss: 4.736865
Train Epoch: 4 [22720/24148 (94%)]	Loss: 4.236612
Train Epoch: 4 [23040/24148 (95%)]	Loss: 5.150169
Train Epoch: 4 [23360/24148 (97%)]	Loss: 5.041137
Train Epoch: 4 [23680/24148 (98%)]	Loss: 4.871441
Train Epoch: 4 [24000/24148 (99%)]	Loss: 4.511074

Test set: Average loss: 4.7151, Accuracy: 719/6037 (12%)

Train Epoch: 5 [0/24148 (0%)]	Loss: 4.534300
Train Epoch: 5 [320/24148 (1%)]	Loss: 4.711553
Train Epoch: 5 [640/24148 (3%)]	Loss: 4.514092
Train Epoch: 5 [960/24148 (4%)]	Loss: 4.836025
Train Epoch: 5 [1280/24148 (5%)]	Loss: 4.467181
Train Epoch: 5 [1600/24148 (7%)]	Loss: 4.612451
Train Epoch: 5 [1920/24148 (8%)]	Loss: 4.523153
Train Epoch: 5 [2240/24148 (9%)]	Loss: 4.696049
Train Epoch: 5 [2560/24148 (11%)]	Loss: 4.978100
Train Epoch: 5 [2880/24148 (12%)]	Loss: 4.617174
Train Epoch: 5 [3200/24148 (13%)]	Loss: 4.894783
Train Epoch: 5 [3520/24148 (15%)]	Loss: 4.413109
Train Epoch: 5 [3840/24148 (16%)]	Loss: 4.334969
Train Epoch: 5 [4160/24148 (17%)]	Loss: 4.300318
Train Epoch: 5 [4480/24148 (19%)]	Loss: 4.066437
Train Epoch: 5 [4800/24148 (20%)]	Loss: 5.029583
Train Epoch: 5 [5120/24148 (21%)]	Loss: 5.316970
Train Epoch: 5 [5440/24148 (23%)]	Loss: 4.505559
Train Epoch: 5 [5760/24148 (24%)]	Loss: 4.416686
Train Epoch: 5 [6080/24148 (25%)]	Loss: 4.389314
Train Epoch: 5 [6400/24148 (26%)]	Loss: 4.566510
Train Epoch: 5 [6720/24148 (28%)]	Loss: 5.059215
Train Epoch: 5 [7040/24148 (29%)]	Loss: 4.697618
Train Epoch: 5 [7360/24148 (30%)]	Loss: 4.947050
Train Epoch: 5 [7680/24148 (32%)]	Loss: 4.573848
Train Epoch: 5 [8000/24148 (33%)]	Loss: 4.646231
Train Epoch: 5 [8320/24148 (34%)]	Loss: 4.924014
Train Epoch: 5 [8640/24148 (36%)]	Loss: 4.770302
Train Epoch: 5 [8960/24148 (37%)]	Loss: 4.771806
Train Epoch: 5 [9280/24148 (38%)]	Loss: 4.118712
Train Epoch: 5 [9600/24148 (40%)]	Loss: 4.531291
Train Epoch: 5 [9920/24148 (41%)]	Loss: 4.801518
Train Epoch: 5 [10240/24148 (42%)]	Loss: 5.038634
Train Epoch: 5 [10560/24148 (44%)]	Loss: 4.479581
Train Epoch: 5 [10880/24148 (45%)]	Loss: 4.633183
Train Epoch: 5 [11200/24148 (46%)]	Loss: 4.546959
Train Epoch: 5 [11520/24148 (48%)]	Loss: 4.042789
Train Epoch: 5 [11840/24148 (49%)]	Loss: 4.835900
Train Epoch: 5 [12160/24148 (50%)]	Loss: 4.566944
Train Epoch: 5 [12480/24148 (52%)]	Loss: 4.894479
Train Epoch: 5 [12800/24148 (53%)]	Loss: 4.267542
Train Epoch: 5 [13120/24148 (54%)]	Loss: 4.252509
Train Epoch: 5 [13440/24148 (56%)]	Loss: 4.815393
Train Epoch: 5 [13760/24148 (57%)]	Loss: 4.956320
Train Epoch: 5 [14080/24148 (58%)]	Loss: 4.685180
Train Epoch: 5 [14400/24148 (60%)]	Loss: 4.243257
Train Epoch: 5 [14720/24148 (61%)]	Loss: 4.775315
Train Epoch: 5 [15040/24148 (62%)]	Loss: 4.447556
Train Epoch: 5 [15360/24148 (64%)]	Loss: 4.566775
Train Epoch: 5 [15680/24148 (65%)]	Loss: 4.899898
Train Epoch: 5 [16000/24148 (66%)]	Loss: 4.828561
Train Epoch: 5 [16320/24148 (68%)]	Loss: 5.058550
Train Epoch: 5 [16640/24148 (69%)]	Loss: 4.457551
Train Epoch: 5 [16960/24148 (70%)]	Loss: 5.022170
Train Epoch: 5 [17280/24148 (72%)]	Loss: 4.612684
Train Epoch: 5 [17600/24148 (73%)]	Loss: 4.535550
Train Epoch: 5 [17920/24148 (74%)]	Loss: 4.412462
Train Epoch: 5 [18240/24148 (75%)]	Loss: 4.526596
Train Epoch: 5 [18560/24148 (77%)]	Loss: 4.308024
Train Epoch: 5 [18880/24148 (78%)]	Loss: 4.735288
Train Epoch: 5 [19200/24148 (79%)]	Loss: 5.026475
Train Epoch: 5 [19520/24148 (81%)]	Loss: 4.270779
Train Epoch: 5 [19840/24148 (82%)]	Loss: 4.420884
Train Epoch: 5 [20160/24148 (83%)]	Loss: 4.736124
Train Epoch: 5 [20480/24148 (85%)]	Loss: 4.507136
Train Epoch: 5 [20800/24148 (86%)]	Loss: 4.716730
Train Epoch: 5 [21120/24148 (87%)]	Loss: 4.487372
Train Epoch: 5 [21440/24148 (89%)]	Loss: 4.493352
Train Epoch: 5 [21760/24148 (90%)]	Loss: 4.941315
Train Epoch: 5 [22080/24148 (91%)]	Loss: 4.848624
Train Epoch: 5 [22400/24148 (93%)]	Loss: 4.523682
Train Epoch: 5 [22720/24148 (94%)]	Loss: 4.391224
Train Epoch: 5 [23040/24148 (95%)]	Loss: 4.540488
Train Epoch: 5 [23360/24148 (97%)]	Loss: 4.954472
Train Epoch: 5 [23680/24148 (98%)]	Loss: 4.570543
Train Epoch: 5 [24000/24148 (99%)]	Loss: 4.626592

Test set: Average loss: 4.6737, Accuracy: 717/6037 (12%)

Train Epoch: 6 [0/24148 (0%)]	Loss: 4.430102
Train Epoch: 6 [320/24148 (1%)]	Loss: 4.281574
Train Epoch: 6 [640/24148 (3%)]	Loss: 4.077234
Train Epoch: 6 [960/24148 (4%)]	Loss: 4.452499
Train Epoch: 6 [1280/24148 (5%)]	Loss: 4.409964
Train Epoch: 6 [1600/24148 (7%)]	Loss: 4.988301
Train Epoch: 6 [1920/24148 (8%)]	Loss: 4.578485
Train Epoch: 6 [2240/24148 (9%)]	Loss: 4.625071
Train Epoch: 6 [2560/24148 (11%)]	Loss: 4.836790
Train Epoch: 6 [2880/24148 (12%)]	Loss: 4.207311
Train Epoch: 6 [3200/24148 (13%)]	Loss: 4.525453
Train Epoch: 6 [3520/24148 (15%)]	Loss: 4.745377
Train Epoch: 6 [3840/24148 (16%)]	Loss: 4.512284
Train Epoch: 6 [4160/24148 (17%)]	Loss: 4.708158
Train Epoch: 6 [4480/24148 (19%)]	Loss: 4.527874
Train Epoch: 6 [4800/24148 (20%)]	Loss: 5.089600
Train Epoch: 6 [5120/24148 (21%)]	Loss: 4.669543
Train Epoch: 6 [5440/24148 (23%)]	Loss: 4.478767
Train Epoch: 6 [5760/24148 (24%)]	Loss: 3.942289
Train Epoch: 6 [6080/24148 (25%)]	Loss: 4.984693
Train Epoch: 6 [6400/24148 (26%)]	Loss: 4.766549
Train Epoch: 6 [6720/24148 (28%)]	Loss: 4.327779
Train Epoch: 6 [7040/24148 (29%)]	Loss: 4.301563
Train Epoch: 6 [7360/24148 (30%)]	Loss: 4.467660
Train Epoch: 6 [7680/24148 (32%)]	Loss: 5.060365
Train Epoch: 6 [8000/24148 (33%)]	Loss: 4.330789
Train Epoch: 6 [8320/24148 (34%)]	Loss: 4.930470
Train Epoch: 6 [8640/24148 (36%)]	Loss: 4.532332
Train Epoch: 6 [8960/24148 (37%)]	Loss: 4.840697
Train Epoch: 6 [9280/24148 (38%)]	Loss: 4.468225
Train Epoch: 6 [9600/24148 (40%)]	Loss: 4.512596
Train Epoch: 6 [9920/24148 (41%)]	Loss: 4.676556
Train Epoch: 6 [10240/24148 (42%)]	Loss: 4.844882
Train Epoch: 6 [10560/24148 (44%)]	Loss: 4.793997
Train Epoch: 6 [10880/24148 (45%)]	Loss: 4.693392
Train Epoch: 6 [11200/24148 (46%)]	Loss: 4.033807
Train Epoch: 6 [11520/24148 (48%)]	Loss: 4.855121
Train Epoch: 6 [11840/24148 (49%)]	Loss: 4.544684
Train Epoch: 6 [12160/24148 (50%)]	Loss: 4.538084
Train Epoch: 6 [12480/24148 (52%)]	Loss: 4.611721
Train Epoch: 6 [12800/24148 (53%)]	Loss: 4.710598
Train Epoch: 6 [13120/24148 (54%)]	Loss: 4.790879
Train Epoch: 6 [13440/24148 (56%)]	Loss: 4.458850
Train Epoch: 6 [13760/24148 (57%)]	Loss: 4.246647
Train Epoch: 6 [14080/24148 (58%)]	Loss: 4.177586
Train Epoch: 6 [14400/24148 (60%)]	Loss: 4.757610
Train Epoch: 6 [14720/24148 (61%)]	Loss: 4.404760
Train Epoch: 6 [15040/24148 (62%)]	Loss: 4.529890
Train Epoch: 6 [15360/24148 (64%)]	Loss: 4.367311
Train Epoch: 6 [15680/24148 (65%)]	Loss: 4.623776
Train Epoch: 6 [16000/24148 (66%)]	Loss: 4.579172
Train Epoch: 6 [16320/24148 (68%)]	Loss: 4.373319
Train Epoch: 6 [16640/24148 (69%)]	Loss: 4.424048
Train Epoch: 6 [16960/24148 (70%)]	Loss: 4.675390
Train Epoch: 6 [17280/24148 (72%)]	Loss: 4.872828
Train Epoch: 6 [17600/24148 (73%)]	Loss: 5.208981
Train Epoch: 6 [17920/24148 (74%)]	Loss: 4.341717
Train Epoch: 6 [18240/24148 (75%)]	Loss: 4.719659
Train Epoch: 6 [18560/24148 (77%)]	Loss: 4.666705
Train Epoch: 6 [18880/24148 (78%)]	Loss: 4.537512
Train Epoch: 6 [19200/24148 (79%)]	Loss: 4.781252
Train Epoch: 6 [19520/24148 (81%)]	Loss: 4.190126
Train Epoch: 6 [19840/24148 (82%)]	Loss: 4.635382
Train Epoch: 6 [20160/24148 (83%)]	Loss: 4.549652
Train Epoch: 6 [20480/24148 (85%)]	Loss: 4.226497
Train Epoch: 6 [20800/24148 (86%)]	Loss: 4.653309
Train Epoch: 6 [21120/24148 (87%)]	Loss: 4.639960
Train Epoch: 6 [21440/24148 (89%)]	Loss: 4.765655
Train Epoch: 6 [21760/24148 (90%)]	Loss: 4.372402
Train Epoch: 6 [22080/24148 (91%)]	Loss: 4.725482
Train Epoch: 6 [22400/24148 (93%)]	Loss: 4.663898
Train Epoch: 6 [22720/24148 (94%)]	Loss: 4.312019
Train Epoch: 6 [23040/24148 (95%)]	Loss: 4.290519
Train Epoch: 6 [23360/24148 (97%)]	Loss: 4.628418
Train Epoch: 6 [23680/24148 (98%)]	Loss: 5.217525
Train Epoch: 6 [24000/24148 (99%)]	Loss: 4.374543

Test set: Average loss: 4.6030, Accuracy: 772/6037 (13%)

Train Epoch: 7 [0/24148 (0%)]	Loss: 4.231507
Train Epoch: 7 [320/24148 (1%)]	Loss: 4.641510
Train Epoch: 7 [640/24148 (3%)]	Loss: 4.056560
Train Epoch: 7 [960/24148 (4%)]	Loss: 4.320544
Train Epoch: 7 [1280/24148 (5%)]	Loss: 4.429956
Train Epoch: 7 [1600/24148 (7%)]	Loss: 4.943694
Train Epoch: 7 [1920/24148 (8%)]	Loss: 4.349065
Train Epoch: 7 [2240/24148 (9%)]	Loss: 4.727611
Train Epoch: 7 [2560/24148 (11%)]	Loss: 4.563826
Train Epoch: 7 [2880/24148 (12%)]	Loss: 4.531344
Train Epoch: 7 [3200/24148 (13%)]	Loss: 4.810391
Train Epoch: 7 [3520/24148 (15%)]	Loss: 4.694539
Train Epoch: 7 [3840/24148 (16%)]	Loss: 4.395796
Train Epoch: 7 [4160/24148 (17%)]	Loss: 4.632090
Train Epoch: 7 [4480/24148 (19%)]	Loss: 4.278948
Train Epoch: 7 [4800/24148 (20%)]	Loss: 4.979601
Train Epoch: 7 [5120/24148 (21%)]	Loss: 4.575181
Train Epoch: 7 [5440/24148 (23%)]	Loss: 4.572284
Train Epoch: 7 [5760/24148 (24%)]	Loss: 4.503562
Train Epoch: 7 [6080/24148 (25%)]	Loss: 4.772975
Train Epoch: 7 [6400/24148 (26%)]	Loss: 4.784866
Train Epoch: 7 [6720/24148 (28%)]	Loss: 4.182319
Train Epoch: 7 [7040/24148 (29%)]	Loss: 4.560733
Train Epoch: 7 [7360/24148 (30%)]	Loss: 4.665903
Train Epoch: 7 [7680/24148 (32%)]	Loss: 4.966032
Train Epoch: 7 [8000/24148 (33%)]	Loss: 4.130013
Train Epoch: 7 [8320/24148 (34%)]	Loss: 4.694115
Train Epoch: 7 [8640/24148 (36%)]	Loss: 4.688903
Train Epoch: 7 [8960/24148 (37%)]	Loss: 4.825222
Train Epoch: 7 [9280/24148 (38%)]	Loss: 4.705396
Train Epoch: 7 [9600/24148 (40%)]	Loss: 4.720374
Train Epoch: 7 [9920/24148 (41%)]	Loss: 4.860537
Train Epoch: 7 [10240/24148 (42%)]	Loss: 4.464808
Train Epoch: 7 [10560/24148 (44%)]	Loss: 4.287466
Train Epoch: 7 [10880/24148 (45%)]	Loss: 4.743190
Train Epoch: 7 [11200/24148 (46%)]	Loss: 4.467011
Train Epoch: 7 [11520/24148 (48%)]	Loss: 4.663273
Train Epoch: 7 [11840/24148 (49%)]	Loss: 4.944857
Train Epoch: 7 [12160/24148 (50%)]	Loss: 4.456820
Train Epoch: 7 [12480/24148 (52%)]	Loss: 4.229001
Train Epoch: 7 [12800/24148 (53%)]	Loss: 4.406725
Train Epoch: 7 [13120/24148 (54%)]	Loss: 4.407645
Train Epoch: 7 [13440/24148 (56%)]	Loss: 4.303108
Train Epoch: 7 [13760/24148 (57%)]	Loss: 4.113000
Train Epoch: 7 [14080/24148 (58%)]	Loss: 4.397043
Train Epoch: 7 [14400/24148 (60%)]	Loss: 4.565454
Train Epoch: 7 [14720/24148 (61%)]	Loss: 4.353209
Train Epoch: 7 [15040/24148 (62%)]	Loss: 4.445641
Train Epoch: 7 [15360/24148 (64%)]	Loss: 4.148765
Train Epoch: 7 [15680/24148 (65%)]	Loss: 4.341323
Train Epoch: 7 [16000/24148 (66%)]	Loss: 4.426829
Train Epoch: 7 [16320/24148 (68%)]	Loss: 4.494767
Train Epoch: 7 [16640/24148 (69%)]	Loss: 4.602650
Train Epoch: 7 [16960/24148 (70%)]	Loss: 4.775896
Train Epoch: 7 [17280/24148 (72%)]	Loss: 4.564989
Train Epoch: 7 [17600/24148 (73%)]	Loss: 4.334432
Train Epoch: 7 [17920/24148 (74%)]	Loss: 4.605671
Train Epoch: 7 [18240/24148 (75%)]	Loss: 4.351740
Train Epoch: 7 [18560/24148 (77%)]	Loss: 4.295394
Train Epoch: 7 [18880/24148 (78%)]	Loss: 4.342927
Train Epoch: 7 [19200/24148 (79%)]	Loss: 4.525547
Train Epoch: 7 [19520/24148 (81%)]	Loss: 4.322333
Train Epoch: 7 [19840/24148 (82%)]	Loss: 4.494139
Train Epoch: 7 [20160/24148 (83%)]	Loss: 4.566502
Train Epoch: 7 [20480/24148 (85%)]	Loss: 4.263739
Train Epoch: 7 [20800/24148 (86%)]	Loss: 4.583719
Train Epoch: 7 [21120/24148 (87%)]	Loss: 4.791888
Train Epoch: 7 [21440/24148 (89%)]	Loss: 4.339084
Train Epoch: 7 [21760/24148 (90%)]	Loss: 4.953372
Train Epoch: 7 [22080/24148 (91%)]	Loss: 4.700113
Train Epoch: 7 [22400/24148 (93%)]	Loss: 4.878230
Train Epoch: 7 [22720/24148 (94%)]	Loss: 4.635278
Train Epoch: 7 [23040/24148 (95%)]	Loss: 4.836160
Train Epoch: 7 [23360/24148 (97%)]	Loss: 4.567881
Train Epoch: 7 [23680/24148 (98%)]	Loss: 4.619385
Train Epoch: 7 [24000/24148 (99%)]	Loss: 3.952927

Test set: Average loss: 4.5627, Accuracy: 801/6037 (13%)

Train Epoch: 8 [0/24148 (0%)]	Loss: 4.768391
Train Epoch: 8 [320/24148 (1%)]	Loss: 4.584450
Train Epoch: 8 [640/24148 (3%)]	Loss: 4.777969
Train Epoch: 8 [960/24148 (4%)]	Loss: 4.020441
Train Epoch: 8 [1280/24148 (5%)]	Loss: 4.434934
Train Epoch: 8 [1600/24148 (7%)]	Loss: 4.290775
Train Epoch: 8 [1920/24148 (8%)]	Loss: 3.882044
Train Epoch: 8 [2240/24148 (9%)]	Loss: 4.571247
Train Epoch: 8 [2560/24148 (11%)]	Loss: 4.514383
Train Epoch: 8 [2880/24148 (12%)]	Loss: 4.450114
Train Epoch: 8 [3200/24148 (13%)]	Loss: 4.043184
Train Epoch: 8 [3520/24148 (15%)]	Loss: 4.280340
Train Epoch: 8 [3840/24148 (16%)]	Loss: 4.472432
Train Epoch: 8 [4160/24148 (17%)]	Loss: 4.552113
Train Epoch: 8 [4480/24148 (19%)]	Loss: 3.984885
Train Epoch: 8 [4800/24148 (20%)]	Loss: 4.684106
Train Epoch: 8 [5120/24148 (21%)]	Loss: 4.906452
Train Epoch: 8 [5440/24148 (23%)]	Loss: 4.803804
Train Epoch: 8 [5760/24148 (24%)]	Loss: 4.639208
Train Epoch: 8 [6080/24148 (25%)]	Loss: 4.272751
Train Epoch: 8 [6400/24148 (26%)]	Loss: 4.295575
Train Epoch: 8 [6720/24148 (28%)]	Loss: 4.678991
Train Epoch: 8 [7040/24148 (29%)]	Loss: 4.477202
Train Epoch: 8 [7360/24148 (30%)]	Loss: 4.263556
Train Epoch: 8 [7680/24148 (32%)]	Loss: 4.750959
Train Epoch: 8 [8000/24148 (33%)]	Loss: 4.416625
Train Epoch: 8 [8320/24148 (34%)]	Loss: 4.467441
Train Epoch: 8 [8640/24148 (36%)]	Loss: 4.668305
Train Epoch: 8 [8960/24148 (37%)]	Loss: 4.131796
Train Epoch: 8 [9280/24148 (38%)]	Loss: 4.423857
Train Epoch: 8 [9600/24148 (40%)]	Loss: 4.454009
Train Epoch: 8 [9920/24148 (41%)]	Loss: 4.830616
Train Epoch: 8 [10240/24148 (42%)]	Loss: 4.100663
Train Epoch: 8 [10560/24148 (44%)]	Loss: 4.358807
Train Epoch: 8 [10880/24148 (45%)]	Loss: 4.400618
Train Epoch: 8 [11200/24148 (46%)]	Loss: 4.547321
Train Epoch: 8 [11520/24148 (48%)]	Loss: 4.216985
Train Epoch: 8 [11840/24148 (49%)]	Loss: 4.614456
Train Epoch: 8 [12160/24148 (50%)]	Loss: 4.565792
Train Epoch: 8 [12480/24148 (52%)]	Loss: 4.231887
Train Epoch: 8 [12800/24148 (53%)]	Loss: 4.111592
Train Epoch: 8 [13120/24148 (54%)]	Loss: 4.813443
Train Epoch: 8 [13440/24148 (56%)]	Loss: 4.518423
Train Epoch: 8 [13760/24148 (57%)]	Loss: 4.450770
Train Epoch: 8 [14080/24148 (58%)]	Loss: 4.383223
Train Epoch: 8 [14400/24148 (60%)]	Loss: 4.439108
Train Epoch: 8 [14720/24148 (61%)]	Loss: 4.408011
Train Epoch: 8 [15040/24148 (62%)]	Loss: 4.590909
Train Epoch: 8 [15360/24148 (64%)]	Loss: 4.568607
Train Epoch: 8 [15680/24148 (65%)]	Loss: 4.700611
Train Epoch: 8 [16000/24148 (66%)]	Loss: 4.272558
Train Epoch: 8 [16320/24148 (68%)]	Loss: 4.302571
Train Epoch: 8 [16640/24148 (69%)]	Loss: 4.393264
Train Epoch: 8 [16960/24148 (70%)]	Loss: 4.288008
Train Epoch: 8 [17280/24148 (72%)]	Loss: 4.518764
Train Epoch: 8 [17600/24148 (73%)]	Loss: 4.519264
Train Epoch: 8 [17920/24148 (74%)]	Loss: 4.552182
Train Epoch: 8 [18240/24148 (75%)]	Loss: 4.386477
Train Epoch: 8 [18560/24148 (77%)]	Loss: 4.394426
Train Epoch: 8 [18880/24148 (78%)]	Loss: 4.607241
Train Epoch: 8 [19200/24148 (79%)]	Loss: 4.493035
Train Epoch: 8 [19520/24148 (81%)]	Loss: 4.299218
Train Epoch: 8 [19840/24148 (82%)]	Loss: 4.350070
Train Epoch: 8 [20160/24148 (83%)]	Loss: 4.527052
Train Epoch: 8 [20480/24148 (85%)]	Loss: 4.467854
Train Epoch: 8 [20800/24148 (86%)]	Loss: 4.923771
Train Epoch: 8 [21120/24148 (87%)]	Loss: 4.592786
Train Epoch: 8 [21440/24148 (89%)]	Loss: 4.774485
Train Epoch: 8 [21760/24148 (90%)]	Loss: 4.849478
Train Epoch: 8 [22080/24148 (91%)]	Loss: 4.327427
Train Epoch: 8 [22400/24148 (93%)]	Loss: 4.633474
Train Epoch: 8 [22720/24148 (94%)]	Loss: 4.575974
Train Epoch: 8 [23040/24148 (95%)]	Loss: 4.648652
Train Epoch: 8 [23360/24148 (97%)]	Loss: 4.665263
Train Epoch: 8 [23680/24148 (98%)]	Loss: 4.510672
Train Epoch: 8 [24000/24148 (99%)]	Loss: 4.185293

Test set: Average loss: 4.5404, Accuracy: 806/6037 (13%)

Train Epoch: 9 [0/24148 (0%)]	Loss: 4.769756
Train Epoch: 9 [320/24148 (1%)]	Loss: 4.590647
Train Epoch: 9 [640/24148 (3%)]	Loss: 4.156530
Train Epoch: 9 [960/24148 (4%)]	Loss: 4.316231
Train Epoch: 9 [1280/24148 (5%)]	Loss: 4.422348
Train Epoch: 9 [1600/24148 (7%)]	Loss: 4.076915
Train Epoch: 9 [1920/24148 (8%)]	Loss: 4.117040
Train Epoch: 9 [2240/24148 (9%)]	Loss: 4.816841
Train Epoch: 9 [2560/24148 (11%)]	Loss: 4.380583
Train Epoch: 9 [2880/24148 (12%)]	Loss: 4.623359
Train Epoch: 9 [3200/24148 (13%)]	Loss: 4.505292
Train Epoch: 9 [3520/24148 (15%)]	Loss: 4.259646
Train Epoch: 9 [3840/24148 (16%)]	Loss: 4.087763
Train Epoch: 9 [4160/24148 (17%)]	Loss: 4.115965
Train Epoch: 9 [4480/24148 (19%)]	Loss: 4.377615
Train Epoch: 9 [4800/24148 (20%)]	Loss: 4.874280
Train Epoch: 9 [5120/24148 (21%)]	Loss: 4.668786
Train Epoch: 9 [5440/24148 (23%)]	Loss: 3.949146
Train Epoch: 9 [5760/24148 (24%)]	Loss: 4.105768
Train Epoch: 9 [6080/24148 (25%)]	Loss: 3.869023
Train Epoch: 9 [6400/24148 (26%)]	Loss: 4.170382
Train Epoch: 9 [6720/24148 (28%)]	Loss: 4.297371
Train Epoch: 9 [7040/24148 (29%)]	Loss: 4.151990
Train Epoch: 9 [7360/24148 (30%)]	Loss: 4.259281
Train Epoch: 9 [7680/24148 (32%)]	Loss: 4.800192
Train Epoch: 9 [8000/24148 (33%)]	Loss: 4.191841
Train Epoch: 9 [8320/24148 (34%)]	Loss: 4.675405
Train Epoch: 9 [8640/24148 (36%)]	Loss: 4.708480
Train Epoch: 9 [8960/24148 (37%)]	Loss: 4.563258
Train Epoch: 9 [9280/24148 (38%)]	Loss: 4.396717
Train Epoch: 9 [9600/24148 (40%)]	Loss: 4.444215
Train Epoch: 9 [9920/24148 (41%)]	Loss: 4.612769
Train Epoch: 9 [10240/24148 (42%)]	Loss: 4.653825
Train Epoch: 9 [10560/24148 (44%)]	Loss: 4.247646
Train Epoch: 9 [10880/24148 (45%)]	Loss: 4.206942
Train Epoch: 9 [11200/24148 (46%)]	Loss: 4.558069
Train Epoch: 9 [11520/24148 (48%)]	Loss: 4.974820
Train Epoch: 9 [11840/24148 (49%)]	Loss: 4.168309
Train Epoch: 9 [12160/24148 (50%)]	Loss: 4.211178
Train Epoch: 9 [12480/24148 (52%)]	Loss: 3.882427
Train Epoch: 9 [12800/24148 (53%)]	Loss: 4.049488
Train Epoch: 9 [13120/24148 (54%)]	Loss: 4.515423
Train Epoch: 9 [13440/24148 (56%)]	Loss: 4.532791
Train Epoch: 9 [13760/24148 (57%)]	Loss: 4.694179
Train Epoch: 9 [14080/24148 (58%)]	Loss: 4.265339
Train Epoch: 9 [14400/24148 (60%)]	Loss: 4.439064
Train Epoch: 9 [14720/24148 (61%)]	Loss: 3.863163
Train Epoch: 9 [15040/24148 (62%)]	Loss: 4.764943
Train Epoch: 9 [15360/24148 (64%)]	Loss: 4.839217
Train Epoch: 9 [15680/24148 (65%)]	Loss: 3.829985
Train Epoch: 9 [16000/24148 (66%)]	Loss: 4.311304
Train Epoch: 9 [16320/24148 (68%)]	Loss: 4.340448
Train Epoch: 9 [16640/24148 (69%)]	Loss: 3.839495
Train Epoch: 9 [16960/24148 (70%)]	Loss: 4.591996
Train Epoch: 9 [17280/24148 (72%)]	Loss: 4.304330
Train Epoch: 9 [17600/24148 (73%)]	Loss: 4.799441
Train Epoch: 9 [17920/24148 (74%)]	Loss: 4.041270
Train Epoch: 9 [18240/24148 (75%)]	Loss: 4.104805
Train Epoch: 9 [18560/24148 (77%)]	Loss: 4.489299
Train Epoch: 9 [18880/24148 (78%)]	Loss: 4.388551
Train Epoch: 9 [19200/24148 (79%)]	Loss: 3.978643
Train Epoch: 9 [19520/24148 (81%)]	Loss: 4.550520
Train Epoch: 9 [19840/24148 (82%)]	Loss: 4.395686
Train Epoch: 9 [20160/24148 (83%)]	Loss: 4.558954
Train Epoch: 9 [20480/24148 (85%)]	Loss: 4.039410
Train Epoch: 9 [20800/24148 (86%)]	Loss: 4.061207
Train Epoch: 9 [21120/24148 (87%)]	Loss: 4.180392
Train Epoch: 9 [21440/24148 (89%)]	Loss: 4.642053
Train Epoch: 9 [21760/24148 (90%)]	Loss: 4.275534
Train Epoch: 9 [22080/24148 (91%)]	Loss: 4.471243
Train Epoch: 9 [22400/24148 (93%)]	Loss: 4.741428
Train Epoch: 9 [22720/24148 (94%)]	Loss: 4.094386
Train Epoch: 9 [23040/24148 (95%)]	Loss: 3.850132
Train Epoch: 9 [23360/24148 (97%)]	Loss: 4.710424
Train Epoch: 9 [23680/24148 (98%)]	Loss: 4.299794
Train Epoch: 9 [24000/24148 (99%)]	Loss: 4.422449

Test set: Average loss: 4.5097, Accuracy: 863/6037 (14%)

Train Epoch: 10 [0/24148 (0%)]	Loss: 4.665561
Train Epoch: 10 [320/24148 (1%)]	Loss: 4.758268
Train Epoch: 10 [640/24148 (3%)]	Loss: 4.428422
Train Epoch: 10 [960/24148 (4%)]	Loss: 4.280087
Train Epoch: 10 [1280/24148 (5%)]	Loss: 4.508729
Train Epoch: 10 [1600/24148 (7%)]	Loss: 4.120495
Train Epoch: 10 [1920/24148 (8%)]	Loss: 4.276358
Train Epoch: 10 [2240/24148 (9%)]	Loss: 3.946284
Train Epoch: 10 [2560/24148 (11%)]	Loss: 4.365582
Train Epoch: 10 [2880/24148 (12%)]	Loss: 4.277838
Train Epoch: 10 [3200/24148 (13%)]	Loss: 3.776733
Train Epoch: 10 [3520/24148 (15%)]	Loss: 4.422527
Train Epoch: 10 [3840/24148 (16%)]	Loss: 4.273721
Train Epoch: 10 [4160/24148 (17%)]	Loss: 4.206450
Train Epoch: 10 [4480/24148 (19%)]	Loss: 3.927386
Train Epoch: 10 [4800/24148 (20%)]	Loss: 3.867065
Train Epoch: 10 [5120/24148 (21%)]	Loss: 4.308326
Train Epoch: 10 [5440/24148 (23%)]	Loss: 3.475457
Train Epoch: 10 [5760/24148 (24%)]	Loss: 4.608041
Train Epoch: 10 [6080/24148 (25%)]	Loss: 4.204345
Train Epoch: 10 [6400/24148 (26%)]	Loss: 4.518991
Train Epoch: 10 [6720/24148 (28%)]	Loss: 4.269865
Train Epoch: 10 [7040/24148 (29%)]	Loss: 4.229873
Train Epoch: 10 [7360/24148 (30%)]	Loss: 4.386464
Train Epoch: 10 [7680/24148 (32%)]	Loss: 4.385873
Train Epoch: 10 [8000/24148 (33%)]	Loss: 4.377713
Train Epoch: 10 [8320/24148 (34%)]	Loss: 4.590596
Train Epoch: 10 [8640/24148 (36%)]	Loss: 4.098667
Train Epoch: 10 [8960/24148 (37%)]	Loss: 4.215777
Train Epoch: 10 [9280/24148 (38%)]	Loss: 4.017526
Train Epoch: 10 [9600/24148 (40%)]	Loss: 4.143980
Train Epoch: 10 [9920/24148 (41%)]	Loss: 4.220652
Train Epoch: 10 [10240/24148 (42%)]	Loss: 4.052552
Train Epoch: 10 [10560/24148 (44%)]	Loss: 4.071353
Train Epoch: 10 [10880/24148 (45%)]	Loss: 4.510055
Train Epoch: 10 [11200/24148 (46%)]	Loss: 4.939482
Train Epoch: 10 [11520/24148 (48%)]	Loss: 4.240356
Train Epoch: 10 [11840/24148 (49%)]	Loss: 4.516539
Train Epoch: 10 [12160/24148 (50%)]	Loss: 4.333049
Train Epoch: 10 [12480/24148 (52%)]	Loss: 4.235919
Train Epoch: 10 [12800/24148 (53%)]	Loss: 4.591370
Train Epoch: 10 [13120/24148 (54%)]	Loss: 4.444124
Train Epoch: 10 [13440/24148 (56%)]	Loss: 4.163174
Train Epoch: 10 [13760/24148 (57%)]	Loss: 4.568250
Train Epoch: 10 [14080/24148 (58%)]	Loss: 4.134856
Train Epoch: 10 [14400/24148 (60%)]	Loss: 4.232523
Train Epoch: 10 [14720/24148 (61%)]	Loss: 4.465609
Train Epoch: 10 [15040/24148 (62%)]	Loss: 4.319936
Train Epoch: 10 [15360/24148 (64%)]	Loss: 4.199815
Train Epoch: 10 [15680/24148 (65%)]	Loss: 3.944856
Train Epoch: 10 [16000/24148 (66%)]	Loss: 4.293218
Train Epoch: 10 [16320/24148 (68%)]	Loss: 4.075949
Train Epoch: 10 [16640/24148 (69%)]	Loss: 3.812476
Train Epoch: 10 [16960/24148 (70%)]	Loss: 4.262556
Train Epoch: 10 [17280/24148 (72%)]	Loss: 4.280371
Train Epoch: 10 [17600/24148 (73%)]	Loss: 4.290770
Train Epoch: 10 [17920/24148 (74%)]	Loss: 4.260024
Train Epoch: 10 [18240/24148 (75%)]	Loss: 4.503473
Train Epoch: 10 [18560/24148 (77%)]	Loss: 4.419701
Train Epoch: 10 [18880/24148 (78%)]	Loss: 4.332384
Train Epoch: 10 [19200/24148 (79%)]	Loss: 4.496199
Train Epoch: 10 [19520/24148 (81%)]	Loss: 3.554933
Train Epoch: 10 [19840/24148 (82%)]	Loss: 4.412312
Train Epoch: 10 [20160/24148 (83%)]	Loss: 4.574203
Train Epoch: 10 [20480/24148 (85%)]	Loss: 4.363057
Train Epoch: 10 [20800/24148 (86%)]	Loss: 4.376332
Train Epoch: 10 [21120/24148 (87%)]	Loss: 4.087681
Train Epoch: 10 [21440/24148 (89%)]	Loss: 3.955336
Train Epoch: 10 [21760/24148 (90%)]	Loss: 4.694583
Train Epoch: 10 [22080/24148 (91%)]	Loss: 4.230476
Train Epoch: 10 [22400/24148 (93%)]	Loss: 4.726200
Train Epoch: 10 [22720/24148 (94%)]	Loss: 3.658846
Train Epoch: 10 [23040/24148 (95%)]	Loss: 4.601150
Train Epoch: 10 [23360/24148 (97%)]	Loss: 4.471117
Train Epoch: 10 [23680/24148 (98%)]	Loss: 4.256489
Train Epoch: 10 [24000/24148 (99%)]	Loss: 4.209401

Test set: Average loss: 4.4504, Accuracy: 897/6037 (15%)

Average seconds for training 1 epoch: 204.66847186088563
Average seconds for testing: 18.914254665374756
