Files already downloaded and verified
Total number of parameters in the model: 13382273
Train Epoch: 1 [0/24148 (0%)]	Loss: 5.668025
Train Epoch: 1 [320/24148 (1%)]	Loss: 6.165839
Train Epoch: 1 [640/24148 (3%)]	Loss: 6.048595
Train Epoch: 1 [960/24148 (4%)]	Loss: 5.908607
Train Epoch: 1 [1280/24148 (5%)]	Loss: 5.533201
Train Epoch: 1 [1600/24148 (7%)]	Loss: 5.505465
Train Epoch: 1 [1920/24148 (8%)]	Loss: 5.559875
Train Epoch: 1 [2240/24148 (9%)]	Loss: 5.828507
Train Epoch: 1 [2560/24148 (11%)]	Loss: 5.654297
Train Epoch: 1 [2880/24148 (12%)]	Loss: 5.349361
Train Epoch: 1 [3200/24148 (13%)]	Loss: 5.636565
Train Epoch: 1 [3520/24148 (15%)]	Loss: 5.580594
Train Epoch: 1 [3840/24148 (16%)]	Loss: 4.971141
Train Epoch: 1 [4160/24148 (17%)]	Loss: 5.147468
Train Epoch: 1 [4480/24148 (19%)]	Loss: 5.315424
Train Epoch: 1 [4800/24148 (20%)]	Loss: 5.357332
Train Epoch: 1 [5120/24148 (21%)]	Loss: 5.270300
Train Epoch: 1 [5440/24148 (23%)]	Loss: 5.606115
Train Epoch: 1 [5760/24148 (24%)]	Loss: 5.569489
Train Epoch: 1 [6080/24148 (25%)]	Loss: 5.257535
Train Epoch: 1 [6400/24148 (26%)]	Loss: 5.336992
Train Epoch: 1 [6720/24148 (28%)]	Loss: 5.721138
Train Epoch: 1 [7040/24148 (29%)]	Loss: 5.155206
Train Epoch: 1 [7360/24148 (30%)]	Loss: 5.261660
Train Epoch: 1 [7680/24148 (32%)]	Loss: 5.241903
Train Epoch: 1 [8000/24148 (33%)]	Loss: 5.531376
Train Epoch: 1 [8320/24148 (34%)]	Loss: 5.543684
Train Epoch: 1 [8640/24148 (36%)]	Loss: 5.733405
Train Epoch: 1 [8960/24148 (37%)]	Loss: 5.123541
Train Epoch: 1 [9280/24148 (38%)]	Loss: 5.341619
Train Epoch: 1 [9600/24148 (40%)]	Loss: 5.416383
Train Epoch: 1 [9920/24148 (41%)]	Loss: 5.257071
Train Epoch: 1 [10240/24148 (42%)]	Loss: 5.038607
Train Epoch: 1 [10560/24148 (44%)]	Loss: 5.346380
Train Epoch: 1 [10880/24148 (45%)]	Loss: 5.239360
Train Epoch: 1 [11200/24148 (46%)]	Loss: 5.063609
Train Epoch: 1 [11520/24148 (48%)]	Loss: 5.172685
Train Epoch: 1 [11840/24148 (49%)]	Loss: 5.409922
Train Epoch: 1 [12160/24148 (50%)]	Loss: 5.040546
Train Epoch: 1 [12480/24148 (52%)]	Loss: 5.173190
Train Epoch: 1 [12800/24148 (53%)]	Loss: 5.214592
Train Epoch: 1 [13120/24148 (54%)]	Loss: 4.965570
Train Epoch: 1 [13440/24148 (56%)]	Loss: 4.989217
Train Epoch: 1 [13760/24148 (57%)]	Loss: 5.321512
Train Epoch: 1 [14080/24148 (58%)]	Loss: 5.530125
Train Epoch: 1 [14400/24148 (60%)]	Loss: 5.371253
Train Epoch: 1 [14720/24148 (61%)]	Loss: 5.245325
Train Epoch: 1 [15040/24148 (62%)]	Loss: 5.233739
Train Epoch: 1 [15360/24148 (64%)]	Loss: 5.159069
Train Epoch: 1 [15680/24148 (65%)]	Loss: 4.879787
Train Epoch: 1 [16000/24148 (66%)]	Loss: 5.199804
Train Epoch: 1 [16320/24148 (68%)]	Loss: 5.160131
Train Epoch: 1 [16640/24148 (69%)]	Loss: 4.854192
Train Epoch: 1 [16960/24148 (70%)]	Loss: 5.177248
Train Epoch: 1 [17280/24148 (72%)]	Loss: 4.872616
Train Epoch: 1 [17600/24148 (73%)]	Loss: 5.269330
Train Epoch: 1 [17920/24148 (74%)]	Loss: 4.889245
Train Epoch: 1 [18240/24148 (75%)]	Loss: 5.490109
Train Epoch: 1 [18560/24148 (77%)]	Loss: 5.337276
Train Epoch: 1 [18880/24148 (78%)]	Loss: 5.143217
Train Epoch: 1 [19200/24148 (79%)]	Loss: 4.991633
Train Epoch: 1 [19520/24148 (81%)]	Loss: 4.856515
Train Epoch: 1 [19840/24148 (82%)]	Loss: 5.102115
Train Epoch: 1 [20160/24148 (83%)]	Loss: 4.802945
Train Epoch: 1 [20480/24148 (85%)]	Loss: 5.007700
Train Epoch: 1 [20800/24148 (86%)]	Loss: 5.298314
Train Epoch: 1 [21120/24148 (87%)]	Loss: 5.483750
Train Epoch: 1 [21440/24148 (89%)]	Loss: 5.132293
Train Epoch: 1 [21760/24148 (90%)]	Loss: 4.932051
Train Epoch: 1 [22080/24148 (91%)]	Loss: 5.396132
Train Epoch: 1 [22400/24148 (93%)]	Loss: 4.734773
Train Epoch: 1 [22720/24148 (94%)]	Loss: 5.299206
Train Epoch: 1 [23040/24148 (95%)]	Loss: 5.224189
Train Epoch: 1 [23360/24148 (97%)]	Loss: 4.849027
Train Epoch: 1 [23680/24148 (98%)]	Loss: 5.183715
Train Epoch: 1 [24000/24148 (99%)]	Loss: 4.994819

Test set: Average loss: 5.1236, Accuracy: 540/6037 (9%)

Train Epoch: 2 [0/24148 (0%)]	Loss: 5.047725
Train Epoch: 2 [320/24148 (1%)]	Loss: 5.586443
Train Epoch: 2 [640/24148 (3%)]	Loss: 4.823672
Train Epoch: 2 [960/24148 (4%)]	Loss: 5.015160
Train Epoch: 2 [1280/24148 (5%)]	Loss: 4.631487
Train Epoch: 2 [1600/24148 (7%)]	Loss: 5.299225
Train Epoch: 2 [1920/24148 (8%)]	Loss: 4.761467
Train Epoch: 2 [2240/24148 (9%)]	Loss: 4.392886
Train Epoch: 2 [2560/24148 (11%)]	Loss: 4.841003
Train Epoch: 2 [2880/24148 (12%)]	Loss: 4.872722
Train Epoch: 2 [3200/24148 (13%)]	Loss: 4.856323
Train Epoch: 2 [3520/24148 (15%)]	Loss: 4.792933
Train Epoch: 2 [3840/24148 (16%)]	Loss: 4.486038
Train Epoch: 2 [4160/24148 (17%)]	Loss: 4.852999
Train Epoch: 2 [4480/24148 (19%)]	Loss: 5.563745
Train Epoch: 2 [4800/24148 (20%)]	Loss: 4.971245
Train Epoch: 2 [5120/24148 (21%)]	Loss: 4.605790
Train Epoch: 2 [5440/24148 (23%)]	Loss: 4.899906
Train Epoch: 2 [5760/24148 (24%)]	Loss: 5.446450
Train Epoch: 2 [6080/24148 (25%)]	Loss: 5.320656
Train Epoch: 2 [6400/24148 (26%)]	Loss: 4.767478
Train Epoch: 2 [6720/24148 (28%)]	Loss: 5.124126
Train Epoch: 2 [7040/24148 (29%)]	Loss: 5.235927
Train Epoch: 2 [7360/24148 (30%)]	Loss: 4.764883
Train Epoch: 2 [7680/24148 (32%)]	Loss: 4.929081
Train Epoch: 2 [8000/24148 (33%)]	Loss: 4.768832
Train Epoch: 2 [8320/24148 (34%)]	Loss: 4.928600
Train Epoch: 2 [8640/24148 (36%)]	Loss: 4.515088
Train Epoch: 2 [8960/24148 (37%)]	Loss: 4.619727
Train Epoch: 2 [9280/24148 (38%)]	Loss: 4.824953
Train Epoch: 2 [9600/24148 (40%)]	Loss: 5.139541
Train Epoch: 2 [9920/24148 (41%)]	Loss: 4.995007
Train Epoch: 2 [10240/24148 (42%)]	Loss: 4.569964
Train Epoch: 2 [10560/24148 (44%)]	Loss: 4.879282
Train Epoch: 2 [10880/24148 (45%)]	Loss: 5.060177
Train Epoch: 2 [11200/24148 (46%)]	Loss: 4.606780
Train Epoch: 2 [11520/24148 (48%)]	Loss: 4.645609
Train Epoch: 2 [11840/24148 (49%)]	Loss: 5.136266
Train Epoch: 2 [12160/24148 (50%)]	Loss: 4.647490
Train Epoch: 2 [12480/24148 (52%)]	Loss: 5.050574
Train Epoch: 2 [12800/24148 (53%)]	Loss: 4.902356
Train Epoch: 2 [13120/24148 (54%)]	Loss: 5.471069
Train Epoch: 2 [13440/24148 (56%)]	Loss: 4.953810
Train Epoch: 2 [13760/24148 (57%)]	Loss: 4.814235
Train Epoch: 2 [14080/24148 (58%)]	Loss: 4.597344
Train Epoch: 2 [14400/24148 (60%)]	Loss: 4.997152
Train Epoch: 2 [14720/24148 (61%)]	Loss: 5.182848
Train Epoch: 2 [15040/24148 (62%)]	Loss: 5.006354
Train Epoch: 2 [15360/24148 (64%)]	Loss: 5.013890
Train Epoch: 2 [15680/24148 (65%)]	Loss: 4.896505
Train Epoch: 2 [16000/24148 (66%)]	Loss: 4.852100
Train Epoch: 2 [16320/24148 (68%)]	Loss: 4.680594
Train Epoch: 2 [16640/24148 (69%)]	Loss: 4.813594
Train Epoch: 2 [16960/24148 (70%)]	Loss: 4.943733
Train Epoch: 2 [17280/24148 (72%)]	Loss: 4.565354
Train Epoch: 2 [17600/24148 (73%)]	Loss: 4.877185
Train Epoch: 2 [17920/24148 (74%)]	Loss: 4.908974
Train Epoch: 2 [18240/24148 (75%)]	Loss: 4.915382
Train Epoch: 2 [18560/24148 (77%)]	Loss: 4.843611
Train Epoch: 2 [18880/24148 (78%)]	Loss: 5.061075
Train Epoch: 2 [19200/24148 (79%)]	Loss: 4.740894
Train Epoch: 2 [19520/24148 (81%)]	Loss: 4.463477
Train Epoch: 2 [19840/24148 (82%)]	Loss: 4.684960
Train Epoch: 2 [20160/24148 (83%)]	Loss: 4.477684
Train Epoch: 2 [20480/24148 (85%)]	Loss: 5.271972
Train Epoch: 2 [20800/24148 (86%)]	Loss: 4.964292
Train Epoch: 2 [21120/24148 (87%)]	Loss: 4.889267
Train Epoch: 2 [21440/24148 (89%)]	Loss: 4.904136
Train Epoch: 2 [21760/24148 (90%)]	Loss: 4.809994
Train Epoch: 2 [22080/24148 (91%)]	Loss: 4.888273
Train Epoch: 2 [22400/24148 (93%)]	Loss: 5.089753
Train Epoch: 2 [22720/24148 (94%)]	Loss: 4.827847
Train Epoch: 2 [23040/24148 (95%)]	Loss: 4.428636
Train Epoch: 2 [23360/24148 (97%)]	Loss: 5.202519
Train Epoch: 2 [23680/24148 (98%)]	Loss: 4.545608
Train Epoch: 2 [24000/24148 (99%)]	Loss: 4.579003

Test set: Average loss: 4.8082, Accuracy: 634/6037 (11%)

Train Epoch: 3 [0/24148 (0%)]	Loss: 5.087065
Train Epoch: 3 [320/24148 (1%)]	Loss: 4.659641
Train Epoch: 3 [640/24148 (3%)]	Loss: 5.031763
Train Epoch: 3 [960/24148 (4%)]	Loss: 4.278110
Train Epoch: 3 [1280/24148 (5%)]	Loss: 4.766139
Train Epoch: 3 [1600/24148 (7%)]	Loss: 4.986405
Train Epoch: 3 [1920/24148 (8%)]	Loss: 4.742432
Train Epoch: 3 [2240/24148 (9%)]	Loss: 5.095089
Train Epoch: 3 [2560/24148 (11%)]	Loss: 4.696213
Train Epoch: 3 [2880/24148 (12%)]	Loss: 4.543090
Train Epoch: 3 [3200/24148 (13%)]	Loss: 5.101111
Train Epoch: 3 [3520/24148 (15%)]	Loss: 4.865161
Train Epoch: 3 [3840/24148 (16%)]	Loss: 5.162774
Train Epoch: 3 [4160/24148 (17%)]	Loss: 4.906484
Train Epoch: 3 [4480/24148 (19%)]	Loss: 5.268095
Train Epoch: 3 [4800/24148 (20%)]	Loss: 4.494256
Train Epoch: 3 [5120/24148 (21%)]	Loss: 5.012310
Train Epoch: 3 [5440/24148 (23%)]	Loss: 4.873960
Train Epoch: 3 [5760/24148 (24%)]	Loss: 4.501731
Train Epoch: 3 [6080/24148 (25%)]	Loss: 5.011217
Train Epoch: 3 [6400/24148 (26%)]	Loss: 4.911014
Train Epoch: 3 [6720/24148 (28%)]	Loss: 4.396733
Train Epoch: 3 [7040/24148 (29%)]	Loss: 4.641892
Train Epoch: 3 [7360/24148 (30%)]	Loss: 4.937857
Train Epoch: 3 [7680/24148 (32%)]	Loss: 4.656595
Train Epoch: 3 [8000/24148 (33%)]	Loss: 4.777960
Train Epoch: 3 [8320/24148 (34%)]	Loss: 4.881194
Train Epoch: 3 [8640/24148 (36%)]	Loss: 4.919617
Train Epoch: 3 [8960/24148 (37%)]	Loss: 4.459451
Train Epoch: 3 [9280/24148 (38%)]	Loss: 5.127606
Train Epoch: 3 [9600/24148 (40%)]	Loss: 4.706034
Train Epoch: 3 [9920/24148 (41%)]	Loss: 4.592259
Train Epoch: 3 [10240/24148 (42%)]	Loss: 5.433822
Train Epoch: 3 [10560/24148 (44%)]	Loss: 4.135401
Train Epoch: 3 [10880/24148 (45%)]	Loss: 4.918495
Train Epoch: 3 [11200/24148 (46%)]	Loss: 4.347454
Train Epoch: 3 [11520/24148 (48%)]	Loss: 4.901280
Train Epoch: 3 [11840/24148 (49%)]	Loss: 5.064428
Train Epoch: 3 [12160/24148 (50%)]	Loss: 4.740253
Train Epoch: 3 [12480/24148 (52%)]	Loss: 4.724487
Train Epoch: 3 [12800/24148 (53%)]	Loss: 4.944419
Train Epoch: 3 [13120/24148 (54%)]	Loss: 4.351926
Train Epoch: 3 [13440/24148 (56%)]	Loss: 4.371958
Train Epoch: 3 [13760/24148 (57%)]	Loss: 4.641976
Train Epoch: 3 [14080/24148 (58%)]	Loss: 4.660104
Train Epoch: 3 [14400/24148 (60%)]	Loss: 5.172413
Train Epoch: 3 [14720/24148 (61%)]	Loss: 4.026119
Train Epoch: 3 [15040/24148 (62%)]	Loss: 4.889663
Train Epoch: 3 [15360/24148 (64%)]	Loss: 4.808019
Train Epoch: 3 [15680/24148 (65%)]	Loss: 4.611946
Train Epoch: 3 [16000/24148 (66%)]	Loss: 4.498920
Train Epoch: 3 [16320/24148 (68%)]	Loss: 4.787290
Train Epoch: 3 [16640/24148 (69%)]	Loss: 4.326531
Train Epoch: 3 [16960/24148 (70%)]	Loss: 4.973323
Train Epoch: 3 [17280/24148 (72%)]	Loss: 5.201871
Train Epoch: 3 [17600/24148 (73%)]	Loss: 4.692824
Train Epoch: 3 [17920/24148 (74%)]	Loss: 4.822317
Train Epoch: 3 [18240/24148 (75%)]	Loss: 4.922667
Train Epoch: 3 [18560/24148 (77%)]	Loss: 4.327843
Train Epoch: 3 [18880/24148 (78%)]	Loss: 4.892003
Train Epoch: 3 [19200/24148 (79%)]	Loss: 4.130893
Train Epoch: 3 [19520/24148 (81%)]	Loss: 4.850898
Train Epoch: 3 [19840/24148 (82%)]	Loss: 4.914353
Train Epoch: 3 [20160/24148 (83%)]	Loss: 4.444874
Train Epoch: 3 [20480/24148 (85%)]	Loss: 4.360917
Train Epoch: 3 [20800/24148 (86%)]	Loss: 4.689964
Train Epoch: 3 [21120/24148 (87%)]	Loss: 4.450976
Train Epoch: 3 [21440/24148 (89%)]	Loss: 4.688461
Train Epoch: 3 [21760/24148 (90%)]	Loss: 4.722599
Train Epoch: 3 [22080/24148 (91%)]	Loss: 4.686082
Train Epoch: 3 [22400/24148 (93%)]	Loss: 4.791079
Train Epoch: 3 [22720/24148 (94%)]	Loss: 5.023156
Train Epoch: 3 [23040/24148 (95%)]	Loss: 4.777594
Train Epoch: 3 [23360/24148 (97%)]	Loss: 4.392791
Train Epoch: 3 [23680/24148 (98%)]	Loss: 5.092686
Train Epoch: 3 [24000/24148 (99%)]	Loss: 4.697572

Test set: Average loss: 4.6897, Accuracy: 716/6037 (12%)

Train Epoch: 4 [0/24148 (0%)]	Loss: 4.465851
Train Epoch: 4 [320/24148 (1%)]	Loss: 4.974844
Train Epoch: 4 [640/24148 (3%)]	Loss: 4.806973
Train Epoch: 4 [960/24148 (4%)]	Loss: 4.078730
Train Epoch: 4 [1280/24148 (5%)]	Loss: 4.602999
Train Epoch: 4 [1600/24148 (7%)]	Loss: 5.048704
Train Epoch: 4 [1920/24148 (8%)]	Loss: 4.771105
Train Epoch: 4 [2240/24148 (9%)]	Loss: 4.434240
Train Epoch: 4 [2560/24148 (11%)]	Loss: 4.221067
Train Epoch: 4 [2880/24148 (12%)]	Loss: 4.607326
Train Epoch: 4 [3200/24148 (13%)]	Loss: 4.821429
Train Epoch: 4 [3520/24148 (15%)]	Loss: 3.851481
Train Epoch: 4 [3840/24148 (16%)]	Loss: 4.718824
Train Epoch: 4 [4160/24148 (17%)]	Loss: 4.854157
Train Epoch: 4 [4480/24148 (19%)]	Loss: 4.441026
Train Epoch: 4 [4800/24148 (20%)]	Loss: 3.960315
Train Epoch: 4 [5120/24148 (21%)]	Loss: 5.173388
Train Epoch: 4 [5440/24148 (23%)]	Loss: 4.349064
Train Epoch: 4 [5760/24148 (24%)]	Loss: 4.625681
Train Epoch: 4 [6080/24148 (25%)]	Loss: 4.713943
Train Epoch: 4 [6400/24148 (26%)]	Loss: 4.439358
Train Epoch: 4 [6720/24148 (28%)]	Loss: 4.722361
Train Epoch: 4 [7040/24148 (29%)]	Loss: 4.673186
Train Epoch: 4 [7360/24148 (30%)]	Loss: 4.194758
Train Epoch: 4 [7680/24148 (32%)]	Loss: 4.420596
Train Epoch: 4 [8000/24148 (33%)]	Loss: 4.578616
Train Epoch: 4 [8320/24148 (34%)]	Loss: 4.459410
Train Epoch: 4 [8640/24148 (36%)]	Loss: 5.089225
Train Epoch: 4 [8960/24148 (37%)]	Loss: 4.952754
Train Epoch: 4 [9280/24148 (38%)]	Loss: 4.298137
Train Epoch: 4 [9600/24148 (40%)]	Loss: 4.106993
Train Epoch: 4 [9920/24148 (41%)]	Loss: 4.532404
Train Epoch: 4 [10240/24148 (42%)]	Loss: 4.704138
Train Epoch: 4 [10560/24148 (44%)]	Loss: 4.469198
Train Epoch: 4 [10880/24148 (45%)]	Loss: 4.634492
Train Epoch: 4 [11200/24148 (46%)]	Loss: 4.809076
Train Epoch: 4 [11520/24148 (48%)]	Loss: 4.659859
Train Epoch: 4 [11840/24148 (49%)]	Loss: 4.634809
Train Epoch: 4 [12160/24148 (50%)]	Loss: 4.751895
Train Epoch: 4 [12480/24148 (52%)]	Loss: 5.069392
Train Epoch: 4 [12800/24148 (53%)]	Loss: 4.481874
Train Epoch: 4 [13120/24148 (54%)]	Loss: 4.464926
Train Epoch: 4 [13440/24148 (56%)]	Loss: 4.778753
Train Epoch: 4 [13760/24148 (57%)]	Loss: 4.507658
Train Epoch: 4 [14080/24148 (58%)]	Loss: 4.272845
Train Epoch: 4 [14400/24148 (60%)]	Loss: 4.516839
Train Epoch: 4 [14720/24148 (61%)]	Loss: 4.285009
Train Epoch: 4 [15040/24148 (62%)]	Loss: 4.115997
Train Epoch: 4 [15360/24148 (64%)]	Loss: 4.707225
Train Epoch: 4 [15680/24148 (65%)]	Loss: 4.375376
Train Epoch: 4 [16000/24148 (66%)]	Loss: 4.724684
Train Epoch: 4 [16320/24148 (68%)]	Loss: 4.718319
Train Epoch: 4 [16640/24148 (69%)]	Loss: 4.946431
Train Epoch: 4 [16960/24148 (70%)]	Loss: 4.355972
Train Epoch: 4 [17280/24148 (72%)]	Loss: 4.785323
Train Epoch: 4 [17600/24148 (73%)]	Loss: 5.113694
Train Epoch: 4 [17920/24148 (74%)]	Loss: 4.707465
Train Epoch: 4 [18240/24148 (75%)]	Loss: 4.804937
Train Epoch: 4 [18560/24148 (77%)]	Loss: 4.875756
Train Epoch: 4 [18880/24148 (78%)]	Loss: 4.651305
Train Epoch: 4 [19200/24148 (79%)]	Loss: 4.577567
Train Epoch: 4 [19520/24148 (81%)]	Loss: 4.657386
Train Epoch: 4 [19840/24148 (82%)]	Loss: 4.921299
Train Epoch: 4 [20160/24148 (83%)]	Loss: 4.561306
Train Epoch: 4 [20480/24148 (85%)]	Loss: 4.833700
Train Epoch: 4 [20800/24148 (86%)]	Loss: 4.716331
Train Epoch: 4 [21120/24148 (87%)]	Loss: 4.447815
Train Epoch: 4 [21440/24148 (89%)]	Loss: 4.291528
Train Epoch: 4 [21760/24148 (90%)]	Loss: 4.566718
Train Epoch: 4 [22080/24148 (91%)]	Loss: 4.846931
Train Epoch: 4 [22400/24148 (93%)]	Loss: 4.289328
Train Epoch: 4 [22720/24148 (94%)]	Loss: 4.894503
Train Epoch: 4 [23040/24148 (95%)]	Loss: 4.012672
Train Epoch: 4 [23360/24148 (97%)]	Loss: 4.331181
Train Epoch: 4 [23680/24148 (98%)]	Loss: 4.239789
Train Epoch: 4 [24000/24148 (99%)]	Loss: 4.775905

Test set: Average loss: 4.6502, Accuracy: 724/6037 (12%)

Train Epoch: 5 [0/24148 (0%)]	Loss: 4.409724
Train Epoch: 5 [320/24148 (1%)]	Loss: 4.485402
Train Epoch: 5 [640/24148 (3%)]	Loss: 4.138566
Train Epoch: 5 [960/24148 (4%)]	Loss: 4.809013
Train Epoch: 5 [1280/24148 (5%)]	Loss: 4.126219
Train Epoch: 5 [1600/24148 (7%)]	Loss: 4.824516
Train Epoch: 5 [1920/24148 (8%)]	Loss: 4.608384
Train Epoch: 5 [2240/24148 (9%)]	Loss: 4.438299
Train Epoch: 5 [2560/24148 (11%)]	Loss: 4.250390
Train Epoch: 5 [2880/24148 (12%)]	Loss: 4.699172
Train Epoch: 5 [3200/24148 (13%)]	Loss: 4.994632
Train Epoch: 5 [3520/24148 (15%)]	Loss: 4.491578
Train Epoch: 5 [3840/24148 (16%)]	Loss: 4.421629
Train Epoch: 5 [4160/24148 (17%)]	Loss: 4.735057
Train Epoch: 5 [4480/24148 (19%)]	Loss: 4.140130
Train Epoch: 5 [4800/24148 (20%)]	Loss: 4.359926
Train Epoch: 5 [5120/24148 (21%)]	Loss: 3.877447
Train Epoch: 5 [5440/24148 (23%)]	Loss: 4.158851
Train Epoch: 5 [5760/24148 (24%)]	Loss: 4.095809
Train Epoch: 5 [6080/24148 (25%)]	Loss: 4.443188
Train Epoch: 5 [6400/24148 (26%)]	Loss: 4.142293
Train Epoch: 5 [6720/24148 (28%)]	Loss: 5.086832
Train Epoch: 5 [7040/24148 (29%)]	Loss: 4.801227
Train Epoch: 5 [7360/24148 (30%)]	Loss: 4.397683
Train Epoch: 5 [7680/24148 (32%)]	Loss: 4.381832
Train Epoch: 5 [8000/24148 (33%)]	Loss: 4.513097
Train Epoch: 5 [8320/24148 (34%)]	Loss: 4.346093
Train Epoch: 5 [8640/24148 (36%)]	Loss: 4.429279
Train Epoch: 5 [8960/24148 (37%)]	Loss: 4.225886
Train Epoch: 5 [9280/24148 (38%)]	Loss: 3.863705
Train Epoch: 5 [9600/24148 (40%)]	Loss: 4.576376
Train Epoch: 5 [9920/24148 (41%)]	Loss: 4.464489
Train Epoch: 5 [10240/24148 (42%)]	Loss: 4.743210
Train Epoch: 5 [10560/24148 (44%)]	Loss: 4.390512
Train Epoch: 5 [10880/24148 (45%)]	Loss: 4.639975
Train Epoch: 5 [11200/24148 (46%)]	Loss: 4.569178
Train Epoch: 5 [11520/24148 (48%)]	Loss: 4.310284
Train Epoch: 5 [11840/24148 (49%)]	Loss: 4.569230
Train Epoch: 5 [12160/24148 (50%)]	Loss: 4.451028
Train Epoch: 5 [12480/24148 (52%)]	Loss: 4.256826
Train Epoch: 5 [12800/24148 (53%)]	Loss: 4.731753
Train Epoch: 5 [13120/24148 (54%)]	Loss: 4.233140
Train Epoch: 5 [13440/24148 (56%)]	Loss: 4.645126
Train Epoch: 5 [13760/24148 (57%)]	Loss: 4.768368
Train Epoch: 5 [14080/24148 (58%)]	Loss: 4.696408
Train Epoch: 5 [14400/24148 (60%)]	Loss: 4.816076
Train Epoch: 5 [14720/24148 (61%)]	Loss: 4.580826
Train Epoch: 5 [15040/24148 (62%)]	Loss: 4.817128
Train Epoch: 5 [15360/24148 (64%)]	Loss: 4.329021
Train Epoch: 5 [15680/24148 (65%)]	Loss: 3.926048
Train Epoch: 5 [16000/24148 (66%)]	Loss: 4.478352
Train Epoch: 5 [16320/24148 (68%)]	Loss: 4.114125
Train Epoch: 5 [16640/24148 (69%)]	Loss: 3.890496
Train Epoch: 5 [16960/24148 (70%)]	Loss: 4.658570
Train Epoch: 5 [17280/24148 (72%)]	Loss: 4.901207
Train Epoch: 5 [17600/24148 (73%)]	Loss: 4.356113
Train Epoch: 5 [17920/24148 (74%)]	Loss: 4.290811
Train Epoch: 5 [18240/24148 (75%)]	Loss: 4.617531
Train Epoch: 5 [18560/24148 (77%)]	Loss: 4.021000
Train Epoch: 5 [18880/24148 (78%)]	Loss: 4.530563
Train Epoch: 5 [19200/24148 (79%)]	Loss: 4.355612
Train Epoch: 5 [19520/24148 (81%)]	Loss: 4.656451
Train Epoch: 5 [19840/24148 (82%)]	Loss: 4.415371
Train Epoch: 5 [20160/24148 (83%)]	Loss: 4.636283
Train Epoch: 5 [20480/24148 (85%)]	Loss: 4.554171
Train Epoch: 5 [20800/24148 (86%)]	Loss: 3.851528
Train Epoch: 5 [21120/24148 (87%)]	Loss: 4.471209
Train Epoch: 5 [21440/24148 (89%)]	Loss: 4.800724
Train Epoch: 5 [21760/24148 (90%)]	Loss: 4.603594
Train Epoch: 5 [22080/24148 (91%)]	Loss: 4.859318
Train Epoch: 5 [22400/24148 (93%)]	Loss: 4.775321
Train Epoch: 5 [22720/24148 (94%)]	Loss: 4.694083
Train Epoch: 5 [23040/24148 (95%)]	Loss: 4.224549
Train Epoch: 5 [23360/24148 (97%)]	Loss: 4.662820
Train Epoch: 5 [23680/24148 (98%)]	Loss: 4.454606
Train Epoch: 5 [24000/24148 (99%)]	Loss: 4.457005

Test set: Average loss: 4.5074, Accuracy: 853/6037 (14%)

Train Epoch: 6 [0/24148 (0%)]	Loss: 4.190264
Train Epoch: 6 [320/24148 (1%)]	Loss: 3.980843
Train Epoch: 6 [640/24148 (3%)]	Loss: 4.107433
Train Epoch: 6 [960/24148 (4%)]	Loss: 4.352524
Train Epoch: 6 [1280/24148 (5%)]	Loss: 4.093692
Train Epoch: 6 [1600/24148 (7%)]	Loss: 4.314512
Train Epoch: 6 [1920/24148 (8%)]	Loss: 4.406626
Train Epoch: 6 [2240/24148 (9%)]	Loss: 4.273409
Train Epoch: 6 [2560/24148 (11%)]	Loss: 3.451502
Train Epoch: 6 [2880/24148 (12%)]	Loss: 4.121123
Train Epoch: 6 [3200/24148 (13%)]	Loss: 3.707179
Train Epoch: 6 [3520/24148 (15%)]	Loss: 4.098124
Train Epoch: 6 [3840/24148 (16%)]	Loss: 4.350337
Train Epoch: 6 [4160/24148 (17%)]	Loss: 4.744778
Train Epoch: 6 [4480/24148 (19%)]	Loss: 4.864324
Train Epoch: 6 [4800/24148 (20%)]	Loss: 3.973228
Train Epoch: 6 [5120/24148 (21%)]	Loss: 4.241469
Train Epoch: 6 [5440/24148 (23%)]	Loss: 4.332493
Train Epoch: 6 [5760/24148 (24%)]	Loss: 4.350481
Train Epoch: 6 [6080/24148 (25%)]	Loss: 3.614236
Train Epoch: 6 [6400/24148 (26%)]	Loss: 4.749428
Train Epoch: 6 [6720/24148 (28%)]	Loss: 4.338975
Train Epoch: 6 [7040/24148 (29%)]	Loss: 4.459387
Train Epoch: 6 [7360/24148 (30%)]	Loss: 3.800812
Train Epoch: 6 [7680/24148 (32%)]	Loss: 4.150641
Train Epoch: 6 [8000/24148 (33%)]	Loss: 4.453195
Train Epoch: 6 [8320/24148 (34%)]	Loss: 3.957384
Train Epoch: 6 [8640/24148 (36%)]	Loss: 3.875979
Train Epoch: 6 [8960/24148 (37%)]	Loss: 4.443528
Train Epoch: 6 [9280/24148 (38%)]	Loss: 4.479499
Train Epoch: 6 [9600/24148 (40%)]	Loss: 4.409769
Train Epoch: 6 [9920/24148 (41%)]	Loss: 3.961160
Train Epoch: 6 [10240/24148 (42%)]	Loss: 3.855806
Train Epoch: 6 [10560/24148 (44%)]	Loss: 4.541958
Train Epoch: 6 [10880/24148 (45%)]	Loss: 4.849833
Train Epoch: 6 [11200/24148 (46%)]	Loss: 4.036855
Train Epoch: 6 [11520/24148 (48%)]	Loss: 4.336187
Train Epoch: 6 [11840/24148 (49%)]	Loss: 3.837829
Train Epoch: 6 [12160/24148 (50%)]	Loss: 4.329546
Train Epoch: 6 [12480/24148 (52%)]	Loss: 4.319526
Train Epoch: 6 [12800/24148 (53%)]	Loss: 4.037999
Train Epoch: 6 [13120/24148 (54%)]	Loss: 4.368827
Train Epoch: 6 [13440/24148 (56%)]	Loss: 4.616608
Train Epoch: 6 [13760/24148 (57%)]	Loss: 4.279090
Train Epoch: 6 [14080/24148 (58%)]	Loss: 4.183152
Train Epoch: 6 [14400/24148 (60%)]	Loss: 4.368619
Train Epoch: 6 [14720/24148 (61%)]	Loss: 4.127916
Train Epoch: 6 [15040/24148 (62%)]	Loss: 4.323577
Train Epoch: 6 [15360/24148 (64%)]	Loss: 3.973593
Train Epoch: 6 [15680/24148 (65%)]	Loss: 4.766288
Train Epoch: 6 [16000/24148 (66%)]	Loss: 4.008758
Train Epoch: 6 [16320/24148 (68%)]	Loss: 4.580719
Train Epoch: 6 [16640/24148 (69%)]	Loss: 4.295016
Train Epoch: 6 [16960/24148 (70%)]	Loss: 4.491291
Train Epoch: 6 [17280/24148 (72%)]	Loss: 3.828537
Train Epoch: 6 [17600/24148 (73%)]	Loss: 3.996937
Train Epoch: 6 [17920/24148 (74%)]	Loss: 3.963134
Train Epoch: 6 [18240/24148 (75%)]	Loss: 4.252730
Train Epoch: 6 [18560/24148 (77%)]	Loss: 4.727099
Train Epoch: 6 [18880/24148 (78%)]	Loss: 4.607677
Train Epoch: 6 [19200/24148 (79%)]	Loss: 4.161702
Train Epoch: 6 [19520/24148 (81%)]	Loss: 4.135493
Train Epoch: 6 [19840/24148 (82%)]	Loss: 4.257963
Train Epoch: 6 [20160/24148 (83%)]	Loss: 4.175982
Train Epoch: 6 [20480/24148 (85%)]	Loss: 3.602454
Train Epoch: 6 [20800/24148 (86%)]	Loss: 4.570764
Train Epoch: 6 [21120/24148 (87%)]	Loss: 3.967908
Train Epoch: 6 [21440/24148 (89%)]	Loss: 4.264406
Train Epoch: 6 [21760/24148 (90%)]	Loss: 4.086626
Train Epoch: 6 [22080/24148 (91%)]	Loss: 3.579603
Train Epoch: 6 [22400/24148 (93%)]	Loss: 4.789490
Train Epoch: 6 [22720/24148 (94%)]	Loss: 4.492471
Train Epoch: 6 [23040/24148 (95%)]	Loss: 4.424152
Train Epoch: 6 [23360/24148 (97%)]	Loss: 4.234441
Train Epoch: 6 [23680/24148 (98%)]	Loss: 4.383456
Train Epoch: 6 [24000/24148 (99%)]	Loss: 4.229653

Test set: Average loss: 4.3448, Accuracy: 975/6037 (16%)

Train Epoch: 7 [0/24148 (0%)]	Loss: 4.151525
Train Epoch: 7 [320/24148 (1%)]	Loss: 4.368674
Train Epoch: 7 [640/24148 (3%)]	Loss: 4.235368
Train Epoch: 7 [960/24148 (4%)]	Loss: 4.809073
Train Epoch: 7 [1280/24148 (5%)]	Loss: 4.415215
Train Epoch: 7 [1600/24148 (7%)]	Loss: 3.909355
Train Epoch: 7 [1920/24148 (8%)]	Loss: 4.179492
Train Epoch: 7 [2240/24148 (9%)]	Loss: 4.192535
Train Epoch: 7 [2560/24148 (11%)]	Loss: 3.729046
Train Epoch: 7 [2880/24148 (12%)]	Loss: 4.184246
Train Epoch: 7 [3200/24148 (13%)]	Loss: 4.542072
Train Epoch: 7 [3520/24148 (15%)]	Loss: 4.280405
Train Epoch: 7 [3840/24148 (16%)]	Loss: 4.151685
Train Epoch: 7 [4160/24148 (17%)]	Loss: 4.802117
Train Epoch: 7 [4480/24148 (19%)]	Loss: 4.274570
Train Epoch: 7 [4800/24148 (20%)]	Loss: 4.050328
Train Epoch: 7 [5120/24148 (21%)]	Loss: 4.491032
Train Epoch: 7 [5440/24148 (23%)]	Loss: 4.189440
Train Epoch: 7 [5760/24148 (24%)]	Loss: 4.278840
Train Epoch: 7 [6080/24148 (25%)]	Loss: 4.263758
Train Epoch: 7 [6400/24148 (26%)]	Loss: 3.754274
Train Epoch: 7 [6720/24148 (28%)]	Loss: 3.972815
Train Epoch: 7 [7040/24148 (29%)]	Loss: 4.259336
Train Epoch: 7 [7360/24148 (30%)]	Loss: 4.894510
Train Epoch: 7 [7680/24148 (32%)]	Loss: 4.258916
Train Epoch: 7 [8000/24148 (33%)]	Loss: 4.921590
Train Epoch: 7 [8320/24148 (34%)]	Loss: 3.976673
Train Epoch: 7 [8640/24148 (36%)]	Loss: 4.092494
Train Epoch: 7 [8960/24148 (37%)]	Loss: 4.309290
Train Epoch: 7 [9280/24148 (38%)]	Loss: 3.899567
Train Epoch: 7 [9600/24148 (40%)]	Loss: 4.515515
Train Epoch: 7 [9920/24148 (41%)]	Loss: 4.334464
Train Epoch: 7 [10240/24148 (42%)]	Loss: 4.027535
Train Epoch: 7 [10560/24148 (44%)]	Loss: 4.181696
Train Epoch: 7 [10880/24148 (45%)]	Loss: 3.841319
Train Epoch: 7 [11200/24148 (46%)]	Loss: 4.028439
Train Epoch: 7 [11520/24148 (48%)]	Loss: 3.392859
Train Epoch: 7 [11840/24148 (49%)]	Loss: 4.038578
Train Epoch: 7 [12160/24148 (50%)]	Loss: 4.314968
Train Epoch: 7 [12480/24148 (52%)]	Loss: 3.966701
Train Epoch: 7 [12800/24148 (53%)]	Loss: 4.152669
Train Epoch: 7 [13120/24148 (54%)]	Loss: 3.889747
Train Epoch: 7 [13440/24148 (56%)]	Loss: 4.270377
Train Epoch: 7 [13760/24148 (57%)]	Loss: 3.992149
Train Epoch: 7 [14080/24148 (58%)]	Loss: 3.384202
Train Epoch: 7 [14400/24148 (60%)]	Loss: 4.027160
Train Epoch: 7 [14720/24148 (61%)]	Loss: 3.834368
Train Epoch: 7 [15040/24148 (62%)]	Loss: 3.838789
Train Epoch: 7 [15360/24148 (64%)]	Loss: 3.842141
Train Epoch: 7 [15680/24148 (65%)]	Loss: 4.358556
Train Epoch: 7 [16000/24148 (66%)]	Loss: 4.285471
Train Epoch: 7 [16320/24148 (68%)]	Loss: 4.074669
Train Epoch: 7 [16640/24148 (69%)]	Loss: 3.762438
Train Epoch: 7 [16960/24148 (70%)]	Loss: 3.462000
Train Epoch: 7 [17280/24148 (72%)]	Loss: 4.323800
Train Epoch: 7 [17600/24148 (73%)]	Loss: 3.997624
Train Epoch: 7 [17920/24148 (74%)]	Loss: 3.673815
Train Epoch: 7 [18240/24148 (75%)]	Loss: 3.905941
Train Epoch: 7 [18560/24148 (77%)]	Loss: 4.345562
Train Epoch: 7 [18880/24148 (78%)]	Loss: 3.711997
Train Epoch: 7 [19200/24148 (79%)]	Loss: 3.912971
Train Epoch: 7 [19520/24148 (81%)]	Loss: 4.029605
Train Epoch: 7 [19840/24148 (82%)]	Loss: 4.264050
Train Epoch: 7 [20160/24148 (83%)]	Loss: 4.497780
Train Epoch: 7 [20480/24148 (85%)]	Loss: 3.697936
Train Epoch: 7 [20800/24148 (86%)]	Loss: 3.767412
Train Epoch: 7 [21120/24148 (87%)]	Loss: 4.581763
Train Epoch: 7 [21440/24148 (89%)]	Loss: 4.468374
Train Epoch: 7 [21760/24148 (90%)]	Loss: 3.972931
Train Epoch: 7 [22080/24148 (91%)]	Loss: 4.296346
Train Epoch: 7 [22400/24148 (93%)]	Loss: 4.187305
Train Epoch: 7 [22720/24148 (94%)]	Loss: 4.470368
Train Epoch: 7 [23040/24148 (95%)]	Loss: 4.024084
Train Epoch: 7 [23360/24148 (97%)]	Loss: 4.223115
Train Epoch: 7 [23680/24148 (98%)]	Loss: 4.123724
Train Epoch: 7 [24000/24148 (99%)]	Loss: 4.031915

Test set: Average loss: 4.2564, Accuracy: 1048/6037 (17%)

Train Epoch: 8 [0/24148 (0%)]	Loss: 3.994682
Train Epoch: 8 [320/24148 (1%)]	Loss: 4.324246
Train Epoch: 8 [640/24148 (3%)]	Loss: 3.429805
Train Epoch: 8 [960/24148 (4%)]	Loss: 4.095002
Train Epoch: 8 [1280/24148 (5%)]	Loss: 3.485167
Train Epoch: 8 [1600/24148 (7%)]	Loss: 4.243663
Train Epoch: 8 [1920/24148 (8%)]	Loss: 3.670579
Train Epoch: 8 [2240/24148 (9%)]	Loss: 4.147255
Train Epoch: 8 [2560/24148 (11%)]	Loss: 3.690799
Train Epoch: 8 [2880/24148 (12%)]	Loss: 3.700194
Train Epoch: 8 [3200/24148 (13%)]	Loss: 4.147421
Train Epoch: 8 [3520/24148 (15%)]	Loss: 4.036123
Train Epoch: 8 [3840/24148 (16%)]	Loss: 4.035604
Train Epoch: 8 [4160/24148 (17%)]	Loss: 3.699898
Train Epoch: 8 [4480/24148 (19%)]	Loss: 3.501402
Train Epoch: 8 [4800/24148 (20%)]	Loss: 3.454229
Train Epoch: 8 [5120/24148 (21%)]	Loss: 4.245840
Train Epoch: 8 [5440/24148 (23%)]	Loss: 3.704496
Train Epoch: 8 [5760/24148 (24%)]	Loss: 3.390366
Train Epoch: 8 [6080/24148 (25%)]	Loss: 3.992548
Train Epoch: 8 [6400/24148 (26%)]	Loss: 3.715937
Train Epoch: 8 [6720/24148 (28%)]	Loss: 4.036982
Train Epoch: 8 [7040/24148 (29%)]	Loss: 3.886072
Train Epoch: 8 [7360/24148 (30%)]	Loss: 3.791883
Train Epoch: 8 [7680/24148 (32%)]	Loss: 4.341753
Train Epoch: 8 [8000/24148 (33%)]	Loss: 4.117403
Train Epoch: 8 [8320/24148 (34%)]	Loss: 4.197810
Train Epoch: 8 [8640/24148 (36%)]	Loss: 3.579324
Train Epoch: 8 [8960/24148 (37%)]	Loss: 4.453513
Train Epoch: 8 [9280/24148 (38%)]	Loss: 3.818895
Train Epoch: 8 [9600/24148 (40%)]	Loss: 3.781536
Train Epoch: 8 [9920/24148 (41%)]	Loss: 3.584785
Train Epoch: 8 [10240/24148 (42%)]	Loss: 4.016578
Train Epoch: 8 [10560/24148 (44%)]	Loss: 4.154891
Train Epoch: 8 [10880/24148 (45%)]	Loss: 3.963845
Train Epoch: 8 [11200/24148 (46%)]	Loss: 3.537433
Train Epoch: 8 [11520/24148 (48%)]	Loss: 3.993201
Train Epoch: 8 [11840/24148 (49%)]	Loss: 3.776153
Train Epoch: 8 [12160/24148 (50%)]	Loss: 3.942632
Train Epoch: 8 [12480/24148 (52%)]	Loss: 4.526060
Train Epoch: 8 [12800/24148 (53%)]	Loss: 4.495753
Train Epoch: 8 [13120/24148 (54%)]	Loss: 3.948525
Train Epoch: 8 [13440/24148 (56%)]	Loss: 4.308057
Train Epoch: 8 [13760/24148 (57%)]	Loss: 3.679303
Train Epoch: 8 [14080/24148 (58%)]	Loss: 4.100810
Train Epoch: 8 [14400/24148 (60%)]	Loss: 4.433175
Train Epoch: 8 [14720/24148 (61%)]	Loss: 3.982252
Train Epoch: 8 [15040/24148 (62%)]	Loss: 3.881897
Train Epoch: 8 [15360/24148 (64%)]	Loss: 4.012897
Train Epoch: 8 [15680/24148 (65%)]	Loss: 3.892767
Train Epoch: 8 [16000/24148 (66%)]	Loss: 3.801052
Train Epoch: 8 [16320/24148 (68%)]	Loss: 4.048973
Train Epoch: 8 [16640/24148 (69%)]	Loss: 3.901790
Train Epoch: 8 [16960/24148 (70%)]	Loss: 4.303801
Train Epoch: 8 [17280/24148 (72%)]	Loss: 3.791378
Train Epoch: 8 [17600/24148 (73%)]	Loss: 4.726990
Train Epoch: 8 [17920/24148 (74%)]	Loss: 3.801947
Train Epoch: 8 [18240/24148 (75%)]	Loss: 3.685401
Train Epoch: 8 [18560/24148 (77%)]	Loss: 3.877821
Train Epoch: 8 [18880/24148 (78%)]	Loss: 3.482267
Train Epoch: 8 [19200/24148 (79%)]	Loss: 4.060785
Train Epoch: 8 [19520/24148 (81%)]	Loss: 4.443028
Train Epoch: 8 [19840/24148 (82%)]	Loss: 3.842006
Train Epoch: 8 [20160/24148 (83%)]	Loss: 4.023461
Train Epoch: 8 [20480/24148 (85%)]	Loss: 4.289159
Train Epoch: 8 [20800/24148 (86%)]	Loss: 4.372670
Train Epoch: 8 [21120/24148 (87%)]	Loss: 3.997338
Train Epoch: 8 [21440/24148 (89%)]	Loss: 4.459889
Train Epoch: 8 [21760/24148 (90%)]	Loss: 4.155963
Train Epoch: 8 [22080/24148 (91%)]	Loss: 4.082138
Train Epoch: 8 [22400/24148 (93%)]	Loss: 4.174296
Train Epoch: 8 [22720/24148 (94%)]	Loss: 3.475559
Train Epoch: 8 [23040/24148 (95%)]	Loss: 3.765800
Train Epoch: 8 [23360/24148 (97%)]	Loss: 3.954091
Train Epoch: 8 [23680/24148 (98%)]	Loss: 3.899527
Train Epoch: 8 [24000/24148 (99%)]	Loss: 3.554693

Test set: Average loss: 4.2108, Accuracy: 1080/6037 (18%)

Train Epoch: 9 [0/24148 (0%)]	Loss: 4.441873
Train Epoch: 9 [320/24148 (1%)]	Loss: 3.970296
Train Epoch: 9 [640/24148 (3%)]	Loss: 4.213619
Train Epoch: 9 [960/24148 (4%)]	Loss: 4.239347
Train Epoch: 9 [1280/24148 (5%)]	Loss: 3.442051
Train Epoch: 9 [1600/24148 (7%)]	Loss: 3.613696
Train Epoch: 9 [1920/24148 (8%)]	Loss: 4.162153
Train Epoch: 9 [2240/24148 (9%)]	Loss: 3.321611
Train Epoch: 9 [2560/24148 (11%)]	Loss: 4.200905
Train Epoch: 9 [2880/24148 (12%)]	Loss: 3.476483
Train Epoch: 9 [3200/24148 (13%)]	Loss: 3.492003
Train Epoch: 9 [3520/24148 (15%)]	Loss: 3.507104
Train Epoch: 9 [3840/24148 (16%)]	Loss: 3.611947
Train Epoch: 9 [4160/24148 (17%)]	Loss: 3.325606
Train Epoch: 9 [4480/24148 (19%)]	Loss: 3.440499
Train Epoch: 9 [4800/24148 (20%)]	Loss: 3.766773
Train Epoch: 9 [5120/24148 (21%)]	Loss: 3.813156
Train Epoch: 9 [5440/24148 (23%)]	Loss: 3.624650
Train Epoch: 9 [5760/24148 (24%)]	Loss: 3.911496
Train Epoch: 9 [6080/24148 (25%)]	Loss: 4.189257
Train Epoch: 9 [6400/24148 (26%)]	Loss: 4.060202
Train Epoch: 9 [6720/24148 (28%)]	Loss: 3.537117
Train Epoch: 9 [7040/24148 (29%)]	Loss: 3.732019
Train Epoch: 9 [7360/24148 (30%)]	Loss: 4.360110
Train Epoch: 9 [7680/24148 (32%)]	Loss: 3.896000
Train Epoch: 9 [8000/24148 (33%)]	Loss: 3.395544
Train Epoch: 9 [8320/24148 (34%)]	Loss: 3.514798
Train Epoch: 9 [8640/24148 (36%)]	Loss: 4.031899
Train Epoch: 9 [8960/24148 (37%)]	Loss: 3.742097
Train Epoch: 9 [9280/24148 (38%)]	Loss: 3.504011
Train Epoch: 9 [9600/24148 (40%)]	Loss: 4.040233
Train Epoch: 9 [9920/24148 (41%)]	Loss: 3.442541
Train Epoch: 9 [10240/24148 (42%)]	Loss: 3.812676
Train Epoch: 9 [10560/24148 (44%)]	Loss: 3.339509
Train Epoch: 9 [10880/24148 (45%)]	Loss: 3.969128
Train Epoch: 9 [11200/24148 (46%)]	Loss: 3.953959
Train Epoch: 9 [11520/24148 (48%)]	Loss: 3.856256
Train Epoch: 9 [11840/24148 (49%)]	Loss: 3.778046
Train Epoch: 9 [12160/24148 (50%)]	Loss: 3.600427
Train Epoch: 9 [12480/24148 (52%)]	Loss: 3.924734
Train Epoch: 9 [12800/24148 (53%)]	Loss: 3.750899
Train Epoch: 9 [13120/24148 (54%)]	Loss: 3.768350
Train Epoch: 9 [13440/24148 (56%)]	Loss: 4.316219
Train Epoch: 9 [13760/24148 (57%)]	Loss: 4.553749
Train Epoch: 9 [14080/24148 (58%)]	Loss: 4.185639
Train Epoch: 9 [14400/24148 (60%)]	Loss: 4.141879
Train Epoch: 9 [14720/24148 (61%)]	Loss: 4.038806
Train Epoch: 9 [15040/24148 (62%)]	Loss: 3.730651
Train Epoch: 9 [15360/24148 (64%)]	Loss: 3.223506
Train Epoch: 9 [15680/24148 (65%)]	Loss: 3.681329
Train Epoch: 9 [16000/24148 (66%)]	Loss: 3.434185
Train Epoch: 9 [16320/24148 (68%)]	Loss: 4.577835
Train Epoch: 9 [16640/24148 (69%)]	Loss: 3.785783
Train Epoch: 9 [16960/24148 (70%)]	Loss: 3.398178
Train Epoch: 9 [17280/24148 (72%)]	Loss: 3.720054
Train Epoch: 9 [17600/24148 (73%)]	Loss: 3.572227
Train Epoch: 9 [17920/24148 (74%)]	Loss: 4.128491
Train Epoch: 9 [18240/24148 (75%)]	Loss: 4.088083
Train Epoch: 9 [18560/24148 (77%)]	Loss: 4.017076
Train Epoch: 9 [18880/24148 (78%)]	Loss: 4.304021
Train Epoch: 9 [19200/24148 (79%)]	Loss: 4.256236
Train Epoch: 9 [19520/24148 (81%)]	Loss: 3.178712
Train Epoch: 9 [19840/24148 (82%)]	Loss: 3.318669
Train Epoch: 9 [20160/24148 (83%)]	Loss: 4.101157
Train Epoch: 9 [20480/24148 (85%)]	Loss: 4.245747
Train Epoch: 9 [20800/24148 (86%)]	Loss: 3.500703
Train Epoch: 9 [21120/24148 (87%)]	Loss: 4.201775
Train Epoch: 9 [21440/24148 (89%)]	Loss: 3.751646
Train Epoch: 9 [21760/24148 (90%)]	Loss: 3.424328
Train Epoch: 9 [22080/24148 (91%)]	Loss: 3.847256
Train Epoch: 9 [22400/24148 (93%)]	Loss: 4.243570
Train Epoch: 9 [22720/24148 (94%)]	Loss: 3.647207
Train Epoch: 9 [23040/24148 (95%)]	Loss: 3.631819
Train Epoch: 9 [23360/24148 (97%)]	Loss: 3.954593
Train Epoch: 9 [23680/24148 (98%)]	Loss: 3.967088
Train Epoch: 9 [24000/24148 (99%)]	Loss: 3.589711

Test set: Average loss: 4.1380, Accuracy: 1164/6037 (19%)

Train Epoch: 10 [0/24148 (0%)]	Loss: 3.986775
Train Epoch: 10 [320/24148 (1%)]	Loss: 3.559951
Train Epoch: 10 [640/24148 (3%)]	Loss: 3.443179
Train Epoch: 10 [960/24148 (4%)]	Loss: 3.809941
Train Epoch: 10 [1280/24148 (5%)]	Loss: 3.605558
Train Epoch: 10 [1600/24148 (7%)]	Loss: 3.563908
Train Epoch: 10 [1920/24148 (8%)]	Loss: 3.981286
Train Epoch: 10 [2240/24148 (9%)]	Loss: 3.340008
Train Epoch: 10 [2560/24148 (11%)]	Loss: 3.769055
Train Epoch: 10 [2880/24148 (12%)]	Loss: 3.785848
Train Epoch: 10 [3200/24148 (13%)]	Loss: 3.875447
Train Epoch: 10 [3520/24148 (15%)]	Loss: 4.092330
Train Epoch: 10 [3840/24148 (16%)]	Loss: 3.571601
Train Epoch: 10 [4160/24148 (17%)]	Loss: 4.118478
Train Epoch: 10 [4480/24148 (19%)]	Loss: 3.728625
Train Epoch: 10 [4800/24148 (20%)]	Loss: 4.027637
Train Epoch: 10 [5120/24148 (21%)]	Loss: 3.955060
Train Epoch: 10 [5440/24148 (23%)]	Loss: 3.637118
Train Epoch: 10 [5760/24148 (24%)]	Loss: 3.696146
Train Epoch: 10 [6080/24148 (25%)]	Loss: 3.965365
Train Epoch: 10 [6400/24148 (26%)]	Loss: 3.634522
Train Epoch: 10 [6720/24148 (28%)]	Loss: 3.638724
Train Epoch: 10 [7040/24148 (29%)]	Loss: 3.602109
Train Epoch: 10 [7360/24148 (30%)]	Loss: 3.661802
Train Epoch: 10 [7680/24148 (32%)]	Loss: 3.473631
Train Epoch: 10 [8000/24148 (33%)]	Loss: 3.867722
Train Epoch: 10 [8320/24148 (34%)]	Loss: 3.506900
Train Epoch: 10 [8640/24148 (36%)]	Loss: 3.367058
Train Epoch: 10 [8960/24148 (37%)]	Loss: 4.036901
Train Epoch: 10 [9280/24148 (38%)]	Loss: 3.608106
Train Epoch: 10 [9600/24148 (40%)]	Loss: 3.574050
Train Epoch: 10 [9920/24148 (41%)]	Loss: 3.081474
Train Epoch: 10 [10240/24148 (42%)]	Loss: 3.570169
Train Epoch: 10 [10560/24148 (44%)]	Loss: 3.931589
Train Epoch: 10 [10880/24148 (45%)]	Loss: 3.572865
Train Epoch: 10 [11200/24148 (46%)]	Loss: 3.645555
Train Epoch: 10 [11520/24148 (48%)]	Loss: 3.491576
Train Epoch: 10 [11840/24148 (49%)]	Loss: 3.889459
Train Epoch: 10 [12160/24148 (50%)]	Loss: 3.650391
Train Epoch: 10 [12480/24148 (52%)]	Loss: 3.837858
Train Epoch: 10 [12800/24148 (53%)]	Loss: 3.627542
Train Epoch: 10 [13120/24148 (54%)]	Loss: 3.589112
Train Epoch: 10 [13440/24148 (56%)]	Loss: 3.560243
Train Epoch: 10 [13760/24148 (57%)]	Loss: 4.023023
Train Epoch: 10 [14080/24148 (58%)]	Loss: 3.368733
Train Epoch: 10 [14400/24148 (60%)]	Loss: 3.840883
Train Epoch: 10 [14720/24148 (61%)]	Loss: 3.184438
Train Epoch: 10 [15040/24148 (62%)]	Loss: 3.869683
Train Epoch: 10 [15360/24148 (64%)]	Loss: 3.356182
Train Epoch: 10 [15680/24148 (65%)]	Loss: 3.940876
Train Epoch: 10 [16000/24148 (66%)]	Loss: 3.611773
Train Epoch: 10 [16320/24148 (68%)]	Loss: 4.130256
Train Epoch: 10 [16640/24148 (69%)]	Loss: 3.758260
Train Epoch: 10 [16960/24148 (70%)]	Loss: 4.049752
Train Epoch: 10 [17280/24148 (72%)]	Loss: 3.071953
Train Epoch: 10 [17600/24148 (73%)]	Loss: 4.032331
Train Epoch: 10 [17920/24148 (74%)]	Loss: 3.428767
Train Epoch: 10 [18240/24148 (75%)]	Loss: 3.162997
Train Epoch: 10 [18560/24148 (77%)]	Loss: 3.764767
Train Epoch: 10 [18880/24148 (78%)]	Loss: 3.778957
Train Epoch: 10 [19200/24148 (79%)]	Loss: 3.048442
Train Epoch: 10 [19520/24148 (81%)]	Loss: 4.109159
Train Epoch: 10 [19840/24148 (82%)]	Loss: 3.628734
Train Epoch: 10 [20160/24148 (83%)]	Loss: 3.170792
Train Epoch: 10 [20480/24148 (85%)]	Loss: 4.106536
Train Epoch: 10 [20800/24148 (86%)]	Loss: 3.577869
Train Epoch: 10 [21120/24148 (87%)]	Loss: 4.074042
Train Epoch: 10 [21440/24148 (89%)]	Loss: 3.997529
Train Epoch: 10 [21760/24148 (90%)]	Loss: 3.400138
Train Epoch: 10 [22080/24148 (91%)]	Loss: 3.499432
Train Epoch: 10 [22400/24148 (93%)]	Loss: 3.863606
Train Epoch: 10 [22720/24148 (94%)]	Loss: 3.280036
Train Epoch: 10 [23040/24148 (95%)]	Loss: 4.179945
Train Epoch: 10 [23360/24148 (97%)]	Loss: 3.453894
Train Epoch: 10 [23680/24148 (98%)]	Loss: 3.544065
Train Epoch: 10 [24000/24148 (99%)]	Loss: 4.237627

Test set: Average loss: 4.1098, Accuracy: 1207/6037 (20%)

Average seconds for training 1 epoch: 177.2456721544266
Average seconds for testing: 16.09334123134613
