Logging tensorboard to ./runs/Caltech256/vit_linformer_patch_size_8_k_64_one_kv_head_True
Files already downloaded and verified
Total number of parameters in the model: 14161025
Train Epoch: 1 [0/24148 (0%)]	Loss: 5.565947
Train Epoch: 1 [320/24148 (1%)]	Loss: 6.409918
Train Epoch: 1 [640/24148 (3%)]	Loss: 5.691144
Train Epoch: 1 [960/24148 (4%)]	Loss: 5.790967
Train Epoch: 1 [1280/24148 (5%)]	Loss: 5.728581
Train Epoch: 1 [1600/24148 (7%)]	Loss: 5.778872
Train Epoch: 1 [1920/24148 (8%)]	Loss: 5.345939
Train Epoch: 1 [2240/24148 (9%)]	Loss: 5.420458
Train Epoch: 1 [2560/24148 (11%)]	Loss: 5.415013
Train Epoch: 1 [2880/24148 (12%)]	Loss: 5.417907
Train Epoch: 1 [3200/24148 (13%)]	Loss: 5.205279
Train Epoch: 1 [3520/24148 (15%)]	Loss: 5.345304
Train Epoch: 1 [3840/24148 (16%)]	Loss: 5.509808
Train Epoch: 1 [4160/24148 (17%)]	Loss: 5.204806
Train Epoch: 1 [4480/24148 (19%)]	Loss: 5.309034
Train Epoch: 1 [4800/24148 (20%)]	Loss: 5.445672
Train Epoch: 1 [5120/24148 (21%)]	Loss: 4.819065
Train Epoch: 1 [5440/24148 (23%)]	Loss: 5.257746
Train Epoch: 1 [5760/24148 (24%)]	Loss: 5.544655
Train Epoch: 1 [6080/24148 (25%)]	Loss: 5.410072
Train Epoch: 1 [6400/24148 (26%)]	Loss: 5.364278
Train Epoch: 1 [6720/24148 (28%)]	Loss: 5.428014
Train Epoch: 1 [7040/24148 (29%)]	Loss: 5.300575
Train Epoch: 1 [7360/24148 (30%)]	Loss: 5.545614
Train Epoch: 1 [7680/24148 (32%)]	Loss: 5.275599
Train Epoch: 1 [8000/24148 (33%)]	Loss: 5.311867
Train Epoch: 1 [8320/24148 (34%)]	Loss: 5.139169
Train Epoch: 1 [8640/24148 (36%)]	Loss: 5.064569
Train Epoch: 1 [8960/24148 (37%)]	Loss: 5.340565
Train Epoch: 1 [9280/24148 (38%)]	Loss: 5.160364
Train Epoch: 1 [9600/24148 (40%)]	Loss: 5.281056
Train Epoch: 1 [9920/24148 (41%)]	Loss: 5.449392
Train Epoch: 1 [10240/24148 (42%)]	Loss: 4.933670
Train Epoch: 1 [10560/24148 (44%)]	Loss: 5.513307
Train Epoch: 1 [10880/24148 (45%)]	Loss: 5.355301
Train Epoch: 1 [11200/24148 (46%)]	Loss: 5.249285
Train Epoch: 1 [11520/24148 (48%)]	Loss: 5.035862
Train Epoch: 1 [11840/24148 (49%)]	Loss: 5.274353
Train Epoch: 1 [12160/24148 (50%)]	Loss: 5.456519
Train Epoch: 1 [12480/24148 (52%)]	Loss: 4.987674
Train Epoch: 1 [12800/24148 (53%)]	Loss: 5.175006
Train Epoch: 1 [13120/24148 (54%)]	Loss: 4.945503
Train Epoch: 1 [13440/24148 (56%)]	Loss: 5.336305
Train Epoch: 1 [13760/24148 (57%)]	Loss: 5.244994
Train Epoch: 1 [14080/24148 (58%)]	Loss: 5.504885
Train Epoch: 1 [14400/24148 (60%)]	Loss: 5.381446
Train Epoch: 1 [14720/24148 (61%)]	Loss: 4.911102
Train Epoch: 1 [15040/24148 (62%)]	Loss: 5.061749
Train Epoch: 1 [15360/24148 (64%)]	Loss: 5.051268
Train Epoch: 1 [15680/24148 (65%)]	Loss: 4.957739
Train Epoch: 1 [16000/24148 (66%)]	Loss: 5.108775
Train Epoch: 1 [16320/24148 (68%)]	Loss: 4.692227
Train Epoch: 1 [16640/24148 (69%)]	Loss: 4.985676
Train Epoch: 1 [16960/24148 (70%)]	Loss: 5.058186
Train Epoch: 1 [17280/24148 (72%)]	Loss: 4.937240
Train Epoch: 1 [17600/24148 (73%)]	Loss: 5.083314
Train Epoch: 1 [17920/24148 (74%)]	Loss: 5.538133
Train Epoch: 1 [18240/24148 (75%)]	Loss: 5.030170
Train Epoch: 1 [18560/24148 (77%)]	Loss: 4.921600
Train Epoch: 1 [18880/24148 (78%)]	Loss: 5.271679
Train Epoch: 1 [19200/24148 (79%)]	Loss: 5.000151
Train Epoch: 1 [19520/24148 (81%)]	Loss: 5.051062
Train Epoch: 1 [19840/24148 (82%)]	Loss: 5.200685
Train Epoch: 1 [20160/24148 (83%)]	Loss: 5.177564
Train Epoch: 1 [20480/24148 (85%)]	Loss: 5.256305
Train Epoch: 1 [20800/24148 (86%)]	Loss: 4.873464
Train Epoch: 1 [21120/24148 (87%)]	Loss: 5.210363
Train Epoch: 1 [21440/24148 (89%)]	Loss: 5.278942
Train Epoch: 1 [21760/24148 (90%)]	Loss: 4.776832
Train Epoch: 1 [22080/24148 (91%)]	Loss: 5.286304
Train Epoch: 1 [22400/24148 (93%)]	Loss: 4.929233
Train Epoch: 1 [22720/24148 (94%)]	Loss: 5.262865
Train Epoch: 1 [23040/24148 (95%)]	Loss: 5.188945
Train Epoch: 1 [23360/24148 (97%)]	Loss: 5.210658
Train Epoch: 1 [23680/24148 (98%)]	Loss: 5.280589
Train Epoch: 1 [24000/24148 (99%)]	Loss: 5.283568

Test set: Average loss: 5.1373, Accuracy: 452/6037 (7%)

Train Epoch: 2 [0/24148 (0%)]	Loss: 5.324628
Train Epoch: 2 [320/24148 (1%)]	Loss: 4.560274
Train Epoch: 2 [640/24148 (3%)]	Loss: 4.999375
Train Epoch: 2 [960/24148 (4%)]	Loss: 5.597761
Train Epoch: 2 [1280/24148 (5%)]	Loss: 5.080294
Train Epoch: 2 [1600/24148 (7%)]	Loss: 5.032593
Train Epoch: 2 [1920/24148 (8%)]	Loss: 5.040646
Train Epoch: 2 [2240/24148 (9%)]	Loss: 4.966669
Train Epoch: 2 [2560/24148 (11%)]	Loss: 5.044708
Train Epoch: 2 [2880/24148 (12%)]	Loss: 5.119856
Train Epoch: 2 [3200/24148 (13%)]	Loss: 5.247293
Train Epoch: 2 [3520/24148 (15%)]	Loss: 5.421998
Train Epoch: 2 [3840/24148 (16%)]	Loss: 5.130402
Train Epoch: 2 [4160/24148 (17%)]	Loss: 4.622321
Train Epoch: 2 [4480/24148 (19%)]	Loss: 5.034381
Train Epoch: 2 [4800/24148 (20%)]	Loss: 5.039513
Train Epoch: 2 [5120/24148 (21%)]	Loss: 5.392954
Train Epoch: 2 [5440/24148 (23%)]	Loss: 5.046466
Train Epoch: 2 [5760/24148 (24%)]	Loss: 5.126720
Train Epoch: 2 [6080/24148 (25%)]	Loss: 5.288071
Train Epoch: 2 [6400/24148 (26%)]	Loss: 5.422879
Train Epoch: 2 [6720/24148 (28%)]	Loss: 4.693410
Train Epoch: 2 [7040/24148 (29%)]	Loss: 5.417716
Train Epoch: 2 [7360/24148 (30%)]	Loss: 5.339174
Train Epoch: 2 [7680/24148 (32%)]	Loss: 5.130562
Train Epoch: 2 [8000/24148 (33%)]	Loss: 5.260342
Train Epoch: 2 [8320/24148 (34%)]	Loss: 4.869299
Train Epoch: 2 [8640/24148 (36%)]	Loss: 5.142018
Train Epoch: 2 [8960/24148 (37%)]	Loss: 5.162038
Train Epoch: 2 [9280/24148 (38%)]	Loss: 5.603293
Train Epoch: 2 [9600/24148 (40%)]	Loss: 5.025063
Train Epoch: 2 [9920/24148 (41%)]	Loss: 4.886661
Train Epoch: 2 [10240/24148 (42%)]	Loss: 5.153648
Train Epoch: 2 [10560/24148 (44%)]	Loss: 4.635182
Train Epoch: 2 [10880/24148 (45%)]	Loss: 5.150333
Train Epoch: 2 [11200/24148 (46%)]	Loss: 5.177057
Train Epoch: 2 [11520/24148 (48%)]	Loss: 4.729655
Train Epoch: 2 [11840/24148 (49%)]	Loss: 5.230929
Train Epoch: 2 [12160/24148 (50%)]	Loss: 4.845156
Train Epoch: 2 [12480/24148 (52%)]	Loss: 5.164784
Train Epoch: 2 [12800/24148 (53%)]	Loss: 4.915596
Train Epoch: 2 [13120/24148 (54%)]	Loss: 5.198692
Train Epoch: 2 [13440/24148 (56%)]	Loss: 5.175070
Train Epoch: 2 [13760/24148 (57%)]	Loss: 5.056121
Train Epoch: 2 [14080/24148 (58%)]	Loss: 5.697913
Train Epoch: 2 [14400/24148 (60%)]	Loss: 4.912505
Train Epoch: 2 [14720/24148 (61%)]	Loss: 5.351730
Train Epoch: 2 [15040/24148 (62%)]	Loss: 5.151935
Train Epoch: 2 [15360/24148 (64%)]	Loss: 5.181301
Train Epoch: 2 [15680/24148 (65%)]	Loss: 5.099707
Train Epoch: 2 [16000/24148 (66%)]	Loss: 5.108557
Train Epoch: 2 [16320/24148 (68%)]	Loss: 5.007366
Train Epoch: 2 [16640/24148 (69%)]	Loss: 4.842039
Train Epoch: 2 [16960/24148 (70%)]	Loss: 4.952521
Train Epoch: 2 [17280/24148 (72%)]	Loss: 5.234384
Train Epoch: 2 [17600/24148 (73%)]	Loss: 5.321768
Train Epoch: 2 [17920/24148 (74%)]	Loss: 5.188825
Train Epoch: 2 [18240/24148 (75%)]	Loss: 4.846485
Train Epoch: 2 [18560/24148 (77%)]	Loss: 5.037097
Train Epoch: 2 [18880/24148 (78%)]	Loss: 5.182467
Train Epoch: 2 [19200/24148 (79%)]	Loss: 4.996441
Train Epoch: 2 [19520/24148 (81%)]	Loss: 4.977316
Train Epoch: 2 [19840/24148 (82%)]	Loss: 5.055701
Train Epoch: 2 [20160/24148 (83%)]	Loss: 5.033461
Train Epoch: 2 [20480/24148 (85%)]	Loss: 5.087315
Train Epoch: 2 [20800/24148 (86%)]	Loss: 5.139261
Train Epoch: 2 [21120/24148 (87%)]	Loss: 5.273889
Train Epoch: 2 [21440/24148 (89%)]	Loss: 5.071739
Train Epoch: 2 [21760/24148 (90%)]	Loss: 5.043971
Train Epoch: 2 [22080/24148 (91%)]	Loss: 4.947280
Train Epoch: 2 [22400/24148 (93%)]	Loss: 5.068290
Train Epoch: 2 [22720/24148 (94%)]	Loss: 5.127337
Train Epoch: 2 [23040/24148 (95%)]	Loss: 5.115644
Train Epoch: 2 [23360/24148 (97%)]	Loss: 4.593638
Train Epoch: 2 [23680/24148 (98%)]	Loss: 5.413556
Train Epoch: 2 [24000/24148 (99%)]	Loss: 4.890865

Test set: Average loss: 4.9843, Accuracy: 588/6037 (10%)

Train Epoch: 3 [0/24148 (0%)]	Loss: 4.817230
Train Epoch: 3 [320/24148 (1%)]	Loss: 4.722182
Train Epoch: 3 [640/24148 (3%)]	Loss: 5.190928
Train Epoch: 3 [960/24148 (4%)]	Loss: 4.776838
Train Epoch: 3 [1280/24148 (5%)]	Loss: 5.088231
Train Epoch: 3 [1600/24148 (7%)]	Loss: 5.169904
Train Epoch: 3 [1920/24148 (8%)]	Loss: 4.998138
Train Epoch: 3 [2240/24148 (9%)]	Loss: 4.803857
Train Epoch: 3 [2560/24148 (11%)]	Loss: 5.333847
Train Epoch: 3 [2880/24148 (12%)]	Loss: 4.825071
Train Epoch: 3 [3200/24148 (13%)]	Loss: 4.940102
Train Epoch: 3 [3520/24148 (15%)]	Loss: 5.121999
Train Epoch: 3 [3840/24148 (16%)]	Loss: 4.599398
Train Epoch: 3 [4160/24148 (17%)]	Loss: 5.229088
Train Epoch: 3 [4480/24148 (19%)]	Loss: 4.882730
Train Epoch: 3 [4800/24148 (20%)]	Loss: 5.266001
Train Epoch: 3 [5120/24148 (21%)]	Loss: 5.045679
Train Epoch: 3 [5440/24148 (23%)]	Loss: 5.043030
Train Epoch: 3 [5760/24148 (24%)]	Loss: 5.582900
Train Epoch: 3 [6080/24148 (25%)]	Loss: 5.200327
Train Epoch: 3 [6400/24148 (26%)]	Loss: 5.140973
Train Epoch: 3 [6720/24148 (28%)]	Loss: 5.037073
Train Epoch: 3 [7040/24148 (29%)]	Loss: 4.693204
Train Epoch: 3 [7360/24148 (30%)]	Loss: 4.953705
Train Epoch: 3 [7680/24148 (32%)]	Loss: 5.370727
Train Epoch: 3 [8000/24148 (33%)]	Loss: 5.216327
Train Epoch: 3 [8320/24148 (34%)]	Loss: 4.808451
Train Epoch: 3 [8640/24148 (36%)]	Loss: 4.755107
Train Epoch: 3 [8960/24148 (37%)]	Loss: 4.620632
Train Epoch: 3 [9280/24148 (38%)]	Loss: 4.473361
Train Epoch: 3 [9600/24148 (40%)]	Loss: 5.306601
Train Epoch: 3 [9920/24148 (41%)]	Loss: 5.447655
Train Epoch: 3 [10240/24148 (42%)]	Loss: 4.992337
Train Epoch: 3 [10560/24148 (44%)]	Loss: 4.887848
Train Epoch: 3 [10880/24148 (45%)]	Loss: 4.862106
Train Epoch: 3 [11200/24148 (46%)]	Loss: 5.255663
Train Epoch: 3 [11520/24148 (48%)]	Loss: 4.600379
Train Epoch: 3 [11840/24148 (49%)]	Loss: 4.700654
Train Epoch: 3 [12160/24148 (50%)]	Loss: 4.735315
Train Epoch: 3 [12480/24148 (52%)]	Loss: 4.675876
Train Epoch: 3 [12800/24148 (53%)]	Loss: 4.822058
Train Epoch: 3 [13120/24148 (54%)]	Loss: 5.309231
Train Epoch: 3 [13440/24148 (56%)]	Loss: 4.514071
Train Epoch: 3 [13760/24148 (57%)]	Loss: 4.628603
Train Epoch: 3 [14080/24148 (58%)]	Loss: 4.768427
Train Epoch: 3 [14400/24148 (60%)]	Loss: 5.084077
Train Epoch: 3 [14720/24148 (61%)]	Loss: 5.211188
Train Epoch: 3 [15040/24148 (62%)]	Loss: 5.159871
Train Epoch: 3 [15360/24148 (64%)]	Loss: 5.116211
Train Epoch: 3 [15680/24148 (65%)]	Loss: 4.970149
Train Epoch: 3 [16000/24148 (66%)]	Loss: 5.023702
Train Epoch: 3 [16320/24148 (68%)]	Loss: 4.968694
Train Epoch: 3 [16640/24148 (69%)]	Loss: 5.370171
Train Epoch: 3 [16960/24148 (70%)]	Loss: 5.128677
Train Epoch: 3 [17280/24148 (72%)]	Loss: 4.852742
Train Epoch: 3 [17600/24148 (73%)]	Loss: 5.237659
Train Epoch: 3 [17920/24148 (74%)]	Loss: 5.174972
Train Epoch: 3 [18240/24148 (75%)]	Loss: 5.503547
Train Epoch: 3 [18560/24148 (77%)]	Loss: 4.818118
Train Epoch: 3 [18880/24148 (78%)]	Loss: 5.434579
Train Epoch: 3 [19200/24148 (79%)]	Loss: 5.113323
Train Epoch: 3 [19520/24148 (81%)]	Loss: 4.616345
Train Epoch: 3 [19840/24148 (82%)]	Loss: 4.979493
Train Epoch: 3 [20160/24148 (83%)]	Loss: 5.218271
Train Epoch: 3 [20480/24148 (85%)]	Loss: 4.086308
Train Epoch: 3 [20800/24148 (86%)]	Loss: 4.957005
Train Epoch: 3 [21120/24148 (87%)]	Loss: 4.894137
Train Epoch: 3 [21440/24148 (89%)]	Loss: 5.123593
Train Epoch: 3 [21760/24148 (90%)]	Loss: 4.837503
Train Epoch: 3 [22080/24148 (91%)]	Loss: 5.154542
Train Epoch: 3 [22400/24148 (93%)]	Loss: 5.458060
Train Epoch: 3 [22720/24148 (94%)]	Loss: 4.556416
Train Epoch: 3 [23040/24148 (95%)]	Loss: 4.410896
Train Epoch: 3 [23360/24148 (97%)]	Loss: 4.814345
Train Epoch: 3 [23680/24148 (98%)]	Loss: 4.859410
Train Epoch: 3 [24000/24148 (99%)]	Loss: 5.078484

Test set: Average loss: 4.9136, Accuracy: 609/6037 (10%)

Train Epoch: 4 [0/24148 (0%)]	Loss: 4.502738
Train Epoch: 4 [320/24148 (1%)]	Loss: 4.422222
Train Epoch: 4 [640/24148 (3%)]	Loss: 5.067776
Train Epoch: 4 [960/24148 (4%)]	Loss: 4.995550
Train Epoch: 4 [1280/24148 (5%)]	Loss: 4.770046
Train Epoch: 4 [1600/24148 (7%)]	Loss: 5.019393
Train Epoch: 4 [1920/24148 (8%)]	Loss: 4.815169
Train Epoch: 4 [2240/24148 (9%)]	Loss: 4.264394
Train Epoch: 4 [2560/24148 (11%)]	Loss: 5.346568
Train Epoch: 4 [2880/24148 (12%)]	Loss: 5.042962
Train Epoch: 4 [3200/24148 (13%)]	Loss: 4.903140
Train Epoch: 4 [3520/24148 (15%)]	Loss: 5.205022
Train Epoch: 4 [3840/24148 (16%)]	Loss: 4.497183
Train Epoch: 4 [4160/24148 (17%)]	Loss: 4.584478
Train Epoch: 4 [4480/24148 (19%)]	Loss: 4.888863
Train Epoch: 4 [4800/24148 (20%)]	Loss: 4.926198
Train Epoch: 4 [5120/24148 (21%)]	Loss: 5.038158
Train Epoch: 4 [5440/24148 (23%)]	Loss: 4.673512
Train Epoch: 4 [5760/24148 (24%)]	Loss: 4.794111
Train Epoch: 4 [6080/24148 (25%)]	Loss: 4.644079
Train Epoch: 4 [6400/24148 (26%)]	Loss: 4.921915
Train Epoch: 4 [6720/24148 (28%)]	Loss: 4.707079
Train Epoch: 4 [7040/24148 (29%)]	Loss: 4.651887
Train Epoch: 4 [7360/24148 (30%)]	Loss: 4.744851
Train Epoch: 4 [7680/24148 (32%)]	Loss: 4.893523
Train Epoch: 4 [8000/24148 (33%)]	Loss: 5.257810
Train Epoch: 4 [8320/24148 (34%)]	Loss: 4.720987
Train Epoch: 4 [8640/24148 (36%)]	Loss: 4.937496
Train Epoch: 4 [8960/24148 (37%)]	Loss: 5.067574
Train Epoch: 4 [9280/24148 (38%)]	Loss: 5.038133
Train Epoch: 4 [9600/24148 (40%)]	Loss: 4.344203
Train Epoch: 4 [9920/24148 (41%)]	Loss: 5.186967
Train Epoch: 4 [10240/24148 (42%)]	Loss: 4.843358
Train Epoch: 4 [10560/24148 (44%)]	Loss: 5.004701
Train Epoch: 4 [10880/24148 (45%)]	Loss: 4.515034
Train Epoch: 4 [11200/24148 (46%)]	Loss: 5.022183
Train Epoch: 4 [11520/24148 (48%)]	Loss: 5.150506
Train Epoch: 4 [11840/24148 (49%)]	Loss: 5.279365
Train Epoch: 4 [12160/24148 (50%)]	Loss: 4.786150
Train Epoch: 4 [12480/24148 (52%)]	Loss: 4.797605
Train Epoch: 4 [12800/24148 (53%)]	Loss: 4.672078
Train Epoch: 4 [13120/24148 (54%)]	Loss: 4.638300
Train Epoch: 4 [13440/24148 (56%)]	Loss: 4.385382
Train Epoch: 4 [13760/24148 (57%)]	Loss: 4.707436
Train Epoch: 4 [14080/24148 (58%)]	Loss: 4.467733
Train Epoch: 4 [14400/24148 (60%)]	Loss: 4.480699
Train Epoch: 4 [14720/24148 (61%)]	Loss: 5.041136
Train Epoch: 4 [15040/24148 (62%)]	Loss: 4.518727
Train Epoch: 4 [15360/24148 (64%)]	Loss: 4.677348
Train Epoch: 4 [15680/24148 (65%)]	Loss: 4.721388
Train Epoch: 4 [16000/24148 (66%)]	Loss: 4.707810
Train Epoch: 4 [16320/24148 (68%)]	Loss: 5.028647
Train Epoch: 4 [16640/24148 (69%)]	Loss: 4.659312
Train Epoch: 4 [16960/24148 (70%)]	Loss: 4.821581
Train Epoch: 4 [17280/24148 (72%)]	Loss: 4.432820
Train Epoch: 4 [17600/24148 (73%)]	Loss: 4.845989
Train Epoch: 4 [17920/24148 (74%)]	Loss: 5.282122
Train Epoch: 4 [18240/24148 (75%)]	Loss: 4.722080
Train Epoch: 4 [18560/24148 (77%)]	Loss: 4.556648
Train Epoch: 4 [18880/24148 (78%)]	Loss: 4.812957
Train Epoch: 4 [19200/24148 (79%)]	Loss: 4.632465
Train Epoch: 4 [19520/24148 (81%)]	Loss: 5.176839
Train Epoch: 4 [19840/24148 (82%)]	Loss: 4.180251
Train Epoch: 4 [20160/24148 (83%)]	Loss: 5.281491
Train Epoch: 4 [20480/24148 (85%)]	Loss: 4.634840
Train Epoch: 4 [20800/24148 (86%)]	Loss: 5.043553
Train Epoch: 4 [21120/24148 (87%)]	Loss: 4.932859
Train Epoch: 4 [21440/24148 (89%)]	Loss: 5.079211
Train Epoch: 4 [21760/24148 (90%)]	Loss: 4.777799
Train Epoch: 4 [22080/24148 (91%)]	Loss: 5.047817
Train Epoch: 4 [22400/24148 (93%)]	Loss: 4.883843
Train Epoch: 4 [22720/24148 (94%)]	Loss: 5.164000
Train Epoch: 4 [23040/24148 (95%)]	Loss: 4.610624
Train Epoch: 4 [23360/24148 (97%)]	Loss: 4.864831
Train Epoch: 4 [23680/24148 (98%)]	Loss: 4.222125
Train Epoch: 4 [24000/24148 (99%)]	Loss: 4.896015

Test set: Average loss: 4.8703, Accuracy: 655/6037 (11%)

Train Epoch: 5 [0/24148 (0%)]	Loss: 4.566357
Train Epoch: 5 [320/24148 (1%)]	Loss: 4.484097
Train Epoch: 5 [640/24148 (3%)]	Loss: 4.052521
Train Epoch: 5 [960/24148 (4%)]	Loss: 5.245968
Train Epoch: 5 [1280/24148 (5%)]	Loss: 4.802159
Train Epoch: 5 [1600/24148 (7%)]	Loss: 4.658731
Train Epoch: 5 [1920/24148 (8%)]	Loss: 5.010644
Train Epoch: 5 [2240/24148 (9%)]	Loss: 4.501443
Train Epoch: 5 [2560/24148 (11%)]	Loss: 4.459392
Train Epoch: 5 [2880/24148 (12%)]	Loss: 4.768576
Train Epoch: 5 [3200/24148 (13%)]	Loss: 4.878592
Train Epoch: 5 [3520/24148 (15%)]	Loss: 4.572712
Train Epoch: 5 [3840/24148 (16%)]	Loss: 4.633880
Train Epoch: 5 [4160/24148 (17%)]	Loss: 4.869247
Train Epoch: 5 [4480/24148 (19%)]	Loss: 4.915130
Train Epoch: 5 [4800/24148 (20%)]	Loss: 4.774621
Train Epoch: 5 [5120/24148 (21%)]	Loss: 4.812151
Train Epoch: 5 [5440/24148 (23%)]	Loss: 4.270988
Train Epoch: 5 [5760/24148 (24%)]	Loss: 4.424438
Train Epoch: 5 [6080/24148 (25%)]	Loss: 4.266794
Train Epoch: 5 [6400/24148 (26%)]	Loss: 4.836377
Train Epoch: 5 [6720/24148 (28%)]	Loss: 5.054410
Train Epoch: 5 [7040/24148 (29%)]	Loss: 4.604693
Train Epoch: 5 [7360/24148 (30%)]	Loss: 4.812511
Train Epoch: 5 [7680/24148 (32%)]	Loss: 5.291108
Train Epoch: 5 [8000/24148 (33%)]	Loss: 5.013403
Train Epoch: 5 [8320/24148 (34%)]	Loss: 4.515588
Train Epoch: 5 [8640/24148 (36%)]	Loss: 4.672737
Train Epoch: 5 [8960/24148 (37%)]	Loss: 4.745201
Train Epoch: 5 [9280/24148 (38%)]	Loss: 4.503267
Train Epoch: 5 [9600/24148 (40%)]	Loss: 4.573862
Train Epoch: 5 [9920/24148 (41%)]	Loss: 4.613403
Train Epoch: 5 [10240/24148 (42%)]	Loss: 4.832963
Train Epoch: 5 [10560/24148 (44%)]	Loss: 4.806066
Train Epoch: 5 [10880/24148 (45%)]	Loss: 4.799862
Train Epoch: 5 [11200/24148 (46%)]	Loss: 4.251894
Train Epoch: 5 [11520/24148 (48%)]	Loss: 4.850714
Train Epoch: 5 [11840/24148 (49%)]	Loss: 4.866882
Train Epoch: 5 [12160/24148 (50%)]	Loss: 4.664779
Train Epoch: 5 [12480/24148 (52%)]	Loss: 4.767700
Train Epoch: 5 [12800/24148 (53%)]	Loss: 4.447617
Train Epoch: 5 [13120/24148 (54%)]	Loss: 4.830906
Train Epoch: 5 [13440/24148 (56%)]	Loss: 5.150959
Train Epoch: 5 [13760/24148 (57%)]	Loss: 5.084243
Train Epoch: 5 [14080/24148 (58%)]	Loss: 4.750690
Train Epoch: 5 [14400/24148 (60%)]	Loss: 4.644231
Train Epoch: 5 [14720/24148 (61%)]	Loss: 4.712381
Train Epoch: 5 [15040/24148 (62%)]	Loss: 4.792787
Train Epoch: 5 [15360/24148 (64%)]	Loss: 4.875579
Train Epoch: 5 [15680/24148 (65%)]	Loss: 4.944540
Train Epoch: 5 [16000/24148 (66%)]	Loss: 5.086754
Train Epoch: 5 [16320/24148 (68%)]	Loss: 5.086258
Train Epoch: 5 [16640/24148 (69%)]	Loss: 4.500484
Train Epoch: 5 [16960/24148 (70%)]	Loss: 4.557707
Train Epoch: 5 [17280/24148 (72%)]	Loss: 5.267310
Train Epoch: 5 [17600/24148 (73%)]	Loss: 4.885819
Train Epoch: 5 [17920/24148 (74%)]	Loss: 5.082951
Train Epoch: 5 [18240/24148 (75%)]	Loss: 4.728873
Train Epoch: 5 [18560/24148 (77%)]	Loss: 4.787371
Train Epoch: 5 [18880/24148 (78%)]	Loss: 5.120618
Train Epoch: 5 [19200/24148 (79%)]	Loss: 4.165211
Train Epoch: 5 [19520/24148 (81%)]	Loss: 5.072236
Train Epoch: 5 [19840/24148 (82%)]	Loss: 4.566910
Train Epoch: 5 [20160/24148 (83%)]	Loss: 4.967153
Train Epoch: 5 [20480/24148 (85%)]	Loss: 5.270038
Train Epoch: 5 [20800/24148 (86%)]	Loss: 4.649045
Train Epoch: 5 [21120/24148 (87%)]	Loss: 5.151870
Train Epoch: 5 [21440/24148 (89%)]	Loss: 4.834404
Train Epoch: 5 [21760/24148 (90%)]	Loss: 5.051668
Train Epoch: 5 [22080/24148 (91%)]	Loss: 4.901243
Train Epoch: 5 [22400/24148 (93%)]	Loss: 4.757786
Train Epoch: 5 [22720/24148 (94%)]	Loss: 4.781452
Train Epoch: 5 [23040/24148 (95%)]	Loss: 4.602139
Train Epoch: 5 [23360/24148 (97%)]	Loss: 4.884732
Train Epoch: 5 [23680/24148 (98%)]	Loss: 4.850345
Train Epoch: 5 [24000/24148 (99%)]	Loss: 4.989447

Test set: Average loss: 4.8099, Accuracy: 674/6037 (11%)

Train Epoch: 6 [0/24148 (0%)]	Loss: 4.473738
Train Epoch: 6 [320/24148 (1%)]	Loss: 4.606658
Train Epoch: 6 [640/24148 (3%)]	Loss: 4.991869
Train Epoch: 6 [960/24148 (4%)]	Loss: 4.611052
Train Epoch: 6 [1280/24148 (5%)]	Loss: 4.576171
Train Epoch: 6 [1600/24148 (7%)]	Loss: 4.872655
Train Epoch: 6 [1920/24148 (8%)]	Loss: 5.007845
Train Epoch: 6 [2240/24148 (9%)]	Loss: 4.469020
Train Epoch: 6 [2560/24148 (11%)]	Loss: 4.854970
Train Epoch: 6 [2880/24148 (12%)]	Loss: 4.834363
Train Epoch: 6 [3200/24148 (13%)]	Loss: 4.552557
Train Epoch: 6 [3520/24148 (15%)]	Loss: 4.664477
Train Epoch: 6 [3840/24148 (16%)]	Loss: 4.837252
Train Epoch: 6 [4160/24148 (17%)]	Loss: 4.602678
Train Epoch: 6 [4480/24148 (19%)]	Loss: 4.679318
Train Epoch: 6 [4800/24148 (20%)]	Loss: 4.590186
Train Epoch: 6 [5120/24148 (21%)]	Loss: 4.692207
Train Epoch: 6 [5440/24148 (23%)]	Loss: 4.383571
Train Epoch: 6 [5760/24148 (24%)]	Loss: 4.552166
Train Epoch: 6 [6080/24148 (25%)]	Loss: 4.439193
Train Epoch: 6 [6400/24148 (26%)]	Loss: 4.877042
Train Epoch: 6 [6720/24148 (28%)]	Loss: 4.569194
Train Epoch: 6 [7040/24148 (29%)]	Loss: 4.994880
Train Epoch: 6 [7360/24148 (30%)]	Loss: 4.832551
Train Epoch: 6 [7680/24148 (32%)]	Loss: 4.142529
Train Epoch: 6 [8000/24148 (33%)]	Loss: 4.467566
Train Epoch: 6 [8320/24148 (34%)]	Loss: 4.670906
Train Epoch: 6 [8640/24148 (36%)]	Loss: 4.930674
Train Epoch: 6 [8960/24148 (37%)]	Loss: 4.795351
Train Epoch: 6 [9280/24148 (38%)]	Loss: 4.780296
Train Epoch: 6 [9600/24148 (40%)]	Loss: 4.799035
Train Epoch: 6 [9920/24148 (41%)]	Loss: 4.778513
Train Epoch: 6 [10240/24148 (42%)]	Loss: 4.535865
Train Epoch: 6 [10560/24148 (44%)]	Loss: 4.784991
Train Epoch: 6 [10880/24148 (45%)]	Loss: 5.033461
Train Epoch: 6 [11200/24148 (46%)]	Loss: 4.473329
Train Epoch: 6 [11520/24148 (48%)]	Loss: 4.359922
Train Epoch: 6 [11840/24148 (49%)]	Loss: 4.468730
Train Epoch: 6 [12160/24148 (50%)]	Loss: 5.048999
Train Epoch: 6 [12480/24148 (52%)]	Loss: 4.624865
Train Epoch: 6 [12800/24148 (53%)]	Loss: 4.998922
Train Epoch: 6 [13120/24148 (54%)]	Loss: 4.690106
Train Epoch: 6 [13440/24148 (56%)]	Loss: 4.992144
Train Epoch: 6 [13760/24148 (57%)]	Loss: 5.125076
Train Epoch: 6 [14080/24148 (58%)]	Loss: 4.532050
Train Epoch: 6 [14400/24148 (60%)]	Loss: 4.811322
Train Epoch: 6 [14720/24148 (61%)]	Loss: 4.584208
Train Epoch: 6 [15040/24148 (62%)]	Loss: 4.676249
Train Epoch: 6 [15360/24148 (64%)]	Loss: 4.874244
Train Epoch: 6 [15680/24148 (65%)]	Loss: 4.426126
Train Epoch: 6 [16000/24148 (66%)]	Loss: 4.832715
Train Epoch: 6 [16320/24148 (68%)]	Loss: 4.989280
Train Epoch: 6 [16640/24148 (69%)]	Loss: 4.549020
Train Epoch: 6 [16960/24148 (70%)]	Loss: 4.702675
Train Epoch: 6 [17280/24148 (72%)]	Loss: 4.610744
Train Epoch: 6 [17600/24148 (73%)]	Loss: 4.732312
Train Epoch: 6 [17920/24148 (74%)]	Loss: 4.479467
Train Epoch: 6 [18240/24148 (75%)]	Loss: 4.559353
Train Epoch: 6 [18560/24148 (77%)]	Loss: 4.534228
Train Epoch: 6 [18880/24148 (78%)]	Loss: 5.042458
Train Epoch: 6 [19200/24148 (79%)]	Loss: 4.470804
Train Epoch: 6 [19520/24148 (81%)]	Loss: 4.801428
Train Epoch: 6 [19840/24148 (82%)]	Loss: 4.742579
Train Epoch: 6 [20160/24148 (83%)]	Loss: 4.734743
Train Epoch: 6 [20480/24148 (85%)]	Loss: 4.629711
Train Epoch: 6 [20800/24148 (86%)]	Loss: 5.221463
Train Epoch: 6 [21120/24148 (87%)]	Loss: 4.964689
Train Epoch: 6 [21440/24148 (89%)]	Loss: 4.532448
Train Epoch: 6 [21760/24148 (90%)]	Loss: 4.597264
Train Epoch: 6 [22080/24148 (91%)]	Loss: 4.882626
Train Epoch: 6 [22400/24148 (93%)]	Loss: 4.386761
Train Epoch: 6 [22720/24148 (94%)]	Loss: 4.722409
Train Epoch: 6 [23040/24148 (95%)]	Loss: 5.183445
Train Epoch: 6 [23360/24148 (97%)]	Loss: 5.150442
Train Epoch: 6 [23680/24148 (98%)]	Loss: 4.330357
Train Epoch: 6 [24000/24148 (99%)]	Loss: 3.979238

Test set: Average loss: 4.7874, Accuracy: 674/6037 (11%)

Train Epoch: 7 [0/24148 (0%)]	Loss: 4.861633
Train Epoch: 7 [320/24148 (1%)]	Loss: 4.285635
Train Epoch: 7 [640/24148 (3%)]	Loss: 4.186679
Train Epoch: 7 [960/24148 (4%)]	Loss: 4.421521
Train Epoch: 7 [1280/24148 (5%)]	Loss: 4.398263
Train Epoch: 7 [1600/24148 (7%)]	Loss: 4.842022
Train Epoch: 7 [1920/24148 (8%)]	Loss: 4.792420
Train Epoch: 7 [2240/24148 (9%)]	Loss: 4.508383
Train Epoch: 7 [2560/24148 (11%)]	Loss: 4.593475
Train Epoch: 7 [2880/24148 (12%)]	Loss: 4.396212
Train Epoch: 7 [3200/24148 (13%)]	Loss: 4.918342
Train Epoch: 7 [3520/24148 (15%)]	Loss: 4.461045
Train Epoch: 7 [3840/24148 (16%)]	Loss: 4.886857
Train Epoch: 7 [4160/24148 (17%)]	Loss: 4.554296
Train Epoch: 7 [4480/24148 (19%)]	Loss: 4.378771
Train Epoch: 7 [4800/24148 (20%)]	Loss: 4.414458
Train Epoch: 7 [5120/24148 (21%)]	Loss: 4.630466
Train Epoch: 7 [5440/24148 (23%)]	Loss: 4.899407
Train Epoch: 7 [5760/24148 (24%)]	Loss: 4.845993
Train Epoch: 7 [6080/24148 (25%)]	Loss: 4.703998
Train Epoch: 7 [6400/24148 (26%)]	Loss: 4.558431
Train Epoch: 7 [6720/24148 (28%)]	Loss: 4.573209
Train Epoch: 7 [7040/24148 (29%)]	Loss: 4.980175
Train Epoch: 7 [7360/24148 (30%)]	Loss: 4.498585
Train Epoch: 7 [7680/24148 (32%)]	Loss: 4.904398
Train Epoch: 7 [8000/24148 (33%)]	Loss: 5.036739
Train Epoch: 7 [8320/24148 (34%)]	Loss: 5.000673
Train Epoch: 7 [8640/24148 (36%)]	Loss: 4.632205
Train Epoch: 7 [8960/24148 (37%)]	Loss: 4.950507
Train Epoch: 7 [9280/24148 (38%)]	Loss: 4.629432
Train Epoch: 7 [9600/24148 (40%)]	Loss: 4.646077
Train Epoch: 7 [9920/24148 (41%)]	Loss: 4.550776
Train Epoch: 7 [10240/24148 (42%)]	Loss: 4.674338
Train Epoch: 7 [10560/24148 (44%)]	Loss: 4.907375
Train Epoch: 7 [10880/24148 (45%)]	Loss: 5.071282
Train Epoch: 7 [11200/24148 (46%)]	Loss: 4.619389
Train Epoch: 7 [11520/24148 (48%)]	Loss: 4.985422
Train Epoch: 7 [11840/24148 (49%)]	Loss: 5.003798
Train Epoch: 7 [12160/24148 (50%)]	Loss: 5.194995
Train Epoch: 7 [12480/24148 (52%)]	Loss: 4.692961
Train Epoch: 7 [12800/24148 (53%)]	Loss: 4.644514
Train Epoch: 7 [13120/24148 (54%)]	Loss: 4.612812
Train Epoch: 7 [13440/24148 (56%)]	Loss: 4.727862
Train Epoch: 7 [13760/24148 (57%)]	Loss: 4.690080
Train Epoch: 7 [14080/24148 (58%)]	Loss: 4.160481
Train Epoch: 7 [14400/24148 (60%)]	Loss: 4.152049
Train Epoch: 7 [14720/24148 (61%)]	Loss: 4.592572
Train Epoch: 7 [15040/24148 (62%)]	Loss: 4.641188
Train Epoch: 7 [15360/24148 (64%)]	Loss: 5.257270
Train Epoch: 7 [15680/24148 (65%)]	Loss: 4.942725
Train Epoch: 7 [16000/24148 (66%)]	Loss: 4.663355
Train Epoch: 7 [16320/24148 (68%)]	Loss: 5.071450
Train Epoch: 7 [16640/24148 (69%)]	Loss: 4.705402
Train Epoch: 7 [16960/24148 (70%)]	Loss: 4.323594
Train Epoch: 7 [17280/24148 (72%)]	Loss: 4.930638
Train Epoch: 7 [17600/24148 (73%)]	Loss: 4.311139
Train Epoch: 7 [17920/24148 (74%)]	Loss: 4.751040
Train Epoch: 7 [18240/24148 (75%)]	Loss: 4.633726
Train Epoch: 7 [18560/24148 (77%)]	Loss: 4.609505
Train Epoch: 7 [18880/24148 (78%)]	Loss: 4.484983
Train Epoch: 7 [19200/24148 (79%)]	Loss: 4.651920
Train Epoch: 7 [19520/24148 (81%)]	Loss: 4.551019
Train Epoch: 7 [19840/24148 (82%)]	Loss: 4.675181
Train Epoch: 7 [20160/24148 (83%)]	Loss: 4.270215
Train Epoch: 7 [20480/24148 (85%)]	Loss: 4.571885
Train Epoch: 7 [20800/24148 (86%)]	Loss: 4.388758
Train Epoch: 7 [21120/24148 (87%)]	Loss: 5.033861
Train Epoch: 7 [21440/24148 (89%)]	Loss: 5.129185
Train Epoch: 7 [21760/24148 (90%)]	Loss: 4.626382
Train Epoch: 7 [22080/24148 (91%)]	Loss: 4.955060
Train Epoch: 7 [22400/24148 (93%)]	Loss: 4.933207
Train Epoch: 7 [22720/24148 (94%)]	Loss: 4.168091
Train Epoch: 7 [23040/24148 (95%)]	Loss: 4.670349
Train Epoch: 7 [23360/24148 (97%)]	Loss: 4.246433
Train Epoch: 7 [23680/24148 (98%)]	Loss: 4.942282
Train Epoch: 7 [24000/24148 (99%)]	Loss: 4.757834

Test set: Average loss: 4.7506, Accuracy: 723/6037 (12%)

Train Epoch: 8 [0/24148 (0%)]	Loss: 5.033583
Train Epoch: 8 [320/24148 (1%)]	Loss: 4.415460
Train Epoch: 8 [640/24148 (3%)]	Loss: 4.406065
Train Epoch: 8 [960/24148 (4%)]	Loss: 4.417700
Train Epoch: 8 [1280/24148 (5%)]	Loss: 4.635494
Train Epoch: 8 [1600/24148 (7%)]	Loss: 4.632928
Train Epoch: 8 [1920/24148 (8%)]	Loss: 4.369954
Train Epoch: 8 [2240/24148 (9%)]	Loss: 4.415414
Train Epoch: 8 [2560/24148 (11%)]	Loss: 4.490396
Train Epoch: 8 [2880/24148 (12%)]	Loss: 5.057311
Train Epoch: 8 [3200/24148 (13%)]	Loss: 4.524261
Train Epoch: 8 [3520/24148 (15%)]	Loss: 4.269791
Train Epoch: 8 [3840/24148 (16%)]	Loss: 4.629318
Train Epoch: 8 [4160/24148 (17%)]	Loss: 4.678240
Train Epoch: 8 [4480/24148 (19%)]	Loss: 4.902446
Train Epoch: 8 [4800/24148 (20%)]	Loss: 4.658494
Train Epoch: 8 [5120/24148 (21%)]	Loss: 4.728378
Train Epoch: 8 [5440/24148 (23%)]	Loss: 4.778234
Train Epoch: 8 [5760/24148 (24%)]	Loss: 4.650912
Train Epoch: 8 [6080/24148 (25%)]	Loss: 4.893671
Train Epoch: 8 [6400/24148 (26%)]	Loss: 4.503524
Train Epoch: 8 [6720/24148 (28%)]	Loss: 4.807774
Train Epoch: 8 [7040/24148 (29%)]	Loss: 4.311994
Train Epoch: 8 [7360/24148 (30%)]	Loss: 4.967762
Train Epoch: 8 [7680/24148 (32%)]	Loss: 4.889366
Train Epoch: 8 [8000/24148 (33%)]	Loss: 4.682611
Train Epoch: 8 [8320/24148 (34%)]	Loss: 4.366356
Train Epoch: 8 [8640/24148 (36%)]	Loss: 5.112179
Train Epoch: 8 [8960/24148 (37%)]	Loss: 4.648312
Train Epoch: 8 [9280/24148 (38%)]	Loss: 5.116211
Train Epoch: 8 [9600/24148 (40%)]	Loss: 4.601619
Train Epoch: 8 [9920/24148 (41%)]	Loss: 4.260506
Train Epoch: 8 [10240/24148 (42%)]	Loss: 5.026145
Train Epoch: 8 [10560/24148 (44%)]	Loss: 5.067955
Train Epoch: 8 [10880/24148 (45%)]	Loss: 4.612094
Train Epoch: 8 [11200/24148 (46%)]	Loss: 4.624771
Train Epoch: 8 [11520/24148 (48%)]	Loss: 4.998804
Train Epoch: 8 [11840/24148 (49%)]	Loss: 4.800149
Train Epoch: 8 [12160/24148 (50%)]	Loss: 4.465903
Train Epoch: 8 [12480/24148 (52%)]	Loss: 4.840924
Train Epoch: 8 [12800/24148 (53%)]	Loss: 4.227418
Train Epoch: 8 [13120/24148 (54%)]	Loss: 4.766337
Train Epoch: 8 [13440/24148 (56%)]	Loss: 4.703809
Train Epoch: 8 [13760/24148 (57%)]	Loss: 4.164338
Train Epoch: 8 [14080/24148 (58%)]	Loss: 5.121450
Train Epoch: 8 [14400/24148 (60%)]	Loss: 4.333958
Train Epoch: 8 [14720/24148 (61%)]	Loss: 4.635944
Train Epoch: 8 [15040/24148 (62%)]	Loss: 4.499019
Train Epoch: 8 [15360/24148 (64%)]	Loss: 4.846495
Train Epoch: 8 [15680/24148 (65%)]	Loss: 4.563503
Train Epoch: 8 [16000/24148 (66%)]	Loss: 4.922461
Train Epoch: 8 [16320/24148 (68%)]	Loss: 4.945561
Train Epoch: 8 [16640/24148 (69%)]	Loss: 4.085444
Train Epoch: 8 [16960/24148 (70%)]	Loss: 4.530576
Train Epoch: 8 [17280/24148 (72%)]	Loss: 4.723433
Train Epoch: 8 [17600/24148 (73%)]	Loss: 4.589426
Train Epoch: 8 [17920/24148 (74%)]	Loss: 4.822762
Train Epoch: 8 [18240/24148 (75%)]	Loss: 5.458086
Train Epoch: 8 [18560/24148 (77%)]	Loss: 4.578082
Train Epoch: 8 [18880/24148 (78%)]	Loss: 4.563446
Train Epoch: 8 [19200/24148 (79%)]	Loss: 4.338597
Train Epoch: 8 [19520/24148 (81%)]	Loss: 4.877020
Train Epoch: 8 [19840/24148 (82%)]	Loss: 4.354507
Train Epoch: 8 [20160/24148 (83%)]	Loss: 5.024492
Train Epoch: 8 [20480/24148 (85%)]	Loss: 4.899457
Train Epoch: 8 [20800/24148 (86%)]	Loss: 4.683849
Train Epoch: 8 [21120/24148 (87%)]	Loss: 5.015941
Train Epoch: 8 [21440/24148 (89%)]	Loss: 4.901063
Train Epoch: 8 [21760/24148 (90%)]	Loss: 4.353696
Train Epoch: 8 [22080/24148 (91%)]	Loss: 4.466602
Train Epoch: 8 [22400/24148 (93%)]	Loss: 4.777542
Train Epoch: 8 [22720/24148 (94%)]	Loss: 4.759667
Train Epoch: 8 [23040/24148 (95%)]	Loss: 4.936368
Train Epoch: 8 [23360/24148 (97%)]	Loss: 4.873631
Train Epoch: 8 [23680/24148 (98%)]	Loss: 4.942631
Train Epoch: 8 [24000/24148 (99%)]	Loss: 4.627251

Test set: Average loss: 4.7344, Accuracy: 733/6037 (12%)

Train Epoch: 9 [0/24148 (0%)]	Loss: 4.253439
Train Epoch: 9 [320/24148 (1%)]	Loss: 4.733785
Train Epoch: 9 [640/24148 (3%)]	Loss: 3.920370
Train Epoch: 9 [960/24148 (4%)]	Loss: 4.727323
Train Epoch: 9 [1280/24148 (5%)]	Loss: 4.960403
Train Epoch: 9 [1600/24148 (7%)]	Loss: 4.699872
Train Epoch: 9 [1920/24148 (8%)]	Loss: 4.762907
Train Epoch: 9 [2240/24148 (9%)]	Loss: 3.852584
Train Epoch: 9 [2560/24148 (11%)]	Loss: 5.012344
Train Epoch: 9 [2880/24148 (12%)]	Loss: 4.577036
Train Epoch: 9 [3200/24148 (13%)]	Loss: 4.786316
Train Epoch: 9 [3520/24148 (15%)]	Loss: 4.573193
Train Epoch: 9 [3840/24148 (16%)]	Loss: 4.547475
Train Epoch: 9 [4160/24148 (17%)]	Loss: 4.530255
Train Epoch: 9 [4480/24148 (19%)]	Loss: 4.738214
Train Epoch: 9 [4800/24148 (20%)]	Loss: 5.075594
Train Epoch: 9 [5120/24148 (21%)]	Loss: 5.241289
Train Epoch: 9 [5440/24148 (23%)]	Loss: 4.032376
Train Epoch: 9 [5760/24148 (24%)]	Loss: 4.537356
Train Epoch: 9 [6080/24148 (25%)]	Loss: 4.961522
Train Epoch: 9 [6400/24148 (26%)]	Loss: 4.458988
Train Epoch: 9 [6720/24148 (28%)]	Loss: 4.918005
Train Epoch: 9 [7040/24148 (29%)]	Loss: 4.521911
Train Epoch: 9 [7360/24148 (30%)]	Loss: 4.185926
Train Epoch: 9 [7680/24148 (32%)]	Loss: 4.824687
Train Epoch: 9 [8000/24148 (33%)]	Loss: 4.711617
Train Epoch: 9 [8320/24148 (34%)]	Loss: 4.146069
Train Epoch: 9 [8640/24148 (36%)]	Loss: 4.652726
Train Epoch: 9 [8960/24148 (37%)]	Loss: 4.993752
Train Epoch: 9 [9280/24148 (38%)]	Loss: 4.697758
Train Epoch: 9 [9600/24148 (40%)]	Loss: 4.415497
Train Epoch: 9 [9920/24148 (41%)]	Loss: 4.315565
Train Epoch: 9 [10240/24148 (42%)]	Loss: 4.904581
Train Epoch: 9 [10560/24148 (44%)]	Loss: 4.795474
Train Epoch: 9 [10880/24148 (45%)]	Loss: 4.648959
Train Epoch: 9 [11200/24148 (46%)]	Loss: 4.320468
Train Epoch: 9 [11520/24148 (48%)]	Loss: 4.862190
Train Epoch: 9 [11840/24148 (49%)]	Loss: 4.578789
Train Epoch: 9 [12160/24148 (50%)]	Loss: 4.211634
Train Epoch: 9 [12480/24148 (52%)]	Loss: 4.809421
Train Epoch: 9 [12800/24148 (53%)]	Loss: 4.360596
Train Epoch: 9 [13120/24148 (54%)]	Loss: 4.592430
Train Epoch: 9 [13440/24148 (56%)]	Loss: 4.348824
Train Epoch: 9 [13760/24148 (57%)]	Loss: 5.040914
Train Epoch: 9 [14080/24148 (58%)]	Loss: 4.397533
Train Epoch: 9 [14400/24148 (60%)]	Loss: 4.427927
Train Epoch: 9 [14720/24148 (61%)]	Loss: 5.226694
Train Epoch: 9 [15040/24148 (62%)]	Loss: 4.356152
Train Epoch: 9 [15360/24148 (64%)]	Loss: 4.476685
Train Epoch: 9 [15680/24148 (65%)]	Loss: 4.353916
Train Epoch: 9 [16000/24148 (66%)]	Loss: 4.860274
Train Epoch: 9 [16320/24148 (68%)]	Loss: 4.979545
Train Epoch: 9 [16640/24148 (69%)]	Loss: 4.381492
Train Epoch: 9 [16960/24148 (70%)]	Loss: 4.549149
Train Epoch: 9 [17280/24148 (72%)]	Loss: 4.418219
Train Epoch: 9 [17600/24148 (73%)]	Loss: 4.252219
Train Epoch: 9 [17920/24148 (74%)]	Loss: 4.616665
Train Epoch: 9 [18240/24148 (75%)]	Loss: 4.627745
Train Epoch: 9 [18560/24148 (77%)]	Loss: 4.773976
Train Epoch: 9 [18880/24148 (78%)]	Loss: 4.234591
Train Epoch: 9 [19200/24148 (79%)]	Loss: 4.822389
Train Epoch: 9 [19520/24148 (81%)]	Loss: 4.598687
Train Epoch: 9 [19840/24148 (82%)]	Loss: 5.022938
Train Epoch: 9 [20160/24148 (83%)]	Loss: 4.620970
Train Epoch: 9 [20480/24148 (85%)]	Loss: 4.743212
Train Epoch: 9 [20800/24148 (86%)]	Loss: 4.657622
Train Epoch: 9 [21120/24148 (87%)]	Loss: 4.436813
Train Epoch: 9 [21440/24148 (89%)]	Loss: 4.624444
Train Epoch: 9 [21760/24148 (90%)]	Loss: 4.726263
Train Epoch: 9 [22080/24148 (91%)]	Loss: 4.127531
Train Epoch: 9 [22400/24148 (93%)]	Loss: 4.363761
Train Epoch: 9 [22720/24148 (94%)]	Loss: 4.807756
Train Epoch: 9 [23040/24148 (95%)]	Loss: 4.866349
Train Epoch: 9 [23360/24148 (97%)]	Loss: 4.013299
Train Epoch: 9 [23680/24148 (98%)]	Loss: 4.788558
Train Epoch: 9 [24000/24148 (99%)]	Loss: 4.593580

Test set: Average loss: 4.7279, Accuracy: 734/6037 (12%)

Train Epoch: 10 [0/24148 (0%)]	Loss: 4.539735
Train Epoch: 10 [320/24148 (1%)]	Loss: 4.747055
Train Epoch: 10 [640/24148 (3%)]	Loss: 4.474299
Train Epoch: 10 [960/24148 (4%)]	Loss: 4.678016
Train Epoch: 10 [1280/24148 (5%)]	Loss: 4.575477
Train Epoch: 10 [1600/24148 (7%)]	Loss: 4.359569
Train Epoch: 10 [1920/24148 (8%)]	Loss: 4.821490
Train Epoch: 10 [2240/24148 (9%)]	Loss: 4.530177
Train Epoch: 10 [2560/24148 (11%)]	Loss: 4.721088
Train Epoch: 10 [2880/24148 (12%)]	Loss: 4.815540
Train Epoch: 10 [3200/24148 (13%)]	Loss: 4.841852
Train Epoch: 10 [3520/24148 (15%)]	Loss: 4.519845
Train Epoch: 10 [3840/24148 (16%)]	Loss: 4.820270
Train Epoch: 10 [4160/24148 (17%)]	Loss: 4.563393
Train Epoch: 10 [4480/24148 (19%)]	Loss: 4.860159
Train Epoch: 10 [4800/24148 (20%)]	Loss: 4.475193
Train Epoch: 10 [5120/24148 (21%)]	Loss: 4.499698
Train Epoch: 10 [5440/24148 (23%)]	Loss: 4.522932
Train Epoch: 10 [5760/24148 (24%)]	Loss: 4.647847
Train Epoch: 10 [6080/24148 (25%)]	Loss: 4.506247
Train Epoch: 10 [6400/24148 (26%)]	Loss: 4.705027
Train Epoch: 10 [6720/24148 (28%)]	Loss: 5.196799
Train Epoch: 10 [7040/24148 (29%)]	Loss: 4.570933
Train Epoch: 10 [7360/24148 (30%)]	Loss: 4.818758
Train Epoch: 10 [7680/24148 (32%)]	Loss: 4.457482
Train Epoch: 10 [8000/24148 (33%)]	Loss: 4.677455
Train Epoch: 10 [8320/24148 (34%)]	Loss: 4.294499
Train Epoch: 10 [8640/24148 (36%)]	Loss: 4.279345
Train Epoch: 10 [8960/24148 (37%)]	Loss: 4.435747
Train Epoch: 10 [9280/24148 (38%)]	Loss: 4.683183
Train Epoch: 10 [9600/24148 (40%)]	Loss: 4.261198
Train Epoch: 10 [9920/24148 (41%)]	Loss: 4.680159
Train Epoch: 10 [10240/24148 (42%)]	Loss: 4.544093
Train Epoch: 10 [10560/24148 (44%)]	Loss: 4.929733
Train Epoch: 10 [10880/24148 (45%)]	Loss: 5.186524
Train Epoch: 10 [11200/24148 (46%)]	Loss: 4.655759
Train Epoch: 10 [11520/24148 (48%)]	Loss: 4.531347
Train Epoch: 10 [11840/24148 (49%)]	Loss: 4.530310
Train Epoch: 10 [12160/24148 (50%)]	Loss: 4.524634
Train Epoch: 10 [12480/24148 (52%)]	Loss: 4.837001
Train Epoch: 10 [12800/24148 (53%)]	Loss: 4.412689
Train Epoch: 10 [13120/24148 (54%)]	Loss: 4.400334
Train Epoch: 10 [13440/24148 (56%)]	Loss: 5.058860
Train Epoch: 10 [13760/24148 (57%)]	Loss: 4.929637
Train Epoch: 10 [14080/24148 (58%)]	Loss: 4.766509
Train Epoch: 10 [14400/24148 (60%)]	Loss: 4.638708
Train Epoch: 10 [14720/24148 (61%)]	Loss: 4.533175
Train Epoch: 10 [15040/24148 (62%)]	Loss: 4.719136
Train Epoch: 10 [15360/24148 (64%)]	Loss: 4.612701
Train Epoch: 10 [15680/24148 (65%)]	Loss: 4.422500
Train Epoch: 10 [16000/24148 (66%)]	Loss: 4.527569
Train Epoch: 10 [16320/24148 (68%)]	Loss: 4.228344
Train Epoch: 10 [16640/24148 (69%)]	Loss: 4.631140
Train Epoch: 10 [16960/24148 (70%)]	Loss: 5.043590
Train Epoch: 10 [17280/24148 (72%)]	Loss: 4.673593
Train Epoch: 10 [17600/24148 (73%)]	Loss: 4.718152
Train Epoch: 10 [17920/24148 (74%)]	Loss: 4.266448
Train Epoch: 10 [18240/24148 (75%)]	Loss: 4.259122
Train Epoch: 10 [18560/24148 (77%)]	Loss: 4.790938
Train Epoch: 10 [18880/24148 (78%)]	Loss: 4.789299
Train Epoch: 10 [19200/24148 (79%)]	Loss: 4.583181
Train Epoch: 10 [19520/24148 (81%)]	Loss: 3.858727
Train Epoch: 10 [19840/24148 (82%)]	Loss: 4.151224
Train Epoch: 10 [20160/24148 (83%)]	Loss: 4.821098
Train Epoch: 10 [20480/24148 (85%)]	Loss: 4.480523
Train Epoch: 10 [20800/24148 (86%)]	Loss: 4.328437
Train Epoch: 10 [21120/24148 (87%)]	Loss: 4.247322
Train Epoch: 10 [21440/24148 (89%)]	Loss: 4.225575
Train Epoch: 10 [21760/24148 (90%)]	Loss: 4.436729
Train Epoch: 10 [22080/24148 (91%)]	Loss: 4.825803
Train Epoch: 10 [22400/24148 (93%)]	Loss: 4.432783
Train Epoch: 10 [22720/24148 (94%)]	Loss: 4.723900
Train Epoch: 10 [23040/24148 (95%)]	Loss: 4.200024
Train Epoch: 10 [23360/24148 (97%)]	Loss: 4.320673
Train Epoch: 10 [23680/24148 (98%)]	Loss: 5.022450
Train Epoch: 10 [24000/24148 (99%)]	Loss: 4.407873

Test set: Average loss: 4.7157, Accuracy: 727/6037 (12%)

Average seconds for training 1 epoch: 146.86414177417754
Average seconds for testing: 13.514954257011414
