Logging tensorboard to ./runs/Caltech256/vit_transformer_patch_size_8
Files already downloaded and verified
Total number of parameters in the model: 13369985
Train Epoch: 1 [0/24148 (0%)]	Loss: 5.744699
Train Epoch: 1 [320/24148 (1%)]	Loss: 5.979711
Train Epoch: 1 [640/24148 (3%)]	Loss: 6.237227
Train Epoch: 1 [960/24148 (4%)]	Loss: 5.426536
Train Epoch: 1 [1280/24148 (5%)]	Loss: 5.323165
Train Epoch: 1 [1600/24148 (7%)]	Loss: 5.362331
Train Epoch: 1 [1920/24148 (8%)]	Loss: 5.587097
Train Epoch: 1 [2240/24148 (9%)]	Loss: 5.569762
Train Epoch: 1 [2560/24148 (11%)]	Loss: 5.404586
Train Epoch: 1 [2880/24148 (12%)]	Loss: 5.373797
Train Epoch: 1 [3200/24148 (13%)]	Loss: 5.409406
Train Epoch: 1 [3520/24148 (15%)]	Loss: 5.585292
Train Epoch: 1 [3840/24148 (16%)]	Loss: 5.282264
Train Epoch: 1 [4160/24148 (17%)]	Loss: 5.564919
Train Epoch: 1 [4480/24148 (19%)]	Loss: 5.468981
Train Epoch: 1 [4800/24148 (20%)]	Loss: 5.496000
Train Epoch: 1 [5120/24148 (21%)]	Loss: 5.342394
Train Epoch: 1 [5440/24148 (23%)]	Loss: 5.614943
Train Epoch: 1 [5760/24148 (24%)]	Loss: 5.605484
Train Epoch: 1 [6080/24148 (25%)]	Loss: 5.344412
Train Epoch: 1 [6400/24148 (26%)]	Loss: 5.520632
Train Epoch: 1 [6720/24148 (28%)]	Loss: 5.277479
Train Epoch: 1 [7040/24148 (29%)]	Loss: 5.246924
Train Epoch: 1 [7360/24148 (30%)]	Loss: 5.314528
Train Epoch: 1 [7680/24148 (32%)]	Loss: 5.056637
Train Epoch: 1 [8000/24148 (33%)]	Loss: 5.583456
Train Epoch: 1 [8320/24148 (34%)]	Loss: 5.112928
Train Epoch: 1 [8640/24148 (36%)]	Loss: 5.033047
Train Epoch: 1 [8960/24148 (37%)]	Loss: 5.135635
Train Epoch: 1 [9280/24148 (38%)]	Loss: 5.119900
Train Epoch: 1 [9600/24148 (40%)]	Loss: 5.104270
Train Epoch: 1 [9920/24148 (41%)]	Loss: 5.336670
Train Epoch: 1 [10240/24148 (42%)]	Loss: 5.002494
Train Epoch: 1 [10560/24148 (44%)]	Loss: 5.045974
Train Epoch: 1 [10880/24148 (45%)]	Loss: 5.038644
Train Epoch: 1 [11200/24148 (46%)]	Loss: 4.892916
Train Epoch: 1 [11520/24148 (48%)]	Loss: 5.351484
Train Epoch: 1 [11840/24148 (49%)]	Loss: 5.303679
Train Epoch: 1 [12160/24148 (50%)]	Loss: 5.427687
Train Epoch: 1 [12480/24148 (52%)]	Loss: 5.540821
Train Epoch: 1 [12800/24148 (53%)]	Loss: 5.158206
Train Epoch: 1 [13120/24148 (54%)]	Loss: 5.245663
Train Epoch: 1 [13440/24148 (56%)]	Loss: 5.388068
Train Epoch: 1 [13760/24148 (57%)]	Loss: 5.399883
Train Epoch: 1 [14080/24148 (58%)]	Loss: 4.846491
Train Epoch: 1 [14400/24148 (60%)]	Loss: 5.183729
Train Epoch: 1 [14720/24148 (61%)]	Loss: 5.217696
Train Epoch: 1 [15040/24148 (62%)]	Loss: 5.093502
Train Epoch: 1 [15360/24148 (64%)]	Loss: 5.201498
Train Epoch: 1 [15680/24148 (65%)]	Loss: 5.216815
Train Epoch: 1 [16000/24148 (66%)]	Loss: 4.845997
Train Epoch: 1 [16320/24148 (68%)]	Loss: 5.522613
Train Epoch: 1 [16640/24148 (69%)]	Loss: 5.145516
Train Epoch: 1 [16960/24148 (70%)]	Loss: 5.149480
Train Epoch: 1 [17280/24148 (72%)]	Loss: 4.902814
Train Epoch: 1 [17600/24148 (73%)]	Loss: 5.669946
Train Epoch: 1 [17920/24148 (74%)]	Loss: 5.091601
Train Epoch: 1 [18240/24148 (75%)]	Loss: 5.361545
Train Epoch: 1 [18560/24148 (77%)]	Loss: 5.229358
Train Epoch: 1 [18880/24148 (78%)]	Loss: 5.174549
Train Epoch: 1 [19200/24148 (79%)]	Loss: 5.089950
Train Epoch: 1 [19520/24148 (81%)]	Loss: 4.834193
Train Epoch: 1 [19840/24148 (82%)]	Loss: 4.848831
Train Epoch: 1 [20160/24148 (83%)]	Loss: 5.171929
Train Epoch: 1 [20480/24148 (85%)]	Loss: 5.095079
Train Epoch: 1 [20800/24148 (86%)]	Loss: 5.226338
Train Epoch: 1 [21120/24148 (87%)]	Loss: 4.851645
Train Epoch: 1 [21440/24148 (89%)]	Loss: 4.891472
Train Epoch: 1 [21760/24148 (90%)]	Loss: 5.236999
Train Epoch: 1 [22080/24148 (91%)]	Loss: 4.678722
Train Epoch: 1 [22400/24148 (93%)]	Loss: 4.925458
Train Epoch: 1 [22720/24148 (94%)]	Loss: 5.700621
Train Epoch: 1 [23040/24148 (95%)]	Loss: 5.183707
Train Epoch: 1 [23360/24148 (97%)]	Loss: 5.003173
Train Epoch: 1 [23680/24148 (98%)]	Loss: 4.988367
Train Epoch: 1 [24000/24148 (99%)]	Loss: 5.032833

Test set: Average loss: 4.9752, Accuracy: 573/6037 (9%)

Train Epoch: 2 [0/24148 (0%)]	Loss: 5.025445
Train Epoch: 2 [320/24148 (1%)]	Loss: 4.949214
Train Epoch: 2 [640/24148 (3%)]	Loss: 4.600710
Train Epoch: 2 [960/24148 (4%)]	Loss: 4.899476
Train Epoch: 2 [1280/24148 (5%)]	Loss: 4.740688
Train Epoch: 2 [1600/24148 (7%)]	Loss: 4.907129
Train Epoch: 2 [1920/24148 (8%)]	Loss: 5.194616
Train Epoch: 2 [2240/24148 (9%)]	Loss: 4.859631
Train Epoch: 2 [2560/24148 (11%)]	Loss: 4.862345
Train Epoch: 2 [2880/24148 (12%)]	Loss: 5.172919
Train Epoch: 2 [3200/24148 (13%)]	Loss: 4.920316
Train Epoch: 2 [3520/24148 (15%)]	Loss: 4.576980
Train Epoch: 2 [3840/24148 (16%)]	Loss: 4.767839
Train Epoch: 2 [4160/24148 (17%)]	Loss: 4.569292
Train Epoch: 2 [4480/24148 (19%)]	Loss: 4.455970
Train Epoch: 2 [4800/24148 (20%)]	Loss: 4.528988
Train Epoch: 2 [5120/24148 (21%)]	Loss: 4.809889
Train Epoch: 2 [5440/24148 (23%)]	Loss: 4.732295
Train Epoch: 2 [5760/24148 (24%)]	Loss: 5.040524
Train Epoch: 2 [6080/24148 (25%)]	Loss: 5.040332
Train Epoch: 2 [6400/24148 (26%)]	Loss: 4.930028
Train Epoch: 2 [6720/24148 (28%)]	Loss: 4.468142
Train Epoch: 2 [7040/24148 (29%)]	Loss: 4.012908
Train Epoch: 2 [7360/24148 (30%)]	Loss: 4.956717
Train Epoch: 2 [7680/24148 (32%)]	Loss: 4.603985
Train Epoch: 2 [8000/24148 (33%)]	Loss: 4.805361
Train Epoch: 2 [8320/24148 (34%)]	Loss: 5.082569
Train Epoch: 2 [8640/24148 (36%)]	Loss: 5.261683
Train Epoch: 2 [8960/24148 (37%)]	Loss: 4.359504
Train Epoch: 2 [9280/24148 (38%)]	Loss: 4.687439
Train Epoch: 2 [9600/24148 (40%)]	Loss: 4.770461
Train Epoch: 2 [9920/24148 (41%)]	Loss: 4.866033
Train Epoch: 2 [10240/24148 (42%)]	Loss: 4.576899
Train Epoch: 2 [10560/24148 (44%)]	Loss: 4.450871
Train Epoch: 2 [10880/24148 (45%)]	Loss: 4.650931
Train Epoch: 2 [11200/24148 (46%)]	Loss: 4.526091
Train Epoch: 2 [11520/24148 (48%)]	Loss: 4.928783
Train Epoch: 2 [11840/24148 (49%)]	Loss: 4.553926
Train Epoch: 2 [12160/24148 (50%)]	Loss: 4.690408
Train Epoch: 2 [12480/24148 (52%)]	Loss: 4.784859
Train Epoch: 2 [12800/24148 (53%)]	Loss: 4.580433
Train Epoch: 2 [13120/24148 (54%)]	Loss: 5.275391
Train Epoch: 2 [13440/24148 (56%)]	Loss: 4.582530
Train Epoch: 2 [13760/24148 (57%)]	Loss: 5.120510
Train Epoch: 2 [14080/24148 (58%)]	Loss: 4.195576
Train Epoch: 2 [14400/24148 (60%)]	Loss: 5.104973
Train Epoch: 2 [14720/24148 (61%)]	Loss: 4.692437
Train Epoch: 2 [15040/24148 (62%)]	Loss: 4.708427
Train Epoch: 2 [15360/24148 (64%)]	Loss: 4.763643
Train Epoch: 2 [15680/24148 (65%)]	Loss: 5.214261
Train Epoch: 2 [16000/24148 (66%)]	Loss: 5.447513
Train Epoch: 2 [16320/24148 (68%)]	Loss: 4.658024
Train Epoch: 2 [16640/24148 (69%)]	Loss: 4.574493
Train Epoch: 2 [16960/24148 (70%)]	Loss: 4.993281
Train Epoch: 2 [17280/24148 (72%)]	Loss: 4.893817
Train Epoch: 2 [17600/24148 (73%)]	Loss: 4.269267
Train Epoch: 2 [17920/24148 (74%)]	Loss: 4.712199
Train Epoch: 2 [18240/24148 (75%)]	Loss: 4.843138
Train Epoch: 2 [18560/24148 (77%)]	Loss: 4.599194
Train Epoch: 2 [18880/24148 (78%)]	Loss: 5.111688
Train Epoch: 2 [19200/24148 (79%)]	Loss: 4.793050
Train Epoch: 2 [19520/24148 (81%)]	Loss: 4.884527
Train Epoch: 2 [19840/24148 (82%)]	Loss: 4.664450
Train Epoch: 2 [20160/24148 (83%)]	Loss: 4.555004
Train Epoch: 2 [20480/24148 (85%)]	Loss: 5.307379
Train Epoch: 2 [20800/24148 (86%)]	Loss: 4.841195
Train Epoch: 2 [21120/24148 (87%)]	Loss: 4.934801
Train Epoch: 2 [21440/24148 (89%)]	Loss: 4.624453
Train Epoch: 2 [21760/24148 (90%)]	Loss: 4.928211
Train Epoch: 2 [22080/24148 (91%)]	Loss: 4.903341
Train Epoch: 2 [22400/24148 (93%)]	Loss: 4.604305
Train Epoch: 2 [22720/24148 (94%)]	Loss: 4.536690
Train Epoch: 2 [23040/24148 (95%)]	Loss: 4.504076
Train Epoch: 2 [23360/24148 (97%)]	Loss: 4.341082
Train Epoch: 2 [23680/24148 (98%)]	Loss: 4.285367
Train Epoch: 2 [24000/24148 (99%)]	Loss: 4.755086

Test set: Average loss: 4.6644, Accuracy: 700/6037 (12%)

Train Epoch: 3 [0/24148 (0%)]	Loss: 4.729211
Train Epoch: 3 [320/24148 (1%)]	Loss: 4.425091
Train Epoch: 3 [640/24148 (3%)]	Loss: 4.684093
Train Epoch: 3 [960/24148 (4%)]	Loss: 4.718777
Train Epoch: 3 [1280/24148 (5%)]	Loss: 4.239204
Train Epoch: 3 [1600/24148 (7%)]	Loss: 4.472398
Train Epoch: 3 [1920/24148 (8%)]	Loss: 4.822080
Train Epoch: 3 [2240/24148 (9%)]	Loss: 4.759770
Train Epoch: 3 [2560/24148 (11%)]	Loss: 5.102284
Train Epoch: 3 [2880/24148 (12%)]	Loss: 4.639589
Train Epoch: 3 [3200/24148 (13%)]	Loss: 4.491678
Train Epoch: 3 [3520/24148 (15%)]	Loss: 4.353101
Train Epoch: 3 [3840/24148 (16%)]	Loss: 4.561380
Train Epoch: 3 [4160/24148 (17%)]	Loss: 4.595862
Train Epoch: 3 [4480/24148 (19%)]	Loss: 4.475942
Train Epoch: 3 [4800/24148 (20%)]	Loss: 4.168239
Train Epoch: 3 [5120/24148 (21%)]	Loss: 3.950293
Train Epoch: 3 [5440/24148 (23%)]	Loss: 4.352593
Train Epoch: 3 [5760/24148 (24%)]	Loss: 4.493890
Train Epoch: 3 [6080/24148 (25%)]	Loss: 4.619106
Train Epoch: 3 [6400/24148 (26%)]	Loss: 4.624281
Train Epoch: 3 [6720/24148 (28%)]	Loss: 4.531198
Train Epoch: 3 [7040/24148 (29%)]	Loss: 4.317773
Train Epoch: 3 [7360/24148 (30%)]	Loss: 4.668871
Train Epoch: 3 [7680/24148 (32%)]	Loss: 4.729868
Train Epoch: 3 [8000/24148 (33%)]	Loss: 4.495683
Train Epoch: 3 [8320/24148 (34%)]	Loss: 4.722771
Train Epoch: 3 [8640/24148 (36%)]	Loss: 4.239589
Train Epoch: 3 [8960/24148 (37%)]	Loss: 4.472943
Train Epoch: 3 [9280/24148 (38%)]	Loss: 4.530576
Train Epoch: 3 [9600/24148 (40%)]	Loss: 3.925974
Train Epoch: 3 [9920/24148 (41%)]	Loss: 4.700780
Train Epoch: 3 [10240/24148 (42%)]	Loss: 4.151533
Train Epoch: 3 [10560/24148 (44%)]	Loss: 4.226287
Train Epoch: 3 [10880/24148 (45%)]	Loss: 4.509011
Train Epoch: 3 [11200/24148 (46%)]	Loss: 4.019824
Train Epoch: 3 [11520/24148 (48%)]	Loss: 4.477467
Train Epoch: 3 [11840/24148 (49%)]	Loss: 4.266782
Train Epoch: 3 [12160/24148 (50%)]	Loss: 4.756192
Train Epoch: 3 [12480/24148 (52%)]	Loss: 4.437522
Train Epoch: 3 [12800/24148 (53%)]	Loss: 4.090318
Train Epoch: 3 [13120/24148 (54%)]	Loss: 4.320459
Train Epoch: 3 [13440/24148 (56%)]	Loss: 4.214319
Train Epoch: 3 [13760/24148 (57%)]	Loss: 4.605168
Train Epoch: 3 [14080/24148 (58%)]	Loss: 4.473859
Train Epoch: 3 [14400/24148 (60%)]	Loss: 4.211751
Train Epoch: 3 [14720/24148 (61%)]	Loss: 4.539647
Train Epoch: 3 [15040/24148 (62%)]	Loss: 4.368285
Train Epoch: 3 [15360/24148 (64%)]	Loss: 5.079520
Train Epoch: 3 [15680/24148 (65%)]	Loss: 4.308461
Train Epoch: 3 [16000/24148 (66%)]	Loss: 4.214549
Train Epoch: 3 [16320/24148 (68%)]	Loss: 4.226452
Train Epoch: 3 [16640/24148 (69%)]	Loss: 4.333337
Train Epoch: 3 [16960/24148 (70%)]	Loss: 4.894758
Train Epoch: 3 [17280/24148 (72%)]	Loss: 4.171634
Train Epoch: 3 [17600/24148 (73%)]	Loss: 4.993925
Train Epoch: 3 [17920/24148 (74%)]	Loss: 3.747653
Train Epoch: 3 [18240/24148 (75%)]	Loss: 4.202368
Train Epoch: 3 [18560/24148 (77%)]	Loss: 5.410366
Train Epoch: 3 [18880/24148 (78%)]	Loss: 4.607745
Train Epoch: 3 [19200/24148 (79%)]	Loss: 4.382164
Train Epoch: 3 [19520/24148 (81%)]	Loss: 4.442937
Train Epoch: 3 [19840/24148 (82%)]	Loss: 4.293751
Train Epoch: 3 [20160/24148 (83%)]	Loss: 5.010163
Train Epoch: 3 [20480/24148 (85%)]	Loss: 4.224240
Train Epoch: 3 [20800/24148 (86%)]	Loss: 4.487562
Train Epoch: 3 [21120/24148 (87%)]	Loss: 4.214620
Train Epoch: 3 [21440/24148 (89%)]	Loss: 4.670019
Train Epoch: 3 [21760/24148 (90%)]	Loss: 4.473697
Train Epoch: 3 [22080/24148 (91%)]	Loss: 4.212009
Train Epoch: 3 [22400/24148 (93%)]	Loss: 4.220684
Train Epoch: 3 [22720/24148 (94%)]	Loss: 4.289084
Train Epoch: 3 [23040/24148 (95%)]	Loss: 4.674572
Train Epoch: 3 [23360/24148 (97%)]	Loss: 4.441637
Train Epoch: 3 [23680/24148 (98%)]	Loss: 4.609422
Train Epoch: 3 [24000/24148 (99%)]	Loss: 4.206442

Test set: Average loss: 4.4769, Accuracy: 806/6037 (13%)

Train Epoch: 4 [0/24148 (0%)]	Loss: 4.028131
Train Epoch: 4 [320/24148 (1%)]	Loss: 4.198830
Train Epoch: 4 [640/24148 (3%)]	Loss: 4.268208
Train Epoch: 4 [960/24148 (4%)]	Loss: 3.575251
Train Epoch: 4 [1280/24148 (5%)]	Loss: 3.841321
Train Epoch: 4 [1600/24148 (7%)]	Loss: 3.967477
Train Epoch: 4 [1920/24148 (8%)]	Loss: 4.116653
Train Epoch: 4 [2240/24148 (9%)]	Loss: 4.157242
Train Epoch: 4 [2560/24148 (11%)]	Loss: 4.752431
Train Epoch: 4 [2880/24148 (12%)]	Loss: 3.635067
Train Epoch: 4 [3200/24148 (13%)]	Loss: 4.006111
Train Epoch: 4 [3520/24148 (15%)]	Loss: 3.682001
Train Epoch: 4 [3840/24148 (16%)]	Loss: 4.239776
Train Epoch: 4 [4160/24148 (17%)]	Loss: 3.969181
Train Epoch: 4 [4480/24148 (19%)]	Loss: 4.202106
Train Epoch: 4 [4800/24148 (20%)]	Loss: 3.998025
Train Epoch: 4 [5120/24148 (21%)]	Loss: 4.100856
Train Epoch: 4 [5440/24148 (23%)]	Loss: 4.526791
Train Epoch: 4 [5760/24148 (24%)]	Loss: 4.160150
Train Epoch: 4 [6080/24148 (25%)]	Loss: 4.541743
Train Epoch: 4 [6400/24148 (26%)]	Loss: 4.137273
Train Epoch: 4 [6720/24148 (28%)]	Loss: 4.810678
Train Epoch: 4 [7040/24148 (29%)]	Loss: 4.563119
Train Epoch: 4 [7360/24148 (30%)]	Loss: 4.544872
Train Epoch: 4 [7680/24148 (32%)]	Loss: 4.164927
Train Epoch: 4 [8000/24148 (33%)]	Loss: 4.304142
Train Epoch: 4 [8320/24148 (34%)]	Loss: 4.196513
Train Epoch: 4 [8640/24148 (36%)]	Loss: 4.139512
Train Epoch: 4 [8960/24148 (37%)]	Loss: 3.831176
Train Epoch: 4 [9280/24148 (38%)]	Loss: 4.448639
Train Epoch: 4 [9600/24148 (40%)]	Loss: 4.119682
Train Epoch: 4 [9920/24148 (41%)]	Loss: 4.168300
Train Epoch: 4 [10240/24148 (42%)]	Loss: 4.450551
Train Epoch: 4 [10560/24148 (44%)]	Loss: 4.481751
Train Epoch: 4 [10880/24148 (45%)]	Loss: 4.389132
Train Epoch: 4 [11200/24148 (46%)]	Loss: 4.024636
Train Epoch: 4 [11520/24148 (48%)]	Loss: 4.287477
Train Epoch: 4 [11840/24148 (49%)]	Loss: 4.512213
Train Epoch: 4 [12160/24148 (50%)]	Loss: 4.547178
Train Epoch: 4 [12480/24148 (52%)]	Loss: 3.929807
Train Epoch: 4 [12800/24148 (53%)]	Loss: 4.352619
Train Epoch: 4 [13120/24148 (54%)]	Loss: 4.067094
Train Epoch: 4 [13440/24148 (56%)]	Loss: 3.498123
Train Epoch: 4 [13760/24148 (57%)]	Loss: 4.294963
Train Epoch: 4 [14080/24148 (58%)]	Loss: 4.451644
Train Epoch: 4 [14400/24148 (60%)]	Loss: 4.513702
Train Epoch: 4 [14720/24148 (61%)]	Loss: 4.260615
Train Epoch: 4 [15040/24148 (62%)]	Loss: 4.655192
Train Epoch: 4 [15360/24148 (64%)]	Loss: 4.285272
Train Epoch: 4 [15680/24148 (65%)]	Loss: 3.684526
Train Epoch: 4 [16000/24148 (66%)]	Loss: 4.296010
Train Epoch: 4 [16320/24148 (68%)]	Loss: 4.177948
Train Epoch: 4 [16640/24148 (69%)]	Loss: 4.247159
Train Epoch: 4 [16960/24148 (70%)]	Loss: 3.571984
Train Epoch: 4 [17280/24148 (72%)]	Loss: 4.366001
Train Epoch: 4 [17600/24148 (73%)]	Loss: 4.128932
Train Epoch: 4 [17920/24148 (74%)]	Loss: 4.106584
Train Epoch: 4 [18240/24148 (75%)]	Loss: 3.905181
Train Epoch: 4 [18560/24148 (77%)]	Loss: 4.239415
Train Epoch: 4 [18880/24148 (78%)]	Loss: 4.349095
Train Epoch: 4 [19200/24148 (79%)]	Loss: 4.244769
Train Epoch: 4 [19520/24148 (81%)]	Loss: 3.705937
Train Epoch: 4 [19840/24148 (82%)]	Loss: 4.757617
Train Epoch: 4 [20160/24148 (83%)]	Loss: 4.133551
Train Epoch: 4 [20480/24148 (85%)]	Loss: 4.305761
Train Epoch: 4 [20800/24148 (86%)]	Loss: 4.119667
Train Epoch: 4 [21120/24148 (87%)]	Loss: 4.764010
Train Epoch: 4 [21440/24148 (89%)]	Loss: 4.273706
Train Epoch: 4 [21760/24148 (90%)]	Loss: 4.820904
Train Epoch: 4 [22080/24148 (91%)]	Loss: 4.429096
Train Epoch: 4 [22400/24148 (93%)]	Loss: 4.125576
Train Epoch: 4 [22720/24148 (94%)]	Loss: 4.555440
Train Epoch: 4 [23040/24148 (95%)]	Loss: 3.786430
Train Epoch: 4 [23360/24148 (97%)]	Loss: 4.725560
Train Epoch: 4 [23680/24148 (98%)]	Loss: 4.363513
Train Epoch: 4 [24000/24148 (99%)]	Loss: 4.035676

Test set: Average loss: 4.3090, Accuracy: 911/6037 (15%)

Train Epoch: 5 [0/24148 (0%)]	Loss: 4.032705
Train Epoch: 5 [320/24148 (1%)]	Loss: 3.631557
Train Epoch: 5 [640/24148 (3%)]	Loss: 3.555511
Train Epoch: 5 [960/24148 (4%)]	Loss: 3.674407
Train Epoch: 5 [1280/24148 (5%)]	Loss: 3.914895
Train Epoch: 5 [1600/24148 (7%)]	Loss: 3.932271
Train Epoch: 5 [1920/24148 (8%)]	Loss: 3.275341
Train Epoch: 5 [2240/24148 (9%)]	Loss: 4.298463
Train Epoch: 5 [2560/24148 (11%)]	Loss: 3.904985
Train Epoch: 5 [2880/24148 (12%)]	Loss: 4.554871
Train Epoch: 5 [3200/24148 (13%)]	Loss: 3.803096
Train Epoch: 5 [3520/24148 (15%)]	Loss: 4.156105
Train Epoch: 5 [3840/24148 (16%)]	Loss: 4.132608
Train Epoch: 5 [4160/24148 (17%)]	Loss: 3.636553
Train Epoch: 5 [4480/24148 (19%)]	Loss: 4.208106
Train Epoch: 5 [4800/24148 (20%)]	Loss: 4.055171
Train Epoch: 5 [5120/24148 (21%)]	Loss: 3.819422
Train Epoch: 5 [5440/24148 (23%)]	Loss: 4.375526
Train Epoch: 5 [5760/24148 (24%)]	Loss: 3.271071
Train Epoch: 5 [6080/24148 (25%)]	Loss: 3.608268
Train Epoch: 5 [6400/24148 (26%)]	Loss: 4.062137
Train Epoch: 5 [6720/24148 (28%)]	Loss: 4.115390
Train Epoch: 5 [7040/24148 (29%)]	Loss: 3.750646
Train Epoch: 5 [7360/24148 (30%)]	Loss: 3.786286
Train Epoch: 5 [7680/24148 (32%)]	Loss: 3.989000
Train Epoch: 5 [8000/24148 (33%)]	Loss: 4.556428
Train Epoch: 5 [8320/24148 (34%)]	Loss: 3.565423
Train Epoch: 5 [8640/24148 (36%)]	Loss: 3.766054
Train Epoch: 5 [8960/24148 (37%)]	Loss: 3.785032
Train Epoch: 5 [9280/24148 (38%)]	Loss: 3.765897
Train Epoch: 5 [9600/24148 (40%)]	Loss: 3.690218
Train Epoch: 5 [9920/24148 (41%)]	Loss: 3.720964
Train Epoch: 5 [10240/24148 (42%)]	Loss: 3.844974
Train Epoch: 5 [10560/24148 (44%)]	Loss: 3.959263
Train Epoch: 5 [10880/24148 (45%)]	Loss: 4.412698
Train Epoch: 5 [11200/24148 (46%)]	Loss: 3.997708
Train Epoch: 5 [11520/24148 (48%)]	Loss: 3.762735
Train Epoch: 5 [11840/24148 (49%)]	Loss: 4.365336
Train Epoch: 5 [12160/24148 (50%)]	Loss: 4.372582
Train Epoch: 5 [12480/24148 (52%)]	Loss: 4.016732
Train Epoch: 5 [12800/24148 (53%)]	Loss: 4.080587
Train Epoch: 5 [13120/24148 (54%)]	Loss: 3.700637
Train Epoch: 5 [13440/24148 (56%)]	Loss: 3.459627
Train Epoch: 5 [13760/24148 (57%)]	Loss: 3.635101
Train Epoch: 5 [14080/24148 (58%)]	Loss: 3.699657
Train Epoch: 5 [14400/24148 (60%)]	Loss: 4.067111
Train Epoch: 5 [14720/24148 (61%)]	Loss: 3.828125
Train Epoch: 5 [15040/24148 (62%)]	Loss: 3.923888
Train Epoch: 5 [15360/24148 (64%)]	Loss: 4.115982
Train Epoch: 5 [15680/24148 (65%)]	Loss: 3.704294
Train Epoch: 5 [16000/24148 (66%)]	Loss: 4.125151
Train Epoch: 5 [16320/24148 (68%)]	Loss: 4.087453
Train Epoch: 5 [16640/24148 (69%)]	Loss: 3.734925
Train Epoch: 5 [16960/24148 (70%)]	Loss: 4.176849
Train Epoch: 5 [17280/24148 (72%)]	Loss: 3.522014
Train Epoch: 5 [17600/24148 (73%)]	Loss: 3.372196
Train Epoch: 5 [17920/24148 (74%)]	Loss: 3.650947
Train Epoch: 5 [18240/24148 (75%)]	Loss: 3.921849
Train Epoch: 5 [18560/24148 (77%)]	Loss: 3.964282
Train Epoch: 5 [18880/24148 (78%)]	Loss: 4.168861
Train Epoch: 5 [19200/24148 (79%)]	Loss: 4.126455
Train Epoch: 5 [19520/24148 (81%)]	Loss: 3.671821
Train Epoch: 5 [19840/24148 (82%)]	Loss: 3.779416
Train Epoch: 5 [20160/24148 (83%)]	Loss: 3.889497
Train Epoch: 5 [20480/24148 (85%)]	Loss: 4.094738
Train Epoch: 5 [20800/24148 (86%)]	Loss: 3.547323
Train Epoch: 5 [21120/24148 (87%)]	Loss: 3.405201
Train Epoch: 5 [21440/24148 (89%)]	Loss: 3.763067
Train Epoch: 5 [21760/24148 (90%)]	Loss: 3.736124
Train Epoch: 5 [22080/24148 (91%)]	Loss: 4.619882
Train Epoch: 5 [22400/24148 (93%)]	Loss: 3.926519
Train Epoch: 5 [22720/24148 (94%)]	Loss: 3.764819
Train Epoch: 5 [23040/24148 (95%)]	Loss: 4.203090
Train Epoch: 5 [23360/24148 (97%)]	Loss: 3.568109
Train Epoch: 5 [23680/24148 (98%)]	Loss: 4.141715
Train Epoch: 5 [24000/24148 (99%)]	Loss: 3.966983

Test set: Average loss: 4.1151, Accuracy: 1139/6037 (19%)

Train Epoch: 6 [0/24148 (0%)]	Loss: 3.507547
Train Epoch: 6 [320/24148 (1%)]	Loss: 2.849975
Train Epoch: 6 [640/24148 (3%)]	Loss: 3.696786
Train Epoch: 6 [960/24148 (4%)]	Loss: 3.474160
Train Epoch: 6 [1280/24148 (5%)]	Loss: 3.648510
Train Epoch: 6 [1600/24148 (7%)]	Loss: 3.299196
Train Epoch: 6 [1920/24148 (8%)]	Loss: 4.001140
Train Epoch: 6 [2240/24148 (9%)]	Loss: 3.623057
Train Epoch: 6 [2560/24148 (11%)]	Loss: 3.488394
Train Epoch: 6 [2880/24148 (12%)]	Loss: 3.492393
Train Epoch: 6 [3200/24148 (13%)]	Loss: 3.452311
Train Epoch: 6 [3520/24148 (15%)]	Loss: 3.559465
Train Epoch: 6 [3840/24148 (16%)]	Loss: 3.307978
Train Epoch: 6 [4160/24148 (17%)]	Loss: 3.761318
Train Epoch: 6 [4480/24148 (19%)]	Loss: 3.852815
Train Epoch: 6 [4800/24148 (20%)]	Loss: 3.886001
Train Epoch: 6 [5120/24148 (21%)]	Loss: 3.153131
Train Epoch: 6 [5440/24148 (23%)]	Loss: 3.944408
Train Epoch: 6 [5760/24148 (24%)]	Loss: 3.549093
Train Epoch: 6 [6080/24148 (25%)]	Loss: 4.153106
Train Epoch: 6 [6400/24148 (26%)]	Loss: 3.097821
Train Epoch: 6 [6720/24148 (28%)]	Loss: 3.802803
Train Epoch: 6 [7040/24148 (29%)]	Loss: 3.353113
Train Epoch: 6 [7360/24148 (30%)]	Loss: 3.546913
Train Epoch: 6 [7680/24148 (32%)]	Loss: 3.675440
Train Epoch: 6 [8000/24148 (33%)]	Loss: 4.193503
Train Epoch: 6 [8320/24148 (34%)]	Loss: 3.449378
Train Epoch: 6 [8640/24148 (36%)]	Loss: 3.147148
Train Epoch: 6 [8960/24148 (37%)]	Loss: 3.209565
Train Epoch: 6 [9280/24148 (38%)]	Loss: 3.590354
Train Epoch: 6 [9600/24148 (40%)]	Loss: 3.310581
Train Epoch: 6 [9920/24148 (41%)]	Loss: 3.465437
Train Epoch: 6 [10240/24148 (42%)]	Loss: 3.788306
Train Epoch: 6 [10560/24148 (44%)]	Loss: 3.316407
Train Epoch: 6 [10880/24148 (45%)]	Loss: 3.728528
Train Epoch: 6 [11200/24148 (46%)]	Loss: 3.322559
Train Epoch: 6 [11520/24148 (48%)]	Loss: 3.270587
Train Epoch: 6 [11840/24148 (49%)]	Loss: 3.690923
Train Epoch: 6 [12160/24148 (50%)]	Loss: 4.042672
Train Epoch: 6 [12480/24148 (52%)]	Loss: 3.413838
Train Epoch: 6 [12800/24148 (53%)]	Loss: 3.593449
Train Epoch: 6 [13120/24148 (54%)]	Loss: 3.579051
Train Epoch: 6 [13440/24148 (56%)]	Loss: 2.964827
Train Epoch: 6 [13760/24148 (57%)]	Loss: 3.435575
Train Epoch: 6 [14080/24148 (58%)]	Loss: 3.807739
Train Epoch: 6 [14400/24148 (60%)]	Loss: 3.575147
Train Epoch: 6 [14720/24148 (61%)]	Loss: 4.006402
Train Epoch: 6 [15040/24148 (62%)]	Loss: 3.358662
Train Epoch: 6 [15360/24148 (64%)]	Loss: 3.193377
Train Epoch: 6 [15680/24148 (65%)]	Loss: 3.244641
Train Epoch: 6 [16000/24148 (66%)]	Loss: 3.239034
Train Epoch: 6 [16320/24148 (68%)]	Loss: 4.152712
Train Epoch: 6 [16640/24148 (69%)]	Loss: 3.483038
Train Epoch: 6 [16960/24148 (70%)]	Loss: 3.822029
Train Epoch: 6 [17280/24148 (72%)]	Loss: 3.930864
Train Epoch: 6 [17600/24148 (73%)]	Loss: 3.809968
Train Epoch: 6 [17920/24148 (74%)]	Loss: 3.915027
Train Epoch: 6 [18240/24148 (75%)]	Loss: 4.248017
Train Epoch: 6 [18560/24148 (77%)]	Loss: 3.753295
Train Epoch: 6 [18880/24148 (78%)]	Loss: 3.692611
Train Epoch: 6 [19200/24148 (79%)]	Loss: 3.755350
Train Epoch: 6 [19520/24148 (81%)]	Loss: 3.531107
Train Epoch: 6 [19840/24148 (82%)]	Loss: 3.332966
Train Epoch: 6 [20160/24148 (83%)]	Loss: 3.325489
Train Epoch: 6 [20480/24148 (85%)]	Loss: 3.865172
Train Epoch: 6 [20800/24148 (86%)]	Loss: 3.652113
Train Epoch: 6 [21120/24148 (87%)]	Loss: 3.582502
Train Epoch: 6 [21440/24148 (89%)]	Loss: 3.187988
Train Epoch: 6 [21760/24148 (90%)]	Loss: 3.557448
Train Epoch: 6 [22080/24148 (91%)]	Loss: 3.051313
Train Epoch: 6 [22400/24148 (93%)]	Loss: 3.530896
Train Epoch: 6 [22720/24148 (94%)]	Loss: 4.087233
Train Epoch: 6 [23040/24148 (95%)]	Loss: 3.590535
Train Epoch: 6 [23360/24148 (97%)]	Loss: 3.043130
Train Epoch: 6 [23680/24148 (98%)]	Loss: 3.670976
Train Epoch: 6 [24000/24148 (99%)]	Loss: 3.845550

Test set: Average loss: 4.0503, Accuracy: 1201/6037 (20%)

Train Epoch: 7 [0/24148 (0%)]	Loss: 3.154288
Train Epoch: 7 [320/24148 (1%)]	Loss: 3.628508
Train Epoch: 7 [640/24148 (3%)]	Loss: 3.359019
Train Epoch: 7 [960/24148 (4%)]	Loss: 3.605826
Train Epoch: 7 [1280/24148 (5%)]	Loss: 3.072761
Train Epoch: 7 [1600/24148 (7%)]	Loss: 2.712388
Train Epoch: 7 [1920/24148 (8%)]	Loss: 3.694425
Train Epoch: 7 [2240/24148 (9%)]	Loss: 3.389127
Train Epoch: 7 [2560/24148 (11%)]	Loss: 2.971321
Train Epoch: 7 [2880/24148 (12%)]	Loss: 3.215938
Train Epoch: 7 [3200/24148 (13%)]	Loss: 3.032267
Train Epoch: 7 [3520/24148 (15%)]	Loss: 3.215044
Train Epoch: 7 [3840/24148 (16%)]	Loss: 2.856618
Train Epoch: 7 [4160/24148 (17%)]	Loss: 2.606227
Train Epoch: 7 [4480/24148 (19%)]	Loss: 2.964931
Train Epoch: 7 [4800/24148 (20%)]	Loss: 3.153844
Train Epoch: 7 [5120/24148 (21%)]	Loss: 3.076182
Train Epoch: 7 [5440/24148 (23%)]	Loss: 3.156421
Train Epoch: 7 [5760/24148 (24%)]	Loss: 3.142528
Train Epoch: 7 [6080/24148 (25%)]	Loss: 2.903964
Train Epoch: 7 [6400/24148 (26%)]	Loss: 3.169464
Train Epoch: 7 [6720/24148 (28%)]	Loss: 3.609383
Train Epoch: 7 [7040/24148 (29%)]	Loss: 3.247897
Train Epoch: 7 [7360/24148 (30%)]	Loss: 2.985343
Train Epoch: 7 [7680/24148 (32%)]	Loss: 3.539342
Train Epoch: 7 [8000/24148 (33%)]	Loss: 3.028517
Train Epoch: 7 [8320/24148 (34%)]	Loss: 3.214181
Train Epoch: 7 [8640/24148 (36%)]	Loss: 3.756433
Train Epoch: 7 [8960/24148 (37%)]	Loss: 2.551188
Train Epoch: 7 [9280/24148 (38%)]	Loss: 3.533351
Train Epoch: 7 [9600/24148 (40%)]	Loss: 3.466188
Train Epoch: 7 [9920/24148 (41%)]	Loss: 3.280081
Train Epoch: 7 [10240/24148 (42%)]	Loss: 3.046592
Train Epoch: 7 [10560/24148 (44%)]	Loss: 3.503090
Train Epoch: 7 [10880/24148 (45%)]	Loss: 2.891658
Train Epoch: 7 [11200/24148 (46%)]	Loss: 3.238399
Train Epoch: 7 [11520/24148 (48%)]	Loss: 2.918885
Train Epoch: 7 [11840/24148 (49%)]	Loss: 3.343980
Train Epoch: 7 [12160/24148 (50%)]	Loss: 2.989959
Train Epoch: 7 [12480/24148 (52%)]	Loss: 2.945286
Train Epoch: 7 [12800/24148 (53%)]	Loss: 3.125367
Train Epoch: 7 [13120/24148 (54%)]	Loss: 2.950346
Train Epoch: 7 [13440/24148 (56%)]	Loss: 3.364678
Train Epoch: 7 [13760/24148 (57%)]	Loss: 3.222661
Train Epoch: 7 [14080/24148 (58%)]	Loss: 4.012692
Train Epoch: 7 [14400/24148 (60%)]	Loss: 3.018331
Train Epoch: 7 [14720/24148 (61%)]	Loss: 3.020643
Train Epoch: 7 [15040/24148 (62%)]	Loss: 3.331186
Train Epoch: 7 [15360/24148 (64%)]	Loss: 3.984136
Train Epoch: 7 [15680/24148 (65%)]	Loss: 3.687920
Train Epoch: 7 [16000/24148 (66%)]	Loss: 3.669588
Train Epoch: 7 [16320/24148 (68%)]	Loss: 2.951676
Train Epoch: 7 [16640/24148 (69%)]	Loss: 2.757577
Train Epoch: 7 [16960/24148 (70%)]	Loss: 3.175958
Train Epoch: 7 [17280/24148 (72%)]	Loss: 3.533689
Train Epoch: 7 [17600/24148 (73%)]	Loss: 3.299898
Train Epoch: 7 [17920/24148 (74%)]	Loss: 3.322475
Train Epoch: 7 [18240/24148 (75%)]	Loss: 3.000167
Train Epoch: 7 [18560/24148 (77%)]	Loss: 3.507191
Train Epoch: 7 [18880/24148 (78%)]	Loss: 2.769884
Train Epoch: 7 [19200/24148 (79%)]	Loss: 3.569239
Train Epoch: 7 [19520/24148 (81%)]	Loss: 3.212016
Train Epoch: 7 [19840/24148 (82%)]	Loss: 2.872046
Train Epoch: 7 [20160/24148 (83%)]	Loss: 2.941508
Train Epoch: 7 [20480/24148 (85%)]	Loss: 3.734131
Train Epoch: 7 [20800/24148 (86%)]	Loss: 3.329627
Train Epoch: 7 [21120/24148 (87%)]	Loss: 3.397317
Train Epoch: 7 [21440/24148 (89%)]	Loss: 3.275510
Train Epoch: 7 [21760/24148 (90%)]	Loss: 3.921770
Train Epoch: 7 [22080/24148 (91%)]	Loss: 3.387969
Train Epoch: 7 [22400/24148 (93%)]	Loss: 3.460607
Train Epoch: 7 [22720/24148 (94%)]	Loss: 3.202728
Train Epoch: 7 [23040/24148 (95%)]	Loss: 2.994158
Train Epoch: 7 [23360/24148 (97%)]	Loss: 2.732399
Train Epoch: 7 [23680/24148 (98%)]	Loss: 3.647145
Train Epoch: 7 [24000/24148 (99%)]	Loss: 2.799160

Test set: Average loss: 4.0068, Accuracy: 1256/6037 (21%)

Train Epoch: 8 [0/24148 (0%)]	Loss: 3.258782
Train Epoch: 8 [320/24148 (1%)]	Loss: 2.741389
Train Epoch: 8 [640/24148 (3%)]	Loss: 3.240472
Train Epoch: 8 [960/24148 (4%)]	Loss: 2.827653
Train Epoch: 8 [1280/24148 (5%)]	Loss: 2.851002
Train Epoch: 8 [1600/24148 (7%)]	Loss: 2.573665
Train Epoch: 8 [1920/24148 (8%)]	Loss: 2.704141
Train Epoch: 8 [2240/24148 (9%)]	Loss: 2.833126
Train Epoch: 8 [2560/24148 (11%)]	Loss: 2.764410
Train Epoch: 8 [2880/24148 (12%)]	Loss: 2.643706
Train Epoch: 8 [3200/24148 (13%)]	Loss: 2.940516
Train Epoch: 8 [3520/24148 (15%)]	Loss: 2.610787
Train Epoch: 8 [3840/24148 (16%)]	Loss: 2.822300
Train Epoch: 8 [4160/24148 (17%)]	Loss: 2.725103
Train Epoch: 8 [4480/24148 (19%)]	Loss: 3.106145
Train Epoch: 8 [4800/24148 (20%)]	Loss: 2.697656
Train Epoch: 8 [5120/24148 (21%)]	Loss: 3.084617
Train Epoch: 8 [5440/24148 (23%)]	Loss: 2.288981
Train Epoch: 8 [5760/24148 (24%)]	Loss: 2.701445
Train Epoch: 8 [6080/24148 (25%)]	Loss: 3.034055
Train Epoch: 8 [6400/24148 (26%)]	Loss: 2.516083
Train Epoch: 8 [6720/24148 (28%)]	Loss: 2.689432
Train Epoch: 8 [7040/24148 (29%)]	Loss: 2.594755
Train Epoch: 8 [7360/24148 (30%)]	Loss: 2.450933
Train Epoch: 8 [7680/24148 (32%)]	Loss: 2.352530
Train Epoch: 8 [8000/24148 (33%)]	Loss: 2.857871
Train Epoch: 8 [8320/24148 (34%)]	Loss: 3.247920
Train Epoch: 8 [8640/24148 (36%)]	Loss: 2.787627
Train Epoch: 8 [8960/24148 (37%)]	Loss: 2.409484
Train Epoch: 8 [9280/24148 (38%)]	Loss: 2.770981
Train Epoch: 8 [9600/24148 (40%)]	Loss: 2.665426
Train Epoch: 8 [9920/24148 (41%)]	Loss: 2.611104
Train Epoch: 8 [10240/24148 (42%)]	Loss: 2.565993
Train Epoch: 8 [10560/24148 (44%)]	Loss: 3.148818
Train Epoch: 8 [10880/24148 (45%)]	Loss: 3.078156
Train Epoch: 8 [11200/24148 (46%)]	Loss: 2.764927
Train Epoch: 8 [11520/24148 (48%)]	Loss: 2.900479
Train Epoch: 8 [11840/24148 (49%)]	Loss: 3.282750
Train Epoch: 8 [12160/24148 (50%)]	Loss: 2.714751
Train Epoch: 8 [12480/24148 (52%)]	Loss: 3.068068
Train Epoch: 8 [12800/24148 (53%)]	Loss: 2.586879
Train Epoch: 8 [13120/24148 (54%)]	Loss: 3.484342
Train Epoch: 8 [13440/24148 (56%)]	Loss: 3.021625
Train Epoch: 8 [13760/24148 (57%)]	Loss: 3.005282
Train Epoch: 8 [14080/24148 (58%)]	Loss: 3.009884
Train Epoch: 8 [14400/24148 (60%)]	Loss: 3.024106
Train Epoch: 8 [14720/24148 (61%)]	Loss: 2.377799
Train Epoch: 8 [15040/24148 (62%)]	Loss: 2.139175
Train Epoch: 8 [15360/24148 (64%)]	Loss: 2.724080
Train Epoch: 8 [15680/24148 (65%)]	Loss: 3.189881
Train Epoch: 8 [16000/24148 (66%)]	Loss: 2.880013
Train Epoch: 8 [16320/24148 (68%)]	Loss: 2.487045
Train Epoch: 8 [16640/24148 (69%)]	Loss: 2.784972
Train Epoch: 8 [16960/24148 (70%)]	Loss: 3.039066
Train Epoch: 8 [17280/24148 (72%)]	Loss: 2.631912
Train Epoch: 8 [17600/24148 (73%)]	Loss: 2.362858
Train Epoch: 8 [17920/24148 (74%)]	Loss: 2.803799
Train Epoch: 8 [18240/24148 (75%)]	Loss: 2.755352
Train Epoch: 8 [18560/24148 (77%)]	Loss: 3.034486
Train Epoch: 8 [18880/24148 (78%)]	Loss: 2.804490
Train Epoch: 8 [19200/24148 (79%)]	Loss: 2.857283
Train Epoch: 8 [19520/24148 (81%)]	Loss: 2.486982
Train Epoch: 8 [19840/24148 (82%)]	Loss: 2.859192
Train Epoch: 8 [20160/24148 (83%)]	Loss: 2.939329
Train Epoch: 8 [20480/24148 (85%)]	Loss: 2.823820
Train Epoch: 8 [20800/24148 (86%)]	Loss: 2.880730
Train Epoch: 8 [21120/24148 (87%)]	Loss: 3.029958
Train Epoch: 8 [21440/24148 (89%)]	Loss: 3.215251
Train Epoch: 8 [21760/24148 (90%)]	Loss: 2.765035
Train Epoch: 8 [22080/24148 (91%)]	Loss: 3.013413
Train Epoch: 8 [22400/24148 (93%)]	Loss: 3.297500
Train Epoch: 8 [22720/24148 (94%)]	Loss: 3.046702
Train Epoch: 8 [23040/24148 (95%)]	Loss: 2.332308
Train Epoch: 8 [23360/24148 (97%)]	Loss: 3.278132
Train Epoch: 8 [23680/24148 (98%)]	Loss: 2.562542
Train Epoch: 8 [24000/24148 (99%)]	Loss: 3.201471

Test set: Average loss: 3.9961, Accuracy: 1259/6037 (21%)

Train Epoch: 9 [0/24148 (0%)]	Loss: 2.247820
Train Epoch: 9 [320/24148 (1%)]	Loss: 2.583701
Train Epoch: 9 [640/24148 (3%)]	Loss: 2.599143
Train Epoch: 9 [960/24148 (4%)]	Loss: 2.563425
Train Epoch: 9 [1280/24148 (5%)]	Loss: 2.566267
Train Epoch: 9 [1600/24148 (7%)]	Loss: 2.551935
Train Epoch: 9 [1920/24148 (8%)]	Loss: 2.469020
Train Epoch: 9 [2240/24148 (9%)]	Loss: 2.337746
Train Epoch: 9 [2560/24148 (11%)]	Loss: 2.223608
Train Epoch: 9 [2880/24148 (12%)]	Loss: 1.972965
Train Epoch: 9 [3200/24148 (13%)]	Loss: 2.185328
Train Epoch: 9 [3520/24148 (15%)]	Loss: 2.513458
Train Epoch: 9 [3840/24148 (16%)]	Loss: 2.239612
Train Epoch: 9 [4160/24148 (17%)]	Loss: 3.148116
Train Epoch: 9 [4480/24148 (19%)]	Loss: 2.796839
Train Epoch: 9 [4800/24148 (20%)]	Loss: 2.638767
Train Epoch: 9 [5120/24148 (21%)]	Loss: 2.377096
Train Epoch: 9 [5440/24148 (23%)]	Loss: 2.650807
Train Epoch: 9 [5760/24148 (24%)]	Loss: 2.518160
Train Epoch: 9 [6080/24148 (25%)]	Loss: 2.178245
Train Epoch: 9 [6400/24148 (26%)]	Loss: 2.376971
Train Epoch: 9 [6720/24148 (28%)]	Loss: 2.269593
Train Epoch: 9 [7040/24148 (29%)]	Loss: 2.338800
Train Epoch: 9 [7360/24148 (30%)]	Loss: 2.797494
Train Epoch: 9 [7680/24148 (32%)]	Loss: 2.075444
Train Epoch: 9 [8000/24148 (33%)]	Loss: 2.145959
Train Epoch: 9 [8320/24148 (34%)]	Loss: 2.808314
Train Epoch: 9 [8640/24148 (36%)]	Loss: 2.790387
Train Epoch: 9 [8960/24148 (37%)]	Loss: 2.032062
Train Epoch: 9 [9280/24148 (38%)]	Loss: 2.286525
Train Epoch: 9 [9600/24148 (40%)]	Loss: 2.596591
Train Epoch: 9 [9920/24148 (41%)]	Loss: 2.587510
Train Epoch: 9 [10240/24148 (42%)]	Loss: 2.485718
Train Epoch: 9 [10560/24148 (44%)]	Loss: 2.244431
Train Epoch: 9 [10880/24148 (45%)]	Loss: 2.420695
Train Epoch: 9 [11200/24148 (46%)]	Loss: 2.444284
Train Epoch: 9 [11520/24148 (48%)]	Loss: 2.003392
Train Epoch: 9 [11840/24148 (49%)]	Loss: 2.670311
Train Epoch: 9 [12160/24148 (50%)]	Loss: 2.453899
Train Epoch: 9 [12480/24148 (52%)]	Loss: 2.933849
Train Epoch: 9 [12800/24148 (53%)]	Loss: 2.863018
Train Epoch: 9 [13120/24148 (54%)]	Loss: 2.618013
Train Epoch: 9 [13440/24148 (56%)]	Loss: 2.402788
Train Epoch: 9 [13760/24148 (57%)]	Loss: 2.442301
Train Epoch: 9 [14080/24148 (58%)]	Loss: 2.348983
Train Epoch: 9 [14400/24148 (60%)]	Loss: 2.618763
Train Epoch: 9 [14720/24148 (61%)]	Loss: 1.906545
Train Epoch: 9 [15040/24148 (62%)]	Loss: 2.086687
Train Epoch: 9 [15360/24148 (64%)]	Loss: 2.164961
Train Epoch: 9 [15680/24148 (65%)]	Loss: 2.631279
Train Epoch: 9 [16000/24148 (66%)]	Loss: 2.335216
Train Epoch: 9 [16320/24148 (68%)]	Loss: 2.470837
Train Epoch: 9 [16640/24148 (69%)]	Loss: 2.676220
Train Epoch: 9 [16960/24148 (70%)]	Loss: 2.302309
Train Epoch: 9 [17280/24148 (72%)]	Loss: 2.391910
Train Epoch: 9 [17600/24148 (73%)]	Loss: 3.118709
Train Epoch: 9 [17920/24148 (74%)]	Loss: 2.235131
Train Epoch: 9 [18240/24148 (75%)]	Loss: 2.280758
Train Epoch: 9 [18560/24148 (77%)]	Loss: 2.543008
Train Epoch: 9 [18880/24148 (78%)]	Loss: 2.178610
Train Epoch: 9 [19200/24148 (79%)]	Loss: 2.381169
Train Epoch: 9 [19520/24148 (81%)]	Loss: 2.753600
Train Epoch: 9 [19840/24148 (82%)]	Loss: 2.368291
Train Epoch: 9 [20160/24148 (83%)]	Loss: 2.495819
Train Epoch: 9 [20480/24148 (85%)]	Loss: 2.570463
Train Epoch: 9 [20800/24148 (86%)]	Loss: 2.504848
Train Epoch: 9 [21120/24148 (87%)]	Loss: 2.465737
Train Epoch: 9 [21440/24148 (89%)]	Loss: 2.931121
Train Epoch: 9 [21760/24148 (90%)]	Loss: 2.277345
Train Epoch: 9 [22080/24148 (91%)]	Loss: 3.198671
Train Epoch: 9 [22400/24148 (93%)]	Loss: 2.187390
Train Epoch: 9 [22720/24148 (94%)]	Loss: 2.578490
Train Epoch: 9 [23040/24148 (95%)]	Loss: 3.146147
Train Epoch: 9 [23360/24148 (97%)]	Loss: 2.519277
Train Epoch: 9 [23680/24148 (98%)]	Loss: 2.705893
Train Epoch: 9 [24000/24148 (99%)]	Loss: 2.674298

Test set: Average loss: 4.0434, Accuracy: 1282/6037 (21%)

Train Epoch: 10 [0/24148 (0%)]	Loss: 2.705301
Train Epoch: 10 [320/24148 (1%)]	Loss: 1.960630
Train Epoch: 10 [640/24148 (3%)]	Loss: 2.103410
Train Epoch: 10 [960/24148 (4%)]	Loss: 2.159941
Train Epoch: 10 [1280/24148 (5%)]	Loss: 2.484977
Train Epoch: 10 [1600/24148 (7%)]	Loss: 2.306144
Train Epoch: 10 [1920/24148 (8%)]	Loss: 2.374926
Train Epoch: 10 [2240/24148 (9%)]	Loss: 2.040038
Train Epoch: 10 [2560/24148 (11%)]	Loss: 1.921841
Train Epoch: 10 [2880/24148 (12%)]	Loss: 2.242442
Train Epoch: 10 [3200/24148 (13%)]	Loss: 2.138681
Train Epoch: 10 [3520/24148 (15%)]	Loss: 1.839912
Train Epoch: 10 [3840/24148 (16%)]	Loss: 1.745803
Train Epoch: 10 [4160/24148 (17%)]	Loss: 2.233582
Train Epoch: 10 [4480/24148 (19%)]	Loss: 2.233894
Train Epoch: 10 [4800/24148 (20%)]	Loss: 1.923078
Train Epoch: 10 [5120/24148 (21%)]	Loss: 2.141005
Train Epoch: 10 [5440/24148 (23%)]	Loss: 2.217259
Train Epoch: 10 [5760/24148 (24%)]	Loss: 2.290704
Train Epoch: 10 [6080/24148 (25%)]	Loss: 2.311081
Train Epoch: 10 [6400/24148 (26%)]	Loss: 2.009576
Train Epoch: 10 [6720/24148 (28%)]	Loss: 2.043628
Train Epoch: 10 [7040/24148 (29%)]	Loss: 2.132110
Train Epoch: 10 [7360/24148 (30%)]	Loss: 2.554531
Train Epoch: 10 [7680/24148 (32%)]	Loss: 1.773387
Train Epoch: 10 [8000/24148 (33%)]	Loss: 2.085442
Train Epoch: 10 [8320/24148 (34%)]	Loss: 2.015054
Train Epoch: 10 [8640/24148 (36%)]	Loss: 1.893177
Train Epoch: 10 [8960/24148 (37%)]	Loss: 1.463924
Train Epoch: 10 [9280/24148 (38%)]	Loss: 2.115131
Train Epoch: 10 [9600/24148 (40%)]	Loss: 1.785624
Train Epoch: 10 [9920/24148 (41%)]	Loss: 2.097368
Train Epoch: 10 [10240/24148 (42%)]	Loss: 2.063894
Train Epoch: 10 [10560/24148 (44%)]	Loss: 2.233136
Train Epoch: 10 [10880/24148 (45%)]	Loss: 2.063115
Train Epoch: 10 [11200/24148 (46%)]	Loss: 2.305954
Train Epoch: 10 [11520/24148 (48%)]	Loss: 1.720693
Train Epoch: 10 [11840/24148 (49%)]	Loss: 1.580434
Train Epoch: 10 [12160/24148 (50%)]	Loss: 1.899082
Train Epoch: 10 [12480/24148 (52%)]	Loss: 2.603471
Train Epoch: 10 [12800/24148 (53%)]	Loss: 2.027673
Train Epoch: 10 [13120/24148 (54%)]	Loss: 1.639885
Train Epoch: 10 [13440/24148 (56%)]	Loss: 2.184787
Train Epoch: 10 [13760/24148 (57%)]	Loss: 2.419158
Train Epoch: 10 [14080/24148 (58%)]	Loss: 2.101007
Train Epoch: 10 [14400/24148 (60%)]	Loss: 1.259518
Train Epoch: 10 [14720/24148 (61%)]	Loss: 2.177826
Train Epoch: 10 [15040/24148 (62%)]	Loss: 2.255824
Train Epoch: 10 [15360/24148 (64%)]	Loss: 2.107931
Train Epoch: 10 [15680/24148 (65%)]	Loss: 2.122044
Train Epoch: 10 [16000/24148 (66%)]	Loss: 2.187559
Train Epoch: 10 [16320/24148 (68%)]	Loss: 2.071040
Train Epoch: 10 [16640/24148 (69%)]	Loss: 2.459797
Train Epoch: 10 [16960/24148 (70%)]	Loss: 2.807347
Train Epoch: 10 [17280/24148 (72%)]	Loss: 2.712317
Train Epoch: 10 [17600/24148 (73%)]	Loss: 1.850116
Train Epoch: 10 [17920/24148 (74%)]	Loss: 1.826408
Train Epoch: 10 [18240/24148 (75%)]	Loss: 2.197297
Train Epoch: 10 [18560/24148 (77%)]	Loss: 2.112397
Train Epoch: 10 [18880/24148 (78%)]	Loss: 1.455804
Train Epoch: 10 [19200/24148 (79%)]	Loss: 1.901571
Train Epoch: 10 [19520/24148 (81%)]	Loss: 2.323682
Train Epoch: 10 [19840/24148 (82%)]	Loss: 1.344670
Train Epoch: 10 [20160/24148 (83%)]	Loss: 2.361794
Train Epoch: 10 [20480/24148 (85%)]	Loss: 2.163951
Train Epoch: 10 [20800/24148 (86%)]	Loss: 2.220457
Train Epoch: 10 [21120/24148 (87%)]	Loss: 1.914592
Train Epoch: 10 [21440/24148 (89%)]	Loss: 2.348465
Train Epoch: 10 [21760/24148 (90%)]	Loss: 1.988294
Train Epoch: 10 [22080/24148 (91%)]	Loss: 2.159889
Train Epoch: 10 [22400/24148 (93%)]	Loss: 1.932511
Train Epoch: 10 [22720/24148 (94%)]	Loss: 2.571973
Train Epoch: 10 [23040/24148 (95%)]	Loss: 2.119333
Train Epoch: 10 [23360/24148 (97%)]	Loss: 1.938528
Train Epoch: 10 [23680/24148 (98%)]	Loss: 1.885733
Train Epoch: 10 [24000/24148 (99%)]	Loss: 1.906626

Test set: Average loss: 4.0836, Accuracy: 1287/6037 (21%)

Average seconds for training 1 epoch: 351.8222902774811
Average seconds for testing: 31.134604024887086
