Logging tensorboard to ./runs/Caltech256/vit_reformer_patch_size_8_n_bucket_size_4_n_hashes_2
Files already downloaded and verified
Total number of parameters in the model: 11271809
Train Epoch: 1 [0/24148 (0%)]	Loss: 5.603677
Train Epoch: 1 [320/24148 (1%)]	Loss: 5.567046
Train Epoch: 1 [640/24148 (3%)]	Loss: 6.168032
Train Epoch: 1 [960/24148 (4%)]	Loss: 5.568404
Train Epoch: 1 [1280/24148 (5%)]	Loss: 5.568461
Train Epoch: 1 [1600/24148 (7%)]	Loss: 5.682559
Train Epoch: 1 [1920/24148 (8%)]	Loss: 6.133488
Train Epoch: 1 [2240/24148 (9%)]	Loss: 5.909998
Train Epoch: 1 [2560/24148 (11%)]	Loss: 5.223608
Train Epoch: 1 [2880/24148 (12%)]	Loss: 5.239876
Train Epoch: 1 [3200/24148 (13%)]	Loss: 5.028251
Train Epoch: 1 [3520/24148 (15%)]	Loss: 5.533970
Train Epoch: 1 [3840/24148 (16%)]	Loss: 5.343901
Train Epoch: 1 [4160/24148 (17%)]	Loss: 5.284708
Train Epoch: 1 [4480/24148 (19%)]	Loss: 5.402637
Train Epoch: 1 [4800/24148 (20%)]	Loss: 5.602942
Train Epoch: 1 [5120/24148 (21%)]	Loss: 5.460693
Train Epoch: 1 [5440/24148 (23%)]	Loss: 5.383525
Train Epoch: 1 [5760/24148 (24%)]	Loss: 5.338816
Train Epoch: 1 [6080/24148 (25%)]	Loss: 5.365265
Train Epoch: 1 [6400/24148 (26%)]	Loss: 5.527611
Train Epoch: 1 [6720/24148 (28%)]	Loss: 5.043468
Train Epoch: 1 [7040/24148 (29%)]	Loss: 5.340929
Train Epoch: 1 [7360/24148 (30%)]	Loss: 5.271353
Train Epoch: 1 [7680/24148 (32%)]	Loss: 5.261126
Train Epoch: 1 [8000/24148 (33%)]	Loss: 5.379167
Train Epoch: 1 [8320/24148 (34%)]	Loss: 5.512286
Train Epoch: 1 [8640/24148 (36%)]	Loss: 5.072139
Train Epoch: 1 [8960/24148 (37%)]	Loss: 5.192333
Train Epoch: 1 [9280/24148 (38%)]	Loss: 5.356565
Train Epoch: 1 [9600/24148 (40%)]	Loss: 5.455439
Train Epoch: 1 [9920/24148 (41%)]	Loss: 5.111203
Train Epoch: 1 [10240/24148 (42%)]	Loss: 5.219251
Train Epoch: 1 [10560/24148 (44%)]	Loss: 5.186605
Train Epoch: 1 [10880/24148 (45%)]	Loss: 5.573685
Train Epoch: 1 [11200/24148 (46%)]	Loss: 5.294365
Train Epoch: 1 [11520/24148 (48%)]	Loss: 5.339317
Train Epoch: 1 [11840/24148 (49%)]	Loss: 5.285618
Train Epoch: 1 [12160/24148 (50%)]	Loss: 5.403738
Train Epoch: 1 [12480/24148 (52%)]	Loss: 5.351924
Train Epoch: 1 [12800/24148 (53%)]	Loss: 5.185930
Train Epoch: 1 [13120/24148 (54%)]	Loss: 5.238346
Train Epoch: 1 [13440/24148 (56%)]	Loss: 5.407417
Train Epoch: 1 [13760/24148 (57%)]	Loss: 5.362772
Train Epoch: 1 [14080/24148 (58%)]	Loss: 5.088222
Train Epoch: 1 [14400/24148 (60%)]	Loss: 5.200450
Train Epoch: 1 [14720/24148 (61%)]	Loss: 5.282509
Train Epoch: 1 [15040/24148 (62%)]	Loss: 5.439133
Train Epoch: 1 [15360/24148 (64%)]	Loss: 5.052536
Train Epoch: 1 [15680/24148 (65%)]	Loss: 4.988993
Train Epoch: 1 [16000/24148 (66%)]	Loss: 5.350181
Train Epoch: 1 [16320/24148 (68%)]	Loss: 5.006163
Train Epoch: 1 [16640/24148 (69%)]	Loss: 5.217002
Train Epoch: 1 [16960/24148 (70%)]	Loss: 5.002547
Train Epoch: 1 [17280/24148 (72%)]	Loss: 5.004351
Train Epoch: 1 [17600/24148 (73%)]	Loss: 5.242874
Train Epoch: 1 [17920/24148 (74%)]	Loss: 5.321307
Train Epoch: 1 [18240/24148 (75%)]	Loss: 5.339853
Train Epoch: 1 [18560/24148 (77%)]	Loss: 5.187871
Train Epoch: 1 [18880/24148 (78%)]	Loss: 5.183216
Train Epoch: 1 [19200/24148 (79%)]	Loss: 5.085766
Train Epoch: 1 [19520/24148 (81%)]	Loss: 4.930502
Train Epoch: 1 [19840/24148 (82%)]	Loss: 5.563599
Train Epoch: 1 [20160/24148 (83%)]	Loss: 5.077569
Train Epoch: 1 [20480/24148 (85%)]	Loss: 5.046836
Train Epoch: 1 [20800/24148 (86%)]	Loss: 5.180189
Train Epoch: 1 [21120/24148 (87%)]	Loss: 5.185543
Train Epoch: 1 [21440/24148 (89%)]	Loss: 5.095049
Train Epoch: 1 [21760/24148 (90%)]	Loss: 5.082569
Train Epoch: 1 [22080/24148 (91%)]	Loss: 5.404210
Train Epoch: 1 [22400/24148 (93%)]	Loss: 5.413744
Train Epoch: 1 [22720/24148 (94%)]	Loss: 5.088099
Train Epoch: 1 [23040/24148 (95%)]	Loss: 5.384089
Train Epoch: 1 [23360/24148 (97%)]	Loss: 5.085599
Train Epoch: 1 [23680/24148 (98%)]	Loss: 5.218493
Train Epoch: 1 [24000/24148 (99%)]	Loss: 5.255177

Test set: Average loss: 5.0884, Accuracy: 526/6037 (9%)

Train Epoch: 2 [0/24148 (0%)]	Loss: 5.188823
Train Epoch: 2 [320/24148 (1%)]	Loss: 5.562393
Train Epoch: 2 [640/24148 (3%)]	Loss: 4.992135
Train Epoch: 2 [960/24148 (4%)]	Loss: 5.111458
Train Epoch: 2 [1280/24148 (5%)]	Loss: 5.074713
Train Epoch: 2 [1600/24148 (7%)]	Loss: 5.117750
Train Epoch: 2 [1920/24148 (8%)]	Loss: 4.636815
Train Epoch: 2 [2240/24148 (9%)]	Loss: 5.282965
Train Epoch: 2 [2560/24148 (11%)]	Loss: 5.122539
Train Epoch: 2 [2880/24148 (12%)]	Loss: 4.984134
Train Epoch: 2 [3200/24148 (13%)]	Loss: 5.069953
Train Epoch: 2 [3520/24148 (15%)]	Loss: 4.593801
Train Epoch: 2 [3840/24148 (16%)]	Loss: 4.774749
Train Epoch: 2 [4160/24148 (17%)]	Loss: 4.841873
Train Epoch: 2 [4480/24148 (19%)]	Loss: 5.093237
Train Epoch: 2 [4800/24148 (20%)]	Loss: 4.855400
Train Epoch: 2 [5120/24148 (21%)]	Loss: 5.144130
Train Epoch: 2 [5440/24148 (23%)]	Loss: 4.936697
Train Epoch: 2 [5760/24148 (24%)]	Loss: 5.121340
Train Epoch: 2 [6080/24148 (25%)]	Loss: 4.972841
Train Epoch: 2 [6400/24148 (26%)]	Loss: 4.842044
Train Epoch: 2 [6720/24148 (28%)]	Loss: 4.667372
Train Epoch: 2 [7040/24148 (29%)]	Loss: 5.259449
Train Epoch: 2 [7360/24148 (30%)]	Loss: 5.332688
Train Epoch: 2 [7680/24148 (32%)]	Loss: 5.235355
Train Epoch: 2 [8000/24148 (33%)]	Loss: 4.712304
Train Epoch: 2 [8320/24148 (34%)]	Loss: 5.045356
Train Epoch: 2 [8640/24148 (36%)]	Loss: 4.989324
Train Epoch: 2 [8960/24148 (37%)]	Loss: 4.749634
Train Epoch: 2 [9280/24148 (38%)]	Loss: 5.150812
Train Epoch: 2 [9600/24148 (40%)]	Loss: 4.865373
Train Epoch: 2 [9920/24148 (41%)]	Loss: 4.858095
Train Epoch: 2 [10240/24148 (42%)]	Loss: 4.883384
Train Epoch: 2 [10560/24148 (44%)]	Loss: 4.597742
Train Epoch: 2 [10880/24148 (45%)]	Loss: 5.216152
Train Epoch: 2 [11200/24148 (46%)]	Loss: 5.244055
Train Epoch: 2 [11520/24148 (48%)]	Loss: 5.027081
Train Epoch: 2 [11840/24148 (49%)]	Loss: 4.686871
Train Epoch: 2 [12160/24148 (50%)]	Loss: 5.231020
Train Epoch: 2 [12480/24148 (52%)]	Loss: 4.927937
Train Epoch: 2 [12800/24148 (53%)]	Loss: 4.787754
Train Epoch: 2 [13120/24148 (54%)]	Loss: 4.750647
Train Epoch: 2 [13440/24148 (56%)]	Loss: 4.714282
Train Epoch: 2 [13760/24148 (57%)]	Loss: 5.165712
Train Epoch: 2 [14080/24148 (58%)]	Loss: 5.283106
Train Epoch: 2 [14400/24148 (60%)]	Loss: 4.997209
Train Epoch: 2 [14720/24148 (61%)]	Loss: 4.897191
Train Epoch: 2 [15040/24148 (62%)]	Loss: 5.118351
Train Epoch: 2 [15360/24148 (64%)]	Loss: 5.283827
Train Epoch: 2 [15680/24148 (65%)]	Loss: 4.757639
Train Epoch: 2 [16000/24148 (66%)]	Loss: 5.082531
Train Epoch: 2 [16320/24148 (68%)]	Loss: 4.708480
Train Epoch: 2 [16640/24148 (69%)]	Loss: 4.483123
Train Epoch: 2 [16960/24148 (70%)]	Loss: 4.601993
Train Epoch: 2 [17280/24148 (72%)]	Loss: 4.779959
Train Epoch: 2 [17600/24148 (73%)]	Loss: 4.651938
Train Epoch: 2 [17920/24148 (74%)]	Loss: 4.476128
Train Epoch: 2 [18240/24148 (75%)]	Loss: 4.899693
Train Epoch: 2 [18560/24148 (77%)]	Loss: 4.805112
Train Epoch: 2 [18880/24148 (78%)]	Loss: 4.968628
Train Epoch: 2 [19200/24148 (79%)]	Loss: 5.287947
Train Epoch: 2 [19520/24148 (81%)]	Loss: 5.324835
Train Epoch: 2 [19840/24148 (82%)]	Loss: 4.955719
Train Epoch: 2 [20160/24148 (83%)]	Loss: 4.587758
Train Epoch: 2 [20480/24148 (85%)]	Loss: 4.886338
Train Epoch: 2 [20800/24148 (86%)]	Loss: 5.007323
Train Epoch: 2 [21120/24148 (87%)]	Loss: 4.954897
Train Epoch: 2 [21440/24148 (89%)]	Loss: 4.928881
Train Epoch: 2 [21760/24148 (90%)]	Loss: 5.167997
Train Epoch: 2 [22080/24148 (91%)]	Loss: 4.799823
Train Epoch: 2 [22400/24148 (93%)]	Loss: 4.811675
Train Epoch: 2 [22720/24148 (94%)]	Loss: 4.518603
Train Epoch: 2 [23040/24148 (95%)]	Loss: 4.843299
Train Epoch: 2 [23360/24148 (97%)]	Loss: 4.950114
Train Epoch: 2 [23680/24148 (98%)]	Loss: 4.900211
Train Epoch: 2 [24000/24148 (99%)]	Loss: 5.132015

Test set: Average loss: 4.9071, Accuracy: 586/6037 (10%)

Train Epoch: 3 [0/24148 (0%)]	Loss: 4.477714
Train Epoch: 3 [320/24148 (1%)]	Loss: 4.678710
Train Epoch: 3 [640/24148 (3%)]	Loss: 4.615662
Train Epoch: 3 [960/24148 (4%)]	Loss: 4.686202
Train Epoch: 3 [1280/24148 (5%)]	Loss: 4.136343
Train Epoch: 3 [1600/24148 (7%)]	Loss: 5.368259
Train Epoch: 3 [1920/24148 (8%)]	Loss: 5.415540
Train Epoch: 3 [2240/24148 (9%)]	Loss: 4.553717
Train Epoch: 3 [2560/24148 (11%)]	Loss: 4.679928
Train Epoch: 3 [2880/24148 (12%)]	Loss: 4.944082
Train Epoch: 3 [3200/24148 (13%)]	Loss: 4.833232
Train Epoch: 3 [3520/24148 (15%)]	Loss: 4.445775
Train Epoch: 3 [3840/24148 (16%)]	Loss: 4.909304
Train Epoch: 3 [4160/24148 (17%)]	Loss: 4.966924
Train Epoch: 3 [4480/24148 (19%)]	Loss: 4.565938
Train Epoch: 3 [4800/24148 (20%)]	Loss: 4.950036
Train Epoch: 3 [5120/24148 (21%)]	Loss: 4.628597
Train Epoch: 3 [5440/24148 (23%)]	Loss: 4.809233
Train Epoch: 3 [5760/24148 (24%)]	Loss: 4.866207
Train Epoch: 3 [6080/24148 (25%)]	Loss: 5.098285
Train Epoch: 3 [6400/24148 (26%)]	Loss: 5.013426
Train Epoch: 3 [6720/24148 (28%)]	Loss: 4.683210
Train Epoch: 3 [7040/24148 (29%)]	Loss: 5.251723
Train Epoch: 3 [7360/24148 (30%)]	Loss: 5.001867
Train Epoch: 3 [7680/24148 (32%)]	Loss: 4.695956
Train Epoch: 3 [8000/24148 (33%)]	Loss: 4.804676
Train Epoch: 3 [8320/24148 (34%)]	Loss: 4.921732
Train Epoch: 3 [8640/24148 (36%)]	Loss: 4.586310
Train Epoch: 3 [8960/24148 (37%)]	Loss: 4.967081
Train Epoch: 3 [9280/24148 (38%)]	Loss: 4.700335
Train Epoch: 3 [9600/24148 (40%)]	Loss: 4.953406
Train Epoch: 3 [9920/24148 (41%)]	Loss: 4.970188
Train Epoch: 3 [10240/24148 (42%)]	Loss: 5.112401
Train Epoch: 3 [10560/24148 (44%)]	Loss: 4.864482
Train Epoch: 3 [10880/24148 (45%)]	Loss: 5.066341
Train Epoch: 3 [11200/24148 (46%)]	Loss: 4.553021
Train Epoch: 3 [11520/24148 (48%)]	Loss: 4.584076
Train Epoch: 3 [11840/24148 (49%)]	Loss: 4.949374
Train Epoch: 3 [12160/24148 (50%)]	Loss: 4.790599
Train Epoch: 3 [12480/24148 (52%)]	Loss: 5.039863
Train Epoch: 3 [12800/24148 (53%)]	Loss: 4.547629
Train Epoch: 3 [13120/24148 (54%)]	Loss: 4.431855
Train Epoch: 3 [13440/24148 (56%)]	Loss: 4.752048
Train Epoch: 3 [13760/24148 (57%)]	Loss: 4.551409
Train Epoch: 3 [14080/24148 (58%)]	Loss: 4.672975
Train Epoch: 3 [14400/24148 (60%)]	Loss: 4.451833
Train Epoch: 3 [14720/24148 (61%)]	Loss: 4.391907
Train Epoch: 3 [15040/24148 (62%)]	Loss: 4.587843
Train Epoch: 3 [15360/24148 (64%)]	Loss: 4.719332
Train Epoch: 3 [15680/24148 (65%)]	Loss: 4.952697
Train Epoch: 3 [16000/24148 (66%)]	Loss: 4.725475
Train Epoch: 3 [16320/24148 (68%)]	Loss: 4.513241
Train Epoch: 3 [16640/24148 (69%)]	Loss: 4.775082
Train Epoch: 3 [16960/24148 (70%)]	Loss: 4.752111
Train Epoch: 3 [17280/24148 (72%)]	Loss: 5.107358
Train Epoch: 3 [17600/24148 (73%)]	Loss: 5.298019
Train Epoch: 3 [17920/24148 (74%)]	Loss: 4.828053
Train Epoch: 3 [18240/24148 (75%)]	Loss: 5.009686
Train Epoch: 3 [18560/24148 (77%)]	Loss: 4.610846
Train Epoch: 3 [18880/24148 (78%)]	Loss: 4.872280
Train Epoch: 3 [19200/24148 (79%)]	Loss: 4.861284
Train Epoch: 3 [19520/24148 (81%)]	Loss: 4.651658
Train Epoch: 3 [19840/24148 (82%)]	Loss: 4.998599
Train Epoch: 3 [20160/24148 (83%)]	Loss: 4.758955
Train Epoch: 3 [20480/24148 (85%)]	Loss: 4.139283
Train Epoch: 3 [20800/24148 (86%)]	Loss: 4.508431
Train Epoch: 3 [21120/24148 (87%)]	Loss: 5.105259
Train Epoch: 3 [21440/24148 (89%)]	Loss: 4.841391
Train Epoch: 3 [21760/24148 (90%)]	Loss: 4.531829
Train Epoch: 3 [22080/24148 (91%)]	Loss: 4.982167
Train Epoch: 3 [22400/24148 (93%)]	Loss: 4.640647
Train Epoch: 3 [22720/24148 (94%)]	Loss: 4.880356
Train Epoch: 3 [23040/24148 (95%)]	Loss: 4.588394
Train Epoch: 3 [23360/24148 (97%)]	Loss: 5.061836
Train Epoch: 3 [23680/24148 (98%)]	Loss: 4.198246
Train Epoch: 3 [24000/24148 (99%)]	Loss: 4.856786

Test set: Average loss: 4.7571, Accuracy: 661/6037 (11%)

Train Epoch: 4 [0/24148 (0%)]	Loss: 4.763640
Train Epoch: 4 [320/24148 (1%)]	Loss: 4.607763
Train Epoch: 4 [640/24148 (3%)]	Loss: 4.270535
Train Epoch: 4 [960/24148 (4%)]	Loss: 4.610289
Train Epoch: 4 [1280/24148 (5%)]	Loss: 4.745854
Train Epoch: 4 [1600/24148 (7%)]	Loss: 4.677678
Train Epoch: 4 [1920/24148 (8%)]	Loss: 4.881764
Train Epoch: 4 [2240/24148 (9%)]	Loss: 4.561838
Train Epoch: 4 [2560/24148 (11%)]	Loss: 5.010582
Train Epoch: 4 [2880/24148 (12%)]	Loss: 4.682324
Train Epoch: 4 [3200/24148 (13%)]	Loss: 4.745326
Train Epoch: 4 [3520/24148 (15%)]	Loss: 4.651209
Train Epoch: 4 [3840/24148 (16%)]	Loss: 4.601923
Train Epoch: 4 [4160/24148 (17%)]	Loss: 4.390431
Train Epoch: 4 [4480/24148 (19%)]	Loss: 4.899548
Train Epoch: 4 [4800/24148 (20%)]	Loss: 4.824745
Train Epoch: 4 [5120/24148 (21%)]	Loss: 4.491842
Train Epoch: 4 [5440/24148 (23%)]	Loss: 4.656347
Train Epoch: 4 [5760/24148 (24%)]	Loss: 4.965573
Train Epoch: 4 [6080/24148 (25%)]	Loss: 4.570590
Train Epoch: 4 [6400/24148 (26%)]	Loss: 4.844451
Train Epoch: 4 [6720/24148 (28%)]	Loss: 4.682759
Train Epoch: 4 [7040/24148 (29%)]	Loss: 4.725666
Train Epoch: 4 [7360/24148 (30%)]	Loss: 4.175870
Train Epoch: 4 [7680/24148 (32%)]	Loss: 4.414777
Train Epoch: 4 [8000/24148 (33%)]	Loss: 4.612180
Train Epoch: 4 [8320/24148 (34%)]	Loss: 4.733608
Train Epoch: 4 [8640/24148 (36%)]	Loss: 4.614579
Train Epoch: 4 [8960/24148 (37%)]	Loss: 4.862133
Train Epoch: 4 [9280/24148 (38%)]	Loss: 4.480465
Train Epoch: 4 [9600/24148 (40%)]	Loss: 5.269037
Train Epoch: 4 [9920/24148 (41%)]	Loss: 4.804178
Train Epoch: 4 [10240/24148 (42%)]	Loss: 4.704578
Train Epoch: 4 [10560/24148 (44%)]	Loss: 4.427428
Train Epoch: 4 [10880/24148 (45%)]	Loss: 4.314243
Train Epoch: 4 [11200/24148 (46%)]	Loss: 4.319983
Train Epoch: 4 [11520/24148 (48%)]	Loss: 4.731233
Train Epoch: 4 [11840/24148 (49%)]	Loss: 4.210420
Train Epoch: 4 [12160/24148 (50%)]	Loss: 4.677462
Train Epoch: 4 [12480/24148 (52%)]	Loss: 5.006896
Train Epoch: 4 [12800/24148 (53%)]	Loss: 5.300748
Train Epoch: 4 [13120/24148 (54%)]	Loss: 4.867977
Train Epoch: 4 [13440/24148 (56%)]	Loss: 4.785575
Train Epoch: 4 [13760/24148 (57%)]	Loss: 4.779668
Train Epoch: 4 [14080/24148 (58%)]	Loss: 4.867880
Train Epoch: 4 [14400/24148 (60%)]	Loss: 5.238717
Train Epoch: 4 [14720/24148 (61%)]	Loss: 4.938084
Train Epoch: 4 [15040/24148 (62%)]	Loss: 4.939913
Train Epoch: 4 [15360/24148 (64%)]	Loss: 4.556142
Train Epoch: 4 [15680/24148 (65%)]	Loss: 4.662976
Train Epoch: 4 [16000/24148 (66%)]	Loss: 4.480467
Train Epoch: 4 [16320/24148 (68%)]	Loss: 4.549365
Train Epoch: 4 [16640/24148 (69%)]	Loss: 4.364795
Train Epoch: 4 [16960/24148 (70%)]	Loss: 4.885765
Train Epoch: 4 [17280/24148 (72%)]	Loss: 5.031008
Train Epoch: 4 [17600/24148 (73%)]	Loss: 4.268131
Train Epoch: 4 [17920/24148 (74%)]	Loss: 5.035967
Train Epoch: 4 [18240/24148 (75%)]	Loss: 4.756366
Train Epoch: 4 [18560/24148 (77%)]	Loss: 4.643270
Train Epoch: 4 [18880/24148 (78%)]	Loss: 4.115817
Train Epoch: 4 [19200/24148 (79%)]	Loss: 4.231925
Train Epoch: 4 [19520/24148 (81%)]	Loss: 4.043602
Train Epoch: 4 [19840/24148 (82%)]	Loss: 4.483253
Train Epoch: 4 [20160/24148 (83%)]	Loss: 4.602715
Train Epoch: 4 [20480/24148 (85%)]	Loss: 4.476164
Train Epoch: 4 [20800/24148 (86%)]	Loss: 4.942363
Train Epoch: 4 [21120/24148 (87%)]	Loss: 4.232619
Train Epoch: 4 [21440/24148 (89%)]	Loss: 5.153913
Train Epoch: 4 [21760/24148 (90%)]	Loss: 4.990229
Train Epoch: 4 [22080/24148 (91%)]	Loss: 4.664064
Train Epoch: 4 [22400/24148 (93%)]	Loss: 4.881611
Train Epoch: 4 [22720/24148 (94%)]	Loss: 4.321266
Train Epoch: 4 [23040/24148 (95%)]	Loss: 4.595350
Train Epoch: 4 [23360/24148 (97%)]	Loss: 4.420852
Train Epoch: 4 [23680/24148 (98%)]	Loss: 4.507030
Train Epoch: 4 [24000/24148 (99%)]	Loss: 4.302565

Test set: Average loss: 4.6685, Accuracy: 734/6037 (12%)

Train Epoch: 5 [0/24148 (0%)]	Loss: 4.614572
Train Epoch: 5 [320/24148 (1%)]	Loss: 4.726059
Train Epoch: 5 [640/24148 (3%)]	Loss: 4.540649
Train Epoch: 5 [960/24148 (4%)]	Loss: 4.618101
Train Epoch: 5 [1280/24148 (5%)]	Loss: 4.670514
Train Epoch: 5 [1600/24148 (7%)]	Loss: 4.449529
Train Epoch: 5 [1920/24148 (8%)]	Loss: 4.651491
Train Epoch: 5 [2240/24148 (9%)]	Loss: 4.705719
Train Epoch: 5 [2560/24148 (11%)]	Loss: 4.058041
Train Epoch: 5 [2880/24148 (12%)]	Loss: 4.899088
Train Epoch: 5 [3200/24148 (13%)]	Loss: 4.796516
Train Epoch: 5 [3520/24148 (15%)]	Loss: 4.712426
Train Epoch: 5 [3840/24148 (16%)]	Loss: 4.486762
Train Epoch: 5 [4160/24148 (17%)]	Loss: 4.418755
Train Epoch: 5 [4480/24148 (19%)]	Loss: 4.617297
Train Epoch: 5 [4800/24148 (20%)]	Loss: 4.951219
Train Epoch: 5 [5120/24148 (21%)]	Loss: 4.161755
Train Epoch: 5 [5440/24148 (23%)]	Loss: 4.848965
Train Epoch: 5 [5760/24148 (24%)]	Loss: 4.586036
Train Epoch: 5 [6080/24148 (25%)]	Loss: 4.532498
Train Epoch: 5 [6400/24148 (26%)]	Loss: 4.478655
Train Epoch: 5 [6720/24148 (28%)]	Loss: 4.674556
Train Epoch: 5 [7040/24148 (29%)]	Loss: 4.891370
Train Epoch: 5 [7360/24148 (30%)]	Loss: 4.699489
Train Epoch: 5 [7680/24148 (32%)]	Loss: 4.521192
Train Epoch: 5 [8000/24148 (33%)]	Loss: 4.391169
Train Epoch: 5 [8320/24148 (34%)]	Loss: 4.517200
Train Epoch: 5 [8640/24148 (36%)]	Loss: 4.554760
Train Epoch: 5 [8960/24148 (37%)]	Loss: 4.946717
Train Epoch: 5 [9280/24148 (38%)]	Loss: 4.769781
Train Epoch: 5 [9600/24148 (40%)]	Loss: 4.519149
Train Epoch: 5 [9920/24148 (41%)]	Loss: 4.110710
Train Epoch: 5 [10240/24148 (42%)]	Loss: 4.564902
Train Epoch: 5 [10560/24148 (44%)]	Loss: 4.357175
Train Epoch: 5 [10880/24148 (45%)]	Loss: 4.441941
Train Epoch: 5 [11200/24148 (46%)]	Loss: 4.633683
Train Epoch: 5 [11520/24148 (48%)]	Loss: 4.524673
Train Epoch: 5 [11840/24148 (49%)]	Loss: 4.637418
Train Epoch: 5 [12160/24148 (50%)]	Loss: 5.140383
Train Epoch: 5 [12480/24148 (52%)]	Loss: 4.689970
Train Epoch: 5 [12800/24148 (53%)]	Loss: 4.602763
Train Epoch: 5 [13120/24148 (54%)]	Loss: 4.322336
Train Epoch: 5 [13440/24148 (56%)]	Loss: 4.703174
Train Epoch: 5 [13760/24148 (57%)]	Loss: 4.815487
Train Epoch: 5 [14080/24148 (58%)]	Loss: 4.677661
Train Epoch: 5 [14400/24148 (60%)]	Loss: 4.445580
Train Epoch: 5 [14720/24148 (61%)]	Loss: 4.516433
Train Epoch: 5 [15040/24148 (62%)]	Loss: 4.223516
Train Epoch: 5 [15360/24148 (64%)]	Loss: 4.447119
Train Epoch: 5 [15680/24148 (65%)]	Loss: 4.556382
Train Epoch: 5 [16000/24148 (66%)]	Loss: 4.356447
Train Epoch: 5 [16320/24148 (68%)]	Loss: 5.007431
Train Epoch: 5 [16640/24148 (69%)]	Loss: 4.676838
Train Epoch: 5 [16960/24148 (70%)]	Loss: 4.890516
Train Epoch: 5 [17280/24148 (72%)]	Loss: 4.437995
Train Epoch: 5 [17600/24148 (73%)]	Loss: 4.453657
Train Epoch: 5 [17920/24148 (74%)]	Loss: 5.084315
Train Epoch: 5 [18240/24148 (75%)]	Loss: 4.749776
Train Epoch: 5 [18560/24148 (77%)]	Loss: 4.574957
Train Epoch: 5 [18880/24148 (78%)]	Loss: 4.283741
Train Epoch: 5 [19200/24148 (79%)]	Loss: 5.099699
Train Epoch: 5 [19520/24148 (81%)]	Loss: 4.232397
Train Epoch: 5 [19840/24148 (82%)]	Loss: 4.382326
Train Epoch: 5 [20160/24148 (83%)]	Loss: 4.374982
Train Epoch: 5 [20480/24148 (85%)]	Loss: 4.473219
Train Epoch: 5 [20800/24148 (86%)]	Loss: 4.504671
Train Epoch: 5 [21120/24148 (87%)]	Loss: 4.802795
Train Epoch: 5 [21440/24148 (89%)]	Loss: 5.101492
Train Epoch: 5 [21760/24148 (90%)]	Loss: 4.515389
Train Epoch: 5 [22080/24148 (91%)]	Loss: 4.356781
Train Epoch: 5 [22400/24148 (93%)]	Loss: 4.650227
Train Epoch: 5 [22720/24148 (94%)]	Loss: 4.820543
Train Epoch: 5 [23040/24148 (95%)]	Loss: 4.317163
Train Epoch: 5 [23360/24148 (97%)]	Loss: 4.963582
Train Epoch: 5 [23680/24148 (98%)]	Loss: 5.143296
Train Epoch: 5 [24000/24148 (99%)]	Loss: 4.701964

Test set: Average loss: 4.5914, Accuracy: 746/6037 (12%)

Train Epoch: 6 [0/24148 (0%)]	Loss: 4.969746
Train Epoch: 6 [320/24148 (1%)]	Loss: 4.411263
Train Epoch: 6 [640/24148 (3%)]	Loss: 4.830648
Train Epoch: 6 [960/24148 (4%)]	Loss: 4.517941
Train Epoch: 6 [1280/24148 (5%)]	Loss: 4.715017
Train Epoch: 6 [1600/24148 (7%)]	Loss: 4.344434
Train Epoch: 6 [1920/24148 (8%)]	Loss: 4.476775
Train Epoch: 6 [2240/24148 (9%)]	Loss: 5.033916
Train Epoch: 6 [2560/24148 (11%)]	Loss: 4.233951
Train Epoch: 6 [2880/24148 (12%)]	Loss: 4.830670
Train Epoch: 6 [3200/24148 (13%)]	Loss: 4.962509
Train Epoch: 6 [3520/24148 (15%)]	Loss: 4.350957
Train Epoch: 6 [3840/24148 (16%)]	Loss: 4.651258
Train Epoch: 6 [4160/24148 (17%)]	Loss: 4.130831
Train Epoch: 6 [4480/24148 (19%)]	Loss: 4.578488
Train Epoch: 6 [4800/24148 (20%)]	Loss: 4.559844
Train Epoch: 6 [5120/24148 (21%)]	Loss: 4.649079
Train Epoch: 6 [5440/24148 (23%)]	Loss: 4.570061
Train Epoch: 6 [5760/24148 (24%)]	Loss: 4.747402
Train Epoch: 6 [6080/24148 (25%)]	Loss: 4.411460
Train Epoch: 6 [6400/24148 (26%)]	Loss: 4.297601
Train Epoch: 6 [6720/24148 (28%)]	Loss: 4.289515
Train Epoch: 6 [7040/24148 (29%)]	Loss: 4.559901
Train Epoch: 6 [7360/24148 (30%)]	Loss: 4.770564
Train Epoch: 6 [7680/24148 (32%)]	Loss: 4.468239
Train Epoch: 6 [8000/24148 (33%)]	Loss: 4.429327
Train Epoch: 6 [8320/24148 (34%)]	Loss: 4.128767
Train Epoch: 6 [8640/24148 (36%)]	Loss: 4.478433
Train Epoch: 6 [8960/24148 (37%)]	Loss: 4.535893
Train Epoch: 6 [9280/24148 (38%)]	Loss: 4.161907
Train Epoch: 6 [9600/24148 (40%)]	Loss: 4.376512
Train Epoch: 6 [9920/24148 (41%)]	Loss: 4.569607
Train Epoch: 6 [10240/24148 (42%)]	Loss: 4.684462
Train Epoch: 6 [10560/24148 (44%)]	Loss: 4.558793
Train Epoch: 6 [10880/24148 (45%)]	Loss: 4.440623
Train Epoch: 6 [11200/24148 (46%)]	Loss: 4.531175
Train Epoch: 6 [11520/24148 (48%)]	Loss: 4.526202
Train Epoch: 6 [11840/24148 (49%)]	Loss: 4.745471
Train Epoch: 6 [12160/24148 (50%)]	Loss: 4.468983
Train Epoch: 6 [12480/24148 (52%)]	Loss: 4.117414
Train Epoch: 6 [12800/24148 (53%)]	Loss: 4.678177
Train Epoch: 6 [13120/24148 (54%)]	Loss: 4.949567
Train Epoch: 6 [13440/24148 (56%)]	Loss: 4.332732
Train Epoch: 6 [13760/24148 (57%)]	Loss: 5.080081
Train Epoch: 6 [14080/24148 (58%)]	Loss: 4.494778
Train Epoch: 6 [14400/24148 (60%)]	Loss: 4.273254
Train Epoch: 6 [14720/24148 (61%)]	Loss: 4.695683
Train Epoch: 6 [15040/24148 (62%)]	Loss: 4.908280
Train Epoch: 6 [15360/24148 (64%)]	Loss: 4.471655
Train Epoch: 6 [15680/24148 (65%)]	Loss: 4.209050
Train Epoch: 6 [16000/24148 (66%)]	Loss: 4.384283
Train Epoch: 6 [16320/24148 (68%)]	Loss: 4.514560
Train Epoch: 6 [16640/24148 (69%)]	Loss: 4.118332
Train Epoch: 6 [16960/24148 (70%)]	Loss: 4.551784
Train Epoch: 6 [17280/24148 (72%)]	Loss: 4.400864
Train Epoch: 6 [17600/24148 (73%)]	Loss: 4.533096
Train Epoch: 6 [17920/24148 (74%)]	Loss: 4.747863
Train Epoch: 6 [18240/24148 (75%)]	Loss: 4.806273
Train Epoch: 6 [18560/24148 (77%)]	Loss: 4.823141
Train Epoch: 6 [18880/24148 (78%)]	Loss: 4.639922
Train Epoch: 6 [19200/24148 (79%)]	Loss: 4.127878
Train Epoch: 6 [19520/24148 (81%)]	Loss: 4.655225
Train Epoch: 6 [19840/24148 (82%)]	Loss: 4.816068
Train Epoch: 6 [20160/24148 (83%)]	Loss: 4.458324
Train Epoch: 6 [20480/24148 (85%)]	Loss: 4.662367
Train Epoch: 6 [20800/24148 (86%)]	Loss: 4.651632
Train Epoch: 6 [21120/24148 (87%)]	Loss: 4.908531
Train Epoch: 6 [21440/24148 (89%)]	Loss: 4.628720
Train Epoch: 6 [21760/24148 (90%)]	Loss: 3.925583
Train Epoch: 6 [22080/24148 (91%)]	Loss: 4.467790
Train Epoch: 6 [22400/24148 (93%)]	Loss: 4.276743
Train Epoch: 6 [22720/24148 (94%)]	Loss: 4.316233
Train Epoch: 6 [23040/24148 (95%)]	Loss: 4.658619
Train Epoch: 6 [23360/24148 (97%)]	Loss: 4.721586
Train Epoch: 6 [23680/24148 (98%)]	Loss: 4.747308
Train Epoch: 6 [24000/24148 (99%)]	Loss: 4.163731

Test set: Average loss: 4.5471, Accuracy: 792/6037 (13%)

Train Epoch: 7 [0/24148 (0%)]	Loss: 4.697658
Train Epoch: 7 [320/24148 (1%)]	Loss: 4.315820
Train Epoch: 7 [640/24148 (3%)]	Loss: 4.689232
Train Epoch: 7 [960/24148 (4%)]	Loss: 4.462145
Train Epoch: 7 [1280/24148 (5%)]	Loss: 3.909400
Train Epoch: 7 [1600/24148 (7%)]	Loss: 4.469681
Train Epoch: 7 [1920/24148 (8%)]	Loss: 4.368659
Train Epoch: 7 [2240/24148 (9%)]	Loss: 4.255570
Train Epoch: 7 [2560/24148 (11%)]	Loss: 4.239710
Train Epoch: 7 [2880/24148 (12%)]	Loss: 4.119395
Train Epoch: 7 [3200/24148 (13%)]	Loss: 4.315843
Train Epoch: 7 [3520/24148 (15%)]	Loss: 4.194627
Train Epoch: 7 [3840/24148 (16%)]	Loss: 4.697089
Train Epoch: 7 [4160/24148 (17%)]	Loss: 4.807005
Train Epoch: 7 [4480/24148 (19%)]	Loss: 4.009886
Train Epoch: 7 [4800/24148 (20%)]	Loss: 4.822340
Train Epoch: 7 [5120/24148 (21%)]	Loss: 4.609575
Train Epoch: 7 [5440/24148 (23%)]	Loss: 4.193414
Train Epoch: 7 [5760/24148 (24%)]	Loss: 4.250800
Train Epoch: 7 [6080/24148 (25%)]	Loss: 4.191219
Train Epoch: 7 [6400/24148 (26%)]	Loss: 4.875338
Train Epoch: 7 [6720/24148 (28%)]	Loss: 4.431548
Train Epoch: 7 [7040/24148 (29%)]	Loss: 5.133988
Train Epoch: 7 [7360/24148 (30%)]	Loss: 4.119107
Train Epoch: 7 [7680/24148 (32%)]	Loss: 4.410274
Train Epoch: 7 [8000/24148 (33%)]	Loss: 4.595902
Train Epoch: 7 [8320/24148 (34%)]	Loss: 4.467356
Train Epoch: 7 [8640/24148 (36%)]	Loss: 4.741111
Train Epoch: 7 [8960/24148 (37%)]	Loss: 4.323747
Train Epoch: 7 [9280/24148 (38%)]	Loss: 4.522576
Train Epoch: 7 [9600/24148 (40%)]	Loss: 4.312370
Train Epoch: 7 [9920/24148 (41%)]	Loss: 4.191510
Train Epoch: 7 [10240/24148 (42%)]	Loss: 4.143250
Train Epoch: 7 [10560/24148 (44%)]	Loss: 4.167557
Train Epoch: 7 [10880/24148 (45%)]	Loss: 4.533337
Train Epoch: 7 [11200/24148 (46%)]	Loss: 4.755387
Train Epoch: 7 [11520/24148 (48%)]	Loss: 4.189166
Train Epoch: 7 [11840/24148 (49%)]	Loss: 4.554606
Train Epoch: 7 [12160/24148 (50%)]	Loss: 4.293375
Train Epoch: 7 [12480/24148 (52%)]	Loss: 4.888364
Train Epoch: 7 [12800/24148 (53%)]	Loss: 4.314774
Train Epoch: 7 [13120/24148 (54%)]	Loss: 5.078471
Train Epoch: 7 [13440/24148 (56%)]	Loss: 4.337675
Train Epoch: 7 [13760/24148 (57%)]	Loss: 4.650325
Train Epoch: 7 [14080/24148 (58%)]	Loss: 4.021024
Train Epoch: 7 [14400/24148 (60%)]	Loss: 4.415742
Train Epoch: 7 [14720/24148 (61%)]	Loss: 4.515532
Train Epoch: 7 [15040/24148 (62%)]	Loss: 4.861448
Train Epoch: 7 [15360/24148 (64%)]	Loss: 4.557380
Train Epoch: 7 [15680/24148 (65%)]	Loss: 4.812726
Train Epoch: 7 [16000/24148 (66%)]	Loss: 5.180497
Train Epoch: 7 [16320/24148 (68%)]	Loss: 3.800652
Train Epoch: 7 [16640/24148 (69%)]	Loss: 4.377079
Train Epoch: 7 [16960/24148 (70%)]	Loss: 4.312191
Train Epoch: 7 [17280/24148 (72%)]	Loss: 4.289576
Train Epoch: 7 [17600/24148 (73%)]	Loss: 4.387934
Train Epoch: 7 [17920/24148 (74%)]	Loss: 4.452012
Train Epoch: 7 [18240/24148 (75%)]	Loss: 4.610589
Train Epoch: 7 [18560/24148 (77%)]	Loss: 4.625038
Train Epoch: 7 [18880/24148 (78%)]	Loss: 3.867966
Train Epoch: 7 [19200/24148 (79%)]	Loss: 4.724232
Train Epoch: 7 [19520/24148 (81%)]	Loss: 4.237709
Train Epoch: 7 [19840/24148 (82%)]	Loss: 4.861333
Train Epoch: 7 [20160/24148 (83%)]	Loss: 4.228753
Train Epoch: 7 [20480/24148 (85%)]	Loss: 4.360615
Train Epoch: 7 [20800/24148 (86%)]	Loss: 3.897925
Train Epoch: 7 [21120/24148 (87%)]	Loss: 4.570032
Train Epoch: 7 [21440/24148 (89%)]	Loss: 4.175156
Train Epoch: 7 [21760/24148 (90%)]	Loss: 3.856669
Train Epoch: 7 [22080/24148 (91%)]	Loss: 4.371398
Train Epoch: 7 [22400/24148 (93%)]	Loss: 4.403445
Train Epoch: 7 [22720/24148 (94%)]	Loss: 4.751929
Train Epoch: 7 [23040/24148 (95%)]	Loss: 4.575417
Train Epoch: 7 [23360/24148 (97%)]	Loss: 3.962347
Train Epoch: 7 [23680/24148 (98%)]	Loss: 3.831876
Train Epoch: 7 [24000/24148 (99%)]	Loss: 4.186405

Test set: Average loss: 4.4667, Accuracy: 829/6037 (14%)

Train Epoch: 8 [0/24148 (0%)]	Loss: 4.263128
Train Epoch: 8 [320/24148 (1%)]	Loss: 4.796124
Train Epoch: 8 [640/24148 (3%)]	Loss: 4.214100
Train Epoch: 8 [960/24148 (4%)]	Loss: 4.398239
Train Epoch: 8 [1280/24148 (5%)]	Loss: 4.540741
Train Epoch: 8 [1600/24148 (7%)]	Loss: 4.365983
Train Epoch: 8 [1920/24148 (8%)]	Loss: 4.556065
Train Epoch: 8 [2240/24148 (9%)]	Loss: 4.469740
Train Epoch: 8 [2560/24148 (11%)]	Loss: 4.257977
Train Epoch: 8 [2880/24148 (12%)]	Loss: 4.617161
Train Epoch: 8 [3200/24148 (13%)]	Loss: 4.417676
Train Epoch: 8 [3520/24148 (15%)]	Loss: 4.682768
Train Epoch: 8 [3840/24148 (16%)]	Loss: 4.617879
Train Epoch: 8 [4160/24148 (17%)]	Loss: 4.324293
Train Epoch: 8 [4480/24148 (19%)]	Loss: 4.346570
Train Epoch: 8 [4800/24148 (20%)]	Loss: 4.970816
Train Epoch: 8 [5120/24148 (21%)]	Loss: 3.878016
Train Epoch: 8 [5440/24148 (23%)]	Loss: 4.277245
Train Epoch: 8 [5760/24148 (24%)]	Loss: 4.161566
Train Epoch: 8 [6080/24148 (25%)]	Loss: 4.274536
Train Epoch: 8 [6400/24148 (26%)]	Loss: 4.037594
Train Epoch: 8 [6720/24148 (28%)]	Loss: 4.527243
Train Epoch: 8 [7040/24148 (29%)]	Loss: 4.400008
Train Epoch: 8 [7360/24148 (30%)]	Loss: 4.164820
Train Epoch: 8 [7680/24148 (32%)]	Loss: 4.124831
Train Epoch: 8 [8000/24148 (33%)]	Loss: 4.298981
Train Epoch: 8 [8320/24148 (34%)]	Loss: 4.712479
Train Epoch: 8 [8640/24148 (36%)]	Loss: 4.397934
Train Epoch: 8 [8960/24148 (37%)]	Loss: 4.608453
Train Epoch: 8 [9280/24148 (38%)]	Loss: 4.582778
Train Epoch: 8 [9600/24148 (40%)]	Loss: 4.667492
Train Epoch: 8 [9920/24148 (41%)]	Loss: 4.438642
Train Epoch: 8 [10240/24148 (42%)]	Loss: 4.273761
Train Epoch: 8 [10560/24148 (44%)]	Loss: 4.254097
Train Epoch: 8 [10880/24148 (45%)]	Loss: 4.854233
Train Epoch: 8 [11200/24148 (46%)]	Loss: 3.735770
Train Epoch: 8 [11520/24148 (48%)]	Loss: 4.287868
Train Epoch: 8 [11840/24148 (49%)]	Loss: 4.640948
Train Epoch: 8 [12160/24148 (50%)]	Loss: 4.260122
Train Epoch: 8 [12480/24148 (52%)]	Loss: 4.429404
Train Epoch: 8 [12800/24148 (53%)]	Loss: 4.587890
Train Epoch: 8 [13120/24148 (54%)]	Loss: 4.666852
Train Epoch: 8 [13440/24148 (56%)]	Loss: 4.423288
Train Epoch: 8 [13760/24148 (57%)]	Loss: 4.550864
Train Epoch: 8 [14080/24148 (58%)]	Loss: 4.219970
Train Epoch: 8 [14400/24148 (60%)]	Loss: 4.370566
Train Epoch: 8 [14720/24148 (61%)]	Loss: 4.980672
Train Epoch: 8 [15040/24148 (62%)]	Loss: 4.824375
Train Epoch: 8 [15360/24148 (64%)]	Loss: 4.205307
Train Epoch: 8 [15680/24148 (65%)]	Loss: 4.072496
Train Epoch: 8 [16000/24148 (66%)]	Loss: 4.248387
Train Epoch: 8 [16320/24148 (68%)]	Loss: 4.445684
Train Epoch: 8 [16640/24148 (69%)]	Loss: 4.311010
Train Epoch: 8 [16960/24148 (70%)]	Loss: 4.085756
Train Epoch: 8 [17280/24148 (72%)]	Loss: 4.014238
Train Epoch: 8 [17600/24148 (73%)]	Loss: 4.375436
Train Epoch: 8 [17920/24148 (74%)]	Loss: 4.281906
Train Epoch: 8 [18240/24148 (75%)]	Loss: 4.755708
Train Epoch: 8 [18560/24148 (77%)]	Loss: 4.530362
Train Epoch: 8 [18880/24148 (78%)]	Loss: 4.529359
Train Epoch: 8 [19200/24148 (79%)]	Loss: 4.218349
Train Epoch: 8 [19520/24148 (81%)]	Loss: 4.350127
Train Epoch: 8 [19840/24148 (82%)]	Loss: 4.583389
Train Epoch: 8 [20160/24148 (83%)]	Loss: 4.648858
Train Epoch: 8 [20480/24148 (85%)]	Loss: 4.331079
Train Epoch: 8 [20800/24148 (86%)]	Loss: 4.410055
Train Epoch: 8 [21120/24148 (87%)]	Loss: 4.345470
Train Epoch: 8 [21440/24148 (89%)]	Loss: 4.344725
Train Epoch: 8 [21760/24148 (90%)]	Loss: 4.289063
Train Epoch: 8 [22080/24148 (91%)]	Loss: 4.667703
Train Epoch: 8 [22400/24148 (93%)]	Loss: 4.306046
Train Epoch: 8 [22720/24148 (94%)]	Loss: 4.326363
Train Epoch: 8 [23040/24148 (95%)]	Loss: 4.331861
Train Epoch: 8 [23360/24148 (97%)]	Loss: 4.603816
Train Epoch: 8 [23680/24148 (98%)]	Loss: 4.470805
Train Epoch: 8 [24000/24148 (99%)]	Loss: 4.502660

Test set: Average loss: 4.4384, Accuracy: 867/6037 (14%)

Train Epoch: 9 [0/24148 (0%)]	Loss: 4.495376
Train Epoch: 9 [320/24148 (1%)]	Loss: 4.648982
Train Epoch: 9 [640/24148 (3%)]	Loss: 4.613193
Train Epoch: 9 [960/24148 (4%)]	Loss: 4.429176
Train Epoch: 9 [1280/24148 (5%)]	Loss: 4.100379
Train Epoch: 9 [1600/24148 (7%)]	Loss: 4.123776
Train Epoch: 9 [1920/24148 (8%)]	Loss: 4.277883
Train Epoch: 9 [2240/24148 (9%)]	Loss: 4.540837
Train Epoch: 9 [2560/24148 (11%)]	Loss: 4.080665
Train Epoch: 9 [2880/24148 (12%)]	Loss: 4.237704
Train Epoch: 9 [3200/24148 (13%)]	Loss: 4.323340
Train Epoch: 9 [3520/24148 (15%)]	Loss: 4.351704
Train Epoch: 9 [3840/24148 (16%)]	Loss: 4.570927
Train Epoch: 9 [4160/24148 (17%)]	Loss: 4.690184
Train Epoch: 9 [4480/24148 (19%)]	Loss: 4.679761
Train Epoch: 9 [4800/24148 (20%)]	Loss: 4.369771
Train Epoch: 9 [5120/24148 (21%)]	Loss: 4.129043
Train Epoch: 9 [5440/24148 (23%)]	Loss: 4.315888
Train Epoch: 9 [5760/24148 (24%)]	Loss: 3.916153
Train Epoch: 9 [6080/24148 (25%)]	Loss: 4.736853
Train Epoch: 9 [6400/24148 (26%)]	Loss: 4.366732
Train Epoch: 9 [6720/24148 (28%)]	Loss: 4.260615
Train Epoch: 9 [7040/24148 (29%)]	Loss: 4.536459
Train Epoch: 9 [7360/24148 (30%)]	Loss: 4.088520
Train Epoch: 9 [7680/24148 (32%)]	Loss: 4.050598
Train Epoch: 9 [8000/24148 (33%)]	Loss: 4.486104
Train Epoch: 9 [8320/24148 (34%)]	Loss: 4.201954
Train Epoch: 9 [8640/24148 (36%)]	Loss: 3.730328
Train Epoch: 9 [8960/24148 (37%)]	Loss: 4.328138
Train Epoch: 9 [9280/24148 (38%)]	Loss: 4.720688
Train Epoch: 9 [9600/24148 (40%)]	Loss: 4.369133
Train Epoch: 9 [9920/24148 (41%)]	Loss: 4.341688
Train Epoch: 9 [10240/24148 (42%)]	Loss: 4.498531
Train Epoch: 9 [10560/24148 (44%)]	Loss: 4.641713
Train Epoch: 9 [10880/24148 (45%)]	Loss: 3.946946
Train Epoch: 9 [11200/24148 (46%)]	Loss: 4.488653
Train Epoch: 9 [11520/24148 (48%)]	Loss: 4.430379
Train Epoch: 9 [11840/24148 (49%)]	Loss: 4.463243
Train Epoch: 9 [12160/24148 (50%)]	Loss: 4.659213
Train Epoch: 9 [12480/24148 (52%)]	Loss: 4.354946
Train Epoch: 9 [12800/24148 (53%)]	Loss: 4.849058
Train Epoch: 9 [13120/24148 (54%)]	Loss: 4.881927
Train Epoch: 9 [13440/24148 (56%)]	Loss: 3.996512
Train Epoch: 9 [13760/24148 (57%)]	Loss: 4.216702
Train Epoch: 9 [14080/24148 (58%)]	Loss: 4.185182
Train Epoch: 9 [14400/24148 (60%)]	Loss: 4.530807
Train Epoch: 9 [14720/24148 (61%)]	Loss: 4.391232
Train Epoch: 9 [15040/24148 (62%)]	Loss: 4.722531
Train Epoch: 9 [15360/24148 (64%)]	Loss: 3.933714
Train Epoch: 9 [15680/24148 (65%)]	Loss: 3.978728
Train Epoch: 9 [16000/24148 (66%)]	Loss: 4.298110
Train Epoch: 9 [16320/24148 (68%)]	Loss: 4.142135
Train Epoch: 9 [16640/24148 (69%)]	Loss: 4.737149
Train Epoch: 9 [16960/24148 (70%)]	Loss: 4.238521
Train Epoch: 9 [17280/24148 (72%)]	Loss: 4.031528
Train Epoch: 9 [17600/24148 (73%)]	Loss: 4.148547
Train Epoch: 9 [17920/24148 (74%)]	Loss: 4.660990
Train Epoch: 9 [18240/24148 (75%)]	Loss: 4.487299
Train Epoch: 9 [18560/24148 (77%)]	Loss: 4.871956
Train Epoch: 9 [18880/24148 (78%)]	Loss: 4.381491
Train Epoch: 9 [19200/24148 (79%)]	Loss: 4.131701
Train Epoch: 9 [19520/24148 (81%)]	Loss: 4.598240
Train Epoch: 9 [19840/24148 (82%)]	Loss: 4.650003
Train Epoch: 9 [20160/24148 (83%)]	Loss: 4.011284
Train Epoch: 9 [20480/24148 (85%)]	Loss: 4.561298
Train Epoch: 9 [20800/24148 (86%)]	Loss: 4.543191
Train Epoch: 9 [21120/24148 (87%)]	Loss: 4.376869
Train Epoch: 9 [21440/24148 (89%)]	Loss: 4.362454
Train Epoch: 9 [21760/24148 (90%)]	Loss: 4.243870
Train Epoch: 9 [22080/24148 (91%)]	Loss: 4.382329
Train Epoch: 9 [22400/24148 (93%)]	Loss: 4.228439
Train Epoch: 9 [22720/24148 (94%)]	Loss: 4.373918
Train Epoch: 9 [23040/24148 (95%)]	Loss: 3.904142
Train Epoch: 9 [23360/24148 (97%)]	Loss: 3.914310
Train Epoch: 9 [23680/24148 (98%)]	Loss: 3.964880
Train Epoch: 9 [24000/24148 (99%)]	Loss: 3.626611

Test set: Average loss: 4.3917, Accuracy: 891/6037 (15%)

Train Epoch: 10 [0/24148 (0%)]	Loss: 4.127276
Train Epoch: 10 [320/24148 (1%)]	Loss: 4.361113
Train Epoch: 10 [640/24148 (3%)]	Loss: 4.520532
Train Epoch: 10 [960/24148 (4%)]	Loss: 4.176064
Train Epoch: 10 [1280/24148 (5%)]	Loss: 3.910978
Train Epoch: 10 [1600/24148 (7%)]	Loss: 3.853189
Train Epoch: 10 [1920/24148 (8%)]	Loss: 4.424413
Train Epoch: 10 [2240/24148 (9%)]	Loss: 4.944264
Train Epoch: 10 [2560/24148 (11%)]	Loss: 4.419227
Train Epoch: 10 [2880/24148 (12%)]	Loss: 4.061160
Train Epoch: 10 [3200/24148 (13%)]	Loss: 4.742735
Train Epoch: 10 [3520/24148 (15%)]	Loss: 4.443682
Train Epoch: 10 [3840/24148 (16%)]	Loss: 4.334610
Train Epoch: 10 [4160/24148 (17%)]	Loss: 4.002240
Train Epoch: 10 [4480/24148 (19%)]	Loss: 4.120586
Train Epoch: 10 [4800/24148 (20%)]	Loss: 4.259644
Train Epoch: 10 [5120/24148 (21%)]	Loss: 4.580146
Train Epoch: 10 [5440/24148 (23%)]	Loss: 4.361436
Train Epoch: 10 [5760/24148 (24%)]	Loss: 4.008827
Train Epoch: 10 [6080/24148 (25%)]	Loss: 4.393586
Train Epoch: 10 [6400/24148 (26%)]	Loss: 4.514560
Train Epoch: 10 [6720/24148 (28%)]	Loss: 4.099573
Train Epoch: 10 [7040/24148 (29%)]	Loss: 4.019154
Train Epoch: 10 [7360/24148 (30%)]	Loss: 4.734834
Train Epoch: 10 [7680/24148 (32%)]	Loss: 4.453497
Train Epoch: 10 [8000/24148 (33%)]	Loss: 4.227486
Train Epoch: 10 [8320/24148 (34%)]	Loss: 4.420660
Train Epoch: 10 [8640/24148 (36%)]	Loss: 4.419714
Train Epoch: 10 [8960/24148 (37%)]	Loss: 4.720578
Train Epoch: 10 [9280/24148 (38%)]	Loss: 4.660145
Train Epoch: 10 [9600/24148 (40%)]	Loss: 4.238728
Train Epoch: 10 [9920/24148 (41%)]	Loss: 4.574603
Train Epoch: 10 [10240/24148 (42%)]	Loss: 4.355924
Train Epoch: 10 [10560/24148 (44%)]	Loss: 4.451294
Train Epoch: 10 [10880/24148 (45%)]	Loss: 4.540538
Train Epoch: 10 [11200/24148 (46%)]	Loss: 4.375238
Train Epoch: 10 [11520/24148 (48%)]	Loss: 3.706375
Train Epoch: 10 [11840/24148 (49%)]	Loss: 4.139016
Train Epoch: 10 [12160/24148 (50%)]	Loss: 4.018586
Train Epoch: 10 [12480/24148 (52%)]	Loss: 4.614319
Train Epoch: 10 [12800/24148 (53%)]	Loss: 4.749523
Train Epoch: 10 [13120/24148 (54%)]	Loss: 4.248386
Train Epoch: 10 [13440/24148 (56%)]	Loss: 4.317299
Train Epoch: 10 [13760/24148 (57%)]	Loss: 4.259248
Train Epoch: 10 [14080/24148 (58%)]	Loss: 4.509316
Train Epoch: 10 [14400/24148 (60%)]	Loss: 4.651775
Train Epoch: 10 [14720/24148 (61%)]	Loss: 4.345017
Train Epoch: 10 [15040/24148 (62%)]	Loss: 4.211980
Train Epoch: 10 [15360/24148 (64%)]	Loss: 4.223004
Train Epoch: 10 [15680/24148 (65%)]	Loss: 4.051825
Train Epoch: 10 [16000/24148 (66%)]	Loss: 4.328419
Train Epoch: 10 [16320/24148 (68%)]	Loss: 3.917202
Train Epoch: 10 [16640/24148 (69%)]	Loss: 4.227691
Train Epoch: 10 [16960/24148 (70%)]	Loss: 4.369747
Train Epoch: 10 [17280/24148 (72%)]	Loss: 3.942645
Train Epoch: 10 [17600/24148 (73%)]	Loss: 4.503677
Train Epoch: 10 [17920/24148 (74%)]	Loss: 4.606005
Train Epoch: 10 [18240/24148 (75%)]	Loss: 4.518290
Train Epoch: 10 [18560/24148 (77%)]	Loss: 4.147774
Train Epoch: 10 [18880/24148 (78%)]	Loss: 4.310500
Train Epoch: 10 [19200/24148 (79%)]	Loss: 4.149709
Train Epoch: 10 [19520/24148 (81%)]	Loss: 4.067167
Train Epoch: 10 [19840/24148 (82%)]	Loss: 4.061472
Train Epoch: 10 [20160/24148 (83%)]	Loss: 4.393275
Train Epoch: 10 [20480/24148 (85%)]	Loss: 4.368594
Train Epoch: 10 [20800/24148 (86%)]	Loss: 4.036115
Train Epoch: 10 [21120/24148 (87%)]	Loss: 3.882238
Train Epoch: 10 [21440/24148 (89%)]	Loss: 4.502591
Train Epoch: 10 [21760/24148 (90%)]	Loss: 4.435474
Train Epoch: 10 [22080/24148 (91%)]	Loss: 4.437632
Train Epoch: 10 [22400/24148 (93%)]	Loss: 4.241767
Train Epoch: 10 [22720/24148 (94%)]	Loss: 4.049767
Train Epoch: 10 [23040/24148 (95%)]	Loss: 4.371619
Train Epoch: 10 [23360/24148 (97%)]	Loss: 4.322725
Train Epoch: 10 [23680/24148 (98%)]	Loss: 4.647571
Train Epoch: 10 [24000/24148 (99%)]	Loss: 4.417238

Test set: Average loss: 4.3665, Accuracy: 920/6037 (15%)

Average seconds for training 1 epoch: 385.8997393131256
Average seconds for testing: 28.402348136901857
