Logging tensorboard to ./runs/Caltech256/vit_nystromformer_patch_size_8_num_landmarks_32_pinv_iterations_6
Files already downloaded and verified
Total number of parameters in the model: 13372097
Train Epoch: 1 [0/24148 (0%)]	Loss: 5.752522
Train Epoch: 1 [320/24148 (1%)]	Loss: 6.521868
Train Epoch: 1 [640/24148 (3%)]	Loss: 5.946837
Train Epoch: 1 [960/24148 (4%)]	Loss: 5.435471
Train Epoch: 1 [1280/24148 (5%)]	Loss: 5.437860
Train Epoch: 1 [1600/24148 (7%)]	Loss: 5.710638
Train Epoch: 1 [1920/24148 (8%)]	Loss: 5.851271
Train Epoch: 1 [2240/24148 (9%)]	Loss: 5.761121
Train Epoch: 1 [2560/24148 (11%)]	Loss: 5.616958
Train Epoch: 1 [2880/24148 (12%)]	Loss: 5.296308
Train Epoch: 1 [3200/24148 (13%)]	Loss: 5.406487
Train Epoch: 1 [3520/24148 (15%)]	Loss: 5.143979
Train Epoch: 1 [3840/24148 (16%)]	Loss: 5.465849
Train Epoch: 1 [4160/24148 (17%)]	Loss: 5.667890
Train Epoch: 1 [4480/24148 (19%)]	Loss: 5.373952
Train Epoch: 1 [4800/24148 (20%)]	Loss: 5.056733
Train Epoch: 1 [5120/24148 (21%)]	Loss: 5.627930
Train Epoch: 1 [5440/24148 (23%)]	Loss: 5.187593
Train Epoch: 1 [5760/24148 (24%)]	Loss: 5.473784
Train Epoch: 1 [6080/24148 (25%)]	Loss: 4.875690
Train Epoch: 1 [6400/24148 (26%)]	Loss: 4.818817
Train Epoch: 1 [6720/24148 (28%)]	Loss: 5.282984
Train Epoch: 1 [7040/24148 (29%)]	Loss: 5.277275
Train Epoch: 1 [7360/24148 (30%)]	Loss: 4.834702
Train Epoch: 1 [7680/24148 (32%)]	Loss: 4.829140
Train Epoch: 1 [8000/24148 (33%)]	Loss: 5.393518
Train Epoch: 1 [8320/24148 (34%)]	Loss: 4.909969
Train Epoch: 1 [8640/24148 (36%)]	Loss: 5.062472
Train Epoch: 1 [8960/24148 (37%)]	Loss: 5.271100
Train Epoch: 1 [9280/24148 (38%)]	Loss: 5.544645
Train Epoch: 1 [9600/24148 (40%)]	Loss: 5.048489
Train Epoch: 1 [9920/24148 (41%)]	Loss: 4.998005
Train Epoch: 1 [10240/24148 (42%)]	Loss: 5.104671
Train Epoch: 1 [10560/24148 (44%)]	Loss: 5.263672
Train Epoch: 1 [10880/24148 (45%)]	Loss: 5.201794
Train Epoch: 1 [11200/24148 (46%)]	Loss: 5.160069
Train Epoch: 1 [11520/24148 (48%)]	Loss: 4.903864
Train Epoch: 1 [11840/24148 (49%)]	Loss: 5.521640
Train Epoch: 1 [12160/24148 (50%)]	Loss: 4.758850
Train Epoch: 1 [12480/24148 (52%)]	Loss: 5.009078
Train Epoch: 1 [12800/24148 (53%)]	Loss: 5.193628
Train Epoch: 1 [13120/24148 (54%)]	Loss: 5.161996
Train Epoch: 1 [13440/24148 (56%)]	Loss: 4.959247
Train Epoch: 1 [13760/24148 (57%)]	Loss: 4.973378
Train Epoch: 1 [14080/24148 (58%)]	Loss: 5.364817
Train Epoch: 1 [14400/24148 (60%)]	Loss: 5.409423
Train Epoch: 1 [14720/24148 (61%)]	Loss: 5.103767
Train Epoch: 1 [15040/24148 (62%)]	Loss: 4.943824
Train Epoch: 1 [15360/24148 (64%)]	Loss: 4.951912
Train Epoch: 1 [15680/24148 (65%)]	Loss: 5.051174
Train Epoch: 1 [16000/24148 (66%)]	Loss: 5.136444
Train Epoch: 1 [16320/24148 (68%)]	Loss: 5.256908
Train Epoch: 1 [16640/24148 (69%)]	Loss: 5.311473
Train Epoch: 1 [16960/24148 (70%)]	Loss: 4.937327
Train Epoch: 1 [17280/24148 (72%)]	Loss: 5.181884
Train Epoch: 1 [17600/24148 (73%)]	Loss: 5.044485
Train Epoch: 1 [17920/24148 (74%)]	Loss: 5.105748
Train Epoch: 1 [18240/24148 (75%)]	Loss: 4.096301
Train Epoch: 1 [18560/24148 (77%)]	Loss: 4.623780
Train Epoch: 1 [18880/24148 (78%)]	Loss: 4.756783
Train Epoch: 1 [19200/24148 (79%)]	Loss: 5.006088
Train Epoch: 1 [19520/24148 (81%)]	Loss: 5.059490
Train Epoch: 1 [19840/24148 (82%)]	Loss: 4.775734
Train Epoch: 1 [20160/24148 (83%)]	Loss: 4.534766
Train Epoch: 1 [20480/24148 (85%)]	Loss: 4.791032
Train Epoch: 1 [20800/24148 (86%)]	Loss: 4.688121
Train Epoch: 1 [21120/24148 (87%)]	Loss: 4.631248
Train Epoch: 1 [21440/24148 (89%)]	Loss: 4.789654
Train Epoch: 1 [21760/24148 (90%)]	Loss: 5.056181
Train Epoch: 1 [22080/24148 (91%)]	Loss: 4.984447
Train Epoch: 1 [22400/24148 (93%)]	Loss: 5.021851
Train Epoch: 1 [22720/24148 (94%)]	Loss: 5.160375
Train Epoch: 1 [23040/24148 (95%)]	Loss: 4.961101
Train Epoch: 1 [23360/24148 (97%)]	Loss: 5.054364
Train Epoch: 1 [23680/24148 (98%)]	Loss: 5.029662
Train Epoch: 1 [24000/24148 (99%)]	Loss: 4.816527

Test set: Average loss: 5.0964, Accuracy: 518/6037 (9%)

Train Epoch: 2 [0/24148 (0%)]	Loss: 4.812346
Train Epoch: 2 [320/24148 (1%)]	Loss: 4.669338
Train Epoch: 2 [640/24148 (3%)]	Loss: 4.988822
Train Epoch: 2 [960/24148 (4%)]	Loss: 4.867773
Train Epoch: 2 [1280/24148 (5%)]	Loss: 5.215824
Train Epoch: 2 [1600/24148 (7%)]	Loss: 4.794584
Train Epoch: 2 [1920/24148 (8%)]	Loss: 4.577659
Train Epoch: 2 [2240/24148 (9%)]	Loss: 4.670733
Train Epoch: 2 [2560/24148 (11%)]	Loss: 4.829803
Train Epoch: 2 [2880/24148 (12%)]	Loss: 4.664980
Train Epoch: 2 [3200/24148 (13%)]	Loss: 4.826447
Train Epoch: 2 [3520/24148 (15%)]	Loss: 4.772026
Train Epoch: 2 [3840/24148 (16%)]	Loss: 4.848163
Train Epoch: 2 [4160/24148 (17%)]	Loss: 4.388234
Train Epoch: 2 [4480/24148 (19%)]	Loss: 5.521090
Train Epoch: 2 [4800/24148 (20%)]	Loss: 3.745118
Train Epoch: 2 [5120/24148 (21%)]	Loss: 4.923784
Train Epoch: 2 [5440/24148 (23%)]	Loss: 5.053550
Train Epoch: 2 [5760/24148 (24%)]	Loss: 4.743815
Train Epoch: 2 [6080/24148 (25%)]	Loss: 4.862921
Train Epoch: 2 [6400/24148 (26%)]	Loss: 4.830071
Train Epoch: 2 [6720/24148 (28%)]	Loss: 5.010434
Train Epoch: 2 [7040/24148 (29%)]	Loss: 4.921587
Train Epoch: 2 [7360/24148 (30%)]	Loss: 5.029343
Train Epoch: 2 [7680/24148 (32%)]	Loss: 4.993780
Train Epoch: 2 [8000/24148 (33%)]	Loss: 4.783320
Train Epoch: 2 [8320/24148 (34%)]	Loss: 4.586729
Train Epoch: 2 [8640/24148 (36%)]	Loss: 4.464634
Train Epoch: 2 [8960/24148 (37%)]	Loss: 4.569509
Train Epoch: 2 [9280/24148 (38%)]	Loss: 4.692083
Train Epoch: 2 [9600/24148 (40%)]	Loss: 4.801413
Train Epoch: 2 [9920/24148 (41%)]	Loss: 4.571095
Train Epoch: 2 [10240/24148 (42%)]	Loss: 5.249008
Train Epoch: 2 [10560/24148 (44%)]	Loss: 4.640739
Train Epoch: 2 [10880/24148 (45%)]	Loss: 4.703208
Train Epoch: 2 [11200/24148 (46%)]	Loss: 4.478083
Train Epoch: 2 [11520/24148 (48%)]	Loss: 4.582862
Train Epoch: 2 [11840/24148 (49%)]	Loss: 4.862612
Train Epoch: 2 [12160/24148 (50%)]	Loss: 4.699149
Train Epoch: 2 [12480/24148 (52%)]	Loss: 4.515522
Train Epoch: 2 [12800/24148 (53%)]	Loss: 4.666507
Train Epoch: 2 [13120/24148 (54%)]	Loss: 4.876868
Train Epoch: 2 [13440/24148 (56%)]	Loss: 4.426404
Train Epoch: 2 [13760/24148 (57%)]	Loss: 4.216702
Train Epoch: 2 [14080/24148 (58%)]	Loss: 4.723328
Train Epoch: 2 [14400/24148 (60%)]	Loss: 5.030785
Train Epoch: 2 [14720/24148 (61%)]	Loss: 4.712588
Train Epoch: 2 [15040/24148 (62%)]	Loss: 4.561009
Train Epoch: 2 [15360/24148 (64%)]	Loss: 4.035366
Train Epoch: 2 [15680/24148 (65%)]	Loss: 4.821235
Train Epoch: 2 [16000/24148 (66%)]	Loss: 4.489160
Train Epoch: 2 [16320/24148 (68%)]	Loss: 4.865606
Train Epoch: 2 [16640/24148 (69%)]	Loss: 4.800449
Train Epoch: 2 [16960/24148 (70%)]	Loss: 4.283924
Train Epoch: 2 [17280/24148 (72%)]	Loss: 4.020833
Train Epoch: 2 [17600/24148 (73%)]	Loss: 4.900350
Train Epoch: 2 [17920/24148 (74%)]	Loss: 4.632371
Train Epoch: 2 [18240/24148 (75%)]	Loss: 5.050680
Train Epoch: 2 [18560/24148 (77%)]	Loss: 4.877406
Train Epoch: 2 [18880/24148 (78%)]	Loss: 4.801926
Train Epoch: 2 [19200/24148 (79%)]	Loss: 5.257096
Train Epoch: 2 [19520/24148 (81%)]	Loss: 4.564692
Train Epoch: 2 [19840/24148 (82%)]	Loss: 4.708566
Train Epoch: 2 [20160/24148 (83%)]	Loss: 4.941673
Train Epoch: 2 [20480/24148 (85%)]	Loss: 4.624022
Train Epoch: 2 [20800/24148 (86%)]	Loss: 4.919075
Train Epoch: 2 [21120/24148 (87%)]	Loss: 4.463667
Train Epoch: 2 [21440/24148 (89%)]	Loss: 4.158379
Train Epoch: 2 [21760/24148 (90%)]	Loss: 4.616163
Train Epoch: 2 [22080/24148 (91%)]	Loss: 4.309001
Train Epoch: 2 [22400/24148 (93%)]	Loss: 4.831040
Train Epoch: 2 [22720/24148 (94%)]	Loss: 4.834218
Train Epoch: 2 [23040/24148 (95%)]	Loss: 4.463456
Train Epoch: 2 [23360/24148 (97%)]	Loss: 5.260304
Train Epoch: 2 [23680/24148 (98%)]	Loss: 4.845994
Train Epoch: 2 [24000/24148 (99%)]	Loss: 4.928988

Test set: Average loss: 4.7318, Accuracy: 707/6037 (12%)

Train Epoch: 3 [0/24148 (0%)]	Loss: 4.395760
Train Epoch: 3 [320/24148 (1%)]	Loss: 4.474266
Train Epoch: 3 [640/24148 (3%)]	Loss: 4.220370
Train Epoch: 3 [960/24148 (4%)]	Loss: 4.575276
Train Epoch: 3 [1280/24148 (5%)]	Loss: 4.993271
Train Epoch: 3 [1600/24148 (7%)]	Loss: 4.962148
Train Epoch: 3 [1920/24148 (8%)]	Loss: 4.517926
Train Epoch: 3 [2240/24148 (9%)]	Loss: 4.431003
Train Epoch: 3 [2560/24148 (11%)]	Loss: 4.543597
Train Epoch: 3 [2880/24148 (12%)]	Loss: 4.213320
Train Epoch: 3 [3200/24148 (13%)]	Loss: 4.668640
Train Epoch: 3 [3520/24148 (15%)]	Loss: 4.126194
Train Epoch: 3 [3840/24148 (16%)]	Loss: 4.601421
Train Epoch: 3 [4160/24148 (17%)]	Loss: 4.751421
Train Epoch: 3 [4480/24148 (19%)]	Loss: 3.875598
Train Epoch: 3 [4800/24148 (20%)]	Loss: 3.859031
Train Epoch: 3 [5120/24148 (21%)]	Loss: 4.070386
Train Epoch: 3 [5440/24148 (23%)]	Loss: 4.075151
Train Epoch: 3 [5760/24148 (24%)]	Loss: 4.224939
Train Epoch: 3 [6080/24148 (25%)]	Loss: 4.263266
Train Epoch: 3 [6400/24148 (26%)]	Loss: 4.550824
Train Epoch: 3 [6720/24148 (28%)]	Loss: 4.442771
Train Epoch: 3 [7040/24148 (29%)]	Loss: 4.436059
Train Epoch: 3 [7360/24148 (30%)]	Loss: 4.479383
Train Epoch: 3 [7680/24148 (32%)]	Loss: 4.622184
Train Epoch: 3 [8000/24148 (33%)]	Loss: 4.122640
Train Epoch: 3 [8320/24148 (34%)]	Loss: 4.229506
Train Epoch: 3 [8640/24148 (36%)]	Loss: 4.514383
Train Epoch: 3 [8960/24148 (37%)]	Loss: 4.853633
Train Epoch: 3 [9280/24148 (38%)]	Loss: 3.814470
Train Epoch: 3 [9600/24148 (40%)]	Loss: 3.877600
Train Epoch: 3 [9920/24148 (41%)]	Loss: 4.340430
Train Epoch: 3 [10240/24148 (42%)]	Loss: 3.825560
Train Epoch: 3 [10560/24148 (44%)]	Loss: 4.680247
Train Epoch: 3 [10880/24148 (45%)]	Loss: 4.563337
Train Epoch: 3 [11200/24148 (46%)]	Loss: 4.343204
Train Epoch: 3 [11520/24148 (48%)]	Loss: 4.269741
Train Epoch: 3 [11840/24148 (49%)]	Loss: 4.321451
Train Epoch: 3 [12160/24148 (50%)]	Loss: 4.706772
Train Epoch: 3 [12480/24148 (52%)]	Loss: 4.567698
Train Epoch: 3 [12800/24148 (53%)]	Loss: 4.558028
Train Epoch: 3 [13120/24148 (54%)]	Loss: 4.045179
Train Epoch: 3 [13440/24148 (56%)]	Loss: 4.464226
Train Epoch: 3 [13760/24148 (57%)]	Loss: 4.734456
Train Epoch: 3 [14080/24148 (58%)]	Loss: 4.515902
Train Epoch: 3 [14400/24148 (60%)]	Loss: 4.406847
Train Epoch: 3 [14720/24148 (61%)]	Loss: 4.323138
Train Epoch: 3 [15040/24148 (62%)]	Loss: 4.553644
Train Epoch: 3 [15360/24148 (64%)]	Loss: 4.237599
Train Epoch: 3 [15680/24148 (65%)]	Loss: 4.647722
Train Epoch: 3 [16000/24148 (66%)]	Loss: 4.321595
Train Epoch: 3 [16320/24148 (68%)]	Loss: 4.426371
Train Epoch: 3 [16640/24148 (69%)]	Loss: 4.682420
Train Epoch: 3 [16960/24148 (70%)]	Loss: 4.687269
Train Epoch: 3 [17280/24148 (72%)]	Loss: 3.877814
Train Epoch: 3 [17600/24148 (73%)]	Loss: 4.713347
Train Epoch: 3 [17920/24148 (74%)]	Loss: 4.671424
Train Epoch: 3 [18240/24148 (75%)]	Loss: 4.442382
Train Epoch: 3 [18560/24148 (77%)]	Loss: 4.559021
Train Epoch: 3 [18880/24148 (78%)]	Loss: 3.992891
Train Epoch: 3 [19200/24148 (79%)]	Loss: 3.998470
Train Epoch: 3 [19520/24148 (81%)]	Loss: 5.000693
Train Epoch: 3 [19840/24148 (82%)]	Loss: 4.413689
Train Epoch: 3 [20160/24148 (83%)]	Loss: 4.422177
Train Epoch: 3 [20480/24148 (85%)]	Loss: 4.072002
Train Epoch: 3 [20800/24148 (86%)]	Loss: 3.898081
Train Epoch: 3 [21120/24148 (87%)]	Loss: 4.366460
Train Epoch: 3 [21440/24148 (89%)]	Loss: 4.378761
Train Epoch: 3 [21760/24148 (90%)]	Loss: 4.397456
Train Epoch: 3 [22080/24148 (91%)]	Loss: 4.493526
Train Epoch: 3 [22400/24148 (93%)]	Loss: 4.809116
Train Epoch: 3 [22720/24148 (94%)]	Loss: 4.836569
Train Epoch: 3 [23040/24148 (95%)]	Loss: 4.629465
Train Epoch: 3 [23360/24148 (97%)]	Loss: 3.985675
Train Epoch: 3 [23680/24148 (98%)]	Loss: 3.824082
Train Epoch: 3 [24000/24148 (99%)]	Loss: 4.588792

Test set: Average loss: 4.5518, Accuracy: 842/6037 (14%)

Train Epoch: 4 [0/24148 (0%)]	Loss: 4.511312
Train Epoch: 4 [320/24148 (1%)]	Loss: 4.024667
Train Epoch: 4 [640/24148 (3%)]	Loss: 4.256102
Train Epoch: 4 [960/24148 (4%)]	Loss: 4.391921
Train Epoch: 4 [1280/24148 (5%)]	Loss: 4.408315
Train Epoch: 4 [1600/24148 (7%)]	Loss: 3.637198
Train Epoch: 4 [1920/24148 (8%)]	Loss: 3.998612
Train Epoch: 4 [2240/24148 (9%)]	Loss: 3.844037
Train Epoch: 4 [2560/24148 (11%)]	Loss: 3.752284
Train Epoch: 4 [2880/24148 (12%)]	Loss: 4.025770
Train Epoch: 4 [3200/24148 (13%)]	Loss: 4.132565
Train Epoch: 4 [3520/24148 (15%)]	Loss: 4.065128
Train Epoch: 4 [3840/24148 (16%)]	Loss: 4.337434
Train Epoch: 4 [4160/24148 (17%)]	Loss: 4.105162
Train Epoch: 4 [4480/24148 (19%)]	Loss: 3.359488
Train Epoch: 4 [4800/24148 (20%)]	Loss: 4.165639
Train Epoch: 4 [5120/24148 (21%)]	Loss: 4.336280
Train Epoch: 4 [5440/24148 (23%)]	Loss: 4.327776
Train Epoch: 4 [5760/24148 (24%)]	Loss: 4.287683
Train Epoch: 4 [6080/24148 (25%)]	Loss: 3.828775
Train Epoch: 4 [6400/24148 (26%)]	Loss: 4.284144
Train Epoch: 4 [6720/24148 (28%)]	Loss: 3.816443
Train Epoch: 4 [7040/24148 (29%)]	Loss: 4.447546
Train Epoch: 4 [7360/24148 (30%)]	Loss: 4.308103
Train Epoch: 4 [7680/24148 (32%)]	Loss: 4.291790
Train Epoch: 4 [8000/24148 (33%)]	Loss: 4.824223
Train Epoch: 4 [8320/24148 (34%)]	Loss: 4.200119
Train Epoch: 4 [8640/24148 (36%)]	Loss: 4.298201
Train Epoch: 4 [8960/24148 (37%)]	Loss: 4.358916
Train Epoch: 4 [9280/24148 (38%)]	Loss: 3.982334
Train Epoch: 4 [9600/24148 (40%)]	Loss: 4.113262
Train Epoch: 4 [9920/24148 (41%)]	Loss: 3.884173
Train Epoch: 4 [10240/24148 (42%)]	Loss: 4.178418
Train Epoch: 4 [10560/24148 (44%)]	Loss: 4.117492
Train Epoch: 4 [10880/24148 (45%)]	Loss: 3.783095
Train Epoch: 4 [11200/24148 (46%)]	Loss: 4.423832
Train Epoch: 4 [11520/24148 (48%)]	Loss: 4.323435
Train Epoch: 4 [11840/24148 (49%)]	Loss: 4.563847
Train Epoch: 4 [12160/24148 (50%)]	Loss: 4.218750
Train Epoch: 4 [12480/24148 (52%)]	Loss: 4.016442
Train Epoch: 4 [12800/24148 (53%)]	Loss: 4.101296
Train Epoch: 4 [13120/24148 (54%)]	Loss: 3.855196
Train Epoch: 4 [13440/24148 (56%)]	Loss: 3.902572
Train Epoch: 4 [13760/24148 (57%)]	Loss: 4.182955
Train Epoch: 4 [14080/24148 (58%)]	Loss: 4.412649
Train Epoch: 4 [14400/24148 (60%)]	Loss: 4.308601
Train Epoch: 4 [14720/24148 (61%)]	Loss: 4.015237
Train Epoch: 4 [15040/24148 (62%)]	Loss: 3.792083
Train Epoch: 4 [15360/24148 (64%)]	Loss: 4.425113
Train Epoch: 4 [15680/24148 (65%)]	Loss: 3.757090
Train Epoch: 4 [16000/24148 (66%)]	Loss: 4.160429
Train Epoch: 4 [16320/24148 (68%)]	Loss: 3.740450
Train Epoch: 4 [16640/24148 (69%)]	Loss: 3.838485
Train Epoch: 4 [16960/24148 (70%)]	Loss: 4.184170
Train Epoch: 4 [17280/24148 (72%)]	Loss: 4.332178
Train Epoch: 4 [17600/24148 (73%)]	Loss: 4.201427
Train Epoch: 4 [17920/24148 (74%)]	Loss: 3.709358
Train Epoch: 4 [18240/24148 (75%)]	Loss: 4.545395
Train Epoch: 4 [18560/24148 (77%)]	Loss: 4.179139
Train Epoch: 4 [18880/24148 (78%)]	Loss: 4.182500
Train Epoch: 4 [19200/24148 (79%)]	Loss: 3.954339
Train Epoch: 4 [19520/24148 (81%)]	Loss: 4.334673
Train Epoch: 4 [19840/24148 (82%)]	Loss: 4.137061
Train Epoch: 4 [20160/24148 (83%)]	Loss: 4.678648
Train Epoch: 4 [20480/24148 (85%)]	Loss: 3.834517
Train Epoch: 4 [20800/24148 (86%)]	Loss: 4.075591
Train Epoch: 4 [21120/24148 (87%)]	Loss: 4.002329
Train Epoch: 4 [21440/24148 (89%)]	Loss: 4.263761
Train Epoch: 4 [21760/24148 (90%)]	Loss: 4.359646
Train Epoch: 4 [22080/24148 (91%)]	Loss: 4.247679
Train Epoch: 4 [22400/24148 (93%)]	Loss: 4.614749
Train Epoch: 4 [22720/24148 (94%)]	Loss: 4.075934
Train Epoch: 4 [23040/24148 (95%)]	Loss: 4.406166
Train Epoch: 4 [23360/24148 (97%)]	Loss: 3.647098
Train Epoch: 4 [23680/24148 (98%)]	Loss: 4.283981
Train Epoch: 4 [24000/24148 (99%)]	Loss: 3.441102

Test set: Average loss: 4.2489, Accuracy: 1037/6037 (17%)

Train Epoch: 5 [0/24148 (0%)]	Loss: 4.337883
Train Epoch: 5 [320/24148 (1%)]	Loss: 4.104793
Train Epoch: 5 [640/24148 (3%)]	Loss: 3.588349
Train Epoch: 5 [960/24148 (4%)]	Loss: 4.222051
Train Epoch: 5 [1280/24148 (5%)]	Loss: 3.526150
Train Epoch: 5 [1600/24148 (7%)]	Loss: 3.666069
Train Epoch: 5 [1920/24148 (8%)]	Loss: 3.974411
Train Epoch: 5 [2240/24148 (9%)]	Loss: 3.811702
Train Epoch: 5 [2560/24148 (11%)]	Loss: 3.553432
Train Epoch: 5 [2880/24148 (12%)]	Loss: 3.523527
Train Epoch: 5 [3200/24148 (13%)]	Loss: 3.611931
Train Epoch: 5 [3520/24148 (15%)]	Loss: 3.652394
Train Epoch: 5 [3840/24148 (16%)]	Loss: 3.737453
Train Epoch: 5 [4160/24148 (17%)]	Loss: 2.974602
Train Epoch: 5 [4480/24148 (19%)]	Loss: 3.756369
Train Epoch: 5 [4800/24148 (20%)]	Loss: 3.899179
Train Epoch: 5 [5120/24148 (21%)]	Loss: 3.857273
Train Epoch: 5 [5440/24148 (23%)]	Loss: 3.601217
Train Epoch: 5 [5760/24148 (24%)]	Loss: 3.756972
Train Epoch: 5 [6080/24148 (25%)]	Loss: 3.322582
Train Epoch: 5 [6400/24148 (26%)]	Loss: 4.068552
Train Epoch: 5 [6720/24148 (28%)]	Loss: 3.236470
Train Epoch: 5 [7040/24148 (29%)]	Loss: 3.352726
Train Epoch: 5 [7360/24148 (30%)]	Loss: 4.104276
Train Epoch: 5 [7680/24148 (32%)]	Loss: 3.478932
Train Epoch: 5 [8000/24148 (33%)]	Loss: 3.569222
Train Epoch: 5 [8320/24148 (34%)]	Loss: 3.624425
Train Epoch: 5 [8640/24148 (36%)]	Loss: 3.794418
Train Epoch: 5 [8960/24148 (37%)]	Loss: 3.387880
Train Epoch: 5 [9280/24148 (38%)]	Loss: 4.074527
Train Epoch: 5 [9600/24148 (40%)]	Loss: 3.300948
Train Epoch: 5 [9920/24148 (41%)]	Loss: 3.845122
Train Epoch: 5 [10240/24148 (42%)]	Loss: 4.099251
Train Epoch: 5 [10560/24148 (44%)]	Loss: 3.576852
Train Epoch: 5 [10880/24148 (45%)]	Loss: 3.690897
Train Epoch: 5 [11200/24148 (46%)]	Loss: 3.145052
Train Epoch: 5 [11520/24148 (48%)]	Loss: 3.900034
Train Epoch: 5 [11840/24148 (49%)]	Loss: 3.497742
Train Epoch: 5 [12160/24148 (50%)]	Loss: 3.677696
Train Epoch: 5 [12480/24148 (52%)]	Loss: 3.874702
Train Epoch: 5 [12800/24148 (53%)]	Loss: 3.219345
Train Epoch: 5 [13120/24148 (54%)]	Loss: 3.958645
Train Epoch: 5 [13440/24148 (56%)]	Loss: 3.674720
Train Epoch: 5 [13760/24148 (57%)]	Loss: 3.690789
Train Epoch: 5 [14080/24148 (58%)]	Loss: 4.267292
Train Epoch: 5 [14400/24148 (60%)]	Loss: 3.650000
Train Epoch: 5 [14720/24148 (61%)]	Loss: 3.556694
Train Epoch: 5 [15040/24148 (62%)]	Loss: 4.020389
Train Epoch: 5 [15360/24148 (64%)]	Loss: 3.370521
Train Epoch: 5 [15680/24148 (65%)]	Loss: 3.624481
Train Epoch: 5 [16000/24148 (66%)]	Loss: 3.299259
Train Epoch: 5 [16320/24148 (68%)]	Loss: 3.804991
Train Epoch: 5 [16640/24148 (69%)]	Loss: 3.867963
Train Epoch: 5 [16960/24148 (70%)]	Loss: 3.292674
Train Epoch: 5 [17280/24148 (72%)]	Loss: 3.383766
Train Epoch: 5 [17600/24148 (73%)]	Loss: 3.686650
Train Epoch: 5 [17920/24148 (74%)]	Loss: 3.028788
Train Epoch: 5 [18240/24148 (75%)]	Loss: 3.892709
Train Epoch: 5 [18560/24148 (77%)]	Loss: 3.375567
Train Epoch: 5 [18880/24148 (78%)]	Loss: 3.328212
Train Epoch: 5 [19200/24148 (79%)]	Loss: 3.838174
Train Epoch: 5 [19520/24148 (81%)]	Loss: 3.787875
Train Epoch: 5 [19840/24148 (82%)]	Loss: 3.990087
Train Epoch: 5 [20160/24148 (83%)]	Loss: 4.135622
Train Epoch: 5 [20480/24148 (85%)]	Loss: 3.914791
Train Epoch: 5 [20800/24148 (86%)]	Loss: 3.736478
Train Epoch: 5 [21120/24148 (87%)]	Loss: 3.686459
Train Epoch: 5 [21440/24148 (89%)]	Loss: 3.273009
Train Epoch: 5 [21760/24148 (90%)]	Loss: 3.618306
Train Epoch: 5 [22080/24148 (91%)]	Loss: 3.723047
Train Epoch: 5 [22400/24148 (93%)]	Loss: 3.361752
Train Epoch: 5 [22720/24148 (94%)]	Loss: 3.879025
Train Epoch: 5 [23040/24148 (95%)]	Loss: 3.832336
Train Epoch: 5 [23360/24148 (97%)]	Loss: 4.123561
Train Epoch: 5 [23680/24148 (98%)]	Loss: 3.682467
Train Epoch: 5 [24000/24148 (99%)]	Loss: 4.025662

Test set: Average loss: 4.1214, Accuracy: 1188/6037 (20%)

Train Epoch: 6 [0/24148 (0%)]	Loss: 3.577336
Train Epoch: 6 [320/24148 (1%)]	Loss: 3.474951
Train Epoch: 6 [640/24148 (3%)]	Loss: 3.404051
Train Epoch: 6 [960/24148 (4%)]	Loss: 3.521476
Train Epoch: 6 [1280/24148 (5%)]	Loss: 2.795045
Train Epoch: 6 [1600/24148 (7%)]	Loss: 3.931976
Train Epoch: 6 [1920/24148 (8%)]	Loss: 3.356207
Train Epoch: 6 [2240/24148 (9%)]	Loss: 3.426044
Train Epoch: 6 [2560/24148 (11%)]	Loss: 2.916528
Train Epoch: 6 [2880/24148 (12%)]	Loss: 3.106702
Train Epoch: 6 [3200/24148 (13%)]	Loss: 3.473916
Train Epoch: 6 [3520/24148 (15%)]	Loss: 3.312322
Train Epoch: 6 [3840/24148 (16%)]	Loss: 3.247047
Train Epoch: 6 [4160/24148 (17%)]	Loss: 3.382602
Train Epoch: 6 [4480/24148 (19%)]	Loss: 3.362334
Train Epoch: 6 [4800/24148 (20%)]	Loss: 3.370321
Train Epoch: 6 [5120/24148 (21%)]	Loss: 3.538442
Train Epoch: 6 [5440/24148 (23%)]	Loss: 3.216485
Train Epoch: 6 [5760/24148 (24%)]	Loss: 3.432477
Train Epoch: 6 [6080/24148 (25%)]	Loss: 3.160626
Train Epoch: 6 [6400/24148 (26%)]	Loss: 3.106318
Train Epoch: 6 [6720/24148 (28%)]	Loss: 2.826792
Train Epoch: 6 [7040/24148 (29%)]	Loss: 3.021678
Train Epoch: 6 [7360/24148 (30%)]	Loss: 3.629074
Train Epoch: 6 [7680/24148 (32%)]	Loss: 3.463421
Train Epoch: 6 [8000/24148 (33%)]	Loss: 3.339246
Train Epoch: 6 [8320/24148 (34%)]	Loss: 2.800713
Train Epoch: 6 [8640/24148 (36%)]	Loss: 3.416974
Train Epoch: 6 [8960/24148 (37%)]	Loss: 3.593788
Train Epoch: 6 [9280/24148 (38%)]	Loss: 3.596413
Train Epoch: 6 [9600/24148 (40%)]	Loss: 3.395929
Train Epoch: 6 [9920/24148 (41%)]	Loss: 3.568491
Train Epoch: 6 [10240/24148 (42%)]	Loss: 3.143032
Train Epoch: 6 [10560/24148 (44%)]	Loss: 3.329609
Train Epoch: 6 [10880/24148 (45%)]	Loss: 3.430666
Train Epoch: 6 [11200/24148 (46%)]	Loss: 2.940474
Train Epoch: 6 [11520/24148 (48%)]	Loss: 3.321600
Train Epoch: 6 [11840/24148 (49%)]	Loss: 3.016429
Train Epoch: 6 [12160/24148 (50%)]	Loss: 3.357533
Train Epoch: 6 [12480/24148 (52%)]	Loss: 3.102123
Train Epoch: 6 [12800/24148 (53%)]	Loss: 3.265709
Train Epoch: 6 [13120/24148 (54%)]	Loss: 3.603560
Train Epoch: 6 [13440/24148 (56%)]	Loss: 3.182943
Train Epoch: 6 [13760/24148 (57%)]	Loss: 3.289852
Train Epoch: 6 [14080/24148 (58%)]	Loss: 3.798705
Train Epoch: 6 [14400/24148 (60%)]	Loss: 3.430039
Train Epoch: 6 [14720/24148 (61%)]	Loss: 3.929782
Train Epoch: 6 [15040/24148 (62%)]	Loss: 3.411416
Train Epoch: 6 [15360/24148 (64%)]	Loss: 3.491555
Train Epoch: 6 [15680/24148 (65%)]	Loss: 3.184103
Train Epoch: 6 [16000/24148 (66%)]	Loss: 3.292951
Train Epoch: 6 [16320/24148 (68%)]	Loss: 3.716159
Train Epoch: 6 [16640/24148 (69%)]	Loss: 3.583553
Train Epoch: 6 [16960/24148 (70%)]	Loss: 3.119352
Train Epoch: 6 [17280/24148 (72%)]	Loss: 3.532770
Train Epoch: 6 [17600/24148 (73%)]	Loss: 3.540048
Train Epoch: 6 [17920/24148 (74%)]	Loss: 3.281516
Train Epoch: 6 [18240/24148 (75%)]	Loss: 3.171417
Train Epoch: 6 [18560/24148 (77%)]	Loss: 3.257662
Train Epoch: 6 [18880/24148 (78%)]	Loss: 3.143640
Train Epoch: 6 [19200/24148 (79%)]	Loss: 3.807916
Train Epoch: 6 [19520/24148 (81%)]	Loss: 3.595880
Train Epoch: 6 [19840/24148 (82%)]	Loss: 3.067428
Train Epoch: 6 [20160/24148 (83%)]	Loss: 3.391469
Train Epoch: 6 [20480/24148 (85%)]	Loss: 3.495635
Train Epoch: 6 [20800/24148 (86%)]	Loss: 3.764522
Train Epoch: 6 [21120/24148 (87%)]	Loss: 3.465495
Train Epoch: 6 [21440/24148 (89%)]	Loss: 2.555894
Train Epoch: 6 [21760/24148 (90%)]	Loss: 3.224264
Train Epoch: 6 [22080/24148 (91%)]	Loss: 3.618856
Train Epoch: 6 [22400/24148 (93%)]	Loss: 3.567179
Train Epoch: 6 [22720/24148 (94%)]	Loss: 2.799428
Train Epoch: 6 [23040/24148 (95%)]	Loss: 2.936188
Train Epoch: 6 [23360/24148 (97%)]	Loss: 3.146868
Train Epoch: 6 [23680/24148 (98%)]	Loss: 2.872680
Train Epoch: 6 [24000/24148 (99%)]	Loss: 3.856774

Test set: Average loss: 3.9920, Accuracy: 1307/6037 (22%)

Train Epoch: 7 [0/24148 (0%)]	Loss: 2.813228
Train Epoch: 7 [320/24148 (1%)]	Loss: 2.580379
Train Epoch: 7 [640/24148 (3%)]	Loss: 2.740938
Train Epoch: 7 [960/24148 (4%)]	Loss: 2.433064
Train Epoch: 7 [1280/24148 (5%)]	Loss: 2.942018
Train Epoch: 7 [1600/24148 (7%)]	Loss: 2.382896
Train Epoch: 7 [1920/24148 (8%)]	Loss: 2.968868
Train Epoch: 7 [2240/24148 (9%)]	Loss: 2.546123
Train Epoch: 7 [2560/24148 (11%)]	Loss: 2.753652
Train Epoch: 7 [2880/24148 (12%)]	Loss: 2.584241
Train Epoch: 7 [3200/24148 (13%)]	Loss: 2.607236
Train Epoch: 7 [3520/24148 (15%)]	Loss: 2.308655
Train Epoch: 7 [3840/24148 (16%)]	Loss: 2.807670
Train Epoch: 7 [4160/24148 (17%)]	Loss: 2.624970
Train Epoch: 7 [4480/24148 (19%)]	Loss: 2.662828
Train Epoch: 7 [4800/24148 (20%)]	Loss: 2.684809
Train Epoch: 7 [5120/24148 (21%)]	Loss: 2.032912
Train Epoch: 7 [5440/24148 (23%)]	Loss: 2.611628
Train Epoch: 7 [5760/24148 (24%)]	Loss: 3.389804
Train Epoch: 7 [6080/24148 (25%)]	Loss: 3.033616
Train Epoch: 7 [6400/24148 (26%)]	Loss: 2.777596
Train Epoch: 7 [6720/24148 (28%)]	Loss: 2.869591
Train Epoch: 7 [7040/24148 (29%)]	Loss: 2.441296
Train Epoch: 7 [7360/24148 (30%)]	Loss: 2.722831
Train Epoch: 7 [7680/24148 (32%)]	Loss: 2.896216
Train Epoch: 7 [8000/24148 (33%)]	Loss: 2.436230
Train Epoch: 7 [8320/24148 (34%)]	Loss: 2.380304
Train Epoch: 7 [8640/24148 (36%)]	Loss: 2.643062
Train Epoch: 7 [8960/24148 (37%)]	Loss: 2.338099
Train Epoch: 7 [9280/24148 (38%)]	Loss: 2.803709
Train Epoch: 7 [9600/24148 (40%)]	Loss: 3.120670
Train Epoch: 7 [9920/24148 (41%)]	Loss: 2.715344
Train Epoch: 7 [10240/24148 (42%)]	Loss: 2.629816
Train Epoch: 7 [10560/24148 (44%)]	Loss: 2.704445
Train Epoch: 7 [10880/24148 (45%)]	Loss: 2.879868
Train Epoch: 7 [11200/24148 (46%)]	Loss: 2.356303
Train Epoch: 7 [11520/24148 (48%)]	Loss: 2.698455
Train Epoch: 7 [11840/24148 (49%)]	Loss: 2.621431
Train Epoch: 7 [12160/24148 (50%)]	Loss: 2.757030
Train Epoch: 7 [12480/24148 (52%)]	Loss: 3.064658
Train Epoch: 7 [12800/24148 (53%)]	Loss: 2.767517
Train Epoch: 7 [13120/24148 (54%)]	Loss: 3.072941
Train Epoch: 7 [13440/24148 (56%)]	Loss: 2.792484
Train Epoch: 7 [13760/24148 (57%)]	Loss: 2.868156
Train Epoch: 7 [14080/24148 (58%)]	Loss: 3.080490
Train Epoch: 7 [14400/24148 (60%)]	Loss: 2.903628
Train Epoch: 7 [14720/24148 (61%)]	Loss: 3.654770
Train Epoch: 7 [15040/24148 (62%)]	Loss: 3.336039
Train Epoch: 7 [15360/24148 (64%)]	Loss: 3.047279
Train Epoch: 7 [15680/24148 (65%)]	Loss: 3.023737
Train Epoch: 7 [16000/24148 (66%)]	Loss: 2.378648
Train Epoch: 7 [16320/24148 (68%)]	Loss: 2.835375
Train Epoch: 7 [16640/24148 (69%)]	Loss: 2.751819
Train Epoch: 7 [16960/24148 (70%)]	Loss: 3.473549
Train Epoch: 7 [17280/24148 (72%)]	Loss: 2.647809
Train Epoch: 7 [17600/24148 (73%)]	Loss: 3.100022
Train Epoch: 7 [17920/24148 (74%)]	Loss: 2.980817
Train Epoch: 7 [18240/24148 (75%)]	Loss: 2.741112
Train Epoch: 7 [18560/24148 (77%)]	Loss: 3.362097
Train Epoch: 7 [18880/24148 (78%)]	Loss: 2.730762
Train Epoch: 7 [19200/24148 (79%)]	Loss: 3.073850
Train Epoch: 7 [19520/24148 (81%)]	Loss: 2.538085
Train Epoch: 7 [19840/24148 (82%)]	Loss: 2.430995
Train Epoch: 7 [20160/24148 (83%)]	Loss: 2.758771
Train Epoch: 7 [20480/24148 (85%)]	Loss: 2.904263
Train Epoch: 7 [20800/24148 (86%)]	Loss: 3.058091
Train Epoch: 7 [21120/24148 (87%)]	Loss: 2.993452
Train Epoch: 7 [21440/24148 (89%)]	Loss: 2.599475
Train Epoch: 7 [21760/24148 (90%)]	Loss: 3.188756
Train Epoch: 7 [22080/24148 (91%)]	Loss: 2.574869
Train Epoch: 7 [22400/24148 (93%)]	Loss: 2.729922
Train Epoch: 7 [22720/24148 (94%)]	Loss: 3.391308
Train Epoch: 7 [23040/24148 (95%)]	Loss: 3.359121
Train Epoch: 7 [23360/24148 (97%)]	Loss: 2.851303
Train Epoch: 7 [23680/24148 (98%)]	Loss: 2.587048
Train Epoch: 7 [24000/24148 (99%)]	Loss: 3.141477

Test set: Average loss: 4.0068, Accuracy: 1341/6037 (22%)

Train Epoch: 8 [0/24148 (0%)]	Loss: 2.091799
Train Epoch: 8 [320/24148 (1%)]	Loss: 2.634831
Train Epoch: 8 [640/24148 (3%)]	Loss: 2.037031
Train Epoch: 8 [960/24148 (4%)]	Loss: 2.152103
Train Epoch: 8 [1280/24148 (5%)]	Loss: 1.965826
Train Epoch: 8 [1600/24148 (7%)]	Loss: 2.123167
Train Epoch: 8 [1920/24148 (8%)]	Loss: 2.516070
Train Epoch: 8 [2240/24148 (9%)]	Loss: 2.440428
Train Epoch: 8 [2560/24148 (11%)]	Loss: 2.097654
Train Epoch: 8 [2880/24148 (12%)]	Loss: 2.310217
Train Epoch: 8 [3200/24148 (13%)]	Loss: 2.116045
Train Epoch: 8 [3520/24148 (15%)]	Loss: 2.377441
Train Epoch: 8 [3840/24148 (16%)]	Loss: 1.990093
Train Epoch: 8 [4160/24148 (17%)]	Loss: 2.062856
Train Epoch: 8 [4480/24148 (19%)]	Loss: 2.522962
Train Epoch: 8 [4800/24148 (20%)]	Loss: 1.842109
Train Epoch: 8 [5120/24148 (21%)]	Loss: 2.075147
Train Epoch: 8 [5440/24148 (23%)]	Loss: 2.007462
Train Epoch: 8 [5760/24148 (24%)]	Loss: 2.058596
Train Epoch: 8 [6080/24148 (25%)]	Loss: 2.397700
Train Epoch: 8 [6400/24148 (26%)]	Loss: 2.324704
Train Epoch: 8 [6720/24148 (28%)]	Loss: 2.059399
Train Epoch: 8 [7040/24148 (29%)]	Loss: 2.198837
Train Epoch: 8 [7360/24148 (30%)]	Loss: 2.006257
Train Epoch: 8 [7680/24148 (32%)]	Loss: 2.119703
Train Epoch: 8 [8000/24148 (33%)]	Loss: 2.334169
Train Epoch: 8 [8320/24148 (34%)]	Loss: 1.580887
Train Epoch: 8 [8640/24148 (36%)]	Loss: 2.122354
Train Epoch: 8 [8960/24148 (37%)]	Loss: 2.070612
Train Epoch: 8 [9280/24148 (38%)]	Loss: 2.099495
Train Epoch: 8 [9600/24148 (40%)]	Loss: 2.059143
Train Epoch: 8 [9920/24148 (41%)]	Loss: 2.100247
Train Epoch: 8 [10240/24148 (42%)]	Loss: 2.105974
Train Epoch: 8 [10560/24148 (44%)]	Loss: 2.224867
Train Epoch: 8 [10880/24148 (45%)]	Loss: 2.291171
Train Epoch: 8 [11200/24148 (46%)]	Loss: 2.356002
Train Epoch: 8 [11520/24148 (48%)]	Loss: 1.711650
Train Epoch: 8 [11840/24148 (49%)]	Loss: 2.365778
Train Epoch: 8 [12160/24148 (50%)]	Loss: 2.532270
Train Epoch: 8 [12480/24148 (52%)]	Loss: 2.015736
Train Epoch: 8 [12800/24148 (53%)]	Loss: 2.513318
Train Epoch: 8 [13120/24148 (54%)]	Loss: 2.185179
Train Epoch: 8 [13440/24148 (56%)]	Loss: 2.262267
Train Epoch: 8 [13760/24148 (57%)]	Loss: 2.566315
Train Epoch: 8 [14080/24148 (58%)]	Loss: 2.338334
Train Epoch: 8 [14400/24148 (60%)]	Loss: 2.348172
Train Epoch: 8 [14720/24148 (61%)]	Loss: 2.241125
Train Epoch: 8 [15040/24148 (62%)]	Loss: 2.316539
Train Epoch: 8 [15360/24148 (64%)]	Loss: 2.208874
Train Epoch: 8 [15680/24148 (65%)]	Loss: 2.099058
Train Epoch: 8 [16000/24148 (66%)]	Loss: 1.885037
Train Epoch: 8 [16320/24148 (68%)]	Loss: 1.898072
Train Epoch: 8 [16640/24148 (69%)]	Loss: 1.964165
Train Epoch: 8 [16960/24148 (70%)]	Loss: 2.010108
Train Epoch: 8 [17280/24148 (72%)]	Loss: 2.196453
Train Epoch: 8 [17600/24148 (73%)]	Loss: 2.235225
Train Epoch: 8 [17920/24148 (74%)]	Loss: 1.925040
Train Epoch: 8 [18240/24148 (75%)]	Loss: 2.326446
Train Epoch: 8 [18560/24148 (77%)]	Loss: 2.104611
Train Epoch: 8 [18880/24148 (78%)]	Loss: 2.772939
Train Epoch: 8 [19200/24148 (79%)]	Loss: 2.365808
Train Epoch: 8 [19520/24148 (81%)]	Loss: 2.558311
Train Epoch: 8 [19840/24148 (82%)]	Loss: 2.033651
Train Epoch: 8 [20160/24148 (83%)]	Loss: 2.185110
Train Epoch: 8 [20480/24148 (85%)]	Loss: 2.543771
Train Epoch: 8 [20800/24148 (86%)]	Loss: 2.496731
Train Epoch: 8 [21120/24148 (87%)]	Loss: 2.071716
Train Epoch: 8 [21440/24148 (89%)]	Loss: 1.802351
Train Epoch: 8 [21760/24148 (90%)]	Loss: 2.334597
Train Epoch: 8 [22080/24148 (91%)]	Loss: 2.015664
Train Epoch: 8 [22400/24148 (93%)]	Loss: 2.153942
Train Epoch: 8 [22720/24148 (94%)]	Loss: 2.234623
Train Epoch: 8 [23040/24148 (95%)]	Loss: 2.435209
Train Epoch: 8 [23360/24148 (97%)]	Loss: 1.816745
Train Epoch: 8 [23680/24148 (98%)]	Loss: 2.049771
Train Epoch: 8 [24000/24148 (99%)]	Loss: 2.527514

Test set: Average loss: 3.9705, Accuracy: 1379/6037 (23%)

Train Epoch: 9 [0/24148 (0%)]	Loss: 1.529718
Train Epoch: 9 [320/24148 (1%)]	Loss: 1.199395
Train Epoch: 9 [640/24148 (3%)]	Loss: 1.301923
Train Epoch: 9 [960/24148 (4%)]	Loss: 1.299807
Train Epoch: 9 [1280/24148 (5%)]	Loss: 1.616467
Train Epoch: 9 [1600/24148 (7%)]	Loss: 1.228842
Train Epoch: 9 [1920/24148 (8%)]	Loss: 1.753143
Train Epoch: 9 [2240/24148 (9%)]	Loss: 1.683447
Train Epoch: 9 [2560/24148 (11%)]	Loss: 1.498589
Train Epoch: 9 [2880/24148 (12%)]	Loss: 1.432577
Train Epoch: 9 [3200/24148 (13%)]	Loss: 1.666001
Train Epoch: 9 [3520/24148 (15%)]	Loss: 1.774969
Train Epoch: 9 [3840/24148 (16%)]	Loss: 1.293019
Train Epoch: 9 [4160/24148 (17%)]	Loss: 1.472018
Train Epoch: 9 [4480/24148 (19%)]	Loss: 1.412005
Train Epoch: 9 [4800/24148 (20%)]	Loss: 1.758846
Train Epoch: 9 [5120/24148 (21%)]	Loss: 1.431225
Train Epoch: 9 [5440/24148 (23%)]	Loss: 1.685851
Train Epoch: 9 [5760/24148 (24%)]	Loss: 1.404225
Train Epoch: 9 [6080/24148 (25%)]	Loss: 1.616030
Train Epoch: 9 [6400/24148 (26%)]	Loss: 1.523756
Train Epoch: 9 [6720/24148 (28%)]	Loss: 1.271259
Train Epoch: 9 [7040/24148 (29%)]	Loss: 1.561047
Train Epoch: 9 [7360/24148 (30%)]	Loss: 1.871977
Train Epoch: 9 [7680/24148 (32%)]	Loss: 1.764046
Train Epoch: 9 [8000/24148 (33%)]	Loss: 1.443211
Train Epoch: 9 [8320/24148 (34%)]	Loss: 1.451700
Train Epoch: 9 [8640/24148 (36%)]	Loss: 1.749685
Train Epoch: 9 [8960/24148 (37%)]	Loss: 1.516012
Train Epoch: 9 [9280/24148 (38%)]	Loss: 1.716898
Train Epoch: 9 [9600/24148 (40%)]	Loss: 1.299772
Train Epoch: 9 [9920/24148 (41%)]	Loss: 1.621485
Train Epoch: 9 [10240/24148 (42%)]	Loss: 1.499854
Train Epoch: 9 [10560/24148 (44%)]	Loss: 1.792429
Train Epoch: 9 [10880/24148 (45%)]	Loss: 1.290600
Train Epoch: 9 [11200/24148 (46%)]	Loss: 1.620018
Train Epoch: 9 [11520/24148 (48%)]	Loss: 2.343105
Train Epoch: 9 [11840/24148 (49%)]	Loss: 1.066736
Train Epoch: 9 [12160/24148 (50%)]	Loss: 1.351213
Train Epoch: 9 [12480/24148 (52%)]	Loss: 1.706900
Train Epoch: 9 [12800/24148 (53%)]	Loss: 1.676720
Train Epoch: 9 [13120/24148 (54%)]	Loss: 1.419951
Train Epoch: 9 [13440/24148 (56%)]	Loss: 1.618540
Train Epoch: 9 [13760/24148 (57%)]	Loss: 1.092577
Train Epoch: 9 [14080/24148 (58%)]	Loss: 1.383364
Train Epoch: 9 [14400/24148 (60%)]	Loss: 1.537100
Train Epoch: 9 [14720/24148 (61%)]	Loss: 1.321998
Train Epoch: 9 [15040/24148 (62%)]	Loss: 1.480576
Train Epoch: 9 [15360/24148 (64%)]	Loss: 1.207623
Train Epoch: 9 [15680/24148 (65%)]	Loss: 1.873451
Train Epoch: 9 [16000/24148 (66%)]	Loss: 1.473562
Train Epoch: 9 [16320/24148 (68%)]	Loss: 1.546998
Train Epoch: 9 [16640/24148 (69%)]	Loss: 1.522976
Train Epoch: 9 [16960/24148 (70%)]	Loss: 1.680554
Train Epoch: 9 [17280/24148 (72%)]	Loss: 1.651826
Train Epoch: 9 [17600/24148 (73%)]	Loss: 1.640385
Train Epoch: 9 [17920/24148 (74%)]	Loss: 1.320925
Train Epoch: 9 [18240/24148 (75%)]	Loss: 1.593613
Train Epoch: 9 [18560/24148 (77%)]	Loss: 1.680664
Train Epoch: 9 [18880/24148 (78%)]	Loss: 1.357567
Train Epoch: 9 [19200/24148 (79%)]	Loss: 1.588628
Train Epoch: 9 [19520/24148 (81%)]	Loss: 1.774516
Train Epoch: 9 [19840/24148 (82%)]	Loss: 1.550307
Train Epoch: 9 [20160/24148 (83%)]	Loss: 1.387987
Train Epoch: 9 [20480/24148 (85%)]	Loss: 1.900429
Train Epoch: 9 [20800/24148 (86%)]	Loss: 2.089895
Train Epoch: 9 [21120/24148 (87%)]	Loss: 1.865281
Train Epoch: 9 [21440/24148 (89%)]	Loss: 1.640100
Train Epoch: 9 [21760/24148 (90%)]	Loss: 1.208309
Train Epoch: 9 [22080/24148 (91%)]	Loss: 1.524573
Train Epoch: 9 [22400/24148 (93%)]	Loss: 1.977183
Train Epoch: 9 [22720/24148 (94%)]	Loss: 1.511711
Train Epoch: 9 [23040/24148 (95%)]	Loss: 1.290358
Train Epoch: 9 [23360/24148 (97%)]	Loss: 1.488287
Train Epoch: 9 [23680/24148 (98%)]	Loss: 1.563047
Train Epoch: 9 [24000/24148 (99%)]	Loss: 1.917251

Test set: Average loss: 4.0715, Accuracy: 1344/6037 (22%)

Train Epoch: 10 [0/24148 (0%)]	Loss: 1.361723
Train Epoch: 10 [320/24148 (1%)]	Loss: 1.700648
Train Epoch: 10 [640/24148 (3%)]	Loss: 0.947947
Train Epoch: 10 [960/24148 (4%)]	Loss: 1.530420
Train Epoch: 10 [1280/24148 (5%)]	Loss: 1.098930
Train Epoch: 10 [1600/24148 (7%)]	Loss: 1.061772
Train Epoch: 10 [1920/24148 (8%)]	Loss: 1.094789
Train Epoch: 10 [2240/24148 (9%)]	Loss: 1.598190
Train Epoch: 10 [2560/24148 (11%)]	Loss: 1.329636
Train Epoch: 10 [2880/24148 (12%)]	Loss: 1.422814
Train Epoch: 10 [3200/24148 (13%)]	Loss: 1.236716
Train Epoch: 10 [3520/24148 (15%)]	Loss: 1.337495
Train Epoch: 10 [3840/24148 (16%)]	Loss: 1.286198
Train Epoch: 10 [4160/24148 (17%)]	Loss: 1.246436
Train Epoch: 10 [4480/24148 (19%)]	Loss: 1.110887
Train Epoch: 10 [4800/24148 (20%)]	Loss: 1.262647
Train Epoch: 10 [5120/24148 (21%)]	Loss: 0.973015
Train Epoch: 10 [5440/24148 (23%)]	Loss: 0.926504
Train Epoch: 10 [5760/24148 (24%)]	Loss: 1.053572
Train Epoch: 10 [6080/24148 (25%)]	Loss: 1.313414
Train Epoch: 10 [6400/24148 (26%)]	Loss: 1.048591
Train Epoch: 10 [6720/24148 (28%)]	Loss: 1.147195
Train Epoch: 10 [7040/24148 (29%)]	Loss: 0.850499
Train Epoch: 10 [7360/24148 (30%)]	Loss: 1.261702
Train Epoch: 10 [7680/24148 (32%)]	Loss: 1.090599
Train Epoch: 10 [8000/24148 (33%)]	Loss: 1.282053
Train Epoch: 10 [8320/24148 (34%)]	Loss: 1.224922
Train Epoch: 10 [8640/24148 (36%)]	Loss: 1.363230
Train Epoch: 10 [8960/24148 (37%)]	Loss: 1.360275
Train Epoch: 10 [9280/24148 (38%)]	Loss: 1.142886
Train Epoch: 10 [9600/24148 (40%)]	Loss: 1.502149
Train Epoch: 10 [9920/24148 (41%)]	Loss: 1.043407
Train Epoch: 10 [10240/24148 (42%)]	Loss: 1.419713
Train Epoch: 10 [10560/24148 (44%)]	Loss: 0.998049
Train Epoch: 10 [10880/24148 (45%)]	Loss: 1.163376
Train Epoch: 10 [11200/24148 (46%)]	Loss: 1.498851
Train Epoch: 10 [11520/24148 (48%)]	Loss: 1.179791
Train Epoch: 10 [11840/24148 (49%)]	Loss: 0.887266
Train Epoch: 10 [12160/24148 (50%)]	Loss: 1.374104
Train Epoch: 10 [12480/24148 (52%)]	Loss: 1.243323
Train Epoch: 10 [12800/24148 (53%)]	Loss: 0.997529
Train Epoch: 10 [13120/24148 (54%)]	Loss: 1.151688
Train Epoch: 10 [13440/24148 (56%)]	Loss: 1.366587
Train Epoch: 10 [13760/24148 (57%)]	Loss: 1.138302
Train Epoch: 10 [14080/24148 (58%)]	Loss: 1.367515
Train Epoch: 10 [14400/24148 (60%)]	Loss: 1.551859
Train Epoch: 10 [14720/24148 (61%)]	Loss: 1.064018
Train Epoch: 10 [15040/24148 (62%)]	Loss: 1.048053
Train Epoch: 10 [15360/24148 (64%)]	Loss: 1.328034
Train Epoch: 10 [15680/24148 (65%)]	Loss: 0.975045
Train Epoch: 10 [16000/24148 (66%)]	Loss: 1.022905
Train Epoch: 10 [16320/24148 (68%)]	Loss: 0.914664
Train Epoch: 10 [16640/24148 (69%)]	Loss: 1.078353
Train Epoch: 10 [16960/24148 (70%)]	Loss: 1.100142
Train Epoch: 10 [17280/24148 (72%)]	Loss: 1.255159
Train Epoch: 10 [17600/24148 (73%)]	Loss: 1.455634
Train Epoch: 10 [17920/24148 (74%)]	Loss: 1.182173
Train Epoch: 10 [18240/24148 (75%)]	Loss: 1.212270
Train Epoch: 10 [18560/24148 (77%)]	Loss: 0.987696
Train Epoch: 10 [18880/24148 (78%)]	Loss: 1.028204
Train Epoch: 10 [19200/24148 (79%)]	Loss: 1.088300
Train Epoch: 10 [19520/24148 (81%)]	Loss: 1.169049
Train Epoch: 10 [19840/24148 (82%)]	Loss: 1.281758
Train Epoch: 10 [20160/24148 (83%)]	Loss: 1.206721
Train Epoch: 10 [20480/24148 (85%)]	Loss: 1.149718
Train Epoch: 10 [20800/24148 (86%)]	Loss: 1.514416
Train Epoch: 10 [21120/24148 (87%)]	Loss: 1.226276
Train Epoch: 10 [21440/24148 (89%)]	Loss: 1.179362
Train Epoch: 10 [21760/24148 (90%)]	Loss: 1.098420
Train Epoch: 10 [22080/24148 (91%)]	Loss: 1.273954
Train Epoch: 10 [22400/24148 (93%)]	Loss: 1.472060
Train Epoch: 10 [22720/24148 (94%)]	Loss: 1.323390
Train Epoch: 10 [23040/24148 (95%)]	Loss: 1.315219
Train Epoch: 10 [23360/24148 (97%)]	Loss: 0.786339
Train Epoch: 10 [23680/24148 (98%)]	Loss: 1.569227
Train Epoch: 10 [24000/24148 (99%)]	Loss: 1.507415

Test set: Average loss: 4.1133, Accuracy: 1378/6037 (23%)

Average seconds for training 1 epoch: 229.9077415943146
Average seconds for testing: 20.318163919448853
