Logging tensorboard to ./runs/Caltech256/vit_performer_relu_patch_size_8_nb_features_64_feature_redraw_interval_1000
Files already downloaded and verified
Total number of parameters in the model: 13382273
Train Epoch: 1 [0/24148 (0%)]	Loss: 5.799011
Train Epoch: 1 [320/24148 (1%)]	Loss: 6.501788
Train Epoch: 1 [640/24148 (3%)]	Loss: 5.874171
Train Epoch: 1 [960/24148 (4%)]	Loss: 5.888608
Train Epoch: 1 [1280/24148 (5%)]	Loss: 5.772219
Train Epoch: 1 [1600/24148 (7%)]	Loss: 5.426383
Train Epoch: 1 [1920/24148 (8%)]	Loss: 5.273437
Train Epoch: 1 [2240/24148 (9%)]	Loss: 4.994258
Train Epoch: 1 [2560/24148 (11%)]	Loss: 5.597687
Train Epoch: 1 [2880/24148 (12%)]	Loss: 5.543966
Train Epoch: 1 [3200/24148 (13%)]	Loss: 5.383322
Train Epoch: 1 [3520/24148 (15%)]	Loss: 5.364959
Train Epoch: 1 [3840/24148 (16%)]	Loss: 5.372197
Train Epoch: 1 [4160/24148 (17%)]	Loss: 5.291185
Train Epoch: 1 [4480/24148 (19%)]	Loss: 5.467641
Train Epoch: 1 [4800/24148 (20%)]	Loss: 5.278439
Train Epoch: 1 [5120/24148 (21%)]	Loss: 5.253314
Train Epoch: 1 [5440/24148 (23%)]	Loss: 5.123377
Train Epoch: 1 [5760/24148 (24%)]	Loss: 5.237641
Train Epoch: 1 [6080/24148 (25%)]	Loss: 5.251996
Train Epoch: 1 [6400/24148 (26%)]	Loss: 5.354912
Train Epoch: 1 [6720/24148 (28%)]	Loss: 5.166147
Train Epoch: 1 [7040/24148 (29%)]	Loss: 5.488197
Train Epoch: 1 [7360/24148 (30%)]	Loss: 4.969288
Train Epoch: 1 [7680/24148 (32%)]	Loss: 5.015520
Train Epoch: 1 [8000/24148 (33%)]	Loss: 5.197928
Train Epoch: 1 [8320/24148 (34%)]	Loss: 5.178382
Train Epoch: 1 [8640/24148 (36%)]	Loss: 5.421703
Train Epoch: 1 [8960/24148 (37%)]	Loss: 5.297652
Train Epoch: 1 [9280/24148 (38%)]	Loss: 5.092994
Train Epoch: 1 [9600/24148 (40%)]	Loss: 5.391118
Train Epoch: 1 [9920/24148 (41%)]	Loss: 5.246818
Train Epoch: 1 [10240/24148 (42%)]	Loss: 5.217424
Train Epoch: 1 [10560/24148 (44%)]	Loss: 4.962061
Train Epoch: 1 [10880/24148 (45%)]	Loss: 5.031017
Train Epoch: 1 [11200/24148 (46%)]	Loss: 5.246378
Train Epoch: 1 [11520/24148 (48%)]	Loss: 5.131314
Train Epoch: 1 [11840/24148 (49%)]	Loss: 5.211609
Train Epoch: 1 [12160/24148 (50%)]	Loss: 5.232308
Train Epoch: 1 [12480/24148 (52%)]	Loss: 5.333081
Train Epoch: 1 [12800/24148 (53%)]	Loss: 5.099391
Train Epoch: 1 [13120/24148 (54%)]	Loss: 5.054711
Train Epoch: 1 [13440/24148 (56%)]	Loss: 5.423967
Train Epoch: 1 [13760/24148 (57%)]	Loss: 5.250760
Train Epoch: 1 [14080/24148 (58%)]	Loss: 5.310051
Train Epoch: 1 [14400/24148 (60%)]	Loss: 5.323914
Train Epoch: 1 [14720/24148 (61%)]	Loss: 5.046946
Train Epoch: 1 [15040/24148 (62%)]	Loss: 5.236611
Train Epoch: 1 [15360/24148 (64%)]	Loss: 5.368051
Train Epoch: 1 [15680/24148 (65%)]	Loss: 5.101027
Train Epoch: 1 [16000/24148 (66%)]	Loss: 5.366342
Train Epoch: 1 [16320/24148 (68%)]	Loss: 4.772770
Train Epoch: 1 [16640/24148 (69%)]	Loss: 5.063781
Train Epoch: 1 [16960/24148 (70%)]	Loss: 5.354270
Train Epoch: 1 [17280/24148 (72%)]	Loss: 4.774427
Train Epoch: 1 [17600/24148 (73%)]	Loss: 4.791090
Train Epoch: 1 [17920/24148 (74%)]	Loss: 4.633058
Train Epoch: 1 [18240/24148 (75%)]	Loss: 5.211588
Train Epoch: 1 [18560/24148 (77%)]	Loss: 5.473382
Train Epoch: 1 [18880/24148 (78%)]	Loss: 5.046088
Train Epoch: 1 [19200/24148 (79%)]	Loss: 5.177737
Train Epoch: 1 [19520/24148 (81%)]	Loss: 4.480228
Train Epoch: 1 [19840/24148 (82%)]	Loss: 4.927073
Train Epoch: 1 [20160/24148 (83%)]	Loss: 5.184113
Train Epoch: 1 [20480/24148 (85%)]	Loss: 5.512963
Train Epoch: 1 [20800/24148 (86%)]	Loss: 5.119210
Train Epoch: 1 [21120/24148 (87%)]	Loss: 4.895881
Train Epoch: 1 [21440/24148 (89%)]	Loss: 4.639936
Train Epoch: 1 [21760/24148 (90%)]	Loss: 5.674204
Train Epoch: 1 [22080/24148 (91%)]	Loss: 4.719651
Train Epoch: 1 [22400/24148 (93%)]	Loss: 5.269054
Train Epoch: 1 [22720/24148 (94%)]	Loss: 5.392414
Train Epoch: 1 [23040/24148 (95%)]	Loss: 5.174843
Train Epoch: 1 [23360/24148 (97%)]	Loss: 4.959253
Train Epoch: 1 [23680/24148 (98%)]	Loss: 5.124405
Train Epoch: 1 [24000/24148 (99%)]	Loss: 5.305510

Test set: Average loss: 4.9705, Accuracy: 592/6037 (10%)

Train Epoch: 2 [0/24148 (0%)]	Loss: 4.948450
Train Epoch: 2 [320/24148 (1%)]	Loss: 4.837987
Train Epoch: 2 [640/24148 (3%)]	Loss: 4.818556
Train Epoch: 2 [960/24148 (4%)]	Loss: 4.615430
Train Epoch: 2 [1280/24148 (5%)]	Loss: 4.694347
Train Epoch: 2 [1600/24148 (7%)]	Loss: 4.855010
Train Epoch: 2 [1920/24148 (8%)]	Loss: 4.983122
Train Epoch: 2 [2240/24148 (9%)]	Loss: 4.901275
Train Epoch: 2 [2560/24148 (11%)]	Loss: 5.412072
Train Epoch: 2 [2880/24148 (12%)]	Loss: 5.091725
Train Epoch: 2 [3200/24148 (13%)]	Loss: 5.229012
Train Epoch: 2 [3520/24148 (15%)]	Loss: 4.815917
Train Epoch: 2 [3840/24148 (16%)]	Loss: 4.505459
Train Epoch: 2 [4160/24148 (17%)]	Loss: 5.136070
Train Epoch: 2 [4480/24148 (19%)]	Loss: 4.924094
Train Epoch: 2 [4800/24148 (20%)]	Loss: 4.936485
Train Epoch: 2 [5120/24148 (21%)]	Loss: 4.642096
Train Epoch: 2 [5440/24148 (23%)]	Loss: 4.756960
Train Epoch: 2 [5760/24148 (24%)]	Loss: 4.702138
Train Epoch: 2 [6080/24148 (25%)]	Loss: 4.939852
Train Epoch: 2 [6400/24148 (26%)]	Loss: 4.622200
Train Epoch: 2 [6720/24148 (28%)]	Loss: 4.544218
Train Epoch: 2 [7040/24148 (29%)]	Loss: 4.799193
Train Epoch: 2 [7360/24148 (30%)]	Loss: 4.934407
Train Epoch: 2 [7680/24148 (32%)]	Loss: 3.860505
Train Epoch: 2 [8000/24148 (33%)]	Loss: 4.982710
Train Epoch: 2 [8320/24148 (34%)]	Loss: 4.997210
Train Epoch: 2 [8640/24148 (36%)]	Loss: 5.080818
Train Epoch: 2 [8960/24148 (37%)]	Loss: 4.852543
Train Epoch: 2 [9280/24148 (38%)]	Loss: 4.918205
Train Epoch: 2 [9600/24148 (40%)]	Loss: 5.189711
Train Epoch: 2 [9920/24148 (41%)]	Loss: 5.079992
Train Epoch: 2 [10240/24148 (42%)]	Loss: 4.755049
Train Epoch: 2 [10560/24148 (44%)]	Loss: 4.961818
Train Epoch: 2 [10880/24148 (45%)]	Loss: 4.339679
Train Epoch: 2 [11200/24148 (46%)]	Loss: 5.082576
Train Epoch: 2 [11520/24148 (48%)]	Loss: 4.645446
Train Epoch: 2 [11840/24148 (49%)]	Loss: 5.028131
Train Epoch: 2 [12160/24148 (50%)]	Loss: 5.230843
Train Epoch: 2 [12480/24148 (52%)]	Loss: 5.501675
Train Epoch: 2 [12800/24148 (53%)]	Loss: 4.877400
Train Epoch: 2 [13120/24148 (54%)]	Loss: 4.383466
Train Epoch: 2 [13440/24148 (56%)]	Loss: 4.588238
Train Epoch: 2 [13760/24148 (57%)]	Loss: 5.152141
Train Epoch: 2 [14080/24148 (58%)]	Loss: 5.017305
Train Epoch: 2 [14400/24148 (60%)]	Loss: 4.998382
Train Epoch: 2 [14720/24148 (61%)]	Loss: 4.905470
Train Epoch: 2 [15040/24148 (62%)]	Loss: 5.002973
Train Epoch: 2 [15360/24148 (64%)]	Loss: 5.206083
Train Epoch: 2 [15680/24148 (65%)]	Loss: 5.309873
Train Epoch: 2 [16000/24148 (66%)]	Loss: 4.804337
Train Epoch: 2 [16320/24148 (68%)]	Loss: 4.257890
Train Epoch: 2 [16640/24148 (69%)]	Loss: 4.834254
Train Epoch: 2 [16960/24148 (70%)]	Loss: 4.551749
Train Epoch: 2 [17280/24148 (72%)]	Loss: 4.457140
Train Epoch: 2 [17600/24148 (73%)]	Loss: 5.169160
Train Epoch: 2 [17920/24148 (74%)]	Loss: 4.997726
Train Epoch: 2 [18240/24148 (75%)]	Loss: 4.714076
Train Epoch: 2 [18560/24148 (77%)]	Loss: 4.473323
Train Epoch: 2 [18880/24148 (78%)]	Loss: 4.800887
Train Epoch: 2 [19200/24148 (79%)]	Loss: 5.238362
Train Epoch: 2 [19520/24148 (81%)]	Loss: 4.175573
Train Epoch: 2 [19840/24148 (82%)]	Loss: 5.021251
Train Epoch: 2 [20160/24148 (83%)]	Loss: 4.563104
Train Epoch: 2 [20480/24148 (85%)]	Loss: 5.155899
Train Epoch: 2 [20800/24148 (86%)]	Loss: 4.454015
Train Epoch: 2 [21120/24148 (87%)]	Loss: 4.916789
Train Epoch: 2 [21440/24148 (89%)]	Loss: 4.835017
Train Epoch: 2 [21760/24148 (90%)]	Loss: 4.777348
Train Epoch: 2 [22080/24148 (91%)]	Loss: 4.650024
Train Epoch: 2 [22400/24148 (93%)]	Loss: 4.787847
Train Epoch: 2 [22720/24148 (94%)]	Loss: 4.944993
Train Epoch: 2 [23040/24148 (95%)]	Loss: 4.768972
Train Epoch: 2 [23360/24148 (97%)]	Loss: 4.592373
Train Epoch: 2 [23680/24148 (98%)]	Loss: 5.092683
Train Epoch: 2 [24000/24148 (99%)]	Loss: 5.098506

Test set: Average loss: 4.7961, Accuracy: 674/6037 (11%)

Train Epoch: 3 [0/24148 (0%)]	Loss: 4.992668
Train Epoch: 3 [320/24148 (1%)]	Loss: 5.131451
Train Epoch: 3 [640/24148 (3%)]	Loss: 4.487924
Train Epoch: 3 [960/24148 (4%)]	Loss: 4.634519
Train Epoch: 3 [1280/24148 (5%)]	Loss: 4.255499
Train Epoch: 3 [1600/24148 (7%)]	Loss: 4.805732
Train Epoch: 3 [1920/24148 (8%)]	Loss: 4.870608
Train Epoch: 3 [2240/24148 (9%)]	Loss: 4.695248
Train Epoch: 3 [2560/24148 (11%)]	Loss: 4.289729
Train Epoch: 3 [2880/24148 (12%)]	Loss: 4.978937
Train Epoch: 3 [3200/24148 (13%)]	Loss: 4.552742
Train Epoch: 3 [3520/24148 (15%)]	Loss: 4.761106
Train Epoch: 3 [3840/24148 (16%)]	Loss: 4.626041
Train Epoch: 3 [4160/24148 (17%)]	Loss: 4.453550
Train Epoch: 3 [4480/24148 (19%)]	Loss: 4.233881
Train Epoch: 3 [4800/24148 (20%)]	Loss: 4.670187
Train Epoch: 3 [5120/24148 (21%)]	Loss: 4.726168
Train Epoch: 3 [5440/24148 (23%)]	Loss: 4.910226
Train Epoch: 3 [5760/24148 (24%)]	Loss: 4.712446
Train Epoch: 3 [6080/24148 (25%)]	Loss: 4.635219
Train Epoch: 3 [6400/24148 (26%)]	Loss: 4.816677
Train Epoch: 3 [6720/24148 (28%)]	Loss: 4.785837
Train Epoch: 3 [7040/24148 (29%)]	Loss: 4.748297
Train Epoch: 3 [7360/24148 (30%)]	Loss: 4.515010
Train Epoch: 3 [7680/24148 (32%)]	Loss: 4.780755
Train Epoch: 3 [8000/24148 (33%)]	Loss: 4.824526
Train Epoch: 3 [8320/24148 (34%)]	Loss: 4.527185
Train Epoch: 3 [8640/24148 (36%)]	Loss: 4.668376
Train Epoch: 3 [8960/24148 (37%)]	Loss: 4.898190
Train Epoch: 3 [9280/24148 (38%)]	Loss: 4.818433
Train Epoch: 3 [9600/24148 (40%)]	Loss: 5.028678
Train Epoch: 3 [9920/24148 (41%)]	Loss: 4.249730
Train Epoch: 3 [10240/24148 (42%)]	Loss: 4.633559
Train Epoch: 3 [10560/24148 (44%)]	Loss: 4.162254
Train Epoch: 3 [10880/24148 (45%)]	Loss: 4.436690
Train Epoch: 3 [11200/24148 (46%)]	Loss: 4.853501
Train Epoch: 3 [11520/24148 (48%)]	Loss: 4.561081
Train Epoch: 3 [11840/24148 (49%)]	Loss: 5.120671
Train Epoch: 3 [12160/24148 (50%)]	Loss: 4.611254
Train Epoch: 3 [12480/24148 (52%)]	Loss: 4.480005
Train Epoch: 3 [12800/24148 (53%)]	Loss: 4.628045
Train Epoch: 3 [13120/24148 (54%)]	Loss: 4.799462
Train Epoch: 3 [13440/24148 (56%)]	Loss: 4.781695
Train Epoch: 3 [13760/24148 (57%)]	Loss: 4.535083
Train Epoch: 3 [14080/24148 (58%)]	Loss: 4.133354
Train Epoch: 3 [14400/24148 (60%)]	Loss: 4.037187
Train Epoch: 3 [14720/24148 (61%)]	Loss: 4.871222
Train Epoch: 3 [15040/24148 (62%)]	Loss: 4.936182
Train Epoch: 3 [15360/24148 (64%)]	Loss: 4.042067
Train Epoch: 3 [15680/24148 (65%)]	Loss: 4.193876
Train Epoch: 3 [16000/24148 (66%)]	Loss: 4.435838
Train Epoch: 3 [16320/24148 (68%)]	Loss: 5.003001
Train Epoch: 3 [16640/24148 (69%)]	Loss: 4.938118
Train Epoch: 3 [16960/24148 (70%)]	Loss: 4.830737
Train Epoch: 3 [17280/24148 (72%)]	Loss: 4.873870
Train Epoch: 3 [17600/24148 (73%)]	Loss: 4.392001
Train Epoch: 3 [17920/24148 (74%)]	Loss: 4.806365
Train Epoch: 3 [18240/24148 (75%)]	Loss: 4.265777
Train Epoch: 3 [18560/24148 (77%)]	Loss: 5.022004
Train Epoch: 3 [18880/24148 (78%)]	Loss: 4.659534
Train Epoch: 3 [19200/24148 (79%)]	Loss: 4.601664
Train Epoch: 3 [19520/24148 (81%)]	Loss: 4.328593
Train Epoch: 3 [19840/24148 (82%)]	Loss: 4.628406
Train Epoch: 3 [20160/24148 (83%)]	Loss: 4.729703
Train Epoch: 3 [20480/24148 (85%)]	Loss: 4.915355
Train Epoch: 3 [20800/24148 (86%)]	Loss: 4.828887
Train Epoch: 3 [21120/24148 (87%)]	Loss: 4.505336
Train Epoch: 3 [21440/24148 (89%)]	Loss: 4.495658
Train Epoch: 3 [21760/24148 (90%)]	Loss: 4.520855
Train Epoch: 3 [22080/24148 (91%)]	Loss: 5.061872
Train Epoch: 3 [22400/24148 (93%)]	Loss: 4.919477
Train Epoch: 3 [22720/24148 (94%)]	Loss: 4.685215
Train Epoch: 3 [23040/24148 (95%)]	Loss: 4.413825
Train Epoch: 3 [23360/24148 (97%)]	Loss: 5.113777
Train Epoch: 3 [23680/24148 (98%)]	Loss: 4.826019
Train Epoch: 3 [24000/24148 (99%)]	Loss: 4.234883

Test set: Average loss: 4.7261, Accuracy: 719/6037 (12%)

Train Epoch: 4 [0/24148 (0%)]	Loss: 4.511537
Train Epoch: 4 [320/24148 (1%)]	Loss: 4.961387
Train Epoch: 4 [640/24148 (3%)]	Loss: 4.232440
Train Epoch: 4 [960/24148 (4%)]	Loss: 4.626393
Train Epoch: 4 [1280/24148 (5%)]	Loss: 4.806980
Train Epoch: 4 [1600/24148 (7%)]	Loss: 4.896608
Train Epoch: 4 [1920/24148 (8%)]	Loss: 4.740548
Train Epoch: 4 [2240/24148 (9%)]	Loss: 4.473334
Train Epoch: 4 [2560/24148 (11%)]	Loss: 4.242483
Train Epoch: 4 [2880/24148 (12%)]	Loss: 4.288938
Train Epoch: 4 [3200/24148 (13%)]	Loss: 4.866368
Train Epoch: 4 [3520/24148 (15%)]	Loss: 4.672516
Train Epoch: 4 [3840/24148 (16%)]	Loss: 4.580528
Train Epoch: 4 [4160/24148 (17%)]	Loss: 4.611627
Train Epoch: 4 [4480/24148 (19%)]	Loss: 4.280284
Train Epoch: 4 [4800/24148 (20%)]	Loss: 4.433809
Train Epoch: 4 [5120/24148 (21%)]	Loss: 4.972820
Train Epoch: 4 [5440/24148 (23%)]	Loss: 4.688226
Train Epoch: 4 [5760/24148 (24%)]	Loss: 4.238787
Train Epoch: 4 [6080/24148 (25%)]	Loss: 4.386557
Train Epoch: 4 [6400/24148 (26%)]	Loss: 4.208999
Train Epoch: 4 [6720/24148 (28%)]	Loss: 4.662966
Train Epoch: 4 [7040/24148 (29%)]	Loss: 5.186313
Train Epoch: 4 [7360/24148 (30%)]	Loss: 4.920978
Train Epoch: 4 [7680/24148 (32%)]	Loss: 4.634604
Train Epoch: 4 [8000/24148 (33%)]	Loss: 4.456784
Train Epoch: 4 [8320/24148 (34%)]	Loss: 4.749274
Train Epoch: 4 [8640/24148 (36%)]	Loss: 4.812302
Train Epoch: 4 [8960/24148 (37%)]	Loss: 4.947505
Train Epoch: 4 [9280/24148 (38%)]	Loss: 4.889491
Train Epoch: 4 [9600/24148 (40%)]	Loss: 4.748624
Train Epoch: 4 [9920/24148 (41%)]	Loss: 4.468471
Train Epoch: 4 [10240/24148 (42%)]	Loss: 4.691148
Train Epoch: 4 [10560/24148 (44%)]	Loss: 5.019854
Train Epoch: 4 [10880/24148 (45%)]	Loss: 4.518670
Train Epoch: 4 [11200/24148 (46%)]	Loss: 5.125611
Train Epoch: 4 [11520/24148 (48%)]	Loss: 4.305095
Train Epoch: 4 [11840/24148 (49%)]	Loss: 4.403926
Train Epoch: 4 [12160/24148 (50%)]	Loss: 4.327240
Train Epoch: 4 [12480/24148 (52%)]	Loss: 4.398627
Train Epoch: 4 [12800/24148 (53%)]	Loss: 4.883746
Train Epoch: 4 [13120/24148 (54%)]	Loss: 4.798209
Train Epoch: 4 [13440/24148 (56%)]	Loss: 4.768466
Train Epoch: 4 [13760/24148 (57%)]	Loss: 4.476100
Train Epoch: 4 [14080/24148 (58%)]	Loss: 4.594332
Train Epoch: 4 [14400/24148 (60%)]	Loss: 4.804090
Train Epoch: 4 [14720/24148 (61%)]	Loss: 4.848231
Train Epoch: 4 [15040/24148 (62%)]	Loss: 4.486348
Train Epoch: 4 [15360/24148 (64%)]	Loss: 4.234325
Train Epoch: 4 [15680/24148 (65%)]	Loss: 4.344827
Train Epoch: 4 [16000/24148 (66%)]	Loss: 4.469356
Train Epoch: 4 [16320/24148 (68%)]	Loss: 4.562778
Train Epoch: 4 [16640/24148 (69%)]	Loss: 4.572829
Train Epoch: 4 [16960/24148 (70%)]	Loss: 4.521934
Train Epoch: 4 [17280/24148 (72%)]	Loss: 4.617806
Train Epoch: 4 [17600/24148 (73%)]	Loss: 4.858493
Train Epoch: 4 [17920/24148 (74%)]	Loss: 4.431509
Train Epoch: 4 [18240/24148 (75%)]	Loss: 4.548533
Train Epoch: 4 [18560/24148 (77%)]	Loss: 4.743289
Train Epoch: 4 [18880/24148 (78%)]	Loss: 4.958951
Train Epoch: 4 [19200/24148 (79%)]	Loss: 4.490316
Train Epoch: 4 [19520/24148 (81%)]	Loss: 4.291955
Train Epoch: 4 [19840/24148 (82%)]	Loss: 4.268757
Train Epoch: 4 [20160/24148 (83%)]	Loss: 4.595453
Train Epoch: 4 [20480/24148 (85%)]	Loss: 4.713114
Train Epoch: 4 [20800/24148 (86%)]	Loss: 4.452486
Train Epoch: 4 [21120/24148 (87%)]	Loss: 4.769526
Train Epoch: 4 [21440/24148 (89%)]	Loss: 4.696033
Train Epoch: 4 [21760/24148 (90%)]	Loss: 4.795743
Train Epoch: 4 [22080/24148 (91%)]	Loss: 4.446095
Train Epoch: 4 [22400/24148 (93%)]	Loss: 4.546143
Train Epoch: 4 [22720/24148 (94%)]	Loss: 4.207705
Train Epoch: 4 [23040/24148 (95%)]	Loss: 5.051165
Train Epoch: 4 [23360/24148 (97%)]	Loss: 5.081083
Train Epoch: 4 [23680/24148 (98%)]	Loss: 4.776560
Train Epoch: 4 [24000/24148 (99%)]	Loss: 4.381852

Test set: Average loss: 4.6375, Accuracy: 738/6037 (12%)

Train Epoch: 5 [0/24148 (0%)]	Loss: 4.369012
Train Epoch: 5 [320/24148 (1%)]	Loss: 4.472838
Train Epoch: 5 [640/24148 (3%)]	Loss: 4.240231
Train Epoch: 5 [960/24148 (4%)]	Loss: 4.614711
Train Epoch: 5 [1280/24148 (5%)]	Loss: 4.302389
Train Epoch: 5 [1600/24148 (7%)]	Loss: 4.397705
Train Epoch: 5 [1920/24148 (8%)]	Loss: 4.514914
Train Epoch: 5 [2240/24148 (9%)]	Loss: 4.633976
Train Epoch: 5 [2560/24148 (11%)]	Loss: 4.824792
Train Epoch: 5 [2880/24148 (12%)]	Loss: 4.542975
Train Epoch: 5 [3200/24148 (13%)]	Loss: 4.718105
Train Epoch: 5 [3520/24148 (15%)]	Loss: 4.356435
Train Epoch: 5 [3840/24148 (16%)]	Loss: 4.127711
Train Epoch: 5 [4160/24148 (17%)]	Loss: 4.074912
Train Epoch: 5 [4480/24148 (19%)]	Loss: 3.897365
Train Epoch: 5 [4800/24148 (20%)]	Loss: 5.019575
Train Epoch: 5 [5120/24148 (21%)]	Loss: 5.063979
Train Epoch: 5 [5440/24148 (23%)]	Loss: 4.549459
Train Epoch: 5 [5760/24148 (24%)]	Loss: 4.222558
Train Epoch: 5 [6080/24148 (25%)]	Loss: 4.399765
Train Epoch: 5 [6400/24148 (26%)]	Loss: 4.506541
Train Epoch: 5 [6720/24148 (28%)]	Loss: 5.043840
Train Epoch: 5 [7040/24148 (29%)]	Loss: 4.370138
Train Epoch: 5 [7360/24148 (30%)]	Loss: 4.690149
Train Epoch: 5 [7680/24148 (32%)]	Loss: 4.573876
Train Epoch: 5 [8000/24148 (33%)]	Loss: 4.547083
Train Epoch: 5 [8320/24148 (34%)]	Loss: 4.715906
Train Epoch: 5 [8640/24148 (36%)]	Loss: 4.679838
Train Epoch: 5 [8960/24148 (37%)]	Loss: 4.586478
Train Epoch: 5 [9280/24148 (38%)]	Loss: 4.017518
Train Epoch: 5 [9600/24148 (40%)]	Loss: 4.510822
Train Epoch: 5 [9920/24148 (41%)]	Loss: 4.741756
Train Epoch: 5 [10240/24148 (42%)]	Loss: 4.850738
Train Epoch: 5 [10560/24148 (44%)]	Loss: 4.273473
Train Epoch: 5 [10880/24148 (45%)]	Loss: 4.586949
Train Epoch: 5 [11200/24148 (46%)]	Loss: 4.329195
Train Epoch: 5 [11520/24148 (48%)]	Loss: 3.989829
Train Epoch: 5 [11840/24148 (49%)]	Loss: 4.606275
Train Epoch: 5 [12160/24148 (50%)]	Loss: 4.515752
Train Epoch: 5 [12480/24148 (52%)]	Loss: 4.763501
Train Epoch: 5 [12800/24148 (53%)]	Loss: 3.946253
Train Epoch: 5 [13120/24148 (54%)]	Loss: 4.169532
Train Epoch: 5 [13440/24148 (56%)]	Loss: 4.740116
Train Epoch: 5 [13760/24148 (57%)]	Loss: 4.691391
Train Epoch: 5 [14080/24148 (58%)]	Loss: 4.612827
Train Epoch: 5 [14400/24148 (60%)]	Loss: 4.096664
Train Epoch: 5 [14720/24148 (61%)]	Loss: 4.609609
Train Epoch: 5 [15040/24148 (62%)]	Loss: 4.366317
Train Epoch: 5 [15360/24148 (64%)]	Loss: 4.383724
Train Epoch: 5 [15680/24148 (65%)]	Loss: 4.629051
Train Epoch: 5 [16000/24148 (66%)]	Loss: 4.553775
Train Epoch: 5 [16320/24148 (68%)]	Loss: 4.886146
Train Epoch: 5 [16640/24148 (69%)]	Loss: 4.428293
Train Epoch: 5 [16960/24148 (70%)]	Loss: 4.874529
Train Epoch: 5 [17280/24148 (72%)]	Loss: 4.500113
Train Epoch: 5 [17600/24148 (73%)]	Loss: 4.456023
Train Epoch: 5 [17920/24148 (74%)]	Loss: 4.254720
Train Epoch: 5 [18240/24148 (75%)]	Loss: 4.764244
Train Epoch: 5 [18560/24148 (77%)]	Loss: 4.288654
Train Epoch: 5 [18880/24148 (78%)]	Loss: 4.527554
Train Epoch: 5 [19200/24148 (79%)]	Loss: 4.763530
Train Epoch: 5 [19520/24148 (81%)]	Loss: 4.197835
Train Epoch: 5 [19840/24148 (82%)]	Loss: 4.367510
Train Epoch: 5 [20160/24148 (83%)]	Loss: 4.574883
Train Epoch: 5 [20480/24148 (85%)]	Loss: 4.350351
Train Epoch: 5 [20800/24148 (86%)]	Loss: 4.598515
Train Epoch: 5 [21120/24148 (87%)]	Loss: 4.264211
Train Epoch: 5 [21440/24148 (89%)]	Loss: 4.378231
Train Epoch: 5 [21760/24148 (90%)]	Loss: 4.648406
Train Epoch: 5 [22080/24148 (91%)]	Loss: 4.636894
Train Epoch: 5 [22400/24148 (93%)]	Loss: 4.621883
Train Epoch: 5 [22720/24148 (94%)]	Loss: 4.432114
Train Epoch: 5 [23040/24148 (95%)]	Loss: 4.535270
Train Epoch: 5 [23360/24148 (97%)]	Loss: 4.749829
Train Epoch: 5 [23680/24148 (98%)]	Loss: 4.321950
Train Epoch: 5 [24000/24148 (99%)]	Loss: 4.468652

Test set: Average loss: 4.5111, Accuracy: 843/6037 (14%)

Train Epoch: 6 [0/24148 (0%)]	Loss: 4.181301
Train Epoch: 6 [320/24148 (1%)]	Loss: 4.301665
Train Epoch: 6 [640/24148 (3%)]	Loss: 3.846060
Train Epoch: 6 [960/24148 (4%)]	Loss: 4.161414
Train Epoch: 6 [1280/24148 (5%)]	Loss: 4.351115
Train Epoch: 6 [1600/24148 (7%)]	Loss: 4.837364
Train Epoch: 6 [1920/24148 (8%)]	Loss: 4.452629
Train Epoch: 6 [2240/24148 (9%)]	Loss: 4.475379
Train Epoch: 6 [2560/24148 (11%)]	Loss: 4.607310
Train Epoch: 6 [2880/24148 (12%)]	Loss: 3.946626
Train Epoch: 6 [3200/24148 (13%)]	Loss: 4.268821
Train Epoch: 6 [3520/24148 (15%)]	Loss: 4.605652
Train Epoch: 6 [3840/24148 (16%)]	Loss: 4.445632
Train Epoch: 6 [4160/24148 (17%)]	Loss: 4.615355
Train Epoch: 6 [4480/24148 (19%)]	Loss: 4.417261
Train Epoch: 6 [4800/24148 (20%)]	Loss: 4.807093
Train Epoch: 6 [5120/24148 (21%)]	Loss: 4.398017
Train Epoch: 6 [5440/24148 (23%)]	Loss: 4.515035
Train Epoch: 6 [5760/24148 (24%)]	Loss: 3.801775
Train Epoch: 6 [6080/24148 (25%)]	Loss: 4.826524
Train Epoch: 6 [6400/24148 (26%)]	Loss: 4.350676
Train Epoch: 6 [6720/24148 (28%)]	Loss: 4.059802
Train Epoch: 6 [7040/24148 (29%)]	Loss: 4.245289
Train Epoch: 6 [7360/24148 (30%)]	Loss: 4.435402
Train Epoch: 6 [7680/24148 (32%)]	Loss: 5.131652
Train Epoch: 6 [8000/24148 (33%)]	Loss: 4.230584
Train Epoch: 6 [8320/24148 (34%)]	Loss: 4.839557
Train Epoch: 6 [8640/24148 (36%)]	Loss: 4.256706
Train Epoch: 6 [8960/24148 (37%)]	Loss: 4.763125
Train Epoch: 6 [9280/24148 (38%)]	Loss: 4.221512
Train Epoch: 6 [9600/24148 (40%)]	Loss: 4.304208
Train Epoch: 6 [9920/24148 (41%)]	Loss: 4.407612
Train Epoch: 6 [10240/24148 (42%)]	Loss: 4.634173
Train Epoch: 6 [10560/24148 (44%)]	Loss: 4.642691
Train Epoch: 6 [10880/24148 (45%)]	Loss: 4.665479
Train Epoch: 6 [11200/24148 (46%)]	Loss: 3.845073
Train Epoch: 6 [11520/24148 (48%)]	Loss: 4.675153
Train Epoch: 6 [11840/24148 (49%)]	Loss: 4.588944
Train Epoch: 6 [12160/24148 (50%)]	Loss: 4.603999
Train Epoch: 6 [12480/24148 (52%)]	Loss: 4.327381
Train Epoch: 6 [12800/24148 (53%)]	Loss: 4.554912
Train Epoch: 6 [13120/24148 (54%)]	Loss: 4.635201
Train Epoch: 6 [13440/24148 (56%)]	Loss: 4.220370
Train Epoch: 6 [13760/24148 (57%)]	Loss: 4.252153
Train Epoch: 6 [14080/24148 (58%)]	Loss: 3.988182
Train Epoch: 6 [14400/24148 (60%)]	Loss: 4.502045
Train Epoch: 6 [14720/24148 (61%)]	Loss: 4.359373
Train Epoch: 6 [15040/24148 (62%)]	Loss: 4.327856
Train Epoch: 6 [15360/24148 (64%)]	Loss: 4.170945
Train Epoch: 6 [15680/24148 (65%)]	Loss: 4.580813
Train Epoch: 6 [16000/24148 (66%)]	Loss: 4.602536
Train Epoch: 6 [16320/24148 (68%)]	Loss: 4.173154
Train Epoch: 6 [16640/24148 (69%)]	Loss: 4.101829
Train Epoch: 6 [16960/24148 (70%)]	Loss: 4.444022
Train Epoch: 6 [17280/24148 (72%)]	Loss: 4.597998
Train Epoch: 6 [17600/24148 (73%)]	Loss: 5.263761
Train Epoch: 6 [17920/24148 (74%)]	Loss: 4.246960
Train Epoch: 6 [18240/24148 (75%)]	Loss: 4.394399
Train Epoch: 6 [18560/24148 (77%)]	Loss: 4.495198
Train Epoch: 6 [18880/24148 (78%)]	Loss: 4.405360
Train Epoch: 6 [19200/24148 (79%)]	Loss: 4.635217
Train Epoch: 6 [19520/24148 (81%)]	Loss: 3.818209
Train Epoch: 6 [19840/24148 (82%)]	Loss: 4.337177
Train Epoch: 6 [20160/24148 (83%)]	Loss: 4.286455
Train Epoch: 6 [20480/24148 (85%)]	Loss: 4.124072
Train Epoch: 6 [20800/24148 (86%)]	Loss: 4.298384
Train Epoch: 6 [21120/24148 (87%)]	Loss: 4.467502
Train Epoch: 6 [21440/24148 (89%)]	Loss: 4.581782
Train Epoch: 6 [21760/24148 (90%)]	Loss: 4.338808
Train Epoch: 6 [22080/24148 (91%)]	Loss: 4.622967
Train Epoch: 6 [22400/24148 (93%)]	Loss: 4.427392
Train Epoch: 6 [22720/24148 (94%)]	Loss: 4.152210
Train Epoch: 6 [23040/24148 (95%)]	Loss: 4.111560
Train Epoch: 6 [23360/24148 (97%)]	Loss: 4.395885
Train Epoch: 6 [23680/24148 (98%)]	Loss: 5.021647
Train Epoch: 6 [24000/24148 (99%)]	Loss: 4.140905

Test set: Average loss: 4.4959, Accuracy: 853/6037 (14%)

Train Epoch: 7 [0/24148 (0%)]	Loss: 3.988329
Train Epoch: 7 [320/24148 (1%)]	Loss: 4.412169
Train Epoch: 7 [640/24148 (3%)]	Loss: 3.881130
Train Epoch: 7 [960/24148 (4%)]	Loss: 4.103577
Train Epoch: 7 [1280/24148 (5%)]	Loss: 4.161403
Train Epoch: 7 [1600/24148 (7%)]	Loss: 4.710982
Train Epoch: 7 [1920/24148 (8%)]	Loss: 4.142937
Train Epoch: 7 [2240/24148 (9%)]	Loss: 4.682424
Train Epoch: 7 [2560/24148 (11%)]	Loss: 4.179339
Train Epoch: 7 [2880/24148 (12%)]	Loss: 4.264122
Train Epoch: 7 [3200/24148 (13%)]	Loss: 4.524364
Train Epoch: 7 [3520/24148 (15%)]	Loss: 4.404405
Train Epoch: 7 [3840/24148 (16%)]	Loss: 4.199083
Train Epoch: 7 [4160/24148 (17%)]	Loss: 4.314914
Train Epoch: 7 [4480/24148 (19%)]	Loss: 4.316677
Train Epoch: 7 [4800/24148 (20%)]	Loss: 4.825908
Train Epoch: 7 [5120/24148 (21%)]	Loss: 4.279398
Train Epoch: 7 [5440/24148 (23%)]	Loss: 4.327129
Train Epoch: 7 [5760/24148 (24%)]	Loss: 4.167163
Train Epoch: 7 [6080/24148 (25%)]	Loss: 4.411841
Train Epoch: 7 [6400/24148 (26%)]	Loss: 4.436914
Train Epoch: 7 [6720/24148 (28%)]	Loss: 4.155862
Train Epoch: 7 [7040/24148 (29%)]	Loss: 4.270406
Train Epoch: 7 [7360/24148 (30%)]	Loss: 4.243294
Train Epoch: 7 [7680/24148 (32%)]	Loss: 4.833459
Train Epoch: 7 [8000/24148 (33%)]	Loss: 3.900436
Train Epoch: 7 [8320/24148 (34%)]	Loss: 4.625174
Train Epoch: 7 [8640/24148 (36%)]	Loss: 4.576536
Train Epoch: 7 [8960/24148 (37%)]	Loss: 4.585724
Train Epoch: 7 [9280/24148 (38%)]	Loss: 4.624560
Train Epoch: 7 [9600/24148 (40%)]	Loss: 4.455256
Train Epoch: 7 [9920/24148 (41%)]	Loss: 4.603598
Train Epoch: 7 [10240/24148 (42%)]	Loss: 4.139564
Train Epoch: 7 [10560/24148 (44%)]	Loss: 3.993621
Train Epoch: 7 [10880/24148 (45%)]	Loss: 4.419357
Train Epoch: 7 [11200/24148 (46%)]	Loss: 4.211471
Train Epoch: 7 [11520/24148 (48%)]	Loss: 4.406663
Train Epoch: 7 [11840/24148 (49%)]	Loss: 4.630899
Train Epoch: 7 [12160/24148 (50%)]	Loss: 4.194124
Train Epoch: 7 [12480/24148 (52%)]	Loss: 4.071140
Train Epoch: 7 [12800/24148 (53%)]	Loss: 4.049532
Train Epoch: 7 [13120/24148 (54%)]	Loss: 4.088716
Train Epoch: 7 [13440/24148 (56%)]	Loss: 4.042267
Train Epoch: 7 [13760/24148 (57%)]	Loss: 4.019106
Train Epoch: 7 [14080/24148 (58%)]	Loss: 3.993592
Train Epoch: 7 [14400/24148 (60%)]	Loss: 4.201278
Train Epoch: 7 [14720/24148 (61%)]	Loss: 4.055319
Train Epoch: 7 [15040/24148 (62%)]	Loss: 4.259026
Train Epoch: 7 [15360/24148 (64%)]	Loss: 4.117180
Train Epoch: 7 [15680/24148 (65%)]	Loss: 4.023442
Train Epoch: 7 [16000/24148 (66%)]	Loss: 4.381006
Train Epoch: 7 [16320/24148 (68%)]	Loss: 4.173913
Train Epoch: 7 [16640/24148 (69%)]	Loss: 4.345372
Train Epoch: 7 [16960/24148 (70%)]	Loss: 4.710641
Train Epoch: 7 [17280/24148 (72%)]	Loss: 4.404272
Train Epoch: 7 [17600/24148 (73%)]	Loss: 4.246256
Train Epoch: 7 [17920/24148 (74%)]	Loss: 4.313705
Train Epoch: 7 [18240/24148 (75%)]	Loss: 4.156784
Train Epoch: 7 [18560/24148 (77%)]	Loss: 4.139874
Train Epoch: 7 [18880/24148 (78%)]	Loss: 4.278250
Train Epoch: 7 [19200/24148 (79%)]	Loss: 4.394029
Train Epoch: 7 [19520/24148 (81%)]	Loss: 4.064878
Train Epoch: 7 [19840/24148 (82%)]	Loss: 4.386413
Train Epoch: 7 [20160/24148 (83%)]	Loss: 4.244439
Train Epoch: 7 [20480/24148 (85%)]	Loss: 4.157395
Train Epoch: 7 [20800/24148 (86%)]	Loss: 4.276087
Train Epoch: 7 [21120/24148 (87%)]	Loss: 4.652277
Train Epoch: 7 [21440/24148 (89%)]	Loss: 4.164687
Train Epoch: 7 [21760/24148 (90%)]	Loss: 4.790670
Train Epoch: 7 [22080/24148 (91%)]	Loss: 4.304321
Train Epoch: 7 [22400/24148 (93%)]	Loss: 4.884093
Train Epoch: 7 [22720/24148 (94%)]	Loss: 4.634733
Train Epoch: 7 [23040/24148 (95%)]	Loss: 4.706260
Train Epoch: 7 [23360/24148 (97%)]	Loss: 4.395250
Train Epoch: 7 [23680/24148 (98%)]	Loss: 4.491051
Train Epoch: 7 [24000/24148 (99%)]	Loss: 3.675686

Test set: Average loss: 4.4107, Accuracy: 890/6037 (15%)

Train Epoch: 8 [0/24148 (0%)]	Loss: 4.595454
Train Epoch: 8 [320/24148 (1%)]	Loss: 4.363378
Train Epoch: 8 [640/24148 (3%)]	Loss: 4.577605
Train Epoch: 8 [960/24148 (4%)]	Loss: 3.808810
Train Epoch: 8 [1280/24148 (5%)]	Loss: 4.215484
Train Epoch: 8 [1600/24148 (7%)]	Loss: 4.066105
Train Epoch: 8 [1920/24148 (8%)]	Loss: 3.588580
Train Epoch: 8 [2240/24148 (9%)]	Loss: 4.482586
Train Epoch: 8 [2560/24148 (11%)]	Loss: 4.129334
Train Epoch: 8 [2880/24148 (12%)]	Loss: 4.163206
Train Epoch: 8 [3200/24148 (13%)]	Loss: 3.671309
Train Epoch: 8 [3520/24148 (15%)]	Loss: 4.077306
Train Epoch: 8 [3840/24148 (16%)]	Loss: 3.958809
Train Epoch: 8 [4160/24148 (17%)]	Loss: 4.197115
Train Epoch: 8 [4480/24148 (19%)]	Loss: 3.942804
Train Epoch: 8 [4800/24148 (20%)]	Loss: 4.485969
Train Epoch: 8 [5120/24148 (21%)]	Loss: 4.619326
Train Epoch: 8 [5440/24148 (23%)]	Loss: 4.316737
Train Epoch: 8 [5760/24148 (24%)]	Loss: 4.307619
Train Epoch: 8 [6080/24148 (25%)]	Loss: 4.087453
Train Epoch: 8 [6400/24148 (26%)]	Loss: 3.840654
Train Epoch: 8 [6720/24148 (28%)]	Loss: 4.477409
Train Epoch: 8 [7040/24148 (29%)]	Loss: 4.437563
Train Epoch: 8 [7360/24148 (30%)]	Loss: 3.954702
Train Epoch: 8 [7680/24148 (32%)]	Loss: 4.585152
Train Epoch: 8 [8000/24148 (33%)]	Loss: 4.248190
Train Epoch: 8 [8320/24148 (34%)]	Loss: 4.342872
Train Epoch: 8 [8640/24148 (36%)]	Loss: 4.061876
Train Epoch: 8 [8960/24148 (37%)]	Loss: 3.876307
Train Epoch: 8 [9280/24148 (38%)]	Loss: 4.243147
Train Epoch: 8 [9600/24148 (40%)]	Loss: 4.136001
Train Epoch: 8 [9920/24148 (41%)]	Loss: 4.484125
Train Epoch: 8 [10240/24148 (42%)]	Loss: 3.823669
Train Epoch: 8 [10560/24148 (44%)]	Loss: 4.054296
Train Epoch: 8 [10880/24148 (45%)]	Loss: 3.972525
Train Epoch: 8 [11200/24148 (46%)]	Loss: 4.196681
Train Epoch: 8 [11520/24148 (48%)]	Loss: 3.865324
Train Epoch: 8 [11840/24148 (49%)]	Loss: 4.519626
Train Epoch: 8 [12160/24148 (50%)]	Loss: 4.333174
Train Epoch: 8 [12480/24148 (52%)]	Loss: 4.238105
Train Epoch: 8 [12800/24148 (53%)]	Loss: 3.970089
Train Epoch: 8 [13120/24148 (54%)]	Loss: 4.511910
Train Epoch: 8 [13440/24148 (56%)]	Loss: 4.291755
Train Epoch: 8 [13760/24148 (57%)]	Loss: 4.197863
Train Epoch: 8 [14080/24148 (58%)]	Loss: 3.918218
Train Epoch: 8 [14400/24148 (60%)]	Loss: 3.981592
Train Epoch: 8 [14720/24148 (61%)]	Loss: 4.156247
Train Epoch: 8 [15040/24148 (62%)]	Loss: 4.412174
Train Epoch: 8 [15360/24148 (64%)]	Loss: 4.437295
Train Epoch: 8 [15680/24148 (65%)]	Loss: 4.362926
Train Epoch: 8 [16000/24148 (66%)]	Loss: 4.212612
Train Epoch: 8 [16320/24148 (68%)]	Loss: 4.091841
Train Epoch: 8 [16640/24148 (69%)]	Loss: 4.033457
Train Epoch: 8 [16960/24148 (70%)]	Loss: 4.123792
Train Epoch: 8 [17280/24148 (72%)]	Loss: 4.456522
Train Epoch: 8 [17600/24148 (73%)]	Loss: 4.391095
Train Epoch: 8 [17920/24148 (74%)]	Loss: 4.277942
Train Epoch: 8 [18240/24148 (75%)]	Loss: 4.068906
Train Epoch: 8 [18560/24148 (77%)]	Loss: 4.176119
Train Epoch: 8 [18880/24148 (78%)]	Loss: 4.360087
Train Epoch: 8 [19200/24148 (79%)]	Loss: 4.115117
Train Epoch: 8 [19520/24148 (81%)]	Loss: 4.011842
Train Epoch: 8 [19840/24148 (82%)]	Loss: 4.060856
Train Epoch: 8 [20160/24148 (83%)]	Loss: 4.199629
Train Epoch: 8 [20480/24148 (85%)]	Loss: 4.199353
Train Epoch: 8 [20800/24148 (86%)]	Loss: 4.536230
Train Epoch: 8 [21120/24148 (87%)]	Loss: 4.336985
Train Epoch: 8 [21440/24148 (89%)]	Loss: 4.536706
Train Epoch: 8 [21760/24148 (90%)]	Loss: 4.573846
Train Epoch: 8 [22080/24148 (91%)]	Loss: 3.868123
Train Epoch: 8 [22400/24148 (93%)]	Loss: 4.476828
Train Epoch: 8 [22720/24148 (94%)]	Loss: 4.315649
Train Epoch: 8 [23040/24148 (95%)]	Loss: 4.483701
Train Epoch: 8 [23360/24148 (97%)]	Loss: 4.580899
Train Epoch: 8 [23680/24148 (98%)]	Loss: 4.139059
Train Epoch: 8 [24000/24148 (99%)]	Loss: 4.048438

Test set: Average loss: 4.4007, Accuracy: 925/6037 (15%)

Train Epoch: 9 [0/24148 (0%)]	Loss: 4.621427
Train Epoch: 9 [320/24148 (1%)]	Loss: 4.327374
Train Epoch: 9 [640/24148 (3%)]	Loss: 4.040437
Train Epoch: 9 [960/24148 (4%)]	Loss: 4.180534
Train Epoch: 9 [1280/24148 (5%)]	Loss: 4.120410
Train Epoch: 9 [1600/24148 (7%)]	Loss: 3.766362
Train Epoch: 9 [1920/24148 (8%)]	Loss: 3.761150
Train Epoch: 9 [2240/24148 (9%)]	Loss: 4.518156
Train Epoch: 9 [2560/24148 (11%)]	Loss: 4.013647
Train Epoch: 9 [2880/24148 (12%)]	Loss: 4.352198
Train Epoch: 9 [3200/24148 (13%)]	Loss: 4.403112
Train Epoch: 9 [3520/24148 (15%)]	Loss: 4.071619
Train Epoch: 9 [3840/24148 (16%)]	Loss: 4.161438
Train Epoch: 9 [4160/24148 (17%)]	Loss: 3.941871
Train Epoch: 9 [4480/24148 (19%)]	Loss: 4.017838
Train Epoch: 9 [4800/24148 (20%)]	Loss: 4.505895
Train Epoch: 9 [5120/24148 (21%)]	Loss: 4.390584
Train Epoch: 9 [5440/24148 (23%)]	Loss: 3.597486
Train Epoch: 9 [5760/24148 (24%)]	Loss: 3.732205
Train Epoch: 9 [6080/24148 (25%)]	Loss: 3.685545
Train Epoch: 9 [6400/24148 (26%)]	Loss: 3.960918
Train Epoch: 9 [6720/24148 (28%)]	Loss: 4.007968
Train Epoch: 9 [7040/24148 (29%)]	Loss: 3.961404
Train Epoch: 9 [7360/24148 (30%)]	Loss: 3.933217
Train Epoch: 9 [7680/24148 (32%)]	Loss: 4.470617
Train Epoch: 9 [8000/24148 (33%)]	Loss: 3.879526
Train Epoch: 9 [8320/24148 (34%)]	Loss: 4.213023
Train Epoch: 9 [8640/24148 (36%)]	Loss: 4.327361
Train Epoch: 9 [8960/24148 (37%)]	Loss: 4.248895
Train Epoch: 9 [9280/24148 (38%)]	Loss: 4.147994
Train Epoch: 9 [9600/24148 (40%)]	Loss: 4.232834
Train Epoch: 9 [9920/24148 (41%)]	Loss: 4.300575
Train Epoch: 9 [10240/24148 (42%)]	Loss: 4.443456
Train Epoch: 9 [10560/24148 (44%)]	Loss: 4.009306
Train Epoch: 9 [10880/24148 (45%)]	Loss: 3.715935
Train Epoch: 9 [11200/24148 (46%)]	Loss: 4.109998
Train Epoch: 9 [11520/24148 (48%)]	Loss: 4.577947
Train Epoch: 9 [11840/24148 (49%)]	Loss: 3.826563
Train Epoch: 9 [12160/24148 (50%)]	Loss: 3.861075
Train Epoch: 9 [12480/24148 (52%)]	Loss: 3.747441
Train Epoch: 9 [12800/24148 (53%)]	Loss: 3.892845
Train Epoch: 9 [13120/24148 (54%)]	Loss: 4.174100
Train Epoch: 9 [13440/24148 (56%)]	Loss: 4.350105
Train Epoch: 9 [13760/24148 (57%)]	Loss: 4.372553
Train Epoch: 9 [14080/24148 (58%)]	Loss: 3.980655
Train Epoch: 9 [14400/24148 (60%)]	Loss: 4.176147
Train Epoch: 9 [14720/24148 (61%)]	Loss: 3.667028
Train Epoch: 9 [15040/24148 (62%)]	Loss: 4.377701
Train Epoch: 9 [15360/24148 (64%)]	Loss: 4.340622
Train Epoch: 9 [15680/24148 (65%)]	Loss: 3.586860
Train Epoch: 9 [16000/24148 (66%)]	Loss: 3.940010
Train Epoch: 9 [16320/24148 (68%)]	Loss: 4.095345
Train Epoch: 9 [16640/24148 (69%)]	Loss: 3.655571
Train Epoch: 9 [16960/24148 (70%)]	Loss: 4.364103
Train Epoch: 9 [17280/24148 (72%)]	Loss: 4.180903
Train Epoch: 9 [17600/24148 (73%)]	Loss: 4.485878
Train Epoch: 9 [17920/24148 (74%)]	Loss: 3.739030
Train Epoch: 9 [18240/24148 (75%)]	Loss: 3.720775
Train Epoch: 9 [18560/24148 (77%)]	Loss: 4.306989
Train Epoch: 9 [18880/24148 (78%)]	Loss: 3.955905
Train Epoch: 9 [19200/24148 (79%)]	Loss: 3.598256
Train Epoch: 9 [19520/24148 (81%)]	Loss: 4.368737
Train Epoch: 9 [19840/24148 (82%)]	Loss: 4.353710
Train Epoch: 9 [20160/24148 (83%)]	Loss: 4.213298
Train Epoch: 9 [20480/24148 (85%)]	Loss: 3.799207
Train Epoch: 9 [20800/24148 (86%)]	Loss: 3.692035
Train Epoch: 9 [21120/24148 (87%)]	Loss: 4.167002
Train Epoch: 9 [21440/24148 (89%)]	Loss: 4.457748
Train Epoch: 9 [21760/24148 (90%)]	Loss: 4.090178
Train Epoch: 9 [22080/24148 (91%)]	Loss: 4.172571
Train Epoch: 9 [22400/24148 (93%)]	Loss: 4.450812
Train Epoch: 9 [22720/24148 (94%)]	Loss: 4.168206
Train Epoch: 9 [23040/24148 (95%)]	Loss: 3.619224
Train Epoch: 9 [23360/24148 (97%)]	Loss: 4.454582
Train Epoch: 9 [23680/24148 (98%)]	Loss: 4.150609
Train Epoch: 9 [24000/24148 (99%)]	Loss: 4.126456

Test set: Average loss: 4.3025, Accuracy: 1029/6037 (17%)

Train Epoch: 10 [0/24148 (0%)]	Loss: 4.085152
Train Epoch: 10 [320/24148 (1%)]	Loss: 4.387442
Train Epoch: 10 [640/24148 (3%)]	Loss: 4.050769
Train Epoch: 10 [960/24148 (4%)]	Loss: 4.149135
Train Epoch: 10 [1280/24148 (5%)]	Loss: 4.161733
Train Epoch: 10 [1600/24148 (7%)]	Loss: 3.799726
Train Epoch: 10 [1920/24148 (8%)]	Loss: 3.909485
Train Epoch: 10 [2240/24148 (9%)]	Loss: 3.532167
Train Epoch: 10 [2560/24148 (11%)]	Loss: 4.034261
Train Epoch: 10 [2880/24148 (12%)]	Loss: 4.123716
Train Epoch: 10 [3200/24148 (13%)]	Loss: 3.406373
Train Epoch: 10 [3520/24148 (15%)]	Loss: 4.093478
Train Epoch: 10 [3840/24148 (16%)]	Loss: 4.002721
Train Epoch: 10 [4160/24148 (17%)]	Loss: 3.904920
Train Epoch: 10 [4480/24148 (19%)]	Loss: 3.764693
Train Epoch: 10 [4800/24148 (20%)]	Loss: 3.464165
Train Epoch: 10 [5120/24148 (21%)]	Loss: 3.855826
Train Epoch: 10 [5440/24148 (23%)]	Loss: 3.286522
Train Epoch: 10 [5760/24148 (24%)]	Loss: 4.346029
Train Epoch: 10 [6080/24148 (25%)]	Loss: 4.006749
Train Epoch: 10 [6400/24148 (26%)]	Loss: 4.076865
Train Epoch: 10 [6720/24148 (28%)]	Loss: 3.704296
Train Epoch: 10 [7040/24148 (29%)]	Loss: 4.091634
Train Epoch: 10 [7360/24148 (30%)]	Loss: 4.234312
Train Epoch: 10 [7680/24148 (32%)]	Loss: 4.235632
Train Epoch: 10 [8000/24148 (33%)]	Loss: 4.238102
Train Epoch: 10 [8320/24148 (34%)]	Loss: 4.201462
Train Epoch: 10 [8640/24148 (36%)]	Loss: 3.934566
Train Epoch: 10 [8960/24148 (37%)]	Loss: 3.855962
Train Epoch: 10 [9280/24148 (38%)]	Loss: 3.963748
Train Epoch: 10 [9600/24148 (40%)]	Loss: 3.877661
Train Epoch: 10 [9920/24148 (41%)]	Loss: 4.023768
Train Epoch: 10 [10240/24148 (42%)]	Loss: 3.737674
Train Epoch: 10 [10560/24148 (44%)]	Loss: 3.733010
Train Epoch: 10 [10880/24148 (45%)]	Loss: 4.326147
Train Epoch: 10 [11200/24148 (46%)]	Loss: 4.668943
Train Epoch: 10 [11520/24148 (48%)]	Loss: 4.210276
Train Epoch: 10 [11840/24148 (49%)]	Loss: 4.371937
Train Epoch: 10 [12160/24148 (50%)]	Loss: 4.250515
Train Epoch: 10 [12480/24148 (52%)]	Loss: 4.129716
Train Epoch: 10 [12800/24148 (53%)]	Loss: 4.212444
Train Epoch: 10 [13120/24148 (54%)]	Loss: 4.161970
Train Epoch: 10 [13440/24148 (56%)]	Loss: 3.704607
Train Epoch: 10 [13760/24148 (57%)]	Loss: 4.151484
Train Epoch: 10 [14080/24148 (58%)]	Loss: 3.953359
Train Epoch: 10 [14400/24148 (60%)]	Loss: 3.969826
Train Epoch: 10 [14720/24148 (61%)]	Loss: 4.208565
Train Epoch: 10 [15040/24148 (62%)]	Loss: 4.156679
Train Epoch: 10 [15360/24148 (64%)]	Loss: 3.856159
Train Epoch: 10 [15680/24148 (65%)]	Loss: 3.608514
Train Epoch: 10 [16000/24148 (66%)]	Loss: 3.949362
Train Epoch: 10 [16320/24148 (68%)]	Loss: 3.948768
Train Epoch: 10 [16640/24148 (69%)]	Loss: 3.638416
Train Epoch: 10 [16960/24148 (70%)]	Loss: 4.104621
Train Epoch: 10 [17280/24148 (72%)]	Loss: 3.786745
Train Epoch: 10 [17600/24148 (73%)]	Loss: 3.940562
Train Epoch: 10 [17920/24148 (74%)]	Loss: 3.972560
Train Epoch: 10 [18240/24148 (75%)]	Loss: 4.238316
Train Epoch: 10 [18560/24148 (77%)]	Loss: 4.304101
Train Epoch: 10 [18880/24148 (78%)]	Loss: 3.926171
Train Epoch: 10 [19200/24148 (79%)]	Loss: 4.250486
Train Epoch: 10 [19520/24148 (81%)]	Loss: 3.324660
Train Epoch: 10 [19840/24148 (82%)]	Loss: 4.227521
Train Epoch: 10 [20160/24148 (83%)]	Loss: 4.360453
Train Epoch: 10 [20480/24148 (85%)]	Loss: 4.012408
Train Epoch: 10 [20800/24148 (86%)]	Loss: 4.113417
Train Epoch: 10 [21120/24148 (87%)]	Loss: 3.650243
Train Epoch: 10 [21440/24148 (89%)]	Loss: 3.663424
Train Epoch: 10 [21760/24148 (90%)]	Loss: 4.244931
Train Epoch: 10 [22080/24148 (91%)]	Loss: 3.901044
Train Epoch: 10 [22400/24148 (93%)]	Loss: 4.739218
Train Epoch: 10 [22720/24148 (94%)]	Loss: 3.359311
Train Epoch: 10 [23040/24148 (95%)]	Loss: 4.078959
Train Epoch: 10 [23360/24148 (97%)]	Loss: 4.093279
Train Epoch: 10 [23680/24148 (98%)]	Loss: 3.806323
Train Epoch: 10 [24000/24148 (99%)]	Loss: 3.984376

Test set: Average loss: 4.2763, Accuracy: 1039/6037 (17%)

Average seconds for training 1 epoch: 180.60610609054567
Average seconds for testing: 16.277194809913635
