Logging tensorboard to ./runs/Caltech256/vit_performer_relu_patch_size_8_nb_features_256_feature_redraw_interval_1000
Files already downloaded and verified
Total number of parameters in the model: 13382273
Train Epoch: 1 [0/24148 (0%)]	Loss: 5.707382
Train Epoch: 1 [320/24148 (1%)]	Loss: 5.820748
Train Epoch: 1 [640/24148 (3%)]	Loss: 5.855148
Train Epoch: 1 [960/24148 (4%)]	Loss: 6.052176
Train Epoch: 1 [1280/24148 (5%)]	Loss: 6.040708
Train Epoch: 1 [1600/24148 (7%)]	Loss: 5.604949
Train Epoch: 1 [1920/24148 (8%)]	Loss: 5.304729
Train Epoch: 1 [2240/24148 (9%)]	Loss: 5.192265
Train Epoch: 1 [2560/24148 (11%)]	Loss: 5.411962
Train Epoch: 1 [2880/24148 (12%)]	Loss: 5.278659
Train Epoch: 1 [3200/24148 (13%)]	Loss: 5.558300
Train Epoch: 1 [3520/24148 (15%)]	Loss: 5.213952
Train Epoch: 1 [3840/24148 (16%)]	Loss: 5.489354
Train Epoch: 1 [4160/24148 (17%)]	Loss: 5.690801
Train Epoch: 1 [4480/24148 (19%)]	Loss: 5.336192
Train Epoch: 1 [4800/24148 (20%)]	Loss: 5.379197
Train Epoch: 1 [5120/24148 (21%)]	Loss: 5.370128
Train Epoch: 1 [5440/24148 (23%)]	Loss: 5.333640
Train Epoch: 1 [5760/24148 (24%)]	Loss: 5.376318
Train Epoch: 1 [6080/24148 (25%)]	Loss: 5.346358
Train Epoch: 1 [6400/24148 (26%)]	Loss: 5.401787
Train Epoch: 1 [6720/24148 (28%)]	Loss: 5.164861
Train Epoch: 1 [7040/24148 (29%)]	Loss: 5.644411
Train Epoch: 1 [7360/24148 (30%)]	Loss: 5.347229
Train Epoch: 1 [7680/24148 (32%)]	Loss: 5.222141
Train Epoch: 1 [8000/24148 (33%)]	Loss: 5.260356
Train Epoch: 1 [8320/24148 (34%)]	Loss: 5.049704
Train Epoch: 1 [8640/24148 (36%)]	Loss: 4.930383
Train Epoch: 1 [8960/24148 (37%)]	Loss: 4.839201
Train Epoch: 1 [9280/24148 (38%)]	Loss: 5.117992
Train Epoch: 1 [9600/24148 (40%)]	Loss: 5.572733
Train Epoch: 1 [9920/24148 (41%)]	Loss: 5.102600
Train Epoch: 1 [10240/24148 (42%)]	Loss: 5.167102
Train Epoch: 1 [10560/24148 (44%)]	Loss: 5.271979
Train Epoch: 1 [10880/24148 (45%)]	Loss: 5.468343
Train Epoch: 1 [11200/24148 (46%)]	Loss: 4.755761
Train Epoch: 1 [11520/24148 (48%)]	Loss: 5.258902
Train Epoch: 1 [11840/24148 (49%)]	Loss: 5.427259
Train Epoch: 1 [12160/24148 (50%)]	Loss: 4.975746
Train Epoch: 1 [12480/24148 (52%)]	Loss: 5.531371
Train Epoch: 1 [12800/24148 (53%)]	Loss: 4.930069
Train Epoch: 1 [13120/24148 (54%)]	Loss: 4.947674
Train Epoch: 1 [13440/24148 (56%)]	Loss: 5.037775
Train Epoch: 1 [13760/24148 (57%)]	Loss: 5.446577
Train Epoch: 1 [14080/24148 (58%)]	Loss: 5.293100
Train Epoch: 1 [14400/24148 (60%)]	Loss: 5.433270
Train Epoch: 1 [14720/24148 (61%)]	Loss: 4.725887
Train Epoch: 1 [15040/24148 (62%)]	Loss: 4.920008
Train Epoch: 1 [15360/24148 (64%)]	Loss: 4.878747
Train Epoch: 1 [15680/24148 (65%)]	Loss: 4.912676
Train Epoch: 1 [16000/24148 (66%)]	Loss: 5.359809
Train Epoch: 1 [16320/24148 (68%)]	Loss: 5.324045
Train Epoch: 1 [16640/24148 (69%)]	Loss: 5.218193
Train Epoch: 1 [16960/24148 (70%)]	Loss: 4.903441
Train Epoch: 1 [17280/24148 (72%)]	Loss: 5.466496
Train Epoch: 1 [17600/24148 (73%)]	Loss: 4.934538
Train Epoch: 1 [17920/24148 (74%)]	Loss: 4.934782
Train Epoch: 1 [18240/24148 (75%)]	Loss: 5.252901
Train Epoch: 1 [18560/24148 (77%)]	Loss: 5.310882
Train Epoch: 1 [18880/24148 (78%)]	Loss: 5.137069
Train Epoch: 1 [19200/24148 (79%)]	Loss: 5.330340
Train Epoch: 1 [19520/24148 (81%)]	Loss: 4.861155
Train Epoch: 1 [19840/24148 (82%)]	Loss: 5.296752
Train Epoch: 1 [20160/24148 (83%)]	Loss: 5.125768
Train Epoch: 1 [20480/24148 (85%)]	Loss: 5.185849
Train Epoch: 1 [20800/24148 (86%)]	Loss: 5.115642
Train Epoch: 1 [21120/24148 (87%)]	Loss: 4.691074
Train Epoch: 1 [21440/24148 (89%)]	Loss: 4.941860
Train Epoch: 1 [21760/24148 (90%)]	Loss: 5.151093
Train Epoch: 1 [22080/24148 (91%)]	Loss: 5.283553
Train Epoch: 1 [22400/24148 (93%)]	Loss: 5.194253
Train Epoch: 1 [22720/24148 (94%)]	Loss: 5.099047
Train Epoch: 1 [23040/24148 (95%)]	Loss: 4.879316
Train Epoch: 1 [23360/24148 (97%)]	Loss: 5.051315
Train Epoch: 1 [23680/24148 (98%)]	Loss: 5.247425
Train Epoch: 1 [24000/24148 (99%)]	Loss: 4.930335

Test set: Average loss: 5.1355, Accuracy: 510/6037 (8%)

Train Epoch: 2 [0/24148 (0%)]	Loss: 4.967542
Train Epoch: 2 [320/24148 (1%)]	Loss: 5.035949
Train Epoch: 2 [640/24148 (3%)]	Loss: 5.190733
Train Epoch: 2 [960/24148 (4%)]	Loss: 5.212444
Train Epoch: 2 [1280/24148 (5%)]	Loss: 4.692426
Train Epoch: 2 [1600/24148 (7%)]	Loss: 5.098097
Train Epoch: 2 [1920/24148 (8%)]	Loss: 5.006266
Train Epoch: 2 [2240/24148 (9%)]	Loss: 4.677105
Train Epoch: 2 [2560/24148 (11%)]	Loss: 4.337316
Train Epoch: 2 [2880/24148 (12%)]	Loss: 4.950965
Train Epoch: 2 [3200/24148 (13%)]	Loss: 4.721384
Train Epoch: 2 [3520/24148 (15%)]	Loss: 4.994897
Train Epoch: 2 [3840/24148 (16%)]	Loss: 5.182930
Train Epoch: 2 [4160/24148 (17%)]	Loss: 5.029957
Train Epoch: 2 [4480/24148 (19%)]	Loss: 5.017393
Train Epoch: 2 [4800/24148 (20%)]	Loss: 5.021895
Train Epoch: 2 [5120/24148 (21%)]	Loss: 4.968731
Train Epoch: 2 [5440/24148 (23%)]	Loss: 4.792893
Train Epoch: 2 [5760/24148 (24%)]	Loss: 5.193843
Train Epoch: 2 [6080/24148 (25%)]	Loss: 5.099402
Train Epoch: 2 [6400/24148 (26%)]	Loss: 4.868629
Train Epoch: 2 [6720/24148 (28%)]	Loss: 4.821918
Train Epoch: 2 [7040/24148 (29%)]	Loss: 4.251817
Train Epoch: 2 [7360/24148 (30%)]	Loss: 4.740624
Train Epoch: 2 [7680/24148 (32%)]	Loss: 4.834289
Train Epoch: 2 [8000/24148 (33%)]	Loss: 4.868583
Train Epoch: 2 [8320/24148 (34%)]	Loss: 5.026386
Train Epoch: 2 [8640/24148 (36%)]	Loss: 4.806533
Train Epoch: 2 [8960/24148 (37%)]	Loss: 4.700507
Train Epoch: 2 [9280/24148 (38%)]	Loss: 5.377072
Train Epoch: 2 [9600/24148 (40%)]	Loss: 5.254597
Train Epoch: 2 [9920/24148 (41%)]	Loss: 5.054777
Train Epoch: 2 [10240/24148 (42%)]	Loss: 4.845055
Train Epoch: 2 [10560/24148 (44%)]	Loss: 4.949768
Train Epoch: 2 [10880/24148 (45%)]	Loss: 5.084887
Train Epoch: 2 [11200/24148 (46%)]	Loss: 4.913140
Train Epoch: 2 [11520/24148 (48%)]	Loss: 5.085024
Train Epoch: 2 [11840/24148 (49%)]	Loss: 4.806512
Train Epoch: 2 [12160/24148 (50%)]	Loss: 4.870820
Train Epoch: 2 [12480/24148 (52%)]	Loss: 5.127221
Train Epoch: 2 [12800/24148 (53%)]	Loss: 4.939367
Train Epoch: 2 [13120/24148 (54%)]	Loss: 4.476238
Train Epoch: 2 [13440/24148 (56%)]	Loss: 4.303561
Train Epoch: 2 [13760/24148 (57%)]	Loss: 4.643534
Train Epoch: 2 [14080/24148 (58%)]	Loss: 4.979084
Train Epoch: 2 [14400/24148 (60%)]	Loss: 5.142873
Train Epoch: 2 [14720/24148 (61%)]	Loss: 4.719713
Train Epoch: 2 [15040/24148 (62%)]	Loss: 4.803789
Train Epoch: 2 [15360/24148 (64%)]	Loss: 5.023864
Train Epoch: 2 [15680/24148 (65%)]	Loss: 4.823915
Train Epoch: 2 [16000/24148 (66%)]	Loss: 4.799618
Train Epoch: 2 [16320/24148 (68%)]	Loss: 4.331468
Train Epoch: 2 [16640/24148 (69%)]	Loss: 5.323855
Train Epoch: 2 [16960/24148 (70%)]	Loss: 5.227328
Train Epoch: 2 [17280/24148 (72%)]	Loss: 5.011802
Train Epoch: 2 [17600/24148 (73%)]	Loss: 4.513176
Train Epoch: 2 [17920/24148 (74%)]	Loss: 4.819355
Train Epoch: 2 [18240/24148 (75%)]	Loss: 5.020980
Train Epoch: 2 [18560/24148 (77%)]	Loss: 4.839070
Train Epoch: 2 [18880/24148 (78%)]	Loss: 4.731097
Train Epoch: 2 [19200/24148 (79%)]	Loss: 5.133078
Train Epoch: 2 [19520/24148 (81%)]	Loss: 5.091497
Train Epoch: 2 [19840/24148 (82%)]	Loss: 5.105690
Train Epoch: 2 [20160/24148 (83%)]	Loss: 4.547229
Train Epoch: 2 [20480/24148 (85%)]	Loss: 4.832243
Train Epoch: 2 [20800/24148 (86%)]	Loss: 4.765489
Train Epoch: 2 [21120/24148 (87%)]	Loss: 5.321699
Train Epoch: 2 [21440/24148 (89%)]	Loss: 4.596780
Train Epoch: 2 [21760/24148 (90%)]	Loss: 4.810880
Train Epoch: 2 [22080/24148 (91%)]	Loss: 5.132158
Train Epoch: 2 [22400/24148 (93%)]	Loss: 5.152965
Train Epoch: 2 [22720/24148 (94%)]	Loss: 4.775557
Train Epoch: 2 [23040/24148 (95%)]	Loss: 5.121211
Train Epoch: 2 [23360/24148 (97%)]	Loss: 5.024548
Train Epoch: 2 [23680/24148 (98%)]	Loss: 4.888801
Train Epoch: 2 [24000/24148 (99%)]	Loss: 4.631005

Test set: Average loss: 4.8188, Accuracy: 652/6037 (11%)

Train Epoch: 3 [0/24148 (0%)]	Loss: 4.890939
Train Epoch: 3 [320/24148 (1%)]	Loss: 4.529285
Train Epoch: 3 [640/24148 (3%)]	Loss: 4.262562
Train Epoch: 3 [960/24148 (4%)]	Loss: 4.730669
Train Epoch: 3 [1280/24148 (5%)]	Loss: 4.829981
Train Epoch: 3 [1600/24148 (7%)]	Loss: 4.804998
Train Epoch: 3 [1920/24148 (8%)]	Loss: 5.120121
Train Epoch: 3 [2240/24148 (9%)]	Loss: 4.761472
Train Epoch: 3 [2560/24148 (11%)]	Loss: 5.114678
Train Epoch: 3 [2880/24148 (12%)]	Loss: 4.475674
Train Epoch: 3 [3200/24148 (13%)]	Loss: 4.669064
Train Epoch: 3 [3520/24148 (15%)]	Loss: 4.130962
Train Epoch: 3 [3840/24148 (16%)]	Loss: 4.702923
Train Epoch: 3 [4160/24148 (17%)]	Loss: 4.546179
Train Epoch: 3 [4480/24148 (19%)]	Loss: 4.523856
Train Epoch: 3 [4800/24148 (20%)]	Loss: 4.908066
Train Epoch: 3 [5120/24148 (21%)]	Loss: 4.138988
Train Epoch: 3 [5440/24148 (23%)]	Loss: 5.065526
Train Epoch: 3 [5760/24148 (24%)]	Loss: 5.126275
Train Epoch: 3 [6080/24148 (25%)]	Loss: 4.598257
Train Epoch: 3 [6400/24148 (26%)]	Loss: 4.713861
Train Epoch: 3 [6720/24148 (28%)]	Loss: 4.768583
Train Epoch: 3 [7040/24148 (29%)]	Loss: 4.939201
Train Epoch: 3 [7360/24148 (30%)]	Loss: 4.828897
Train Epoch: 3 [7680/24148 (32%)]	Loss: 4.941532
Train Epoch: 3 [8000/24148 (33%)]	Loss: 4.737245
Train Epoch: 3 [8320/24148 (34%)]	Loss: 4.743696
Train Epoch: 3 [8640/24148 (36%)]	Loss: 4.677866
Train Epoch: 3 [8960/24148 (37%)]	Loss: 4.545625
Train Epoch: 3 [9280/24148 (38%)]	Loss: 4.647949
Train Epoch: 3 [9600/24148 (40%)]	Loss: 4.809219
Train Epoch: 3 [9920/24148 (41%)]	Loss: 4.549897
Train Epoch: 3 [10240/24148 (42%)]	Loss: 4.622517
Train Epoch: 3 [10560/24148 (44%)]	Loss: 4.894316
Train Epoch: 3 [10880/24148 (45%)]	Loss: 4.602483
Train Epoch: 3 [11200/24148 (46%)]	Loss: 5.013478
Train Epoch: 3 [11520/24148 (48%)]	Loss: 5.061960
Train Epoch: 3 [11840/24148 (49%)]	Loss: 4.096620
Train Epoch: 3 [12160/24148 (50%)]	Loss: 4.632139
Train Epoch: 3 [12480/24148 (52%)]	Loss: 4.660758
Train Epoch: 3 [12800/24148 (53%)]	Loss: 4.776061
Train Epoch: 3 [13120/24148 (54%)]	Loss: 4.603482
Train Epoch: 3 [13440/24148 (56%)]	Loss: 4.885035
Train Epoch: 3 [13760/24148 (57%)]	Loss: 5.046992
Train Epoch: 3 [14080/24148 (58%)]	Loss: 4.474982
Train Epoch: 3 [14400/24148 (60%)]	Loss: 4.988605
Train Epoch: 3 [14720/24148 (61%)]	Loss: 4.372125
Train Epoch: 3 [15040/24148 (62%)]	Loss: 4.860721
Train Epoch: 3 [15360/24148 (64%)]	Loss: 4.429683
Train Epoch: 3 [15680/24148 (65%)]	Loss: 4.473666
Train Epoch: 3 [16000/24148 (66%)]	Loss: 4.529378
Train Epoch: 3 [16320/24148 (68%)]	Loss: 4.924681
Train Epoch: 3 [16640/24148 (69%)]	Loss: 4.798059
Train Epoch: 3 [16960/24148 (70%)]	Loss: 4.893136
Train Epoch: 3 [17280/24148 (72%)]	Loss: 4.774403
Train Epoch: 3 [17600/24148 (73%)]	Loss: 5.140017
Train Epoch: 3 [17920/24148 (74%)]	Loss: 5.101259
Train Epoch: 3 [18240/24148 (75%)]	Loss: 4.259670
Train Epoch: 3 [18560/24148 (77%)]	Loss: 4.267019
Train Epoch: 3 [18880/24148 (78%)]	Loss: 5.235257
Train Epoch: 3 [19200/24148 (79%)]	Loss: 4.666548
Train Epoch: 3 [19520/24148 (81%)]	Loss: 4.611358
Train Epoch: 3 [19840/24148 (82%)]	Loss: 4.274605
Train Epoch: 3 [20160/24148 (83%)]	Loss: 4.988960
Train Epoch: 3 [20480/24148 (85%)]	Loss: 4.550441
Train Epoch: 3 [20800/24148 (86%)]	Loss: 4.739367
Train Epoch: 3 [21120/24148 (87%)]	Loss: 4.538345
Train Epoch: 3 [21440/24148 (89%)]	Loss: 4.650004
Train Epoch: 3 [21760/24148 (90%)]	Loss: 4.860429
Train Epoch: 3 [22080/24148 (91%)]	Loss: 4.748214
Train Epoch: 3 [22400/24148 (93%)]	Loss: 4.659522
Train Epoch: 3 [22720/24148 (94%)]	Loss: 4.787221
Train Epoch: 3 [23040/24148 (95%)]	Loss: 4.706850
Train Epoch: 3 [23360/24148 (97%)]	Loss: 4.618927
Train Epoch: 3 [23680/24148 (98%)]	Loss: 4.136618
Train Epoch: 3 [24000/24148 (99%)]	Loss: 5.126368

Test set: Average loss: 4.7369, Accuracy: 689/6037 (11%)

Train Epoch: 4 [0/24148 (0%)]	Loss: 4.726072
Train Epoch: 4 [320/24148 (1%)]	Loss: 4.110829
Train Epoch: 4 [640/24148 (3%)]	Loss: 4.815567
Train Epoch: 4 [960/24148 (4%)]	Loss: 4.867199
Train Epoch: 4 [1280/24148 (5%)]	Loss: 4.724726
Train Epoch: 4 [1600/24148 (7%)]	Loss: 4.324517
Train Epoch: 4 [1920/24148 (8%)]	Loss: 4.515300
Train Epoch: 4 [2240/24148 (9%)]	Loss: 4.793787
Train Epoch: 4 [2560/24148 (11%)]	Loss: 4.558094
Train Epoch: 4 [2880/24148 (12%)]	Loss: 5.134043
Train Epoch: 4 [3200/24148 (13%)]	Loss: 4.418607
Train Epoch: 4 [3520/24148 (15%)]	Loss: 4.304240
Train Epoch: 4 [3840/24148 (16%)]	Loss: 4.410336
Train Epoch: 4 [4160/24148 (17%)]	Loss: 5.082294
Train Epoch: 4 [4480/24148 (19%)]	Loss: 4.783375
Train Epoch: 4 [4800/24148 (20%)]	Loss: 4.720778
Train Epoch: 4 [5120/24148 (21%)]	Loss: 4.487255
Train Epoch: 4 [5440/24148 (23%)]	Loss: 4.877992
Train Epoch: 4 [5760/24148 (24%)]	Loss: 4.502120
Train Epoch: 4 [6080/24148 (25%)]	Loss: 4.783282
Train Epoch: 4 [6400/24148 (26%)]	Loss: 4.712043
Train Epoch: 4 [6720/24148 (28%)]	Loss: 4.576605
Train Epoch: 4 [7040/24148 (29%)]	Loss: 4.514431
Train Epoch: 4 [7360/24148 (30%)]	Loss: 4.800129
Train Epoch: 4 [7680/24148 (32%)]	Loss: 4.770151
Train Epoch: 4 [8000/24148 (33%)]	Loss: 4.417274
Train Epoch: 4 [8320/24148 (34%)]	Loss: 4.443958
Train Epoch: 4 [8640/24148 (36%)]	Loss: 4.398643
Train Epoch: 4 [8960/24148 (37%)]	Loss: 4.826414
Train Epoch: 4 [9280/24148 (38%)]	Loss: 4.296805
Train Epoch: 4 [9600/24148 (40%)]	Loss: 4.968410
Train Epoch: 4 [9920/24148 (41%)]	Loss: 4.558043
Train Epoch: 4 [10240/24148 (42%)]	Loss: 4.527780
Train Epoch: 4 [10560/24148 (44%)]	Loss: 4.975418
Train Epoch: 4 [10880/24148 (45%)]	Loss: 5.147707
Train Epoch: 4 [11200/24148 (46%)]	Loss: 4.654894
Train Epoch: 4 [11520/24148 (48%)]	Loss: 4.224166
Train Epoch: 4 [11840/24148 (49%)]	Loss: 4.332556
Train Epoch: 4 [12160/24148 (50%)]	Loss: 4.776912
Train Epoch: 4 [12480/24148 (52%)]	Loss: 4.439905
Train Epoch: 4 [12800/24148 (53%)]	Loss: 4.415461
Train Epoch: 4 [13120/24148 (54%)]	Loss: 4.603194
Train Epoch: 4 [13440/24148 (56%)]	Loss: 4.462578
Train Epoch: 4 [13760/24148 (57%)]	Loss: 4.677146
Train Epoch: 4 [14080/24148 (58%)]	Loss: 4.568935
Train Epoch: 4 [14400/24148 (60%)]	Loss: 4.753738
Train Epoch: 4 [14720/24148 (61%)]	Loss: 4.784554
Train Epoch: 4 [15040/24148 (62%)]	Loss: 4.785025
Train Epoch: 4 [15360/24148 (64%)]	Loss: 4.583617
Train Epoch: 4 [15680/24148 (65%)]	Loss: 4.681992
Train Epoch: 4 [16000/24148 (66%)]	Loss: 4.114553
Train Epoch: 4 [16320/24148 (68%)]	Loss: 4.218537
Train Epoch: 4 [16640/24148 (69%)]	Loss: 4.925611
Train Epoch: 4 [16960/24148 (70%)]	Loss: 4.985541
Train Epoch: 4 [17280/24148 (72%)]	Loss: 4.603050
Train Epoch: 4 [17600/24148 (73%)]	Loss: 4.513328
Train Epoch: 4 [17920/24148 (74%)]	Loss: 4.904691
Train Epoch: 4 [18240/24148 (75%)]	Loss: 4.217079
Train Epoch: 4 [18560/24148 (77%)]	Loss: 4.459374
Train Epoch: 4 [18880/24148 (78%)]	Loss: 4.672757
Train Epoch: 4 [19200/24148 (79%)]	Loss: 5.019328
Train Epoch: 4 [19520/24148 (81%)]	Loss: 4.645063
Train Epoch: 4 [19840/24148 (82%)]	Loss: 4.789165
Train Epoch: 4 [20160/24148 (83%)]	Loss: 4.203714
Train Epoch: 4 [20480/24148 (85%)]	Loss: 4.474348
Train Epoch: 4 [20800/24148 (86%)]	Loss: 4.636158
Train Epoch: 4 [21120/24148 (87%)]	Loss: 4.562239
Train Epoch: 4 [21440/24148 (89%)]	Loss: 4.476939
Train Epoch: 4 [21760/24148 (90%)]	Loss: 4.230975
Train Epoch: 4 [22080/24148 (91%)]	Loss: 4.817902
Train Epoch: 4 [22400/24148 (93%)]	Loss: 4.514205
Train Epoch: 4 [22720/24148 (94%)]	Loss: 5.026707
Train Epoch: 4 [23040/24148 (95%)]	Loss: 4.438186
Train Epoch: 4 [23360/24148 (97%)]	Loss: 4.631279
Train Epoch: 4 [23680/24148 (98%)]	Loss: 4.509859
Train Epoch: 4 [24000/24148 (99%)]	Loss: 4.556823

Test set: Average loss: 4.6342, Accuracy: 725/6037 (12%)

Train Epoch: 5 [0/24148 (0%)]	Loss: 4.365509
Train Epoch: 5 [320/24148 (1%)]	Loss: 4.834202
Train Epoch: 5 [640/24148 (3%)]	Loss: 4.403039
Train Epoch: 5 [960/24148 (4%)]	Loss: 4.578223
Train Epoch: 5 [1280/24148 (5%)]	Loss: 4.648220
Train Epoch: 5 [1600/24148 (7%)]	Loss: 4.724906
Train Epoch: 5 [1920/24148 (8%)]	Loss: 4.432184
Train Epoch: 5 [2240/24148 (9%)]	Loss: 4.418593
Train Epoch: 5 [2560/24148 (11%)]	Loss: 4.539676
Train Epoch: 5 [2880/24148 (12%)]	Loss: 4.204579
Train Epoch: 5 [3200/24148 (13%)]	Loss: 4.321687
Train Epoch: 5 [3520/24148 (15%)]	Loss: 4.295792
Train Epoch: 5 [3840/24148 (16%)]	Loss: 4.757318
Train Epoch: 5 [4160/24148 (17%)]	Loss: 4.612296
Train Epoch: 5 [4480/24148 (19%)]	Loss: 4.850752
Train Epoch: 5 [4800/24148 (20%)]	Loss: 4.419496
Train Epoch: 5 [5120/24148 (21%)]	Loss: 4.881218
Train Epoch: 5 [5440/24148 (23%)]	Loss: 4.000549
Train Epoch: 5 [5760/24148 (24%)]	Loss: 4.002112
Train Epoch: 5 [6080/24148 (25%)]	Loss: 4.818136
Train Epoch: 5 [6400/24148 (26%)]	Loss: 4.402254
Train Epoch: 5 [6720/24148 (28%)]	Loss: 4.417857
Train Epoch: 5 [7040/24148 (29%)]	Loss: 3.712015
Train Epoch: 5 [7360/24148 (30%)]	Loss: 4.404815
Train Epoch: 5 [7680/24148 (32%)]	Loss: 4.308679
Train Epoch: 5 [8000/24148 (33%)]	Loss: 5.247973
Train Epoch: 5 [8320/24148 (34%)]	Loss: 4.395226
Train Epoch: 5 [8640/24148 (36%)]	Loss: 4.400612
Train Epoch: 5 [8960/24148 (37%)]	Loss: 3.703305
Train Epoch: 5 [9280/24148 (38%)]	Loss: 4.592683
Train Epoch: 5 [9600/24148 (40%)]	Loss: 4.399899
Train Epoch: 5 [9920/24148 (41%)]	Loss: 3.846554
Train Epoch: 5 [10240/24148 (42%)]	Loss: 4.536879
Train Epoch: 5 [10560/24148 (44%)]	Loss: 4.511201
Train Epoch: 5 [10880/24148 (45%)]	Loss: 4.523424
Train Epoch: 5 [11200/24148 (46%)]	Loss: 4.484477
Train Epoch: 5 [11520/24148 (48%)]	Loss: 4.208185
Train Epoch: 5 [11840/24148 (49%)]	Loss: 4.408018
Train Epoch: 5 [12160/24148 (50%)]	Loss: 4.327063
Train Epoch: 5 [12480/24148 (52%)]	Loss: 5.057469
Train Epoch: 5 [12800/24148 (53%)]	Loss: 4.645200
Train Epoch: 5 [13120/24148 (54%)]	Loss: 4.579278
Train Epoch: 5 [13440/24148 (56%)]	Loss: 4.000139
Train Epoch: 5 [13760/24148 (57%)]	Loss: 4.464563
Train Epoch: 5 [14080/24148 (58%)]	Loss: 4.664998
Train Epoch: 5 [14400/24148 (60%)]	Loss: 4.407884
Train Epoch: 5 [14720/24148 (61%)]	Loss: 4.940128
Train Epoch: 5 [15040/24148 (62%)]	Loss: 4.825434
Train Epoch: 5 [15360/24148 (64%)]	Loss: 3.839755
Train Epoch: 5 [15680/24148 (65%)]	Loss: 4.379595
Train Epoch: 5 [16000/24148 (66%)]	Loss: 4.723220
Train Epoch: 5 [16320/24148 (68%)]	Loss: 4.325312
Train Epoch: 5 [16640/24148 (69%)]	Loss: 4.407244
Train Epoch: 5 [16960/24148 (70%)]	Loss: 4.058446
Train Epoch: 5 [17280/24148 (72%)]	Loss: 4.560836
Train Epoch: 5 [17600/24148 (73%)]	Loss: 4.861996
Train Epoch: 5 [17920/24148 (74%)]	Loss: 4.625006
Train Epoch: 5 [18240/24148 (75%)]	Loss: 4.137166
Train Epoch: 5 [18560/24148 (77%)]	Loss: 4.360606
Train Epoch: 5 [18880/24148 (78%)]	Loss: 4.324200
Train Epoch: 5 [19200/24148 (79%)]	Loss: 4.625803
Train Epoch: 5 [19520/24148 (81%)]	Loss: 4.710054
Train Epoch: 5 [19840/24148 (82%)]	Loss: 4.248871
Train Epoch: 5 [20160/24148 (83%)]	Loss: 4.603300
Train Epoch: 5 [20480/24148 (85%)]	Loss: 4.557593
Train Epoch: 5 [20800/24148 (86%)]	Loss: 4.673034
Train Epoch: 5 [21120/24148 (87%)]	Loss: 3.726020
Train Epoch: 5 [21440/24148 (89%)]	Loss: 4.524635
Train Epoch: 5 [21760/24148 (90%)]	Loss: 4.393867
Train Epoch: 5 [22080/24148 (91%)]	Loss: 4.039701
Train Epoch: 5 [22400/24148 (93%)]	Loss: 4.757569
Train Epoch: 5 [22720/24148 (94%)]	Loss: 4.483542
Train Epoch: 5 [23040/24148 (95%)]	Loss: 4.855626
Train Epoch: 5 [23360/24148 (97%)]	Loss: 4.674949
Train Epoch: 5 [23680/24148 (98%)]	Loss: 4.476540
Train Epoch: 5 [24000/24148 (99%)]	Loss: 3.940274

Test set: Average loss: 4.5019, Accuracy: 828/6037 (14%)

Train Epoch: 6 [0/24148 (0%)]	Loss: 3.985931
Train Epoch: 6 [320/24148 (1%)]	Loss: 3.992190
Train Epoch: 6 [640/24148 (3%)]	Loss: 4.381440
Train Epoch: 6 [960/24148 (4%)]	Loss: 4.229373
Train Epoch: 6 [1280/24148 (5%)]	Loss: 4.569107
Train Epoch: 6 [1600/24148 (7%)]	Loss: 4.181698
Train Epoch: 6 [1920/24148 (8%)]	Loss: 4.001878
Train Epoch: 6 [2240/24148 (9%)]	Loss: 4.665369
Train Epoch: 6 [2560/24148 (11%)]	Loss: 4.271574
Train Epoch: 6 [2880/24148 (12%)]	Loss: 4.768546
Train Epoch: 6 [3200/24148 (13%)]	Loss: 4.673904
Train Epoch: 6 [3520/24148 (15%)]	Loss: 4.257331
Train Epoch: 6 [3840/24148 (16%)]	Loss: 4.109758
Train Epoch: 6 [4160/24148 (17%)]	Loss: 4.164316
Train Epoch: 6 [4480/24148 (19%)]	Loss: 4.561007
Train Epoch: 6 [4800/24148 (20%)]	Loss: 4.434941
Train Epoch: 6 [5120/24148 (21%)]	Loss: 4.390378
Train Epoch: 6 [5440/24148 (23%)]	Loss: 4.306740
Train Epoch: 6 [5760/24148 (24%)]	Loss: 4.151340
Train Epoch: 6 [6080/24148 (25%)]	Loss: 4.252152
Train Epoch: 6 [6400/24148 (26%)]	Loss: 4.141997
Train Epoch: 6 [6720/24148 (28%)]	Loss: 4.435518
Train Epoch: 6 [7040/24148 (29%)]	Loss: 3.753573
Train Epoch: 6 [7360/24148 (30%)]	Loss: 4.363527
Train Epoch: 6 [7680/24148 (32%)]	Loss: 3.960200
Train Epoch: 6 [8000/24148 (33%)]	Loss: 4.312905
Train Epoch: 6 [8320/24148 (34%)]	Loss: 4.366149
Train Epoch: 6 [8640/24148 (36%)]	Loss: 4.209136
Train Epoch: 6 [8960/24148 (37%)]	Loss: 4.396036
Train Epoch: 6 [9280/24148 (38%)]	Loss: 4.426710
Train Epoch: 6 [9600/24148 (40%)]	Loss: 4.742118
Train Epoch: 6 [9920/24148 (41%)]	Loss: 4.129883
Train Epoch: 6 [10240/24148 (42%)]	Loss: 4.870432
Train Epoch: 6 [10560/24148 (44%)]	Loss: 4.543687
Train Epoch: 6 [10880/24148 (45%)]	Loss: 4.506067
Train Epoch: 6 [11200/24148 (46%)]	Loss: 3.970981
Train Epoch: 6 [11520/24148 (48%)]	Loss: 4.681016
Train Epoch: 6 [11840/24148 (49%)]	Loss: 4.323924
Train Epoch: 6 [12160/24148 (50%)]	Loss: 4.408570
Train Epoch: 6 [12480/24148 (52%)]	Loss: 4.822973
Train Epoch: 6 [12800/24148 (53%)]	Loss: 3.956175
Train Epoch: 6 [13120/24148 (54%)]	Loss: 4.303776
Train Epoch: 6 [13440/24148 (56%)]	Loss: 4.477617
Train Epoch: 6 [13760/24148 (57%)]	Loss: 4.275868
Train Epoch: 6 [14080/24148 (58%)]	Loss: 3.855270
Train Epoch: 6 [14400/24148 (60%)]	Loss: 4.818286
Train Epoch: 6 [14720/24148 (61%)]	Loss: 4.591747
Train Epoch: 6 [15040/24148 (62%)]	Loss: 4.642743
Train Epoch: 6 [15360/24148 (64%)]	Loss: 3.741342
Train Epoch: 6 [15680/24148 (65%)]	Loss: 4.416710
Train Epoch: 6 [16000/24148 (66%)]	Loss: 4.468829
Train Epoch: 6 [16320/24148 (68%)]	Loss: 4.112639
Train Epoch: 6 [16640/24148 (69%)]	Loss: 4.547772
Train Epoch: 6 [16960/24148 (70%)]	Loss: 4.593493
Train Epoch: 6 [17280/24148 (72%)]	Loss: 4.479989
Train Epoch: 6 [17600/24148 (73%)]	Loss: 3.890950
Train Epoch: 6 [17920/24148 (74%)]	Loss: 4.440223
Train Epoch: 6 [18240/24148 (75%)]	Loss: 4.326240
Train Epoch: 6 [18560/24148 (77%)]	Loss: 4.111466
Train Epoch: 6 [18880/24148 (78%)]	Loss: 4.400066
Train Epoch: 6 [19200/24148 (79%)]	Loss: 4.544590
Train Epoch: 6 [19520/24148 (81%)]	Loss: 4.305915
Train Epoch: 6 [19840/24148 (82%)]	Loss: 4.300816
Train Epoch: 6 [20160/24148 (83%)]	Loss: 3.877880
Train Epoch: 6 [20480/24148 (85%)]	Loss: 4.715118
Train Epoch: 6 [20800/24148 (86%)]	Loss: 4.448427
Train Epoch: 6 [21120/24148 (87%)]	Loss: 4.278831
Train Epoch: 6 [21440/24148 (89%)]	Loss: 4.025691
Train Epoch: 6 [21760/24148 (90%)]	Loss: 4.047002
Train Epoch: 6 [22080/24148 (91%)]	Loss: 4.330482
Train Epoch: 6 [22400/24148 (93%)]	Loss: 4.401739
Train Epoch: 6 [22720/24148 (94%)]	Loss: 4.600793
Train Epoch: 6 [23040/24148 (95%)]	Loss: 4.475760
Train Epoch: 6 [23360/24148 (97%)]	Loss: 4.333905
Train Epoch: 6 [23680/24148 (98%)]	Loss: 4.231563
Train Epoch: 6 [24000/24148 (99%)]	Loss: 4.191864

Test set: Average loss: 4.4319, Accuracy: 870/6037 (14%)

Train Epoch: 7 [0/24148 (0%)]	Loss: 4.486589
Train Epoch: 7 [320/24148 (1%)]	Loss: 4.536816
Train Epoch: 7 [640/24148 (3%)]	Loss: 3.751633
Train Epoch: 7 [960/24148 (4%)]	Loss: 4.514117
Train Epoch: 7 [1280/24148 (5%)]	Loss: 4.602958
Train Epoch: 7 [1600/24148 (7%)]	Loss: 4.458415
Train Epoch: 7 [1920/24148 (8%)]	Loss: 3.892797
Train Epoch: 7 [2240/24148 (9%)]	Loss: 4.297056
Train Epoch: 7 [2560/24148 (11%)]	Loss: 4.187576
Train Epoch: 7 [2880/24148 (12%)]	Loss: 4.539954
Train Epoch: 7 [3200/24148 (13%)]	Loss: 4.256773
Train Epoch: 7 [3520/24148 (15%)]	Loss: 4.485470
Train Epoch: 7 [3840/24148 (16%)]	Loss: 4.374933
Train Epoch: 7 [4160/24148 (17%)]	Loss: 4.538327
Train Epoch: 7 [4480/24148 (19%)]	Loss: 4.591645
Train Epoch: 7 [4800/24148 (20%)]	Loss: 4.150011
Train Epoch: 7 [5120/24148 (21%)]	Loss: 4.672412
Train Epoch: 7 [5440/24148 (23%)]	Loss: 4.235404
Train Epoch: 7 [5760/24148 (24%)]	Loss: 3.889670
Train Epoch: 7 [6080/24148 (25%)]	Loss: 4.047383
Train Epoch: 7 [6400/24148 (26%)]	Loss: 4.481803
Train Epoch: 7 [6720/24148 (28%)]	Loss: 4.295028
Train Epoch: 7 [7040/24148 (29%)]	Loss: 3.736748
Train Epoch: 7 [7360/24148 (30%)]	Loss: 4.508710
Train Epoch: 7 [7680/24148 (32%)]	Loss: 3.918378
Train Epoch: 7 [8000/24148 (33%)]	Loss: 4.454738
Train Epoch: 7 [8320/24148 (34%)]	Loss: 4.228380
Train Epoch: 7 [8640/24148 (36%)]	Loss: 4.228372
Train Epoch: 7 [8960/24148 (37%)]	Loss: 3.985215
Train Epoch: 7 [9280/24148 (38%)]	Loss: 3.892883
Train Epoch: 7 [9600/24148 (40%)]	Loss: 4.471559
Train Epoch: 7 [9920/24148 (41%)]	Loss: 4.754938
Train Epoch: 7 [10240/24148 (42%)]	Loss: 4.234726
Train Epoch: 7 [10560/24148 (44%)]	Loss: 4.668010
Train Epoch: 7 [10880/24148 (45%)]	Loss: 4.553249
Train Epoch: 7 [11200/24148 (46%)]	Loss: 4.155746
Train Epoch: 7 [11520/24148 (48%)]	Loss: 4.659343
Train Epoch: 7 [11840/24148 (49%)]	Loss: 4.294039
Train Epoch: 7 [12160/24148 (50%)]	Loss: 4.333976
Train Epoch: 7 [12480/24148 (52%)]	Loss: 4.525930
Train Epoch: 7 [12800/24148 (53%)]	Loss: 3.959294
Train Epoch: 7 [13120/24148 (54%)]	Loss: 4.454560
Train Epoch: 7 [13440/24148 (56%)]	Loss: 3.863290
Train Epoch: 7 [13760/24148 (57%)]	Loss: 3.989238
Train Epoch: 7 [14080/24148 (58%)]	Loss: 3.950558
Train Epoch: 7 [14400/24148 (60%)]	Loss: 4.094350
Train Epoch: 7 [14720/24148 (61%)]	Loss: 4.276427
Train Epoch: 7 [15040/24148 (62%)]	Loss: 4.283137
Train Epoch: 7 [15360/24148 (64%)]	Loss: 4.216843
Train Epoch: 7 [15680/24148 (65%)]	Loss: 4.018872
Train Epoch: 7 [16000/24148 (66%)]	Loss: 3.978320
Train Epoch: 7 [16320/24148 (68%)]	Loss: 4.225532
Train Epoch: 7 [16640/24148 (69%)]	Loss: 4.436973
Train Epoch: 7 [16960/24148 (70%)]	Loss: 4.194946
Train Epoch: 7 [17280/24148 (72%)]	Loss: 4.128521
Train Epoch: 7 [17600/24148 (73%)]	Loss: 4.286176
Train Epoch: 7 [17920/24148 (74%)]	Loss: 4.409385
Train Epoch: 7 [18240/24148 (75%)]	Loss: 3.869710
Train Epoch: 7 [18560/24148 (77%)]	Loss: 4.304182
Train Epoch: 7 [18880/24148 (78%)]	Loss: 3.901946
Train Epoch: 7 [19200/24148 (79%)]	Loss: 4.023051
Train Epoch: 7 [19520/24148 (81%)]	Loss: 4.440387
Train Epoch: 7 [19840/24148 (82%)]	Loss: 4.280854
Train Epoch: 7 [20160/24148 (83%)]	Loss: 4.183880
Train Epoch: 7 [20480/24148 (85%)]	Loss: 4.704416
Train Epoch: 7 [20800/24148 (86%)]	Loss: 4.915346
Train Epoch: 7 [21120/24148 (87%)]	Loss: 4.580085
Train Epoch: 7 [21440/24148 (89%)]	Loss: 3.942073
Train Epoch: 7 [21760/24148 (90%)]	Loss: 4.406122
Train Epoch: 7 [22080/24148 (91%)]	Loss: 4.410146
Train Epoch: 7 [22400/24148 (93%)]	Loss: 3.905686
Train Epoch: 7 [22720/24148 (94%)]	Loss: 4.035037
Train Epoch: 7 [23040/24148 (95%)]	Loss: 3.869520
Train Epoch: 7 [23360/24148 (97%)]	Loss: 3.720250
Train Epoch: 7 [23680/24148 (98%)]	Loss: 4.240540
Train Epoch: 7 [24000/24148 (99%)]	Loss: 4.324004

Test set: Average loss: 4.3584, Accuracy: 931/6037 (15%)

Train Epoch: 8 [0/24148 (0%)]	Loss: 4.200111
Train Epoch: 8 [320/24148 (1%)]	Loss: 4.715416
Train Epoch: 8 [640/24148 (3%)]	Loss: 3.667446
Train Epoch: 8 [960/24148 (4%)]	Loss: 4.240048
Train Epoch: 8 [1280/24148 (5%)]	Loss: 4.279942
Train Epoch: 8 [1600/24148 (7%)]	Loss: 4.018795
Train Epoch: 8 [1920/24148 (8%)]	Loss: 4.293963
Train Epoch: 8 [2240/24148 (9%)]	Loss: 3.698271
Train Epoch: 8 [2560/24148 (11%)]	Loss: 4.146602
Train Epoch: 8 [2880/24148 (12%)]	Loss: 3.854890
Train Epoch: 8 [3200/24148 (13%)]	Loss: 4.789685
Train Epoch: 8 [3520/24148 (15%)]	Loss: 4.367361
Train Epoch: 8 [3840/24148 (16%)]	Loss: 4.021886
Train Epoch: 8 [4160/24148 (17%)]	Loss: 3.614805
Train Epoch: 8 [4480/24148 (19%)]	Loss: 3.777487
Train Epoch: 8 [4800/24148 (20%)]	Loss: 4.155478
Train Epoch: 8 [5120/24148 (21%)]	Loss: 4.050453
Train Epoch: 8 [5440/24148 (23%)]	Loss: 3.920490
Train Epoch: 8 [5760/24148 (24%)]	Loss: 4.230507
Train Epoch: 8 [6080/24148 (25%)]	Loss: 4.111842
Train Epoch: 8 [6400/24148 (26%)]	Loss: 4.400987
Train Epoch: 8 [6720/24148 (28%)]	Loss: 4.115089
Train Epoch: 8 [7040/24148 (29%)]	Loss: 3.993222
Train Epoch: 8 [7360/24148 (30%)]	Loss: 4.092593
Train Epoch: 8 [7680/24148 (32%)]	Loss: 3.973760
Train Epoch: 8 [8000/24148 (33%)]	Loss: 4.302546
Train Epoch: 8 [8320/24148 (34%)]	Loss: 3.482947
Train Epoch: 8 [8640/24148 (36%)]	Loss: 3.841484
Train Epoch: 8 [8960/24148 (37%)]	Loss: 3.823296
Train Epoch: 8 [9280/24148 (38%)]	Loss: 4.190131
Train Epoch: 8 [9600/24148 (40%)]	Loss: 3.562422
Train Epoch: 8 [9920/24148 (41%)]	Loss: 4.008684
Train Epoch: 8 [10240/24148 (42%)]	Loss: 4.646761
Train Epoch: 8 [10560/24148 (44%)]	Loss: 4.034665
Train Epoch: 8 [10880/24148 (45%)]	Loss: 4.368894
Train Epoch: 8 [11200/24148 (46%)]	Loss: 4.565201
Train Epoch: 8 [11520/24148 (48%)]	Loss: 3.858046
Train Epoch: 8 [11840/24148 (49%)]	Loss: 4.339576
Train Epoch: 8 [12160/24148 (50%)]	Loss: 4.248590
Train Epoch: 8 [12480/24148 (52%)]	Loss: 4.156846
Train Epoch: 8 [12800/24148 (53%)]	Loss: 4.201538
Train Epoch: 8 [13120/24148 (54%)]	Loss: 3.999319
Train Epoch: 8 [13440/24148 (56%)]	Loss: 4.165293
Train Epoch: 8 [13760/24148 (57%)]	Loss: 4.301266
Train Epoch: 8 [14080/24148 (58%)]	Loss: 4.373636
Train Epoch: 8 [14400/24148 (60%)]	Loss: 4.243764
Train Epoch: 8 [14720/24148 (61%)]	Loss: 3.960904
Train Epoch: 8 [15040/24148 (62%)]	Loss: 4.040012
Train Epoch: 8 [15360/24148 (64%)]	Loss: 4.153241
Train Epoch: 8 [15680/24148 (65%)]	Loss: 4.185646
Train Epoch: 8 [16000/24148 (66%)]	Loss: 4.659735
Train Epoch: 8 [16320/24148 (68%)]	Loss: 4.022403
Train Epoch: 8 [16640/24148 (69%)]	Loss: 4.046553
Train Epoch: 8 [16960/24148 (70%)]	Loss: 4.329997
Train Epoch: 8 [17280/24148 (72%)]	Loss: 3.922022
Train Epoch: 8 [17600/24148 (73%)]	Loss: 3.693236
Train Epoch: 8 [17920/24148 (74%)]	Loss: 4.525114
Train Epoch: 8 [18240/24148 (75%)]	Loss: 3.875686
Train Epoch: 8 [18560/24148 (77%)]	Loss: 3.901128
Train Epoch: 8 [18880/24148 (78%)]	Loss: 4.163519
Train Epoch: 8 [19200/24148 (79%)]	Loss: 4.128433
Train Epoch: 8 [19520/24148 (81%)]	Loss: 4.128589
Train Epoch: 8 [19840/24148 (82%)]	Loss: 3.926760
Train Epoch: 8 [20160/24148 (83%)]	Loss: 3.863172
Train Epoch: 8 [20480/24148 (85%)]	Loss: 4.188571
Train Epoch: 8 [20800/24148 (86%)]	Loss: 3.696640
Train Epoch: 8 [21120/24148 (87%)]	Loss: 3.622032
Train Epoch: 8 [21440/24148 (89%)]	Loss: 4.323705
Train Epoch: 8 [21760/24148 (90%)]	Loss: 4.488389
Train Epoch: 8 [22080/24148 (91%)]	Loss: 3.894892
Train Epoch: 8 [22400/24148 (93%)]	Loss: 4.018944
Train Epoch: 8 [22720/24148 (94%)]	Loss: 4.437892
Train Epoch: 8 [23040/24148 (95%)]	Loss: 4.517382
Train Epoch: 8 [23360/24148 (97%)]	Loss: 3.699231
Train Epoch: 8 [23680/24148 (98%)]	Loss: 4.233241
Train Epoch: 8 [24000/24148 (99%)]	Loss: 4.743650

Test set: Average loss: 4.2930, Accuracy: 996/6037 (16%)

Train Epoch: 9 [0/24148 (0%)]	Loss: 3.721249
Train Epoch: 9 [320/24148 (1%)]	Loss: 3.481251
Train Epoch: 9 [640/24148 (3%)]	Loss: 4.067461
Train Epoch: 9 [960/24148 (4%)]	Loss: 4.312899
Train Epoch: 9 [1280/24148 (5%)]	Loss: 3.850702
Train Epoch: 9 [1600/24148 (7%)]	Loss: 3.687207
Train Epoch: 9 [1920/24148 (8%)]	Loss: 3.842659
Train Epoch: 9 [2240/24148 (9%)]	Loss: 4.009746
Train Epoch: 9 [2560/24148 (11%)]	Loss: 4.302365
Train Epoch: 9 [2880/24148 (12%)]	Loss: 4.329911
Train Epoch: 9 [3200/24148 (13%)]	Loss: 4.062191
Train Epoch: 9 [3520/24148 (15%)]	Loss: 3.869149
Train Epoch: 9 [3840/24148 (16%)]	Loss: 4.201938
Train Epoch: 9 [4160/24148 (17%)]	Loss: 3.948453
Train Epoch: 9 [4480/24148 (19%)]	Loss: 3.986346
Train Epoch: 9 [4800/24148 (20%)]	Loss: 3.503368
Train Epoch: 9 [5120/24148 (21%)]	Loss: 4.040898
Train Epoch: 9 [5440/24148 (23%)]	Loss: 4.513517
Train Epoch: 9 [5760/24148 (24%)]	Loss: 3.799318
Train Epoch: 9 [6080/24148 (25%)]	Loss: 4.378781
Train Epoch: 9 [6400/24148 (26%)]	Loss: 4.084606
Train Epoch: 9 [6720/24148 (28%)]	Loss: 4.070549
Train Epoch: 9 [7040/24148 (29%)]	Loss: 4.201032
Train Epoch: 9 [7360/24148 (30%)]	Loss: 4.137463
Train Epoch: 9 [7680/24148 (32%)]	Loss: 3.871864
Train Epoch: 9 [8000/24148 (33%)]	Loss: 4.466933
Train Epoch: 9 [8320/24148 (34%)]	Loss: 4.239382
Train Epoch: 9 [8640/24148 (36%)]	Loss: 3.598042
Train Epoch: 9 [8960/24148 (37%)]	Loss: 4.184616
Train Epoch: 9 [9280/24148 (38%)]	Loss: 4.411535
Train Epoch: 9 [9600/24148 (40%)]	Loss: 3.676322
Train Epoch: 9 [9920/24148 (41%)]	Loss: 4.190899
Train Epoch: 9 [10240/24148 (42%)]	Loss: 4.160815
Train Epoch: 9 [10560/24148 (44%)]	Loss: 4.455676
Train Epoch: 9 [10880/24148 (45%)]	Loss: 4.458646
Train Epoch: 9 [11200/24148 (46%)]	Loss: 4.304838
Train Epoch: 9 [11520/24148 (48%)]	Loss: 4.411623
Train Epoch: 9 [11840/24148 (49%)]	Loss: 3.691125
Train Epoch: 9 [12160/24148 (50%)]	Loss: 3.631480
Train Epoch: 9 [12480/24148 (52%)]	Loss: 3.899817
Train Epoch: 9 [12800/24148 (53%)]	Loss: 4.203041
Train Epoch: 9 [13120/24148 (54%)]	Loss: 3.869683
Train Epoch: 9 [13440/24148 (56%)]	Loss: 3.919805
Train Epoch: 9 [13760/24148 (57%)]	Loss: 3.441322
Train Epoch: 9 [14080/24148 (58%)]	Loss: 4.112487
Train Epoch: 9 [14400/24148 (60%)]	Loss: 4.295059
Train Epoch: 9 [14720/24148 (61%)]	Loss: 4.160599
Train Epoch: 9 [15040/24148 (62%)]	Loss: 3.627241
Train Epoch: 9 [15360/24148 (64%)]	Loss: 3.626239
Train Epoch: 9 [15680/24148 (65%)]	Loss: 4.316091
Train Epoch: 9 [16000/24148 (66%)]	Loss: 4.196801
Train Epoch: 9 [16320/24148 (68%)]	Loss: 4.264484
Train Epoch: 9 [16640/24148 (69%)]	Loss: 3.768597
Train Epoch: 9 [16960/24148 (70%)]	Loss: 3.923054
Train Epoch: 9 [17280/24148 (72%)]	Loss: 4.056528
Train Epoch: 9 [17600/24148 (73%)]	Loss: 4.366231
Train Epoch: 9 [17920/24148 (74%)]	Loss: 4.567850
Train Epoch: 9 [18240/24148 (75%)]	Loss: 3.618481
Train Epoch: 9 [18560/24148 (77%)]	Loss: 4.322619
Train Epoch: 9 [18880/24148 (78%)]	Loss: 4.064005
Train Epoch: 9 [19200/24148 (79%)]	Loss: 3.956640
Train Epoch: 9 [19520/24148 (81%)]	Loss: 4.372035
Train Epoch: 9 [19840/24148 (82%)]	Loss: 4.144615
Train Epoch: 9 [20160/24148 (83%)]	Loss: 4.247044
Train Epoch: 9 [20480/24148 (85%)]	Loss: 3.165976
Train Epoch: 9 [20800/24148 (86%)]	Loss: 3.567425
Train Epoch: 9 [21120/24148 (87%)]	Loss: 4.094445
Train Epoch: 9 [21440/24148 (89%)]	Loss: 4.081519
Train Epoch: 9 [21760/24148 (90%)]	Loss: 4.195875
Train Epoch: 9 [22080/24148 (91%)]	Loss: 4.431323
Train Epoch: 9 [22400/24148 (93%)]	Loss: 4.455885
Train Epoch: 9 [22720/24148 (94%)]	Loss: 3.745486
Train Epoch: 9 [23040/24148 (95%)]	Loss: 3.873219
Train Epoch: 9 [23360/24148 (97%)]	Loss: 4.105560
Train Epoch: 9 [23680/24148 (98%)]	Loss: 4.222797
Train Epoch: 9 [24000/24148 (99%)]	Loss: 4.052746

Test set: Average loss: 4.2567, Accuracy: 1055/6037 (17%)

Train Epoch: 10 [0/24148 (0%)]	Loss: 3.910734
Train Epoch: 10 [320/24148 (1%)]	Loss: 3.394077
Train Epoch: 10 [640/24148 (3%)]	Loss: 3.649624
Train Epoch: 10 [960/24148 (4%)]	Loss: 3.731826
Train Epoch: 10 [1280/24148 (5%)]	Loss: 4.064117
Train Epoch: 10 [1600/24148 (7%)]	Loss: 4.303218
Train Epoch: 10 [1920/24148 (8%)]	Loss: 3.877101
Train Epoch: 10 [2240/24148 (9%)]	Loss: 3.924192
Train Epoch: 10 [2560/24148 (11%)]	Loss: 3.915585
Train Epoch: 10 [2880/24148 (12%)]	Loss: 4.633472
Train Epoch: 10 [3200/24148 (13%)]	Loss: 3.703184
Train Epoch: 10 [3520/24148 (15%)]	Loss: 4.137161
Train Epoch: 10 [3840/24148 (16%)]	Loss: 4.085484
Train Epoch: 10 [4160/24148 (17%)]	Loss: 3.923094
Train Epoch: 10 [4480/24148 (19%)]	Loss: 3.457960
Train Epoch: 10 [4800/24148 (20%)]	Loss: 4.154191
Train Epoch: 10 [5120/24148 (21%)]	Loss: 3.807021
Train Epoch: 10 [5440/24148 (23%)]	Loss: 3.751375
Train Epoch: 10 [5760/24148 (24%)]	Loss: 4.026251
Train Epoch: 10 [6080/24148 (25%)]	Loss: 3.920118
Train Epoch: 10 [6400/24148 (26%)]	Loss: 3.987589
Train Epoch: 10 [6720/24148 (28%)]	Loss: 3.742301
Train Epoch: 10 [7040/24148 (29%)]	Loss: 3.843546
Train Epoch: 10 [7360/24148 (30%)]	Loss: 4.383856
Train Epoch: 10 [7680/24148 (32%)]	Loss: 4.102600
Train Epoch: 10 [8000/24148 (33%)]	Loss: 3.984222
Train Epoch: 10 [8320/24148 (34%)]	Loss: 4.134352
Train Epoch: 10 [8640/24148 (36%)]	Loss: 4.362879
Train Epoch: 10 [8960/24148 (37%)]	Loss: 3.026116
Train Epoch: 10 [9280/24148 (38%)]	Loss: 4.265694
Train Epoch: 10 [9600/24148 (40%)]	Loss: 4.140961
Train Epoch: 10 [9920/24148 (41%)]	Loss: 4.301378
Train Epoch: 10 [10240/24148 (42%)]	Loss: 4.050365
Train Epoch: 10 [10560/24148 (44%)]	Loss: 4.205967
Train Epoch: 10 [10880/24148 (45%)]	Loss: 3.875389
Train Epoch: 10 [11200/24148 (46%)]	Loss: 4.378546
Train Epoch: 10 [11520/24148 (48%)]	Loss: 4.539607
Train Epoch: 10 [11840/24148 (49%)]	Loss: 3.702044
Train Epoch: 10 [12160/24148 (50%)]	Loss: 3.910247
Train Epoch: 10 [12480/24148 (52%)]	Loss: 3.832298
Train Epoch: 10 [12800/24148 (53%)]	Loss: 3.623737
Train Epoch: 10 [13120/24148 (54%)]	Loss: 4.110363
Train Epoch: 10 [13440/24148 (56%)]	Loss: 3.842413
Train Epoch: 10 [13760/24148 (57%)]	Loss: 4.019966
Train Epoch: 10 [14080/24148 (58%)]	Loss: 3.886122
Train Epoch: 10 [14400/24148 (60%)]	Loss: 3.949980
Train Epoch: 10 [14720/24148 (61%)]	Loss: 3.979857
Train Epoch: 10 [15040/24148 (62%)]	Loss: 3.690150
Train Epoch: 10 [15360/24148 (64%)]	Loss: 4.225397
Train Epoch: 10 [15680/24148 (65%)]	Loss: 3.985681
Train Epoch: 10 [16000/24148 (66%)]	Loss: 3.952864
Train Epoch: 10 [16320/24148 (68%)]	Loss: 3.646388
Train Epoch: 10 [16640/24148 (69%)]	Loss: 3.987564
Train Epoch: 10 [16960/24148 (70%)]	Loss: 4.323031
Train Epoch: 10 [17280/24148 (72%)]	Loss: 4.525619
Train Epoch: 10 [17600/24148 (73%)]	Loss: 3.909577
Train Epoch: 10 [17920/24148 (74%)]	Loss: 4.477746
Train Epoch: 10 [18240/24148 (75%)]	Loss: 3.763107
Train Epoch: 10 [18560/24148 (77%)]	Loss: 4.370343
Train Epoch: 10 [18880/24148 (78%)]	Loss: 3.944910
Train Epoch: 10 [19200/24148 (79%)]	Loss: 4.136488
Train Epoch: 10 [19520/24148 (81%)]	Loss: 4.050158
Train Epoch: 10 [19840/24148 (82%)]	Loss: 3.821052
Train Epoch: 10 [20160/24148 (83%)]	Loss: 3.743963
Train Epoch: 10 [20480/24148 (85%)]	Loss: 3.985127
Train Epoch: 10 [20800/24148 (86%)]	Loss: 4.174201
Train Epoch: 10 [21120/24148 (87%)]	Loss: 3.889049
Train Epoch: 10 [21440/24148 (89%)]	Loss: 3.542938
Train Epoch: 10 [21760/24148 (90%)]	Loss: 4.196565
Train Epoch: 10 [22080/24148 (91%)]	Loss: 4.291605
Train Epoch: 10 [22400/24148 (93%)]	Loss: 3.845130
Train Epoch: 10 [22720/24148 (94%)]	Loss: 3.419810
Train Epoch: 10 [23040/24148 (95%)]	Loss: 3.964957
Train Epoch: 10 [23360/24148 (97%)]	Loss: 3.841441
Train Epoch: 10 [23680/24148 (98%)]	Loss: 4.115142
Train Epoch: 10 [24000/24148 (99%)]	Loss: 3.959734

Test set: Average loss: 4.2184, Accuracy: 1078/6037 (18%)

Average seconds for training 1 epoch: 244.8389537334442
Average seconds for testing: 22.219931626319884
