Logging tensorboard to ./runs/Caltech256/vit_performer_softmax_patch_size_8_nb_features_256_feature_redraw_interval_1000
Files already downloaded and verified
Total number of parameters in the model: 13382273
Train Epoch: 1 [0/24148 (0%)]	Loss: 5.707793
Train Epoch: 1 [320/24148 (1%)]	Loss: 5.817664
Train Epoch: 1 [640/24148 (3%)]	Loss: 5.855325
Train Epoch: 1 [960/24148 (4%)]	Loss: 6.060840
Train Epoch: 1 [1280/24148 (5%)]	Loss: 6.083371
Train Epoch: 1 [1600/24148 (7%)]	Loss: 5.607553
Train Epoch: 1 [1920/24148 (8%)]	Loss: 5.294917
Train Epoch: 1 [2240/24148 (9%)]	Loss: 5.186754
Train Epoch: 1 [2560/24148 (11%)]	Loss: 5.393755
Train Epoch: 1 [2880/24148 (12%)]	Loss: 5.255812
Train Epoch: 1 [3200/24148 (13%)]	Loss: 5.568562
Train Epoch: 1 [3520/24148 (15%)]	Loss: 5.190054
Train Epoch: 1 [3840/24148 (16%)]	Loss: 5.481887
Train Epoch: 1 [4160/24148 (17%)]	Loss: 5.698061
Train Epoch: 1 [4480/24148 (19%)]	Loss: 5.343641
Train Epoch: 1 [4800/24148 (20%)]	Loss: 5.360146
Train Epoch: 1 [5120/24148 (21%)]	Loss: 5.357271
Train Epoch: 1 [5440/24148 (23%)]	Loss: 5.334784
Train Epoch: 1 [5760/24148 (24%)]	Loss: 5.390245
Train Epoch: 1 [6080/24148 (25%)]	Loss: 5.330700
Train Epoch: 1 [6400/24148 (26%)]	Loss: 5.396511
Train Epoch: 1 [6720/24148 (28%)]	Loss: 5.141671
Train Epoch: 1 [7040/24148 (29%)]	Loss: 5.634686
Train Epoch: 1 [7360/24148 (30%)]	Loss: 5.319433
Train Epoch: 1 [7680/24148 (32%)]	Loss: 5.246473
Train Epoch: 1 [8000/24148 (33%)]	Loss: 5.273402
Train Epoch: 1 [8320/24148 (34%)]	Loss: 5.075272
Train Epoch: 1 [8640/24148 (36%)]	Loss: 4.939346
Train Epoch: 1 [8960/24148 (37%)]	Loss: 4.875399
Train Epoch: 1 [9280/24148 (38%)]	Loss: 5.115870
Train Epoch: 1 [9600/24148 (40%)]	Loss: 5.548348
Train Epoch: 1 [9920/24148 (41%)]	Loss: 5.124458
Train Epoch: 1 [10240/24148 (42%)]	Loss: 5.216559
Train Epoch: 1 [10560/24148 (44%)]	Loss: 5.305935
Train Epoch: 1 [10880/24148 (45%)]	Loss: 5.447896
Train Epoch: 1 [11200/24148 (46%)]	Loss: 4.809200
Train Epoch: 1 [11520/24148 (48%)]	Loss: 5.288465
Train Epoch: 1 [11840/24148 (49%)]	Loss: 5.437839
Train Epoch: 1 [12160/24148 (50%)]	Loss: 5.055998
Train Epoch: 1 [12480/24148 (52%)]	Loss: 5.532746
Train Epoch: 1 [12800/24148 (53%)]	Loss: 4.968446
Train Epoch: 1 [13120/24148 (54%)]	Loss: 5.024241
Train Epoch: 1 [13440/24148 (56%)]	Loss: 4.993994
Train Epoch: 1 [13760/24148 (57%)]	Loss: 5.539909
Train Epoch: 1 [14080/24148 (58%)]	Loss: 5.385301
Train Epoch: 1 [14400/24148 (60%)]	Loss: 5.432137
Train Epoch: 1 [14720/24148 (61%)]	Loss: 4.989562
Train Epoch: 1 [15040/24148 (62%)]	Loss: 4.940541
Train Epoch: 1 [15360/24148 (64%)]	Loss: 4.978405
Train Epoch: 1 [15680/24148 (65%)]	Loss: 4.913783
Train Epoch: 1 [16000/24148 (66%)]	Loss: 5.402651
Train Epoch: 1 [16320/24148 (68%)]	Loss: 5.347046
Train Epoch: 1 [16640/24148 (69%)]	Loss: 5.251041
Train Epoch: 1 [16960/24148 (70%)]	Loss: 5.092151
Train Epoch: 1 [17280/24148 (72%)]	Loss: 5.521885
Train Epoch: 1 [17600/24148 (73%)]	Loss: 5.053485
Train Epoch: 1 [17920/24148 (74%)]	Loss: 4.962896
Train Epoch: 1 [18240/24148 (75%)]	Loss: 5.323270
Train Epoch: 1 [18560/24148 (77%)]	Loss: 5.288371
Train Epoch: 1 [18880/24148 (78%)]	Loss: 5.221781
Train Epoch: 1 [19200/24148 (79%)]	Loss: 5.372210
Train Epoch: 1 [19520/24148 (81%)]	Loss: 4.965175
Train Epoch: 1 [19840/24148 (82%)]	Loss: 5.326736
Train Epoch: 1 [20160/24148 (83%)]	Loss: 5.258922
Train Epoch: 1 [20480/24148 (85%)]	Loss: 5.232875
Train Epoch: 1 [20800/24148 (86%)]	Loss: 5.126240
Train Epoch: 1 [21120/24148 (87%)]	Loss: 4.760766
Train Epoch: 1 [21440/24148 (89%)]	Loss: 5.092870
Train Epoch: 1 [21760/24148 (90%)]	Loss: 5.177448
Train Epoch: 1 [22080/24148 (91%)]	Loss: 5.263965
Train Epoch: 1 [22400/24148 (93%)]	Loss: 5.182773
Train Epoch: 1 [22720/24148 (94%)]	Loss: 5.266242
Train Epoch: 1 [23040/24148 (95%)]	Loss: 5.107207
Train Epoch: 1 [23360/24148 (97%)]	Loss: 5.121722
Train Epoch: 1 [23680/24148 (98%)]	Loss: 5.199722
Train Epoch: 1 [24000/24148 (99%)]	Loss: 4.947050

Test set: Average loss: 5.2428, Accuracy: 377/6037 (6%)

Train Epoch: 2 [0/24148 (0%)]	Loss: 5.010376
Train Epoch: 2 [320/24148 (1%)]	Loss: 5.072748
Train Epoch: 2 [640/24148 (3%)]	Loss: 5.237387
Train Epoch: 2 [960/24148 (4%)]	Loss: 5.281058
Train Epoch: 2 [1280/24148 (5%)]	Loss: 4.796663
Train Epoch: 2 [1600/24148 (7%)]	Loss: 5.168321
Train Epoch: 2 [1920/24148 (8%)]	Loss: 5.117182
Train Epoch: 2 [2240/24148 (9%)]	Loss: 4.781326
Train Epoch: 2 [2560/24148 (11%)]	Loss: 4.542494
Train Epoch: 2 [2880/24148 (12%)]	Loss: 5.144684
Train Epoch: 2 [3200/24148 (13%)]	Loss: 4.984875
Train Epoch: 2 [3520/24148 (15%)]	Loss: 4.954987
Train Epoch: 2 [3840/24148 (16%)]	Loss: 5.342380
Train Epoch: 2 [4160/24148 (17%)]	Loss: 5.220108
Train Epoch: 2 [4480/24148 (19%)]	Loss: 5.044466
Train Epoch: 2 [4800/24148 (20%)]	Loss: 5.151857
Train Epoch: 2 [5120/24148 (21%)]	Loss: 5.032203
Train Epoch: 2 [5440/24148 (23%)]	Loss: 4.875536
Train Epoch: 2 [5760/24148 (24%)]	Loss: 5.308498
Train Epoch: 2 [6080/24148 (25%)]	Loss: 5.145597
Train Epoch: 2 [6400/24148 (26%)]	Loss: 4.879696
Train Epoch: 2 [6720/24148 (28%)]	Loss: 4.878875
Train Epoch: 2 [7040/24148 (29%)]	Loss: 4.527451
Train Epoch: 2 [7360/24148 (30%)]	Loss: 4.932684
Train Epoch: 2 [7680/24148 (32%)]	Loss: 4.884521
Train Epoch: 2 [8000/24148 (33%)]	Loss: 5.000451
Train Epoch: 2 [8320/24148 (34%)]	Loss: 5.138725
Train Epoch: 2 [8640/24148 (36%)]	Loss: 4.876179
Train Epoch: 2 [8960/24148 (37%)]	Loss: 4.744509
Train Epoch: 2 [9280/24148 (38%)]	Loss: 5.348125
Train Epoch: 2 [9600/24148 (40%)]	Loss: 5.467248
Train Epoch: 2 [9920/24148 (41%)]	Loss: 5.347041
Train Epoch: 2 [10240/24148 (42%)]	Loss: 4.884324
Train Epoch: 2 [10560/24148 (44%)]	Loss: 4.953062
Train Epoch: 2 [10880/24148 (45%)]	Loss: 5.191613
Train Epoch: 2 [11200/24148 (46%)]	Loss: 5.192276
Train Epoch: 2 [11520/24148 (48%)]	Loss: 5.243325
Train Epoch: 2 [11840/24148 (49%)]	Loss: 5.051268
Train Epoch: 2 [12160/24148 (50%)]	Loss: 4.909749
Train Epoch: 2 [12480/24148 (52%)]	Loss: 5.302240
Train Epoch: 2 [12800/24148 (53%)]	Loss: 5.093955
Train Epoch: 2 [13120/24148 (54%)]	Loss: 4.619826
Train Epoch: 2 [13440/24148 (56%)]	Loss: 4.478249
Train Epoch: 2 [13760/24148 (57%)]	Loss: 4.769524
Train Epoch: 2 [14080/24148 (58%)]	Loss: 5.075378
Train Epoch: 2 [14400/24148 (60%)]	Loss: 5.211143
Train Epoch: 2 [14720/24148 (61%)]	Loss: 4.948590
Train Epoch: 2 [15040/24148 (62%)]	Loss: 4.937682
Train Epoch: 2 [15360/24148 (64%)]	Loss: 5.198649
Train Epoch: 2 [15680/24148 (65%)]	Loss: 4.876918
Train Epoch: 2 [16000/24148 (66%)]	Loss: 5.080668
Train Epoch: 2 [16320/24148 (68%)]	Loss: 4.577752
Train Epoch: 2 [16640/24148 (69%)]	Loss: 5.390890
Train Epoch: 2 [16960/24148 (70%)]	Loss: 5.205752
Train Epoch: 2 [17280/24148 (72%)]	Loss: 5.202530
Train Epoch: 2 [17600/24148 (73%)]	Loss: 4.781769
Train Epoch: 2 [17920/24148 (74%)]	Loss: 5.096931
Train Epoch: 2 [18240/24148 (75%)]	Loss: 5.128134
Train Epoch: 2 [18560/24148 (77%)]	Loss: 4.871271
Train Epoch: 2 [18880/24148 (78%)]	Loss: 4.896437
Train Epoch: 2 [19200/24148 (79%)]	Loss: 5.391088
Train Epoch: 2 [19520/24148 (81%)]	Loss: 5.294934
Train Epoch: 2 [19840/24148 (82%)]	Loss: 5.247762
Train Epoch: 2 [20160/24148 (83%)]	Loss: 4.700904
Train Epoch: 2 [20480/24148 (85%)]	Loss: 5.120043
Train Epoch: 2 [20800/24148 (86%)]	Loss: 5.073962
Train Epoch: 2 [21120/24148 (87%)]	Loss: 5.322209
Train Epoch: 2 [21440/24148 (89%)]	Loss: 4.721497
Train Epoch: 2 [21760/24148 (90%)]	Loss: 5.031759
Train Epoch: 2 [22080/24148 (91%)]	Loss: 5.202634
Train Epoch: 2 [22400/24148 (93%)]	Loss: 5.202906
Train Epoch: 2 [22720/24148 (94%)]	Loss: 4.911765
Train Epoch: 2 [23040/24148 (95%)]	Loss: 5.166495
Train Epoch: 2 [23360/24148 (97%)]	Loss: 5.062410
Train Epoch: 2 [23680/24148 (98%)]	Loss: 4.901744
Train Epoch: 2 [24000/24148 (99%)]	Loss: 4.938730

Test set: Average loss: 4.9769, Accuracy: 580/6037 (10%)

Train Epoch: 3 [0/24148 (0%)]	Loss: 5.126428
Train Epoch: 3 [320/24148 (1%)]	Loss: 4.775685
Train Epoch: 3 [640/24148 (3%)]	Loss: 4.602946
Train Epoch: 3 [960/24148 (4%)]	Loss: 4.942013
Train Epoch: 3 [1280/24148 (5%)]	Loss: 4.961833
Train Epoch: 3 [1600/24148 (7%)]	Loss: 4.947156
Train Epoch: 3 [1920/24148 (8%)]	Loss: 5.062483
Train Epoch: 3 [2240/24148 (9%)]	Loss: 4.786227
Train Epoch: 3 [2560/24148 (11%)]	Loss: 5.205360
Train Epoch: 3 [2880/24148 (12%)]	Loss: 4.916054
Train Epoch: 3 [3200/24148 (13%)]	Loss: 4.853909
Train Epoch: 3 [3520/24148 (15%)]	Loss: 4.250406
Train Epoch: 3 [3840/24148 (16%)]	Loss: 4.921313
Train Epoch: 3 [4160/24148 (17%)]	Loss: 4.827641
Train Epoch: 3 [4480/24148 (19%)]	Loss: 4.740760
Train Epoch: 3 [4800/24148 (20%)]	Loss: 5.164636
Train Epoch: 3 [5120/24148 (21%)]	Loss: 4.468573
Train Epoch: 3 [5440/24148 (23%)]	Loss: 5.099438
Train Epoch: 3 [5760/24148 (24%)]	Loss: 5.204544
Train Epoch: 3 [6080/24148 (25%)]	Loss: 4.925990
Train Epoch: 3 [6400/24148 (26%)]	Loss: 4.868750
Train Epoch: 3 [6720/24148 (28%)]	Loss: 4.911558
Train Epoch: 3 [7040/24148 (29%)]	Loss: 5.027145
Train Epoch: 3 [7360/24148 (30%)]	Loss: 4.875408
Train Epoch: 3 [7680/24148 (32%)]	Loss: 5.116117
Train Epoch: 3 [8000/24148 (33%)]	Loss: 4.787219
Train Epoch: 3 [8320/24148 (34%)]	Loss: 5.035276
Train Epoch: 3 [8640/24148 (36%)]	Loss: 4.952703
Train Epoch: 3 [8960/24148 (37%)]	Loss: 4.764081
Train Epoch: 3 [9280/24148 (38%)]	Loss: 4.812665
Train Epoch: 3 [9600/24148 (40%)]	Loss: 5.107601
Train Epoch: 3 [9920/24148 (41%)]	Loss: 4.876831
Train Epoch: 3 [10240/24148 (42%)]	Loss: 4.861690
Train Epoch: 3 [10560/24148 (44%)]	Loss: 4.960455
Train Epoch: 3 [10880/24148 (45%)]	Loss: 4.710797
Train Epoch: 3 [11200/24148 (46%)]	Loss: 5.292285
Train Epoch: 3 [11520/24148 (48%)]	Loss: 5.283324
Train Epoch: 3 [11840/24148 (49%)]	Loss: 4.389484
Train Epoch: 3 [12160/24148 (50%)]	Loss: 4.981924
Train Epoch: 3 [12480/24148 (52%)]	Loss: 4.881129
Train Epoch: 3 [12800/24148 (53%)]	Loss: 5.042664
Train Epoch: 3 [13120/24148 (54%)]	Loss: 4.798995
Train Epoch: 3 [13440/24148 (56%)]	Loss: 5.050739
Train Epoch: 3 [13760/24148 (57%)]	Loss: 5.207355
Train Epoch: 3 [14080/24148 (58%)]	Loss: 4.735975
Train Epoch: 3 [14400/24148 (60%)]	Loss: 5.097248
Train Epoch: 3 [14720/24148 (61%)]	Loss: 4.545474
Train Epoch: 3 [15040/24148 (62%)]	Loss: 5.096271
Train Epoch: 3 [15360/24148 (64%)]	Loss: 4.604275
Train Epoch: 3 [15680/24148 (65%)]	Loss: 4.617395
Train Epoch: 3 [16000/24148 (66%)]	Loss: 4.763633
Train Epoch: 3 [16320/24148 (68%)]	Loss: 4.967182
Train Epoch: 3 [16640/24148 (69%)]	Loss: 4.985675
Train Epoch: 3 [16960/24148 (70%)]	Loss: 4.977264
Train Epoch: 3 [17280/24148 (72%)]	Loss: 4.901158
Train Epoch: 3 [17600/24148 (73%)]	Loss: 5.198256
Train Epoch: 3 [17920/24148 (74%)]	Loss: 5.178017
Train Epoch: 3 [18240/24148 (75%)]	Loss: 4.539726
Train Epoch: 3 [18560/24148 (77%)]	Loss: 4.490009
Train Epoch: 3 [18880/24148 (78%)]	Loss: 5.334491
Train Epoch: 3 [19200/24148 (79%)]	Loss: 4.799725
Train Epoch: 3 [19520/24148 (81%)]	Loss: 4.733760
Train Epoch: 3 [19840/24148 (82%)]	Loss: 4.675530
Train Epoch: 3 [20160/24148 (83%)]	Loss: 5.123807
Train Epoch: 3 [20480/24148 (85%)]	Loss: 4.650827
Train Epoch: 3 [20800/24148 (86%)]	Loss: 5.054157
Train Epoch: 3 [21120/24148 (87%)]	Loss: 4.876615
Train Epoch: 3 [21440/24148 (89%)]	Loss: 4.927001
Train Epoch: 3 [21760/24148 (90%)]	Loss: 5.075991
Train Epoch: 3 [22080/24148 (91%)]	Loss: 4.846673
Train Epoch: 3 [22400/24148 (93%)]	Loss: 4.959553
Train Epoch: 3 [22720/24148 (94%)]	Loss: 4.917679
Train Epoch: 3 [23040/24148 (95%)]	Loss: 4.937932
Train Epoch: 3 [23360/24148 (97%)]	Loss: 4.814386
Train Epoch: 3 [23680/24148 (98%)]	Loss: 4.442657
Train Epoch: 3 [24000/24148 (99%)]	Loss: 5.156610

Test set: Average loss: 4.8575, Accuracy: 635/6037 (11%)

Train Epoch: 4 [0/24148 (0%)]	Loss: 4.933273
Train Epoch: 4 [320/24148 (1%)]	Loss: 4.573156
Train Epoch: 4 [640/24148 (3%)]	Loss: 4.932540
Train Epoch: 4 [960/24148 (4%)]	Loss: 5.087428
Train Epoch: 4 [1280/24148 (5%)]	Loss: 4.961246
Train Epoch: 4 [1600/24148 (7%)]	Loss: 4.623878
Train Epoch: 4 [1920/24148 (8%)]	Loss: 4.871961
Train Epoch: 4 [2240/24148 (9%)]	Loss: 4.966916
Train Epoch: 4 [2560/24148 (11%)]	Loss: 4.775274
Train Epoch: 4 [2880/24148 (12%)]	Loss: 5.192084
Train Epoch: 4 [3200/24148 (13%)]	Loss: 4.702523
Train Epoch: 4 [3520/24148 (15%)]	Loss: 4.555271
Train Epoch: 4 [3840/24148 (16%)]	Loss: 4.660647
Train Epoch: 4 [4160/24148 (17%)]	Loss: 5.133080
Train Epoch: 4 [4480/24148 (19%)]	Loss: 5.142841
Train Epoch: 4 [4800/24148 (20%)]	Loss: 5.009457
Train Epoch: 4 [5120/24148 (21%)]	Loss: 4.714024
Train Epoch: 4 [5440/24148 (23%)]	Loss: 5.128955
Train Epoch: 4 [5760/24148 (24%)]	Loss: 4.705267
Train Epoch: 4 [6080/24148 (25%)]	Loss: 5.055721
Train Epoch: 4 [6400/24148 (26%)]	Loss: 4.796820
Train Epoch: 4 [6720/24148 (28%)]	Loss: 4.641905
Train Epoch: 4 [7040/24148 (29%)]	Loss: 4.788688
Train Epoch: 4 [7360/24148 (30%)]	Loss: 5.011522
Train Epoch: 4 [7680/24148 (32%)]	Loss: 5.062659
Train Epoch: 4 [8000/24148 (33%)]	Loss: 4.461493
Train Epoch: 4 [8320/24148 (34%)]	Loss: 4.618175
Train Epoch: 4 [8640/24148 (36%)]	Loss: 4.592729
Train Epoch: 4 [8960/24148 (37%)]	Loss: 4.997488
Train Epoch: 4 [9280/24148 (38%)]	Loss: 4.539611
Train Epoch: 4 [9600/24148 (40%)]	Loss: 5.111012
Train Epoch: 4 [9920/24148 (41%)]	Loss: 4.753778
Train Epoch: 4 [10240/24148 (42%)]	Loss: 4.734181
Train Epoch: 4 [10560/24148 (44%)]	Loss: 5.309935
Train Epoch: 4 [10880/24148 (45%)]	Loss: 5.165516
Train Epoch: 4 [11200/24148 (46%)]	Loss: 4.887934
Train Epoch: 4 [11520/24148 (48%)]	Loss: 4.358709
Train Epoch: 4 [11840/24148 (49%)]	Loss: 4.641477
Train Epoch: 4 [12160/24148 (50%)]	Loss: 4.962152
Train Epoch: 4 [12480/24148 (52%)]	Loss: 4.725326
Train Epoch: 4 [12800/24148 (53%)]	Loss: 4.775399
Train Epoch: 4 [13120/24148 (54%)]	Loss: 4.845360
Train Epoch: 4 [13440/24148 (56%)]	Loss: 4.722274
Train Epoch: 4 [13760/24148 (57%)]	Loss: 4.947922
Train Epoch: 4 [14080/24148 (58%)]	Loss: 4.794120
Train Epoch: 4 [14400/24148 (60%)]	Loss: 4.970646
Train Epoch: 4 [14720/24148 (61%)]	Loss: 4.816644
Train Epoch: 4 [15040/24148 (62%)]	Loss: 5.042235
Train Epoch: 4 [15360/24148 (64%)]	Loss: 4.732192
Train Epoch: 4 [15680/24148 (65%)]	Loss: 4.937116
Train Epoch: 4 [16000/24148 (66%)]	Loss: 4.366166
Train Epoch: 4 [16320/24148 (68%)]	Loss: 4.362505
Train Epoch: 4 [16640/24148 (69%)]	Loss: 4.946177
Train Epoch: 4 [16960/24148 (70%)]	Loss: 5.178315
Train Epoch: 4 [17280/24148 (72%)]	Loss: 4.885070
Train Epoch: 4 [17600/24148 (73%)]	Loss: 4.747450
Train Epoch: 4 [17920/24148 (74%)]	Loss: 5.052774
Train Epoch: 4 [18240/24148 (75%)]	Loss: 4.576754
Train Epoch: 4 [18560/24148 (77%)]	Loss: 4.671730
Train Epoch: 4 [18880/24148 (78%)]	Loss: 5.031614
Train Epoch: 4 [19200/24148 (79%)]	Loss: 5.237980
Train Epoch: 4 [19520/24148 (81%)]	Loss: 4.960542
Train Epoch: 4 [19840/24148 (82%)]	Loss: 4.850904
Train Epoch: 4 [20160/24148 (83%)]	Loss: 4.378888
Train Epoch: 4 [20480/24148 (85%)]	Loss: 4.725882
Train Epoch: 4 [20800/24148 (86%)]	Loss: 4.909039
Train Epoch: 4 [21120/24148 (87%)]	Loss: 4.769489
Train Epoch: 4 [21440/24148 (89%)]	Loss: 4.672163
Train Epoch: 4 [21760/24148 (90%)]	Loss: 4.476100
Train Epoch: 4 [22080/24148 (91%)]	Loss: 4.789530
Train Epoch: 4 [22400/24148 (93%)]	Loss: 4.881429
Train Epoch: 4 [22720/24148 (94%)]	Loss: 5.326520
Train Epoch: 4 [23040/24148 (95%)]	Loss: 4.544298
Train Epoch: 4 [23360/24148 (97%)]	Loss: 4.716941
Train Epoch: 4 [23680/24148 (98%)]	Loss: 4.648238
Train Epoch: 4 [24000/24148 (99%)]	Loss: 4.792083

Test set: Average loss: 4.7758, Accuracy: 664/6037 (11%)

Train Epoch: 5 [0/24148 (0%)]	Loss: 4.605429
Train Epoch: 5 [320/24148 (1%)]	Loss: 5.159790
Train Epoch: 5 [640/24148 (3%)]	Loss: 4.840018
Train Epoch: 5 [960/24148 (4%)]	Loss: 4.771025
Train Epoch: 5 [1280/24148 (5%)]	Loss: 4.830516
Train Epoch: 5 [1600/24148 (7%)]	Loss: 4.955951
Train Epoch: 5 [1920/24148 (8%)]	Loss: 4.679194
Train Epoch: 5 [2240/24148 (9%)]	Loss: 4.574399
Train Epoch: 5 [2560/24148 (11%)]	Loss: 4.679524
Train Epoch: 5 [2880/24148 (12%)]	Loss: 4.500453
Train Epoch: 5 [3200/24148 (13%)]	Loss: 4.666047
Train Epoch: 5 [3520/24148 (15%)]	Loss: 4.518746
Train Epoch: 5 [3840/24148 (16%)]	Loss: 4.963850
Train Epoch: 5 [4160/24148 (17%)]	Loss: 4.848730
Train Epoch: 5 [4480/24148 (19%)]	Loss: 4.929691
Train Epoch: 5 [4800/24148 (20%)]	Loss: 4.698467
Train Epoch: 5 [5120/24148 (21%)]	Loss: 4.987183
Train Epoch: 5 [5440/24148 (23%)]	Loss: 4.446210
Train Epoch: 5 [5760/24148 (24%)]	Loss: 4.188043
Train Epoch: 5 [6080/24148 (25%)]	Loss: 5.080709
Train Epoch: 5 [6400/24148 (26%)]	Loss: 4.703221
Train Epoch: 5 [6720/24148 (28%)]	Loss: 4.550445
Train Epoch: 5 [7040/24148 (29%)]	Loss: 4.158665
Train Epoch: 5 [7360/24148 (30%)]	Loss: 4.602767
Train Epoch: 5 [7680/24148 (32%)]	Loss: 4.508191
Train Epoch: 5 [8000/24148 (33%)]	Loss: 5.375260
Train Epoch: 5 [8320/24148 (34%)]	Loss: 4.541757
Train Epoch: 5 [8640/24148 (36%)]	Loss: 4.701197
Train Epoch: 5 [8960/24148 (37%)]	Loss: 3.890561
Train Epoch: 5 [9280/24148 (38%)]	Loss: 4.862874
Train Epoch: 5 [9600/24148 (40%)]	Loss: 4.530506
Train Epoch: 5 [9920/24148 (41%)]	Loss: 4.208452
Train Epoch: 5 [10240/24148 (42%)]	Loss: 4.660436
Train Epoch: 5 [10560/24148 (44%)]	Loss: 4.809748
Train Epoch: 5 [10880/24148 (45%)]	Loss: 4.675406
Train Epoch: 5 [11200/24148 (46%)]	Loss: 4.669028
Train Epoch: 5 [11520/24148 (48%)]	Loss: 4.492968
Train Epoch: 5 [11840/24148 (49%)]	Loss: 4.602010
Train Epoch: 5 [12160/24148 (50%)]	Loss: 4.604476
Train Epoch: 5 [12480/24148 (52%)]	Loss: 5.257584
Train Epoch: 5 [12800/24148 (53%)]	Loss: 4.884969
Train Epoch: 5 [13120/24148 (54%)]	Loss: 4.772802
Train Epoch: 5 [13440/24148 (56%)]	Loss: 4.342826
Train Epoch: 5 [13760/24148 (57%)]	Loss: 4.832528
Train Epoch: 5 [14080/24148 (58%)]	Loss: 4.694541
Train Epoch: 5 [14400/24148 (60%)]	Loss: 4.670197
Train Epoch: 5 [14720/24148 (61%)]	Loss: 5.131273
Train Epoch: 5 [15040/24148 (62%)]	Loss: 5.052598
Train Epoch: 5 [15360/24148 (64%)]	Loss: 4.269642
Train Epoch: 5 [15680/24148 (65%)]	Loss: 4.491278
Train Epoch: 5 [16000/24148 (66%)]	Loss: 4.800175
Train Epoch: 5 [16320/24148 (68%)]	Loss: 4.537804
Train Epoch: 5 [16640/24148 (69%)]	Loss: 4.620956
Train Epoch: 5 [16960/24148 (70%)]	Loss: 4.475217
Train Epoch: 5 [17280/24148 (72%)]	Loss: 4.770684
Train Epoch: 5 [17600/24148 (73%)]	Loss: 5.154923
Train Epoch: 5 [17920/24148 (74%)]	Loss: 4.885238
Train Epoch: 5 [18240/24148 (75%)]	Loss: 4.420548
Train Epoch: 5 [18560/24148 (77%)]	Loss: 4.549339
Train Epoch: 5 [18880/24148 (78%)]	Loss: 4.556262
Train Epoch: 5 [19200/24148 (79%)]	Loss: 4.793760
Train Epoch: 5 [19520/24148 (81%)]	Loss: 4.819196
Train Epoch: 5 [19840/24148 (82%)]	Loss: 4.396450
Train Epoch: 5 [20160/24148 (83%)]	Loss: 4.759720
Train Epoch: 5 [20480/24148 (85%)]	Loss: 4.764330
Train Epoch: 5 [20800/24148 (86%)]	Loss: 4.996547
Train Epoch: 5 [21120/24148 (87%)]	Loss: 4.039641
Train Epoch: 5 [21440/24148 (89%)]	Loss: 4.897101
Train Epoch: 5 [21760/24148 (90%)]	Loss: 4.733676
Train Epoch: 5 [22080/24148 (91%)]	Loss: 4.267665
Train Epoch: 5 [22400/24148 (93%)]	Loss: 4.969686
Train Epoch: 5 [22720/24148 (94%)]	Loss: 4.617628
Train Epoch: 5 [23040/24148 (95%)]	Loss: 4.878129
Train Epoch: 5 [23360/24148 (97%)]	Loss: 4.905072
Train Epoch: 5 [23680/24148 (98%)]	Loss: 4.810290
Train Epoch: 5 [24000/24148 (99%)]	Loss: 4.331331

Test set: Average loss: 4.7017, Accuracy: 735/6037 (12%)

Train Epoch: 6 [0/24148 (0%)]	Loss: 4.304923
Train Epoch: 6 [320/24148 (1%)]	Loss: 4.163436
Train Epoch: 6 [640/24148 (3%)]	Loss: 4.610568
Train Epoch: 6 [960/24148 (4%)]	Loss: 4.700917
Train Epoch: 6 [1280/24148 (5%)]	Loss: 4.875872
Train Epoch: 6 [1600/24148 (7%)]	Loss: 4.494444
Train Epoch: 6 [1920/24148 (8%)]	Loss: 4.310076
Train Epoch: 6 [2240/24148 (9%)]	Loss: 4.970240
Train Epoch: 6 [2560/24148 (11%)]	Loss: 4.518678
Train Epoch: 6 [2880/24148 (12%)]	Loss: 5.059052
Train Epoch: 6 [3200/24148 (13%)]	Loss: 4.804815
Train Epoch: 6 [3520/24148 (15%)]	Loss: 4.634995
Train Epoch: 6 [3840/24148 (16%)]	Loss: 4.393132
Train Epoch: 6 [4160/24148 (17%)]	Loss: 4.275506
Train Epoch: 6 [4480/24148 (19%)]	Loss: 4.628189
Train Epoch: 6 [4800/24148 (20%)]	Loss: 4.657670
Train Epoch: 6 [5120/24148 (21%)]	Loss: 4.590687
Train Epoch: 6 [5440/24148 (23%)]	Loss: 4.595026
Train Epoch: 6 [5760/24148 (24%)]	Loss: 4.479330
Train Epoch: 6 [6080/24148 (25%)]	Loss: 4.440708
Train Epoch: 6 [6400/24148 (26%)]	Loss: 4.514934
Train Epoch: 6 [6720/24148 (28%)]	Loss: 4.632339
Train Epoch: 6 [7040/24148 (29%)]	Loss: 4.107642
Train Epoch: 6 [7360/24148 (30%)]	Loss: 4.617884
Train Epoch: 6 [7680/24148 (32%)]	Loss: 4.280017
Train Epoch: 6 [8000/24148 (33%)]	Loss: 4.571402
Train Epoch: 6 [8320/24148 (34%)]	Loss: 4.675178
Train Epoch: 6 [8640/24148 (36%)]	Loss: 4.615089
Train Epoch: 6 [8960/24148 (37%)]	Loss: 4.536713
Train Epoch: 6 [9280/24148 (38%)]	Loss: 4.851044
Train Epoch: 6 [9600/24148 (40%)]	Loss: 5.047726
Train Epoch: 6 [9920/24148 (41%)]	Loss: 4.508119
Train Epoch: 6 [10240/24148 (42%)]	Loss: 4.937022
Train Epoch: 6 [10560/24148 (44%)]	Loss: 4.867191
Train Epoch: 6 [10880/24148 (45%)]	Loss: 4.580443
Train Epoch: 6 [11200/24148 (46%)]	Loss: 4.346348
Train Epoch: 6 [11520/24148 (48%)]	Loss: 4.898871
Train Epoch: 6 [11840/24148 (49%)]	Loss: 4.696859
Train Epoch: 6 [12160/24148 (50%)]	Loss: 4.536903
Train Epoch: 6 [12480/24148 (52%)]	Loss: 5.028272
Train Epoch: 6 [12800/24148 (53%)]	Loss: 4.162012
Train Epoch: 6 [13120/24148 (54%)]	Loss: 4.380136
Train Epoch: 6 [13440/24148 (56%)]	Loss: 4.644875
Train Epoch: 6 [13760/24148 (57%)]	Loss: 4.751691
Train Epoch: 6 [14080/24148 (58%)]	Loss: 4.264115
Train Epoch: 6 [14400/24148 (60%)]	Loss: 4.912807
Train Epoch: 6 [14720/24148 (61%)]	Loss: 4.818800
Train Epoch: 6 [15040/24148 (62%)]	Loss: 4.869798
Train Epoch: 6 [15360/24148 (64%)]	Loss: 4.070421
Train Epoch: 6 [15680/24148 (65%)]	Loss: 4.524355
Train Epoch: 6 [16000/24148 (66%)]	Loss: 4.815395
Train Epoch: 6 [16320/24148 (68%)]	Loss: 4.368909
Train Epoch: 6 [16640/24148 (69%)]	Loss: 4.731429
Train Epoch: 6 [16960/24148 (70%)]	Loss: 4.759100
Train Epoch: 6 [17280/24148 (72%)]	Loss: 4.732710
Train Epoch: 6 [17600/24148 (73%)]	Loss: 4.091262
Train Epoch: 6 [17920/24148 (74%)]	Loss: 4.677166
Train Epoch: 6 [18240/24148 (75%)]	Loss: 4.702719
Train Epoch: 6 [18560/24148 (77%)]	Loss: 4.388775
Train Epoch: 6 [18880/24148 (78%)]	Loss: 4.678089
Train Epoch: 6 [19200/24148 (79%)]	Loss: 4.736363
Train Epoch: 6 [19520/24148 (81%)]	Loss: 4.738444
Train Epoch: 6 [19840/24148 (82%)]	Loss: 4.467698
Train Epoch: 6 [20160/24148 (83%)]	Loss: 4.277975
Train Epoch: 6 [20480/24148 (85%)]	Loss: 4.878591
Train Epoch: 6 [20800/24148 (86%)]	Loss: 4.800529
Train Epoch: 6 [21120/24148 (87%)]	Loss: 4.362655
Train Epoch: 6 [21440/24148 (89%)]	Loss: 4.447966
Train Epoch: 6 [21760/24148 (90%)]	Loss: 4.289733
Train Epoch: 6 [22080/24148 (91%)]	Loss: 4.564718
Train Epoch: 6 [22400/24148 (93%)]	Loss: 4.658174
Train Epoch: 6 [22720/24148 (94%)]	Loss: 4.829376
Train Epoch: 6 [23040/24148 (95%)]	Loss: 4.676722
Train Epoch: 6 [23360/24148 (97%)]	Loss: 4.648899
Train Epoch: 6 [23680/24148 (98%)]	Loss: 4.654426
Train Epoch: 6 [24000/24148 (99%)]	Loss: 4.537900

Test set: Average loss: 4.6146, Accuracy: 769/6037 (13%)

Train Epoch: 7 [0/24148 (0%)]	Loss: 4.809499
Train Epoch: 7 [320/24148 (1%)]	Loss: 4.841446
Train Epoch: 7 [640/24148 (3%)]	Loss: 4.093604
Train Epoch: 7 [960/24148 (4%)]	Loss: 4.992919
Train Epoch: 7 [1280/24148 (5%)]	Loss: 4.814311
Train Epoch: 7 [1600/24148 (7%)]	Loss: 4.887092
Train Epoch: 7 [1920/24148 (8%)]	Loss: 4.213390
Train Epoch: 7 [2240/24148 (9%)]	Loss: 4.638153
Train Epoch: 7 [2560/24148 (11%)]	Loss: 4.499352
Train Epoch: 7 [2880/24148 (12%)]	Loss: 4.892436
Train Epoch: 7 [3200/24148 (13%)]	Loss: 4.490211
Train Epoch: 7 [3520/24148 (15%)]	Loss: 4.743718
Train Epoch: 7 [3840/24148 (16%)]	Loss: 4.407781
Train Epoch: 7 [4160/24148 (17%)]	Loss: 4.796220
Train Epoch: 7 [4480/24148 (19%)]	Loss: 4.768609
Train Epoch: 7 [4800/24148 (20%)]	Loss: 4.591861
Train Epoch: 7 [5120/24148 (21%)]	Loss: 4.718674
Train Epoch: 7 [5440/24148 (23%)]	Loss: 4.753062
Train Epoch: 7 [5760/24148 (24%)]	Loss: 4.529729
Train Epoch: 7 [6080/24148 (25%)]	Loss: 4.288751
Train Epoch: 7 [6400/24148 (26%)]	Loss: 4.879242
Train Epoch: 7 [6720/24148 (28%)]	Loss: 4.473166
Train Epoch: 7 [7040/24148 (29%)]	Loss: 4.082418
Train Epoch: 7 [7360/24148 (30%)]	Loss: 4.851413
Train Epoch: 7 [7680/24148 (32%)]	Loss: 4.123278
Train Epoch: 7 [8000/24148 (33%)]	Loss: 4.653671
Train Epoch: 7 [8320/24148 (34%)]	Loss: 4.554432
Train Epoch: 7 [8640/24148 (36%)]	Loss: 4.458048
Train Epoch: 7 [8960/24148 (37%)]	Loss: 4.351404
Train Epoch: 7 [9280/24148 (38%)]	Loss: 4.184024
Train Epoch: 7 [9600/24148 (40%)]	Loss: 4.439537
Train Epoch: 7 [9920/24148 (41%)]	Loss: 5.095671
Train Epoch: 7 [10240/24148 (42%)]	Loss: 4.595037
Train Epoch: 7 [10560/24148 (44%)]	Loss: 5.045273
Train Epoch: 7 [10880/24148 (45%)]	Loss: 4.829165
Train Epoch: 7 [11200/24148 (46%)]	Loss: 4.516578
Train Epoch: 7 [11520/24148 (48%)]	Loss: 5.027329
Train Epoch: 7 [11840/24148 (49%)]	Loss: 4.697505
Train Epoch: 7 [12160/24148 (50%)]	Loss: 4.445571
Train Epoch: 7 [12480/24148 (52%)]	Loss: 4.641130
Train Epoch: 7 [12800/24148 (53%)]	Loss: 4.258612
Train Epoch: 7 [13120/24148 (54%)]	Loss: 4.714599
Train Epoch: 7 [13440/24148 (56%)]	Loss: 4.346163
Train Epoch: 7 [13760/24148 (57%)]	Loss: 4.459253
Train Epoch: 7 [14080/24148 (58%)]	Loss: 4.386221
Train Epoch: 7 [14400/24148 (60%)]	Loss: 4.569090
Train Epoch: 7 [14720/24148 (61%)]	Loss: 4.461777
Train Epoch: 7 [15040/24148 (62%)]	Loss: 4.524470
Train Epoch: 7 [15360/24148 (64%)]	Loss: 4.542501
Train Epoch: 7 [15680/24148 (65%)]	Loss: 4.236214
Train Epoch: 7 [16000/24148 (66%)]	Loss: 4.297673
Train Epoch: 7 [16320/24148 (68%)]	Loss: 4.571566
Train Epoch: 7 [16640/24148 (69%)]	Loss: 4.588133
Train Epoch: 7 [16960/24148 (70%)]	Loss: 4.344352
Train Epoch: 7 [17280/24148 (72%)]	Loss: 4.398285
Train Epoch: 7 [17600/24148 (73%)]	Loss: 4.588775
Train Epoch: 7 [17920/24148 (74%)]	Loss: 4.599672
Train Epoch: 7 [18240/24148 (75%)]	Loss: 3.983380
Train Epoch: 7 [18560/24148 (77%)]	Loss: 4.570738
Train Epoch: 7 [18880/24148 (78%)]	Loss: 4.107064
Train Epoch: 7 [19200/24148 (79%)]	Loss: 4.248853
Train Epoch: 7 [19520/24148 (81%)]	Loss: 4.653732
Train Epoch: 7 [19840/24148 (82%)]	Loss: 4.255530
Train Epoch: 7 [20160/24148 (83%)]	Loss: 4.483620
Train Epoch: 7 [20480/24148 (85%)]	Loss: 4.980114
Train Epoch: 7 [20800/24148 (86%)]	Loss: 5.110456
Train Epoch: 7 [21120/24148 (87%)]	Loss: 4.701611
Train Epoch: 7 [21440/24148 (89%)]	Loss: 4.350398
Train Epoch: 7 [21760/24148 (90%)]	Loss: 4.659161
Train Epoch: 7 [22080/24148 (91%)]	Loss: 4.620125
Train Epoch: 7 [22400/24148 (93%)]	Loss: 4.326471
Train Epoch: 7 [22720/24148 (94%)]	Loss: 4.508323
Train Epoch: 7 [23040/24148 (95%)]	Loss: 4.364347
Train Epoch: 7 [23360/24148 (97%)]	Loss: 4.070792
Train Epoch: 7 [23680/24148 (98%)]	Loss: 4.500340
Train Epoch: 7 [24000/24148 (99%)]	Loss: 4.376739

Test set: Average loss: 4.5749, Accuracy: 791/6037 (13%)

Train Epoch: 8 [0/24148 (0%)]	Loss: 4.455841
Train Epoch: 8 [320/24148 (1%)]	Loss: 4.863500
Train Epoch: 8 [640/24148 (3%)]	Loss: 3.928471
Train Epoch: 8 [960/24148 (4%)]	Loss: 4.450527
Train Epoch: 8 [1280/24148 (5%)]	Loss: 4.599837
Train Epoch: 8 [1600/24148 (7%)]	Loss: 4.165449
Train Epoch: 8 [1920/24148 (8%)]	Loss: 4.602178
Train Epoch: 8 [2240/24148 (9%)]	Loss: 4.189417
Train Epoch: 8 [2560/24148 (11%)]	Loss: 4.317683
Train Epoch: 8 [2880/24148 (12%)]	Loss: 4.202499
Train Epoch: 8 [3200/24148 (13%)]	Loss: 4.939300
Train Epoch: 8 [3520/24148 (15%)]	Loss: 4.714357
Train Epoch: 8 [3840/24148 (16%)]	Loss: 4.279672
Train Epoch: 8 [4160/24148 (17%)]	Loss: 4.023108
Train Epoch: 8 [4480/24148 (19%)]	Loss: 4.366760
Train Epoch: 8 [4800/24148 (20%)]	Loss: 4.584452
Train Epoch: 8 [5120/24148 (21%)]	Loss: 4.391935
Train Epoch: 8 [5440/24148 (23%)]	Loss: 4.083302
Train Epoch: 8 [5760/24148 (24%)]	Loss: 4.547267
Train Epoch: 8 [6080/24148 (25%)]	Loss: 4.430089
Train Epoch: 8 [6400/24148 (26%)]	Loss: 4.823093
Train Epoch: 8 [6720/24148 (28%)]	Loss: 4.424884
Train Epoch: 8 [7040/24148 (29%)]	Loss: 4.344825
Train Epoch: 8 [7360/24148 (30%)]	Loss: 4.626631
Train Epoch: 8 [7680/24148 (32%)]	Loss: 4.469819
Train Epoch: 8 [8000/24148 (33%)]	Loss: 4.384974
Train Epoch: 8 [8320/24148 (34%)]	Loss: 3.941904
Train Epoch: 8 [8640/24148 (36%)]	Loss: 4.284019
Train Epoch: 8 [8960/24148 (37%)]	Loss: 4.185782
Train Epoch: 8 [9280/24148 (38%)]	Loss: 4.354743
Train Epoch: 8 [9600/24148 (40%)]	Loss: 3.866869
Train Epoch: 8 [9920/24148 (41%)]	Loss: 4.520526
Train Epoch: 8 [10240/24148 (42%)]	Loss: 4.814069
Train Epoch: 8 [10560/24148 (44%)]	Loss: 4.291291
Train Epoch: 8 [10880/24148 (45%)]	Loss: 4.826981
Train Epoch: 8 [11200/24148 (46%)]	Loss: 4.774220
Train Epoch: 8 [11520/24148 (48%)]	Loss: 4.354944
Train Epoch: 8 [11840/24148 (49%)]	Loss: 4.560872
Train Epoch: 8 [12160/24148 (50%)]	Loss: 4.656190
Train Epoch: 8 [12480/24148 (52%)]	Loss: 4.666790
Train Epoch: 8 [12800/24148 (53%)]	Loss: 4.520287
Train Epoch: 8 [13120/24148 (54%)]	Loss: 4.315948
Train Epoch: 8 [13440/24148 (56%)]	Loss: 4.562416
Train Epoch: 8 [13760/24148 (57%)]	Loss: 4.718249
Train Epoch: 8 [14080/24148 (58%)]	Loss: 4.562066
Train Epoch: 8 [14400/24148 (60%)]	Loss: 4.648221
Train Epoch: 8 [14720/24148 (61%)]	Loss: 4.257051
Train Epoch: 8 [15040/24148 (62%)]	Loss: 4.173475
Train Epoch: 8 [15360/24148 (64%)]	Loss: 4.545755
Train Epoch: 8 [15680/24148 (65%)]	Loss: 4.293107
Train Epoch: 8 [16000/24148 (66%)]	Loss: 4.953872
Train Epoch: 8 [16320/24148 (68%)]	Loss: 4.626952
Train Epoch: 8 [16640/24148 (69%)]	Loss: 4.474372
Train Epoch: 8 [16960/24148 (70%)]	Loss: 4.806979
Train Epoch: 8 [17280/24148 (72%)]	Loss: 4.416056
Train Epoch: 8 [17600/24148 (73%)]	Loss: 4.128568
Train Epoch: 8 [17920/24148 (74%)]	Loss: 4.704604
Train Epoch: 8 [18240/24148 (75%)]	Loss: 4.143943
Train Epoch: 8 [18560/24148 (77%)]	Loss: 4.239877
Train Epoch: 8 [18880/24148 (78%)]	Loss: 4.354747
Train Epoch: 8 [19200/24148 (79%)]	Loss: 4.384702
Train Epoch: 8 [19520/24148 (81%)]	Loss: 4.594862
Train Epoch: 8 [19840/24148 (82%)]	Loss: 4.478245
Train Epoch: 8 [20160/24148 (83%)]	Loss: 4.172061
Train Epoch: 8 [20480/24148 (85%)]	Loss: 4.460002
Train Epoch: 8 [20800/24148 (86%)]	Loss: 4.105534
Train Epoch: 8 [21120/24148 (87%)]	Loss: 4.079930
Train Epoch: 8 [21440/24148 (89%)]	Loss: 4.751376
Train Epoch: 8 [21760/24148 (90%)]	Loss: 4.792945
Train Epoch: 8 [22080/24148 (91%)]	Loss: 4.368374
Train Epoch: 8 [22400/24148 (93%)]	Loss: 4.246517
Train Epoch: 8 [22720/24148 (94%)]	Loss: 4.752250
Train Epoch: 8 [23040/24148 (95%)]	Loss: 4.741685
Train Epoch: 8 [23360/24148 (97%)]	Loss: 3.929799
Train Epoch: 8 [23680/24148 (98%)]	Loss: 4.620420
Train Epoch: 8 [24000/24148 (99%)]	Loss: 4.983104

Test set: Average loss: 4.5053, Accuracy: 839/6037 (14%)

Train Epoch: 9 [0/24148 (0%)]	Loss: 4.149944
Train Epoch: 9 [320/24148 (1%)]	Loss: 4.119049
Train Epoch: 9 [640/24148 (3%)]	Loss: 4.519297
Train Epoch: 9 [960/24148 (4%)]	Loss: 4.688771
Train Epoch: 9 [1280/24148 (5%)]	Loss: 4.405765
Train Epoch: 9 [1600/24148 (7%)]	Loss: 4.179848
Train Epoch: 9 [1920/24148 (8%)]	Loss: 4.189333
Train Epoch: 9 [2240/24148 (9%)]	Loss: 4.521772
Train Epoch: 9 [2560/24148 (11%)]	Loss: 4.553044
Train Epoch: 9 [2880/24148 (12%)]	Loss: 4.462684
Train Epoch: 9 [3200/24148 (13%)]	Loss: 4.384992
Train Epoch: 9 [3520/24148 (15%)]	Loss: 4.214682
Train Epoch: 9 [3840/24148 (16%)]	Loss: 4.645130
Train Epoch: 9 [4160/24148 (17%)]	Loss: 4.303549
Train Epoch: 9 [4480/24148 (19%)]	Loss: 4.350012
Train Epoch: 9 [4800/24148 (20%)]	Loss: 4.000201
Train Epoch: 9 [5120/24148 (21%)]	Loss: 4.440495
Train Epoch: 9 [5440/24148 (23%)]	Loss: 4.677332
Train Epoch: 9 [5760/24148 (24%)]	Loss: 3.949930
Train Epoch: 9 [6080/24148 (25%)]	Loss: 4.656422
Train Epoch: 9 [6400/24148 (26%)]	Loss: 4.574627
Train Epoch: 9 [6720/24148 (28%)]	Loss: 4.329634
Train Epoch: 9 [7040/24148 (29%)]	Loss: 4.602215
Train Epoch: 9 [7360/24148 (30%)]	Loss: 4.530974
Train Epoch: 9 [7680/24148 (32%)]	Loss: 4.253112
Train Epoch: 9 [8000/24148 (33%)]	Loss: 4.772969
Train Epoch: 9 [8320/24148 (34%)]	Loss: 4.515208
Train Epoch: 9 [8640/24148 (36%)]	Loss: 4.017340
Train Epoch: 9 [8960/24148 (37%)]	Loss: 4.523782
Train Epoch: 9 [9280/24148 (38%)]	Loss: 4.628704
Train Epoch: 9 [9600/24148 (40%)]	Loss: 4.121888
Train Epoch: 9 [9920/24148 (41%)]	Loss: 4.691335
Train Epoch: 9 [10240/24148 (42%)]	Loss: 4.506655
Train Epoch: 9 [10560/24148 (44%)]	Loss: 4.533886
Train Epoch: 9 [10880/24148 (45%)]	Loss: 4.644381
Train Epoch: 9 [11200/24148 (46%)]	Loss: 4.527540
Train Epoch: 9 [11520/24148 (48%)]	Loss: 4.920735
Train Epoch: 9 [11840/24148 (49%)]	Loss: 4.136414
Train Epoch: 9 [12160/24148 (50%)]	Loss: 4.117092
Train Epoch: 9 [12480/24148 (52%)]	Loss: 4.389771
Train Epoch: 9 [12800/24148 (53%)]	Loss: 4.589314
Train Epoch: 9 [13120/24148 (54%)]	Loss: 4.288716
Train Epoch: 9 [13440/24148 (56%)]	Loss: 4.420225
Train Epoch: 9 [13760/24148 (57%)]	Loss: 3.755872
Train Epoch: 9 [14080/24148 (58%)]	Loss: 4.494970
Train Epoch: 9 [14400/24148 (60%)]	Loss: 4.542158
Train Epoch: 9 [14720/24148 (61%)]	Loss: 4.437780
Train Epoch: 9 [15040/24148 (62%)]	Loss: 4.185906
Train Epoch: 9 [15360/24148 (64%)]	Loss: 3.971552
Train Epoch: 9 [15680/24148 (65%)]	Loss: 4.905345
Train Epoch: 9 [16000/24148 (66%)]	Loss: 4.767665
Train Epoch: 9 [16320/24148 (68%)]	Loss: 4.590531
Train Epoch: 9 [16640/24148 (69%)]	Loss: 4.074782
Train Epoch: 9 [16960/24148 (70%)]	Loss: 4.293303
Train Epoch: 9 [17280/24148 (72%)]	Loss: 4.352006
Train Epoch: 9 [17600/24148 (73%)]	Loss: 4.769686
Train Epoch: 9 [17920/24148 (74%)]	Loss: 4.862683
Train Epoch: 9 [18240/24148 (75%)]	Loss: 4.056030
Train Epoch: 9 [18560/24148 (77%)]	Loss: 4.373541
Train Epoch: 9 [18880/24148 (78%)]	Loss: 4.416027
Train Epoch: 9 [19200/24148 (79%)]	Loss: 4.422503
Train Epoch: 9 [19520/24148 (81%)]	Loss: 4.542138
Train Epoch: 9 [19840/24148 (82%)]	Loss: 4.477503
Train Epoch: 9 [20160/24148 (83%)]	Loss: 4.700131
Train Epoch: 9 [20480/24148 (85%)]	Loss: 3.840593
Train Epoch: 9 [20800/24148 (86%)]	Loss: 4.041684
Train Epoch: 9 [21120/24148 (87%)]	Loss: 4.520413
Train Epoch: 9 [21440/24148 (89%)]	Loss: 4.204582
Train Epoch: 9 [21760/24148 (90%)]	Loss: 4.638231
Train Epoch: 9 [22080/24148 (91%)]	Loss: 4.931259
Train Epoch: 9 [22400/24148 (93%)]	Loss: 4.760078
Train Epoch: 9 [22720/24148 (94%)]	Loss: 3.993906
Train Epoch: 9 [23040/24148 (95%)]	Loss: 4.386217
Train Epoch: 9 [23360/24148 (97%)]	Loss: 4.322630
Train Epoch: 9 [23680/24148 (98%)]	Loss: 4.621285
Train Epoch: 9 [24000/24148 (99%)]	Loss: 4.480462

Test set: Average loss: 4.4905, Accuracy: 855/6037 (14%)

Train Epoch: 10 [0/24148 (0%)]	Loss: 4.439793
Train Epoch: 10 [320/24148 (1%)]	Loss: 3.908833
Train Epoch: 10 [640/24148 (3%)]	Loss: 4.200904
Train Epoch: 10 [960/24148 (4%)]	Loss: 4.170113
Train Epoch: 10 [1280/24148 (5%)]	Loss: 4.342955
Train Epoch: 10 [1600/24148 (7%)]	Loss: 4.562056
Train Epoch: 10 [1920/24148 (8%)]	Loss: 4.440580
Train Epoch: 10 [2240/24148 (9%)]	Loss: 4.293589
Train Epoch: 10 [2560/24148 (11%)]	Loss: 4.450590
Train Epoch: 10 [2880/24148 (12%)]	Loss: 4.841010
Train Epoch: 10 [3200/24148 (13%)]	Loss: 3.904809
Train Epoch: 10 [3520/24148 (15%)]	Loss: 4.467432
Train Epoch: 10 [3840/24148 (16%)]	Loss: 4.590540
Train Epoch: 10 [4160/24148 (17%)]	Loss: 4.397112
Train Epoch: 10 [4480/24148 (19%)]	Loss: 3.954951
Train Epoch: 10 [4800/24148 (20%)]	Loss: 4.547236
Train Epoch: 10 [5120/24148 (21%)]	Loss: 4.214017
Train Epoch: 10 [5440/24148 (23%)]	Loss: 4.414052
Train Epoch: 10 [5760/24148 (24%)]	Loss: 4.423028
Train Epoch: 10 [6080/24148 (25%)]	Loss: 4.235960
Train Epoch: 10 [6400/24148 (26%)]	Loss: 4.335804
Train Epoch: 10 [6720/24148 (28%)]	Loss: 4.180719
Train Epoch: 10 [7040/24148 (29%)]	Loss: 4.204628
Train Epoch: 10 [7360/24148 (30%)]	Loss: 4.778450
Train Epoch: 10 [7680/24148 (32%)]	Loss: 4.436495
Train Epoch: 10 [8000/24148 (33%)]	Loss: 4.292113
Train Epoch: 10 [8320/24148 (34%)]	Loss: 4.683856
Train Epoch: 10 [8640/24148 (36%)]	Loss: 4.710895
Train Epoch: 10 [8960/24148 (37%)]	Loss: 3.544834
Train Epoch: 10 [9280/24148 (38%)]	Loss: 4.723058
Train Epoch: 10 [9600/24148 (40%)]	Loss: 4.222932
Train Epoch: 10 [9920/24148 (41%)]	Loss: 4.526551
Train Epoch: 10 [10240/24148 (42%)]	Loss: 4.266844
Train Epoch: 10 [10560/24148 (44%)]	Loss: 4.510258
Train Epoch: 10 [10880/24148 (45%)]	Loss: 4.377298
Train Epoch: 10 [11200/24148 (46%)]	Loss: 4.833908
Train Epoch: 10 [11520/24148 (48%)]	Loss: 4.753401
Train Epoch: 10 [11840/24148 (49%)]	Loss: 4.324074
Train Epoch: 10 [12160/24148 (50%)]	Loss: 4.466856
Train Epoch: 10 [12480/24148 (52%)]	Loss: 4.187871
Train Epoch: 10 [12800/24148 (53%)]	Loss: 4.007719
Train Epoch: 10 [13120/24148 (54%)]	Loss: 4.316629
Train Epoch: 10 [13440/24148 (56%)]	Loss: 4.498157
Train Epoch: 10 [13760/24148 (57%)]	Loss: 4.517185
Train Epoch: 10 [14080/24148 (58%)]	Loss: 4.279123
Train Epoch: 10 [14400/24148 (60%)]	Loss: 4.235851
Train Epoch: 10 [14720/24148 (61%)]	Loss: 4.500446
Train Epoch: 10 [15040/24148 (62%)]	Loss: 4.098460
Train Epoch: 10 [15360/24148 (64%)]	Loss: 4.700658
Train Epoch: 10 [15680/24148 (65%)]	Loss: 4.252269
Train Epoch: 10 [16000/24148 (66%)]	Loss: 4.247338
Train Epoch: 10 [16320/24148 (68%)]	Loss: 4.122848
Train Epoch: 10 [16640/24148 (69%)]	Loss: 4.334957
Train Epoch: 10 [16960/24148 (70%)]	Loss: 4.633918
Train Epoch: 10 [17280/24148 (72%)]	Loss: 4.748636
Train Epoch: 10 [17600/24148 (73%)]	Loss: 4.113659
Train Epoch: 10 [17920/24148 (74%)]	Loss: 4.764129
Train Epoch: 10 [18240/24148 (75%)]	Loss: 3.954353
Train Epoch: 10 [18560/24148 (77%)]	Loss: 4.720087
Train Epoch: 10 [18880/24148 (78%)]	Loss: 4.417964
Train Epoch: 10 [19200/24148 (79%)]	Loss: 4.449162
Train Epoch: 10 [19520/24148 (81%)]	Loss: 4.373359
Train Epoch: 10 [19840/24148 (82%)]	Loss: 4.141677
Train Epoch: 10 [20160/24148 (83%)]	Loss: 4.199037
Train Epoch: 10 [20480/24148 (85%)]	Loss: 4.155037
Train Epoch: 10 [20800/24148 (86%)]	Loss: 4.554905
Train Epoch: 10 [21120/24148 (87%)]	Loss: 4.207910
Train Epoch: 10 [21440/24148 (89%)]	Loss: 4.120125
Train Epoch: 10 [21760/24148 (90%)]	Loss: 4.246673
Train Epoch: 10 [22080/24148 (91%)]	Loss: 4.505713
Train Epoch: 10 [22400/24148 (93%)]	Loss: 4.230643
Train Epoch: 10 [22720/24148 (94%)]	Loss: 3.944449
Train Epoch: 10 [23040/24148 (95%)]	Loss: 4.395448
Train Epoch: 10 [23360/24148 (97%)]	Loss: 4.296329
Train Epoch: 10 [23680/24148 (98%)]	Loss: 4.227118
Train Epoch: 10 [24000/24148 (99%)]	Loss: 4.316767

Test set: Average loss: 4.4736, Accuracy: 848/6037 (14%)

Average seconds for training 1 epoch: 298.91942298412323
Average seconds for testing: 29.624799132347107
