Logging tensorboard to ./runs/Caltech256/vit_longformer_patch_size_8_attention_window_256
Files already downloaded and verified
Total number of parameters in the model: 15104641
Train Epoch: 1 [0/24148 (0%)]	Loss: 5.624771
Train Epoch: 1 [320/24148 (1%)]	Loss: 6.324669
Train Epoch: 1 [640/24148 (3%)]	Loss: 5.864793
Train Epoch: 1 [960/24148 (4%)]	Loss: 5.522559
Train Epoch: 1 [1280/24148 (5%)]	Loss: 5.479815
Train Epoch: 1 [1600/24148 (7%)]	Loss: 5.592188
Train Epoch: 1 [1920/24148 (8%)]	Loss: 5.460014
Train Epoch: 1 [2240/24148 (9%)]	Loss: 5.693071
Train Epoch: 1 [2560/24148 (11%)]	Loss: 5.617045
Train Epoch: 1 [2880/24148 (12%)]	Loss: 5.576181
Train Epoch: 1 [3200/24148 (13%)]	Loss: 5.074288
Train Epoch: 1 [3520/24148 (15%)]	Loss: 5.294739
Train Epoch: 1 [3840/24148 (16%)]	Loss: 5.426910
Train Epoch: 1 [4160/24148 (17%)]	Loss: 5.415362
Train Epoch: 1 [4480/24148 (19%)]	Loss: 5.616495
Train Epoch: 1 [4800/24148 (20%)]	Loss: 5.229149
Train Epoch: 1 [5120/24148 (21%)]	Loss: 5.388505
Train Epoch: 1 [5440/24148 (23%)]	Loss: 5.457685
Train Epoch: 1 [5760/24148 (24%)]	Loss: 5.463051
Train Epoch: 1 [6080/24148 (25%)]	Loss: 5.479848
Train Epoch: 1 [6400/24148 (26%)]	Loss: 5.232996
Train Epoch: 1 [6720/24148 (28%)]	Loss: 5.259889
Train Epoch: 1 [7040/24148 (29%)]	Loss: 5.218004
Train Epoch: 1 [7360/24148 (30%)]	Loss: 5.262317
Train Epoch: 1 [7680/24148 (32%)]	Loss: 5.448014
Train Epoch: 1 [8000/24148 (33%)]	Loss: 5.345965
Train Epoch: 1 [8320/24148 (34%)]	Loss: 4.974712
Train Epoch: 1 [8640/24148 (36%)]	Loss: 5.452574
Train Epoch: 1 [8960/24148 (37%)]	Loss: 5.201348
Train Epoch: 1 [9280/24148 (38%)]	Loss: 5.282542
Train Epoch: 1 [9600/24148 (40%)]	Loss: 5.059838
Train Epoch: 1 [9920/24148 (41%)]	Loss: 5.505044
Train Epoch: 1 [10240/24148 (42%)]	Loss: 4.958702
Train Epoch: 1 [10560/24148 (44%)]	Loss: 5.001039
Train Epoch: 1 [10880/24148 (45%)]	Loss: 5.329012
Train Epoch: 1 [11200/24148 (46%)]	Loss: 5.228234
Train Epoch: 1 [11520/24148 (48%)]	Loss: 5.064718
Train Epoch: 1 [11840/24148 (49%)]	Loss: 5.051696
Train Epoch: 1 [12160/24148 (50%)]	Loss: 5.119460
Train Epoch: 1 [12480/24148 (52%)]	Loss: 5.189008
Train Epoch: 1 [12800/24148 (53%)]	Loss: 5.044338
Train Epoch: 1 [13120/24148 (54%)]	Loss: 5.109788
Train Epoch: 1 [13440/24148 (56%)]	Loss: 4.612621
Train Epoch: 1 [13760/24148 (57%)]	Loss: 5.424541
Train Epoch: 1 [14080/24148 (58%)]	Loss: 4.997445
Train Epoch: 1 [14400/24148 (60%)]	Loss: 5.233722
Train Epoch: 1 [14720/24148 (61%)]	Loss: 5.354552
Train Epoch: 1 [15040/24148 (62%)]	Loss: 5.275363
Train Epoch: 1 [15360/24148 (64%)]	Loss: 5.000554
Train Epoch: 1 [15680/24148 (65%)]	Loss: 5.314627
Train Epoch: 1 [16000/24148 (66%)]	Loss: 5.155217
Train Epoch: 1 [16320/24148 (68%)]	Loss: 5.030200
Train Epoch: 1 [16640/24148 (69%)]	Loss: 5.440039
Train Epoch: 1 [16960/24148 (70%)]	Loss: 5.133574
Train Epoch: 1 [17280/24148 (72%)]	Loss: 4.922866
Train Epoch: 1 [17600/24148 (73%)]	Loss: 5.274628
Train Epoch: 1 [17920/24148 (74%)]	Loss: 5.409795
Train Epoch: 1 [18240/24148 (75%)]	Loss: 5.169128
Train Epoch: 1 [18560/24148 (77%)]	Loss: 5.108487
Train Epoch: 1 [18880/24148 (78%)]	Loss: 4.848135
Train Epoch: 1 [19200/24148 (79%)]	Loss: 5.212606
Train Epoch: 1 [19520/24148 (81%)]	Loss: 5.488698
Train Epoch: 1 [19840/24148 (82%)]	Loss: 4.913554
Train Epoch: 1 [20160/24148 (83%)]	Loss: 4.876416
Train Epoch: 1 [20480/24148 (85%)]	Loss: 5.000114
Train Epoch: 1 [20800/24148 (86%)]	Loss: 4.801808
Train Epoch: 1 [21120/24148 (87%)]	Loss: 4.171988
Train Epoch: 1 [21440/24148 (89%)]	Loss: 4.982431
Train Epoch: 1 [21760/24148 (90%)]	Loss: 5.028020
Train Epoch: 1 [22080/24148 (91%)]	Loss: 5.156814
Train Epoch: 1 [22400/24148 (93%)]	Loss: 5.241824
Train Epoch: 1 [22720/24148 (94%)]	Loss: 5.178050
Train Epoch: 1 [23040/24148 (95%)]	Loss: 4.785479
Train Epoch: 1 [23360/24148 (97%)]	Loss: 4.648533
Train Epoch: 1 [23680/24148 (98%)]	Loss: 5.482676
Train Epoch: 1 [24000/24148 (99%)]	Loss: 4.964787

Test set: Average loss: 4.9283, Accuracy: 626/6037 (10%)

Train Epoch: 2 [0/24148 (0%)]	Loss: 5.130610
Train Epoch: 2 [320/24148 (1%)]	Loss: 4.744771
Train Epoch: 2 [640/24148 (3%)]	Loss: 4.567595
Train Epoch: 2 [960/24148 (4%)]	Loss: 5.124270
Train Epoch: 2 [1280/24148 (5%)]	Loss: 4.720659
Train Epoch: 2 [1600/24148 (7%)]	Loss: 4.562375
Train Epoch: 2 [1920/24148 (8%)]	Loss: 4.993858
Train Epoch: 2 [2240/24148 (9%)]	Loss: 4.802709
Train Epoch: 2 [2560/24148 (11%)]	Loss: 4.728445
Train Epoch: 2 [2880/24148 (12%)]	Loss: 4.788653
Train Epoch: 2 [3200/24148 (13%)]	Loss: 5.164798
Train Epoch: 2 [3520/24148 (15%)]	Loss: 4.792068
Train Epoch: 2 [3840/24148 (16%)]	Loss: 4.852365
Train Epoch: 2 [4160/24148 (17%)]	Loss: 5.032108
Train Epoch: 2 [4480/24148 (19%)]	Loss: 4.454131
Train Epoch: 2 [4800/24148 (20%)]	Loss: 4.334291
Train Epoch: 2 [5120/24148 (21%)]	Loss: 4.853036
Train Epoch: 2 [5440/24148 (23%)]	Loss: 4.630739
Train Epoch: 2 [5760/24148 (24%)]	Loss: 5.062749
Train Epoch: 2 [6080/24148 (25%)]	Loss: 5.287812
Train Epoch: 2 [6400/24148 (26%)]	Loss: 5.196144
Train Epoch: 2 [6720/24148 (28%)]	Loss: 4.860414
Train Epoch: 2 [7040/24148 (29%)]	Loss: 4.891312
Train Epoch: 2 [7360/24148 (30%)]	Loss: 4.708123
Train Epoch: 2 [7680/24148 (32%)]	Loss: 4.923993
Train Epoch: 2 [8000/24148 (33%)]	Loss: 5.048721
Train Epoch: 2 [8320/24148 (34%)]	Loss: 4.855175
Train Epoch: 2 [8640/24148 (36%)]	Loss: 4.853393
Train Epoch: 2 [8960/24148 (37%)]	Loss: 5.187010
Train Epoch: 2 [9280/24148 (38%)]	Loss: 4.812420
Train Epoch: 2 [9600/24148 (40%)]	Loss: 4.567802
Train Epoch: 2 [9920/24148 (41%)]	Loss: 4.944469
Train Epoch: 2 [10240/24148 (42%)]	Loss: 4.896127
Train Epoch: 2 [10560/24148 (44%)]	Loss: 4.846201
Train Epoch: 2 [10880/24148 (45%)]	Loss: 5.242821
Train Epoch: 2 [11200/24148 (46%)]	Loss: 4.504061
Train Epoch: 2 [11520/24148 (48%)]	Loss: 4.932190
Train Epoch: 2 [11840/24148 (49%)]	Loss: 5.340124
Train Epoch: 2 [12160/24148 (50%)]	Loss: 4.641687
Train Epoch: 2 [12480/24148 (52%)]	Loss: 4.915406
Train Epoch: 2 [12800/24148 (53%)]	Loss: 4.329526
Train Epoch: 2 [13120/24148 (54%)]	Loss: 4.902053
Train Epoch: 2 [13440/24148 (56%)]	Loss: 4.522851
Train Epoch: 2 [13760/24148 (57%)]	Loss: 4.942673
Train Epoch: 2 [14080/24148 (58%)]	Loss: 4.524067
Train Epoch: 2 [14400/24148 (60%)]	Loss: 4.936782
Train Epoch: 2 [14720/24148 (61%)]	Loss: 4.879390
Train Epoch: 2 [15040/24148 (62%)]	Loss: 4.796661
Train Epoch: 2 [15360/24148 (64%)]	Loss: 4.530593
Train Epoch: 2 [15680/24148 (65%)]	Loss: 4.439190
Train Epoch: 2 [16000/24148 (66%)]	Loss: 4.735666
Train Epoch: 2 [16320/24148 (68%)]	Loss: 4.833005
Train Epoch: 2 [16640/24148 (69%)]	Loss: 4.479426
Train Epoch: 2 [16960/24148 (70%)]	Loss: 5.008769
Train Epoch: 2 [17280/24148 (72%)]	Loss: 4.877992
Train Epoch: 2 [17600/24148 (73%)]	Loss: 4.895097
Train Epoch: 2 [17920/24148 (74%)]	Loss: 4.874358
Train Epoch: 2 [18240/24148 (75%)]	Loss: 5.060638
Train Epoch: 2 [18560/24148 (77%)]	Loss: 4.811011
Train Epoch: 2 [18880/24148 (78%)]	Loss: 4.881071
Train Epoch: 2 [19200/24148 (79%)]	Loss: 4.427596
Train Epoch: 2 [19520/24148 (81%)]	Loss: 4.799466
Train Epoch: 2 [19840/24148 (82%)]	Loss: 4.617078
Train Epoch: 2 [20160/24148 (83%)]	Loss: 5.323773
Train Epoch: 2 [20480/24148 (85%)]	Loss: 4.605402
Train Epoch: 2 [20800/24148 (86%)]	Loss: 4.744088
Train Epoch: 2 [21120/24148 (87%)]	Loss: 4.840825
Train Epoch: 2 [21440/24148 (89%)]	Loss: 4.781365
Train Epoch: 2 [21760/24148 (90%)]	Loss: 4.151919
Train Epoch: 2 [22080/24148 (91%)]	Loss: 4.402642
Train Epoch: 2 [22400/24148 (93%)]	Loss: 4.033192
Train Epoch: 2 [22720/24148 (94%)]	Loss: 4.433243
Train Epoch: 2 [23040/24148 (95%)]	Loss: 5.303296
Train Epoch: 2 [23360/24148 (97%)]	Loss: 4.724547
Train Epoch: 2 [23680/24148 (98%)]	Loss: 4.461647
Train Epoch: 2 [24000/24148 (99%)]	Loss: 4.717474

Test set: Average loss: 4.7368, Accuracy: 693/6037 (11%)

Train Epoch: 3 [0/24148 (0%)]	Loss: 4.302558
Train Epoch: 3 [320/24148 (1%)]	Loss: 4.160320
Train Epoch: 3 [640/24148 (3%)]	Loss: 4.229871
Train Epoch: 3 [960/24148 (4%)]	Loss: 4.384037
Train Epoch: 3 [1280/24148 (5%)]	Loss: 5.067226
Train Epoch: 3 [1600/24148 (7%)]	Loss: 4.353362
Train Epoch: 3 [1920/24148 (8%)]	Loss: 4.542088
Train Epoch: 3 [2240/24148 (9%)]	Loss: 4.829767
Train Epoch: 3 [2560/24148 (11%)]	Loss: 4.277830
Train Epoch: 3 [2880/24148 (12%)]	Loss: 4.414755
Train Epoch: 3 [3200/24148 (13%)]	Loss: 4.360624
Train Epoch: 3 [3520/24148 (15%)]	Loss: 4.431517
Train Epoch: 3 [3840/24148 (16%)]	Loss: 4.849565
Train Epoch: 3 [4160/24148 (17%)]	Loss: 4.359303
Train Epoch: 3 [4480/24148 (19%)]	Loss: 4.679508
Train Epoch: 3 [4800/24148 (20%)]	Loss: 4.883671
Train Epoch: 3 [5120/24148 (21%)]	Loss: 4.581161
Train Epoch: 3 [5440/24148 (23%)]	Loss: 4.254486
Train Epoch: 3 [5760/24148 (24%)]	Loss: 4.624665
Train Epoch: 3 [6080/24148 (25%)]	Loss: 4.840935
Train Epoch: 3 [6400/24148 (26%)]	Loss: 4.513084
Train Epoch: 3 [6720/24148 (28%)]	Loss: 4.443099
Train Epoch: 3 [7040/24148 (29%)]	Loss: 4.938611
Train Epoch: 3 [7360/24148 (30%)]	Loss: 4.646240
Train Epoch: 3 [7680/24148 (32%)]	Loss: 4.667978
Train Epoch: 3 [8000/24148 (33%)]	Loss: 4.500129
Train Epoch: 3 [8320/24148 (34%)]	Loss: 4.499676
Train Epoch: 3 [8640/24148 (36%)]	Loss: 4.610794
Train Epoch: 3 [8960/24148 (37%)]	Loss: 4.327394
Train Epoch: 3 [9280/24148 (38%)]	Loss: 3.999089
Train Epoch: 3 [9600/24148 (40%)]	Loss: 4.028063
Train Epoch: 3 [9920/24148 (41%)]	Loss: 4.497405
Train Epoch: 3 [10240/24148 (42%)]	Loss: 5.060417
Train Epoch: 3 [10560/24148 (44%)]	Loss: 4.909147
Train Epoch: 3 [10880/24148 (45%)]	Loss: 4.501437
Train Epoch: 3 [11200/24148 (46%)]	Loss: 4.182951
Train Epoch: 3 [11520/24148 (48%)]	Loss: 4.569405
Train Epoch: 3 [11840/24148 (49%)]	Loss: 4.420704
Train Epoch: 3 [12160/24148 (50%)]	Loss: 4.659586
Train Epoch: 3 [12480/24148 (52%)]	Loss: 4.384426
Train Epoch: 3 [12800/24148 (53%)]	Loss: 4.993135
Train Epoch: 3 [13120/24148 (54%)]	Loss: 4.619587
Train Epoch: 3 [13440/24148 (56%)]	Loss: 4.949648
Train Epoch: 3 [13760/24148 (57%)]	Loss: 4.746889
Train Epoch: 3 [14080/24148 (58%)]	Loss: 4.740491
Train Epoch: 3 [14400/24148 (60%)]	Loss: 4.086874
Train Epoch: 3 [14720/24148 (61%)]	Loss: 4.467129
Train Epoch: 3 [15040/24148 (62%)]	Loss: 4.652343
Train Epoch: 3 [15360/24148 (64%)]	Loss: 4.179554
Train Epoch: 3 [15680/24148 (65%)]	Loss: 4.647257
Train Epoch: 3 [16000/24148 (66%)]	Loss: 4.086469
Train Epoch: 3 [16320/24148 (68%)]	Loss: 3.819198
Train Epoch: 3 [16640/24148 (69%)]	Loss: 4.815923
Train Epoch: 3 [16960/24148 (70%)]	Loss: 4.637702
Train Epoch: 3 [17280/24148 (72%)]	Loss: 4.203163
Train Epoch: 3 [17600/24148 (73%)]	Loss: 4.478272
Train Epoch: 3 [17920/24148 (74%)]	Loss: 4.707004
Train Epoch: 3 [18240/24148 (75%)]	Loss: 4.539587
Train Epoch: 3 [18560/24148 (77%)]	Loss: 4.364845
Train Epoch: 3 [18880/24148 (78%)]	Loss: 4.600774
Train Epoch: 3 [19200/24148 (79%)]	Loss: 4.338349
Train Epoch: 3 [19520/24148 (81%)]	Loss: 4.580956
Train Epoch: 3 [19840/24148 (82%)]	Loss: 4.475755
Train Epoch: 3 [20160/24148 (83%)]	Loss: 4.082783
Train Epoch: 3 [20480/24148 (85%)]	Loss: 4.739528
Train Epoch: 3 [20800/24148 (86%)]	Loss: 4.765818
Train Epoch: 3 [21120/24148 (87%)]	Loss: 4.629009
Train Epoch: 3 [21440/24148 (89%)]	Loss: 4.567060
Train Epoch: 3 [21760/24148 (90%)]	Loss: 4.419120
Train Epoch: 3 [22080/24148 (91%)]	Loss: 5.016385
Train Epoch: 3 [22400/24148 (93%)]	Loss: 4.237455
Train Epoch: 3 [22720/24148 (94%)]	Loss: 4.333876
Train Epoch: 3 [23040/24148 (95%)]	Loss: 3.829887
Train Epoch: 3 [23360/24148 (97%)]	Loss: 4.351811
Train Epoch: 3 [23680/24148 (98%)]	Loss: 4.952792
Train Epoch: 3 [24000/24148 (99%)]	Loss: 4.642521

Test set: Average loss: 4.4852, Accuracy: 858/6037 (14%)

Train Epoch: 4 [0/24148 (0%)]	Loss: 4.176546
Train Epoch: 4 [320/24148 (1%)]	Loss: 4.316902
Train Epoch: 4 [640/24148 (3%)]	Loss: 4.581416
Train Epoch: 4 [960/24148 (4%)]	Loss: 4.655570
Train Epoch: 4 [1280/24148 (5%)]	Loss: 3.851449
Train Epoch: 4 [1600/24148 (7%)]	Loss: 4.069952
Train Epoch: 4 [1920/24148 (8%)]	Loss: 4.341599
Train Epoch: 4 [2240/24148 (9%)]	Loss: 4.666063
Train Epoch: 4 [2560/24148 (11%)]	Loss: 4.570068
Train Epoch: 4 [2880/24148 (12%)]	Loss: 4.555136
Train Epoch: 4 [3200/24148 (13%)]	Loss: 4.527947
Train Epoch: 4 [3520/24148 (15%)]	Loss: 4.678430
Train Epoch: 4 [3840/24148 (16%)]	Loss: 4.561027
Train Epoch: 4 [4160/24148 (17%)]	Loss: 3.988425
Train Epoch: 4 [4480/24148 (19%)]	Loss: 4.420258
Train Epoch: 4 [4800/24148 (20%)]	Loss: 3.340487
Train Epoch: 4 [5120/24148 (21%)]	Loss: 4.650070
Train Epoch: 4 [5440/24148 (23%)]	Loss: 4.664204
Train Epoch: 4 [5760/24148 (24%)]	Loss: 4.513865
Train Epoch: 4 [6080/24148 (25%)]	Loss: 4.262018
Train Epoch: 4 [6400/24148 (26%)]	Loss: 4.096340
Train Epoch: 4 [6720/24148 (28%)]	Loss: 4.741793
Train Epoch: 4 [7040/24148 (29%)]	Loss: 4.949334
Train Epoch: 4 [7360/24148 (30%)]	Loss: 4.626091
Train Epoch: 4 [7680/24148 (32%)]	Loss: 3.960911
Train Epoch: 4 [8000/24148 (33%)]	Loss: 4.309509
Train Epoch: 4 [8320/24148 (34%)]	Loss: 4.192667
Train Epoch: 4 [8640/24148 (36%)]	Loss: 4.583437
Train Epoch: 4 [8960/24148 (37%)]	Loss: 4.277344
Train Epoch: 4 [9280/24148 (38%)]	Loss: 4.357476
Train Epoch: 4 [9600/24148 (40%)]	Loss: 3.731375
Train Epoch: 4 [9920/24148 (41%)]	Loss: 3.970555
Train Epoch: 4 [10240/24148 (42%)]	Loss: 4.501822
Train Epoch: 4 [10560/24148 (44%)]	Loss: 4.139741
Train Epoch: 4 [10880/24148 (45%)]	Loss: 4.676195
Train Epoch: 4 [11200/24148 (46%)]	Loss: 4.270496
Train Epoch: 4 [11520/24148 (48%)]	Loss: 4.095780
Train Epoch: 4 [11840/24148 (49%)]	Loss: 4.237344
Train Epoch: 4 [12160/24148 (50%)]	Loss: 4.368233
Train Epoch: 4 [12480/24148 (52%)]	Loss: 4.382590
Train Epoch: 4 [12800/24148 (53%)]	Loss: 4.623932
Train Epoch: 4 [13120/24148 (54%)]	Loss: 3.875022
Train Epoch: 4 [13440/24148 (56%)]	Loss: 4.461356
Train Epoch: 4 [13760/24148 (57%)]	Loss: 4.265836
Train Epoch: 4 [14080/24148 (58%)]	Loss: 3.552323
Train Epoch: 4 [14400/24148 (60%)]	Loss: 4.393174
Train Epoch: 4 [14720/24148 (61%)]	Loss: 4.114584
Train Epoch: 4 [15040/24148 (62%)]	Loss: 4.605071
Train Epoch: 4 [15360/24148 (64%)]	Loss: 4.188685
Train Epoch: 4 [15680/24148 (65%)]	Loss: 4.449454
Train Epoch: 4 [16000/24148 (66%)]	Loss: 4.467319
Train Epoch: 4 [16320/24148 (68%)]	Loss: 4.691047
Train Epoch: 4 [16640/24148 (69%)]	Loss: 3.811250
Train Epoch: 4 [16960/24148 (70%)]	Loss: 3.968347
Train Epoch: 4 [17280/24148 (72%)]	Loss: 4.296085
Train Epoch: 4 [17600/24148 (73%)]	Loss: 4.005097
Train Epoch: 4 [17920/24148 (74%)]	Loss: 3.975605
Train Epoch: 4 [18240/24148 (75%)]	Loss: 4.268488
Train Epoch: 4 [18560/24148 (77%)]	Loss: 4.587424
Train Epoch: 4 [18880/24148 (78%)]	Loss: 3.918714
Train Epoch: 4 [19200/24148 (79%)]	Loss: 3.960185
Train Epoch: 4 [19520/24148 (81%)]	Loss: 4.539102
Train Epoch: 4 [19840/24148 (82%)]	Loss: 4.436349
Train Epoch: 4 [20160/24148 (83%)]	Loss: 4.102433
Train Epoch: 4 [20480/24148 (85%)]	Loss: 4.301580
Train Epoch: 4 [20800/24148 (86%)]	Loss: 4.234913
Train Epoch: 4 [21120/24148 (87%)]	Loss: 4.359775
Train Epoch: 4 [21440/24148 (89%)]	Loss: 4.124222
Train Epoch: 4 [21760/24148 (90%)]	Loss: 4.245560
Train Epoch: 4 [22080/24148 (91%)]	Loss: 4.744883
Train Epoch: 4 [22400/24148 (93%)]	Loss: 4.098681
Train Epoch: 4 [22720/24148 (94%)]	Loss: 3.854550
Train Epoch: 4 [23040/24148 (95%)]	Loss: 4.118935
Train Epoch: 4 [23360/24148 (97%)]	Loss: 4.470301
Train Epoch: 4 [23680/24148 (98%)]	Loss: 4.292758
Train Epoch: 4 [24000/24148 (99%)]	Loss: 4.412162

Test set: Average loss: 4.2817, Accuracy: 1001/6037 (17%)

Train Epoch: 5 [0/24148 (0%)]	Loss: 4.374818
Train Epoch: 5 [320/24148 (1%)]	Loss: 4.208131
Train Epoch: 5 [640/24148 (3%)]	Loss: 3.880483
Train Epoch: 5 [960/24148 (4%)]	Loss: 3.975753
Train Epoch: 5 [1280/24148 (5%)]	Loss: 4.000060
Train Epoch: 5 [1600/24148 (7%)]	Loss: 3.869304
Train Epoch: 5 [1920/24148 (8%)]	Loss: 4.404819
Train Epoch: 5 [2240/24148 (9%)]	Loss: 3.695448
Train Epoch: 5 [2560/24148 (11%)]	Loss: 4.267084
Train Epoch: 5 [2880/24148 (12%)]	Loss: 4.652202
Train Epoch: 5 [3200/24148 (13%)]	Loss: 3.734792
Train Epoch: 5 [3520/24148 (15%)]	Loss: 4.096855
Train Epoch: 5 [3840/24148 (16%)]	Loss: 3.652641
Train Epoch: 5 [4160/24148 (17%)]	Loss: 4.312917
Train Epoch: 5 [4480/24148 (19%)]	Loss: 3.651956
Train Epoch: 5 [4800/24148 (20%)]	Loss: 4.134417
Train Epoch: 5 [5120/24148 (21%)]	Loss: 4.232483
Train Epoch: 5 [5440/24148 (23%)]	Loss: 3.911600
Train Epoch: 5 [5760/24148 (24%)]	Loss: 4.449347
Train Epoch: 5 [6080/24148 (25%)]	Loss: 4.112480
Train Epoch: 5 [6400/24148 (26%)]	Loss: 3.010355
Train Epoch: 5 [6720/24148 (28%)]	Loss: 4.047914
Train Epoch: 5 [7040/24148 (29%)]	Loss: 3.916639
Train Epoch: 5 [7360/24148 (30%)]	Loss: 4.500691
Train Epoch: 5 [7680/24148 (32%)]	Loss: 3.901331
Train Epoch: 5 [8000/24148 (33%)]	Loss: 3.913287
Train Epoch: 5 [8320/24148 (34%)]	Loss: 3.811729
Train Epoch: 5 [8640/24148 (36%)]	Loss: 4.150681
Train Epoch: 5 [8960/24148 (37%)]	Loss: 3.592272
Train Epoch: 5 [9280/24148 (38%)]	Loss: 4.128965
Train Epoch: 5 [9600/24148 (40%)]	Loss: 4.175670
Train Epoch: 5 [9920/24148 (41%)]	Loss: 4.358416
Train Epoch: 5 [10240/24148 (42%)]	Loss: 4.080296
Train Epoch: 5 [10560/24148 (44%)]	Loss: 4.571651
Train Epoch: 5 [10880/24148 (45%)]	Loss: 4.240038
Train Epoch: 5 [11200/24148 (46%)]	Loss: 4.036041
Train Epoch: 5 [11520/24148 (48%)]	Loss: 4.252803
Train Epoch: 5 [11840/24148 (49%)]	Loss: 3.390985
Train Epoch: 5 [12160/24148 (50%)]	Loss: 3.863408
Train Epoch: 5 [12480/24148 (52%)]	Loss: 3.100550
Train Epoch: 5 [12800/24148 (53%)]	Loss: 4.395980
Train Epoch: 5 [13120/24148 (54%)]	Loss: 3.650905
Train Epoch: 5 [13440/24148 (56%)]	Loss: 4.434730
Train Epoch: 5 [13760/24148 (57%)]	Loss: 3.724087
Train Epoch: 5 [14080/24148 (58%)]	Loss: 4.044950
Train Epoch: 5 [14400/24148 (60%)]	Loss: 3.881731
Train Epoch: 5 [14720/24148 (61%)]	Loss: 3.948567
Train Epoch: 5 [15040/24148 (62%)]	Loss: 3.947482
Train Epoch: 5 [15360/24148 (64%)]	Loss: 4.041713
Train Epoch: 5 [15680/24148 (65%)]	Loss: 3.636139
Train Epoch: 5 [16000/24148 (66%)]	Loss: 3.696025
Train Epoch: 5 [16320/24148 (68%)]	Loss: 3.860027
Train Epoch: 5 [16640/24148 (69%)]	Loss: 3.947992
Train Epoch: 5 [16960/24148 (70%)]	Loss: 3.936552
Train Epoch: 5 [17280/24148 (72%)]	Loss: 3.886008
Train Epoch: 5 [17600/24148 (73%)]	Loss: 4.421894
Train Epoch: 5 [17920/24148 (74%)]	Loss: 3.976483
Train Epoch: 5 [18240/24148 (75%)]	Loss: 4.329652
Train Epoch: 5 [18560/24148 (77%)]	Loss: 3.474632
Train Epoch: 5 [18880/24148 (78%)]	Loss: 3.564277
Train Epoch: 5 [19200/24148 (79%)]	Loss: 3.646759
Train Epoch: 5 [19520/24148 (81%)]	Loss: 3.390936
Train Epoch: 5 [19840/24148 (82%)]	Loss: 3.802670
Train Epoch: 5 [20160/24148 (83%)]	Loss: 4.524662
Train Epoch: 5 [20480/24148 (85%)]	Loss: 4.191439
Train Epoch: 5 [20800/24148 (86%)]	Loss: 3.999009
Train Epoch: 5 [21120/24148 (87%)]	Loss: 3.406445
Train Epoch: 5 [21440/24148 (89%)]	Loss: 3.743221
Train Epoch: 5 [21760/24148 (90%)]	Loss: 4.153982
Train Epoch: 5 [22080/24148 (91%)]	Loss: 3.968855
Train Epoch: 5 [22400/24148 (93%)]	Loss: 4.224102
Train Epoch: 5 [22720/24148 (94%)]	Loss: 3.490280
Train Epoch: 5 [23040/24148 (95%)]	Loss: 4.003537
Train Epoch: 5 [23360/24148 (97%)]	Loss: 3.885702
Train Epoch: 5 [23680/24148 (98%)]	Loss: 4.033053
Train Epoch: 5 [24000/24148 (99%)]	Loss: 3.646109

Test set: Average loss: 4.0583, Accuracy: 1215/6037 (20%)

Train Epoch: 6 [0/24148 (0%)]	Loss: 3.781966
Train Epoch: 6 [320/24148 (1%)]	Loss: 2.773425
Train Epoch: 6 [640/24148 (3%)]	Loss: 3.847795
Train Epoch: 6 [960/24148 (4%)]	Loss: 4.048395
Train Epoch: 6 [1280/24148 (5%)]	Loss: 3.739018
Train Epoch: 6 [1600/24148 (7%)]	Loss: 3.603922
Train Epoch: 6 [1920/24148 (8%)]	Loss: 4.152824
Train Epoch: 6 [2240/24148 (9%)]	Loss: 3.860272
Train Epoch: 6 [2560/24148 (11%)]	Loss: 4.274365
Train Epoch: 6 [2880/24148 (12%)]	Loss: 3.886236
Train Epoch: 6 [3200/24148 (13%)]	Loss: 3.914499
Train Epoch: 6 [3520/24148 (15%)]	Loss: 4.104054
Train Epoch: 6 [3840/24148 (16%)]	Loss: 3.426449
Train Epoch: 6 [4160/24148 (17%)]	Loss: 3.973056
Train Epoch: 6 [4480/24148 (19%)]	Loss: 3.819583
Train Epoch: 6 [4800/24148 (20%)]	Loss: 3.980669
Train Epoch: 6 [5120/24148 (21%)]	Loss: 3.695776
Train Epoch: 6 [5440/24148 (23%)]	Loss: 4.406276
Train Epoch: 6 [5760/24148 (24%)]	Loss: 3.536144
Train Epoch: 6 [6080/24148 (25%)]	Loss: 3.790233
Train Epoch: 6 [6400/24148 (26%)]	Loss: 4.166095
Train Epoch: 6 [6720/24148 (28%)]	Loss: 3.410939
Train Epoch: 6 [7040/24148 (29%)]	Loss: 3.403461
Train Epoch: 6 [7360/24148 (30%)]	Loss: 3.970659
Train Epoch: 6 [7680/24148 (32%)]	Loss: 4.098837
Train Epoch: 6 [8000/24148 (33%)]	Loss: 3.313236
Train Epoch: 6 [8320/24148 (34%)]	Loss: 4.588316
Train Epoch: 6 [8640/24148 (36%)]	Loss: 4.082252
Train Epoch: 6 [8960/24148 (37%)]	Loss: 4.122306
Train Epoch: 6 [9280/24148 (38%)]	Loss: 4.306863
Train Epoch: 6 [9600/24148 (40%)]	Loss: 4.135569
Train Epoch: 6 [9920/24148 (41%)]	Loss: 3.728474
Train Epoch: 6 [10240/24148 (42%)]	Loss: 4.578899
Train Epoch: 6 [10560/24148 (44%)]	Loss: 3.675260
Train Epoch: 6 [10880/24148 (45%)]	Loss: 3.776131
Train Epoch: 6 [11200/24148 (46%)]	Loss: 3.305239
Train Epoch: 6 [11520/24148 (48%)]	Loss: 3.434896
Train Epoch: 6 [11840/24148 (49%)]	Loss: 3.826168
Train Epoch: 6 [12160/24148 (50%)]	Loss: 3.872114
Train Epoch: 6 [12480/24148 (52%)]	Loss: 3.578558
Train Epoch: 6 [12800/24148 (53%)]	Loss: 3.595814
Train Epoch: 6 [13120/24148 (54%)]	Loss: 3.764778
Train Epoch: 6 [13440/24148 (56%)]	Loss: 3.755736
Train Epoch: 6 [13760/24148 (57%)]	Loss: 3.434919
Train Epoch: 6 [14080/24148 (58%)]	Loss: 4.170762
Train Epoch: 6 [14400/24148 (60%)]	Loss: 3.393755
Train Epoch: 6 [14720/24148 (61%)]	Loss: 3.986767
Train Epoch: 6 [15040/24148 (62%)]	Loss: 4.014968
Train Epoch: 6 [15360/24148 (64%)]	Loss: 3.992411
Train Epoch: 6 [15680/24148 (65%)]	Loss: 3.416347
Train Epoch: 6 [16000/24148 (66%)]	Loss: 3.855272
Train Epoch: 6 [16320/24148 (68%)]	Loss: 3.899003
Train Epoch: 6 [16640/24148 (69%)]	Loss: 3.353535
Train Epoch: 6 [16960/24148 (70%)]	Loss: 3.901598
Train Epoch: 6 [17280/24148 (72%)]	Loss: 3.910273
Train Epoch: 6 [17600/24148 (73%)]	Loss: 3.749033
Train Epoch: 6 [17920/24148 (74%)]	Loss: 3.771656
Train Epoch: 6 [18240/24148 (75%)]	Loss: 3.540793
Train Epoch: 6 [18560/24148 (77%)]	Loss: 3.607125
Train Epoch: 6 [18880/24148 (78%)]	Loss: 3.716951
Train Epoch: 6 [19200/24148 (79%)]	Loss: 4.193262
Train Epoch: 6 [19520/24148 (81%)]	Loss: 4.065154
Train Epoch: 6 [19840/24148 (82%)]	Loss: 3.784490
Train Epoch: 6 [20160/24148 (83%)]	Loss: 4.237794
Train Epoch: 6 [20480/24148 (85%)]	Loss: 4.079233
Train Epoch: 6 [20800/24148 (86%)]	Loss: 3.897842
Train Epoch: 6 [21120/24148 (87%)]	Loss: 3.403385
Train Epoch: 6 [21440/24148 (89%)]	Loss: 3.247100
Train Epoch: 6 [21760/24148 (90%)]	Loss: 3.973813
Train Epoch: 6 [22080/24148 (91%)]	Loss: 3.492347
Train Epoch: 6 [22400/24148 (93%)]	Loss: 3.470665
Train Epoch: 6 [22720/24148 (94%)]	Loss: 3.880189
Train Epoch: 6 [23040/24148 (95%)]	Loss: 3.488689
Train Epoch: 6 [23360/24148 (97%)]	Loss: 3.690877
Train Epoch: 6 [23680/24148 (98%)]	Loss: 3.923846
Train Epoch: 6 [24000/24148 (99%)]	Loss: 3.630971

Test set: Average loss: 3.9377, Accuracy: 1249/6037 (21%)

Train Epoch: 7 [0/24148 (0%)]	Loss: 4.020325
Train Epoch: 7 [320/24148 (1%)]	Loss: 3.547537
Train Epoch: 7 [640/24148 (3%)]	Loss: 3.481796
Train Epoch: 7 [960/24148 (4%)]	Loss: 3.203337
Train Epoch: 7 [1280/24148 (5%)]	Loss: 3.340988
Train Epoch: 7 [1600/24148 (7%)]	Loss: 3.305583
Train Epoch: 7 [1920/24148 (8%)]	Loss: 3.569964
Train Epoch: 7 [2240/24148 (9%)]	Loss: 3.831269
Train Epoch: 7 [2560/24148 (11%)]	Loss: 3.518345
Train Epoch: 7 [2880/24148 (12%)]	Loss: 3.788472
Train Epoch: 7 [3200/24148 (13%)]	Loss: 3.038687
Train Epoch: 7 [3520/24148 (15%)]	Loss: 3.681701
Train Epoch: 7 [3840/24148 (16%)]	Loss: 3.425954
Train Epoch: 7 [4160/24148 (17%)]	Loss: 3.662332
Train Epoch: 7 [4480/24148 (19%)]	Loss: 3.740947
Train Epoch: 7 [4800/24148 (20%)]	Loss: 3.713353
Train Epoch: 7 [5120/24148 (21%)]	Loss: 3.742510
Train Epoch: 7 [5440/24148 (23%)]	Loss: 3.215490
Train Epoch: 7 [5760/24148 (24%)]	Loss: 3.976885
Train Epoch: 7 [6080/24148 (25%)]	Loss: 3.548205
Train Epoch: 7 [6400/24148 (26%)]	Loss: 4.075445
Train Epoch: 7 [6720/24148 (28%)]	Loss: 3.565414
Train Epoch: 7 [7040/24148 (29%)]	Loss: 3.456183
Train Epoch: 7 [7360/24148 (30%)]	Loss: 4.054955
Train Epoch: 7 [7680/24148 (32%)]	Loss: 3.834474
Train Epoch: 7 [8000/24148 (33%)]	Loss: 3.477839
Train Epoch: 7 [8320/24148 (34%)]	Loss: 3.673175
Train Epoch: 7 [8640/24148 (36%)]	Loss: 3.680198
Train Epoch: 7 [8960/24148 (37%)]	Loss: 3.592713
Train Epoch: 7 [9280/24148 (38%)]	Loss: 3.959092
Train Epoch: 7 [9600/24148 (40%)]	Loss: 3.502224
Train Epoch: 7 [9920/24148 (41%)]	Loss: 3.686204
Train Epoch: 7 [10240/24148 (42%)]	Loss: 3.905324
Train Epoch: 7 [10560/24148 (44%)]	Loss: 3.775460
Train Epoch: 7 [10880/24148 (45%)]	Loss: 3.059781
Train Epoch: 7 [11200/24148 (46%)]	Loss: 3.843712
Train Epoch: 7 [11520/24148 (48%)]	Loss: 3.643057
Train Epoch: 7 [11840/24148 (49%)]	Loss: 4.126417
Train Epoch: 7 [12160/24148 (50%)]	Loss: 3.787999
Train Epoch: 7 [12480/24148 (52%)]	Loss: 3.713346
Train Epoch: 7 [12800/24148 (53%)]	Loss: 3.638538
Train Epoch: 7 [13120/24148 (54%)]	Loss: 4.162103
Train Epoch: 7 [13440/24148 (56%)]	Loss: 3.041802
Train Epoch: 7 [13760/24148 (57%)]	Loss: 3.375287
Train Epoch: 7 [14080/24148 (58%)]	Loss: 3.461514
Train Epoch: 7 [14400/24148 (60%)]	Loss: 3.566059
Train Epoch: 7 [14720/24148 (61%)]	Loss: 3.473325
Train Epoch: 7 [15040/24148 (62%)]	Loss: 3.646412
Train Epoch: 7 [15360/24148 (64%)]	Loss: 3.564658
Train Epoch: 7 [15680/24148 (65%)]	Loss: 3.718782
Train Epoch: 7 [16000/24148 (66%)]	Loss: 3.798557
Train Epoch: 7 [16320/24148 (68%)]	Loss: 4.220558
Train Epoch: 7 [16640/24148 (69%)]	Loss: 3.301871
Train Epoch: 7 [16960/24148 (70%)]	Loss: 3.674318
Train Epoch: 7 [17280/24148 (72%)]	Loss: 4.039451
Train Epoch: 7 [17600/24148 (73%)]	Loss: 3.588926
Train Epoch: 7 [17920/24148 (74%)]	Loss: 3.946865
Train Epoch: 7 [18240/24148 (75%)]	Loss: 4.136407
Train Epoch: 7 [18560/24148 (77%)]	Loss: 4.102503
Train Epoch: 7 [18880/24148 (78%)]	Loss: 3.688553
Train Epoch: 7 [19200/24148 (79%)]	Loss: 3.860715
Train Epoch: 7 [19520/24148 (81%)]	Loss: 3.743134
Train Epoch: 7 [19840/24148 (82%)]	Loss: 3.665387
Train Epoch: 7 [20160/24148 (83%)]	Loss: 3.754069
Train Epoch: 7 [20480/24148 (85%)]	Loss: 2.869572
Train Epoch: 7 [20800/24148 (86%)]	Loss: 3.728804
Train Epoch: 7 [21120/24148 (87%)]	Loss: 4.002263
Train Epoch: 7 [21440/24148 (89%)]	Loss: 3.991275
Train Epoch: 7 [21760/24148 (90%)]	Loss: 3.971718
Train Epoch: 7 [22080/24148 (91%)]	Loss: 3.819887
Train Epoch: 7 [22400/24148 (93%)]	Loss: 3.994493
Train Epoch: 7 [22720/24148 (94%)]	Loss: 3.606915
Train Epoch: 7 [23040/24148 (95%)]	Loss: 3.143282
Train Epoch: 7 [23360/24148 (97%)]	Loss: 3.588173
Train Epoch: 7 [23680/24148 (98%)]	Loss: 3.495749
Train Epoch: 7 [24000/24148 (99%)]	Loss: 4.114486

Test set: Average loss: 3.8664, Accuracy: 1329/6037 (22%)

Train Epoch: 8 [0/24148 (0%)]	Loss: 3.335930
Train Epoch: 8 [320/24148 (1%)]	Loss: 3.802720
Train Epoch: 8 [640/24148 (3%)]	Loss: 3.220275
Train Epoch: 8 [960/24148 (4%)]	Loss: 3.258390
Train Epoch: 8 [1280/24148 (5%)]	Loss: 3.087074
Train Epoch: 8 [1600/24148 (7%)]	Loss: 3.300042
Train Epoch: 8 [1920/24148 (8%)]	Loss: 3.748030
Train Epoch: 8 [2240/24148 (9%)]	Loss: 3.542023
Train Epoch: 8 [2560/24148 (11%)]	Loss: 3.989963
Train Epoch: 8 [2880/24148 (12%)]	Loss: 3.062427
Train Epoch: 8 [3200/24148 (13%)]	Loss: 3.290353
Train Epoch: 8 [3520/24148 (15%)]	Loss: 3.689386
Train Epoch: 8 [3840/24148 (16%)]	Loss: 3.119153
Train Epoch: 8 [4160/24148 (17%)]	Loss: 3.424374
Train Epoch: 8 [4480/24148 (19%)]	Loss: 3.733268
Train Epoch: 8 [4800/24148 (20%)]	Loss: 3.254242
Train Epoch: 8 [5120/24148 (21%)]	Loss: 3.457414
Train Epoch: 8 [5440/24148 (23%)]	Loss: 3.688499
Train Epoch: 8 [5760/24148 (24%)]	Loss: 3.709745
Train Epoch: 8 [6080/24148 (25%)]	Loss: 3.246019
Train Epoch: 8 [6400/24148 (26%)]	Loss: 3.795668
Train Epoch: 8 [6720/24148 (28%)]	Loss: 3.550668
Train Epoch: 8 [7040/24148 (29%)]	Loss: 3.812480
Train Epoch: 8 [7360/24148 (30%)]	Loss: 3.377821
Train Epoch: 8 [7680/24148 (32%)]	Loss: 3.628409
Train Epoch: 8 [8000/24148 (33%)]	Loss: 3.168630
Train Epoch: 8 [8320/24148 (34%)]	Loss: 3.232900
Train Epoch: 8 [8640/24148 (36%)]	Loss: 3.590663
Train Epoch: 8 [8960/24148 (37%)]	Loss: 3.099882
Train Epoch: 8 [9280/24148 (38%)]	Loss: 3.742121
Train Epoch: 8 [9600/24148 (40%)]	Loss: 3.265207
Train Epoch: 8 [9920/24148 (41%)]	Loss: 3.746495
Train Epoch: 8 [10240/24148 (42%)]	Loss: 3.589783
Train Epoch: 8 [10560/24148 (44%)]	Loss: 3.764424
Train Epoch: 8 [10880/24148 (45%)]	Loss: 3.762505
Train Epoch: 8 [11200/24148 (46%)]	Loss: 2.968270
Train Epoch: 8 [11520/24148 (48%)]	Loss: 3.825754
Train Epoch: 8 [11840/24148 (49%)]	Loss: 2.792765
Train Epoch: 8 [12160/24148 (50%)]	Loss: 3.629723
Train Epoch: 8 [12480/24148 (52%)]	Loss: 3.499234
Train Epoch: 8 [12800/24148 (53%)]	Loss: 3.534954
Train Epoch: 8 [13120/24148 (54%)]	Loss: 3.602840
Train Epoch: 8 [13440/24148 (56%)]	Loss: 3.246516
Train Epoch: 8 [13760/24148 (57%)]	Loss: 3.601969
Train Epoch: 8 [14080/24148 (58%)]	Loss: 3.741393
Train Epoch: 8 [14400/24148 (60%)]	Loss: 3.434544
Train Epoch: 8 [14720/24148 (61%)]	Loss: 3.360125
Train Epoch: 8 [15040/24148 (62%)]	Loss: 3.796501
Train Epoch: 8 [15360/24148 (64%)]	Loss: 3.587187
Train Epoch: 8 [15680/24148 (65%)]	Loss: 3.339521
Train Epoch: 8 [16000/24148 (66%)]	Loss: 3.566679
Train Epoch: 8 [16320/24148 (68%)]	Loss: 3.413663
Train Epoch: 8 [16640/24148 (69%)]	Loss: 3.922076
Train Epoch: 8 [16960/24148 (70%)]	Loss: 3.519713
Train Epoch: 8 [17280/24148 (72%)]	Loss: 3.570796
Train Epoch: 8 [17600/24148 (73%)]	Loss: 3.183495
Train Epoch: 8 [17920/24148 (74%)]	Loss: 2.778499
Train Epoch: 8 [18240/24148 (75%)]	Loss: 3.237129
Train Epoch: 8 [18560/24148 (77%)]	Loss: 3.473792
Train Epoch: 8 [18880/24148 (78%)]	Loss: 3.905123
Train Epoch: 8 [19200/24148 (79%)]	Loss: 3.748385
Train Epoch: 8 [19520/24148 (81%)]	Loss: 3.860029
Train Epoch: 8 [19840/24148 (82%)]	Loss: 3.237315
Train Epoch: 8 [20160/24148 (83%)]	Loss: 3.526375
Train Epoch: 8 [20480/24148 (85%)]	Loss: 3.341659
Train Epoch: 8 [20800/24148 (86%)]	Loss: 3.623923
Train Epoch: 8 [21120/24148 (87%)]	Loss: 3.476876
Train Epoch: 8 [21440/24148 (89%)]	Loss: 3.212215
Train Epoch: 8 [21760/24148 (90%)]	Loss: 3.686840
Train Epoch: 8 [22080/24148 (91%)]	Loss: 3.611733
Train Epoch: 8 [22400/24148 (93%)]	Loss: 3.709942
Train Epoch: 8 [22720/24148 (94%)]	Loss: 3.598989
Train Epoch: 8 [23040/24148 (95%)]	Loss: 3.067109
Train Epoch: 8 [23360/24148 (97%)]	Loss: 3.938482
Train Epoch: 8 [23680/24148 (98%)]	Loss: 3.178067
Train Epoch: 8 [24000/24148 (99%)]	Loss: 3.978577

Test set: Average loss: 3.8003, Accuracy: 1404/6037 (23%)

Train Epoch: 9 [0/24148 (0%)]	Loss: 3.103260
Train Epoch: 9 [320/24148 (1%)]	Loss: 3.883415
Train Epoch: 9 [640/24148 (3%)]	Loss: 3.839199
Train Epoch: 9 [960/24148 (4%)]	Loss: 3.700957
Train Epoch: 9 [1280/24148 (5%)]	Loss: 3.465223
Train Epoch: 9 [1600/24148 (7%)]	Loss: 3.373532
Train Epoch: 9 [1920/24148 (8%)]	Loss: 3.403015
Train Epoch: 9 [2240/24148 (9%)]	Loss: 3.174756
Train Epoch: 9 [2560/24148 (11%)]	Loss: 4.121473
Train Epoch: 9 [2880/24148 (12%)]	Loss: 2.827032
Train Epoch: 9 [3200/24148 (13%)]	Loss: 3.035792
Train Epoch: 9 [3520/24148 (15%)]	Loss: 3.200685
Train Epoch: 9 [3840/24148 (16%)]	Loss: 2.971703
Train Epoch: 9 [4160/24148 (17%)]	Loss: 3.426446
Train Epoch: 9 [4480/24148 (19%)]	Loss: 3.419769
Train Epoch: 9 [4800/24148 (20%)]	Loss: 3.339432
Train Epoch: 9 [5120/24148 (21%)]	Loss: 3.870288
Train Epoch: 9 [5440/24148 (23%)]	Loss: 4.055175
Train Epoch: 9 [5760/24148 (24%)]	Loss: 3.175442
Train Epoch: 9 [6080/24148 (25%)]	Loss: 3.534674
Train Epoch: 9 [6400/24148 (26%)]	Loss: 3.668813
Train Epoch: 9 [6720/24148 (28%)]	Loss: 3.207733
Train Epoch: 9 [7040/24148 (29%)]	Loss: 3.135422
Train Epoch: 9 [7360/24148 (30%)]	Loss: 3.171047
Train Epoch: 9 [7680/24148 (32%)]	Loss: 3.261513
Train Epoch: 9 [8000/24148 (33%)]	Loss: 2.798587
Train Epoch: 9 [8320/24148 (34%)]	Loss: 3.835532
Train Epoch: 9 [8640/24148 (36%)]	Loss: 3.448988
Train Epoch: 9 [8960/24148 (37%)]	Loss: 3.585782
Train Epoch: 9 [9280/24148 (38%)]	Loss: 3.640296
Train Epoch: 9 [9600/24148 (40%)]	Loss: 3.566925
Train Epoch: 9 [9920/24148 (41%)]	Loss: 3.496199
Train Epoch: 9 [10240/24148 (42%)]	Loss: 2.912365
Train Epoch: 9 [10560/24148 (44%)]	Loss: 3.263801
Train Epoch: 9 [10880/24148 (45%)]	Loss: 3.485387
Train Epoch: 9 [11200/24148 (46%)]	Loss: 3.082544
Train Epoch: 9 [11520/24148 (48%)]	Loss: 3.758500
Train Epoch: 9 [11840/24148 (49%)]	Loss: 3.914740
Train Epoch: 9 [12160/24148 (50%)]	Loss: 3.233430
Train Epoch: 9 [12480/24148 (52%)]	Loss: 3.073391
Train Epoch: 9 [12800/24148 (53%)]	Loss: 3.389584
Train Epoch: 9 [13120/24148 (54%)]	Loss: 2.584327
Train Epoch: 9 [13440/24148 (56%)]	Loss: 3.071190
Train Epoch: 9 [13760/24148 (57%)]	Loss: 3.363834
Train Epoch: 9 [14080/24148 (58%)]	Loss: 3.716932
Train Epoch: 9 [14400/24148 (60%)]	Loss: 3.597122
Train Epoch: 9 [14720/24148 (61%)]	Loss: 3.258898
Train Epoch: 9 [15040/24148 (62%)]	Loss: 3.380364
Train Epoch: 9 [15360/24148 (64%)]	Loss: 3.500510
Train Epoch: 9 [15680/24148 (65%)]	Loss: 3.194006
Train Epoch: 9 [16000/24148 (66%)]	Loss: 3.243855
Train Epoch: 9 [16320/24148 (68%)]	Loss: 3.337735
Train Epoch: 9 [16640/24148 (69%)]	Loss: 3.342396
Train Epoch: 9 [16960/24148 (70%)]	Loss: 3.022900
Train Epoch: 9 [17280/24148 (72%)]	Loss: 3.591615
Train Epoch: 9 [17600/24148 (73%)]	Loss: 3.527019
Train Epoch: 9 [17920/24148 (74%)]	Loss: 3.722819
Train Epoch: 9 [18240/24148 (75%)]	Loss: 3.706425
Train Epoch: 9 [18560/24148 (77%)]	Loss: 3.548340
Train Epoch: 9 [18880/24148 (78%)]	Loss: 3.349092
Train Epoch: 9 [19200/24148 (79%)]	Loss: 3.349407
Train Epoch: 9 [19520/24148 (81%)]	Loss: 3.779085
Train Epoch: 9 [19840/24148 (82%)]	Loss: 3.569053
Train Epoch: 9 [20160/24148 (83%)]	Loss: 3.426120
Train Epoch: 9 [20480/24148 (85%)]	Loss: 3.223606
Train Epoch: 9 [20800/24148 (86%)]	Loss: 3.216651
Train Epoch: 9 [21120/24148 (87%)]	Loss: 3.378240
Train Epoch: 9 [21440/24148 (89%)]	Loss: 3.569017
Train Epoch: 9 [21760/24148 (90%)]	Loss: 3.476009
Train Epoch: 9 [22080/24148 (91%)]	Loss: 3.252229
Train Epoch: 9 [22400/24148 (93%)]	Loss: 3.719503
Train Epoch: 9 [22720/24148 (94%)]	Loss: 3.605286
Train Epoch: 9 [23040/24148 (95%)]	Loss: 3.618574
Train Epoch: 9 [23360/24148 (97%)]	Loss: 3.772767
Train Epoch: 9 [23680/24148 (98%)]	Loss: 3.610947
Train Epoch: 9 [24000/24148 (99%)]	Loss: 3.313992

Test set: Average loss: 3.7183, Accuracy: 1538/6037 (25%)

Train Epoch: 10 [0/24148 (0%)]	Loss: 3.305233
Train Epoch: 10 [320/24148 (1%)]	Loss: 3.590186
Train Epoch: 10 [640/24148 (3%)]	Loss: 3.493597
Train Epoch: 10 [960/24148 (4%)]	Loss: 3.565472
Train Epoch: 10 [1280/24148 (5%)]	Loss: 3.265273
Train Epoch: 10 [1600/24148 (7%)]	Loss: 3.340855
Train Epoch: 10 [1920/24148 (8%)]	Loss: 4.062244
Train Epoch: 10 [2240/24148 (9%)]	Loss: 3.287061
Train Epoch: 10 [2560/24148 (11%)]	Loss: 3.736436
Train Epoch: 10 [2880/24148 (12%)]	Loss: 3.620969
Train Epoch: 10 [3200/24148 (13%)]	Loss: 3.463150
Train Epoch: 10 [3520/24148 (15%)]	Loss: 3.429049
Train Epoch: 10 [3840/24148 (16%)]	Loss: 3.753261
Train Epoch: 10 [4160/24148 (17%)]	Loss: 3.164859
Train Epoch: 10 [4480/24148 (19%)]	Loss: 3.167901
Train Epoch: 10 [4800/24148 (20%)]	Loss: 3.218642
Train Epoch: 10 [5120/24148 (21%)]	Loss: 3.374692
Train Epoch: 10 [5440/24148 (23%)]	Loss: 2.994215
Train Epoch: 10 [5760/24148 (24%)]	Loss: 3.120886
Train Epoch: 10 [6080/24148 (25%)]	Loss: 3.366931
Train Epoch: 10 [6400/24148 (26%)]	Loss: 3.276855
Train Epoch: 10 [6720/24148 (28%)]	Loss: 3.280874
Train Epoch: 10 [7040/24148 (29%)]	Loss: 3.343556
Train Epoch: 10 [7360/24148 (30%)]	Loss: 2.997875
Train Epoch: 10 [7680/24148 (32%)]	Loss: 3.535848
Train Epoch: 10 [8000/24148 (33%)]	Loss: 2.996793
Train Epoch: 10 [8320/24148 (34%)]	Loss: 3.151186
Train Epoch: 10 [8640/24148 (36%)]	Loss: 2.891140
Train Epoch: 10 [8960/24148 (37%)]	Loss: 3.616474
Train Epoch: 10 [9280/24148 (38%)]	Loss: 3.721877
Train Epoch: 10 [9600/24148 (40%)]	Loss: 3.568668
Train Epoch: 10 [9920/24148 (41%)]	Loss: 3.252174
Train Epoch: 10 [10240/24148 (42%)]	Loss: 3.452741
Train Epoch: 10 [10560/24148 (44%)]	Loss: 3.638431
Train Epoch: 10 [10880/24148 (45%)]	Loss: 3.389498
Train Epoch: 10 [11200/24148 (46%)]	Loss: 3.424256
Train Epoch: 10 [11520/24148 (48%)]	Loss: 3.594694
Train Epoch: 10 [11840/24148 (49%)]	Loss: 3.352582
Train Epoch: 10 [12160/24148 (50%)]	Loss: 3.438982
Train Epoch: 10 [12480/24148 (52%)]	Loss: 3.196085
Train Epoch: 10 [12800/24148 (53%)]	Loss: 2.987300
Train Epoch: 10 [13120/24148 (54%)]	Loss: 3.385144
Train Epoch: 10 [13440/24148 (56%)]	Loss: 3.142020
Train Epoch: 10 [13760/24148 (57%)]	Loss: 3.267841
Train Epoch: 10 [14080/24148 (58%)]	Loss: 3.399621
Train Epoch: 10 [14400/24148 (60%)]	Loss: 3.399051
Train Epoch: 10 [14720/24148 (61%)]	Loss: 3.212295
Train Epoch: 10 [15040/24148 (62%)]	Loss: 3.166582
Train Epoch: 10 [15360/24148 (64%)]	Loss: 2.379565
Train Epoch: 10 [15680/24148 (65%)]	Loss: 3.318262
Train Epoch: 10 [16000/24148 (66%)]	Loss: 3.350376
Train Epoch: 10 [16320/24148 (68%)]	Loss: 2.440998
Train Epoch: 10 [16640/24148 (69%)]	Loss: 3.093884
Train Epoch: 10 [16960/24148 (70%)]	Loss: 3.614166
Train Epoch: 10 [17280/24148 (72%)]	Loss: 3.686091
Train Epoch: 10 [17600/24148 (73%)]	Loss: 3.259056
Train Epoch: 10 [17920/24148 (74%)]	Loss: 2.445071
Train Epoch: 10 [18240/24148 (75%)]	Loss: 3.093414
Train Epoch: 10 [18560/24148 (77%)]	Loss: 2.794035
Train Epoch: 10 [18880/24148 (78%)]	Loss: 2.703416
Train Epoch: 10 [19200/24148 (79%)]	Loss: 3.896073
Train Epoch: 10 [19520/24148 (81%)]	Loss: 3.780751
Train Epoch: 10 [19840/24148 (82%)]	Loss: 2.769735
Train Epoch: 10 [20160/24148 (83%)]	Loss: 2.686168
Train Epoch: 10 [20480/24148 (85%)]	Loss: 3.739286
Train Epoch: 10 [20800/24148 (86%)]	Loss: 3.728000
Train Epoch: 10 [21120/24148 (87%)]	Loss: 3.183664
Train Epoch: 10 [21440/24148 (89%)]	Loss: 2.695300
Train Epoch: 10 [21760/24148 (90%)]	Loss: 3.211828
Train Epoch: 10 [22080/24148 (91%)]	Loss: 3.371162
Train Epoch: 10 [22400/24148 (93%)]	Loss: 2.695424
Train Epoch: 10 [22720/24148 (94%)]	Loss: 2.891246
Train Epoch: 10 [23040/24148 (95%)]	Loss: 3.676841
Train Epoch: 10 [23360/24148 (97%)]	Loss: 2.666892
Train Epoch: 10 [23680/24148 (98%)]	Loss: 3.416262
Train Epoch: 10 [24000/24148 (99%)]	Loss: 3.567058

Test set: Average loss: 3.6874, Accuracy: 1543/6037 (26%)

Average seconds for training 1 epoch: 663.9900082111359
Average seconds for testing: 34.178155183792114
