Logging tensorboard to ./runs/Caltech256/vit_linformer_patch_size_8_k_64_one_kv_head_False
Files already downloaded and verified
Total number of parameters in the model: 15996033
Train Epoch: 1 [0/24148 (0%)]	Loss: 5.788364
Train Epoch: 1 [320/24148 (1%)]	Loss: 5.675784
Train Epoch: 1 [640/24148 (3%)]	Loss: 6.221111
Train Epoch: 1 [960/24148 (4%)]	Loss: 5.948806
Train Epoch: 1 [1280/24148 (5%)]	Loss: 5.566820
Train Epoch: 1 [1600/24148 (7%)]	Loss: 5.766866
Train Epoch: 1 [1920/24148 (8%)]	Loss: 5.458043
Train Epoch: 1 [2240/24148 (9%)]	Loss: 5.728102
Train Epoch: 1 [2560/24148 (11%)]	Loss: 5.500610
Train Epoch: 1 [2880/24148 (12%)]	Loss: 5.592906
Train Epoch: 1 [3200/24148 (13%)]	Loss: 5.180315
Train Epoch: 1 [3520/24148 (15%)]	Loss: 5.374472
Train Epoch: 1 [3840/24148 (16%)]	Loss: 5.329835
Train Epoch: 1 [4160/24148 (17%)]	Loss: 5.100957
Train Epoch: 1 [4480/24148 (19%)]	Loss: 5.280612
Train Epoch: 1 [4800/24148 (20%)]	Loss: 5.431372
Train Epoch: 1 [5120/24148 (21%)]	Loss: 5.336579
Train Epoch: 1 [5440/24148 (23%)]	Loss: 5.561224
Train Epoch: 1 [5760/24148 (24%)]	Loss: 5.547460
Train Epoch: 1 [6080/24148 (25%)]	Loss: 5.176111
Train Epoch: 1 [6400/24148 (26%)]	Loss: 5.609322
Train Epoch: 1 [6720/24148 (28%)]	Loss: 5.503109
Train Epoch: 1 [7040/24148 (29%)]	Loss: 5.154138
Train Epoch: 1 [7360/24148 (30%)]	Loss: 5.181360
Train Epoch: 1 [7680/24148 (32%)]	Loss: 5.279312
Train Epoch: 1 [8000/24148 (33%)]	Loss: 4.775686
Train Epoch: 1 [8320/24148 (34%)]	Loss: 5.339000
Train Epoch: 1 [8640/24148 (36%)]	Loss: 5.171484
Train Epoch: 1 [8960/24148 (37%)]	Loss: 5.035861
Train Epoch: 1 [9280/24148 (38%)]	Loss: 4.736454
Train Epoch: 1 [9600/24148 (40%)]	Loss: 4.989189
Train Epoch: 1 [9920/24148 (41%)]	Loss: 5.123262
Train Epoch: 1 [10240/24148 (42%)]	Loss: 5.266870
Train Epoch: 1 [10560/24148 (44%)]	Loss: 5.413797
Train Epoch: 1 [10880/24148 (45%)]	Loss: 4.542381
Train Epoch: 1 [11200/24148 (46%)]	Loss: 5.384149
Train Epoch: 1 [11520/24148 (48%)]	Loss: 5.332647
Train Epoch: 1 [11840/24148 (49%)]	Loss: 5.413395
Train Epoch: 1 [12160/24148 (50%)]	Loss: 4.939443
Train Epoch: 1 [12480/24148 (52%)]	Loss: 5.425280
Train Epoch: 1 [12800/24148 (53%)]	Loss: 4.777948
Train Epoch: 1 [13120/24148 (54%)]	Loss: 4.843555
Train Epoch: 1 [13440/24148 (56%)]	Loss: 5.174550
Train Epoch: 1 [13760/24148 (57%)]	Loss: 5.187116
Train Epoch: 1 [14080/24148 (58%)]	Loss: 5.198208
Train Epoch: 1 [14400/24148 (60%)]	Loss: 4.987588
Train Epoch: 1 [14720/24148 (61%)]	Loss: 4.866150
Train Epoch: 1 [15040/24148 (62%)]	Loss: 4.820636
Train Epoch: 1 [15360/24148 (64%)]	Loss: 4.548496
Train Epoch: 1 [15680/24148 (65%)]	Loss: 5.106014
Train Epoch: 1 [16000/24148 (66%)]	Loss: 5.296795
Train Epoch: 1 [16320/24148 (68%)]	Loss: 4.891444
Train Epoch: 1 [16640/24148 (69%)]	Loss: 4.719987
Train Epoch: 1 [16960/24148 (70%)]	Loss: 5.277414
Train Epoch: 1 [17280/24148 (72%)]	Loss: 5.630848
Train Epoch: 1 [17600/24148 (73%)]	Loss: 5.026765
Train Epoch: 1 [17920/24148 (74%)]	Loss: 5.451533
Train Epoch: 1 [18240/24148 (75%)]	Loss: 4.891398
Train Epoch: 1 [18560/24148 (77%)]	Loss: 5.049973
Train Epoch: 1 [18880/24148 (78%)]	Loss: 5.121708
Train Epoch: 1 [19200/24148 (79%)]	Loss: 5.221784
Train Epoch: 1 [19520/24148 (81%)]	Loss: 5.040369
Train Epoch: 1 [19840/24148 (82%)]	Loss: 5.134487
Train Epoch: 1 [20160/24148 (83%)]	Loss: 4.966013
Train Epoch: 1 [20480/24148 (85%)]	Loss: 4.754710
Train Epoch: 1 [20800/24148 (86%)]	Loss: 4.688697
Train Epoch: 1 [21120/24148 (87%)]	Loss: 5.089197
Train Epoch: 1 [21440/24148 (89%)]	Loss: 5.202712
Train Epoch: 1 [21760/24148 (90%)]	Loss: 5.089204
Train Epoch: 1 [22080/24148 (91%)]	Loss: 5.139630
Train Epoch: 1 [22400/24148 (93%)]	Loss: 5.075696
Train Epoch: 1 [22720/24148 (94%)]	Loss: 4.848641
Train Epoch: 1 [23040/24148 (95%)]	Loss: 5.520975
Train Epoch: 1 [23360/24148 (97%)]	Loss: 5.076276
Train Epoch: 1 [23680/24148 (98%)]	Loss: 4.355573
Train Epoch: 1 [24000/24148 (99%)]	Loss: 4.347705

Test set: Average loss: 4.9362, Accuracy: 623/6037 (10%)

Train Epoch: 2 [0/24148 (0%)]	Loss: 4.650925
Train Epoch: 2 [320/24148 (1%)]	Loss: 5.330022
Train Epoch: 2 [640/24148 (3%)]	Loss: 5.067244
Train Epoch: 2 [960/24148 (4%)]	Loss: 5.197463
Train Epoch: 2 [1280/24148 (5%)]	Loss: 4.966250
Train Epoch: 2 [1600/24148 (7%)]	Loss: 4.568411
Train Epoch: 2 [1920/24148 (8%)]	Loss: 5.564465
Train Epoch: 2 [2240/24148 (9%)]	Loss: 4.711575
Train Epoch: 2 [2560/24148 (11%)]	Loss: 4.672560
Train Epoch: 2 [2880/24148 (12%)]	Loss: 5.413534
Train Epoch: 2 [3200/24148 (13%)]	Loss: 4.651298
Train Epoch: 2 [3520/24148 (15%)]	Loss: 4.246300
Train Epoch: 2 [3840/24148 (16%)]	Loss: 4.886069
Train Epoch: 2 [4160/24148 (17%)]	Loss: 4.499846
Train Epoch: 2 [4480/24148 (19%)]	Loss: 4.662986
Train Epoch: 2 [4800/24148 (20%)]	Loss: 4.951330
Train Epoch: 2 [5120/24148 (21%)]	Loss: 5.484677
Train Epoch: 2 [5440/24148 (23%)]	Loss: 4.860706
Train Epoch: 2 [5760/24148 (24%)]	Loss: 4.816990
Train Epoch: 2 [6080/24148 (25%)]	Loss: 5.046416
Train Epoch: 2 [6400/24148 (26%)]	Loss: 4.665586
Train Epoch: 2 [6720/24148 (28%)]	Loss: 4.665525
Train Epoch: 2 [7040/24148 (29%)]	Loss: 4.776478
Train Epoch: 2 [7360/24148 (30%)]	Loss: 4.810015
Train Epoch: 2 [7680/24148 (32%)]	Loss: 5.153147
Train Epoch: 2 [8000/24148 (33%)]	Loss: 4.361285
Train Epoch: 2 [8320/24148 (34%)]	Loss: 4.862641
Train Epoch: 2 [8640/24148 (36%)]	Loss: 4.633805
Train Epoch: 2 [8960/24148 (37%)]	Loss: 4.780552
Train Epoch: 2 [9280/24148 (38%)]	Loss: 4.949435
Train Epoch: 2 [9600/24148 (40%)]	Loss: 4.795542
Train Epoch: 2 [9920/24148 (41%)]	Loss: 5.045452
Train Epoch: 2 [10240/24148 (42%)]	Loss: 5.065978
Train Epoch: 2 [10560/24148 (44%)]	Loss: 4.567858
Train Epoch: 2 [10880/24148 (45%)]	Loss: 4.964081
Train Epoch: 2 [11200/24148 (46%)]	Loss: 4.786205
Train Epoch: 2 [11520/24148 (48%)]	Loss: 5.144506
Train Epoch: 2 [11840/24148 (49%)]	Loss: 5.197423
Train Epoch: 2 [12160/24148 (50%)]	Loss: 4.901894
Train Epoch: 2 [12480/24148 (52%)]	Loss: 4.660496
Train Epoch: 2 [12800/24148 (53%)]	Loss: 4.863808
Train Epoch: 2 [13120/24148 (54%)]	Loss: 5.031216
Train Epoch: 2 [13440/24148 (56%)]	Loss: 4.463490
Train Epoch: 2 [13760/24148 (57%)]	Loss: 4.939101
Train Epoch: 2 [14080/24148 (58%)]	Loss: 5.195003
Train Epoch: 2 [14400/24148 (60%)]	Loss: 4.783741
Train Epoch: 2 [14720/24148 (61%)]	Loss: 4.574549
Train Epoch: 2 [15040/24148 (62%)]	Loss: 5.160212
Train Epoch: 2 [15360/24148 (64%)]	Loss: 4.794932
Train Epoch: 2 [15680/24148 (65%)]	Loss: 4.496732
Train Epoch: 2 [16000/24148 (66%)]	Loss: 4.940047
Train Epoch: 2 [16320/24148 (68%)]	Loss: 4.685467
Train Epoch: 2 [16640/24148 (69%)]	Loss: 4.289937
Train Epoch: 2 [16960/24148 (70%)]	Loss: 5.092417
Train Epoch: 2 [17280/24148 (72%)]	Loss: 4.472112
Train Epoch: 2 [17600/24148 (73%)]	Loss: 4.726439
Train Epoch: 2 [17920/24148 (74%)]	Loss: 4.855114
Train Epoch: 2 [18240/24148 (75%)]	Loss: 4.999991
Train Epoch: 2 [18560/24148 (77%)]	Loss: 4.808249
Train Epoch: 2 [18880/24148 (78%)]	Loss: 4.935457
Train Epoch: 2 [19200/24148 (79%)]	Loss: 4.045343
Train Epoch: 2 [19520/24148 (81%)]	Loss: 5.246318
Train Epoch: 2 [19840/24148 (82%)]	Loss: 5.109447
Train Epoch: 2 [20160/24148 (83%)]	Loss: 4.871650
Train Epoch: 2 [20480/24148 (85%)]	Loss: 5.117191
Train Epoch: 2 [20800/24148 (86%)]	Loss: 5.211061
Train Epoch: 2 [21120/24148 (87%)]	Loss: 4.775704
Train Epoch: 2 [21440/24148 (89%)]	Loss: 4.911180
Train Epoch: 2 [21760/24148 (90%)]	Loss: 4.245016
Train Epoch: 2 [22080/24148 (91%)]	Loss: 4.597430
Train Epoch: 2 [22400/24148 (93%)]	Loss: 4.597014
Train Epoch: 2 [22720/24148 (94%)]	Loss: 4.288821
Train Epoch: 2 [23040/24148 (95%)]	Loss: 4.987038
Train Epoch: 2 [23360/24148 (97%)]	Loss: 4.606797
Train Epoch: 2 [23680/24148 (98%)]	Loss: 4.885381
Train Epoch: 2 [24000/24148 (99%)]	Loss: 4.742671

Test set: Average loss: 4.8336, Accuracy: 652/6037 (11%)

Train Epoch: 3 [0/24148 (0%)]	Loss: 5.219957
Train Epoch: 3 [320/24148 (1%)]	Loss: 4.923453
Train Epoch: 3 [640/24148 (3%)]	Loss: 5.017614
Train Epoch: 3 [960/24148 (4%)]	Loss: 4.581088
Train Epoch: 3 [1280/24148 (5%)]	Loss: 4.741774
Train Epoch: 3 [1600/24148 (7%)]	Loss: 5.277788
Train Epoch: 3 [1920/24148 (8%)]	Loss: 4.825562
Train Epoch: 3 [2240/24148 (9%)]	Loss: 4.284995
Train Epoch: 3 [2560/24148 (11%)]	Loss: 4.726460
Train Epoch: 3 [2880/24148 (12%)]	Loss: 4.770221
Train Epoch: 3 [3200/24148 (13%)]	Loss: 4.773120
Train Epoch: 3 [3520/24148 (15%)]	Loss: 4.235435
Train Epoch: 3 [3840/24148 (16%)]	Loss: 5.102173
Train Epoch: 3 [4160/24148 (17%)]	Loss: 4.521589
Train Epoch: 3 [4480/24148 (19%)]	Loss: 5.078725
Train Epoch: 3 [4800/24148 (20%)]	Loss: 4.210339
Train Epoch: 3 [5120/24148 (21%)]	Loss: 4.596327
Train Epoch: 3 [5440/24148 (23%)]	Loss: 4.596645
Train Epoch: 3 [5760/24148 (24%)]	Loss: 4.472959
Train Epoch: 3 [6080/24148 (25%)]	Loss: 4.667091
Train Epoch: 3 [6400/24148 (26%)]	Loss: 4.727134
Train Epoch: 3 [6720/24148 (28%)]	Loss: 4.385667
Train Epoch: 3 [7040/24148 (29%)]	Loss: 4.844868
Train Epoch: 3 [7360/24148 (30%)]	Loss: 4.915386
Train Epoch: 3 [7680/24148 (32%)]	Loss: 4.531565
Train Epoch: 3 [8000/24148 (33%)]	Loss: 4.883589
Train Epoch: 3 [8320/24148 (34%)]	Loss: 4.595984
Train Epoch: 3 [8640/24148 (36%)]	Loss: 5.213859
Train Epoch: 3 [8960/24148 (37%)]	Loss: 4.877128
Train Epoch: 3 [9280/24148 (38%)]	Loss: 4.347470
Train Epoch: 3 [9600/24148 (40%)]	Loss: 4.507432
Train Epoch: 3 [9920/24148 (41%)]	Loss: 5.056035
Train Epoch: 3 [10240/24148 (42%)]	Loss: 4.503426
Train Epoch: 3 [10560/24148 (44%)]	Loss: 4.856314
Train Epoch: 3 [10880/24148 (45%)]	Loss: 5.041138
Train Epoch: 3 [11200/24148 (46%)]	Loss: 4.957553
Train Epoch: 3 [11520/24148 (48%)]	Loss: 5.051236
Train Epoch: 3 [11840/24148 (49%)]	Loss: 4.918480
Train Epoch: 3 [12160/24148 (50%)]	Loss: 4.992217
Train Epoch: 3 [12480/24148 (52%)]	Loss: 4.744028
Train Epoch: 3 [12800/24148 (53%)]	Loss: 4.691618
Train Epoch: 3 [13120/24148 (54%)]	Loss: 4.773495
Train Epoch: 3 [13440/24148 (56%)]	Loss: 4.508142
Train Epoch: 3 [13760/24148 (57%)]	Loss: 4.784683
Train Epoch: 3 [14080/24148 (58%)]	Loss: 5.027343
Train Epoch: 3 [14400/24148 (60%)]	Loss: 4.543380
Train Epoch: 3 [14720/24148 (61%)]	Loss: 4.810856
Train Epoch: 3 [15040/24148 (62%)]	Loss: 4.680636
Train Epoch: 3 [15360/24148 (64%)]	Loss: 4.978076
Train Epoch: 3 [15680/24148 (65%)]	Loss: 4.781702
Train Epoch: 3 [16000/24148 (66%)]	Loss: 4.686293
Train Epoch: 3 [16320/24148 (68%)]	Loss: 4.588343
Train Epoch: 3 [16640/24148 (69%)]	Loss: 4.583350
Train Epoch: 3 [16960/24148 (70%)]	Loss: 4.677876
Train Epoch: 3 [17280/24148 (72%)]	Loss: 4.826474
Train Epoch: 3 [17600/24148 (73%)]	Loss: 4.847383
Train Epoch: 3 [17920/24148 (74%)]	Loss: 4.838008
Train Epoch: 3 [18240/24148 (75%)]	Loss: 4.712405
Train Epoch: 3 [18560/24148 (77%)]	Loss: 4.716771
Train Epoch: 3 [18880/24148 (78%)]	Loss: 4.830653
Train Epoch: 3 [19200/24148 (79%)]	Loss: 4.662564
Train Epoch: 3 [19520/24148 (81%)]	Loss: 4.684264
Train Epoch: 3 [19840/24148 (82%)]	Loss: 5.040140
Train Epoch: 3 [20160/24148 (83%)]	Loss: 5.042436
Train Epoch: 3 [20480/24148 (85%)]	Loss: 4.716682
Train Epoch: 3 [20800/24148 (86%)]	Loss: 4.880186
Train Epoch: 3 [21120/24148 (87%)]	Loss: 4.794749
Train Epoch: 3 [21440/24148 (89%)]	Loss: 4.706527
Train Epoch: 3 [21760/24148 (90%)]	Loss: 4.243137
Train Epoch: 3 [22080/24148 (91%)]	Loss: 4.480603
Train Epoch: 3 [22400/24148 (93%)]	Loss: 4.532107
Train Epoch: 3 [22720/24148 (94%)]	Loss: 4.442539
Train Epoch: 3 [23040/24148 (95%)]	Loss: 4.662140
Train Epoch: 3 [23360/24148 (97%)]	Loss: 4.876410
Train Epoch: 3 [23680/24148 (98%)]	Loss: 4.710459
Train Epoch: 3 [24000/24148 (99%)]	Loss: 5.065863

Test set: Average loss: 4.7864, Accuracy: 710/6037 (12%)

Train Epoch: 4 [0/24148 (0%)]	Loss: 4.333962
Train Epoch: 4 [320/24148 (1%)]	Loss: 4.315039
Train Epoch: 4 [640/24148 (3%)]	Loss: 4.910373
Train Epoch: 4 [960/24148 (4%)]	Loss: 4.351210
Train Epoch: 4 [1280/24148 (5%)]	Loss: 4.779851
Train Epoch: 4 [1600/24148 (7%)]	Loss: 4.307944
Train Epoch: 4 [1920/24148 (8%)]	Loss: 4.219342
Train Epoch: 4 [2240/24148 (9%)]	Loss: 4.822924
Train Epoch: 4 [2560/24148 (11%)]	Loss: 4.455358
Train Epoch: 4 [2880/24148 (12%)]	Loss: 4.946470
Train Epoch: 4 [3200/24148 (13%)]	Loss: 4.528244
Train Epoch: 4 [3520/24148 (15%)]	Loss: 5.019312
Train Epoch: 4 [3840/24148 (16%)]	Loss: 4.536183
Train Epoch: 4 [4160/24148 (17%)]	Loss: 4.696242
Train Epoch: 4 [4480/24148 (19%)]	Loss: 5.004584
Train Epoch: 4 [4800/24148 (20%)]	Loss: 4.348604
Train Epoch: 4 [5120/24148 (21%)]	Loss: 5.078000
Train Epoch: 4 [5440/24148 (23%)]	Loss: 4.046978
Train Epoch: 4 [5760/24148 (24%)]	Loss: 4.286159
Train Epoch: 4 [6080/24148 (25%)]	Loss: 4.593430
Train Epoch: 4 [6400/24148 (26%)]	Loss: 4.846732
Train Epoch: 4 [6720/24148 (28%)]	Loss: 4.919356
Train Epoch: 4 [7040/24148 (29%)]	Loss: 4.027392
Train Epoch: 4 [7360/24148 (30%)]	Loss: 4.607349
Train Epoch: 4 [7680/24148 (32%)]	Loss: 4.175810
Train Epoch: 4 [8000/24148 (33%)]	Loss: 4.492932
Train Epoch: 4 [8320/24148 (34%)]	Loss: 4.431965
Train Epoch: 4 [8640/24148 (36%)]	Loss: 4.551883
Train Epoch: 4 [8960/24148 (37%)]	Loss: 4.676452
Train Epoch: 4 [9280/24148 (38%)]	Loss: 4.617886
Train Epoch: 4 [9600/24148 (40%)]	Loss: 4.836596
Train Epoch: 4 [9920/24148 (41%)]	Loss: 4.955271
Train Epoch: 4 [10240/24148 (42%)]	Loss: 4.654998
Train Epoch: 4 [10560/24148 (44%)]	Loss: 5.124536
Train Epoch: 4 [10880/24148 (45%)]	Loss: 5.031261
Train Epoch: 4 [11200/24148 (46%)]	Loss: 4.311372
Train Epoch: 4 [11520/24148 (48%)]	Loss: 4.551065
Train Epoch: 4 [11840/24148 (49%)]	Loss: 4.596548
Train Epoch: 4 [12160/24148 (50%)]	Loss: 4.962459
Train Epoch: 4 [12480/24148 (52%)]	Loss: 4.705645
Train Epoch: 4 [12800/24148 (53%)]	Loss: 4.801342
Train Epoch: 4 [13120/24148 (54%)]	Loss: 4.565650
Train Epoch: 4 [13440/24148 (56%)]	Loss: 4.701831
Train Epoch: 4 [13760/24148 (57%)]	Loss: 4.903790
Train Epoch: 4 [14080/24148 (58%)]	Loss: 4.729715
Train Epoch: 4 [14400/24148 (60%)]	Loss: 4.616013
Train Epoch: 4 [14720/24148 (61%)]	Loss: 4.081676
Train Epoch: 4 [15040/24148 (62%)]	Loss: 4.842969
Train Epoch: 4 [15360/24148 (64%)]	Loss: 4.495107
Train Epoch: 4 [15680/24148 (65%)]	Loss: 4.517906
Train Epoch: 4 [16000/24148 (66%)]	Loss: 4.766407
Train Epoch: 4 [16320/24148 (68%)]	Loss: 5.025349
Train Epoch: 4 [16640/24148 (69%)]	Loss: 4.450792
Train Epoch: 4 [16960/24148 (70%)]	Loss: 4.900271
Train Epoch: 4 [17280/24148 (72%)]	Loss: 4.653754
Train Epoch: 4 [17600/24148 (73%)]	Loss: 4.156572
Train Epoch: 4 [17920/24148 (74%)]	Loss: 4.710992
Train Epoch: 4 [18240/24148 (75%)]	Loss: 5.044673
Train Epoch: 4 [18560/24148 (77%)]	Loss: 4.781302
Train Epoch: 4 [18880/24148 (78%)]	Loss: 4.980750
Train Epoch: 4 [19200/24148 (79%)]	Loss: 4.878128
Train Epoch: 4 [19520/24148 (81%)]	Loss: 5.170286
Train Epoch: 4 [19840/24148 (82%)]	Loss: 4.616538
Train Epoch: 4 [20160/24148 (83%)]	Loss: 4.369248
Train Epoch: 4 [20480/24148 (85%)]	Loss: 4.429039
Train Epoch: 4 [20800/24148 (86%)]	Loss: 4.926430
Train Epoch: 4 [21120/24148 (87%)]	Loss: 4.760431
Train Epoch: 4 [21440/24148 (89%)]	Loss: 4.473347
Train Epoch: 4 [21760/24148 (90%)]	Loss: 5.055133
Train Epoch: 4 [22080/24148 (91%)]	Loss: 4.643386
Train Epoch: 4 [22400/24148 (93%)]	Loss: 4.213377
Train Epoch: 4 [22720/24148 (94%)]	Loss: 4.600205
Train Epoch: 4 [23040/24148 (95%)]	Loss: 4.578062
Train Epoch: 4 [23360/24148 (97%)]	Loss: 4.688962
Train Epoch: 4 [23680/24148 (98%)]	Loss: 4.420479
Train Epoch: 4 [24000/24148 (99%)]	Loss: 5.032668

Test set: Average loss: 4.7669, Accuracy: 701/6037 (12%)

Train Epoch: 5 [0/24148 (0%)]	Loss: 4.242503
Train Epoch: 5 [320/24148 (1%)]	Loss: 4.665306
Train Epoch: 5 [640/24148 (3%)]	Loss: 4.045559
Train Epoch: 5 [960/24148 (4%)]	Loss: 3.896840
Train Epoch: 5 [1280/24148 (5%)]	Loss: 4.692390
Train Epoch: 5 [1600/24148 (7%)]	Loss: 4.193745
Train Epoch: 5 [1920/24148 (8%)]	Loss: 4.315642
Train Epoch: 5 [2240/24148 (9%)]	Loss: 4.520147
Train Epoch: 5 [2560/24148 (11%)]	Loss: 4.265876
Train Epoch: 5 [2880/24148 (12%)]	Loss: 4.454464
Train Epoch: 5 [3200/24148 (13%)]	Loss: 4.246479
Train Epoch: 5 [3520/24148 (15%)]	Loss: 4.911239
Train Epoch: 5 [3840/24148 (16%)]	Loss: 5.117985
Train Epoch: 5 [4160/24148 (17%)]	Loss: 4.536488
Train Epoch: 5 [4480/24148 (19%)]	Loss: 4.486414
Train Epoch: 5 [4800/24148 (20%)]	Loss: 5.001440
Train Epoch: 5 [5120/24148 (21%)]	Loss: 4.363651
Train Epoch: 5 [5440/24148 (23%)]	Loss: 4.557561
Train Epoch: 5 [5760/24148 (24%)]	Loss: 4.526387
Train Epoch: 5 [6080/24148 (25%)]	Loss: 5.008057
Train Epoch: 5 [6400/24148 (26%)]	Loss: 4.572847
Train Epoch: 5 [6720/24148 (28%)]	Loss: 5.021128
Train Epoch: 5 [7040/24148 (29%)]	Loss: 4.615222
Train Epoch: 5 [7360/24148 (30%)]	Loss: 4.319356
Train Epoch: 5 [7680/24148 (32%)]	Loss: 4.469772
Train Epoch: 5 [8000/24148 (33%)]	Loss: 5.047716
Train Epoch: 5 [8320/24148 (34%)]	Loss: 4.715690
Train Epoch: 5 [8640/24148 (36%)]	Loss: 5.031409
Train Epoch: 5 [8960/24148 (37%)]	Loss: 4.910192
Train Epoch: 5 [9280/24148 (38%)]	Loss: 4.885933
Train Epoch: 5 [9600/24148 (40%)]	Loss: 4.377484
Train Epoch: 5 [9920/24148 (41%)]	Loss: 4.305931
Train Epoch: 5 [10240/24148 (42%)]	Loss: 4.487794
Train Epoch: 5 [10560/24148 (44%)]	Loss: 5.014309
Train Epoch: 5 [10880/24148 (45%)]	Loss: 4.778068
Train Epoch: 5 [11200/24148 (46%)]	Loss: 4.206361
Train Epoch: 5 [11520/24148 (48%)]	Loss: 4.164035
Train Epoch: 5 [11840/24148 (49%)]	Loss: 4.684080
Train Epoch: 5 [12160/24148 (50%)]	Loss: 4.266002
Train Epoch: 5 [12480/24148 (52%)]	Loss: 4.410886
Train Epoch: 5 [12800/24148 (53%)]	Loss: 4.229474
Train Epoch: 5 [13120/24148 (54%)]	Loss: 4.757504
Train Epoch: 5 [13440/24148 (56%)]	Loss: 4.495538
Train Epoch: 5 [13760/24148 (57%)]	Loss: 5.084614
Train Epoch: 5 [14080/24148 (58%)]	Loss: 4.659019
Train Epoch: 5 [14400/24148 (60%)]	Loss: 5.133270
Train Epoch: 5 [14720/24148 (61%)]	Loss: 4.903070
Train Epoch: 5 [15040/24148 (62%)]	Loss: 4.736645
Train Epoch: 5 [15360/24148 (64%)]	Loss: 4.613295
Train Epoch: 5 [15680/24148 (65%)]	Loss: 4.785087
Train Epoch: 5 [16000/24148 (66%)]	Loss: 4.322989
Train Epoch: 5 [16320/24148 (68%)]	Loss: 5.035429
Train Epoch: 5 [16640/24148 (69%)]	Loss: 4.774555
Train Epoch: 5 [16960/24148 (70%)]	Loss: 4.822616
Train Epoch: 5 [17280/24148 (72%)]	Loss: 4.322662
Train Epoch: 5 [17600/24148 (73%)]	Loss: 4.739055
Train Epoch: 5 [17920/24148 (74%)]	Loss: 4.372193
Train Epoch: 5 [18240/24148 (75%)]	Loss: 4.696035
Train Epoch: 5 [18560/24148 (77%)]	Loss: 4.723507
Train Epoch: 5 [18880/24148 (78%)]	Loss: 5.002722
Train Epoch: 5 [19200/24148 (79%)]	Loss: 4.983803
Train Epoch: 5 [19520/24148 (81%)]	Loss: 4.880128
Train Epoch: 5 [19840/24148 (82%)]	Loss: 5.001065
Train Epoch: 5 [20160/24148 (83%)]	Loss: 5.076484
Train Epoch: 5 [20480/24148 (85%)]	Loss: 4.648176
Train Epoch: 5 [20800/24148 (86%)]	Loss: 4.340472
Train Epoch: 5 [21120/24148 (87%)]	Loss: 4.578896
Train Epoch: 5 [21440/24148 (89%)]	Loss: 4.208663
Train Epoch: 5 [21760/24148 (90%)]	Loss: 4.853684
Train Epoch: 5 [22080/24148 (91%)]	Loss: 4.789270
Train Epoch: 5 [22400/24148 (93%)]	Loss: 4.182385
Train Epoch: 5 [22720/24148 (94%)]	Loss: 4.384905
Train Epoch: 5 [23040/24148 (95%)]	Loss: 4.497270
Train Epoch: 5 [23360/24148 (97%)]	Loss: 4.867067
Train Epoch: 5 [23680/24148 (98%)]	Loss: 4.911627
Train Epoch: 5 [24000/24148 (99%)]	Loss: 4.448375

Test set: Average loss: 4.6965, Accuracy: 737/6037 (12%)

Train Epoch: 6 [0/24148 (0%)]	Loss: 4.127843
Train Epoch: 6 [320/24148 (1%)]	Loss: 4.409777
Train Epoch: 6 [640/24148 (3%)]	Loss: 4.199965
Train Epoch: 6 [960/24148 (4%)]	Loss: 4.560837
Train Epoch: 6 [1280/24148 (5%)]	Loss: 4.817867
Train Epoch: 6 [1600/24148 (7%)]	Loss: 4.721660
Train Epoch: 6 [1920/24148 (8%)]	Loss: 4.493602
Train Epoch: 6 [2240/24148 (9%)]	Loss: 4.368292
Train Epoch: 6 [2560/24148 (11%)]	Loss: 4.682813
Train Epoch: 6 [2880/24148 (12%)]	Loss: 4.283307
Train Epoch: 6 [3200/24148 (13%)]	Loss: 4.623121
Train Epoch: 6 [3520/24148 (15%)]	Loss: 4.981202
Train Epoch: 6 [3840/24148 (16%)]	Loss: 4.320141
Train Epoch: 6 [4160/24148 (17%)]	Loss: 4.053697
Train Epoch: 6 [4480/24148 (19%)]	Loss: 4.612998
Train Epoch: 6 [4800/24148 (20%)]	Loss: 4.752473
Train Epoch: 6 [5120/24148 (21%)]	Loss: 4.177308
Train Epoch: 6 [5440/24148 (23%)]	Loss: 4.109742
Train Epoch: 6 [5760/24148 (24%)]	Loss: 4.657936
Train Epoch: 6 [6080/24148 (25%)]	Loss: 4.534243
Train Epoch: 6 [6400/24148 (26%)]	Loss: 4.224102
Train Epoch: 6 [6720/24148 (28%)]	Loss: 4.085080
Train Epoch: 6 [7040/24148 (29%)]	Loss: 4.344983
Train Epoch: 6 [7360/24148 (30%)]	Loss: 3.998644
Train Epoch: 6 [7680/24148 (32%)]	Loss: 4.157638
Train Epoch: 6 [8000/24148 (33%)]	Loss: 4.222042
Train Epoch: 6 [8320/24148 (34%)]	Loss: 4.377100
Train Epoch: 6 [8640/24148 (36%)]	Loss: 4.442371
Train Epoch: 6 [8960/24148 (37%)]	Loss: 4.543548
Train Epoch: 6 [9280/24148 (38%)]	Loss: 4.571613
Train Epoch: 6 [9600/24148 (40%)]	Loss: 4.181048
Train Epoch: 6 [9920/24148 (41%)]	Loss: 4.408794
Train Epoch: 6 [10240/24148 (42%)]	Loss: 4.330349
Train Epoch: 6 [10560/24148 (44%)]	Loss: 4.600857
Train Epoch: 6 [10880/24148 (45%)]	Loss: 4.425582
Train Epoch: 6 [11200/24148 (46%)]	Loss: 3.798528
Train Epoch: 6 [11520/24148 (48%)]	Loss: 4.086735
Train Epoch: 6 [11840/24148 (49%)]	Loss: 4.629992
Train Epoch: 6 [12160/24148 (50%)]	Loss: 4.543563
Train Epoch: 6 [12480/24148 (52%)]	Loss: 4.175476
Train Epoch: 6 [12800/24148 (53%)]	Loss: 4.625803
Train Epoch: 6 [13120/24148 (54%)]	Loss: 4.410100
Train Epoch: 6 [13440/24148 (56%)]	Loss: 4.910768
Train Epoch: 6 [13760/24148 (57%)]	Loss: 4.335203
Train Epoch: 6 [14080/24148 (58%)]	Loss: 4.465389
Train Epoch: 6 [14400/24148 (60%)]	Loss: 4.833957
Train Epoch: 6 [14720/24148 (61%)]	Loss: 4.339873
Train Epoch: 6 [15040/24148 (62%)]	Loss: 4.261877
Train Epoch: 6 [15360/24148 (64%)]	Loss: 4.737063
Train Epoch: 6 [15680/24148 (65%)]	Loss: 4.358392
Train Epoch: 6 [16000/24148 (66%)]	Loss: 4.680966
Train Epoch: 6 [16320/24148 (68%)]	Loss: 4.303113
Train Epoch: 6 [16640/24148 (69%)]	Loss: 4.651037
Train Epoch: 6 [16960/24148 (70%)]	Loss: 4.082541
Train Epoch: 6 [17280/24148 (72%)]	Loss: 4.796460
Train Epoch: 6 [17600/24148 (73%)]	Loss: 4.653326
Train Epoch: 6 [17920/24148 (74%)]	Loss: 4.473208
Train Epoch: 6 [18240/24148 (75%)]	Loss: 4.515759
Train Epoch: 6 [18560/24148 (77%)]	Loss: 4.677753
Train Epoch: 6 [18880/24148 (78%)]	Loss: 4.063056
Train Epoch: 6 [19200/24148 (79%)]	Loss: 4.899897
Train Epoch: 6 [19520/24148 (81%)]	Loss: 4.824105
Train Epoch: 6 [19840/24148 (82%)]	Loss: 4.620735
Train Epoch: 6 [20160/24148 (83%)]	Loss: 4.750483
Train Epoch: 6 [20480/24148 (85%)]	Loss: 4.688352
Train Epoch: 6 [20800/24148 (86%)]	Loss: 4.766716
Train Epoch: 6 [21120/24148 (87%)]	Loss: 4.303477
Train Epoch: 6 [21440/24148 (89%)]	Loss: 3.844761
Train Epoch: 6 [21760/24148 (90%)]	Loss: 4.608159
Train Epoch: 6 [22080/24148 (91%)]	Loss: 4.969313
Train Epoch: 6 [22400/24148 (93%)]	Loss: 4.643083
Train Epoch: 6 [22720/24148 (94%)]	Loss: 4.782980
Train Epoch: 6 [23040/24148 (95%)]	Loss: 4.960738
Train Epoch: 6 [23360/24148 (97%)]	Loss: 4.667659
Train Epoch: 6 [23680/24148 (98%)]	Loss: 4.293623
Train Epoch: 6 [24000/24148 (99%)]	Loss: 4.659348

Test set: Average loss: 4.6599, Accuracy: 774/6037 (13%)

Train Epoch: 7 [0/24148 (0%)]	Loss: 4.454565
Train Epoch: 7 [320/24148 (1%)]	Loss: 4.272025
Train Epoch: 7 [640/24148 (3%)]	Loss: 4.621824
Train Epoch: 7 [960/24148 (4%)]	Loss: 4.893938
Train Epoch: 7 [1280/24148 (5%)]	Loss: 4.370349
Train Epoch: 7 [1600/24148 (7%)]	Loss: 3.547172
Train Epoch: 7 [1920/24148 (8%)]	Loss: 4.810913
Train Epoch: 7 [2240/24148 (9%)]	Loss: 4.024460
Train Epoch: 7 [2560/24148 (11%)]	Loss: 4.689349
Train Epoch: 7 [2880/24148 (12%)]	Loss: 4.317835
Train Epoch: 7 [3200/24148 (13%)]	Loss: 4.374531
Train Epoch: 7 [3520/24148 (15%)]	Loss: 4.309732
Train Epoch: 7 [3840/24148 (16%)]	Loss: 4.669374
Train Epoch: 7 [4160/24148 (17%)]	Loss: 4.402162
Train Epoch: 7 [4480/24148 (19%)]	Loss: 4.509068
Train Epoch: 7 [4800/24148 (20%)]	Loss: 3.914596
Train Epoch: 7 [5120/24148 (21%)]	Loss: 4.902010
Train Epoch: 7 [5440/24148 (23%)]	Loss: 3.985573
Train Epoch: 7 [5760/24148 (24%)]	Loss: 4.766947
Train Epoch: 7 [6080/24148 (25%)]	Loss: 4.171329
Train Epoch: 7 [6400/24148 (26%)]	Loss: 4.923305
Train Epoch: 7 [6720/24148 (28%)]	Loss: 4.379035
Train Epoch: 7 [7040/24148 (29%)]	Loss: 4.493405
Train Epoch: 7 [7360/24148 (30%)]	Loss: 4.284122
Train Epoch: 7 [7680/24148 (32%)]	Loss: 4.622649
Train Epoch: 7 [8000/24148 (33%)]	Loss: 4.569595
Train Epoch: 7 [8320/24148 (34%)]	Loss: 4.301085
Train Epoch: 7 [8640/24148 (36%)]	Loss: 3.771473
Train Epoch: 7 [8960/24148 (37%)]	Loss: 4.673418
Train Epoch: 7 [9280/24148 (38%)]	Loss: 4.529082
Train Epoch: 7 [9600/24148 (40%)]	Loss: 4.433799
Train Epoch: 7 [9920/24148 (41%)]	Loss: 4.409997
Train Epoch: 7 [10240/24148 (42%)]	Loss: 4.425788
Train Epoch: 7 [10560/24148 (44%)]	Loss: 4.594172
Train Epoch: 7 [10880/24148 (45%)]	Loss: 4.142036
Train Epoch: 7 [11200/24148 (46%)]	Loss: 4.448459
Train Epoch: 7 [11520/24148 (48%)]	Loss: 4.588889
Train Epoch: 7 [11840/24148 (49%)]	Loss: 3.968741
Train Epoch: 7 [12160/24148 (50%)]	Loss: 4.429044
Train Epoch: 7 [12480/24148 (52%)]	Loss: 4.286182
Train Epoch: 7 [12800/24148 (53%)]	Loss: 4.243501
Train Epoch: 7 [13120/24148 (54%)]	Loss: 4.149867
Train Epoch: 7 [13440/24148 (56%)]	Loss: 4.024746
Train Epoch: 7 [13760/24148 (57%)]	Loss: 4.637749
Train Epoch: 7 [14080/24148 (58%)]	Loss: 4.250759
Train Epoch: 7 [14400/24148 (60%)]	Loss: 4.430726
Train Epoch: 7 [14720/24148 (61%)]	Loss: 4.643605
Train Epoch: 7 [15040/24148 (62%)]	Loss: 3.947910
Train Epoch: 7 [15360/24148 (64%)]	Loss: 4.716958
Train Epoch: 7 [15680/24148 (65%)]	Loss: 4.323354
Train Epoch: 7 [16000/24148 (66%)]	Loss: 4.658972
Train Epoch: 7 [16320/24148 (68%)]	Loss: 4.333941
Train Epoch: 7 [16640/24148 (69%)]	Loss: 4.463765
Train Epoch: 7 [16960/24148 (70%)]	Loss: 4.413272
Train Epoch: 7 [17280/24148 (72%)]	Loss: 4.203289
Train Epoch: 7 [17600/24148 (73%)]	Loss: 4.613509
Train Epoch: 7 [17920/24148 (74%)]	Loss: 4.774282
Train Epoch: 7 [18240/24148 (75%)]	Loss: 4.618910
Train Epoch: 7 [18560/24148 (77%)]	Loss: 4.560415
Train Epoch: 7 [18880/24148 (78%)]	Loss: 4.047647
Train Epoch: 7 [19200/24148 (79%)]	Loss: 4.657051
Train Epoch: 7 [19520/24148 (81%)]	Loss: 4.418209
Train Epoch: 7 [19840/24148 (82%)]	Loss: 4.306558
Train Epoch: 7 [20160/24148 (83%)]	Loss: 4.687453
Train Epoch: 7 [20480/24148 (85%)]	Loss: 4.718076
Train Epoch: 7 [20800/24148 (86%)]	Loss: 4.599822
Train Epoch: 7 [21120/24148 (87%)]	Loss: 4.760027
Train Epoch: 7 [21440/24148 (89%)]	Loss: 4.531817
Train Epoch: 7 [21760/24148 (90%)]	Loss: 4.521158
Train Epoch: 7 [22080/24148 (91%)]	Loss: 4.491411
Train Epoch: 7 [22400/24148 (93%)]	Loss: 4.353113
Train Epoch: 7 [22720/24148 (94%)]	Loss: 4.550294
Train Epoch: 7 [23040/24148 (95%)]	Loss: 4.037762
Train Epoch: 7 [23360/24148 (97%)]	Loss: 4.821725
Train Epoch: 7 [23680/24148 (98%)]	Loss: 4.105062
Train Epoch: 7 [24000/24148 (99%)]	Loss: 4.381002

Test set: Average loss: 4.6341, Accuracy: 793/6037 (13%)

Train Epoch: 8 [0/24148 (0%)]	Loss: 3.897653
Train Epoch: 8 [320/24148 (1%)]	Loss: 4.370628
Train Epoch: 8 [640/24148 (3%)]	Loss: 3.890810
Train Epoch: 8 [960/24148 (4%)]	Loss: 4.556902
Train Epoch: 8 [1280/24148 (5%)]	Loss: 4.082137
Train Epoch: 8 [1600/24148 (7%)]	Loss: 4.842833
Train Epoch: 8 [1920/24148 (8%)]	Loss: 4.408943
Train Epoch: 8 [2240/24148 (9%)]	Loss: 4.465666
Train Epoch: 8 [2560/24148 (11%)]	Loss: 4.538480
Train Epoch: 8 [2880/24148 (12%)]	Loss: 4.602574
Train Epoch: 8 [3200/24148 (13%)]	Loss: 4.755124
Train Epoch: 8 [3520/24148 (15%)]	Loss: 4.533156
Train Epoch: 8 [3840/24148 (16%)]	Loss: 4.367754
Train Epoch: 8 [4160/24148 (17%)]	Loss: 4.610459
Train Epoch: 8 [4480/24148 (19%)]	Loss: 4.631739
Train Epoch: 8 [4800/24148 (20%)]	Loss: 4.213198
Train Epoch: 8 [5120/24148 (21%)]	Loss: 4.552623
Train Epoch: 8 [5440/24148 (23%)]	Loss: 4.284165
Train Epoch: 8 [5760/24148 (24%)]	Loss: 4.476219
Train Epoch: 8 [6080/24148 (25%)]	Loss: 4.334238
Train Epoch: 8 [6400/24148 (26%)]	Loss: 4.359324
Train Epoch: 8 [6720/24148 (28%)]	Loss: 4.537272
Train Epoch: 8 [7040/24148 (29%)]	Loss: 4.517590
Train Epoch: 8 [7360/24148 (30%)]	Loss: 4.449587
Train Epoch: 8 [7680/24148 (32%)]	Loss: 4.259155
Train Epoch: 8 [8000/24148 (33%)]	Loss: 4.872787
Train Epoch: 8 [8320/24148 (34%)]	Loss: 4.446620
Train Epoch: 8 [8640/24148 (36%)]	Loss: 4.555405
Train Epoch: 8 [8960/24148 (37%)]	Loss: 3.929139
Train Epoch: 8 [9280/24148 (38%)]	Loss: 4.201759
Train Epoch: 8 [9600/24148 (40%)]	Loss: 4.041390
Train Epoch: 8 [9920/24148 (41%)]	Loss: 4.292405
Train Epoch: 8 [10240/24148 (42%)]	Loss: 3.750520
Train Epoch: 8 [10560/24148 (44%)]	Loss: 4.484819
Train Epoch: 8 [10880/24148 (45%)]	Loss: 4.232275
Train Epoch: 8 [11200/24148 (46%)]	Loss: 4.529541
Train Epoch: 8 [11520/24148 (48%)]	Loss: 4.398919
Train Epoch: 8 [11840/24148 (49%)]	Loss: 3.974747
Train Epoch: 8 [12160/24148 (50%)]	Loss: 4.243300
Train Epoch: 8 [12480/24148 (52%)]	Loss: 4.090467
Train Epoch: 8 [12800/24148 (53%)]	Loss: 4.481924
Train Epoch: 8 [13120/24148 (54%)]	Loss: 4.927408
Train Epoch: 8 [13440/24148 (56%)]	Loss: 4.129177
Train Epoch: 8 [13760/24148 (57%)]	Loss: 4.747844
Train Epoch: 8 [14080/24148 (58%)]	Loss: 4.176898
Train Epoch: 8 [14400/24148 (60%)]	Loss: 4.363515
Train Epoch: 8 [14720/24148 (61%)]	Loss: 4.790723
Train Epoch: 8 [15040/24148 (62%)]	Loss: 4.810383
Train Epoch: 8 [15360/24148 (64%)]	Loss: 4.723557
Train Epoch: 8 [15680/24148 (65%)]	Loss: 3.953575
Train Epoch: 8 [16000/24148 (66%)]	Loss: 4.712939
Train Epoch: 8 [16320/24148 (68%)]	Loss: 4.514825
Train Epoch: 8 [16640/24148 (69%)]	Loss: 5.033421
Train Epoch: 8 [16960/24148 (70%)]	Loss: 4.755270
Train Epoch: 8 [17280/24148 (72%)]	Loss: 4.731905
Train Epoch: 8 [17600/24148 (73%)]	Loss: 4.200739
Train Epoch: 8 [17920/24148 (74%)]	Loss: 4.343920
Train Epoch: 8 [18240/24148 (75%)]	Loss: 4.272905
Train Epoch: 8 [18560/24148 (77%)]	Loss: 4.388776
Train Epoch: 8 [18880/24148 (78%)]	Loss: 4.589267
Train Epoch: 8 [19200/24148 (79%)]	Loss: 4.110258
Train Epoch: 8 [19520/24148 (81%)]	Loss: 4.020979
Train Epoch: 8 [19840/24148 (82%)]	Loss: 4.292266
Train Epoch: 8 [20160/24148 (83%)]	Loss: 4.557769
Train Epoch: 8 [20480/24148 (85%)]	Loss: 4.244536
Train Epoch: 8 [20800/24148 (86%)]	Loss: 4.505538
Train Epoch: 8 [21120/24148 (87%)]	Loss: 4.552569
Train Epoch: 8 [21440/24148 (89%)]	Loss: 4.637705
Train Epoch: 8 [21760/24148 (90%)]	Loss: 4.491863
Train Epoch: 8 [22080/24148 (91%)]	Loss: 4.191524
Train Epoch: 8 [22400/24148 (93%)]	Loss: 4.130475
Train Epoch: 8 [22720/24148 (94%)]	Loss: 4.326033
Train Epoch: 8 [23040/24148 (95%)]	Loss: 4.346483
Train Epoch: 8 [23360/24148 (97%)]	Loss: 4.534403
Train Epoch: 8 [23680/24148 (98%)]	Loss: 3.785866
Train Epoch: 8 [24000/24148 (99%)]	Loss: 4.233954

Test set: Average loss: 4.6117, Accuracy: 827/6037 (14%)

Train Epoch: 9 [0/24148 (0%)]	Loss: 4.278610
Train Epoch: 9 [320/24148 (1%)]	Loss: 4.371390
Train Epoch: 9 [640/24148 (3%)]	Loss: 4.244452
Train Epoch: 9 [960/24148 (4%)]	Loss: 4.333438
Train Epoch: 9 [1280/24148 (5%)]	Loss: 3.841689
Train Epoch: 9 [1600/24148 (7%)]	Loss: 4.133320
Train Epoch: 9 [1920/24148 (8%)]	Loss: 4.254261
Train Epoch: 9 [2240/24148 (9%)]	Loss: 4.203895
Train Epoch: 9 [2560/24148 (11%)]	Loss: 3.871170
Train Epoch: 9 [2880/24148 (12%)]	Loss: 4.421641
Train Epoch: 9 [3200/24148 (13%)]	Loss: 3.877300
Train Epoch: 9 [3520/24148 (15%)]	Loss: 4.578424
Train Epoch: 9 [3840/24148 (16%)]	Loss: 4.391651
Train Epoch: 9 [4160/24148 (17%)]	Loss: 4.229081
Train Epoch: 9 [4480/24148 (19%)]	Loss: 4.515759
Train Epoch: 9 [4800/24148 (20%)]	Loss: 4.267671
Train Epoch: 9 [5120/24148 (21%)]	Loss: 4.387142
Train Epoch: 9 [5440/24148 (23%)]	Loss: 4.238499
Train Epoch: 9 [5760/24148 (24%)]	Loss: 4.278724
Train Epoch: 9 [6080/24148 (25%)]	Loss: 4.711041
Train Epoch: 9 [6400/24148 (26%)]	Loss: 4.485774
Train Epoch: 9 [6720/24148 (28%)]	Loss: 4.218055
Train Epoch: 9 [7040/24148 (29%)]	Loss: 4.061565
Train Epoch: 9 [7360/24148 (30%)]	Loss: 4.320469
Train Epoch: 9 [7680/24148 (32%)]	Loss: 3.978608
Train Epoch: 9 [8000/24148 (33%)]	Loss: 4.334520
Train Epoch: 9 [8320/24148 (34%)]	Loss: 4.642461
Train Epoch: 9 [8640/24148 (36%)]	Loss: 4.404376
Train Epoch: 9 [8960/24148 (37%)]	Loss: 4.299865
Train Epoch: 9 [9280/24148 (38%)]	Loss: 4.382866
Train Epoch: 9 [9600/24148 (40%)]	Loss: 4.415353
Train Epoch: 9 [9920/24148 (41%)]	Loss: 4.377109
Train Epoch: 9 [10240/24148 (42%)]	Loss: 4.430375
Train Epoch: 9 [10560/24148 (44%)]	Loss: 4.053632
Train Epoch: 9 [10880/24148 (45%)]	Loss: 4.153831
Train Epoch: 9 [11200/24148 (46%)]	Loss: 4.366575
Train Epoch: 9 [11520/24148 (48%)]	Loss: 4.988195
Train Epoch: 9 [11840/24148 (49%)]	Loss: 4.167670
Train Epoch: 9 [12160/24148 (50%)]	Loss: 3.983591
Train Epoch: 9 [12480/24148 (52%)]	Loss: 3.726424
Train Epoch: 9 [12800/24148 (53%)]	Loss: 4.105962
Train Epoch: 9 [13120/24148 (54%)]	Loss: 4.873326
Train Epoch: 9 [13440/24148 (56%)]	Loss: 4.507510
Train Epoch: 9 [13760/24148 (57%)]	Loss: 4.201266
Train Epoch: 9 [14080/24148 (58%)]	Loss: 4.482737
Train Epoch: 9 [14400/24148 (60%)]	Loss: 4.417444
Train Epoch: 9 [14720/24148 (61%)]	Loss: 4.636286
Train Epoch: 9 [15040/24148 (62%)]	Loss: 3.876126
Train Epoch: 9 [15360/24148 (64%)]	Loss: 4.627952
Train Epoch: 9 [15680/24148 (65%)]	Loss: 4.333386
Train Epoch: 9 [16000/24148 (66%)]	Loss: 3.897475
Train Epoch: 9 [16320/24148 (68%)]	Loss: 4.159224
Train Epoch: 9 [16640/24148 (69%)]	Loss: 3.836835
Train Epoch: 9 [16960/24148 (70%)]	Loss: 4.256758
Train Epoch: 9 [17280/24148 (72%)]	Loss: 4.497918
Train Epoch: 9 [17600/24148 (73%)]	Loss: 4.588975
Train Epoch: 9 [17920/24148 (74%)]	Loss: 3.949474
Train Epoch: 9 [18240/24148 (75%)]	Loss: 4.030107
Train Epoch: 9 [18560/24148 (77%)]	Loss: 4.271121
Train Epoch: 9 [18880/24148 (78%)]	Loss: 4.526619
Train Epoch: 9 [19200/24148 (79%)]	Loss: 4.562054
Train Epoch: 9 [19520/24148 (81%)]	Loss: 4.233576
Train Epoch: 9 [19840/24148 (82%)]	Loss: 4.783876
Train Epoch: 9 [20160/24148 (83%)]	Loss: 4.043969
Train Epoch: 9 [20480/24148 (85%)]	Loss: 4.747163
Train Epoch: 9 [20800/24148 (86%)]	Loss: 4.627895
Train Epoch: 9 [21120/24148 (87%)]	Loss: 4.797386
Train Epoch: 9 [21440/24148 (89%)]	Loss: 4.487843
Train Epoch: 9 [21760/24148 (90%)]	Loss: 4.131655
Train Epoch: 9 [22080/24148 (91%)]	Loss: 3.325963
Train Epoch: 9 [22400/24148 (93%)]	Loss: 4.664470
Train Epoch: 9 [22720/24148 (94%)]	Loss: 4.960332
Train Epoch: 9 [23040/24148 (95%)]	Loss: 4.642299
Train Epoch: 9 [23360/24148 (97%)]	Loss: 4.540145
Train Epoch: 9 [23680/24148 (98%)]	Loss: 4.496968
Train Epoch: 9 [24000/24148 (99%)]	Loss: 3.847389

Test set: Average loss: 4.6006, Accuracy: 819/6037 (14%)

Train Epoch: 10 [0/24148 (0%)]	Loss: 4.441112
Train Epoch: 10 [320/24148 (1%)]	Loss: 4.196103
Train Epoch: 10 [640/24148 (3%)]	Loss: 3.517274
Train Epoch: 10 [960/24148 (4%)]	Loss: 4.056530
Train Epoch: 10 [1280/24148 (5%)]	Loss: 4.019231
Train Epoch: 10 [1600/24148 (7%)]	Loss: 4.436913
Train Epoch: 10 [1920/24148 (8%)]	Loss: 3.838675
Train Epoch: 10 [2240/24148 (9%)]	Loss: 4.732443
Train Epoch: 10 [2560/24148 (11%)]	Loss: 4.579923
Train Epoch: 10 [2880/24148 (12%)]	Loss: 3.845963
Train Epoch: 10 [3200/24148 (13%)]	Loss: 3.782780
Train Epoch: 10 [3520/24148 (15%)]	Loss: 4.321041
Train Epoch: 10 [3840/24148 (16%)]	Loss: 4.628284
Train Epoch: 10 [4160/24148 (17%)]	Loss: 4.061218
Train Epoch: 10 [4480/24148 (19%)]	Loss: 4.093388
Train Epoch: 10 [4800/24148 (20%)]	Loss: 4.296454
Train Epoch: 10 [5120/24148 (21%)]	Loss: 4.296493
Train Epoch: 10 [5440/24148 (23%)]	Loss: 4.189126
Train Epoch: 10 [5760/24148 (24%)]	Loss: 3.906376
Train Epoch: 10 [6080/24148 (25%)]	Loss: 3.930975
Train Epoch: 10 [6400/24148 (26%)]	Loss: 4.093654
Train Epoch: 10 [6720/24148 (28%)]	Loss: 3.888095
Train Epoch: 10 [7040/24148 (29%)]	Loss: 4.260236
Train Epoch: 10 [7360/24148 (30%)]	Loss: 4.372205
Train Epoch: 10 [7680/24148 (32%)]	Loss: 4.056443
Train Epoch: 10 [8000/24148 (33%)]	Loss: 4.585751
Train Epoch: 10 [8320/24148 (34%)]	Loss: 3.977514
Train Epoch: 10 [8640/24148 (36%)]	Loss: 4.258908
Train Epoch: 10 [8960/24148 (37%)]	Loss: 4.196123
Train Epoch: 10 [9280/24148 (38%)]	Loss: 3.731236
Train Epoch: 10 [9600/24148 (40%)]	Loss: 4.416250
Train Epoch: 10 [9920/24148 (41%)]	Loss: 4.488630
Train Epoch: 10 [10240/24148 (42%)]	Loss: 3.578107
Train Epoch: 10 [10560/24148 (44%)]	Loss: 4.519343
Train Epoch: 10 [10880/24148 (45%)]	Loss: 4.111866
Train Epoch: 10 [11200/24148 (46%)]	Loss: 4.357495
Train Epoch: 10 [11520/24148 (48%)]	Loss: 4.456257
Train Epoch: 10 [11840/24148 (49%)]	Loss: 4.399329
Train Epoch: 10 [12160/24148 (50%)]	Loss: 4.258204
Train Epoch: 10 [12480/24148 (52%)]	Loss: 5.004817
Train Epoch: 10 [12800/24148 (53%)]	Loss: 4.328563
Train Epoch: 10 [13120/24148 (54%)]	Loss: 4.129600
Train Epoch: 10 [13440/24148 (56%)]	Loss: 4.467300
Train Epoch: 10 [13760/24148 (57%)]	Loss: 3.746869
Train Epoch: 10 [14080/24148 (58%)]	Loss: 4.168484
Train Epoch: 10 [14400/24148 (60%)]	Loss: 4.189802
Train Epoch: 10 [14720/24148 (61%)]	Loss: 4.029967
Train Epoch: 10 [15040/24148 (62%)]	Loss: 4.620856
Train Epoch: 10 [15360/24148 (64%)]	Loss: 4.524646
Train Epoch: 10 [15680/24148 (65%)]	Loss: 3.997891
Train Epoch: 10 [16000/24148 (66%)]	Loss: 4.565102
Train Epoch: 10 [16320/24148 (68%)]	Loss: 4.802145
Train Epoch: 10 [16640/24148 (69%)]	Loss: 4.263868
Train Epoch: 10 [16960/24148 (70%)]	Loss: 4.005676
Train Epoch: 10 [17280/24148 (72%)]	Loss: 3.704470
Train Epoch: 10 [17600/24148 (73%)]	Loss: 4.048948
Train Epoch: 10 [17920/24148 (74%)]	Loss: 4.402860
Train Epoch: 10 [18240/24148 (75%)]	Loss: 4.284748
Train Epoch: 10 [18560/24148 (77%)]	Loss: 4.388389
Train Epoch: 10 [18880/24148 (78%)]	Loss: 4.484818
Train Epoch: 10 [19200/24148 (79%)]	Loss: 4.709444
Train Epoch: 10 [19520/24148 (81%)]	Loss: 4.485030
Train Epoch: 10 [19840/24148 (82%)]	Loss: 4.136715
Train Epoch: 10 [20160/24148 (83%)]	Loss: 4.171889
Train Epoch: 10 [20480/24148 (85%)]	Loss: 4.094462
Train Epoch: 10 [20800/24148 (86%)]	Loss: 3.993472
Train Epoch: 10 [21120/24148 (87%)]	Loss: 4.127852
Train Epoch: 10 [21440/24148 (89%)]	Loss: 4.437171
Train Epoch: 10 [21760/24148 (90%)]	Loss: 4.389923
Train Epoch: 10 [22080/24148 (91%)]	Loss: 4.067047
Train Epoch: 10 [22400/24148 (93%)]	Loss: 4.114645
Train Epoch: 10 [22720/24148 (94%)]	Loss: 4.097161
Train Epoch: 10 [23040/24148 (95%)]	Loss: 4.266613
Train Epoch: 10 [23360/24148 (97%)]	Loss: 4.280354
Train Epoch: 10 [23680/24148 (98%)]	Loss: 4.018717
Train Epoch: 10 [24000/24148 (99%)]	Loss: 3.955497

Test set: Average loss: 4.5886, Accuracy: 823/6037 (14%)

Average seconds for training 1 epoch: 172.9929829120636
Average seconds for testing: 15.882880687713623
