Logging tensorboard to ./runs/Caltech256/vit_reformer_patch_size_8_n_bucket_size_16_n_hashes_2
Files already downloaded and verified
Total number of parameters in the model: 11271809
Train Epoch: 1 [0/24148 (0%)]	Loss: 5.604082
Train Epoch: 1 [320/24148 (1%)]	Loss: 5.569355
Train Epoch: 1 [640/24148 (3%)]	Loss: 6.158464
Train Epoch: 1 [960/24148 (4%)]	Loss: 5.562570
Train Epoch: 1 [1280/24148 (5%)]	Loss: 5.645809
Train Epoch: 1 [1600/24148 (7%)]	Loss: 5.687758
Train Epoch: 1 [1920/24148 (8%)]	Loss: 6.140186
Train Epoch: 1 [2240/24148 (9%)]	Loss: 5.918564
Train Epoch: 1 [2560/24148 (11%)]	Loss: 5.219581
Train Epoch: 1 [2880/24148 (12%)]	Loss: 5.256018
Train Epoch: 1 [3200/24148 (13%)]	Loss: 5.027260
Train Epoch: 1 [3520/24148 (15%)]	Loss: 5.548198
Train Epoch: 1 [3840/24148 (16%)]	Loss: 5.343932
Train Epoch: 1 [4160/24148 (17%)]	Loss: 5.280117
Train Epoch: 1 [4480/24148 (19%)]	Loss: 5.399178
Train Epoch: 1 [4800/24148 (20%)]	Loss: 5.600457
Train Epoch: 1 [5120/24148 (21%)]	Loss: 5.460804
Train Epoch: 1 [5440/24148 (23%)]	Loss: 5.390303
Train Epoch: 1 [5760/24148 (24%)]	Loss: 5.328322
Train Epoch: 1 [6080/24148 (25%)]	Loss: 5.354684
Train Epoch: 1 [6400/24148 (26%)]	Loss: 5.524842
Train Epoch: 1 [6720/24148 (28%)]	Loss: 5.034348
Train Epoch: 1 [7040/24148 (29%)]	Loss: 5.342535
Train Epoch: 1 [7360/24148 (30%)]	Loss: 5.281394
Train Epoch: 1 [7680/24148 (32%)]	Loss: 5.271609
Train Epoch: 1 [8000/24148 (33%)]	Loss: 5.386755
Train Epoch: 1 [8320/24148 (34%)]	Loss: 5.494524
Train Epoch: 1 [8640/24148 (36%)]	Loss: 5.072620
Train Epoch: 1 [8960/24148 (37%)]	Loss: 5.198098
Train Epoch: 1 [9280/24148 (38%)]	Loss: 5.362550
Train Epoch: 1 [9600/24148 (40%)]	Loss: 5.454542
Train Epoch: 1 [9920/24148 (41%)]	Loss: 5.109122
Train Epoch: 1 [10240/24148 (42%)]	Loss: 5.222375
Train Epoch: 1 [10560/24148 (44%)]	Loss: 5.194582
Train Epoch: 1 [10880/24148 (45%)]	Loss: 5.594537
Train Epoch: 1 [11200/24148 (46%)]	Loss: 5.304608
Train Epoch: 1 [11520/24148 (48%)]	Loss: 5.338710
Train Epoch: 1 [11840/24148 (49%)]	Loss: 5.295371
Train Epoch: 1 [12160/24148 (50%)]	Loss: 5.427541
Train Epoch: 1 [12480/24148 (52%)]	Loss: 5.347058
Train Epoch: 1 [12800/24148 (53%)]	Loss: 5.206425
Train Epoch: 1 [13120/24148 (54%)]	Loss: 5.262421
Train Epoch: 1 [13440/24148 (56%)]	Loss: 5.439883
Train Epoch: 1 [13760/24148 (57%)]	Loss: 5.385096
Train Epoch: 1 [14080/24148 (58%)]	Loss: 5.097885
Train Epoch: 1 [14400/24148 (60%)]	Loss: 5.212476
Train Epoch: 1 [14720/24148 (61%)]	Loss: 5.300331
Train Epoch: 1 [15040/24148 (62%)]	Loss: 5.436554
Train Epoch: 1 [15360/24148 (64%)]	Loss: 5.062017
Train Epoch: 1 [15680/24148 (65%)]	Loss: 4.992707
Train Epoch: 1 [16000/24148 (66%)]	Loss: 5.361383
Train Epoch: 1 [16320/24148 (68%)]	Loss: 5.021887
Train Epoch: 1 [16640/24148 (69%)]	Loss: 5.212192
Train Epoch: 1 [16960/24148 (70%)]	Loss: 5.018958
Train Epoch: 1 [17280/24148 (72%)]	Loss: 5.009546
Train Epoch: 1 [17600/24148 (73%)]	Loss: 5.247262
Train Epoch: 1 [17920/24148 (74%)]	Loss: 5.334726
Train Epoch: 1 [18240/24148 (75%)]	Loss: 5.350067
Train Epoch: 1 [18560/24148 (77%)]	Loss: 5.198723
Train Epoch: 1 [18880/24148 (78%)]	Loss: 5.182862
Train Epoch: 1 [19200/24148 (79%)]	Loss: 5.089937
Train Epoch: 1 [19520/24148 (81%)]	Loss: 4.945929
Train Epoch: 1 [19840/24148 (82%)]	Loss: 5.571648
Train Epoch: 1 [20160/24148 (83%)]	Loss: 5.097827
Train Epoch: 1 [20480/24148 (85%)]	Loss: 5.051990
Train Epoch: 1 [20800/24148 (86%)]	Loss: 5.203052
Train Epoch: 1 [21120/24148 (87%)]	Loss: 5.206758
Train Epoch: 1 [21440/24148 (89%)]	Loss: 5.100483
Train Epoch: 1 [21760/24148 (90%)]	Loss: 5.098137
Train Epoch: 1 [22080/24148 (91%)]	Loss: 5.409694
Train Epoch: 1 [22400/24148 (93%)]	Loss: 5.411460
Train Epoch: 1 [22720/24148 (94%)]	Loss: 5.108075
Train Epoch: 1 [23040/24148 (95%)]	Loss: 5.370438
Train Epoch: 1 [23360/24148 (97%)]	Loss: 5.089097
Train Epoch: 1 [23680/24148 (98%)]	Loss: 5.227003
Train Epoch: 1 [24000/24148 (99%)]	Loss: 5.248578

Test set: Average loss: 5.0877, Accuracy: 533/6037 (9%)

Train Epoch: 2 [0/24148 (0%)]	Loss: 5.207617
Train Epoch: 2 [320/24148 (1%)]	Loss: 5.578076
Train Epoch: 2 [640/24148 (3%)]	Loss: 5.010035
Train Epoch: 2 [960/24148 (4%)]	Loss: 5.124988
Train Epoch: 2 [1280/24148 (5%)]	Loss: 5.096282
Train Epoch: 2 [1600/24148 (7%)]	Loss: 5.116291
Train Epoch: 2 [1920/24148 (8%)]	Loss: 4.657216
Train Epoch: 2 [2240/24148 (9%)]	Loss: 5.307405
Train Epoch: 2 [2560/24148 (11%)]	Loss: 5.133058
Train Epoch: 2 [2880/24148 (12%)]	Loss: 4.985437
Train Epoch: 2 [3200/24148 (13%)]	Loss: 5.084362
Train Epoch: 2 [3520/24148 (15%)]	Loss: 4.640885
Train Epoch: 2 [3840/24148 (16%)]	Loss: 4.798741
Train Epoch: 2 [4160/24148 (17%)]	Loss: 4.850338
Train Epoch: 2 [4480/24148 (19%)]	Loss: 5.104076
Train Epoch: 2 [4800/24148 (20%)]	Loss: 4.842645
Train Epoch: 2 [5120/24148 (21%)]	Loss: 5.159169
Train Epoch: 2 [5440/24148 (23%)]	Loss: 4.917234
Train Epoch: 2 [5760/24148 (24%)]	Loss: 5.104882
Train Epoch: 2 [6080/24148 (25%)]	Loss: 4.987597
Train Epoch: 2 [6400/24148 (26%)]	Loss: 4.863368
Train Epoch: 2 [6720/24148 (28%)]	Loss: 4.717514
Train Epoch: 2 [7040/24148 (29%)]	Loss: 5.290192
Train Epoch: 2 [7360/24148 (30%)]	Loss: 5.355391
Train Epoch: 2 [7680/24148 (32%)]	Loss: 5.246653
Train Epoch: 2 [8000/24148 (33%)]	Loss: 4.756183
Train Epoch: 2 [8320/24148 (34%)]	Loss: 5.068068
Train Epoch: 2 [8640/24148 (36%)]	Loss: 4.994872
Train Epoch: 2 [8960/24148 (37%)]	Loss: 4.758381
Train Epoch: 2 [9280/24148 (38%)]	Loss: 5.153971
Train Epoch: 2 [9600/24148 (40%)]	Loss: 4.886312
Train Epoch: 2 [9920/24148 (41%)]	Loss: 4.873303
Train Epoch: 2 [10240/24148 (42%)]	Loss: 4.890563
Train Epoch: 2 [10560/24148 (44%)]	Loss: 4.608677
Train Epoch: 2 [10880/24148 (45%)]	Loss: 5.207356
Train Epoch: 2 [11200/24148 (46%)]	Loss: 5.242525
Train Epoch: 2 [11520/24148 (48%)]	Loss: 5.047283
Train Epoch: 2 [11840/24148 (49%)]	Loss: 4.698185
Train Epoch: 2 [12160/24148 (50%)]	Loss: 5.247250
Train Epoch: 2 [12480/24148 (52%)]	Loss: 4.928603
Train Epoch: 2 [12800/24148 (53%)]	Loss: 4.802093
Train Epoch: 2 [13120/24148 (54%)]	Loss: 4.755639
Train Epoch: 2 [13440/24148 (56%)]	Loss: 4.715028
Train Epoch: 2 [13760/24148 (57%)]	Loss: 5.159636
Train Epoch: 2 [14080/24148 (58%)]	Loss: 5.284785
Train Epoch: 2 [14400/24148 (60%)]	Loss: 5.028067
Train Epoch: 2 [14720/24148 (61%)]	Loss: 4.901067
Train Epoch: 2 [15040/24148 (62%)]	Loss: 5.126310
Train Epoch: 2 [15360/24148 (64%)]	Loss: 5.285495
Train Epoch: 2 [15680/24148 (65%)]	Loss: 4.768420
Train Epoch: 2 [16000/24148 (66%)]	Loss: 5.087085
Train Epoch: 2 [16320/24148 (68%)]	Loss: 4.695627
Train Epoch: 2 [16640/24148 (69%)]	Loss: 4.479985
Train Epoch: 2 [16960/24148 (70%)]	Loss: 4.608196
Train Epoch: 2 [17280/24148 (72%)]	Loss: 4.780138
Train Epoch: 2 [17600/24148 (73%)]	Loss: 4.676305
Train Epoch: 2 [17920/24148 (74%)]	Loss: 4.470942
Train Epoch: 2 [18240/24148 (75%)]	Loss: 4.896913
Train Epoch: 2 [18560/24148 (77%)]	Loss: 4.803745
Train Epoch: 2 [18880/24148 (78%)]	Loss: 4.957746
Train Epoch: 2 [19200/24148 (79%)]	Loss: 5.291077
Train Epoch: 2 [19520/24148 (81%)]	Loss: 5.315525
Train Epoch: 2 [19840/24148 (82%)]	Loss: 4.950191
Train Epoch: 2 [20160/24148 (83%)]	Loss: 4.568483
Train Epoch: 2 [20480/24148 (85%)]	Loss: 4.881678
Train Epoch: 2 [20800/24148 (86%)]	Loss: 5.018588
Train Epoch: 2 [21120/24148 (87%)]	Loss: 4.975436
Train Epoch: 2 [21440/24148 (89%)]	Loss: 4.924776
Train Epoch: 2 [21760/24148 (90%)]	Loss: 5.177834
Train Epoch: 2 [22080/24148 (91%)]	Loss: 4.818949
Train Epoch: 2 [22400/24148 (93%)]	Loss: 4.823445
Train Epoch: 2 [22720/24148 (94%)]	Loss: 4.515033
Train Epoch: 2 [23040/24148 (95%)]	Loss: 4.844478
Train Epoch: 2 [23360/24148 (97%)]	Loss: 4.945382
Train Epoch: 2 [23680/24148 (98%)]	Loss: 4.883717
Train Epoch: 2 [24000/24148 (99%)]	Loss: 5.123169

Test set: Average loss: 4.9099, Accuracy: 580/6037 (10%)

Train Epoch: 3 [0/24148 (0%)]	Loss: 4.491032
Train Epoch: 3 [320/24148 (1%)]	Loss: 4.671902
Train Epoch: 3 [640/24148 (3%)]	Loss: 4.610232
Train Epoch: 3 [960/24148 (4%)]	Loss: 4.689106
Train Epoch: 3 [1280/24148 (5%)]	Loss: 4.135291
Train Epoch: 3 [1600/24148 (7%)]	Loss: 5.367389
Train Epoch: 3 [1920/24148 (8%)]	Loss: 5.412517
Train Epoch: 3 [2240/24148 (9%)]	Loss: 4.548294
Train Epoch: 3 [2560/24148 (11%)]	Loss: 4.675020
Train Epoch: 3 [2880/24148 (12%)]	Loss: 4.938441
Train Epoch: 3 [3200/24148 (13%)]	Loss: 4.847168
Train Epoch: 3 [3520/24148 (15%)]	Loss: 4.457147
Train Epoch: 3 [3840/24148 (16%)]	Loss: 4.898088
Train Epoch: 3 [4160/24148 (17%)]	Loss: 4.962627
Train Epoch: 3 [4480/24148 (19%)]	Loss: 4.564009
Train Epoch: 3 [4800/24148 (20%)]	Loss: 4.947017
Train Epoch: 3 [5120/24148 (21%)]	Loss: 4.609157
Train Epoch: 3 [5440/24148 (23%)]	Loss: 4.812373
Train Epoch: 3 [5760/24148 (24%)]	Loss: 4.849490
Train Epoch: 3 [6080/24148 (25%)]	Loss: 5.103584
Train Epoch: 3 [6400/24148 (26%)]	Loss: 5.012480
Train Epoch: 3 [6720/24148 (28%)]	Loss: 4.683329
Train Epoch: 3 [7040/24148 (29%)]	Loss: 5.225953
Train Epoch: 3 [7360/24148 (30%)]	Loss: 4.995962
Train Epoch: 3 [7680/24148 (32%)]	Loss: 4.705220
Train Epoch: 3 [8000/24148 (33%)]	Loss: 4.808424
Train Epoch: 3 [8320/24148 (34%)]	Loss: 4.927682
Train Epoch: 3 [8640/24148 (36%)]	Loss: 4.587121
Train Epoch: 3 [8960/24148 (37%)]	Loss: 4.953202
Train Epoch: 3 [9280/24148 (38%)]	Loss: 4.696475
Train Epoch: 3 [9600/24148 (40%)]	Loss: 4.953835
Train Epoch: 3 [9920/24148 (41%)]	Loss: 4.948011
Train Epoch: 3 [10240/24148 (42%)]	Loss: 5.094584
Train Epoch: 3 [10560/24148 (44%)]	Loss: 4.864865
Train Epoch: 3 [10880/24148 (45%)]	Loss: 5.074174
Train Epoch: 3 [11200/24148 (46%)]	Loss: 4.528112
Train Epoch: 3 [11520/24148 (48%)]	Loss: 4.577822
Train Epoch: 3 [11840/24148 (49%)]	Loss: 4.963604
Train Epoch: 3 [12160/24148 (50%)]	Loss: 4.781596
Train Epoch: 3 [12480/24148 (52%)]	Loss: 5.005503
Train Epoch: 3 [12800/24148 (53%)]	Loss: 4.541927
Train Epoch: 3 [13120/24148 (54%)]	Loss: 4.408079
Train Epoch: 3 [13440/24148 (56%)]	Loss: 4.761059
Train Epoch: 3 [13760/24148 (57%)]	Loss: 4.608610
Train Epoch: 3 [14080/24148 (58%)]	Loss: 4.682411
Train Epoch: 3 [14400/24148 (60%)]	Loss: 4.438674
Train Epoch: 3 [14720/24148 (61%)]	Loss: 4.386961
Train Epoch: 3 [15040/24148 (62%)]	Loss: 4.611503
Train Epoch: 3 [15360/24148 (64%)]	Loss: 4.738227
Train Epoch: 3 [15680/24148 (65%)]	Loss: 4.941066
Train Epoch: 3 [16000/24148 (66%)]	Loss: 4.720698
Train Epoch: 3 [16320/24148 (68%)]	Loss: 4.545369
Train Epoch: 3 [16640/24148 (69%)]	Loss: 4.769097
Train Epoch: 3 [16960/24148 (70%)]	Loss: 4.773103
Train Epoch: 3 [17280/24148 (72%)]	Loss: 5.092672
Train Epoch: 3 [17600/24148 (73%)]	Loss: 5.311497
Train Epoch: 3 [17920/24148 (74%)]	Loss: 4.836152
Train Epoch: 3 [18240/24148 (75%)]	Loss: 4.978511
Train Epoch: 3 [18560/24148 (77%)]	Loss: 4.582159
Train Epoch: 3 [18880/24148 (78%)]	Loss: 4.845994
Train Epoch: 3 [19200/24148 (79%)]	Loss: 4.874497
Train Epoch: 3 [19520/24148 (81%)]	Loss: 4.649020
Train Epoch: 3 [19840/24148 (82%)]	Loss: 5.007458
Train Epoch: 3 [20160/24148 (83%)]	Loss: 4.791140
Train Epoch: 3 [20480/24148 (85%)]	Loss: 4.129082
Train Epoch: 3 [20800/24148 (86%)]	Loss: 4.492280
Train Epoch: 3 [21120/24148 (87%)]	Loss: 5.114528
Train Epoch: 3 [21440/24148 (89%)]	Loss: 4.851333
Train Epoch: 3 [21760/24148 (90%)]	Loss: 4.538568
Train Epoch: 3 [22080/24148 (91%)]	Loss: 4.982450
Train Epoch: 3 [22400/24148 (93%)]	Loss: 4.641591
Train Epoch: 3 [22720/24148 (94%)]	Loss: 4.857162
Train Epoch: 3 [23040/24148 (95%)]	Loss: 4.595118
Train Epoch: 3 [23360/24148 (97%)]	Loss: 5.057117
Train Epoch: 3 [23680/24148 (98%)]	Loss: 4.201713
Train Epoch: 3 [24000/24148 (99%)]	Loss: 4.862756

Test set: Average loss: 4.7624, Accuracy: 653/6037 (11%)

Train Epoch: 4 [0/24148 (0%)]	Loss: 4.783170
Train Epoch: 4 [320/24148 (1%)]	Loss: 4.604607
Train Epoch: 4 [640/24148 (3%)]	Loss: 4.261349
Train Epoch: 4 [960/24148 (4%)]	Loss: 4.621881
Train Epoch: 4 [1280/24148 (5%)]	Loss: 4.725959
Train Epoch: 4 [1600/24148 (7%)]	Loss: 4.667286
Train Epoch: 4 [1920/24148 (8%)]	Loss: 4.870655
Train Epoch: 4 [2240/24148 (9%)]	Loss: 4.573364
Train Epoch: 4 [2560/24148 (11%)]	Loss: 5.039031
Train Epoch: 4 [2880/24148 (12%)]	Loss: 4.717772
Train Epoch: 4 [3200/24148 (13%)]	Loss: 4.747682
Train Epoch: 4 [3520/24148 (15%)]	Loss: 4.635566
Train Epoch: 4 [3840/24148 (16%)]	Loss: 4.609490
Train Epoch: 4 [4160/24148 (17%)]	Loss: 4.393672
Train Epoch: 4 [4480/24148 (19%)]	Loss: 4.888500
Train Epoch: 4 [4800/24148 (20%)]	Loss: 4.840656
Train Epoch: 4 [5120/24148 (21%)]	Loss: 4.511822
Train Epoch: 4 [5440/24148 (23%)]	Loss: 4.665546
Train Epoch: 4 [5760/24148 (24%)]	Loss: 4.985238
Train Epoch: 4 [6080/24148 (25%)]	Loss: 4.567641
Train Epoch: 4 [6400/24148 (26%)]	Loss: 4.834857
Train Epoch: 4 [6720/24148 (28%)]	Loss: 4.713804
Train Epoch: 4 [7040/24148 (29%)]	Loss: 4.717934
Train Epoch: 4 [7360/24148 (30%)]	Loss: 4.163249
Train Epoch: 4 [7680/24148 (32%)]	Loss: 4.438739
Train Epoch: 4 [8000/24148 (33%)]	Loss: 4.616379
Train Epoch: 4 [8320/24148 (34%)]	Loss: 4.722372
Train Epoch: 4 [8640/24148 (36%)]	Loss: 4.616025
Train Epoch: 4 [8960/24148 (37%)]	Loss: 4.877532
Train Epoch: 4 [9280/24148 (38%)]	Loss: 4.493914
Train Epoch: 4 [9600/24148 (40%)]	Loss: 5.287217
Train Epoch: 4 [9920/24148 (41%)]	Loss: 4.812340
Train Epoch: 4 [10240/24148 (42%)]	Loss: 4.694580
Train Epoch: 4 [10560/24148 (44%)]	Loss: 4.447450
Train Epoch: 4 [10880/24148 (45%)]	Loss: 4.325712
Train Epoch: 4 [11200/24148 (46%)]	Loss: 4.316759
Train Epoch: 4 [11520/24148 (48%)]	Loss: 4.757266
Train Epoch: 4 [11840/24148 (49%)]	Loss: 4.226545
Train Epoch: 4 [12160/24148 (50%)]	Loss: 4.703413
Train Epoch: 4 [12480/24148 (52%)]	Loss: 5.012979
Train Epoch: 4 [12800/24148 (53%)]	Loss: 5.284328
Train Epoch: 4 [13120/24148 (54%)]	Loss: 4.834928
Train Epoch: 4 [13440/24148 (56%)]	Loss: 4.791523
Train Epoch: 4 [13760/24148 (57%)]	Loss: 4.780795
Train Epoch: 4 [14080/24148 (58%)]	Loss: 4.832560
Train Epoch: 4 [14400/24148 (60%)]	Loss: 5.283081
Train Epoch: 4 [14720/24148 (61%)]	Loss: 4.938439
Train Epoch: 4 [15040/24148 (62%)]	Loss: 4.936214
Train Epoch: 4 [15360/24148 (64%)]	Loss: 4.565249
Train Epoch: 4 [15680/24148 (65%)]	Loss: 4.651970
Train Epoch: 4 [16000/24148 (66%)]	Loss: 4.479624
Train Epoch: 4 [16320/24148 (68%)]	Loss: 4.526512
Train Epoch: 4 [16640/24148 (69%)]	Loss: 4.380713
Train Epoch: 4 [16960/24148 (70%)]	Loss: 4.896956
Train Epoch: 4 [17280/24148 (72%)]	Loss: 5.053721
Train Epoch: 4 [17600/24148 (73%)]	Loss: 4.280841
Train Epoch: 4 [17920/24148 (74%)]	Loss: 5.035191
Train Epoch: 4 [18240/24148 (75%)]	Loss: 4.754297
Train Epoch: 4 [18560/24148 (77%)]	Loss: 4.621583
Train Epoch: 4 [18880/24148 (78%)]	Loss: 4.130851
Train Epoch: 4 [19200/24148 (79%)]	Loss: 4.210041
Train Epoch: 4 [19520/24148 (81%)]	Loss: 4.059824
Train Epoch: 4 [19840/24148 (82%)]	Loss: 4.507470
Train Epoch: 4 [20160/24148 (83%)]	Loss: 4.621946
Train Epoch: 4 [20480/24148 (85%)]	Loss: 4.467370
Train Epoch: 4 [20800/24148 (86%)]	Loss: 4.924093
Train Epoch: 4 [21120/24148 (87%)]	Loss: 4.208165
Train Epoch: 4 [21440/24148 (89%)]	Loss: 5.172276
Train Epoch: 4 [21760/24148 (90%)]	Loss: 5.003214
Train Epoch: 4 [22080/24148 (91%)]	Loss: 4.628096
Train Epoch: 4 [22400/24148 (93%)]	Loss: 4.852398
Train Epoch: 4 [22720/24148 (94%)]	Loss: 4.364348
Train Epoch: 4 [23040/24148 (95%)]	Loss: 4.604195
Train Epoch: 4 [23360/24148 (97%)]	Loss: 4.400997
Train Epoch: 4 [23680/24148 (98%)]	Loss: 4.516248
Train Epoch: 4 [24000/24148 (99%)]	Loss: 4.336757

Test set: Average loss: 4.6687, Accuracy: 731/6037 (12%)

Train Epoch: 5 [0/24148 (0%)]	Loss: 4.600159
Train Epoch: 5 [320/24148 (1%)]	Loss: 4.748745
Train Epoch: 5 [640/24148 (3%)]	Loss: 4.560754
Train Epoch: 5 [960/24148 (4%)]	Loss: 4.617471
Train Epoch: 5 [1280/24148 (5%)]	Loss: 4.675525
Train Epoch: 5 [1600/24148 (7%)]	Loss: 4.424377
Train Epoch: 5 [1920/24148 (8%)]	Loss: 4.679127
Train Epoch: 5 [2240/24148 (9%)]	Loss: 4.725902
Train Epoch: 5 [2560/24148 (11%)]	Loss: 3.989690
Train Epoch: 5 [2880/24148 (12%)]	Loss: 4.905632
Train Epoch: 5 [3200/24148 (13%)]	Loss: 4.812653
Train Epoch: 5 [3520/24148 (15%)]	Loss: 4.716496
Train Epoch: 5 [3840/24148 (16%)]	Loss: 4.452043
Train Epoch: 5 [4160/24148 (17%)]	Loss: 4.427133
Train Epoch: 5 [4480/24148 (19%)]	Loss: 4.607724
Train Epoch: 5 [4800/24148 (20%)]	Loss: 4.934314
Train Epoch: 5 [5120/24148 (21%)]	Loss: 4.160425
Train Epoch: 5 [5440/24148 (23%)]	Loss: 4.821977
Train Epoch: 5 [5760/24148 (24%)]	Loss: 4.602657
Train Epoch: 5 [6080/24148 (25%)]	Loss: 4.526023
Train Epoch: 5 [6400/24148 (26%)]	Loss: 4.475427
Train Epoch: 5 [6720/24148 (28%)]	Loss: 4.651292
Train Epoch: 5 [7040/24148 (29%)]	Loss: 4.848392
Train Epoch: 5 [7360/24148 (30%)]	Loss: 4.658255
Train Epoch: 5 [7680/24148 (32%)]	Loss: 4.513382
Train Epoch: 5 [8000/24148 (33%)]	Loss: 4.459646
Train Epoch: 5 [8320/24148 (34%)]	Loss: 4.577425
Train Epoch: 5 [8640/24148 (36%)]	Loss: 4.543137
Train Epoch: 5 [8960/24148 (37%)]	Loss: 4.945260
Train Epoch: 5 [9280/24148 (38%)]	Loss: 4.765789
Train Epoch: 5 [9600/24148 (40%)]	Loss: 4.487414
Train Epoch: 5 [9920/24148 (41%)]	Loss: 4.111699
Train Epoch: 5 [10240/24148 (42%)]	Loss: 4.565036
Train Epoch: 5 [10560/24148 (44%)]	Loss: 4.329098
Train Epoch: 5 [10880/24148 (45%)]	Loss: 4.447840
Train Epoch: 5 [11200/24148 (46%)]	Loss: 4.619309
Train Epoch: 5 [11520/24148 (48%)]	Loss: 4.546327
Train Epoch: 5 [11840/24148 (49%)]	Loss: 4.636742
Train Epoch: 5 [12160/24148 (50%)]	Loss: 5.091238
Train Epoch: 5 [12480/24148 (52%)]	Loss: 4.650341
Train Epoch: 5 [12800/24148 (53%)]	Loss: 4.587396
Train Epoch: 5 [13120/24148 (54%)]	Loss: 4.344161
Train Epoch: 5 [13440/24148 (56%)]	Loss: 4.658500
Train Epoch: 5 [13760/24148 (57%)]	Loss: 4.807328
Train Epoch: 5 [14080/24148 (58%)]	Loss: 4.688092
Train Epoch: 5 [14400/24148 (60%)]	Loss: 4.461501
Train Epoch: 5 [14720/24148 (61%)]	Loss: 4.476416
Train Epoch: 5 [15040/24148 (62%)]	Loss: 4.235723
Train Epoch: 5 [15360/24148 (64%)]	Loss: 4.459031
Train Epoch: 5 [15680/24148 (65%)]	Loss: 4.514902
Train Epoch: 5 [16000/24148 (66%)]	Loss: 4.365627
Train Epoch: 5 [16320/24148 (68%)]	Loss: 4.995051
Train Epoch: 5 [16640/24148 (69%)]	Loss: 4.696252
Train Epoch: 5 [16960/24148 (70%)]	Loss: 4.883877
Train Epoch: 5 [17280/24148 (72%)]	Loss: 4.429893
Train Epoch: 5 [17600/24148 (73%)]	Loss: 4.465123
Train Epoch: 5 [17920/24148 (74%)]	Loss: 5.066066
Train Epoch: 5 [18240/24148 (75%)]	Loss: 4.708410
Train Epoch: 5 [18560/24148 (77%)]	Loss: 4.607649
Train Epoch: 5 [18880/24148 (78%)]	Loss: 4.289087
Train Epoch: 5 [19200/24148 (79%)]	Loss: 5.088219
Train Epoch: 5 [19520/24148 (81%)]	Loss: 4.232913
Train Epoch: 5 [19840/24148 (82%)]	Loss: 4.390193
Train Epoch: 5 [20160/24148 (83%)]	Loss: 4.356702
Train Epoch: 5 [20480/24148 (85%)]	Loss: 4.481734
Train Epoch: 5 [20800/24148 (86%)]	Loss: 4.469580
Train Epoch: 5 [21120/24148 (87%)]	Loss: 4.818841
Train Epoch: 5 [21440/24148 (89%)]	Loss: 5.090971
Train Epoch: 5 [21760/24148 (90%)]	Loss: 4.539399
Train Epoch: 5 [22080/24148 (91%)]	Loss: 4.366495
Train Epoch: 5 [22400/24148 (93%)]	Loss: 4.609478
Train Epoch: 5 [22720/24148 (94%)]	Loss: 4.848293
Train Epoch: 5 [23040/24148 (95%)]	Loss: 4.310774
Train Epoch: 5 [23360/24148 (97%)]	Loss: 4.952446
Train Epoch: 5 [23680/24148 (98%)]	Loss: 5.134572
Train Epoch: 5 [24000/24148 (99%)]	Loss: 4.672535

Test set: Average loss: 4.5956, Accuracy: 742/6037 (12%)

Train Epoch: 6 [0/24148 (0%)]	Loss: 4.973427
Train Epoch: 6 [320/24148 (1%)]	Loss: 4.375924
Train Epoch: 6 [640/24148 (3%)]	Loss: 4.827784
Train Epoch: 6 [960/24148 (4%)]	Loss: 4.513041
Train Epoch: 6 [1280/24148 (5%)]	Loss: 4.681000
Train Epoch: 6 [1600/24148 (7%)]	Loss: 4.380149
Train Epoch: 6 [1920/24148 (8%)]	Loss: 4.481599
Train Epoch: 6 [2240/24148 (9%)]	Loss: 5.001844
Train Epoch: 6 [2560/24148 (11%)]	Loss: 4.240518
Train Epoch: 6 [2880/24148 (12%)]	Loss: 4.784665
Train Epoch: 6 [3200/24148 (13%)]	Loss: 4.958858
Train Epoch: 6 [3520/24148 (15%)]	Loss: 4.367793
Train Epoch: 6 [3840/24148 (16%)]	Loss: 4.670387
Train Epoch: 6 [4160/24148 (17%)]	Loss: 4.098597
Train Epoch: 6 [4480/24148 (19%)]	Loss: 4.538928
Train Epoch: 6 [4800/24148 (20%)]	Loss: 4.529406
Train Epoch: 6 [5120/24148 (21%)]	Loss: 4.654529
Train Epoch: 6 [5440/24148 (23%)]	Loss: 4.560208
Train Epoch: 6 [5760/24148 (24%)]	Loss: 4.745546
Train Epoch: 6 [6080/24148 (25%)]	Loss: 4.394951
Train Epoch: 6 [6400/24148 (26%)]	Loss: 4.302356
Train Epoch: 6 [6720/24148 (28%)]	Loss: 4.305054
Train Epoch: 6 [7040/24148 (29%)]	Loss: 4.511201
Train Epoch: 6 [7360/24148 (30%)]	Loss: 4.750432
Train Epoch: 6 [7680/24148 (32%)]	Loss: 4.447026
Train Epoch: 6 [8000/24148 (33%)]	Loss: 4.460857
Train Epoch: 6 [8320/24148 (34%)]	Loss: 4.157343
Train Epoch: 6 [8640/24148 (36%)]	Loss: 4.434525
Train Epoch: 6 [8960/24148 (37%)]	Loss: 4.549366
Train Epoch: 6 [9280/24148 (38%)]	Loss: 4.146984
Train Epoch: 6 [9600/24148 (40%)]	Loss: 4.379835
Train Epoch: 6 [9920/24148 (41%)]	Loss: 4.552041
Train Epoch: 6 [10240/24148 (42%)]	Loss: 4.673545
Train Epoch: 6 [10560/24148 (44%)]	Loss: 4.539111
Train Epoch: 6 [10880/24148 (45%)]	Loss: 4.451912
Train Epoch: 6 [11200/24148 (46%)]	Loss: 4.536257
Train Epoch: 6 [11520/24148 (48%)]	Loss: 4.518960
Train Epoch: 6 [11840/24148 (49%)]	Loss: 4.713094
Train Epoch: 6 [12160/24148 (50%)]	Loss: 4.477662
Train Epoch: 6 [12480/24148 (52%)]	Loss: 4.094758
Train Epoch: 6 [12800/24148 (53%)]	Loss: 4.641932
Train Epoch: 6 [13120/24148 (54%)]	Loss: 4.962121
Train Epoch: 6 [13440/24148 (56%)]	Loss: 4.329473
Train Epoch: 6 [13760/24148 (57%)]	Loss: 5.078714
Train Epoch: 6 [14080/24148 (58%)]	Loss: 4.512515
Train Epoch: 6 [14400/24148 (60%)]	Loss: 4.236312
Train Epoch: 6 [14720/24148 (61%)]	Loss: 4.610397
Train Epoch: 6 [15040/24148 (62%)]	Loss: 4.854282
Train Epoch: 6 [15360/24148 (64%)]	Loss: 4.455829
Train Epoch: 6 [15680/24148 (65%)]	Loss: 4.201060
Train Epoch: 6 [16000/24148 (66%)]	Loss: 4.377231
Train Epoch: 6 [16320/24148 (68%)]	Loss: 4.502944
Train Epoch: 6 [16640/24148 (69%)]	Loss: 4.150333
Train Epoch: 6 [16960/24148 (70%)]	Loss: 4.532702
Train Epoch: 6 [17280/24148 (72%)]	Loss: 4.417839
Train Epoch: 6 [17600/24148 (73%)]	Loss: 4.526668
Train Epoch: 6 [17920/24148 (74%)]	Loss: 4.738389
Train Epoch: 6 [18240/24148 (75%)]	Loss: 4.828219
Train Epoch: 6 [18560/24148 (77%)]	Loss: 4.866088
Train Epoch: 6 [18880/24148 (78%)]	Loss: 4.594013
Train Epoch: 6 [19200/24148 (79%)]	Loss: 4.151699
Train Epoch: 6 [19520/24148 (81%)]	Loss: 4.640463
Train Epoch: 6 [19840/24148 (82%)]	Loss: 4.837414
Train Epoch: 6 [20160/24148 (83%)]	Loss: 4.425934
Train Epoch: 6 [20480/24148 (85%)]	Loss: 4.646607
Train Epoch: 6 [20800/24148 (86%)]	Loss: 4.641612
Train Epoch: 6 [21120/24148 (87%)]	Loss: 4.899153
Train Epoch: 6 [21440/24148 (89%)]	Loss: 4.602397
Train Epoch: 6 [21760/24148 (90%)]	Loss: 3.935253
Train Epoch: 6 [22080/24148 (91%)]	Loss: 4.431188
Train Epoch: 6 [22400/24148 (93%)]	Loss: 4.292901
Train Epoch: 6 [22720/24148 (94%)]	Loss: 4.325982
Train Epoch: 6 [23040/24148 (95%)]	Loss: 4.657143
Train Epoch: 6 [23360/24148 (97%)]	Loss: 4.721141
Train Epoch: 6 [23680/24148 (98%)]	Loss: 4.735160
Train Epoch: 6 [24000/24148 (99%)]	Loss: 4.175275

Test set: Average loss: 4.5393, Accuracy: 811/6037 (13%)

Train Epoch: 7 [0/24148 (0%)]	Loss: 4.641635
Train Epoch: 7 [320/24148 (1%)]	Loss: 4.283844
Train Epoch: 7 [640/24148 (3%)]	Loss: 4.673255
Train Epoch: 7 [960/24148 (4%)]	Loss: 4.478761
Train Epoch: 7 [1280/24148 (5%)]	Loss: 3.894150
Train Epoch: 7 [1600/24148 (7%)]	Loss: 4.479199
Train Epoch: 7 [1920/24148 (8%)]	Loss: 4.358484
Train Epoch: 7 [2240/24148 (9%)]	Loss: 4.263173
Train Epoch: 7 [2560/24148 (11%)]	Loss: 4.215586
Train Epoch: 7 [2880/24148 (12%)]	Loss: 4.154163
Train Epoch: 7 [3200/24148 (13%)]	Loss: 4.305499
Train Epoch: 7 [3520/24148 (15%)]	Loss: 4.146758
Train Epoch: 7 [3840/24148 (16%)]	Loss: 4.692540
Train Epoch: 7 [4160/24148 (17%)]	Loss: 4.787856
Train Epoch: 7 [4480/24148 (19%)]	Loss: 4.012538
Train Epoch: 7 [4800/24148 (20%)]	Loss: 4.797960
Train Epoch: 7 [5120/24148 (21%)]	Loss: 4.596901
Train Epoch: 7 [5440/24148 (23%)]	Loss: 4.169671
Train Epoch: 7 [5760/24148 (24%)]	Loss: 4.222688
Train Epoch: 7 [6080/24148 (25%)]	Loss: 4.248178
Train Epoch: 7 [6400/24148 (26%)]	Loss: 4.885591
Train Epoch: 7 [6720/24148 (28%)]	Loss: 4.409998
Train Epoch: 7 [7040/24148 (29%)]	Loss: 5.132643
Train Epoch: 7 [7360/24148 (30%)]	Loss: 4.078438
Train Epoch: 7 [7680/24148 (32%)]	Loss: 4.376009
Train Epoch: 7 [8000/24148 (33%)]	Loss: 4.603140
Train Epoch: 7 [8320/24148 (34%)]	Loss: 4.482019
Train Epoch: 7 [8640/24148 (36%)]	Loss: 4.717733
Train Epoch: 7 [8960/24148 (37%)]	Loss: 4.288968
Train Epoch: 7 [9280/24148 (38%)]	Loss: 4.504840
Train Epoch: 7 [9600/24148 (40%)]	Loss: 4.300862
Train Epoch: 7 [9920/24148 (41%)]	Loss: 4.157751
Train Epoch: 7 [10240/24148 (42%)]	Loss: 4.112721
Train Epoch: 7 [10560/24148 (44%)]	Loss: 4.157888
Train Epoch: 7 [10880/24148 (45%)]	Loss: 4.506730
Train Epoch: 7 [11200/24148 (46%)]	Loss: 4.786467
Train Epoch: 7 [11520/24148 (48%)]	Loss: 4.164599
Train Epoch: 7 [11840/24148 (49%)]	Loss: 4.546856
Train Epoch: 7 [12160/24148 (50%)]	Loss: 4.311742
Train Epoch: 7 [12480/24148 (52%)]	Loss: 4.844104
Train Epoch: 7 [12800/24148 (53%)]	Loss: 4.282945
Train Epoch: 7 [13120/24148 (54%)]	Loss: 5.062455
Train Epoch: 7 [13440/24148 (56%)]	Loss: 4.289767
Train Epoch: 7 [13760/24148 (57%)]	Loss: 4.633053
Train Epoch: 7 [14080/24148 (58%)]	Loss: 4.016862
Train Epoch: 7 [14400/24148 (60%)]	Loss: 4.415256
Train Epoch: 7 [14720/24148 (61%)]	Loss: 4.495357
Train Epoch: 7 [15040/24148 (62%)]	Loss: 4.868999
Train Epoch: 7 [15360/24148 (64%)]	Loss: 4.588864
Train Epoch: 7 [15680/24148 (65%)]	Loss: 4.800533
Train Epoch: 7 [16000/24148 (66%)]	Loss: 5.198402
Train Epoch: 7 [16320/24148 (68%)]	Loss: 3.775349
Train Epoch: 7 [16640/24148 (69%)]	Loss: 4.395828
Train Epoch: 7 [16960/24148 (70%)]	Loss: 4.311752
Train Epoch: 7 [17280/24148 (72%)]	Loss: 4.308235
Train Epoch: 7 [17600/24148 (73%)]	Loss: 4.399031
Train Epoch: 7 [17920/24148 (74%)]	Loss: 4.420618
Train Epoch: 7 [18240/24148 (75%)]	Loss: 4.629033
Train Epoch: 7 [18560/24148 (77%)]	Loss: 4.646064
Train Epoch: 7 [18880/24148 (78%)]	Loss: 3.889154
Train Epoch: 7 [19200/24148 (79%)]	Loss: 4.694646
Train Epoch: 7 [19520/24148 (81%)]	Loss: 4.207820
Train Epoch: 7 [19840/24148 (82%)]	Loss: 4.928374
Train Epoch: 7 [20160/24148 (83%)]	Loss: 4.247604
Train Epoch: 7 [20480/24148 (85%)]	Loss: 4.367524
Train Epoch: 7 [20800/24148 (86%)]	Loss: 3.868321
Train Epoch: 7 [21120/24148 (87%)]	Loss: 4.575422
Train Epoch: 7 [21440/24148 (89%)]	Loss: 4.180837
Train Epoch: 7 [21760/24148 (90%)]	Loss: 3.843987
Train Epoch: 7 [22080/24148 (91%)]	Loss: 4.349412
Train Epoch: 7 [22400/24148 (93%)]	Loss: 4.345716
Train Epoch: 7 [22720/24148 (94%)]	Loss: 4.719179
Train Epoch: 7 [23040/24148 (95%)]	Loss: 4.547761
Train Epoch: 7 [23360/24148 (97%)]	Loss: 3.941534
Train Epoch: 7 [23680/24148 (98%)]	Loss: 3.811460
Train Epoch: 7 [24000/24148 (99%)]	Loss: 4.153395

Test set: Average loss: 4.4609, Accuracy: 837/6037 (14%)

Train Epoch: 8 [0/24148 (0%)]	Loss: 4.262830
Train Epoch: 8 [320/24148 (1%)]	Loss: 4.811925
Train Epoch: 8 [640/24148 (3%)]	Loss: 4.182368
Train Epoch: 8 [960/24148 (4%)]	Loss: 4.406269
Train Epoch: 8 [1280/24148 (5%)]	Loss: 4.550086
Train Epoch: 8 [1600/24148 (7%)]	Loss: 4.323983
Train Epoch: 8 [1920/24148 (8%)]	Loss: 4.553312
Train Epoch: 8 [2240/24148 (9%)]	Loss: 4.452141
Train Epoch: 8 [2560/24148 (11%)]	Loss: 4.253017
Train Epoch: 8 [2880/24148 (12%)]	Loss: 4.577846
Train Epoch: 8 [3200/24148 (13%)]	Loss: 4.402844
Train Epoch: 8 [3520/24148 (15%)]	Loss: 4.689849
Train Epoch: 8 [3840/24148 (16%)]	Loss: 4.588814
Train Epoch: 8 [4160/24148 (17%)]	Loss: 4.352206
Train Epoch: 8 [4480/24148 (19%)]	Loss: 4.363925
Train Epoch: 8 [4800/24148 (20%)]	Loss: 4.914882
Train Epoch: 8 [5120/24148 (21%)]	Loss: 3.840471
Train Epoch: 8 [5440/24148 (23%)]	Loss: 4.253829
Train Epoch: 8 [5760/24148 (24%)]	Loss: 4.120677
Train Epoch: 8 [6080/24148 (25%)]	Loss: 4.303521
Train Epoch: 8 [6400/24148 (26%)]	Loss: 4.023778
Train Epoch: 8 [6720/24148 (28%)]	Loss: 4.504358
Train Epoch: 8 [7040/24148 (29%)]	Loss: 4.464766
Train Epoch: 8 [7360/24148 (30%)]	Loss: 4.153953
Train Epoch: 8 [7680/24148 (32%)]	Loss: 4.098190
Train Epoch: 8 [8000/24148 (33%)]	Loss: 4.230343
Train Epoch: 8 [8320/24148 (34%)]	Loss: 4.689888
Train Epoch: 8 [8640/24148 (36%)]	Loss: 4.393719
Train Epoch: 8 [8960/24148 (37%)]	Loss: 4.528353
Train Epoch: 8 [9280/24148 (38%)]	Loss: 4.580599
Train Epoch: 8 [9600/24148 (40%)]	Loss: 4.668000
Train Epoch: 8 [9920/24148 (41%)]	Loss: 4.438531
Train Epoch: 8 [10240/24148 (42%)]	Loss: 4.262954
Train Epoch: 8 [10560/24148 (44%)]	Loss: 4.236574
Train Epoch: 8 [10880/24148 (45%)]	Loss: 4.853981
Train Epoch: 8 [11200/24148 (46%)]	Loss: 3.705981
Train Epoch: 8 [11520/24148 (48%)]	Loss: 4.279576
Train Epoch: 8 [11840/24148 (49%)]	Loss: 4.614650
Train Epoch: 8 [12160/24148 (50%)]	Loss: 4.231666
Train Epoch: 8 [12480/24148 (52%)]	Loss: 4.456280
Train Epoch: 8 [12800/24148 (53%)]	Loss: 4.589185
Train Epoch: 8 [13120/24148 (54%)]	Loss: 4.672966
Train Epoch: 8 [13440/24148 (56%)]	Loss: 4.344915
Train Epoch: 8 [13760/24148 (57%)]	Loss: 4.567134
Train Epoch: 8 [14080/24148 (58%)]	Loss: 4.197149
Train Epoch: 8 [14400/24148 (60%)]	Loss: 4.331328
Train Epoch: 8 [14720/24148 (61%)]	Loss: 4.962212
Train Epoch: 8 [15040/24148 (62%)]	Loss: 4.777663
Train Epoch: 8 [15360/24148 (64%)]	Loss: 4.213161
Train Epoch: 8 [15680/24148 (65%)]	Loss: 4.099832
Train Epoch: 8 [16000/24148 (66%)]	Loss: 4.251397
Train Epoch: 8 [16320/24148 (68%)]	Loss: 4.437896
Train Epoch: 8 [16640/24148 (69%)]	Loss: 4.295213
Train Epoch: 8 [16960/24148 (70%)]	Loss: 4.129171
Train Epoch: 8 [17280/24148 (72%)]	Loss: 4.027760
Train Epoch: 8 [17600/24148 (73%)]	Loss: 4.347632
Train Epoch: 8 [17920/24148 (74%)]	Loss: 4.269425
Train Epoch: 8 [18240/24148 (75%)]	Loss: 4.696780
Train Epoch: 8 [18560/24148 (77%)]	Loss: 4.510469
Train Epoch: 8 [18880/24148 (78%)]	Loss: 4.510385
Train Epoch: 8 [19200/24148 (79%)]	Loss: 4.199125
Train Epoch: 8 [19520/24148 (81%)]	Loss: 4.365645
Train Epoch: 8 [19840/24148 (82%)]	Loss: 4.559878
Train Epoch: 8 [20160/24148 (83%)]	Loss: 4.678642
Train Epoch: 8 [20480/24148 (85%)]	Loss: 4.347250
Train Epoch: 8 [20800/24148 (86%)]	Loss: 4.365681
Train Epoch: 8 [21120/24148 (87%)]	Loss: 4.381332
Train Epoch: 8 [21440/24148 (89%)]	Loss: 4.321135
Train Epoch: 8 [21760/24148 (90%)]	Loss: 4.299533
Train Epoch: 8 [22080/24148 (91%)]	Loss: 4.685524
Train Epoch: 8 [22400/24148 (93%)]	Loss: 4.298107
Train Epoch: 8 [22720/24148 (94%)]	Loss: 4.262174
Train Epoch: 8 [23040/24148 (95%)]	Loss: 4.316889
Train Epoch: 8 [23360/24148 (97%)]	Loss: 4.517939
Train Epoch: 8 [23680/24148 (98%)]	Loss: 4.425964
Train Epoch: 8 [24000/24148 (99%)]	Loss: 4.480501

Test set: Average loss: 4.4319, Accuracy: 870/6037 (14%)

Train Epoch: 9 [0/24148 (0%)]	Loss: 4.469854
Train Epoch: 9 [320/24148 (1%)]	Loss: 4.652259
Train Epoch: 9 [640/24148 (3%)]	Loss: 4.628128
Train Epoch: 9 [960/24148 (4%)]	Loss: 4.450311
Train Epoch: 9 [1280/24148 (5%)]	Loss: 4.148635
Train Epoch: 9 [1600/24148 (7%)]	Loss: 4.115128
Train Epoch: 9 [1920/24148 (8%)]	Loss: 4.243477
Train Epoch: 9 [2240/24148 (9%)]	Loss: 4.488710
Train Epoch: 9 [2560/24148 (11%)]	Loss: 4.084586
Train Epoch: 9 [2880/24148 (12%)]	Loss: 4.214878
Train Epoch: 9 [3200/24148 (13%)]	Loss: 4.304063
Train Epoch: 9 [3520/24148 (15%)]	Loss: 4.325938
Train Epoch: 9 [3840/24148 (16%)]	Loss: 4.527963
Train Epoch: 9 [4160/24148 (17%)]	Loss: 4.662143
Train Epoch: 9 [4480/24148 (19%)]	Loss: 4.666956
Train Epoch: 9 [4800/24148 (20%)]	Loss: 4.376078
Train Epoch: 9 [5120/24148 (21%)]	Loss: 4.102442
Train Epoch: 9 [5440/24148 (23%)]	Loss: 4.311683
Train Epoch: 9 [5760/24148 (24%)]	Loss: 3.927374
Train Epoch: 9 [6080/24148 (25%)]	Loss: 4.690660
Train Epoch: 9 [6400/24148 (26%)]	Loss: 4.419511
Train Epoch: 9 [6720/24148 (28%)]	Loss: 4.256211
Train Epoch: 9 [7040/24148 (29%)]	Loss: 4.545762
Train Epoch: 9 [7360/24148 (30%)]	Loss: 4.043262
Train Epoch: 9 [7680/24148 (32%)]	Loss: 4.027249
Train Epoch: 9 [8000/24148 (33%)]	Loss: 4.450548
Train Epoch: 9 [8320/24148 (34%)]	Loss: 4.253677
Train Epoch: 9 [8640/24148 (36%)]	Loss: 3.731663
Train Epoch: 9 [8960/24148 (37%)]	Loss: 4.312024
Train Epoch: 9 [9280/24148 (38%)]	Loss: 4.707375
Train Epoch: 9 [9600/24148 (40%)]	Loss: 4.360602
Train Epoch: 9 [9920/24148 (41%)]	Loss: 4.361185
Train Epoch: 9 [10240/24148 (42%)]	Loss: 4.443867
Train Epoch: 9 [10560/24148 (44%)]	Loss: 4.633706
Train Epoch: 9 [10880/24148 (45%)]	Loss: 3.937185
Train Epoch: 9 [11200/24148 (46%)]	Loss: 4.459089
Train Epoch: 9 [11520/24148 (48%)]	Loss: 4.423135
Train Epoch: 9 [11840/24148 (49%)]	Loss: 4.474822
Train Epoch: 9 [12160/24148 (50%)]	Loss: 4.667970
Train Epoch: 9 [12480/24148 (52%)]	Loss: 4.345546
Train Epoch: 9 [12800/24148 (53%)]	Loss: 4.809954
Train Epoch: 9 [13120/24148 (54%)]	Loss: 4.873471
Train Epoch: 9 [13440/24148 (56%)]	Loss: 3.953127
Train Epoch: 9 [13760/24148 (57%)]	Loss: 4.187866
Train Epoch: 9 [14080/24148 (58%)]	Loss: 4.159727
Train Epoch: 9 [14400/24148 (60%)]	Loss: 4.492100
Train Epoch: 9 [14720/24148 (61%)]	Loss: 4.372618
Train Epoch: 9 [15040/24148 (62%)]	Loss: 4.693449
Train Epoch: 9 [15360/24148 (64%)]	Loss: 3.904704
Train Epoch: 9 [15680/24148 (65%)]	Loss: 3.989556
Train Epoch: 9 [16000/24148 (66%)]	Loss: 4.255832
Train Epoch: 9 [16320/24148 (68%)]	Loss: 4.172217
Train Epoch: 9 [16640/24148 (69%)]	Loss: 4.706852
Train Epoch: 9 [16960/24148 (70%)]	Loss: 4.177035
Train Epoch: 9 [17280/24148 (72%)]	Loss: 4.031484
Train Epoch: 9 [17600/24148 (73%)]	Loss: 4.073984
Train Epoch: 9 [17920/24148 (74%)]	Loss: 4.653902
Train Epoch: 9 [18240/24148 (75%)]	Loss: 4.399899
Train Epoch: 9 [18560/24148 (77%)]	Loss: 4.838475
Train Epoch: 9 [18880/24148 (78%)]	Loss: 4.376191
Train Epoch: 9 [19200/24148 (79%)]	Loss: 4.131149
Train Epoch: 9 [19520/24148 (81%)]	Loss: 4.583336
Train Epoch: 9 [19840/24148 (82%)]	Loss: 4.659763
Train Epoch: 9 [20160/24148 (83%)]	Loss: 3.945236
Train Epoch: 9 [20480/24148 (85%)]	Loss: 4.537959
Train Epoch: 9 [20800/24148 (86%)]	Loss: 4.552344
Train Epoch: 9 [21120/24148 (87%)]	Loss: 4.365076
Train Epoch: 9 [21440/24148 (89%)]	Loss: 4.353686
Train Epoch: 9 [21760/24148 (90%)]	Loss: 4.207334
Train Epoch: 9 [22080/24148 (91%)]	Loss: 4.367291
Train Epoch: 9 [22400/24148 (93%)]	Loss: 4.223875
Train Epoch: 9 [22720/24148 (94%)]	Loss: 4.387786
Train Epoch: 9 [23040/24148 (95%)]	Loss: 3.914764
Train Epoch: 9 [23360/24148 (97%)]	Loss: 3.915391
Train Epoch: 9 [23680/24148 (98%)]	Loss: 3.952339
Train Epoch: 9 [24000/24148 (99%)]	Loss: 3.639982

Test set: Average loss: 4.3867, Accuracy: 900/6037 (15%)

Train Epoch: 10 [0/24148 (0%)]	Loss: 4.163781
Train Epoch: 10 [320/24148 (1%)]	Loss: 4.354304
Train Epoch: 10 [640/24148 (3%)]	Loss: 4.479388
Train Epoch: 10 [960/24148 (4%)]	Loss: 4.162455
Train Epoch: 10 [1280/24148 (5%)]	Loss: 3.916391
Train Epoch: 10 [1600/24148 (7%)]	Loss: 3.869577
Train Epoch: 10 [1920/24148 (8%)]	Loss: 4.418633
Train Epoch: 10 [2240/24148 (9%)]	Loss: 4.932499
Train Epoch: 10 [2560/24148 (11%)]	Loss: 4.424423
Train Epoch: 10 [2880/24148 (12%)]	Loss: 3.999204
Train Epoch: 10 [3200/24148 (13%)]	Loss: 4.761523
Train Epoch: 10 [3520/24148 (15%)]	Loss: 4.460715
Train Epoch: 10 [3840/24148 (16%)]	Loss: 4.316057
Train Epoch: 10 [4160/24148 (17%)]	Loss: 3.993356
Train Epoch: 10 [4480/24148 (19%)]	Loss: 4.139246
Train Epoch: 10 [4800/24148 (20%)]	Loss: 4.302204
Train Epoch: 10 [5120/24148 (21%)]	Loss: 4.588666
Train Epoch: 10 [5440/24148 (23%)]	Loss: 4.339872
Train Epoch: 10 [5760/24148 (24%)]	Loss: 3.964056
Train Epoch: 10 [6080/24148 (25%)]	Loss: 4.341336
Train Epoch: 10 [6400/24148 (26%)]	Loss: 4.517053
Train Epoch: 10 [6720/24148 (28%)]	Loss: 4.047818
Train Epoch: 10 [7040/24148 (29%)]	Loss: 3.975657
Train Epoch: 10 [7360/24148 (30%)]	Loss: 4.741708
Train Epoch: 10 [7680/24148 (32%)]	Loss: 4.473938
Train Epoch: 10 [8000/24148 (33%)]	Loss: 4.177458
Train Epoch: 10 [8320/24148 (34%)]	Loss: 4.384284
Train Epoch: 10 [8640/24148 (36%)]	Loss: 4.380082
Train Epoch: 10 [8960/24148 (37%)]	Loss: 4.694057
Train Epoch: 10 [9280/24148 (38%)]	Loss: 4.673226
Train Epoch: 10 [9600/24148 (40%)]	Loss: 4.239108
Train Epoch: 10 [9920/24148 (41%)]	Loss: 4.526517
Train Epoch: 10 [10240/24148 (42%)]	Loss: 4.355877
Train Epoch: 10 [10560/24148 (44%)]	Loss: 4.413277
Train Epoch: 10 [10880/24148 (45%)]	Loss: 4.499630
Train Epoch: 10 [11200/24148 (46%)]	Loss: 4.355247
Train Epoch: 10 [11520/24148 (48%)]	Loss: 3.699960
Train Epoch: 10 [11840/24148 (49%)]	Loss: 4.126168
Train Epoch: 10 [12160/24148 (50%)]	Loss: 3.973611
Train Epoch: 10 [12480/24148 (52%)]	Loss: 4.648605
Train Epoch: 10 [12800/24148 (53%)]	Loss: 4.760053
Train Epoch: 10 [13120/24148 (54%)]	Loss: 4.194087
Train Epoch: 10 [13440/24148 (56%)]	Loss: 4.268870
Train Epoch: 10 [13760/24148 (57%)]	Loss: 4.235200
Train Epoch: 10 [14080/24148 (58%)]	Loss: 4.540556
Train Epoch: 10 [14400/24148 (60%)]	Loss: 4.668252
Train Epoch: 10 [14720/24148 (61%)]	Loss: 4.321465
Train Epoch: 10 [15040/24148 (62%)]	Loss: 4.255004
Train Epoch: 10 [15360/24148 (64%)]	Loss: 4.208683
Train Epoch: 10 [15680/24148 (65%)]	Loss: 3.974575
Train Epoch: 10 [16000/24148 (66%)]	Loss: 4.296712
Train Epoch: 10 [16320/24148 (68%)]	Loss: 3.880934
Train Epoch: 10 [16640/24148 (69%)]	Loss: 4.200589
Train Epoch: 10 [16960/24148 (70%)]	Loss: 4.349369
Train Epoch: 10 [17280/24148 (72%)]	Loss: 3.948878
Train Epoch: 10 [17600/24148 (73%)]	Loss: 4.459476
Train Epoch: 10 [17920/24148 (74%)]	Loss: 4.598211
Train Epoch: 10 [18240/24148 (75%)]	Loss: 4.469484
Train Epoch: 10 [18560/24148 (77%)]	Loss: 4.082839
Train Epoch: 10 [18880/24148 (78%)]	Loss: 4.319868
Train Epoch: 10 [19200/24148 (79%)]	Loss: 4.115403
Train Epoch: 10 [19520/24148 (81%)]	Loss: 4.022641
Train Epoch: 10 [19840/24148 (82%)]	Loss: 4.048620
Train Epoch: 10 [20160/24148 (83%)]	Loss: 4.337667
Train Epoch: 10 [20480/24148 (85%)]	Loss: 4.368524
Train Epoch: 10 [20800/24148 (86%)]	Loss: 4.072790
Train Epoch: 10 [21120/24148 (87%)]	Loss: 3.901346
Train Epoch: 10 [21440/24148 (89%)]	Loss: 4.461944
Train Epoch: 10 [21760/24148 (90%)]	Loss: 4.409724
Train Epoch: 10 [22080/24148 (91%)]	Loss: 4.409545
Train Epoch: 10 [22400/24148 (93%)]	Loss: 4.251193
Train Epoch: 10 [22720/24148 (94%)]	Loss: 4.046076
Train Epoch: 10 [23040/24148 (95%)]	Loss: 4.358410
Train Epoch: 10 [23360/24148 (97%)]	Loss: 4.304063
Train Epoch: 10 [23680/24148 (98%)]	Loss: 4.631618
Train Epoch: 10 [24000/24148 (99%)]	Loss: 4.363979

Test set: Average loss: 4.3519, Accuracy: 945/6037 (16%)

Average seconds for training 1 epoch: 360.1430609703064
Average seconds for testing: 28.578562378883362
