Logging tensorboard to ./runs/Caltech256/vit_nystromformer_patch_size_8_num_landmarks_128_pinv_iterations_6
Files already downloaded and verified
Total number of parameters in the model: 13372097
Train Epoch: 1 [0/24148 (0%)]	Loss: 5.755075
Train Epoch: 1 [320/24148 (1%)]	Loss: 6.504797
Train Epoch: 1 [640/24148 (3%)]	Loss: 5.923060
Train Epoch: 1 [960/24148 (4%)]	Loss: 5.434850
Train Epoch: 1 [1280/24148 (5%)]	Loss: 5.452977
Train Epoch: 1 [1600/24148 (7%)]	Loss: 5.696949
Train Epoch: 1 [1920/24148 (8%)]	Loss: 5.853283
Train Epoch: 1 [2240/24148 (9%)]	Loss: 5.737056
Train Epoch: 1 [2560/24148 (11%)]	Loss: 5.611444
Train Epoch: 1 [2880/24148 (12%)]	Loss: 5.305024
Train Epoch: 1 [3200/24148 (13%)]	Loss: 5.413381
Train Epoch: 1 [3520/24148 (15%)]	Loss: 5.142066
Train Epoch: 1 [3840/24148 (16%)]	Loss: 5.460871
Train Epoch: 1 [4160/24148 (17%)]	Loss: 5.686666
Train Epoch: 1 [4480/24148 (19%)]	Loss: 5.418694
Train Epoch: 1 [4800/24148 (20%)]	Loss: 5.018591
Train Epoch: 1 [5120/24148 (21%)]	Loss: 5.609509
Train Epoch: 1 [5440/24148 (23%)]	Loss: 5.164828
Train Epoch: 1 [5760/24148 (24%)]	Loss: 5.481097
Train Epoch: 1 [6080/24148 (25%)]	Loss: 4.846988
Train Epoch: 1 [6400/24148 (26%)]	Loss: 4.813609
Train Epoch: 1 [6720/24148 (28%)]	Loss: 5.279088
Train Epoch: 1 [7040/24148 (29%)]	Loss: 5.270844
Train Epoch: 1 [7360/24148 (30%)]	Loss: 4.858243
Train Epoch: 1 [7680/24148 (32%)]	Loss: 4.949239
Train Epoch: 1 [8000/24148 (33%)]	Loss: 5.353353
Train Epoch: 1 [8320/24148 (34%)]	Loss: 4.868630
Train Epoch: 1 [8640/24148 (36%)]	Loss: 5.065601
Train Epoch: 1 [8960/24148 (37%)]	Loss: 5.265696
Train Epoch: 1 [9280/24148 (38%)]	Loss: 5.506882
Train Epoch: 1 [9600/24148 (40%)]	Loss: 5.040818
Train Epoch: 1 [9920/24148 (41%)]	Loss: 4.957069
Train Epoch: 1 [10240/24148 (42%)]	Loss: 5.064323
Train Epoch: 1 [10560/24148 (44%)]	Loss: 5.089162
Train Epoch: 1 [10880/24148 (45%)]	Loss: 5.115977
Train Epoch: 1 [11200/24148 (46%)]	Loss: 5.170156
Train Epoch: 1 [11520/24148 (48%)]	Loss: 4.839776
Train Epoch: 1 [11840/24148 (49%)]	Loss: 5.529829
Train Epoch: 1 [12160/24148 (50%)]	Loss: 4.862771
Train Epoch: 1 [12480/24148 (52%)]	Loss: 4.991559
Train Epoch: 1 [12800/24148 (53%)]	Loss: 5.211562
Train Epoch: 1 [13120/24148 (54%)]	Loss: 5.123889
Train Epoch: 1 [13440/24148 (56%)]	Loss: 4.805614
Train Epoch: 1 [13760/24148 (57%)]	Loss: 4.975402
Train Epoch: 1 [14080/24148 (58%)]	Loss: 5.356726
Train Epoch: 1 [14400/24148 (60%)]	Loss: 5.299736
Train Epoch: 1 [14720/24148 (61%)]	Loss: 4.959936
Train Epoch: 1 [15040/24148 (62%)]	Loss: 4.927993
Train Epoch: 1 [15360/24148 (64%)]	Loss: 4.929548
Train Epoch: 1 [15680/24148 (65%)]	Loss: 4.976649
Train Epoch: 1 [16000/24148 (66%)]	Loss: 5.114363
Train Epoch: 1 [16320/24148 (68%)]	Loss: 5.196916
Train Epoch: 1 [16640/24148 (69%)]	Loss: 5.231679
Train Epoch: 1 [16960/24148 (70%)]	Loss: 4.980906
Train Epoch: 1 [17280/24148 (72%)]	Loss: 5.138913
Train Epoch: 1 [17600/24148 (73%)]	Loss: 4.965790
Train Epoch: 1 [17920/24148 (74%)]	Loss: 5.202682
Train Epoch: 1 [18240/24148 (75%)]	Loss: 4.111270
Train Epoch: 1 [18560/24148 (77%)]	Loss: 4.545057
Train Epoch: 1 [18880/24148 (78%)]	Loss: 4.616784
Train Epoch: 1 [19200/24148 (79%)]	Loss: 4.931236
Train Epoch: 1 [19520/24148 (81%)]	Loss: 5.085827
Train Epoch: 1 [19840/24148 (82%)]	Loss: 4.627650
Train Epoch: 1 [20160/24148 (83%)]	Loss: 4.445191
Train Epoch: 1 [20480/24148 (85%)]	Loss: 4.830375
Train Epoch: 1 [20800/24148 (86%)]	Loss: 4.587343
Train Epoch: 1 [21120/24148 (87%)]	Loss: 4.488256
Train Epoch: 1 [21440/24148 (89%)]	Loss: 4.776386
Train Epoch: 1 [21760/24148 (90%)]	Loss: 4.951718
Train Epoch: 1 [22080/24148 (91%)]	Loss: 4.954428
Train Epoch: 1 [22400/24148 (93%)]	Loss: 4.955811
Train Epoch: 1 [22720/24148 (94%)]	Loss: 5.104753
Train Epoch: 1 [23040/24148 (95%)]	Loss: 5.042905
Train Epoch: 1 [23360/24148 (97%)]	Loss: 5.022628
Train Epoch: 1 [23680/24148 (98%)]	Loss: 4.909049
Train Epoch: 1 [24000/24148 (99%)]	Loss: 4.873467

Test set: Average loss: 4.8103, Accuracy: 636/6037 (11%)

Train Epoch: 2 [0/24148 (0%)]	Loss: 4.429385
Train Epoch: 2 [320/24148 (1%)]	Loss: 4.555584
Train Epoch: 2 [640/24148 (3%)]	Loss: 5.083030
Train Epoch: 2 [960/24148 (4%)]	Loss: 4.821487
Train Epoch: 2 [1280/24148 (5%)]	Loss: 5.113245
Train Epoch: 2 [1600/24148 (7%)]	Loss: 4.769182
Train Epoch: 2 [1920/24148 (8%)]	Loss: 4.612152
Train Epoch: 2 [2240/24148 (9%)]	Loss: 4.697013
Train Epoch: 2 [2560/24148 (11%)]	Loss: 4.861611
Train Epoch: 2 [2880/24148 (12%)]	Loss: 4.609271
Train Epoch: 2 [3200/24148 (13%)]	Loss: 4.727201
Train Epoch: 2 [3520/24148 (15%)]	Loss: 4.810761
Train Epoch: 2 [3840/24148 (16%)]	Loss: 4.774923
Train Epoch: 2 [4160/24148 (17%)]	Loss: 4.357967
Train Epoch: 2 [4480/24148 (19%)]	Loss: 5.387618
Train Epoch: 2 [4800/24148 (20%)]	Loss: 3.689127
Train Epoch: 2 [5120/24148 (21%)]	Loss: 4.769426
Train Epoch: 2 [5440/24148 (23%)]	Loss: 4.845482
Train Epoch: 2 [5760/24148 (24%)]	Loss: 4.616665
Train Epoch: 2 [6080/24148 (25%)]	Loss: 4.863058
Train Epoch: 2 [6400/24148 (26%)]	Loss: 4.775436
Train Epoch: 2 [6720/24148 (28%)]	Loss: 4.984764
Train Epoch: 2 [7040/24148 (29%)]	Loss: 4.797560
Train Epoch: 2 [7360/24148 (30%)]	Loss: 4.978838
Train Epoch: 2 [7680/24148 (32%)]	Loss: 4.708904
Train Epoch: 2 [8000/24148 (33%)]	Loss: 4.691393
Train Epoch: 2 [8320/24148 (34%)]	Loss: 4.657096
Train Epoch: 2 [8640/24148 (36%)]	Loss: 4.319750
Train Epoch: 2 [8960/24148 (37%)]	Loss: 4.375617
Train Epoch: 2 [9280/24148 (38%)]	Loss: 4.750706
Train Epoch: 2 [9600/24148 (40%)]	Loss: 4.687758
Train Epoch: 2 [9920/24148 (41%)]	Loss: 4.435543
Train Epoch: 2 [10240/24148 (42%)]	Loss: 5.206986
Train Epoch: 2 [10560/24148 (44%)]	Loss: 4.521784
Train Epoch: 2 [10880/24148 (45%)]	Loss: 4.724763
Train Epoch: 2 [11200/24148 (46%)]	Loss: 4.359722
Train Epoch: 2 [11520/24148 (48%)]	Loss: 4.412065
Train Epoch: 2 [11840/24148 (49%)]	Loss: 4.884289
Train Epoch: 2 [12160/24148 (50%)]	Loss: 4.642053
Train Epoch: 2 [12480/24148 (52%)]	Loss: 4.506696
Train Epoch: 2 [12800/24148 (53%)]	Loss: 4.510493
Train Epoch: 2 [13120/24148 (54%)]	Loss: 4.843371
Train Epoch: 2 [13440/24148 (56%)]	Loss: 4.249525
Train Epoch: 2 [13760/24148 (57%)]	Loss: 4.111331
Train Epoch: 2 [14080/24148 (58%)]	Loss: 4.616957
Train Epoch: 2 [14400/24148 (60%)]	Loss: 4.853603
Train Epoch: 2 [14720/24148 (61%)]	Loss: 4.547577
Train Epoch: 2 [15040/24148 (62%)]	Loss: 4.554419
Train Epoch: 2 [15360/24148 (64%)]	Loss: 4.050754
Train Epoch: 2 [15680/24148 (65%)]	Loss: 4.732219
Train Epoch: 2 [16000/24148 (66%)]	Loss: 4.396512
Train Epoch: 2 [16320/24148 (68%)]	Loss: 4.557419
Train Epoch: 2 [16640/24148 (69%)]	Loss: 4.781467
Train Epoch: 2 [16960/24148 (70%)]	Loss: 4.222952
Train Epoch: 2 [17280/24148 (72%)]	Loss: 4.094709
Train Epoch: 2 [17600/24148 (73%)]	Loss: 4.907706
Train Epoch: 2 [17920/24148 (74%)]	Loss: 4.669611
Train Epoch: 2 [18240/24148 (75%)]	Loss: 4.997357
Train Epoch: 2 [18560/24148 (77%)]	Loss: 4.752110
Train Epoch: 2 [18880/24148 (78%)]	Loss: 4.714703
Train Epoch: 2 [19200/24148 (79%)]	Loss: 5.107381
Train Epoch: 2 [19520/24148 (81%)]	Loss: 4.364254
Train Epoch: 2 [19840/24148 (82%)]	Loss: 4.454118
Train Epoch: 2 [20160/24148 (83%)]	Loss: 5.036930
Train Epoch: 2 [20480/24148 (85%)]	Loss: 4.452065
Train Epoch: 2 [20800/24148 (86%)]	Loss: 4.789566
Train Epoch: 2 [21120/24148 (87%)]	Loss: 4.409753
Train Epoch: 2 [21440/24148 (89%)]	Loss: 4.095277
Train Epoch: 2 [21760/24148 (90%)]	Loss: 4.509608
Train Epoch: 2 [22080/24148 (91%)]	Loss: 4.236928
Train Epoch: 2 [22400/24148 (93%)]	Loss: 4.653119
Train Epoch: 2 [22720/24148 (94%)]	Loss: 4.851905
Train Epoch: 2 [23040/24148 (95%)]	Loss: 4.320128
Train Epoch: 2 [23360/24148 (97%)]	Loss: 5.144758
Train Epoch: 2 [23680/24148 (98%)]	Loss: 4.458941
Train Epoch: 2 [24000/24148 (99%)]	Loss: 4.681087

Test set: Average loss: 4.6008, Accuracy: 790/6037 (13%)

Train Epoch: 3 [0/24148 (0%)]	Loss: 4.249746
Train Epoch: 3 [320/24148 (1%)]	Loss: 4.342582
Train Epoch: 3 [640/24148 (3%)]	Loss: 4.031570
Train Epoch: 3 [960/24148 (4%)]	Loss: 4.434982
Train Epoch: 3 [1280/24148 (5%)]	Loss: 4.565599
Train Epoch: 3 [1600/24148 (7%)]	Loss: 4.915252
Train Epoch: 3 [1920/24148 (8%)]	Loss: 4.368083
Train Epoch: 3 [2240/24148 (9%)]	Loss: 4.131531
Train Epoch: 3 [2560/24148 (11%)]	Loss: 4.477766
Train Epoch: 3 [2880/24148 (12%)]	Loss: 4.017475
Train Epoch: 3 [3200/24148 (13%)]	Loss: 4.331748
Train Epoch: 3 [3520/24148 (15%)]	Loss: 4.029322
Train Epoch: 3 [3840/24148 (16%)]	Loss: 4.439578
Train Epoch: 3 [4160/24148 (17%)]	Loss: 4.756742
Train Epoch: 3 [4480/24148 (19%)]	Loss: 3.589143
Train Epoch: 3 [4800/24148 (20%)]	Loss: 3.846335
Train Epoch: 3 [5120/24148 (21%)]	Loss: 3.869137
Train Epoch: 3 [5440/24148 (23%)]	Loss: 3.994862
Train Epoch: 3 [5760/24148 (24%)]	Loss: 4.096761
Train Epoch: 3 [6080/24148 (25%)]	Loss: 4.260195
Train Epoch: 3 [6400/24148 (26%)]	Loss: 4.247111
Train Epoch: 3 [6720/24148 (28%)]	Loss: 4.225392
Train Epoch: 3 [7040/24148 (29%)]	Loss: 4.388901
Train Epoch: 3 [7360/24148 (30%)]	Loss: 4.354404
Train Epoch: 3 [7680/24148 (32%)]	Loss: 4.668272
Train Epoch: 3 [8000/24148 (33%)]	Loss: 3.904842
Train Epoch: 3 [8320/24148 (34%)]	Loss: 4.185719
Train Epoch: 3 [8640/24148 (36%)]	Loss: 4.519765
Train Epoch: 3 [8960/24148 (37%)]	Loss: 4.736495
Train Epoch: 3 [9280/24148 (38%)]	Loss: 3.671497
Train Epoch: 3 [9600/24148 (40%)]	Loss: 3.953745
Train Epoch: 3 [9920/24148 (41%)]	Loss: 4.191755
Train Epoch: 3 [10240/24148 (42%)]	Loss: 3.972773
Train Epoch: 3 [10560/24148 (44%)]	Loss: 4.663157
Train Epoch: 3 [10880/24148 (45%)]	Loss: 4.416476
Train Epoch: 3 [11200/24148 (46%)]	Loss: 4.195019
Train Epoch: 3 [11520/24148 (48%)]	Loss: 4.275845
Train Epoch: 3 [11840/24148 (49%)]	Loss: 4.219918
Train Epoch: 3 [12160/24148 (50%)]	Loss: 4.523575
Train Epoch: 3 [12480/24148 (52%)]	Loss: 4.499648
Train Epoch: 3 [12800/24148 (53%)]	Loss: 4.457915
Train Epoch: 3 [13120/24148 (54%)]	Loss: 3.700811
Train Epoch: 3 [13440/24148 (56%)]	Loss: 4.244567
Train Epoch: 3 [13760/24148 (57%)]	Loss: 4.743247
Train Epoch: 3 [14080/24148 (58%)]	Loss: 4.257672
Train Epoch: 3 [14400/24148 (60%)]	Loss: 4.223702
Train Epoch: 3 [14720/24148 (61%)]	Loss: 3.986460
Train Epoch: 3 [15040/24148 (62%)]	Loss: 4.579415
Train Epoch: 3 [15360/24148 (64%)]	Loss: 3.889472
Train Epoch: 3 [15680/24148 (65%)]	Loss: 4.576066
Train Epoch: 3 [16000/24148 (66%)]	Loss: 4.186312
Train Epoch: 3 [16320/24148 (68%)]	Loss: 4.481079
Train Epoch: 3 [16640/24148 (69%)]	Loss: 4.424040
Train Epoch: 3 [16960/24148 (70%)]	Loss: 4.456535
Train Epoch: 3 [17280/24148 (72%)]	Loss: 3.737225
Train Epoch: 3 [17600/24148 (73%)]	Loss: 4.463191
Train Epoch: 3 [17920/24148 (74%)]	Loss: 4.609926
Train Epoch: 3 [18240/24148 (75%)]	Loss: 4.215951
Train Epoch: 3 [18560/24148 (77%)]	Loss: 4.692567
Train Epoch: 3 [18880/24148 (78%)]	Loss: 3.827105
Train Epoch: 3 [19200/24148 (79%)]	Loss: 3.919163
Train Epoch: 3 [19520/24148 (81%)]	Loss: 4.673331
Train Epoch: 3 [19840/24148 (82%)]	Loss: 4.205544
Train Epoch: 3 [20160/24148 (83%)]	Loss: 4.230107
Train Epoch: 3 [20480/24148 (85%)]	Loss: 3.609347
Train Epoch: 3 [20800/24148 (86%)]	Loss: 4.116533
Train Epoch: 3 [21120/24148 (87%)]	Loss: 4.011254
Train Epoch: 3 [21440/24148 (89%)]	Loss: 4.420839
Train Epoch: 3 [21760/24148 (90%)]	Loss: 4.267044
Train Epoch: 3 [22080/24148 (91%)]	Loss: 4.496854
Train Epoch: 3 [22400/24148 (93%)]	Loss: 4.781740
Train Epoch: 3 [22720/24148 (94%)]	Loss: 4.590208
Train Epoch: 3 [23040/24148 (95%)]	Loss: 4.576598
Train Epoch: 3 [23360/24148 (97%)]	Loss: 3.952902
Train Epoch: 3 [23680/24148 (98%)]	Loss: 3.389713
Train Epoch: 3 [24000/24148 (99%)]	Loss: 4.534225

Test set: Average loss: 4.3323, Accuracy: 955/6037 (16%)

Train Epoch: 4 [0/24148 (0%)]	Loss: 4.209261
Train Epoch: 4 [320/24148 (1%)]	Loss: 3.742158
Train Epoch: 4 [640/24148 (3%)]	Loss: 4.114860
Train Epoch: 4 [960/24148 (4%)]	Loss: 4.411487
Train Epoch: 4 [1280/24148 (5%)]	Loss: 4.077364
Train Epoch: 4 [1600/24148 (7%)]	Loss: 3.571808
Train Epoch: 4 [1920/24148 (8%)]	Loss: 3.816089
Train Epoch: 4 [2240/24148 (9%)]	Loss: 3.935282
Train Epoch: 4 [2560/24148 (11%)]	Loss: 3.562880
Train Epoch: 4 [2880/24148 (12%)]	Loss: 3.836142
Train Epoch: 4 [3200/24148 (13%)]	Loss: 3.935659
Train Epoch: 4 [3520/24148 (15%)]	Loss: 3.846445
Train Epoch: 4 [3840/24148 (16%)]	Loss: 4.171899
Train Epoch: 4 [4160/24148 (17%)]	Loss: 3.706118
Train Epoch: 4 [4480/24148 (19%)]	Loss: 3.301989
Train Epoch: 4 [4800/24148 (20%)]	Loss: 4.121984
Train Epoch: 4 [5120/24148 (21%)]	Loss: 4.050455
Train Epoch: 4 [5440/24148 (23%)]	Loss: 4.290642
Train Epoch: 4 [5760/24148 (24%)]	Loss: 3.925192
Train Epoch: 4 [6080/24148 (25%)]	Loss: 3.832633
Train Epoch: 4 [6400/24148 (26%)]	Loss: 3.930058
Train Epoch: 4 [6720/24148 (28%)]	Loss: 3.419568
Train Epoch: 4 [7040/24148 (29%)]	Loss: 4.241230
Train Epoch: 4 [7360/24148 (30%)]	Loss: 4.306586
Train Epoch: 4 [7680/24148 (32%)]	Loss: 4.115201
Train Epoch: 4 [8000/24148 (33%)]	Loss: 4.405607
Train Epoch: 4 [8320/24148 (34%)]	Loss: 3.941838
Train Epoch: 4 [8640/24148 (36%)]	Loss: 4.271727
Train Epoch: 4 [8960/24148 (37%)]	Loss: 4.109293
Train Epoch: 4 [9280/24148 (38%)]	Loss: 3.820187
Train Epoch: 4 [9600/24148 (40%)]	Loss: 4.080608
Train Epoch: 4 [9920/24148 (41%)]	Loss: 3.691741
Train Epoch: 4 [10240/24148 (42%)]	Loss: 4.080628
Train Epoch: 4 [10560/24148 (44%)]	Loss: 3.916103
Train Epoch: 4 [10880/24148 (45%)]	Loss: 3.840527
Train Epoch: 4 [11200/24148 (46%)]	Loss: 4.362088
Train Epoch: 4 [11520/24148 (48%)]	Loss: 4.055963
Train Epoch: 4 [11840/24148 (49%)]	Loss: 4.285397
Train Epoch: 4 [12160/24148 (50%)]	Loss: 3.874165
Train Epoch: 4 [12480/24148 (52%)]	Loss: 3.827107
Train Epoch: 4 [12800/24148 (53%)]	Loss: 4.091832
Train Epoch: 4 [13120/24148 (54%)]	Loss: 3.745636
Train Epoch: 4 [13440/24148 (56%)]	Loss: 3.814623
Train Epoch: 4 [13760/24148 (57%)]	Loss: 3.880738
Train Epoch: 4 [14080/24148 (58%)]	Loss: 4.307962
Train Epoch: 4 [14400/24148 (60%)]	Loss: 4.072191
Train Epoch: 4 [14720/24148 (61%)]	Loss: 3.771788
Train Epoch: 4 [15040/24148 (62%)]	Loss: 3.417622
Train Epoch: 4 [15360/24148 (64%)]	Loss: 4.084047
Train Epoch: 4 [15680/24148 (65%)]	Loss: 3.513252
Train Epoch: 4 [16000/24148 (66%)]	Loss: 3.905447
Train Epoch: 4 [16320/24148 (68%)]	Loss: 3.575243
Train Epoch: 4 [16640/24148 (69%)]	Loss: 3.633993
Train Epoch: 4 [16960/24148 (70%)]	Loss: 4.054225
Train Epoch: 4 [17280/24148 (72%)]	Loss: 3.989361
Train Epoch: 4 [17600/24148 (73%)]	Loss: 4.087162
Train Epoch: 4 [17920/24148 (74%)]	Loss: 3.392931
Train Epoch: 4 [18240/24148 (75%)]	Loss: 4.477058
Train Epoch: 4 [18560/24148 (77%)]	Loss: 4.154303
Train Epoch: 4 [18880/24148 (78%)]	Loss: 3.847526
Train Epoch: 4 [19200/24148 (79%)]	Loss: 3.576792
Train Epoch: 4 [19520/24148 (81%)]	Loss: 4.188487
Train Epoch: 4 [19840/24148 (82%)]	Loss: 4.006000
Train Epoch: 4 [20160/24148 (83%)]	Loss: 4.529717
Train Epoch: 4 [20480/24148 (85%)]	Loss: 3.571272
Train Epoch: 4 [20800/24148 (86%)]	Loss: 3.856757
Train Epoch: 4 [21120/24148 (87%)]	Loss: 3.965603
Train Epoch: 4 [21440/24148 (89%)]	Loss: 3.980353
Train Epoch: 4 [21760/24148 (90%)]	Loss: 4.288949
Train Epoch: 4 [22080/24148 (91%)]	Loss: 4.105546
Train Epoch: 4 [22400/24148 (93%)]	Loss: 4.479657
Train Epoch: 4 [22720/24148 (94%)]	Loss: 3.891310
Train Epoch: 4 [23040/24148 (95%)]	Loss: 4.162822
Train Epoch: 4 [23360/24148 (97%)]	Loss: 3.515002
Train Epoch: 4 [23680/24148 (98%)]	Loss: 4.017473
Train Epoch: 4 [24000/24148 (99%)]	Loss: 3.109751

Test set: Average loss: 4.0929, Accuracy: 1168/6037 (19%)

Train Epoch: 5 [0/24148 (0%)]	Loss: 3.821808
Train Epoch: 5 [320/24148 (1%)]	Loss: 3.672299
Train Epoch: 5 [640/24148 (3%)]	Loss: 3.273757
Train Epoch: 5 [960/24148 (4%)]	Loss: 3.937765
Train Epoch: 5 [1280/24148 (5%)]	Loss: 3.544743
Train Epoch: 5 [1600/24148 (7%)]	Loss: 3.473724
Train Epoch: 5 [1920/24148 (8%)]	Loss: 3.749614
Train Epoch: 5 [2240/24148 (9%)]	Loss: 3.688585
Train Epoch: 5 [2560/24148 (11%)]	Loss: 3.105834
Train Epoch: 5 [2880/24148 (12%)]	Loss: 3.290867
Train Epoch: 5 [3200/24148 (13%)]	Loss: 3.395367
Train Epoch: 5 [3520/24148 (15%)]	Loss: 3.088381
Train Epoch: 5 [3840/24148 (16%)]	Loss: 3.581934
Train Epoch: 5 [4160/24148 (17%)]	Loss: 2.780073
Train Epoch: 5 [4480/24148 (19%)]	Loss: 3.661626
Train Epoch: 5 [4800/24148 (20%)]	Loss: 3.725085
Train Epoch: 5 [5120/24148 (21%)]	Loss: 3.753102
Train Epoch: 5 [5440/24148 (23%)]	Loss: 3.414961
Train Epoch: 5 [5760/24148 (24%)]	Loss: 3.340518
Train Epoch: 5 [6080/24148 (25%)]	Loss: 3.062289
Train Epoch: 5 [6400/24148 (26%)]	Loss: 3.897434
Train Epoch: 5 [6720/24148 (28%)]	Loss: 3.165217
Train Epoch: 5 [7040/24148 (29%)]	Loss: 3.123708
Train Epoch: 5 [7360/24148 (30%)]	Loss: 4.147582
Train Epoch: 5 [7680/24148 (32%)]	Loss: 3.322605
Train Epoch: 5 [8000/24148 (33%)]	Loss: 3.200823
Train Epoch: 5 [8320/24148 (34%)]	Loss: 3.394661
Train Epoch: 5 [8640/24148 (36%)]	Loss: 3.397696
Train Epoch: 5 [8960/24148 (37%)]	Loss: 3.267855
Train Epoch: 5 [9280/24148 (38%)]	Loss: 3.603439
Train Epoch: 5 [9600/24148 (40%)]	Loss: 3.000137
Train Epoch: 5 [9920/24148 (41%)]	Loss: 3.680307
Train Epoch: 5 [10240/24148 (42%)]	Loss: 3.893313
Train Epoch: 5 [10560/24148 (44%)]	Loss: 3.568156
Train Epoch: 5 [10880/24148 (45%)]	Loss: 3.195481
Train Epoch: 5 [11200/24148 (46%)]	Loss: 3.203131
Train Epoch: 5 [11520/24148 (48%)]	Loss: 3.709350
Train Epoch: 5 [11840/24148 (49%)]	Loss: 3.286071
Train Epoch: 5 [12160/24148 (50%)]	Loss: 3.497098
Train Epoch: 5 [12480/24148 (52%)]	Loss: 3.684732
Train Epoch: 5 [12800/24148 (53%)]	Loss: 3.079146
Train Epoch: 5 [13120/24148 (54%)]	Loss: 3.558693
Train Epoch: 5 [13440/24148 (56%)]	Loss: 3.609987
Train Epoch: 5 [13760/24148 (57%)]	Loss: 3.362336
Train Epoch: 5 [14080/24148 (58%)]	Loss: 4.109591
Train Epoch: 5 [14400/24148 (60%)]	Loss: 3.635564
Train Epoch: 5 [14720/24148 (61%)]	Loss: 3.399230
Train Epoch: 5 [15040/24148 (62%)]	Loss: 3.724358
Train Epoch: 5 [15360/24148 (64%)]	Loss: 3.242470
Train Epoch: 5 [15680/24148 (65%)]	Loss: 3.360655
Train Epoch: 5 [16000/24148 (66%)]	Loss: 3.115793
Train Epoch: 5 [16320/24148 (68%)]	Loss: 3.536336
Train Epoch: 5 [16640/24148 (69%)]	Loss: 3.586818
Train Epoch: 5 [16960/24148 (70%)]	Loss: 2.971065
Train Epoch: 5 [17280/24148 (72%)]	Loss: 3.455832
Train Epoch: 5 [17600/24148 (73%)]	Loss: 3.519848
Train Epoch: 5 [17920/24148 (74%)]	Loss: 2.674587
Train Epoch: 5 [18240/24148 (75%)]	Loss: 4.053800
Train Epoch: 5 [18560/24148 (77%)]	Loss: 3.360633
Train Epoch: 5 [18880/24148 (78%)]	Loss: 3.195552
Train Epoch: 5 [19200/24148 (79%)]	Loss: 3.656641
Train Epoch: 5 [19520/24148 (81%)]	Loss: 3.315537
Train Epoch: 5 [19840/24148 (82%)]	Loss: 3.773516
Train Epoch: 5 [20160/24148 (83%)]	Loss: 3.836276
Train Epoch: 5 [20480/24148 (85%)]	Loss: 3.624438
Train Epoch: 5 [20800/24148 (86%)]	Loss: 3.523540
Train Epoch: 5 [21120/24148 (87%)]	Loss: 3.535530
Train Epoch: 5 [21440/24148 (89%)]	Loss: 3.114724
Train Epoch: 5 [21760/24148 (90%)]	Loss: 3.314740
Train Epoch: 5 [22080/24148 (91%)]	Loss: 3.628206
Train Epoch: 5 [22400/24148 (93%)]	Loss: 3.331784
Train Epoch: 5 [22720/24148 (94%)]	Loss: 3.308578
Train Epoch: 5 [23040/24148 (95%)]	Loss: 3.524615
Train Epoch: 5 [23360/24148 (97%)]	Loss: 3.808470
Train Epoch: 5 [23680/24148 (98%)]	Loss: 3.510899
Train Epoch: 5 [24000/24148 (99%)]	Loss: 3.539828

Test set: Average loss: 4.0347, Accuracy: 1210/6037 (20%)

Train Epoch: 6 [0/24148 (0%)]	Loss: 3.167819
Train Epoch: 6 [320/24148 (1%)]	Loss: 3.089581
Train Epoch: 6 [640/24148 (3%)]	Loss: 3.148054
Train Epoch: 6 [960/24148 (4%)]	Loss: 3.174135
Train Epoch: 6 [1280/24148 (5%)]	Loss: 2.241206
Train Epoch: 6 [1600/24148 (7%)]	Loss: 3.233624
Train Epoch: 6 [1920/24148 (8%)]	Loss: 3.112832
Train Epoch: 6 [2240/24148 (9%)]	Loss: 2.843717
Train Epoch: 6 [2560/24148 (11%)]	Loss: 2.610850
Train Epoch: 6 [2880/24148 (12%)]	Loss: 2.950283
Train Epoch: 6 [3200/24148 (13%)]	Loss: 2.936646
Train Epoch: 6 [3520/24148 (15%)]	Loss: 2.887827
Train Epoch: 6 [3840/24148 (16%)]	Loss: 2.924122
Train Epoch: 6 [4160/24148 (17%)]	Loss: 2.785450
Train Epoch: 6 [4480/24148 (19%)]	Loss: 3.211795
Train Epoch: 6 [4800/24148 (20%)]	Loss: 3.144929
Train Epoch: 6 [5120/24148 (21%)]	Loss: 3.047937
Train Epoch: 6 [5440/24148 (23%)]	Loss: 2.942843
Train Epoch: 6 [5760/24148 (24%)]	Loss: 2.838502
Train Epoch: 6 [6080/24148 (25%)]	Loss: 2.787466
Train Epoch: 6 [6400/24148 (26%)]	Loss: 2.910874
Train Epoch: 6 [6720/24148 (28%)]	Loss: 2.423150
Train Epoch: 6 [7040/24148 (29%)]	Loss: 2.725633
Train Epoch: 6 [7360/24148 (30%)]	Loss: 3.343517
Train Epoch: 6 [7680/24148 (32%)]	Loss: 3.286526
Train Epoch: 6 [8000/24148 (33%)]	Loss: 3.000391
Train Epoch: 6 [8320/24148 (34%)]	Loss: 2.401070
Train Epoch: 6 [8640/24148 (36%)]	Loss: 3.036312
Train Epoch: 6 [8960/24148 (37%)]	Loss: 2.887922
Train Epoch: 6 [9280/24148 (38%)]	Loss: 3.115332
Train Epoch: 6 [9600/24148 (40%)]	Loss: 3.118003
Train Epoch: 6 [9920/24148 (41%)]	Loss: 3.183954
Train Epoch: 6 [10240/24148 (42%)]	Loss: 2.860642
Train Epoch: 6 [10560/24148 (44%)]	Loss: 3.190040
Train Epoch: 6 [10880/24148 (45%)]	Loss: 3.015074
Train Epoch: 6 [11200/24148 (46%)]	Loss: 2.824417
Train Epoch: 6 [11520/24148 (48%)]	Loss: 3.035234
Train Epoch: 6 [11840/24148 (49%)]	Loss: 2.806394
Train Epoch: 6 [12160/24148 (50%)]	Loss: 2.566360
Train Epoch: 6 [12480/24148 (52%)]	Loss: 2.650696
Train Epoch: 6 [12800/24148 (53%)]	Loss: 2.788408
Train Epoch: 6 [13120/24148 (54%)]	Loss: 3.163031
Train Epoch: 6 [13440/24148 (56%)]	Loss: 3.020345
Train Epoch: 6 [13760/24148 (57%)]	Loss: 3.166841
Train Epoch: 6 [14080/24148 (58%)]	Loss: 3.341269
Train Epoch: 6 [14400/24148 (60%)]	Loss: 3.229544
Train Epoch: 6 [14720/24148 (61%)]	Loss: 3.289011
Train Epoch: 6 [15040/24148 (62%)]	Loss: 3.027606
Train Epoch: 6 [15360/24148 (64%)]	Loss: 3.019699
Train Epoch: 6 [15680/24148 (65%)]	Loss: 2.982720
Train Epoch: 6 [16000/24148 (66%)]	Loss: 2.881530
Train Epoch: 6 [16320/24148 (68%)]	Loss: 3.103962
Train Epoch: 6 [16640/24148 (69%)]	Loss: 3.210496
Train Epoch: 6 [16960/24148 (70%)]	Loss: 2.858257
Train Epoch: 6 [17280/24148 (72%)]	Loss: 3.311019
Train Epoch: 6 [17600/24148 (73%)]	Loss: 3.428115
Train Epoch: 6 [17920/24148 (74%)]	Loss: 2.823516
Train Epoch: 6 [18240/24148 (75%)]	Loss: 2.985335
Train Epoch: 6 [18560/24148 (77%)]	Loss: 2.932362
Train Epoch: 6 [18880/24148 (78%)]	Loss: 2.922841
Train Epoch: 6 [19200/24148 (79%)]	Loss: 3.565084
Train Epoch: 6 [19520/24148 (81%)]	Loss: 3.246973
Train Epoch: 6 [19840/24148 (82%)]	Loss: 2.526738
Train Epoch: 6 [20160/24148 (83%)]	Loss: 2.980260
Train Epoch: 6 [20480/24148 (85%)]	Loss: 3.101605
Train Epoch: 6 [20800/24148 (86%)]	Loss: 3.486011
Train Epoch: 6 [21120/24148 (87%)]	Loss: 3.100379
Train Epoch: 6 [21440/24148 (89%)]	Loss: 2.303679
Train Epoch: 6 [21760/24148 (90%)]	Loss: 2.633353
Train Epoch: 6 [22080/24148 (91%)]	Loss: 3.152545
Train Epoch: 6 [22400/24148 (93%)]	Loss: 2.988894
Train Epoch: 6 [22720/24148 (94%)]	Loss: 2.595673
Train Epoch: 6 [23040/24148 (95%)]	Loss: 2.419085
Train Epoch: 6 [23360/24148 (97%)]	Loss: 3.096993
Train Epoch: 6 [23680/24148 (98%)]	Loss: 2.732600
Train Epoch: 6 [24000/24148 (99%)]	Loss: 3.586194

Test set: Average loss: 3.8602, Accuracy: 1403/6037 (23%)

Train Epoch: 7 [0/24148 (0%)]	Loss: 2.443519
Train Epoch: 7 [320/24148 (1%)]	Loss: 2.226082
Train Epoch: 7 [640/24148 (3%)]	Loss: 2.338033
Train Epoch: 7 [960/24148 (4%)]	Loss: 1.984766
Train Epoch: 7 [1280/24148 (5%)]	Loss: 2.723150
Train Epoch: 7 [1600/24148 (7%)]	Loss: 1.892157
Train Epoch: 7 [1920/24148 (8%)]	Loss: 2.444215
Train Epoch: 7 [2240/24148 (9%)]	Loss: 2.032403
Train Epoch: 7 [2560/24148 (11%)]	Loss: 2.242084
Train Epoch: 7 [2880/24148 (12%)]	Loss: 2.360690
Train Epoch: 7 [3200/24148 (13%)]	Loss: 2.472560
Train Epoch: 7 [3520/24148 (15%)]	Loss: 2.087576
Train Epoch: 7 [3840/24148 (16%)]	Loss: 2.563400
Train Epoch: 7 [4160/24148 (17%)]	Loss: 2.229333
Train Epoch: 7 [4480/24148 (19%)]	Loss: 2.392332
Train Epoch: 7 [4800/24148 (20%)]	Loss: 2.324559
Train Epoch: 7 [5120/24148 (21%)]	Loss: 1.733479
Train Epoch: 7 [5440/24148 (23%)]	Loss: 2.237552
Train Epoch: 7 [5760/24148 (24%)]	Loss: 2.844167
Train Epoch: 7 [6080/24148 (25%)]	Loss: 2.548594
Train Epoch: 7 [6400/24148 (26%)]	Loss: 2.136991
Train Epoch: 7 [6720/24148 (28%)]	Loss: 2.488421
Train Epoch: 7 [7040/24148 (29%)]	Loss: 2.337442
Train Epoch: 7 [7360/24148 (30%)]	Loss: 2.331045
Train Epoch: 7 [7680/24148 (32%)]	Loss: 2.247571
Train Epoch: 7 [8000/24148 (33%)]	Loss: 2.219751
Train Epoch: 7 [8320/24148 (34%)]	Loss: 2.004856
Train Epoch: 7 [8640/24148 (36%)]	Loss: 2.142636
Train Epoch: 7 [8960/24148 (37%)]	Loss: 1.983196
Train Epoch: 7 [9280/24148 (38%)]	Loss: 2.451873
Train Epoch: 7 [9600/24148 (40%)]	Loss: 2.440203
Train Epoch: 7 [9920/24148 (41%)]	Loss: 2.295201
Train Epoch: 7 [10240/24148 (42%)]	Loss: 1.919930
Train Epoch: 7 [10560/24148 (44%)]	Loss: 1.897159
Train Epoch: 7 [10880/24148 (45%)]	Loss: 2.534587
Train Epoch: 7 [11200/24148 (46%)]	Loss: 2.226729
Train Epoch: 7 [11520/24148 (48%)]	Loss: 2.181853
Train Epoch: 7 [11840/24148 (49%)]	Loss: 2.535226
Train Epoch: 7 [12160/24148 (50%)]	Loss: 2.394434
Train Epoch: 7 [12480/24148 (52%)]	Loss: 2.453780
Train Epoch: 7 [12800/24148 (53%)]	Loss: 2.349639
Train Epoch: 7 [13120/24148 (54%)]	Loss: 2.437209
Train Epoch: 7 [13440/24148 (56%)]	Loss: 2.362096
Train Epoch: 7 [13760/24148 (57%)]	Loss: 2.795394
Train Epoch: 7 [14080/24148 (58%)]	Loss: 2.453024
Train Epoch: 7 [14400/24148 (60%)]	Loss: 2.729977
Train Epoch: 7 [14720/24148 (61%)]	Loss: 2.900889
Train Epoch: 7 [15040/24148 (62%)]	Loss: 2.860642
Train Epoch: 7 [15360/24148 (64%)]	Loss: 2.856246
Train Epoch: 7 [15680/24148 (65%)]	Loss: 2.282164
Train Epoch: 7 [16000/24148 (66%)]	Loss: 2.012647
Train Epoch: 7 [16320/24148 (68%)]	Loss: 2.270432
Train Epoch: 7 [16640/24148 (69%)]	Loss: 2.199510
Train Epoch: 7 [16960/24148 (70%)]	Loss: 3.001710
Train Epoch: 7 [17280/24148 (72%)]	Loss: 2.295267
Train Epoch: 7 [17600/24148 (73%)]	Loss: 2.575871
Train Epoch: 7 [17920/24148 (74%)]	Loss: 2.487349
Train Epoch: 7 [18240/24148 (75%)]	Loss: 2.626607
Train Epoch: 7 [18560/24148 (77%)]	Loss: 2.777390
Train Epoch: 7 [18880/24148 (78%)]	Loss: 2.135333
Train Epoch: 7 [19200/24148 (79%)]	Loss: 2.586621
Train Epoch: 7 [19520/24148 (81%)]	Loss: 2.206795
Train Epoch: 7 [19840/24148 (82%)]	Loss: 2.042499
Train Epoch: 7 [20160/24148 (83%)]	Loss: 2.183024
Train Epoch: 7 [20480/24148 (85%)]	Loss: 2.249872
Train Epoch: 7 [20800/24148 (86%)]	Loss: 2.481686
Train Epoch: 7 [21120/24148 (87%)]	Loss: 2.780546
Train Epoch: 7 [21440/24148 (89%)]	Loss: 2.327327
Train Epoch: 7 [21760/24148 (90%)]	Loss: 2.899539
Train Epoch: 7 [22080/24148 (91%)]	Loss: 2.351648
Train Epoch: 7 [22400/24148 (93%)]	Loss: 2.206493
Train Epoch: 7 [22720/24148 (94%)]	Loss: 3.041296
Train Epoch: 7 [23040/24148 (95%)]	Loss: 2.835192
Train Epoch: 7 [23360/24148 (97%)]	Loss: 2.293883
Train Epoch: 7 [23680/24148 (98%)]	Loss: 2.491171
Train Epoch: 7 [24000/24148 (99%)]	Loss: 2.743945

Test set: Average loss: 3.8981, Accuracy: 1427/6037 (24%)

Train Epoch: 8 [0/24148 (0%)]	Loss: 1.643092
Train Epoch: 8 [320/24148 (1%)]	Loss: 2.261560
Train Epoch: 8 [640/24148 (3%)]	Loss: 1.565487
Train Epoch: 8 [960/24148 (4%)]	Loss: 1.629675
Train Epoch: 8 [1280/24148 (5%)]	Loss: 1.562940
Train Epoch: 8 [1600/24148 (7%)]	Loss: 1.764530
Train Epoch: 8 [1920/24148 (8%)]	Loss: 2.056685
Train Epoch: 8 [2240/24148 (9%)]	Loss: 1.806238
Train Epoch: 8 [2560/24148 (11%)]	Loss: 1.581013
Train Epoch: 8 [2880/24148 (12%)]	Loss: 1.893168
Train Epoch: 8 [3200/24148 (13%)]	Loss: 1.374954
Train Epoch: 8 [3520/24148 (15%)]	Loss: 2.048838
Train Epoch: 8 [3840/24148 (16%)]	Loss: 1.564753
Train Epoch: 8 [4160/24148 (17%)]	Loss: 1.607579
Train Epoch: 8 [4480/24148 (19%)]	Loss: 2.053907
Train Epoch: 8 [4800/24148 (20%)]	Loss: 1.241374
Train Epoch: 8 [5120/24148 (21%)]	Loss: 1.757156
Train Epoch: 8 [5440/24148 (23%)]	Loss: 1.417606
Train Epoch: 8 [5760/24148 (24%)]	Loss: 1.780924
Train Epoch: 8 [6080/24148 (25%)]	Loss: 1.835948
Train Epoch: 8 [6400/24148 (26%)]	Loss: 1.672636
Train Epoch: 8 [6720/24148 (28%)]	Loss: 1.592087
Train Epoch: 8 [7040/24148 (29%)]	Loss: 1.815089
Train Epoch: 8 [7360/24148 (30%)]	Loss: 1.373357
Train Epoch: 8 [7680/24148 (32%)]	Loss: 1.724679
Train Epoch: 8 [8000/24148 (33%)]	Loss: 1.929811
Train Epoch: 8 [8320/24148 (34%)]	Loss: 1.093074
Train Epoch: 8 [8640/24148 (36%)]	Loss: 1.808528
Train Epoch: 8 [8960/24148 (37%)]	Loss: 1.755601
Train Epoch: 8 [9280/24148 (38%)]	Loss: 1.751286
Train Epoch: 8 [9600/24148 (40%)]	Loss: 1.809924
Train Epoch: 8 [9920/24148 (41%)]	Loss: 1.576630
Train Epoch: 8 [10240/24148 (42%)]	Loss: 1.745219
Train Epoch: 8 [10560/24148 (44%)]	Loss: 1.656692
Train Epoch: 8 [10880/24148 (45%)]	Loss: 1.816282
Train Epoch: 8 [11200/24148 (46%)]	Loss: 1.605881
Train Epoch: 8 [11520/24148 (48%)]	Loss: 1.412495
Train Epoch: 8 [11840/24148 (49%)]	Loss: 1.911958
Train Epoch: 8 [12160/24148 (50%)]	Loss: 1.935963
Train Epoch: 8 [12480/24148 (52%)]	Loss: 1.700440
Train Epoch: 8 [12800/24148 (53%)]	Loss: 1.984974
Train Epoch: 8 [13120/24148 (54%)]	Loss: 1.713830
Train Epoch: 8 [13440/24148 (56%)]	Loss: 1.469689
Train Epoch: 8 [13760/24148 (57%)]	Loss: 1.976788
Train Epoch: 8 [14080/24148 (58%)]	Loss: 1.726439
Train Epoch: 8 [14400/24148 (60%)]	Loss: 1.760279
Train Epoch: 8 [14720/24148 (61%)]	Loss: 1.402213
Train Epoch: 8 [15040/24148 (62%)]	Loss: 2.143909
Train Epoch: 8 [15360/24148 (64%)]	Loss: 1.883321
Train Epoch: 8 [15680/24148 (65%)]	Loss: 1.569388
Train Epoch: 8 [16000/24148 (66%)]	Loss: 1.760716
Train Epoch: 8 [16320/24148 (68%)]	Loss: 1.625566
Train Epoch: 8 [16640/24148 (69%)]	Loss: 1.515628
Train Epoch: 8 [16960/24148 (70%)]	Loss: 1.530082
Train Epoch: 8 [17280/24148 (72%)]	Loss: 1.759013
Train Epoch: 8 [17600/24148 (73%)]	Loss: 1.819472
Train Epoch: 8 [17920/24148 (74%)]	Loss: 1.329384
Train Epoch: 8 [18240/24148 (75%)]	Loss: 1.691602
Train Epoch: 8 [18560/24148 (77%)]	Loss: 1.689715
Train Epoch: 8 [18880/24148 (78%)]	Loss: 2.128044
Train Epoch: 8 [19200/24148 (79%)]	Loss: 1.784401
Train Epoch: 8 [19520/24148 (81%)]	Loss: 2.113487
Train Epoch: 8 [19840/24148 (82%)]	Loss: 1.345212
Train Epoch: 8 [20160/24148 (83%)]	Loss: 1.718232
Train Epoch: 8 [20480/24148 (85%)]	Loss: 1.908758
Train Epoch: 8 [20800/24148 (86%)]	Loss: 2.004921
Train Epoch: 8 [21120/24148 (87%)]	Loss: 1.749666
Train Epoch: 8 [21440/24148 (89%)]	Loss: 1.423107
Train Epoch: 8 [21760/24148 (90%)]	Loss: 1.685413
Train Epoch: 8 [22080/24148 (91%)]	Loss: 1.729718
Train Epoch: 8 [22400/24148 (93%)]	Loss: 1.549846
Train Epoch: 8 [22720/24148 (94%)]	Loss: 1.548544
Train Epoch: 8 [23040/24148 (95%)]	Loss: 2.084843
Train Epoch: 8 [23360/24148 (97%)]	Loss: 1.192742
Train Epoch: 8 [23680/24148 (98%)]	Loss: 1.738598
Train Epoch: 8 [24000/24148 (99%)]	Loss: 1.869825

Test set: Average loss: 3.9102, Accuracy: 1475/6037 (24%)

Train Epoch: 9 [0/24148 (0%)]	Loss: 0.972403
Train Epoch: 9 [320/24148 (1%)]	Loss: 0.842587
Train Epoch: 9 [640/24148 (3%)]	Loss: 1.062030
Train Epoch: 9 [960/24148 (4%)]	Loss: 0.869357
Train Epoch: 9 [1280/24148 (5%)]	Loss: 0.978150
Train Epoch: 9 [1600/24148 (7%)]	Loss: 0.858028
Train Epoch: 9 [1920/24148 (8%)]	Loss: 1.216313
Train Epoch: 9 [2240/24148 (9%)]	Loss: 0.839845
Train Epoch: 9 [2560/24148 (11%)]	Loss: 1.073625
Train Epoch: 9 [2880/24148 (12%)]	Loss: 1.263149
Train Epoch: 9 [3200/24148 (13%)]	Loss: 1.018505
Train Epoch: 9 [3520/24148 (15%)]	Loss: 1.083006
Train Epoch: 9 [3840/24148 (16%)]	Loss: 1.113472
Train Epoch: 9 [4160/24148 (17%)]	Loss: 0.917007
Train Epoch: 9 [4480/24148 (19%)]	Loss: 0.869665
Train Epoch: 9 [4800/24148 (20%)]	Loss: 0.938259
Train Epoch: 9 [5120/24148 (21%)]	Loss: 0.746257
Train Epoch: 9 [5440/24148 (23%)]	Loss: 0.969870
Train Epoch: 9 [5760/24148 (24%)]	Loss: 0.874603
Train Epoch: 9 [6080/24148 (25%)]	Loss: 1.030549
Train Epoch: 9 [6400/24148 (26%)]	Loss: 0.970339
Train Epoch: 9 [6720/24148 (28%)]	Loss: 1.176724
Train Epoch: 9 [7040/24148 (29%)]	Loss: 1.062940
Train Epoch: 9 [7360/24148 (30%)]	Loss: 1.396511
Train Epoch: 9 [7680/24148 (32%)]	Loss: 1.116749
Train Epoch: 9 [8000/24148 (33%)]	Loss: 1.022623
Train Epoch: 9 [8320/24148 (34%)]	Loss: 0.963103
Train Epoch: 9 [8640/24148 (36%)]	Loss: 1.362532
Train Epoch: 9 [8960/24148 (37%)]	Loss: 1.174722
Train Epoch: 9 [9280/24148 (38%)]	Loss: 1.447066
Train Epoch: 9 [9600/24148 (40%)]	Loss: 0.986917
Train Epoch: 9 [9920/24148 (41%)]	Loss: 1.290694
Train Epoch: 9 [10240/24148 (42%)]	Loss: 1.089019
Train Epoch: 9 [10560/24148 (44%)]	Loss: 1.044389
Train Epoch: 9 [10880/24148 (45%)]	Loss: 0.759434
Train Epoch: 9 [11200/24148 (46%)]	Loss: 1.006258
Train Epoch: 9 [11520/24148 (48%)]	Loss: 1.694388
Train Epoch: 9 [11840/24148 (49%)]	Loss: 0.760104
Train Epoch: 9 [12160/24148 (50%)]	Loss: 1.079830
Train Epoch: 9 [12480/24148 (52%)]	Loss: 1.252701
Train Epoch: 9 [12800/24148 (53%)]	Loss: 1.149391
Train Epoch: 9 [13120/24148 (54%)]	Loss: 0.761318
Train Epoch: 9 [13440/24148 (56%)]	Loss: 1.158080
Train Epoch: 9 [13760/24148 (57%)]	Loss: 0.591834
Train Epoch: 9 [14080/24148 (58%)]	Loss: 1.251556
Train Epoch: 9 [14400/24148 (60%)]	Loss: 1.141632
Train Epoch: 9 [14720/24148 (61%)]	Loss: 0.771887
Train Epoch: 9 [15040/24148 (62%)]	Loss: 1.014363
Train Epoch: 9 [15360/24148 (64%)]	Loss: 0.850818
Train Epoch: 9 [15680/24148 (65%)]	Loss: 1.349331
Train Epoch: 9 [16000/24148 (66%)]	Loss: 1.151084
Train Epoch: 9 [16320/24148 (68%)]	Loss: 1.197205
Train Epoch: 9 [16640/24148 (69%)]	Loss: 0.944272
Train Epoch: 9 [16960/24148 (70%)]	Loss: 1.433796
Train Epoch: 9 [17280/24148 (72%)]	Loss: 1.020522
Train Epoch: 9 [17600/24148 (73%)]	Loss: 0.856555
Train Epoch: 9 [17920/24148 (74%)]	Loss: 0.786370
Train Epoch: 9 [18240/24148 (75%)]	Loss: 1.154637
Train Epoch: 9 [18560/24148 (77%)]	Loss: 0.951275
Train Epoch: 9 [18880/24148 (78%)]	Loss: 1.307629
Train Epoch: 9 [19200/24148 (79%)]	Loss: 0.910874
Train Epoch: 9 [19520/24148 (81%)]	Loss: 1.092481
Train Epoch: 9 [19840/24148 (82%)]	Loss: 1.167567
Train Epoch: 9 [20160/24148 (83%)]	Loss: 1.060127
Train Epoch: 9 [20480/24148 (85%)]	Loss: 1.020337
Train Epoch: 9 [20800/24148 (86%)]	Loss: 1.388504
Train Epoch: 9 [21120/24148 (87%)]	Loss: 1.553594
Train Epoch: 9 [21440/24148 (89%)]	Loss: 0.905716
Train Epoch: 9 [21760/24148 (90%)]	Loss: 0.714177
Train Epoch: 9 [22080/24148 (91%)]	Loss: 0.797143
Train Epoch: 9 [22400/24148 (93%)]	Loss: 1.391672
Train Epoch: 9 [22720/24148 (94%)]	Loss: 1.248162
Train Epoch: 9 [23040/24148 (95%)]	Loss: 0.841440
Train Epoch: 9 [23360/24148 (97%)]	Loss: 1.181056
Train Epoch: 9 [23680/24148 (98%)]	Loss: 1.089896
Train Epoch: 9 [24000/24148 (99%)]	Loss: 1.100640

Test set: Average loss: 4.0293, Accuracy: 1443/6037 (24%)

Train Epoch: 10 [0/24148 (0%)]	Loss: 0.813993
Train Epoch: 10 [320/24148 (1%)]	Loss: 1.063627
Train Epoch: 10 [640/24148 (3%)]	Loss: 0.740491
Train Epoch: 10 [960/24148 (4%)]	Loss: 0.798694
Train Epoch: 10 [1280/24148 (5%)]	Loss: 0.666757
Train Epoch: 10 [1600/24148 (7%)]	Loss: 0.678107
Train Epoch: 10 [1920/24148 (8%)]	Loss: 0.642982
Train Epoch: 10 [2240/24148 (9%)]	Loss: 0.694761
Train Epoch: 10 [2560/24148 (11%)]	Loss: 0.855941
Train Epoch: 10 [2880/24148 (12%)]	Loss: 1.014390
Train Epoch: 10 [3200/24148 (13%)]	Loss: 0.659818
Train Epoch: 10 [3520/24148 (15%)]	Loss: 0.835593
Train Epoch: 10 [3840/24148 (16%)]	Loss: 0.713041
Train Epoch: 10 [4160/24148 (17%)]	Loss: 0.694082
Train Epoch: 10 [4480/24148 (19%)]	Loss: 0.733734
Train Epoch: 10 [4800/24148 (20%)]	Loss: 0.581999
Train Epoch: 10 [5120/24148 (21%)]	Loss: 0.600362
Train Epoch: 10 [5440/24148 (23%)]	Loss: 0.623254
Train Epoch: 10 [5760/24148 (24%)]	Loss: 0.757137
Train Epoch: 10 [6080/24148 (25%)]	Loss: 0.630658
Train Epoch: 10 [6400/24148 (26%)]	Loss: 0.665634
Train Epoch: 10 [6720/24148 (28%)]	Loss: 0.699931
Train Epoch: 10 [7040/24148 (29%)]	Loss: 0.598755
Train Epoch: 10 [7360/24148 (30%)]	Loss: 0.960322
Train Epoch: 10 [7680/24148 (32%)]	Loss: 0.650151
Train Epoch: 10 [8000/24148 (33%)]	Loss: 0.640611
Train Epoch: 10 [8320/24148 (34%)]	Loss: 0.806338
Train Epoch: 10 [8640/24148 (36%)]	Loss: 0.600410
Train Epoch: 10 [8960/24148 (37%)]	Loss: 0.857475
Train Epoch: 10 [9280/24148 (38%)]	Loss: 0.738504
Train Epoch: 10 [9600/24148 (40%)]	Loss: 1.052136
Train Epoch: 10 [9920/24148 (41%)]	Loss: 0.655918
Train Epoch: 10 [10240/24148 (42%)]	Loss: 0.572370
Train Epoch: 10 [10560/24148 (44%)]	Loss: 0.583632
Train Epoch: 10 [10880/24148 (45%)]	Loss: 0.829237
Train Epoch: 10 [11200/24148 (46%)]	Loss: 0.805472
Train Epoch: 10 [11520/24148 (48%)]	Loss: 0.644297
Train Epoch: 10 [11840/24148 (49%)]	Loss: 0.562568
Train Epoch: 10 [12160/24148 (50%)]	Loss: 1.005104
Train Epoch: 10 [12480/24148 (52%)]	Loss: 0.913659
Train Epoch: 10 [12800/24148 (53%)]	Loss: 0.518109
Train Epoch: 10 [13120/24148 (54%)]	Loss: 0.610231
Train Epoch: 10 [13440/24148 (56%)]	Loss: 0.783392
Train Epoch: 10 [13760/24148 (57%)]	Loss: 0.706994
Train Epoch: 10 [14080/24148 (58%)]	Loss: 0.676928
Train Epoch: 10 [14400/24148 (60%)]	Loss: 0.627844
Train Epoch: 10 [14720/24148 (61%)]	Loss: 0.644231
Train Epoch: 10 [15040/24148 (62%)]	Loss: 0.537116
Train Epoch: 10 [15360/24148 (64%)]	Loss: 0.842893
Train Epoch: 10 [15680/24148 (65%)]	Loss: 0.487834
Train Epoch: 10 [16000/24148 (66%)]	Loss: 0.676104
Train Epoch: 10 [16320/24148 (68%)]	Loss: 0.626857
Train Epoch: 10 [16640/24148 (69%)]	Loss: 0.623383
Train Epoch: 10 [16960/24148 (70%)]	Loss: 0.629170
Train Epoch: 10 [17280/24148 (72%)]	Loss: 0.802890
Train Epoch: 10 [17600/24148 (73%)]	Loss: 0.815426
Train Epoch: 10 [17920/24148 (74%)]	Loss: 0.731689
Train Epoch: 10 [18240/24148 (75%)]	Loss: 0.668281
Train Epoch: 10 [18560/24148 (77%)]	Loss: 0.661008
Train Epoch: 10 [18880/24148 (78%)]	Loss: 0.729222
Train Epoch: 10 [19200/24148 (79%)]	Loss: 0.672085
Train Epoch: 10 [19520/24148 (81%)]	Loss: 0.549565
Train Epoch: 10 [19840/24148 (82%)]	Loss: 0.775572
Train Epoch: 10 [20160/24148 (83%)]	Loss: 0.703104
Train Epoch: 10 [20480/24148 (85%)]	Loss: 0.663690
Train Epoch: 10 [20800/24148 (86%)]	Loss: 0.711700
Train Epoch: 10 [21120/24148 (87%)]	Loss: 0.763018
Train Epoch: 10 [21440/24148 (89%)]	Loss: 0.735672
Train Epoch: 10 [21760/24148 (90%)]	Loss: 0.625868
Train Epoch: 10 [22080/24148 (91%)]	Loss: 0.573590
Train Epoch: 10 [22400/24148 (93%)]	Loss: 0.827195
Train Epoch: 10 [22720/24148 (94%)]	Loss: 0.989847
Train Epoch: 10 [23040/24148 (95%)]	Loss: 0.728530
Train Epoch: 10 [23360/24148 (97%)]	Loss: 0.384773
Train Epoch: 10 [23680/24148 (98%)]	Loss: 1.009897
Train Epoch: 10 [24000/24148 (99%)]	Loss: 1.070386

Test set: Average loss: 4.0996, Accuracy: 1423/6037 (24%)

Average seconds for training 1 epoch: 325.1546191930771
Average seconds for testing: 27.0346421957016
