Logging tensorboard to ./runs/Caltech256/vit_longformer_patch_size_8_attention_window_128
Files already downloaded and verified
Total number of parameters in the model: 15104641
Train Epoch: 1 [0/24148 (0%)]	Loss: 5.631725
Train Epoch: 1 [320/24148 (1%)]	Loss: 6.307044
Train Epoch: 1 [640/24148 (3%)]	Loss: 5.870051
Train Epoch: 1 [960/24148 (4%)]	Loss: 5.537740
Train Epoch: 1 [1280/24148 (5%)]	Loss: 5.547088
Train Epoch: 1 [1600/24148 (7%)]	Loss: 5.595521
Train Epoch: 1 [1920/24148 (8%)]	Loss: 5.422970
Train Epoch: 1 [2240/24148 (9%)]	Loss: 5.683231
Train Epoch: 1 [2560/24148 (11%)]	Loss: 5.554207
Train Epoch: 1 [2880/24148 (12%)]	Loss: 5.462697
Train Epoch: 1 [3200/24148 (13%)]	Loss: 5.023424
Train Epoch: 1 [3520/24148 (15%)]	Loss: 5.259524
Train Epoch: 1 [3840/24148 (16%)]	Loss: 5.390434
Train Epoch: 1 [4160/24148 (17%)]	Loss: 5.449082
Train Epoch: 1 [4480/24148 (19%)]	Loss: 5.558081
Train Epoch: 1 [4800/24148 (20%)]	Loss: 5.191879
Train Epoch: 1 [5120/24148 (21%)]	Loss: 5.329393
Train Epoch: 1 [5440/24148 (23%)]	Loss: 5.393572
Train Epoch: 1 [5760/24148 (24%)]	Loss: 5.452340
Train Epoch: 1 [6080/24148 (25%)]	Loss: 5.398340
Train Epoch: 1 [6400/24148 (26%)]	Loss: 5.196838
Train Epoch: 1 [6720/24148 (28%)]	Loss: 5.194462
Train Epoch: 1 [7040/24148 (29%)]	Loss: 5.196122
Train Epoch: 1 [7360/24148 (30%)]	Loss: 5.275178
Train Epoch: 1 [7680/24148 (32%)]	Loss: 5.450651
Train Epoch: 1 [8000/24148 (33%)]	Loss: 5.311302
Train Epoch: 1 [8320/24148 (34%)]	Loss: 4.950863
Train Epoch: 1 [8640/24148 (36%)]	Loss: 5.428172
Train Epoch: 1 [8960/24148 (37%)]	Loss: 5.122561
Train Epoch: 1 [9280/24148 (38%)]	Loss: 5.232299
Train Epoch: 1 [9600/24148 (40%)]	Loss: 5.036397
Train Epoch: 1 [9920/24148 (41%)]	Loss: 5.455574
Train Epoch: 1 [10240/24148 (42%)]	Loss: 4.946888
Train Epoch: 1 [10560/24148 (44%)]	Loss: 4.945052
Train Epoch: 1 [10880/24148 (45%)]	Loss: 5.253264
Train Epoch: 1 [11200/24148 (46%)]	Loss: 5.213303
Train Epoch: 1 [11520/24148 (48%)]	Loss: 5.032635
Train Epoch: 1 [11840/24148 (49%)]	Loss: 4.962286
Train Epoch: 1 [12160/24148 (50%)]	Loss: 5.077864
Train Epoch: 1 [12480/24148 (52%)]	Loss: 5.170995
Train Epoch: 1 [12800/24148 (53%)]	Loss: 5.070071
Train Epoch: 1 [13120/24148 (54%)]	Loss: 5.097600
Train Epoch: 1 [13440/24148 (56%)]	Loss: 4.639432
Train Epoch: 1 [13760/24148 (57%)]	Loss: 5.396635
Train Epoch: 1 [14080/24148 (58%)]	Loss: 5.066260
Train Epoch: 1 [14400/24148 (60%)]	Loss: 5.269483
Train Epoch: 1 [14720/24148 (61%)]	Loss: 5.425431
Train Epoch: 1 [15040/24148 (62%)]	Loss: 5.327028
Train Epoch: 1 [15360/24148 (64%)]	Loss: 4.948643
Train Epoch: 1 [15680/24148 (65%)]	Loss: 5.377520
Train Epoch: 1 [16000/24148 (66%)]	Loss: 5.143424
Train Epoch: 1 [16320/24148 (68%)]	Loss: 5.126857
Train Epoch: 1 [16640/24148 (69%)]	Loss: 5.434223
Train Epoch: 1 [16960/24148 (70%)]	Loss: 5.111380
Train Epoch: 1 [17280/24148 (72%)]	Loss: 4.812060
Train Epoch: 1 [17600/24148 (73%)]	Loss: 5.272681
Train Epoch: 1 [17920/24148 (74%)]	Loss: 5.382069
Train Epoch: 1 [18240/24148 (75%)]	Loss: 5.150304
Train Epoch: 1 [18560/24148 (77%)]	Loss: 5.004658
Train Epoch: 1 [18880/24148 (78%)]	Loss: 4.826313
Train Epoch: 1 [19200/24148 (79%)]	Loss: 5.141173
Train Epoch: 1 [19520/24148 (81%)]	Loss: 5.480265
Train Epoch: 1 [19840/24148 (82%)]	Loss: 4.927612
Train Epoch: 1 [20160/24148 (83%)]	Loss: 4.821816
Train Epoch: 1 [20480/24148 (85%)]	Loss: 5.052189
Train Epoch: 1 [20800/24148 (86%)]	Loss: 4.787379
Train Epoch: 1 [21120/24148 (87%)]	Loss: 4.436208
Train Epoch: 1 [21440/24148 (89%)]	Loss: 4.870559
Train Epoch: 1 [21760/24148 (90%)]	Loss: 5.100713
Train Epoch: 1 [22080/24148 (91%)]	Loss: 5.178672
Train Epoch: 1 [22400/24148 (93%)]	Loss: 5.137104
Train Epoch: 1 [22720/24148 (94%)]	Loss: 5.270939
Train Epoch: 1 [23040/24148 (95%)]	Loss: 4.879587
Train Epoch: 1 [23360/24148 (97%)]	Loss: 4.575179
Train Epoch: 1 [23680/24148 (98%)]	Loss: 5.253506
Train Epoch: 1 [24000/24148 (99%)]	Loss: 4.941552

Test set: Average loss: 4.9365, Accuracy: 604/6037 (10%)

Train Epoch: 2 [0/24148 (0%)]	Loss: 5.081060
Train Epoch: 2 [320/24148 (1%)]	Loss: 4.803980
Train Epoch: 2 [640/24148 (3%)]	Loss: 4.610680
Train Epoch: 2 [960/24148 (4%)]	Loss: 5.088395
Train Epoch: 2 [1280/24148 (5%)]	Loss: 4.756455
Train Epoch: 2 [1600/24148 (7%)]	Loss: 4.452562
Train Epoch: 2 [1920/24148 (8%)]	Loss: 5.030066
Train Epoch: 2 [2240/24148 (9%)]	Loss: 4.767244
Train Epoch: 2 [2560/24148 (11%)]	Loss: 4.753832
Train Epoch: 2 [2880/24148 (12%)]	Loss: 4.799501
Train Epoch: 2 [3200/24148 (13%)]	Loss: 5.032980
Train Epoch: 2 [3520/24148 (15%)]	Loss: 4.902873
Train Epoch: 2 [3840/24148 (16%)]	Loss: 4.847826
Train Epoch: 2 [4160/24148 (17%)]	Loss: 5.001414
Train Epoch: 2 [4480/24148 (19%)]	Loss: 4.436082
Train Epoch: 2 [4800/24148 (20%)]	Loss: 4.350394
Train Epoch: 2 [5120/24148 (21%)]	Loss: 4.855322
Train Epoch: 2 [5440/24148 (23%)]	Loss: 4.562228
Train Epoch: 2 [5760/24148 (24%)]	Loss: 4.967261
Train Epoch: 2 [6080/24148 (25%)]	Loss: 5.430346
Train Epoch: 2 [6400/24148 (26%)]	Loss: 5.216102
Train Epoch: 2 [6720/24148 (28%)]	Loss: 4.943383
Train Epoch: 2 [7040/24148 (29%)]	Loss: 4.843540
Train Epoch: 2 [7360/24148 (30%)]	Loss: 4.702328
Train Epoch: 2 [7680/24148 (32%)]	Loss: 4.957880
Train Epoch: 2 [8000/24148 (33%)]	Loss: 5.051529
Train Epoch: 2 [8320/24148 (34%)]	Loss: 5.118843
Train Epoch: 2 [8640/24148 (36%)]	Loss: 4.829152
Train Epoch: 2 [8960/24148 (37%)]	Loss: 5.234993
Train Epoch: 2 [9280/24148 (38%)]	Loss: 4.836126
Train Epoch: 2 [9600/24148 (40%)]	Loss: 4.608753
Train Epoch: 2 [9920/24148 (41%)]	Loss: 4.998121
Train Epoch: 2 [10240/24148 (42%)]	Loss: 4.720140
Train Epoch: 2 [10560/24148 (44%)]	Loss: 4.930166
Train Epoch: 2 [10880/24148 (45%)]	Loss: 5.244578
Train Epoch: 2 [11200/24148 (46%)]	Loss: 4.460392
Train Epoch: 2 [11520/24148 (48%)]	Loss: 4.981696
Train Epoch: 2 [11840/24148 (49%)]	Loss: 5.434936
Train Epoch: 2 [12160/24148 (50%)]	Loss: 4.691574
Train Epoch: 2 [12480/24148 (52%)]	Loss: 5.088372
Train Epoch: 2 [12800/24148 (53%)]	Loss: 4.329574
Train Epoch: 2 [13120/24148 (54%)]	Loss: 4.794915
Train Epoch: 2 [13440/24148 (56%)]	Loss: 4.519709
Train Epoch: 2 [13760/24148 (57%)]	Loss: 4.847571
Train Epoch: 2 [14080/24148 (58%)]	Loss: 4.601015
Train Epoch: 2 [14400/24148 (60%)]	Loss: 4.988261
Train Epoch: 2 [14720/24148 (61%)]	Loss: 4.823355
Train Epoch: 2 [15040/24148 (62%)]	Loss: 4.837499
Train Epoch: 2 [15360/24148 (64%)]	Loss: 4.404014
Train Epoch: 2 [15680/24148 (65%)]	Loss: 4.705621
Train Epoch: 2 [16000/24148 (66%)]	Loss: 4.610453
Train Epoch: 2 [16320/24148 (68%)]	Loss: 4.876898
Train Epoch: 2 [16640/24148 (69%)]	Loss: 4.535654
Train Epoch: 2 [16960/24148 (70%)]	Loss: 4.906236
Train Epoch: 2 [17280/24148 (72%)]	Loss: 4.910309
Train Epoch: 2 [17600/24148 (73%)]	Loss: 4.848213
Train Epoch: 2 [17920/24148 (74%)]	Loss: 4.901581
Train Epoch: 2 [18240/24148 (75%)]	Loss: 5.046730
Train Epoch: 2 [18560/24148 (77%)]	Loss: 4.608245
Train Epoch: 2 [18880/24148 (78%)]	Loss: 4.811719
Train Epoch: 2 [19200/24148 (79%)]	Loss: 4.441077
Train Epoch: 2 [19520/24148 (81%)]	Loss: 4.736050
Train Epoch: 2 [19840/24148 (82%)]	Loss: 4.641297
Train Epoch: 2 [20160/24148 (83%)]	Loss: 5.196678
Train Epoch: 2 [20480/24148 (85%)]	Loss: 4.703400
Train Epoch: 2 [20800/24148 (86%)]	Loss: 4.814597
Train Epoch: 2 [21120/24148 (87%)]	Loss: 4.712298
Train Epoch: 2 [21440/24148 (89%)]	Loss: 5.054046
Train Epoch: 2 [21760/24148 (90%)]	Loss: 4.198720
Train Epoch: 2 [22080/24148 (91%)]	Loss: 4.511847
Train Epoch: 2 [22400/24148 (93%)]	Loss: 3.992238
Train Epoch: 2 [22720/24148 (94%)]	Loss: 4.464696
Train Epoch: 2 [23040/24148 (95%)]	Loss: 5.186549
Train Epoch: 2 [23360/24148 (97%)]	Loss: 4.714677
Train Epoch: 2 [23680/24148 (98%)]	Loss: 4.545142
Train Epoch: 2 [24000/24148 (99%)]	Loss: 4.610329

Test set: Average loss: 4.7827, Accuracy: 655/6037 (11%)

Train Epoch: 3 [0/24148 (0%)]	Loss: 4.408270
Train Epoch: 3 [320/24148 (1%)]	Loss: 4.395849
Train Epoch: 3 [640/24148 (3%)]	Loss: 4.279588
Train Epoch: 3 [960/24148 (4%)]	Loss: 4.333228
Train Epoch: 3 [1280/24148 (5%)]	Loss: 5.150491
Train Epoch: 3 [1600/24148 (7%)]	Loss: 4.591167
Train Epoch: 3 [1920/24148 (8%)]	Loss: 4.578684
Train Epoch: 3 [2240/24148 (9%)]	Loss: 4.796182
Train Epoch: 3 [2560/24148 (11%)]	Loss: 4.246633
Train Epoch: 3 [2880/24148 (12%)]	Loss: 4.352321
Train Epoch: 3 [3200/24148 (13%)]	Loss: 4.534729
Train Epoch: 3 [3520/24148 (15%)]	Loss: 4.441955
Train Epoch: 3 [3840/24148 (16%)]	Loss: 4.859249
Train Epoch: 3 [4160/24148 (17%)]	Loss: 4.519271
Train Epoch: 3 [4480/24148 (19%)]	Loss: 4.911828
Train Epoch: 3 [4800/24148 (20%)]	Loss: 4.846219
Train Epoch: 3 [5120/24148 (21%)]	Loss: 4.594725
Train Epoch: 3 [5440/24148 (23%)]	Loss: 4.293598
Train Epoch: 3 [5760/24148 (24%)]	Loss: 4.724566
Train Epoch: 3 [6080/24148 (25%)]	Loss: 4.917209
Train Epoch: 3 [6400/24148 (26%)]	Loss: 4.495829
Train Epoch: 3 [6720/24148 (28%)]	Loss: 4.447648
Train Epoch: 3 [7040/24148 (29%)]	Loss: 4.952351
Train Epoch: 3 [7360/24148 (30%)]	Loss: 4.587857
Train Epoch: 3 [7680/24148 (32%)]	Loss: 4.568186
Train Epoch: 3 [8000/24148 (33%)]	Loss: 4.401397
Train Epoch: 3 [8320/24148 (34%)]	Loss: 4.649324
Train Epoch: 3 [8640/24148 (36%)]	Loss: 4.500457
Train Epoch: 3 [8960/24148 (37%)]	Loss: 4.314832
Train Epoch: 3 [9280/24148 (38%)]	Loss: 3.893034
Train Epoch: 3 [9600/24148 (40%)]	Loss: 4.183763
Train Epoch: 3 [9920/24148 (41%)]	Loss: 4.696069
Train Epoch: 3 [10240/24148 (42%)]	Loss: 5.030230
Train Epoch: 3 [10560/24148 (44%)]	Loss: 4.777708
Train Epoch: 3 [10880/24148 (45%)]	Loss: 4.696959
Train Epoch: 3 [11200/24148 (46%)]	Loss: 4.072104
Train Epoch: 3 [11520/24148 (48%)]	Loss: 4.663560
Train Epoch: 3 [11840/24148 (49%)]	Loss: 4.626822
Train Epoch: 3 [12160/24148 (50%)]	Loss: 4.841296
Train Epoch: 3 [12480/24148 (52%)]	Loss: 4.488686
Train Epoch: 3 [12800/24148 (53%)]	Loss: 4.828884
Train Epoch: 3 [13120/24148 (54%)]	Loss: 4.752595
Train Epoch: 3 [13440/24148 (56%)]	Loss: 4.966398
Train Epoch: 3 [13760/24148 (57%)]	Loss: 4.745337
Train Epoch: 3 [14080/24148 (58%)]	Loss: 4.671072
Train Epoch: 3 [14400/24148 (60%)]	Loss: 4.297816
Train Epoch: 3 [14720/24148 (61%)]	Loss: 4.298847
Train Epoch: 3 [15040/24148 (62%)]	Loss: 4.726501
Train Epoch: 3 [15360/24148 (64%)]	Loss: 4.320632
Train Epoch: 3 [15680/24148 (65%)]	Loss: 4.693589
Train Epoch: 3 [16000/24148 (66%)]	Loss: 4.254985
Train Epoch: 3 [16320/24148 (68%)]	Loss: 3.946799
Train Epoch: 3 [16640/24148 (69%)]	Loss: 4.807818
Train Epoch: 3 [16960/24148 (70%)]	Loss: 4.653169
Train Epoch: 3 [17280/24148 (72%)]	Loss: 4.378422
Train Epoch: 3 [17600/24148 (73%)]	Loss: 4.544455
Train Epoch: 3 [17920/24148 (74%)]	Loss: 4.841630
Train Epoch: 3 [18240/24148 (75%)]	Loss: 4.728106
Train Epoch: 3 [18560/24148 (77%)]	Loss: 4.467988
Train Epoch: 3 [18880/24148 (78%)]	Loss: 4.539361
Train Epoch: 3 [19200/24148 (79%)]	Loss: 4.593003
Train Epoch: 3 [19520/24148 (81%)]	Loss: 4.624171
Train Epoch: 3 [19840/24148 (82%)]	Loss: 4.620480
Train Epoch: 3 [20160/24148 (83%)]	Loss: 4.255687
Train Epoch: 3 [20480/24148 (85%)]	Loss: 4.930780
Train Epoch: 3 [20800/24148 (86%)]	Loss: 4.810513
Train Epoch: 3 [21120/24148 (87%)]	Loss: 4.700394
Train Epoch: 3 [21440/24148 (89%)]	Loss: 4.692297
Train Epoch: 3 [21760/24148 (90%)]	Loss: 4.514736
Train Epoch: 3 [22080/24148 (91%)]	Loss: 4.921212
Train Epoch: 3 [22400/24148 (93%)]	Loss: 4.226940
Train Epoch: 3 [22720/24148 (94%)]	Loss: 4.348865
Train Epoch: 3 [23040/24148 (95%)]	Loss: 4.079478
Train Epoch: 3 [23360/24148 (97%)]	Loss: 4.235776
Train Epoch: 3 [23680/24148 (98%)]	Loss: 4.627830
Train Epoch: 3 [24000/24148 (99%)]	Loss: 4.777915

Test set: Average loss: 4.5685, Accuracy: 824/6037 (14%)

Train Epoch: 4 [0/24148 (0%)]	Loss: 4.118909
Train Epoch: 4 [320/24148 (1%)]	Loss: 4.367171
Train Epoch: 4 [640/24148 (3%)]	Loss: 4.608163
Train Epoch: 4 [960/24148 (4%)]	Loss: 4.578042
Train Epoch: 4 [1280/24148 (5%)]	Loss: 3.991740
Train Epoch: 4 [1600/24148 (7%)]	Loss: 3.992769
Train Epoch: 4 [1920/24148 (8%)]	Loss: 4.445835
Train Epoch: 4 [2240/24148 (9%)]	Loss: 4.592624
Train Epoch: 4 [2560/24148 (11%)]	Loss: 4.564898
Train Epoch: 4 [2880/24148 (12%)]	Loss: 4.660927
Train Epoch: 4 [3200/24148 (13%)]	Loss: 4.574258
Train Epoch: 4 [3520/24148 (15%)]	Loss: 4.991377
Train Epoch: 4 [3840/24148 (16%)]	Loss: 4.645329
Train Epoch: 4 [4160/24148 (17%)]	Loss: 4.000695
Train Epoch: 4 [4480/24148 (19%)]	Loss: 4.551606
Train Epoch: 4 [4800/24148 (20%)]	Loss: 3.347148
Train Epoch: 4 [5120/24148 (21%)]	Loss: 4.782605
Train Epoch: 4 [5440/24148 (23%)]	Loss: 4.769202
Train Epoch: 4 [5760/24148 (24%)]	Loss: 4.612977
Train Epoch: 4 [6080/24148 (25%)]	Loss: 4.351463
Train Epoch: 4 [6400/24148 (26%)]	Loss: 4.062865
Train Epoch: 4 [6720/24148 (28%)]	Loss: 4.745025
Train Epoch: 4 [7040/24148 (29%)]	Loss: 4.884040
Train Epoch: 4 [7360/24148 (30%)]	Loss: 4.847005
Train Epoch: 4 [7680/24148 (32%)]	Loss: 4.213719
Train Epoch: 4 [8000/24148 (33%)]	Loss: 4.428679
Train Epoch: 4 [8320/24148 (34%)]	Loss: 4.214638
Train Epoch: 4 [8640/24148 (36%)]	Loss: 4.664536
Train Epoch: 4 [8960/24148 (37%)]	Loss: 4.338908
Train Epoch: 4 [9280/24148 (38%)]	Loss: 4.271121
Train Epoch: 4 [9600/24148 (40%)]	Loss: 3.585628
Train Epoch: 4 [9920/24148 (41%)]	Loss: 4.051913
Train Epoch: 4 [10240/24148 (42%)]	Loss: 4.450037
Train Epoch: 4 [10560/24148 (44%)]	Loss: 4.151950
Train Epoch: 4 [10880/24148 (45%)]	Loss: 4.940545
Train Epoch: 4 [11200/24148 (46%)]	Loss: 4.321689
Train Epoch: 4 [11520/24148 (48%)]	Loss: 4.183167
Train Epoch: 4 [11840/24148 (49%)]	Loss: 4.279913
Train Epoch: 4 [12160/24148 (50%)]	Loss: 4.277748
Train Epoch: 4 [12480/24148 (52%)]	Loss: 4.707106
Train Epoch: 4 [12800/24148 (53%)]	Loss: 4.630574
Train Epoch: 4 [13120/24148 (54%)]	Loss: 4.060836
Train Epoch: 4 [13440/24148 (56%)]	Loss: 4.416212
Train Epoch: 4 [13760/24148 (57%)]	Loss: 4.609556
Train Epoch: 4 [14080/24148 (58%)]	Loss: 3.474736
Train Epoch: 4 [14400/24148 (60%)]	Loss: 4.368742
Train Epoch: 4 [14720/24148 (61%)]	Loss: 4.239120
Train Epoch: 4 [15040/24148 (62%)]	Loss: 4.754299
Train Epoch: 4 [15360/24148 (64%)]	Loss: 4.365868
Train Epoch: 4 [15680/24148 (65%)]	Loss: 4.634407
Train Epoch: 4 [16000/24148 (66%)]	Loss: 4.293678
Train Epoch: 4 [16320/24148 (68%)]	Loss: 4.568620
Train Epoch: 4 [16640/24148 (69%)]	Loss: 4.062033
Train Epoch: 4 [16960/24148 (70%)]	Loss: 4.089224
Train Epoch: 4 [17280/24148 (72%)]	Loss: 4.308987
Train Epoch: 4 [17600/24148 (73%)]	Loss: 4.236991
Train Epoch: 4 [17920/24148 (74%)]	Loss: 4.050976
Train Epoch: 4 [18240/24148 (75%)]	Loss: 4.456064
Train Epoch: 4 [18560/24148 (77%)]	Loss: 4.507828
Train Epoch: 4 [18880/24148 (78%)]	Loss: 4.055829
Train Epoch: 4 [19200/24148 (79%)]	Loss: 3.971180
Train Epoch: 4 [19520/24148 (81%)]	Loss: 4.834661
Train Epoch: 4 [19840/24148 (82%)]	Loss: 4.515005
Train Epoch: 4 [20160/24148 (83%)]	Loss: 4.088883
Train Epoch: 4 [20480/24148 (85%)]	Loss: 4.272761
Train Epoch: 4 [20800/24148 (86%)]	Loss: 4.389504
Train Epoch: 4 [21120/24148 (87%)]	Loss: 4.439072
Train Epoch: 4 [21440/24148 (89%)]	Loss: 4.193693
Train Epoch: 4 [21760/24148 (90%)]	Loss: 4.313488
Train Epoch: 4 [22080/24148 (91%)]	Loss: 4.678216
Train Epoch: 4 [22400/24148 (93%)]	Loss: 4.350096
Train Epoch: 4 [22720/24148 (94%)]	Loss: 4.020535
Train Epoch: 4 [23040/24148 (95%)]	Loss: 4.522364
Train Epoch: 4 [23360/24148 (97%)]	Loss: 4.667843
Train Epoch: 4 [23680/24148 (98%)]	Loss: 4.398171
Train Epoch: 4 [24000/24148 (99%)]	Loss: 4.490530

Test set: Average loss: 4.3818, Accuracy: 939/6037 (16%)

Train Epoch: 5 [0/24148 (0%)]	Loss: 4.453933
Train Epoch: 5 [320/24148 (1%)]	Loss: 4.296805
Train Epoch: 5 [640/24148 (3%)]	Loss: 3.932100
Train Epoch: 5 [960/24148 (4%)]	Loss: 3.953559
Train Epoch: 5 [1280/24148 (5%)]	Loss: 4.010122
Train Epoch: 5 [1600/24148 (7%)]	Loss: 4.177771
Train Epoch: 5 [1920/24148 (8%)]	Loss: 4.489762
Train Epoch: 5 [2240/24148 (9%)]	Loss: 3.788917
Train Epoch: 5 [2560/24148 (11%)]	Loss: 4.271239
Train Epoch: 5 [2880/24148 (12%)]	Loss: 4.354151
Train Epoch: 5 [3200/24148 (13%)]	Loss: 3.706002
Train Epoch: 5 [3520/24148 (15%)]	Loss: 4.242518
Train Epoch: 5 [3840/24148 (16%)]	Loss: 3.790690
Train Epoch: 5 [4160/24148 (17%)]	Loss: 4.532234
Train Epoch: 5 [4480/24148 (19%)]	Loss: 3.702649
Train Epoch: 5 [4800/24148 (20%)]	Loss: 4.264037
Train Epoch: 5 [5120/24148 (21%)]	Loss: 4.361245
Train Epoch: 5 [5440/24148 (23%)]	Loss: 4.075316
Train Epoch: 5 [5760/24148 (24%)]	Loss: 4.552701
Train Epoch: 5 [6080/24148 (25%)]	Loss: 4.157506
Train Epoch: 5 [6400/24148 (26%)]	Loss: 3.055070
Train Epoch: 5 [6720/24148 (28%)]	Loss: 4.324191
Train Epoch: 5 [7040/24148 (29%)]	Loss: 3.893162
Train Epoch: 5 [7360/24148 (30%)]	Loss: 4.514327
Train Epoch: 5 [7680/24148 (32%)]	Loss: 4.006279
Train Epoch: 5 [8000/24148 (33%)]	Loss: 4.095704
Train Epoch: 5 [8320/24148 (34%)]	Loss: 3.774965
Train Epoch: 5 [8640/24148 (36%)]	Loss: 4.141345
Train Epoch: 5 [8960/24148 (37%)]	Loss: 3.621426
Train Epoch: 5 [9280/24148 (38%)]	Loss: 4.285470
Train Epoch: 5 [9600/24148 (40%)]	Loss: 4.393461
Train Epoch: 5 [9920/24148 (41%)]	Loss: 4.643092
Train Epoch: 5 [10240/24148 (42%)]	Loss: 4.207064
Train Epoch: 5 [10560/24148 (44%)]	Loss: 4.761967
Train Epoch: 5 [10880/24148 (45%)]	Loss: 4.495578
Train Epoch: 5 [11200/24148 (46%)]	Loss: 4.099349
Train Epoch: 5 [11520/24148 (48%)]	Loss: 4.134807
Train Epoch: 5 [11840/24148 (49%)]	Loss: 3.610765
Train Epoch: 5 [12160/24148 (50%)]	Loss: 4.004827
Train Epoch: 5 [12480/24148 (52%)]	Loss: 3.218685
Train Epoch: 5 [12800/24148 (53%)]	Loss: 4.479067
Train Epoch: 5 [13120/24148 (54%)]	Loss: 4.070772
Train Epoch: 5 [13440/24148 (56%)]	Loss: 4.488774
Train Epoch: 5 [13760/24148 (57%)]	Loss: 3.765536
Train Epoch: 5 [14080/24148 (58%)]	Loss: 4.140564
Train Epoch: 5 [14400/24148 (60%)]	Loss: 4.021822
Train Epoch: 5 [14720/24148 (61%)]	Loss: 4.021554
Train Epoch: 5 [15040/24148 (62%)]	Loss: 4.172945
Train Epoch: 5 [15360/24148 (64%)]	Loss: 4.211269
Train Epoch: 5 [15680/24148 (65%)]	Loss: 3.773546
Train Epoch: 5 [16000/24148 (66%)]	Loss: 3.913516
Train Epoch: 5 [16320/24148 (68%)]	Loss: 3.947991
Train Epoch: 5 [16640/24148 (69%)]	Loss: 4.091602
Train Epoch: 5 [16960/24148 (70%)]	Loss: 3.961031
Train Epoch: 5 [17280/24148 (72%)]	Loss: 3.914394
Train Epoch: 5 [17600/24148 (73%)]	Loss: 4.540242
Train Epoch: 5 [17920/24148 (74%)]	Loss: 4.209880
Train Epoch: 5 [18240/24148 (75%)]	Loss: 4.549975
Train Epoch: 5 [18560/24148 (77%)]	Loss: 3.331958
Train Epoch: 5 [18880/24148 (78%)]	Loss: 3.576199
Train Epoch: 5 [19200/24148 (79%)]	Loss: 3.932008
Train Epoch: 5 [19520/24148 (81%)]	Loss: 3.601921
Train Epoch: 5 [19840/24148 (82%)]	Loss: 3.897097
Train Epoch: 5 [20160/24148 (83%)]	Loss: 4.507271
Train Epoch: 5 [20480/24148 (85%)]	Loss: 4.243273
Train Epoch: 5 [20800/24148 (86%)]	Loss: 3.950138
Train Epoch: 5 [21120/24148 (87%)]	Loss: 3.389307
Train Epoch: 5 [21440/24148 (89%)]	Loss: 3.758932
Train Epoch: 5 [21760/24148 (90%)]	Loss: 4.446564
Train Epoch: 5 [22080/24148 (91%)]	Loss: 3.965395
Train Epoch: 5 [22400/24148 (93%)]	Loss: 4.439321
Train Epoch: 5 [22720/24148 (94%)]	Loss: 3.573377
Train Epoch: 5 [23040/24148 (95%)]	Loss: 3.985870
Train Epoch: 5 [23360/24148 (97%)]	Loss: 3.806739
Train Epoch: 5 [23680/24148 (98%)]	Loss: 4.189314
Train Epoch: 5 [24000/24148 (99%)]	Loss: 3.630475

Test set: Average loss: 4.1399, Accuracy: 1142/6037 (19%)

Train Epoch: 6 [0/24148 (0%)]	Loss: 3.801136
Train Epoch: 6 [320/24148 (1%)]	Loss: 2.766884
Train Epoch: 6 [640/24148 (3%)]	Loss: 3.692453
Train Epoch: 6 [960/24148 (4%)]	Loss: 4.332993
Train Epoch: 6 [1280/24148 (5%)]	Loss: 3.877378
Train Epoch: 6 [1600/24148 (7%)]	Loss: 3.775065
Train Epoch: 6 [1920/24148 (8%)]	Loss: 4.361177
Train Epoch: 6 [2240/24148 (9%)]	Loss: 3.952183
Train Epoch: 6 [2560/24148 (11%)]	Loss: 4.388068
Train Epoch: 6 [2880/24148 (12%)]	Loss: 3.994909
Train Epoch: 6 [3200/24148 (13%)]	Loss: 3.935524
Train Epoch: 6 [3520/24148 (15%)]	Loss: 4.234861
Train Epoch: 6 [3840/24148 (16%)]	Loss: 3.439464
Train Epoch: 6 [4160/24148 (17%)]	Loss: 4.063127
Train Epoch: 6 [4480/24148 (19%)]	Loss: 3.932220
Train Epoch: 6 [4800/24148 (20%)]	Loss: 3.941250
Train Epoch: 6 [5120/24148 (21%)]	Loss: 3.880758
Train Epoch: 6 [5440/24148 (23%)]	Loss: 4.373418
Train Epoch: 6 [5760/24148 (24%)]	Loss: 3.832702
Train Epoch: 6 [6080/24148 (25%)]	Loss: 3.869003
Train Epoch: 6 [6400/24148 (26%)]	Loss: 4.311165
Train Epoch: 6 [6720/24148 (28%)]	Loss: 3.633744
Train Epoch: 6 [7040/24148 (29%)]	Loss: 3.465616
Train Epoch: 6 [7360/24148 (30%)]	Loss: 4.418259
Train Epoch: 6 [7680/24148 (32%)]	Loss: 4.302429
Train Epoch: 6 [8000/24148 (33%)]	Loss: 3.517877
Train Epoch: 6 [8320/24148 (34%)]	Loss: 4.643616
Train Epoch: 6 [8640/24148 (36%)]	Loss: 4.060362
Train Epoch: 6 [8960/24148 (37%)]	Loss: 4.087135
Train Epoch: 6 [9280/24148 (38%)]	Loss: 4.444063
Train Epoch: 6 [9600/24148 (40%)]	Loss: 4.124842
Train Epoch: 6 [9920/24148 (41%)]	Loss: 3.984156
Train Epoch: 6 [10240/24148 (42%)]	Loss: 4.639456
Train Epoch: 6 [10560/24148 (44%)]	Loss: 3.901373
Train Epoch: 6 [10880/24148 (45%)]	Loss: 3.943373
Train Epoch: 6 [11200/24148 (46%)]	Loss: 3.346906
Train Epoch: 6 [11520/24148 (48%)]	Loss: 3.620596
Train Epoch: 6 [11840/24148 (49%)]	Loss: 3.874019
Train Epoch: 6 [12160/24148 (50%)]	Loss: 3.868680
Train Epoch: 6 [12480/24148 (52%)]	Loss: 3.599039
Train Epoch: 6 [12800/24148 (53%)]	Loss: 3.692612
Train Epoch: 6 [13120/24148 (54%)]	Loss: 3.954044
Train Epoch: 6 [13440/24148 (56%)]	Loss: 3.871809
Train Epoch: 6 [13760/24148 (57%)]	Loss: 3.775394
Train Epoch: 6 [14080/24148 (58%)]	Loss: 4.631927
Train Epoch: 6 [14400/24148 (60%)]	Loss: 3.584330
Train Epoch: 6 [14720/24148 (61%)]	Loss: 3.795750
Train Epoch: 6 [15040/24148 (62%)]	Loss: 3.997732
Train Epoch: 6 [15360/24148 (64%)]	Loss: 4.170797
Train Epoch: 6 [15680/24148 (65%)]	Loss: 3.438091
Train Epoch: 6 [16000/24148 (66%)]	Loss: 3.986176
Train Epoch: 6 [16320/24148 (68%)]	Loss: 4.083156
Train Epoch: 6 [16640/24148 (69%)]	Loss: 3.522378
Train Epoch: 6 [16960/24148 (70%)]	Loss: 3.921315
Train Epoch: 6 [17280/24148 (72%)]	Loss: 4.000307
Train Epoch: 6 [17600/24148 (73%)]	Loss: 3.874119
Train Epoch: 6 [17920/24148 (74%)]	Loss: 3.877514
Train Epoch: 6 [18240/24148 (75%)]	Loss: 3.736199
Train Epoch: 6 [18560/24148 (77%)]	Loss: 3.768788
Train Epoch: 6 [18880/24148 (78%)]	Loss: 3.818303
Train Epoch: 6 [19200/24148 (79%)]	Loss: 4.286281
Train Epoch: 6 [19520/24148 (81%)]	Loss: 4.068206
Train Epoch: 6 [19840/24148 (82%)]	Loss: 3.824540
Train Epoch: 6 [20160/24148 (83%)]	Loss: 4.070977
Train Epoch: 6 [20480/24148 (85%)]	Loss: 4.067858
Train Epoch: 6 [20800/24148 (86%)]	Loss: 3.787781
Train Epoch: 6 [21120/24148 (87%)]	Loss: 3.542318
Train Epoch: 6 [21440/24148 (89%)]	Loss: 3.414708
Train Epoch: 6 [21760/24148 (90%)]	Loss: 4.019385
Train Epoch: 6 [22080/24148 (91%)]	Loss: 3.779539
Train Epoch: 6 [22400/24148 (93%)]	Loss: 3.361675
Train Epoch: 6 [22720/24148 (94%)]	Loss: 4.104250
Train Epoch: 6 [23040/24148 (95%)]	Loss: 3.733152
Train Epoch: 6 [23360/24148 (97%)]	Loss: 3.941089
Train Epoch: 6 [23680/24148 (98%)]	Loss: 3.925348
Train Epoch: 6 [24000/24148 (99%)]	Loss: 3.838839

Test set: Average loss: 3.9826, Accuracy: 1247/6037 (21%)

Train Epoch: 7 [0/24148 (0%)]	Loss: 3.985837
Train Epoch: 7 [320/24148 (1%)]	Loss: 3.539556
Train Epoch: 7 [640/24148 (3%)]	Loss: 3.609646
Train Epoch: 7 [960/24148 (4%)]	Loss: 3.381225
Train Epoch: 7 [1280/24148 (5%)]	Loss: 3.400571
Train Epoch: 7 [1600/24148 (7%)]	Loss: 3.634499
Train Epoch: 7 [1920/24148 (8%)]	Loss: 3.733328
Train Epoch: 7 [2240/24148 (9%)]	Loss: 3.923469
Train Epoch: 7 [2560/24148 (11%)]	Loss: 3.553819
Train Epoch: 7 [2880/24148 (12%)]	Loss: 3.839608
Train Epoch: 7 [3200/24148 (13%)]	Loss: 3.052871
Train Epoch: 7 [3520/24148 (15%)]	Loss: 3.768798
Train Epoch: 7 [3840/24148 (16%)]	Loss: 3.347082
Train Epoch: 7 [4160/24148 (17%)]	Loss: 3.690140
Train Epoch: 7 [4480/24148 (19%)]	Loss: 4.154904
Train Epoch: 7 [4800/24148 (20%)]	Loss: 3.640885
Train Epoch: 7 [5120/24148 (21%)]	Loss: 3.902052
Train Epoch: 7 [5440/24148 (23%)]	Loss: 3.474474
Train Epoch: 7 [5760/24148 (24%)]	Loss: 4.186113
Train Epoch: 7 [6080/24148 (25%)]	Loss: 3.626845
Train Epoch: 7 [6400/24148 (26%)]	Loss: 4.167126
Train Epoch: 7 [6720/24148 (28%)]	Loss: 3.775179
Train Epoch: 7 [7040/24148 (29%)]	Loss: 3.359939
Train Epoch: 7 [7360/24148 (30%)]	Loss: 4.114175
Train Epoch: 7 [7680/24148 (32%)]	Loss: 3.784911
Train Epoch: 7 [8000/24148 (33%)]	Loss: 3.746479
Train Epoch: 7 [8320/24148 (34%)]	Loss: 3.785100
Train Epoch: 7 [8640/24148 (36%)]	Loss: 3.889072
Train Epoch: 7 [8960/24148 (37%)]	Loss: 3.328422
Train Epoch: 7 [9280/24148 (38%)]	Loss: 4.052622
Train Epoch: 7 [9600/24148 (40%)]	Loss: 3.549662
Train Epoch: 7 [9920/24148 (41%)]	Loss: 3.767874
Train Epoch: 7 [10240/24148 (42%)]	Loss: 3.974981
Train Epoch: 7 [10560/24148 (44%)]	Loss: 3.695719
Train Epoch: 7 [10880/24148 (45%)]	Loss: 3.188804
Train Epoch: 7 [11200/24148 (46%)]	Loss: 3.887884
Train Epoch: 7 [11520/24148 (48%)]	Loss: 3.797763
Train Epoch: 7 [11840/24148 (49%)]	Loss: 4.289328
Train Epoch: 7 [12160/24148 (50%)]	Loss: 4.008880
Train Epoch: 7 [12480/24148 (52%)]	Loss: 3.628300
Train Epoch: 7 [12800/24148 (53%)]	Loss: 3.830205
Train Epoch: 7 [13120/24148 (54%)]	Loss: 4.310239
Train Epoch: 7 [13440/24148 (56%)]	Loss: 3.190422
Train Epoch: 7 [13760/24148 (57%)]	Loss: 3.395995
Train Epoch: 7 [14080/24148 (58%)]	Loss: 3.555581
Train Epoch: 7 [14400/24148 (60%)]	Loss: 3.695252
Train Epoch: 7 [14720/24148 (61%)]	Loss: 3.474461
Train Epoch: 7 [15040/24148 (62%)]	Loss: 3.960055
Train Epoch: 7 [15360/24148 (64%)]	Loss: 3.819173
Train Epoch: 7 [15680/24148 (65%)]	Loss: 3.995708
Train Epoch: 7 [16000/24148 (66%)]	Loss: 3.924297
Train Epoch: 7 [16320/24148 (68%)]	Loss: 4.330655
Train Epoch: 7 [16640/24148 (69%)]	Loss: 3.293891
Train Epoch: 7 [16960/24148 (70%)]	Loss: 3.654439
Train Epoch: 7 [17280/24148 (72%)]	Loss: 4.211070
Train Epoch: 7 [17600/24148 (73%)]	Loss: 3.874141
Train Epoch: 7 [17920/24148 (74%)]	Loss: 3.737167
Train Epoch: 7 [18240/24148 (75%)]	Loss: 4.188488
Train Epoch: 7 [18560/24148 (77%)]	Loss: 4.168807
Train Epoch: 7 [18880/24148 (78%)]	Loss: 3.835430
Train Epoch: 7 [19200/24148 (79%)]	Loss: 3.921455
Train Epoch: 7 [19520/24148 (81%)]	Loss: 3.689765
Train Epoch: 7 [19840/24148 (82%)]	Loss: 3.576382
Train Epoch: 7 [20160/24148 (83%)]	Loss: 3.776327
Train Epoch: 7 [20480/24148 (85%)]	Loss: 3.329453
Train Epoch: 7 [20800/24148 (86%)]	Loss: 4.047828
Train Epoch: 7 [21120/24148 (87%)]	Loss: 3.834002
Train Epoch: 7 [21440/24148 (89%)]	Loss: 3.934080
Train Epoch: 7 [21760/24148 (90%)]	Loss: 4.147317
Train Epoch: 7 [22080/24148 (91%)]	Loss: 4.164502
Train Epoch: 7 [22400/24148 (93%)]	Loss: 3.775610
Train Epoch: 7 [22720/24148 (94%)]	Loss: 3.491386
Train Epoch: 7 [23040/24148 (95%)]	Loss: 3.358317
Train Epoch: 7 [23360/24148 (97%)]	Loss: 3.849296
Train Epoch: 7 [23680/24148 (98%)]	Loss: 3.427946
Train Epoch: 7 [24000/24148 (99%)]	Loss: 4.355709

Test set: Average loss: 3.9280, Accuracy: 1308/6037 (22%)

Train Epoch: 8 [0/24148 (0%)]	Loss: 3.488616
Train Epoch: 8 [320/24148 (1%)]	Loss: 4.015765
Train Epoch: 8 [640/24148 (3%)]	Loss: 3.415806
Train Epoch: 8 [960/24148 (4%)]	Loss: 3.387607
Train Epoch: 8 [1280/24148 (5%)]	Loss: 3.147893
Train Epoch: 8 [1600/24148 (7%)]	Loss: 3.318439
Train Epoch: 8 [1920/24148 (8%)]	Loss: 3.915606
Train Epoch: 8 [2240/24148 (9%)]	Loss: 3.697514
Train Epoch: 8 [2560/24148 (11%)]	Loss: 3.963889
Train Epoch: 8 [2880/24148 (12%)]	Loss: 3.290359
Train Epoch: 8 [3200/24148 (13%)]	Loss: 3.414939
Train Epoch: 8 [3520/24148 (15%)]	Loss: 3.766173
Train Epoch: 8 [3840/24148 (16%)]	Loss: 3.422384
Train Epoch: 8 [4160/24148 (17%)]	Loss: 3.584037
Train Epoch: 8 [4480/24148 (19%)]	Loss: 3.899716
Train Epoch: 8 [4800/24148 (20%)]	Loss: 3.481006
Train Epoch: 8 [5120/24148 (21%)]	Loss: 3.549755
Train Epoch: 8 [5440/24148 (23%)]	Loss: 3.660039
Train Epoch: 8 [5760/24148 (24%)]	Loss: 3.819406
Train Epoch: 8 [6080/24148 (25%)]	Loss: 3.481970
Train Epoch: 8 [6400/24148 (26%)]	Loss: 3.870703
Train Epoch: 8 [6720/24148 (28%)]	Loss: 3.753221
Train Epoch: 8 [7040/24148 (29%)]	Loss: 3.638373
Train Epoch: 8 [7360/24148 (30%)]	Loss: 3.632871
Train Epoch: 8 [7680/24148 (32%)]	Loss: 3.604469
Train Epoch: 8 [8000/24148 (33%)]	Loss: 3.238203
Train Epoch: 8 [8320/24148 (34%)]	Loss: 3.480467
Train Epoch: 8 [8640/24148 (36%)]	Loss: 3.630470
Train Epoch: 8 [8960/24148 (37%)]	Loss: 3.244871
Train Epoch: 8 [9280/24148 (38%)]	Loss: 3.664493
Train Epoch: 8 [9600/24148 (40%)]	Loss: 3.269501
Train Epoch: 8 [9920/24148 (41%)]	Loss: 3.633969
Train Epoch: 8 [10240/24148 (42%)]	Loss: 3.824285
Train Epoch: 8 [10560/24148 (44%)]	Loss: 3.735282
Train Epoch: 8 [10880/24148 (45%)]	Loss: 3.707920
Train Epoch: 8 [11200/24148 (46%)]	Loss: 3.172068
Train Epoch: 8 [11520/24148 (48%)]	Loss: 3.811869
Train Epoch: 8 [11840/24148 (49%)]	Loss: 3.137418
Train Epoch: 8 [12160/24148 (50%)]	Loss: 3.781919
Train Epoch: 8 [12480/24148 (52%)]	Loss: 3.670258
Train Epoch: 8 [12800/24148 (53%)]	Loss: 3.839377
Train Epoch: 8 [13120/24148 (54%)]	Loss: 3.786891
Train Epoch: 8 [13440/24148 (56%)]	Loss: 3.649771
Train Epoch: 8 [13760/24148 (57%)]	Loss: 3.580160
Train Epoch: 8 [14080/24148 (58%)]	Loss: 3.615442
Train Epoch: 8 [14400/24148 (60%)]	Loss: 3.537570
Train Epoch: 8 [14720/24148 (61%)]	Loss: 3.615814
Train Epoch: 8 [15040/24148 (62%)]	Loss: 3.699764
Train Epoch: 8 [15360/24148 (64%)]	Loss: 3.627112
Train Epoch: 8 [15680/24148 (65%)]	Loss: 3.248316
Train Epoch: 8 [16000/24148 (66%)]	Loss: 3.406599
Train Epoch: 8 [16320/24148 (68%)]	Loss: 3.547559
Train Epoch: 8 [16640/24148 (69%)]	Loss: 4.129040
Train Epoch: 8 [16960/24148 (70%)]	Loss: 3.668767
Train Epoch: 8 [17280/24148 (72%)]	Loss: 3.614006
Train Epoch: 8 [17600/24148 (73%)]	Loss: 3.459190
Train Epoch: 8 [17920/24148 (74%)]	Loss: 2.994197
Train Epoch: 8 [18240/24148 (75%)]	Loss: 3.256028
Train Epoch: 8 [18560/24148 (77%)]	Loss: 3.801556
Train Epoch: 8 [18880/24148 (78%)]	Loss: 4.108547
Train Epoch: 8 [19200/24148 (79%)]	Loss: 3.929774
Train Epoch: 8 [19520/24148 (81%)]	Loss: 3.853319
Train Epoch: 8 [19840/24148 (82%)]	Loss: 3.512347
Train Epoch: 8 [20160/24148 (83%)]	Loss: 3.649215
Train Epoch: 8 [20480/24148 (85%)]	Loss: 3.629155
Train Epoch: 8 [20800/24148 (86%)]	Loss: 3.787890
Train Epoch: 8 [21120/24148 (87%)]	Loss: 3.481452
Train Epoch: 8 [21440/24148 (89%)]	Loss: 3.195961
Train Epoch: 8 [21760/24148 (90%)]	Loss: 3.880012
Train Epoch: 8 [22080/24148 (91%)]	Loss: 3.602728
Train Epoch: 8 [22400/24148 (93%)]	Loss: 3.813009
Train Epoch: 8 [22720/24148 (94%)]	Loss: 3.829191
Train Epoch: 8 [23040/24148 (95%)]	Loss: 3.157123
Train Epoch: 8 [23360/24148 (97%)]	Loss: 3.942713
Train Epoch: 8 [23680/24148 (98%)]	Loss: 3.520216
Train Epoch: 8 [24000/24148 (99%)]	Loss: 3.970309

Test set: Average loss: 3.8284, Accuracy: 1394/6037 (23%)

Train Epoch: 9 [0/24148 (0%)]	Loss: 3.180386
Train Epoch: 9 [320/24148 (1%)]	Loss: 4.000025
Train Epoch: 9 [640/24148 (3%)]	Loss: 3.899206
Train Epoch: 9 [960/24148 (4%)]	Loss: 3.662942
Train Epoch: 9 [1280/24148 (5%)]	Loss: 3.443161
Train Epoch: 9 [1600/24148 (7%)]	Loss: 3.423170
Train Epoch: 9 [1920/24148 (8%)]	Loss: 3.714211
Train Epoch: 9 [2240/24148 (9%)]	Loss: 3.539159
Train Epoch: 9 [2560/24148 (11%)]	Loss: 4.045195
Train Epoch: 9 [2880/24148 (12%)]	Loss: 3.012643
Train Epoch: 9 [3200/24148 (13%)]	Loss: 3.206774
Train Epoch: 9 [3520/24148 (15%)]	Loss: 3.346894
Train Epoch: 9 [3840/24148 (16%)]	Loss: 3.103197
Train Epoch: 9 [4160/24148 (17%)]	Loss: 3.510953
Train Epoch: 9 [4480/24148 (19%)]	Loss: 3.455117
Train Epoch: 9 [4800/24148 (20%)]	Loss: 3.443543
Train Epoch: 9 [5120/24148 (21%)]	Loss: 4.157924
Train Epoch: 9 [5440/24148 (23%)]	Loss: 4.069262
Train Epoch: 9 [5760/24148 (24%)]	Loss: 3.326921
Train Epoch: 9 [6080/24148 (25%)]	Loss: 3.741663
Train Epoch: 9 [6400/24148 (26%)]	Loss: 3.988160
Train Epoch: 9 [6720/24148 (28%)]	Loss: 3.366389
Train Epoch: 9 [7040/24148 (29%)]	Loss: 3.132977
Train Epoch: 9 [7360/24148 (30%)]	Loss: 3.215870
Train Epoch: 9 [7680/24148 (32%)]	Loss: 3.291530
Train Epoch: 9 [8000/24148 (33%)]	Loss: 2.915910
Train Epoch: 9 [8320/24148 (34%)]	Loss: 3.853970
Train Epoch: 9 [8640/24148 (36%)]	Loss: 3.450113
Train Epoch: 9 [8960/24148 (37%)]	Loss: 3.635164
Train Epoch: 9 [9280/24148 (38%)]	Loss: 3.676355
Train Epoch: 9 [9600/24148 (40%)]	Loss: 3.784049
Train Epoch: 9 [9920/24148 (41%)]	Loss: 3.374719
Train Epoch: 9 [10240/24148 (42%)]	Loss: 3.180404
Train Epoch: 9 [10560/24148 (44%)]	Loss: 3.326535
Train Epoch: 9 [10880/24148 (45%)]	Loss: 3.675771
Train Epoch: 9 [11200/24148 (46%)]	Loss: 3.403682
Train Epoch: 9 [11520/24148 (48%)]	Loss: 3.860310
Train Epoch: 9 [11840/24148 (49%)]	Loss: 4.000826
Train Epoch: 9 [12160/24148 (50%)]	Loss: 3.267310
Train Epoch: 9 [12480/24148 (52%)]	Loss: 3.020208
Train Epoch: 9 [12800/24148 (53%)]	Loss: 3.360793
Train Epoch: 9 [13120/24148 (54%)]	Loss: 2.776762
Train Epoch: 9 [13440/24148 (56%)]	Loss: 3.292935
Train Epoch: 9 [13760/24148 (57%)]	Loss: 3.373859
Train Epoch: 9 [14080/24148 (58%)]	Loss: 3.519624
Train Epoch: 9 [14400/24148 (60%)]	Loss: 3.681901
Train Epoch: 9 [14720/24148 (61%)]	Loss: 3.326939
Train Epoch: 9 [15040/24148 (62%)]	Loss: 3.576519
Train Epoch: 9 [15360/24148 (64%)]	Loss: 3.437433
Train Epoch: 9 [15680/24148 (65%)]	Loss: 3.436545
Train Epoch: 9 [16000/24148 (66%)]	Loss: 3.266796
Train Epoch: 9 [16320/24148 (68%)]	Loss: 3.407475
Train Epoch: 9 [16640/24148 (69%)]	Loss: 3.468336
Train Epoch: 9 [16960/24148 (70%)]	Loss: 3.237116
Train Epoch: 9 [17280/24148 (72%)]	Loss: 3.861095
Train Epoch: 9 [17600/24148 (73%)]	Loss: 3.446600
Train Epoch: 9 [17920/24148 (74%)]	Loss: 3.739479
Train Epoch: 9 [18240/24148 (75%)]	Loss: 3.706134
Train Epoch: 9 [18560/24148 (77%)]	Loss: 3.503325
Train Epoch: 9 [18880/24148 (78%)]	Loss: 3.497771
Train Epoch: 9 [19200/24148 (79%)]	Loss: 3.341731
Train Epoch: 9 [19520/24148 (81%)]	Loss: 3.882902
Train Epoch: 9 [19840/24148 (82%)]	Loss: 3.875296
Train Epoch: 9 [20160/24148 (83%)]	Loss: 3.612758
Train Epoch: 9 [20480/24148 (85%)]	Loss: 3.276257
Train Epoch: 9 [20800/24148 (86%)]	Loss: 3.486018
Train Epoch: 9 [21120/24148 (87%)]	Loss: 3.232048
Train Epoch: 9 [21440/24148 (89%)]	Loss: 3.717558
Train Epoch: 9 [21760/24148 (90%)]	Loss: 3.517819
Train Epoch: 9 [22080/24148 (91%)]	Loss: 3.681403
Train Epoch: 9 [22400/24148 (93%)]	Loss: 4.094806
Train Epoch: 9 [22720/24148 (94%)]	Loss: 3.426342
Train Epoch: 9 [23040/24148 (95%)]	Loss: 3.949901
Train Epoch: 9 [23360/24148 (97%)]	Loss: 3.877087
Train Epoch: 9 [23680/24148 (98%)]	Loss: 3.870535
Train Epoch: 9 [24000/24148 (99%)]	Loss: 3.613934

Test set: Average loss: 3.7729, Accuracy: 1452/6037 (24%)

Train Epoch: 10 [0/24148 (0%)]	Loss: 3.612025
Train Epoch: 10 [320/24148 (1%)]	Loss: 3.557658
Train Epoch: 10 [640/24148 (3%)]	Loss: 3.334299
Train Epoch: 10 [960/24148 (4%)]	Loss: 3.445539
Train Epoch: 10 [1280/24148 (5%)]	Loss: 3.518572
Train Epoch: 10 [1600/24148 (7%)]	Loss: 3.676283
Train Epoch: 10 [1920/24148 (8%)]	Loss: 4.074580
Train Epoch: 10 [2240/24148 (9%)]	Loss: 3.504967
Train Epoch: 10 [2560/24148 (11%)]	Loss: 3.623440
Train Epoch: 10 [2880/24148 (12%)]	Loss: 3.783398
Train Epoch: 10 [3200/24148 (13%)]	Loss: 3.884143
Train Epoch: 10 [3520/24148 (15%)]	Loss: 3.582866
Train Epoch: 10 [3840/24148 (16%)]	Loss: 3.517779
Train Epoch: 10 [4160/24148 (17%)]	Loss: 3.187195
Train Epoch: 10 [4480/24148 (19%)]	Loss: 3.411136
Train Epoch: 10 [4800/24148 (20%)]	Loss: 3.355543
Train Epoch: 10 [5120/24148 (21%)]	Loss: 3.410267
Train Epoch: 10 [5440/24148 (23%)]	Loss: 3.130420
Train Epoch: 10 [5760/24148 (24%)]	Loss: 3.355761
Train Epoch: 10 [6080/24148 (25%)]	Loss: 3.665253
Train Epoch: 10 [6400/24148 (26%)]	Loss: 3.199392
Train Epoch: 10 [6720/24148 (28%)]	Loss: 3.320771
Train Epoch: 10 [7040/24148 (29%)]	Loss: 3.669618
Train Epoch: 10 [7360/24148 (30%)]	Loss: 3.056477
Train Epoch: 10 [7680/24148 (32%)]	Loss: 3.533194
Train Epoch: 10 [8000/24148 (33%)]	Loss: 3.104984
Train Epoch: 10 [8320/24148 (34%)]	Loss: 3.403651
Train Epoch: 10 [8640/24148 (36%)]	Loss: 3.216423
Train Epoch: 10 [8960/24148 (37%)]	Loss: 3.624305
Train Epoch: 10 [9280/24148 (38%)]	Loss: 3.845108
Train Epoch: 10 [9600/24148 (40%)]	Loss: 3.733648
Train Epoch: 10 [9920/24148 (41%)]	Loss: 3.430649
Train Epoch: 10 [10240/24148 (42%)]	Loss: 3.701649
Train Epoch: 10 [10560/24148 (44%)]	Loss: 3.758990
Train Epoch: 10 [10880/24148 (45%)]	Loss: 3.674479
Train Epoch: 10 [11200/24148 (46%)]	Loss: 3.497621
Train Epoch: 10 [11520/24148 (48%)]	Loss: 3.487434
Train Epoch: 10 [11840/24148 (49%)]	Loss: 3.596357
Train Epoch: 10 [12160/24148 (50%)]	Loss: 3.635458
Train Epoch: 10 [12480/24148 (52%)]	Loss: 3.407600
Train Epoch: 10 [12800/24148 (53%)]	Loss: 3.183964
Train Epoch: 10 [13120/24148 (54%)]	Loss: 3.529481
Train Epoch: 10 [13440/24148 (56%)]	Loss: 3.453603
Train Epoch: 10 [13760/24148 (57%)]	Loss: 3.523540
Train Epoch: 10 [14080/24148 (58%)]	Loss: 3.289184
Train Epoch: 10 [14400/24148 (60%)]	Loss: 3.511310
Train Epoch: 10 [14720/24148 (61%)]	Loss: 3.504510
Train Epoch: 10 [15040/24148 (62%)]	Loss: 2.953721
Train Epoch: 10 [15360/24148 (64%)]	Loss: 2.694866
Train Epoch: 10 [15680/24148 (65%)]	Loss: 3.071483
Train Epoch: 10 [16000/24148 (66%)]	Loss: 3.433663
Train Epoch: 10 [16320/24148 (68%)]	Loss: 2.749680
Train Epoch: 10 [16640/24148 (69%)]	Loss: 3.288752
Train Epoch: 10 [16960/24148 (70%)]	Loss: 3.421175
Train Epoch: 10 [17280/24148 (72%)]	Loss: 3.679472
Train Epoch: 10 [17600/24148 (73%)]	Loss: 3.689548
Train Epoch: 10 [17920/24148 (74%)]	Loss: 2.520028
Train Epoch: 10 [18240/24148 (75%)]	Loss: 3.216102
Train Epoch: 10 [18560/24148 (77%)]	Loss: 2.966813
Train Epoch: 10 [18880/24148 (78%)]	Loss: 3.011405
Train Epoch: 10 [19200/24148 (79%)]	Loss: 4.261329
Train Epoch: 10 [19520/24148 (81%)]	Loss: 4.035349
Train Epoch: 10 [19840/24148 (82%)]	Loss: 2.837167
Train Epoch: 10 [20160/24148 (83%)]	Loss: 2.761446
Train Epoch: 10 [20480/24148 (85%)]	Loss: 3.731863
Train Epoch: 10 [20800/24148 (86%)]	Loss: 3.744338
Train Epoch: 10 [21120/24148 (87%)]	Loss: 3.310159
Train Epoch: 10 [21440/24148 (89%)]	Loss: 3.086643
Train Epoch: 10 [21760/24148 (90%)]	Loss: 3.186294
Train Epoch: 10 [22080/24148 (91%)]	Loss: 3.550096
Train Epoch: 10 [22400/24148 (93%)]	Loss: 2.834990
Train Epoch: 10 [22720/24148 (94%)]	Loss: 3.204063
Train Epoch: 10 [23040/24148 (95%)]	Loss: 4.074760
Train Epoch: 10 [23360/24148 (97%)]	Loss: 2.883312
Train Epoch: 10 [23680/24148 (98%)]	Loss: 3.508097
Train Epoch: 10 [24000/24148 (99%)]	Loss: 3.685052

Test set: Average loss: 3.7410, Accuracy: 1478/6037 (24%)

Average seconds for training 1 epoch: 375.5700522184372
Average seconds for testing: 22.082294178009032
