Files already downloaded and verified
Total number of parameters in the model: 13380865
Train Epoch: 1 [0/24148 (0%)]	Loss: 5.785766
Train Epoch: 1 [320/24148 (1%)]	Loss: 6.382386
Train Epoch: 1 [640/24148 (3%)]	Loss: 5.635832
Train Epoch: 1 [960/24148 (4%)]	Loss: 6.065077
Train Epoch: 1 [1280/24148 (5%)]	Loss: 5.613922
Train Epoch: 1 [1600/24148 (7%)]	Loss: 5.511148
Train Epoch: 1 [1920/24148 (8%)]	Loss: 5.372760
Train Epoch: 1 [2240/24148 (9%)]	Loss: 5.421797
Train Epoch: 1 [2560/24148 (11%)]	Loss: 5.682468
Train Epoch: 1 [2880/24148 (12%)]	Loss: 5.835456
Train Epoch: 1 [3200/24148 (13%)]	Loss: 5.474635
Train Epoch: 1 [3520/24148 (15%)]	Loss: 5.506623
Train Epoch: 1 [3840/24148 (16%)]	Loss: 5.524430
Train Epoch: 1 [4160/24148 (17%)]	Loss: 5.391869
Train Epoch: 1 [4480/24148 (19%)]	Loss: 5.613848
Train Epoch: 1 [4800/24148 (20%)]	Loss: 5.191094
Train Epoch: 1 [5120/24148 (21%)]	Loss: 5.443042
Train Epoch: 1 [5440/24148 (23%)]	Loss: 5.537228
Train Epoch: 1 [5760/24148 (24%)]	Loss: 5.415217
Train Epoch: 1 [6080/24148 (25%)]	Loss: 5.146913
Train Epoch: 1 [6400/24148 (26%)]	Loss: 5.521677
Train Epoch: 1 [6720/24148 (28%)]	Loss: 5.432442
Train Epoch: 1 [7040/24148 (29%)]	Loss: 5.488852
Train Epoch: 1 [7360/24148 (30%)]	Loss: 5.299345
Train Epoch: 1 [7680/24148 (32%)]	Loss: 5.492337
Train Epoch: 1 [8000/24148 (33%)]	Loss: 5.253757
Train Epoch: 1 [8320/24148 (34%)]	Loss: 5.346300
Train Epoch: 1 [8640/24148 (36%)]	Loss: 5.692929
Train Epoch: 1 [8960/24148 (37%)]	Loss: 5.475711
Train Epoch: 1 [9280/24148 (38%)]	Loss: 5.481352
Train Epoch: 1 [9600/24148 (40%)]	Loss: 5.574787
Train Epoch: 1 [9920/24148 (41%)]	Loss: 5.426785
Train Epoch: 1 [10240/24148 (42%)]	Loss: 5.531579
Train Epoch: 1 [10560/24148 (44%)]	Loss: 5.283303
Train Epoch: 1 [10880/24148 (45%)]	Loss: 5.504277
Train Epoch: 1 [11200/24148 (46%)]	Loss: 5.426690
Train Epoch: 1 [11520/24148 (48%)]	Loss: 5.491350
Train Epoch: 1 [11840/24148 (49%)]	Loss: 5.260949
Train Epoch: 1 [12160/24148 (50%)]	Loss: 5.354919
Train Epoch: 1 [12480/24148 (52%)]	Loss: 5.670667
Train Epoch: 1 [12800/24148 (53%)]	Loss: 5.610150
Train Epoch: 1 [13120/24148 (54%)]	Loss: 5.534395
Train Epoch: 1 [13440/24148 (56%)]	Loss: 5.513400
Train Epoch: 1 [13760/24148 (57%)]	Loss: 5.453925
Train Epoch: 1 [14080/24148 (58%)]	Loss: 5.551356
Train Epoch: 1 [14400/24148 (60%)]	Loss: 5.392993
Train Epoch: 1 [14720/24148 (61%)]	Loss: 5.527483
Train Epoch: 1 [15040/24148 (62%)]	Loss: 5.366541
Train Epoch: 1 [15360/24148 (64%)]	Loss: 5.498081
Train Epoch: 1 [15680/24148 (65%)]	Loss: 5.227643
Train Epoch: 1 [16000/24148 (66%)]	Loss: 5.584315
Train Epoch: 1 [16320/24148 (68%)]	Loss: 5.300460
Train Epoch: 1 [16640/24148 (69%)]	Loss: 5.394149
Train Epoch: 1 [16960/24148 (70%)]	Loss: 5.339799
Train Epoch: 1 [17280/24148 (72%)]	Loss: 5.196983
Train Epoch: 1 [17600/24148 (73%)]	Loss: 5.301809
Train Epoch: 1 [17920/24148 (74%)]	Loss: 4.985641
Train Epoch: 1 [18240/24148 (75%)]	Loss: 5.379256
Train Epoch: 1 [18560/24148 (77%)]	Loss: 5.536302
Train Epoch: 1 [18880/24148 (78%)]	Loss: 5.397733
Train Epoch: 1 [19200/24148 (79%)]	Loss: 5.493233
Train Epoch: 1 [19520/24148 (81%)]	Loss: 5.194614
Train Epoch: 1 [19840/24148 (82%)]	Loss: 5.139626
Train Epoch: 1 [20160/24148 (83%)]	Loss: 5.372407
Train Epoch: 1 [20480/24148 (85%)]	Loss: 5.420001
Train Epoch: 1 [20800/24148 (86%)]	Loss: 5.277764
Train Epoch: 1 [21120/24148 (87%)]	Loss: 5.411992
Train Epoch: 1 [21440/24148 (89%)]	Loss: 5.296553
Train Epoch: 1 [21760/24148 (90%)]	Loss: 6.033125
Train Epoch: 1 [22080/24148 (91%)]	Loss: 5.230182
Train Epoch: 1 [22400/24148 (93%)]	Loss: 5.554121
Train Epoch: 1 [22720/24148 (94%)]	Loss: 5.367957
Train Epoch: 1 [23040/24148 (95%)]	Loss: 5.455938
Train Epoch: 1 [23360/24148 (97%)]	Loss: 5.280686
Train Epoch: 1 [23680/24148 (98%)]	Loss: 5.241045
Train Epoch: 1 [24000/24148 (99%)]	Loss: 5.417039

Test set: Average loss: 5.3388, Accuracy: 312/6037 (5%)

Train Epoch: 2 [0/24148 (0%)]	Loss: 5.300009
Train Epoch: 2 [320/24148 (1%)]	Loss: 5.257520
Train Epoch: 2 [640/24148 (3%)]	Loss: 5.236063
Train Epoch: 2 [960/24148 (4%)]	Loss: 5.229706
Train Epoch: 2 [1280/24148 (5%)]	Loss: 5.118851
Train Epoch: 2 [1600/24148 (7%)]	Loss: 5.230495
Train Epoch: 2 [1920/24148 (8%)]	Loss: 5.254066
Train Epoch: 2 [2240/24148 (9%)]	Loss: 5.343817
Train Epoch: 2 [2560/24148 (11%)]	Loss: 5.317406
Train Epoch: 2 [2880/24148 (12%)]	Loss: 5.217674
Train Epoch: 2 [3200/24148 (13%)]	Loss: 5.296028
Train Epoch: 2 [3520/24148 (15%)]	Loss: 5.047265
Train Epoch: 2 [3840/24148 (16%)]	Loss: 4.868642
Train Epoch: 2 [4160/24148 (17%)]	Loss: 5.360450
Train Epoch: 2 [4480/24148 (19%)]	Loss: 5.164106
Train Epoch: 2 [4800/24148 (20%)]	Loss: 5.284956
Train Epoch: 2 [5120/24148 (21%)]	Loss: 5.013263
Train Epoch: 2 [5440/24148 (23%)]	Loss: 5.243764
Train Epoch: 2 [5760/24148 (24%)]	Loss: 4.974724
Train Epoch: 2 [6080/24148 (25%)]	Loss: 5.171214
Train Epoch: 2 [6400/24148 (26%)]	Loss: 5.196517
Train Epoch: 2 [6720/24148 (28%)]	Loss: 5.004953
Train Epoch: 2 [7040/24148 (29%)]	Loss: 5.158925
Train Epoch: 2 [7360/24148 (30%)]	Loss: 5.217542
Train Epoch: 2 [7680/24148 (32%)]	Loss: 5.054365
Train Epoch: 2 [8000/24148 (33%)]	Loss: 5.093696
Train Epoch: 2 [8320/24148 (34%)]	Loss: 5.253571
Train Epoch: 2 [8640/24148 (36%)]	Loss: 5.056284
Train Epoch: 2 [8960/24148 (37%)]	Loss: 5.103539
Train Epoch: 2 [9280/24148 (38%)]	Loss: 5.033165
Train Epoch: 2 [9600/24148 (40%)]	Loss: 5.427601
Train Epoch: 2 [9920/24148 (41%)]	Loss: 5.618600
Train Epoch: 2 [10240/24148 (42%)]	Loss: 5.126564
Train Epoch: 2 [10560/24148 (44%)]	Loss: 5.349267
Train Epoch: 2 [10880/24148 (45%)]	Loss: 4.898190
Train Epoch: 2 [11200/24148 (46%)]	Loss: 5.338072
Train Epoch: 2 [11520/24148 (48%)]	Loss: 4.912612
Train Epoch: 2 [11840/24148 (49%)]	Loss: 5.123060
Train Epoch: 2 [12160/24148 (50%)]	Loss: 5.357791
Train Epoch: 2 [12480/24148 (52%)]	Loss: 5.450361
Train Epoch: 2 [12800/24148 (53%)]	Loss: 5.059101
Train Epoch: 2 [13120/24148 (54%)]	Loss: 4.945461
Train Epoch: 2 [13440/24148 (56%)]	Loss: 5.005050
Train Epoch: 2 [13760/24148 (57%)]	Loss: 5.368627
Train Epoch: 2 [14080/24148 (58%)]	Loss: 5.261855
Train Epoch: 2 [14400/24148 (60%)]	Loss: 5.261394
Train Epoch: 2 [14720/24148 (61%)]	Loss: 5.205126
Train Epoch: 2 [15040/24148 (62%)]	Loss: 5.431708
Train Epoch: 2 [15360/24148 (64%)]	Loss: 5.206588
Train Epoch: 2 [15680/24148 (65%)]	Loss: 5.291835
Train Epoch: 2 [16000/24148 (66%)]	Loss: 5.349913
Train Epoch: 2 [16320/24148 (68%)]	Loss: 5.186309
Train Epoch: 2 [16640/24148 (69%)]	Loss: 5.082700
Train Epoch: 2 [16960/24148 (70%)]	Loss: 4.991806
Train Epoch: 2 [17280/24148 (72%)]	Loss: 4.728875
Train Epoch: 2 [17600/24148 (73%)]	Loss: 5.369577
Train Epoch: 2 [17920/24148 (74%)]	Loss: 5.399887
Train Epoch: 2 [18240/24148 (75%)]	Loss: 5.244740
Train Epoch: 2 [18560/24148 (77%)]	Loss: 5.008543
Train Epoch: 2 [18880/24148 (78%)]	Loss: 5.232511
Train Epoch: 2 [19200/24148 (79%)]	Loss: 5.269078
Train Epoch: 2 [19520/24148 (81%)]	Loss: 4.703456
Train Epoch: 2 [19840/24148 (82%)]	Loss: 5.134734
Train Epoch: 2 [20160/24148 (83%)]	Loss: 4.916427
Train Epoch: 2 [20480/24148 (85%)]	Loss: 5.375156
Train Epoch: 2 [20800/24148 (86%)]	Loss: 5.054117
Train Epoch: 2 [21120/24148 (87%)]	Loss: 5.099389
Train Epoch: 2 [21440/24148 (89%)]	Loss: 5.203342
Train Epoch: 2 [21760/24148 (90%)]	Loss: 5.122338
Train Epoch: 2 [22080/24148 (91%)]	Loss: 5.326997
Train Epoch: 2 [22400/24148 (93%)]	Loss: 5.087211
Train Epoch: 2 [22720/24148 (94%)]	Loss: 5.179687
Train Epoch: 2 [23040/24148 (95%)]	Loss: 5.055817
Train Epoch: 2 [23360/24148 (97%)]	Loss: 5.141447
Train Epoch: 2 [23680/24148 (98%)]	Loss: 5.170719
Train Epoch: 2 [24000/24148 (99%)]	Loss: 5.314999

Test set: Average loss: 5.1516, Accuracy: 426/6037 (7%)

Train Epoch: 3 [0/24148 (0%)]	Loss: 5.135727
Train Epoch: 3 [320/24148 (1%)]	Loss: 5.294813
Train Epoch: 3 [640/24148 (3%)]	Loss: 4.982123
Train Epoch: 3 [960/24148 (4%)]	Loss: 5.107783
Train Epoch: 3 [1280/24148 (5%)]	Loss: 4.713931
Train Epoch: 3 [1600/24148 (7%)]	Loss: 5.135475
Train Epoch: 3 [1920/24148 (8%)]	Loss: 5.136004
Train Epoch: 3 [2240/24148 (9%)]	Loss: 5.032942
Train Epoch: 3 [2560/24148 (11%)]	Loss: 4.856311
Train Epoch: 3 [2880/24148 (12%)]	Loss: 5.047593
Train Epoch: 3 [3200/24148 (13%)]	Loss: 5.176176
Train Epoch: 3 [3520/24148 (15%)]	Loss: 5.218145
Train Epoch: 3 [3840/24148 (16%)]	Loss: 5.084223
Train Epoch: 3 [4160/24148 (17%)]	Loss: 4.826932
Train Epoch: 3 [4480/24148 (19%)]	Loss: 4.596955
Train Epoch: 3 [4800/24148 (20%)]	Loss: 4.953853
Train Epoch: 3 [5120/24148 (21%)]	Loss: 5.034485
Train Epoch: 3 [5440/24148 (23%)]	Loss: 5.191840
Train Epoch: 3 [5760/24148 (24%)]	Loss: 5.120450
Train Epoch: 3 [6080/24148 (25%)]	Loss: 4.967836
Train Epoch: 3 [6400/24148 (26%)]	Loss: 4.994814
Train Epoch: 3 [6720/24148 (28%)]	Loss: 4.931696
Train Epoch: 3 [7040/24148 (29%)]	Loss: 5.110828
Train Epoch: 3 [7360/24148 (30%)]	Loss: 4.838572
Train Epoch: 3 [7680/24148 (32%)]	Loss: 5.185221
Train Epoch: 3 [8000/24148 (33%)]	Loss: 5.243003
Train Epoch: 3 [8320/24148 (34%)]	Loss: 4.763903
Train Epoch: 3 [8640/24148 (36%)]	Loss: 4.848375
Train Epoch: 3 [8960/24148 (37%)]	Loss: 5.193337
Train Epoch: 3 [9280/24148 (38%)]	Loss: 5.154572
Train Epoch: 3 [9600/24148 (40%)]	Loss: 5.224003
Train Epoch: 3 [9920/24148 (41%)]	Loss: 4.612322
Train Epoch: 3 [10240/24148 (42%)]	Loss: 4.978193
Train Epoch: 3 [10560/24148 (44%)]	Loss: 4.804672
Train Epoch: 3 [10880/24148 (45%)]	Loss: 4.758633
Train Epoch: 3 [11200/24148 (46%)]	Loss: 5.101639
Train Epoch: 3 [11520/24148 (48%)]	Loss: 5.182283
Train Epoch: 3 [11840/24148 (49%)]	Loss: 5.092649
Train Epoch: 3 [12160/24148 (50%)]	Loss: 5.004161
Train Epoch: 3 [12480/24148 (52%)]	Loss: 4.717869
Train Epoch: 3 [12800/24148 (53%)]	Loss: 4.961055
Train Epoch: 3 [13120/24148 (54%)]	Loss: 5.054867
Train Epoch: 3 [13440/24148 (56%)]	Loss: 5.400503
Train Epoch: 3 [13760/24148 (57%)]	Loss: 5.070343
Train Epoch: 3 [14080/24148 (58%)]	Loss: 4.545367
Train Epoch: 3 [14400/24148 (60%)]	Loss: 4.738134
Train Epoch: 3 [14720/24148 (61%)]	Loss: 5.256412
Train Epoch: 3 [15040/24148 (62%)]	Loss: 5.270525
Train Epoch: 3 [15360/24148 (64%)]	Loss: 4.713510
Train Epoch: 3 [15680/24148 (65%)]	Loss: 4.629536
Train Epoch: 3 [16000/24148 (66%)]	Loss: 4.887533
Train Epoch: 3 [16320/24148 (68%)]	Loss: 5.135024
Train Epoch: 3 [16640/24148 (69%)]	Loss: 5.335159
Train Epoch: 3 [16960/24148 (70%)]	Loss: 4.979150
Train Epoch: 3 [17280/24148 (72%)]	Loss: 5.268282
Train Epoch: 3 [17600/24148 (73%)]	Loss: 5.014785
Train Epoch: 3 [17920/24148 (74%)]	Loss: 5.039574
Train Epoch: 3 [18240/24148 (75%)]	Loss: 4.670839
Train Epoch: 3 [18560/24148 (77%)]	Loss: 5.163106
Train Epoch: 3 [18880/24148 (78%)]	Loss: 4.967794
Train Epoch: 3 [19200/24148 (79%)]	Loss: 5.061112
Train Epoch: 3 [19520/24148 (81%)]	Loss: 4.621646
Train Epoch: 3 [19840/24148 (82%)]	Loss: 4.829539
Train Epoch: 3 [20160/24148 (83%)]	Loss: 4.960990
Train Epoch: 3 [20480/24148 (85%)]	Loss: 5.300081
Train Epoch: 3 [20800/24148 (86%)]	Loss: 4.952645
Train Epoch: 3 [21120/24148 (87%)]	Loss: 4.640841
Train Epoch: 3 [21440/24148 (89%)]	Loss: 4.886010
Train Epoch: 3 [21760/24148 (90%)]	Loss: 4.862152
Train Epoch: 3 [22080/24148 (91%)]	Loss: 5.316932
Train Epoch: 3 [22400/24148 (93%)]	Loss: 5.010605
Train Epoch: 3 [22720/24148 (94%)]	Loss: 5.228118
Train Epoch: 3 [23040/24148 (95%)]	Loss: 4.393239
Train Epoch: 3 [23360/24148 (97%)]	Loss: 5.112932
Train Epoch: 3 [23680/24148 (98%)]	Loss: 5.096467
Train Epoch: 3 [24000/24148 (99%)]	Loss: 4.770406

Test set: Average loss: 5.0048, Accuracy: 491/6037 (8%)

Train Epoch: 4 [0/24148 (0%)]	Loss: 5.019730
Train Epoch: 4 [320/24148 (1%)]	Loss: 5.114192
Train Epoch: 4 [640/24148 (3%)]	Loss: 4.622019
Train Epoch: 4 [960/24148 (4%)]	Loss: 5.106412
Train Epoch: 4 [1280/24148 (5%)]	Loss: 5.311524
Train Epoch: 4 [1600/24148 (7%)]	Loss: 5.084291
Train Epoch: 4 [1920/24148 (8%)]	Loss: 4.955645
Train Epoch: 4 [2240/24148 (9%)]	Loss: 4.839125
Train Epoch: 4 [2560/24148 (11%)]	Loss: 4.267043
Train Epoch: 4 [2880/24148 (12%)]	Loss: 4.675815
Train Epoch: 4 [3200/24148 (13%)]	Loss: 5.099321
Train Epoch: 4 [3520/24148 (15%)]	Loss: 4.946795
Train Epoch: 4 [3840/24148 (16%)]	Loss: 5.106178
Train Epoch: 4 [4160/24148 (17%)]	Loss: 5.118271
Train Epoch: 4 [4480/24148 (19%)]	Loss: 4.680293
Train Epoch: 4 [4800/24148 (20%)]	Loss: 4.571883
Train Epoch: 4 [5120/24148 (21%)]	Loss: 5.276075
Train Epoch: 4 [5440/24148 (23%)]	Loss: 4.941538
Train Epoch: 4 [5760/24148 (24%)]	Loss: 4.736794
Train Epoch: 4 [6080/24148 (25%)]	Loss: 4.891865
Train Epoch: 4 [6400/24148 (26%)]	Loss: 4.686496
Train Epoch: 4 [6720/24148 (28%)]	Loss: 5.184048
Train Epoch: 4 [7040/24148 (29%)]	Loss: 5.305948
Train Epoch: 4 [7360/24148 (30%)]	Loss: 5.303918
Train Epoch: 4 [7680/24148 (32%)]	Loss: 4.913987
Train Epoch: 4 [8000/24148 (33%)]	Loss: 4.745616
Train Epoch: 4 [8320/24148 (34%)]	Loss: 5.075707
Train Epoch: 4 [8640/24148 (36%)]	Loss: 5.312949
Train Epoch: 4 [8960/24148 (37%)]	Loss: 5.446944
Train Epoch: 4 [9280/24148 (38%)]	Loss: 5.031116
Train Epoch: 4 [9600/24148 (40%)]	Loss: 4.821257
Train Epoch: 4 [9920/24148 (41%)]	Loss: 4.755461
Train Epoch: 4 [10240/24148 (42%)]	Loss: 4.990324
Train Epoch: 4 [10560/24148 (44%)]	Loss: 5.296685
Train Epoch: 4 [10880/24148 (45%)]	Loss: 4.820339
Train Epoch: 4 [11200/24148 (46%)]	Loss: 5.368981
Train Epoch: 4 [11520/24148 (48%)]	Loss: 4.658753
Train Epoch: 4 [11840/24148 (49%)]	Loss: 5.000308
Train Epoch: 4 [12160/24148 (50%)]	Loss: 4.770711
Train Epoch: 4 [12480/24148 (52%)]	Loss: 4.640862
Train Epoch: 4 [12800/24148 (53%)]	Loss: 5.346108
Train Epoch: 4 [13120/24148 (54%)]	Loss: 5.182350
Train Epoch: 4 [13440/24148 (56%)]	Loss: 4.903507
Train Epoch: 4 [13760/24148 (57%)]	Loss: 4.835038
Train Epoch: 4 [14080/24148 (58%)]	Loss: 4.963285
Train Epoch: 4 [14400/24148 (60%)]	Loss: 5.250369
Train Epoch: 4 [14720/24148 (61%)]	Loss: 5.142054
Train Epoch: 4 [15040/24148 (62%)]	Loss: 4.980218
Train Epoch: 4 [15360/24148 (64%)]	Loss: 4.817903
Train Epoch: 4 [15680/24148 (65%)]	Loss: 4.713016
Train Epoch: 4 [16000/24148 (66%)]	Loss: 4.673868
Train Epoch: 4 [16320/24148 (68%)]	Loss: 4.990136
Train Epoch: 4 [16640/24148 (69%)]	Loss: 5.071418
Train Epoch: 4 [16960/24148 (70%)]	Loss: 5.024528
Train Epoch: 4 [17280/24148 (72%)]	Loss: 4.788398
Train Epoch: 4 [17600/24148 (73%)]	Loss: 5.087229
Train Epoch: 4 [17920/24148 (74%)]	Loss: 4.801553
Train Epoch: 4 [18240/24148 (75%)]	Loss: 4.898770
Train Epoch: 4 [18560/24148 (77%)]	Loss: 4.984380
Train Epoch: 4 [18880/24148 (78%)]	Loss: 5.077393
Train Epoch: 4 [19200/24148 (79%)]	Loss: 4.805989
Train Epoch: 4 [19520/24148 (81%)]	Loss: 4.617560
Train Epoch: 4 [19840/24148 (82%)]	Loss: 4.789016
Train Epoch: 4 [20160/24148 (83%)]	Loss: 5.075891
Train Epoch: 4 [20480/24148 (85%)]	Loss: 5.022216
Train Epoch: 4 [20800/24148 (86%)]	Loss: 4.854012
Train Epoch: 4 [21120/24148 (87%)]	Loss: 5.102782
Train Epoch: 4 [21440/24148 (89%)]	Loss: 5.025198
Train Epoch: 4 [21760/24148 (90%)]	Loss: 5.299687
Train Epoch: 4 [22080/24148 (91%)]	Loss: 4.842486
Train Epoch: 4 [22400/24148 (93%)]	Loss: 5.081268
Train Epoch: 4 [22720/24148 (94%)]	Loss: 4.585191
Train Epoch: 4 [23040/24148 (95%)]	Loss: 5.228999
Train Epoch: 4 [23360/24148 (97%)]	Loss: 5.181547
Train Epoch: 4 [23680/24148 (98%)]	Loss: 5.070100
Train Epoch: 4 [24000/24148 (99%)]	Loss: 4.802957

Test set: Average loss: 4.9490, Accuracy: 561/6037 (9%)

Train Epoch: 5 [0/24148 (0%)]	Loss: 5.013698
Train Epoch: 5 [320/24148 (1%)]	Loss: 4.909287
Train Epoch: 5 [640/24148 (3%)]	Loss: 4.796285
Train Epoch: 5 [960/24148 (4%)]	Loss: 4.988961
Train Epoch: 5 [1280/24148 (5%)]	Loss: 4.466459
Train Epoch: 5 [1600/24148 (7%)]	Loss: 4.749753
Train Epoch: 5 [1920/24148 (8%)]	Loss: 4.775707
Train Epoch: 5 [2240/24148 (9%)]	Loss: 4.924091
Train Epoch: 5 [2560/24148 (11%)]	Loss: 5.252315
Train Epoch: 5 [2880/24148 (12%)]	Loss: 5.026327
Train Epoch: 5 [3200/24148 (13%)]	Loss: 4.963493
Train Epoch: 5 [3520/24148 (15%)]	Loss: 4.915184
Train Epoch: 5 [3840/24148 (16%)]	Loss: 4.471642
Train Epoch: 5 [4160/24148 (17%)]	Loss: 4.647869
Train Epoch: 5 [4480/24148 (19%)]	Loss: 4.396877
Train Epoch: 5 [4800/24148 (20%)]	Loss: 5.250673
Train Epoch: 5 [5120/24148 (21%)]	Loss: 5.211856
Train Epoch: 5 [5440/24148 (23%)]	Loss: 4.783655
Train Epoch: 5 [5760/24148 (24%)]	Loss: 4.718034
Train Epoch: 5 [6080/24148 (25%)]	Loss: 4.833949
Train Epoch: 5 [6400/24148 (26%)]	Loss: 4.987355
Train Epoch: 5 [6720/24148 (28%)]	Loss: 5.264162
Train Epoch: 5 [7040/24148 (29%)]	Loss: 4.894012
Train Epoch: 5 [7360/24148 (30%)]	Loss: 4.958539
Train Epoch: 5 [7680/24148 (32%)]	Loss: 4.961705
Train Epoch: 5 [8000/24148 (33%)]	Loss: 4.698711
Train Epoch: 5 [8320/24148 (34%)]	Loss: 5.045002
Train Epoch: 5 [8640/24148 (36%)]	Loss: 5.103196
Train Epoch: 5 [8960/24148 (37%)]	Loss: 4.829720
Train Epoch: 5 [9280/24148 (38%)]	Loss: 4.224552
Train Epoch: 5 [9600/24148 (40%)]	Loss: 4.837236
Train Epoch: 5 [9920/24148 (41%)]	Loss: 4.640477
Train Epoch: 5 [10240/24148 (42%)]	Loss: 5.026621
Train Epoch: 5 [10560/24148 (44%)]	Loss: 4.784595
Train Epoch: 5 [10880/24148 (45%)]	Loss: 4.937464
Train Epoch: 5 [11200/24148 (46%)]	Loss: 4.803608
Train Epoch: 5 [11520/24148 (48%)]	Loss: 4.439404
Train Epoch: 5 [11840/24148 (49%)]	Loss: 5.074355
Train Epoch: 5 [12160/24148 (50%)]	Loss: 4.901505
Train Epoch: 5 [12480/24148 (52%)]	Loss: 5.086888
Train Epoch: 5 [12800/24148 (53%)]	Loss: 4.677334
Train Epoch: 5 [13120/24148 (54%)]	Loss: 4.688494
Train Epoch: 5 [13440/24148 (56%)]	Loss: 4.955328
Train Epoch: 5 [13760/24148 (57%)]	Loss: 5.045640
Train Epoch: 5 [14080/24148 (58%)]	Loss: 4.825424
Train Epoch: 5 [14400/24148 (60%)]	Loss: 4.861168
Train Epoch: 5 [14720/24148 (61%)]	Loss: 5.013947
Train Epoch: 5 [15040/24148 (62%)]	Loss: 4.824059
Train Epoch: 5 [15360/24148 (64%)]	Loss: 5.045469
Train Epoch: 5 [15680/24148 (65%)]	Loss: 5.208710
Train Epoch: 5 [16000/24148 (66%)]	Loss: 5.086211
Train Epoch: 5 [16320/24148 (68%)]	Loss: 5.455865
Train Epoch: 5 [16640/24148 (69%)]	Loss: 4.956326
Train Epoch: 5 [16960/24148 (70%)]	Loss: 5.047253
Train Epoch: 5 [17280/24148 (72%)]	Loss: 4.845361
Train Epoch: 5 [17600/24148 (73%)]	Loss: 4.677553
Train Epoch: 5 [17920/24148 (74%)]	Loss: 4.639070
Train Epoch: 5 [18240/24148 (75%)]	Loss: 4.901336
Train Epoch: 5 [18560/24148 (77%)]	Loss: 4.898329
Train Epoch: 5 [18880/24148 (78%)]	Loss: 4.847418
Train Epoch: 5 [19200/24148 (79%)]	Loss: 5.024052
Train Epoch: 5 [19520/24148 (81%)]	Loss: 4.436131
Train Epoch: 5 [19840/24148 (82%)]	Loss: 4.709292
Train Epoch: 5 [20160/24148 (83%)]	Loss: 4.915190
Train Epoch: 5 [20480/24148 (85%)]	Loss: 4.802632
Train Epoch: 5 [20800/24148 (86%)]	Loss: 4.812925
Train Epoch: 5 [21120/24148 (87%)]	Loss: 4.587616
Train Epoch: 5 [21440/24148 (89%)]	Loss: 4.816806
Train Epoch: 5 [21760/24148 (90%)]	Loss: 5.018381
Train Epoch: 5 [22080/24148 (91%)]	Loss: 4.889618
Train Epoch: 5 [22400/24148 (93%)]	Loss: 4.699582
Train Epoch: 5 [22720/24148 (94%)]	Loss: 4.722046
Train Epoch: 5 [23040/24148 (95%)]	Loss: 4.818290
Train Epoch: 5 [23360/24148 (97%)]	Loss: 5.088977
Train Epoch: 5 [23680/24148 (98%)]	Loss: 4.830182
Train Epoch: 5 [24000/24148 (99%)]	Loss: 4.740232

Test set: Average loss: 4.8922, Accuracy: 590/6037 (10%)

Train Epoch: 6 [0/24148 (0%)]	Loss: 4.818686
Train Epoch: 6 [320/24148 (1%)]	Loss: 4.643933
Train Epoch: 6 [640/24148 (3%)]	Loss: 4.161098
Train Epoch: 6 [960/24148 (4%)]	Loss: 4.697680
Train Epoch: 6 [1280/24148 (5%)]	Loss: 4.848224
Train Epoch: 6 [1600/24148 (7%)]	Loss: 5.177395
Train Epoch: 6 [1920/24148 (8%)]	Loss: 4.892850
Train Epoch: 6 [2240/24148 (9%)]	Loss: 4.745284
Train Epoch: 6 [2560/24148 (11%)]	Loss: 5.136331
Train Epoch: 6 [2880/24148 (12%)]	Loss: 4.655851
Train Epoch: 6 [3200/24148 (13%)]	Loss: 4.777408
Train Epoch: 6 [3520/24148 (15%)]	Loss: 4.895836
Train Epoch: 6 [3840/24148 (16%)]	Loss: 5.135232
Train Epoch: 6 [4160/24148 (17%)]	Loss: 4.955376
Train Epoch: 6 [4480/24148 (19%)]	Loss: 4.829015
Train Epoch: 6 [4800/24148 (20%)]	Loss: 4.921802
Train Epoch: 6 [5120/24148 (21%)]	Loss: 4.811061
Train Epoch: 6 [5440/24148 (23%)]	Loss: 4.549973
Train Epoch: 6 [5760/24148 (24%)]	Loss: 4.350640
Train Epoch: 6 [6080/24148 (25%)]	Loss: 4.900351
Train Epoch: 6 [6400/24148 (26%)]	Loss: 5.144733
Train Epoch: 6 [6720/24148 (28%)]	Loss: 4.771732
Train Epoch: 6 [7040/24148 (29%)]	Loss: 4.661051
Train Epoch: 6 [7360/24148 (30%)]	Loss: 4.723886
Train Epoch: 6 [7680/24148 (32%)]	Loss: 5.174237
Train Epoch: 6 [8000/24148 (33%)]	Loss: 4.604727
Train Epoch: 6 [8320/24148 (34%)]	Loss: 5.087266
Train Epoch: 6 [8640/24148 (36%)]	Loss: 4.684839
Train Epoch: 6 [8960/24148 (37%)]	Loss: 4.811737
Train Epoch: 6 [9280/24148 (38%)]	Loss: 4.735636
Train Epoch: 6 [9600/24148 (40%)]	Loss: 4.732913
Train Epoch: 6 [9920/24148 (41%)]	Loss: 4.626193
Train Epoch: 6 [10240/24148 (42%)]	Loss: 5.084669
Train Epoch: 6 [10560/24148 (44%)]	Loss: 5.028092
Train Epoch: 6 [10880/24148 (45%)]	Loss: 4.944892
Train Epoch: 6 [11200/24148 (46%)]	Loss: 4.402551
Train Epoch: 6 [11520/24148 (48%)]	Loss: 5.091865
Train Epoch: 6 [11840/24148 (49%)]	Loss: 4.864883
Train Epoch: 6 [12160/24148 (50%)]	Loss: 5.072885
Train Epoch: 6 [12480/24148 (52%)]	Loss: 5.052925
Train Epoch: 6 [12800/24148 (53%)]	Loss: 4.739550
Train Epoch: 6 [13120/24148 (54%)]	Loss: 4.959641
Train Epoch: 6 [13440/24148 (56%)]	Loss: 4.495201
Train Epoch: 6 [13760/24148 (57%)]	Loss: 4.704145
Train Epoch: 6 [14080/24148 (58%)]	Loss: 4.594824
Train Epoch: 6 [14400/24148 (60%)]	Loss: 5.045495
Train Epoch: 6 [14720/24148 (61%)]	Loss: 4.510993
Train Epoch: 6 [15040/24148 (62%)]	Loss: 4.760979
Train Epoch: 6 [15360/24148 (64%)]	Loss: 4.749309
Train Epoch: 6 [15680/24148 (65%)]	Loss: 4.980706
Train Epoch: 6 [16000/24148 (66%)]	Loss: 4.723103
Train Epoch: 6 [16320/24148 (68%)]	Loss: 4.936693
Train Epoch: 6 [16640/24148 (69%)]	Loss: 4.924172
Train Epoch: 6 [16960/24148 (70%)]	Loss: 4.708611
Train Epoch: 6 [17280/24148 (72%)]	Loss: 4.998251
Train Epoch: 6 [17600/24148 (73%)]	Loss: 5.240584
Train Epoch: 6 [17920/24148 (74%)]	Loss: 4.587362
Train Epoch: 6 [18240/24148 (75%)]	Loss: 4.953051
Train Epoch: 6 [18560/24148 (77%)]	Loss: 4.854429
Train Epoch: 6 [18880/24148 (78%)]	Loss: 4.831837
Train Epoch: 6 [19200/24148 (79%)]	Loss: 5.117022
Train Epoch: 6 [19520/24148 (81%)]	Loss: 4.328982
Train Epoch: 6 [19840/24148 (82%)]	Loss: 4.637440
Train Epoch: 6 [20160/24148 (83%)]	Loss: 4.875362
Train Epoch: 6 [20480/24148 (85%)]	Loss: 4.591946
Train Epoch: 6 [20800/24148 (86%)]	Loss: 4.879235
Train Epoch: 6 [21120/24148 (87%)]	Loss: 5.242379
Train Epoch: 6 [21440/24148 (89%)]	Loss: 5.017793
Train Epoch: 6 [21760/24148 (90%)]	Loss: 4.692688
Train Epoch: 6 [22080/24148 (91%)]	Loss: 5.014015
Train Epoch: 6 [22400/24148 (93%)]	Loss: 4.825004
Train Epoch: 6 [22720/24148 (94%)]	Loss: 4.588209
Train Epoch: 6 [23040/24148 (95%)]	Loss: 4.726033
Train Epoch: 6 [23360/24148 (97%)]	Loss: 4.643887
Train Epoch: 6 [23680/24148 (98%)]	Loss: 5.285966
Train Epoch: 6 [24000/24148 (99%)]	Loss: 4.701288

Test set: Average loss: 4.8347, Accuracy: 636/6037 (11%)

Train Epoch: 7 [0/24148 (0%)]	Loss: 4.586149
Train Epoch: 7 [320/24148 (1%)]	Loss: 4.994037
Train Epoch: 7 [640/24148 (3%)]	Loss: 4.493327
Train Epoch: 7 [960/24148 (4%)]	Loss: 4.666179
Train Epoch: 7 [1280/24148 (5%)]	Loss: 4.657852
Train Epoch: 7 [1600/24148 (7%)]	Loss: 5.155983
Train Epoch: 7 [1920/24148 (8%)]	Loss: 4.553159
Train Epoch: 7 [2240/24148 (9%)]	Loss: 5.010853
Train Epoch: 7 [2560/24148 (11%)]	Loss: 4.880891
Train Epoch: 7 [2880/24148 (12%)]	Loss: 4.617911
Train Epoch: 7 [3200/24148 (13%)]	Loss: 4.841651
Train Epoch: 7 [3520/24148 (15%)]	Loss: 4.657716
Train Epoch: 7 [3840/24148 (16%)]	Loss: 4.398932
Train Epoch: 7 [4160/24148 (17%)]	Loss: 4.915974
Train Epoch: 7 [4480/24148 (19%)]	Loss: 4.813652
Train Epoch: 7 [4800/24148 (20%)]	Loss: 5.210259
Train Epoch: 7 [5120/24148 (21%)]	Loss: 5.003973
Train Epoch: 7 [5440/24148 (23%)]	Loss: 4.469646
Train Epoch: 7 [5760/24148 (24%)]	Loss: 4.687805
Train Epoch: 7 [6080/24148 (25%)]	Loss: 4.703862
Train Epoch: 7 [6400/24148 (26%)]	Loss: 5.078347
Train Epoch: 7 [6720/24148 (28%)]	Loss: 4.429004
Train Epoch: 7 [7040/24148 (29%)]	Loss: 4.706098
Train Epoch: 7 [7360/24148 (30%)]	Loss: 4.685320
Train Epoch: 7 [7680/24148 (32%)]	Loss: 4.949454
Train Epoch: 7 [8000/24148 (33%)]	Loss: 4.494771
Train Epoch: 7 [8320/24148 (34%)]	Loss: 5.118679
Train Epoch: 7 [8640/24148 (36%)]	Loss: 4.746226
Train Epoch: 7 [8960/24148 (37%)]	Loss: 5.003155
Train Epoch: 7 [9280/24148 (38%)]	Loss: 4.940377
Train Epoch: 7 [9600/24148 (40%)]	Loss: 4.945371
Train Epoch: 7 [9920/24148 (41%)]	Loss: 5.196827
Train Epoch: 7 [10240/24148 (42%)]	Loss: 4.569448
Train Epoch: 7 [10560/24148 (44%)]	Loss: 4.575407
Train Epoch: 7 [10880/24148 (45%)]	Loss: 4.979897
Train Epoch: 7 [11200/24148 (46%)]	Loss: 4.729050
Train Epoch: 7 [11520/24148 (48%)]	Loss: 4.947641
Train Epoch: 7 [11840/24148 (49%)]	Loss: 4.918745
Train Epoch: 7 [12160/24148 (50%)]	Loss: 4.601447
Train Epoch: 7 [12480/24148 (52%)]	Loss: 4.676942
Train Epoch: 7 [12800/24148 (53%)]	Loss: 4.552595
Train Epoch: 7 [13120/24148 (54%)]	Loss: 4.391466
Train Epoch: 7 [13440/24148 (56%)]	Loss: 4.697009
Train Epoch: 7 [13760/24148 (57%)]	Loss: 4.423201
Train Epoch: 7 [14080/24148 (58%)]	Loss: 4.911379
Train Epoch: 7 [14400/24148 (60%)]	Loss: 4.548561
Train Epoch: 7 [14720/24148 (61%)]	Loss: 4.681549
Train Epoch: 7 [15040/24148 (62%)]	Loss: 4.952393
Train Epoch: 7 [15360/24148 (64%)]	Loss: 4.621554
Train Epoch: 7 [15680/24148 (65%)]	Loss: 4.450851
Train Epoch: 7 [16000/24148 (66%)]	Loss: 4.786875
Train Epoch: 7 [16320/24148 (68%)]	Loss: 4.574035
Train Epoch: 7 [16640/24148 (69%)]	Loss: 5.081254
Train Epoch: 7 [16960/24148 (70%)]	Loss: 4.865548
Train Epoch: 7 [17280/24148 (72%)]	Loss: 4.616591
Train Epoch: 7 [17600/24148 (73%)]	Loss: 4.682234
Train Epoch: 7 [17920/24148 (74%)]	Loss: 4.849559
Train Epoch: 7 [18240/24148 (75%)]	Loss: 4.627806
Train Epoch: 7 [18560/24148 (77%)]	Loss: 4.555490
Train Epoch: 7 [18880/24148 (78%)]	Loss: 4.781549
Train Epoch: 7 [19200/24148 (79%)]	Loss: 4.987399
Train Epoch: 7 [19520/24148 (81%)]	Loss: 4.568564
Train Epoch: 7 [19840/24148 (82%)]	Loss: 4.922017
Train Epoch: 7 [20160/24148 (83%)]	Loss: 4.894893
Train Epoch: 7 [20480/24148 (85%)]	Loss: 4.514821
Train Epoch: 7 [20800/24148 (86%)]	Loss: 4.534997
Train Epoch: 7 [21120/24148 (87%)]	Loss: 4.818503
Train Epoch: 7 [21440/24148 (89%)]	Loss: 4.624191
Train Epoch: 7 [21760/24148 (90%)]	Loss: 5.061350
Train Epoch: 7 [22080/24148 (91%)]	Loss: 4.698460
Train Epoch: 7 [22400/24148 (93%)]	Loss: 5.196816
Train Epoch: 7 [22720/24148 (94%)]	Loss: 5.015950
Train Epoch: 7 [23040/24148 (95%)]	Loss: 5.242406
Train Epoch: 7 [23360/24148 (97%)]	Loss: 4.807258
Train Epoch: 7 [23680/24148 (98%)]	Loss: 4.839336
Train Epoch: 7 [24000/24148 (99%)]	Loss: 4.431475

Test set: Average loss: 4.8169, Accuracy: 632/6037 (10%)

Train Epoch: 8 [0/24148 (0%)]	Loss: 4.979028
Train Epoch: 8 [320/24148 (1%)]	Loss: 4.668380
Train Epoch: 8 [640/24148 (3%)]	Loss: 5.071797
Train Epoch: 8 [960/24148 (4%)]	Loss: 4.343176
Train Epoch: 8 [1280/24148 (5%)]	Loss: 4.709319
Train Epoch: 8 [1600/24148 (7%)]	Loss: 4.600103
Train Epoch: 8 [1920/24148 (8%)]	Loss: 4.200015
Train Epoch: 8 [2240/24148 (9%)]	Loss: 4.802854
Train Epoch: 8 [2560/24148 (11%)]	Loss: 4.880015
Train Epoch: 8 [2880/24148 (12%)]	Loss: 4.767993
Train Epoch: 8 [3200/24148 (13%)]	Loss: 4.297379
Train Epoch: 8 [3520/24148 (15%)]	Loss: 4.479314
Train Epoch: 8 [3840/24148 (16%)]	Loss: 4.560223
Train Epoch: 8 [4160/24148 (17%)]	Loss: 4.941195
Train Epoch: 8 [4480/24148 (19%)]	Loss: 4.122182
Train Epoch: 8 [4800/24148 (20%)]	Loss: 4.829299
Train Epoch: 8 [5120/24148 (21%)]	Loss: 5.098585
Train Epoch: 8 [5440/24148 (23%)]	Loss: 4.948148
Train Epoch: 8 [5760/24148 (24%)]	Loss: 4.727181
Train Epoch: 8 [6080/24148 (25%)]	Loss: 4.378883
Train Epoch: 8 [6400/24148 (26%)]	Loss: 4.548998
Train Epoch: 8 [6720/24148 (28%)]	Loss: 4.685214
Train Epoch: 8 [7040/24148 (29%)]	Loss: 4.847285
Train Epoch: 8 [7360/24148 (30%)]	Loss: 4.387951
Train Epoch: 8 [7680/24148 (32%)]	Loss: 4.730202
Train Epoch: 8 [8000/24148 (33%)]	Loss: 4.700218
Train Epoch: 8 [8320/24148 (34%)]	Loss: 4.800476
Train Epoch: 8 [8640/24148 (36%)]	Loss: 4.584841
Train Epoch: 8 [8960/24148 (37%)]	Loss: 4.310367
Train Epoch: 8 [9280/24148 (38%)]	Loss: 4.842105
Train Epoch: 8 [9600/24148 (40%)]	Loss: 4.800779
Train Epoch: 8 [9920/24148 (41%)]	Loss: 4.733354
Train Epoch: 8 [10240/24148 (42%)]	Loss: 4.566156
Train Epoch: 8 [10560/24148 (44%)]	Loss: 4.685810
Train Epoch: 8 [10880/24148 (45%)]	Loss: 4.681732
Train Epoch: 8 [11200/24148 (46%)]	Loss: 4.738823
Train Epoch: 8 [11520/24148 (48%)]	Loss: 4.481198
Train Epoch: 8 [11840/24148 (49%)]	Loss: 4.796038
Train Epoch: 8 [12160/24148 (50%)]	Loss: 4.844930
Train Epoch: 8 [12480/24148 (52%)]	Loss: 4.753877
Train Epoch: 8 [12800/24148 (53%)]	Loss: 4.409463
Train Epoch: 8 [13120/24148 (54%)]	Loss: 5.029846
Train Epoch: 8 [13440/24148 (56%)]	Loss: 4.860664
Train Epoch: 8 [13760/24148 (57%)]	Loss: 4.564475
Train Epoch: 8 [14080/24148 (58%)]	Loss: 4.757972
Train Epoch: 8 [14400/24148 (60%)]	Loss: 4.689183
Train Epoch: 8 [14720/24148 (61%)]	Loss: 4.604756
Train Epoch: 8 [15040/24148 (62%)]	Loss: 4.931292
Train Epoch: 8 [15360/24148 (64%)]	Loss: 4.679517
Train Epoch: 8 [15680/24148 (65%)]	Loss: 5.111902
Train Epoch: 8 [16000/24148 (66%)]	Loss: 4.664704
Train Epoch: 8 [16320/24148 (68%)]	Loss: 4.330825
Train Epoch: 8 [16640/24148 (69%)]	Loss: 4.595235
Train Epoch: 8 [16960/24148 (70%)]	Loss: 4.622699
Train Epoch: 8 [17280/24148 (72%)]	Loss: 4.999270
Train Epoch: 8 [17600/24148 (73%)]	Loss: 4.932070
Train Epoch: 8 [17920/24148 (74%)]	Loss: 4.543734
Train Epoch: 8 [18240/24148 (75%)]	Loss: 4.565157
Train Epoch: 8 [18560/24148 (77%)]	Loss: 4.783047
Train Epoch: 8 [18880/24148 (78%)]	Loss: 4.702060
Train Epoch: 8 [19200/24148 (79%)]	Loss: 4.735047
Train Epoch: 8 [19520/24148 (81%)]	Loss: 4.488861
Train Epoch: 8 [19840/24148 (82%)]	Loss: 4.711301
Train Epoch: 8 [20160/24148 (83%)]	Loss: 4.634578
Train Epoch: 8 [20480/24148 (85%)]	Loss: 4.922912
Train Epoch: 8 [20800/24148 (86%)]	Loss: 4.970288
Train Epoch: 8 [21120/24148 (87%)]	Loss: 4.710870
Train Epoch: 8 [21440/24148 (89%)]	Loss: 4.748627
Train Epoch: 8 [21760/24148 (90%)]	Loss: 5.016564
Train Epoch: 8 [22080/24148 (91%)]	Loss: 4.641618
Train Epoch: 8 [22400/24148 (93%)]	Loss: 5.087132
Train Epoch: 8 [22720/24148 (94%)]	Loss: 4.679966
Train Epoch: 8 [23040/24148 (95%)]	Loss: 4.750540
Train Epoch: 8 [23360/24148 (97%)]	Loss: 4.929345
Train Epoch: 8 [23680/24148 (98%)]	Loss: 4.604380
Train Epoch: 8 [24000/24148 (99%)]	Loss: 4.401625

Test set: Average loss: 4.7856, Accuracy: 669/6037 (11%)

Train Epoch: 9 [0/24148 (0%)]	Loss: 5.036583
Train Epoch: 9 [320/24148 (1%)]	Loss: 4.725911
Train Epoch: 9 [640/24148 (3%)]	Loss: 4.579360
Train Epoch: 9 [960/24148 (4%)]	Loss: 4.788687
Train Epoch: 9 [1280/24148 (5%)]	Loss: 4.610344
Train Epoch: 9 [1600/24148 (7%)]	Loss: 4.357491
Train Epoch: 9 [1920/24148 (8%)]	Loss: 4.411712
Train Epoch: 9 [2240/24148 (9%)]	Loss: 5.032164
Train Epoch: 9 [2560/24148 (11%)]	Loss: 4.511844
Train Epoch: 9 [2880/24148 (12%)]	Loss: 4.824983
Train Epoch: 9 [3200/24148 (13%)]	Loss: 4.897060
Train Epoch: 9 [3520/24148 (15%)]	Loss: 4.470401
Train Epoch: 9 [3840/24148 (16%)]	Loss: 4.451254
Train Epoch: 9 [4160/24148 (17%)]	Loss: 4.752322
Train Epoch: 9 [4480/24148 (19%)]	Loss: 4.645826
Train Epoch: 9 [4800/24148 (20%)]	Loss: 5.087656
Train Epoch: 9 [5120/24148 (21%)]	Loss: 4.897884
Train Epoch: 9 [5440/24148 (23%)]	Loss: 4.208698
Train Epoch: 9 [5760/24148 (24%)]	Loss: 4.178808
Train Epoch: 9 [6080/24148 (25%)]	Loss: 4.306447
Train Epoch: 9 [6400/24148 (26%)]	Loss: 4.502691
Train Epoch: 9 [6720/24148 (28%)]	Loss: 4.537432
Train Epoch: 9 [7040/24148 (29%)]	Loss: 4.447745
Train Epoch: 9 [7360/24148 (30%)]	Loss: 4.565592
Train Epoch: 9 [7680/24148 (32%)]	Loss: 4.781796
Train Epoch: 9 [8000/24148 (33%)]	Loss: 4.543501
Train Epoch: 9 [8320/24148 (34%)]	Loss: 4.891858
Train Epoch: 9 [8640/24148 (36%)]	Loss: 4.832887
Train Epoch: 9 [8960/24148 (37%)]	Loss: 4.762451
Train Epoch: 9 [9280/24148 (38%)]	Loss: 4.773825
Train Epoch: 9 [9600/24148 (40%)]	Loss: 4.767915
Train Epoch: 9 [9920/24148 (41%)]	Loss: 4.996435
Train Epoch: 9 [10240/24148 (42%)]	Loss: 4.832207
Train Epoch: 9 [10560/24148 (44%)]	Loss: 4.518096
Train Epoch: 9 [10880/24148 (45%)]	Loss: 4.597834
Train Epoch: 9 [11200/24148 (46%)]	Loss: 4.678892
Train Epoch: 9 [11520/24148 (48%)]	Loss: 5.262878
Train Epoch: 9 [11840/24148 (49%)]	Loss: 4.201914
Train Epoch: 9 [12160/24148 (50%)]	Loss: 4.282970
Train Epoch: 9 [12480/24148 (52%)]	Loss: 3.885181
Train Epoch: 9 [12800/24148 (53%)]	Loss: 4.657312
Train Epoch: 9 [13120/24148 (54%)]	Loss: 5.236881
Train Epoch: 9 [13440/24148 (56%)]	Loss: 4.737209
Train Epoch: 9 [13760/24148 (57%)]	Loss: 4.789523
Train Epoch: 9 [14080/24148 (58%)]	Loss: 4.759515
Train Epoch: 9 [14400/24148 (60%)]	Loss: 4.739411
Train Epoch: 9 [14720/24148 (61%)]	Loss: 4.600111
Train Epoch: 9 [15040/24148 (62%)]	Loss: 4.864159
Train Epoch: 9 [15360/24148 (64%)]	Loss: 5.056405
Train Epoch: 9 [15680/24148 (65%)]	Loss: 4.350255
Train Epoch: 9 [16000/24148 (66%)]	Loss: 4.605994
Train Epoch: 9 [16320/24148 (68%)]	Loss: 4.477747
Train Epoch: 9 [16640/24148 (69%)]	Loss: 4.421901
Train Epoch: 9 [16960/24148 (70%)]	Loss: 4.805237
Train Epoch: 9 [17280/24148 (72%)]	Loss: 4.648684
Train Epoch: 9 [17600/24148 (73%)]	Loss: 5.055062
Train Epoch: 9 [17920/24148 (74%)]	Loss: 4.330322
Train Epoch: 9 [18240/24148 (75%)]	Loss: 4.349484
Train Epoch: 9 [18560/24148 (77%)]	Loss: 4.876313
Train Epoch: 9 [18880/24148 (78%)]	Loss: 4.681224
Train Epoch: 9 [19200/24148 (79%)]	Loss: 4.553457
Train Epoch: 9 [19520/24148 (81%)]	Loss: 4.862537
Train Epoch: 9 [19840/24148 (82%)]	Loss: 4.995419
Train Epoch: 9 [20160/24148 (83%)]	Loss: 4.745814
Train Epoch: 9 [20480/24148 (85%)]	Loss: 4.514437
Train Epoch: 9 [20800/24148 (86%)]	Loss: 4.351971
Train Epoch: 9 [21120/24148 (87%)]	Loss: 4.424238
Train Epoch: 9 [21440/24148 (89%)]	Loss: 4.789284
Train Epoch: 9 [21760/24148 (90%)]	Loss: 4.718162
Train Epoch: 9 [22080/24148 (91%)]	Loss: 4.485056
Train Epoch: 9 [22400/24148 (93%)]	Loss: 4.957510
Train Epoch: 9 [22720/24148 (94%)]	Loss: 4.841586
Train Epoch: 9 [23040/24148 (95%)]	Loss: 4.307720
Train Epoch: 9 [23360/24148 (97%)]	Loss: 4.991822
Train Epoch: 9 [23680/24148 (98%)]	Loss: 4.588439
Train Epoch: 9 [24000/24148 (99%)]	Loss: 4.703383

Test set: Average loss: 4.7394, Accuracy: 747/6037 (12%)

Train Epoch: 10 [0/24148 (0%)]	Loss: 4.703795
Train Epoch: 10 [320/24148 (1%)]	Loss: 4.726358
Train Epoch: 10 [640/24148 (3%)]	Loss: 4.777703
Train Epoch: 10 [960/24148 (4%)]	Loss: 4.575235
Train Epoch: 10 [1280/24148 (5%)]	Loss: 4.987869
Train Epoch: 10 [1600/24148 (7%)]	Loss: 4.494852
Train Epoch: 10 [1920/24148 (8%)]	Loss: 4.578151
Train Epoch: 10 [2240/24148 (9%)]	Loss: 4.303027
Train Epoch: 10 [2560/24148 (11%)]	Loss: 4.417953
Train Epoch: 10 [2880/24148 (12%)]	Loss: 5.065399
Train Epoch: 10 [3200/24148 (13%)]	Loss: 4.240839
Train Epoch: 10 [3520/24148 (15%)]	Loss: 4.414798
Train Epoch: 10 [3840/24148 (16%)]	Loss: 4.714464
Train Epoch: 10 [4160/24148 (17%)]	Loss: 4.782130
Train Epoch: 10 [4480/24148 (19%)]	Loss: 4.187247
Train Epoch: 10 [4800/24148 (20%)]	Loss: 4.043807
Train Epoch: 10 [5120/24148 (21%)]	Loss: 4.688556
Train Epoch: 10 [5440/24148 (23%)]	Loss: 4.023416
Train Epoch: 10 [5760/24148 (24%)]	Loss: 4.721182
Train Epoch: 10 [6080/24148 (25%)]	Loss: 4.435142
Train Epoch: 10 [6400/24148 (26%)]	Loss: 4.894242
Train Epoch: 10 [6720/24148 (28%)]	Loss: 4.327622
Train Epoch: 10 [7040/24148 (29%)]	Loss: 4.415007
Train Epoch: 10 [7360/24148 (30%)]	Loss: 4.885192
Train Epoch: 10 [7680/24148 (32%)]	Loss: 4.701821
Train Epoch: 10 [8000/24148 (33%)]	Loss: 4.736209
Train Epoch: 10 [8320/24148 (34%)]	Loss: 4.627328
Train Epoch: 10 [8640/24148 (36%)]	Loss: 4.358240
Train Epoch: 10 [8960/24148 (37%)]	Loss: 4.466584
Train Epoch: 10 [9280/24148 (38%)]	Loss: 4.060400
Train Epoch: 10 [9600/24148 (40%)]	Loss: 4.420778
Train Epoch: 10 [9920/24148 (41%)]	Loss: 4.448416
Train Epoch: 10 [10240/24148 (42%)]	Loss: 4.369470
Train Epoch: 10 [10560/24148 (44%)]	Loss: 4.272334
Train Epoch: 10 [10880/24148 (45%)]	Loss: 4.777453
Train Epoch: 10 [11200/24148 (46%)]	Loss: 5.131441
Train Epoch: 10 [11520/24148 (48%)]	Loss: 4.541764
Train Epoch: 10 [11840/24148 (49%)]	Loss: 4.676007
Train Epoch: 10 [12160/24148 (50%)]	Loss: 4.748823
Train Epoch: 10 [12480/24148 (52%)]	Loss: 4.829675
Train Epoch: 10 [12800/24148 (53%)]	Loss: 4.871557
Train Epoch: 10 [13120/24148 (54%)]	Loss: 4.691928
Train Epoch: 10 [13440/24148 (56%)]	Loss: 4.389304
Train Epoch: 10 [13760/24148 (57%)]	Loss: 4.632180
Train Epoch: 10 [14080/24148 (58%)]	Loss: 4.439546
Train Epoch: 10 [14400/24148 (60%)]	Loss: 4.517000
Train Epoch: 10 [14720/24148 (61%)]	Loss: 4.604046
Train Epoch: 10 [15040/24148 (62%)]	Loss: 4.276100
Train Epoch: 10 [15360/24148 (64%)]	Loss: 4.660533
Train Epoch: 10 [15680/24148 (65%)]	Loss: 4.193594
Train Epoch: 10 [16000/24148 (66%)]	Loss: 4.488652
Train Epoch: 10 [16320/24148 (68%)]	Loss: 4.491435
Train Epoch: 10 [16640/24148 (69%)]	Loss: 4.287643
Train Epoch: 10 [16960/24148 (70%)]	Loss: 4.361098
Train Epoch: 10 [17280/24148 (72%)]	Loss: 4.406795
Train Epoch: 10 [17600/24148 (73%)]	Loss: 4.464328
Train Epoch: 10 [17920/24148 (74%)]	Loss: 4.404880
Train Epoch: 10 [18240/24148 (75%)]	Loss: 4.858476
Train Epoch: 10 [18560/24148 (77%)]	Loss: 4.233185
Train Epoch: 10 [18880/24148 (78%)]	Loss: 4.437418
Train Epoch: 10 [19200/24148 (79%)]	Loss: 4.772125
Train Epoch: 10 [19520/24148 (81%)]	Loss: 4.111425
Train Epoch: 10 [19840/24148 (82%)]	Loss: 4.605627
Train Epoch: 10 [20160/24148 (83%)]	Loss: 4.828477
Train Epoch: 10 [20480/24148 (85%)]	Loss: 4.780483
Train Epoch: 10 [20800/24148 (86%)]	Loss: 4.840473
Train Epoch: 10 [21120/24148 (87%)]	Loss: 4.309271
Train Epoch: 10 [21440/24148 (89%)]	Loss: 4.312230
Train Epoch: 10 [21760/24148 (90%)]	Loss: 4.733833
Train Epoch: 10 [22080/24148 (91%)]	Loss: 4.617483
Train Epoch: 10 [22400/24148 (93%)]	Loss: 5.018261
Train Epoch: 10 [22720/24148 (94%)]	Loss: 4.001968
Train Epoch: 10 [23040/24148 (95%)]	Loss: 4.726480
Train Epoch: 10 [23360/24148 (97%)]	Loss: 4.931559
Train Epoch: 10 [23680/24148 (98%)]	Loss: 4.180326
Train Epoch: 10 [24000/24148 (99%)]	Loss: 4.525989

Test set: Average loss: 4.7279, Accuracy: 743/6037 (12%)

Average seconds for training 1 epoch: 202.7566006422043
Average seconds for testing: 18.74612464904785
