Files already downloaded and verified
Total number of parameters in the model: 13380865
Train Epoch: 1 [0/24148 (0%)]	Loss: 5.729006
Train Epoch: 1 [320/24148 (1%)]	Loss: 5.827535
Train Epoch: 1 [640/24148 (3%)]	Loss: 5.898153
Train Epoch: 1 [960/24148 (4%)]	Loss: 5.763516
Train Epoch: 1 [1280/24148 (5%)]	Loss: 6.029287
Train Epoch: 1 [1600/24148 (7%)]	Loss: 5.510538
Train Epoch: 1 [1920/24148 (8%)]	Loss: 5.627831
Train Epoch: 1 [2240/24148 (9%)]	Loss: 5.749329
Train Epoch: 1 [2560/24148 (11%)]	Loss: 5.516659
Train Epoch: 1 [2880/24148 (12%)]	Loss: 5.159061
Train Epoch: 1 [3200/24148 (13%)]	Loss: 5.658676
Train Epoch: 1 [3520/24148 (15%)]	Loss: 5.496723
Train Epoch: 1 [3840/24148 (16%)]	Loss: 5.181363
Train Epoch: 1 [4160/24148 (17%)]	Loss: 5.409506
Train Epoch: 1 [4480/24148 (19%)]	Loss: 5.501229
Train Epoch: 1 [4800/24148 (20%)]	Loss: 5.420203
Train Epoch: 1 [5120/24148 (21%)]	Loss: 5.195693
Train Epoch: 1 [5440/24148 (23%)]	Loss: 5.174156
Train Epoch: 1 [5760/24148 (24%)]	Loss: 5.155331
Train Epoch: 1 [6080/24148 (25%)]	Loss: 5.304520
Train Epoch: 1 [6400/24148 (26%)]	Loss: 5.387816
Train Epoch: 1 [6720/24148 (28%)]	Loss: 5.545474
Train Epoch: 1 [7040/24148 (29%)]	Loss: 5.310366
Train Epoch: 1 [7360/24148 (30%)]	Loss: 5.480273
Train Epoch: 1 [7680/24148 (32%)]	Loss: 5.277168
Train Epoch: 1 [8000/24148 (33%)]	Loss: 5.659410
Train Epoch: 1 [8320/24148 (34%)]	Loss: 5.569873
Train Epoch: 1 [8640/24148 (36%)]	Loss: 5.407867
Train Epoch: 1 [8960/24148 (37%)]	Loss: 5.508211
Train Epoch: 1 [9280/24148 (38%)]	Loss: 5.374413
Train Epoch: 1 [9600/24148 (40%)]	Loss: 5.266745
Train Epoch: 1 [9920/24148 (41%)]	Loss: 5.099907
Train Epoch: 1 [10240/24148 (42%)]	Loss: 5.583769
Train Epoch: 1 [10560/24148 (44%)]	Loss: 5.293765
Train Epoch: 1 [10880/24148 (45%)]	Loss: 5.551085
Train Epoch: 1 [11200/24148 (46%)]	Loss: 5.226649
Train Epoch: 1 [11520/24148 (48%)]	Loss: 5.099741
Train Epoch: 1 [11840/24148 (49%)]	Loss: 5.252658
Train Epoch: 1 [12160/24148 (50%)]	Loss: 5.642092
Train Epoch: 1 [12480/24148 (52%)]	Loss: 5.128898
Train Epoch: 1 [12800/24148 (53%)]	Loss: 5.217373
Train Epoch: 1 [13120/24148 (54%)]	Loss: 5.443980
Train Epoch: 1 [13440/24148 (56%)]	Loss: 5.268857
Train Epoch: 1 [13760/24148 (57%)]	Loss: 5.539101
Train Epoch: 1 [14080/24148 (58%)]	Loss: 5.392977
Train Epoch: 1 [14400/24148 (60%)]	Loss: 5.096172
Train Epoch: 1 [14720/24148 (61%)]	Loss: 4.801588
Train Epoch: 1 [15040/24148 (62%)]	Loss: 5.451299
Train Epoch: 1 [15360/24148 (64%)]	Loss: 5.587016
Train Epoch: 1 [15680/24148 (65%)]	Loss: 4.861584
Train Epoch: 1 [16000/24148 (66%)]	Loss: 5.373457
Train Epoch: 1 [16320/24148 (68%)]	Loss: 5.561157
Train Epoch: 1 [16640/24148 (69%)]	Loss: 5.011714
Train Epoch: 1 [16960/24148 (70%)]	Loss: 5.262017
Train Epoch: 1 [17280/24148 (72%)]	Loss: 5.104385
Train Epoch: 1 [17600/24148 (73%)]	Loss: 5.071806
Train Epoch: 1 [17920/24148 (74%)]	Loss: 5.251792
Train Epoch: 1 [18240/24148 (75%)]	Loss: 5.290562
Train Epoch: 1 [18560/24148 (77%)]	Loss: 4.991689
Train Epoch: 1 [18880/24148 (78%)]	Loss: 5.026075
Train Epoch: 1 [19200/24148 (79%)]	Loss: 5.273402
Train Epoch: 1 [19520/24148 (81%)]	Loss: 5.023786
Train Epoch: 1 [19840/24148 (82%)]	Loss: 5.447272
Train Epoch: 1 [20160/24148 (83%)]	Loss: 4.980186
Train Epoch: 1 [20480/24148 (85%)]	Loss: 5.082047
Train Epoch: 1 [20800/24148 (86%)]	Loss: 5.102719
Train Epoch: 1 [21120/24148 (87%)]	Loss: 5.126046
Train Epoch: 1 [21440/24148 (89%)]	Loss: 5.314527
Train Epoch: 1 [21760/24148 (90%)]	Loss: 5.229949
Train Epoch: 1 [22080/24148 (91%)]	Loss: 5.193425
Train Epoch: 1 [22400/24148 (93%)]	Loss: 5.566652
Train Epoch: 1 [22720/24148 (94%)]	Loss: 4.831631
Train Epoch: 1 [23040/24148 (95%)]	Loss: 5.381900
Train Epoch: 1 [23360/24148 (97%)]	Loss: 5.418581
Train Epoch: 1 [23680/24148 (98%)]	Loss: 5.201511
Train Epoch: 1 [24000/24148 (99%)]	Loss: 4.826503

Test set: Average loss: 5.1518, Accuracy: 457/6037 (8%)

Train Epoch: 2 [0/24148 (0%)]	Loss: 5.118940
Train Epoch: 2 [320/24148 (1%)]	Loss: 4.974654
Train Epoch: 2 [640/24148 (3%)]	Loss: 5.340568
Train Epoch: 2 [960/24148 (4%)]	Loss: 5.111889
Train Epoch: 2 [1280/24148 (5%)]	Loss: 5.279608
Train Epoch: 2 [1600/24148 (7%)]	Loss: 5.162245
Train Epoch: 2 [1920/24148 (8%)]	Loss: 5.263753
Train Epoch: 2 [2240/24148 (9%)]	Loss: 4.934430
Train Epoch: 2 [2560/24148 (11%)]	Loss: 4.975667
Train Epoch: 2 [2880/24148 (12%)]	Loss: 4.772745
Train Epoch: 2 [3200/24148 (13%)]	Loss: 5.179932
Train Epoch: 2 [3520/24148 (15%)]	Loss: 5.244707
Train Epoch: 2 [3840/24148 (16%)]	Loss: 5.078614
Train Epoch: 2 [4160/24148 (17%)]	Loss: 5.296271
Train Epoch: 2 [4480/24148 (19%)]	Loss: 5.348360
Train Epoch: 2 [4800/24148 (20%)]	Loss: 4.988045
Train Epoch: 2 [5120/24148 (21%)]	Loss: 5.043166
Train Epoch: 2 [5440/24148 (23%)]	Loss: 5.053355
Train Epoch: 2 [5760/24148 (24%)]	Loss: 5.433001
Train Epoch: 2 [6080/24148 (25%)]	Loss: 5.010387
Train Epoch: 2 [6400/24148 (26%)]	Loss: 4.757950
Train Epoch: 2 [6720/24148 (28%)]	Loss: 5.401762
Train Epoch: 2 [7040/24148 (29%)]	Loss: 4.984290
Train Epoch: 2 [7360/24148 (30%)]	Loss: 5.227578
Train Epoch: 2 [7680/24148 (32%)]	Loss: 4.942400
Train Epoch: 2 [8000/24148 (33%)]	Loss: 5.241868
Train Epoch: 2 [8320/24148 (34%)]	Loss: 5.003377
Train Epoch: 2 [8640/24148 (36%)]	Loss: 4.910275
Train Epoch: 2 [8960/24148 (37%)]	Loss: 5.255620
Train Epoch: 2 [9280/24148 (38%)]	Loss: 5.218513
Train Epoch: 2 [9600/24148 (40%)]	Loss: 5.263927
Train Epoch: 2 [9920/24148 (41%)]	Loss: 5.004324
Train Epoch: 2 [10240/24148 (42%)]	Loss: 5.360488
Train Epoch: 2 [10560/24148 (44%)]	Loss: 4.885620
Train Epoch: 2 [10880/24148 (45%)]	Loss: 4.839662
Train Epoch: 2 [11200/24148 (46%)]	Loss: 4.570246
Train Epoch: 2 [11520/24148 (48%)]	Loss: 5.328001
Train Epoch: 2 [11840/24148 (49%)]	Loss: 5.312705
Train Epoch: 2 [12160/24148 (50%)]	Loss: 5.186996
Train Epoch: 2 [12480/24148 (52%)]	Loss: 4.689069
Train Epoch: 2 [12800/24148 (53%)]	Loss: 5.201283
Train Epoch: 2 [13120/24148 (54%)]	Loss: 4.858546
Train Epoch: 2 [13440/24148 (56%)]	Loss: 5.340095
Train Epoch: 2 [13760/24148 (57%)]	Loss: 4.903938
Train Epoch: 2 [14080/24148 (58%)]	Loss: 4.890156
Train Epoch: 2 [14400/24148 (60%)]	Loss: 5.318390
Train Epoch: 2 [14720/24148 (61%)]	Loss: 5.077401
Train Epoch: 2 [15040/24148 (62%)]	Loss: 5.218913
Train Epoch: 2 [15360/24148 (64%)]	Loss: 4.668588
Train Epoch: 2 [15680/24148 (65%)]	Loss: 5.440615
Train Epoch: 2 [16000/24148 (66%)]	Loss: 5.023430
Train Epoch: 2 [16320/24148 (68%)]	Loss: 5.070437
Train Epoch: 2 [16640/24148 (69%)]	Loss: 5.301283
Train Epoch: 2 [16960/24148 (70%)]	Loss: 5.062371
Train Epoch: 2 [17280/24148 (72%)]	Loss: 5.219278
Train Epoch: 2 [17600/24148 (73%)]	Loss: 4.947351
Train Epoch: 2 [17920/24148 (74%)]	Loss: 4.851581
Train Epoch: 2 [18240/24148 (75%)]	Loss: 5.281051
Train Epoch: 2 [18560/24148 (77%)]	Loss: 5.068220
Train Epoch: 2 [18880/24148 (78%)]	Loss: 5.188625
Train Epoch: 2 [19200/24148 (79%)]	Loss: 5.356086
Train Epoch: 2 [19520/24148 (81%)]	Loss: 4.809235
Train Epoch: 2 [19840/24148 (82%)]	Loss: 5.244698
Train Epoch: 2 [20160/24148 (83%)]	Loss: 5.123307
Train Epoch: 2 [20480/24148 (85%)]	Loss: 4.793836
Train Epoch: 2 [20800/24148 (86%)]	Loss: 5.183899
Train Epoch: 2 [21120/24148 (87%)]	Loss: 4.765493
Train Epoch: 2 [21440/24148 (89%)]	Loss: 5.344269
Train Epoch: 2 [21760/24148 (90%)]	Loss: 5.077061
Train Epoch: 2 [22080/24148 (91%)]	Loss: 4.805956
Train Epoch: 2 [22400/24148 (93%)]	Loss: 4.985078
Train Epoch: 2 [22720/24148 (94%)]	Loss: 5.263818
Train Epoch: 2 [23040/24148 (95%)]	Loss: 4.963629
Train Epoch: 2 [23360/24148 (97%)]	Loss: 5.006075
Train Epoch: 2 [23680/24148 (98%)]	Loss: 4.972789
Train Epoch: 2 [24000/24148 (99%)]	Loss: 5.046217

Test set: Average loss: 5.0445, Accuracy: 560/6037 (9%)

Train Epoch: 3 [0/24148 (0%)]	Loss: 5.131737
Train Epoch: 3 [320/24148 (1%)]	Loss: 5.021240
Train Epoch: 3 [640/24148 (3%)]	Loss: 4.931036
Train Epoch: 3 [960/24148 (4%)]	Loss: 5.013149
Train Epoch: 3 [1280/24148 (5%)]	Loss: 5.431522
Train Epoch: 3 [1600/24148 (7%)]	Loss: 4.836683
Train Epoch: 3 [1920/24148 (8%)]	Loss: 4.968602
Train Epoch: 3 [2240/24148 (9%)]	Loss: 4.590500
Train Epoch: 3 [2560/24148 (11%)]	Loss: 4.622529
Train Epoch: 3 [2880/24148 (12%)]	Loss: 4.851179
Train Epoch: 3 [3200/24148 (13%)]	Loss: 4.836063
Train Epoch: 3 [3520/24148 (15%)]	Loss: 4.829782
Train Epoch: 3 [3840/24148 (16%)]	Loss: 4.766284
Train Epoch: 3 [4160/24148 (17%)]	Loss: 5.468327
Train Epoch: 3 [4480/24148 (19%)]	Loss: 4.953457
Train Epoch: 3 [4800/24148 (20%)]	Loss: 5.339850
Train Epoch: 3 [5120/24148 (21%)]	Loss: 5.316680
Train Epoch: 3 [5440/24148 (23%)]	Loss: 5.124456
Train Epoch: 3 [5760/24148 (24%)]	Loss: 5.138350
Train Epoch: 3 [6080/24148 (25%)]	Loss: 5.110813
Train Epoch: 3 [6400/24148 (26%)]	Loss: 4.752817
Train Epoch: 3 [6720/24148 (28%)]	Loss: 4.600689
Train Epoch: 3 [7040/24148 (29%)]	Loss: 4.935734
Train Epoch: 3 [7360/24148 (30%)]	Loss: 5.200496
Train Epoch: 3 [7680/24148 (32%)]	Loss: 5.357259
Train Epoch: 3 [8000/24148 (33%)]	Loss: 5.091085
Train Epoch: 3 [8320/24148 (34%)]	Loss: 5.033343
Train Epoch: 3 [8640/24148 (36%)]	Loss: 5.008176
Train Epoch: 3 [8960/24148 (37%)]	Loss: 5.003920
Train Epoch: 3 [9280/24148 (38%)]	Loss: 4.927782
Train Epoch: 3 [9600/24148 (40%)]	Loss: 4.916206
Train Epoch: 3 [9920/24148 (41%)]	Loss: 4.979928
Train Epoch: 3 [10240/24148 (42%)]	Loss: 4.906949
Train Epoch: 3 [10560/24148 (44%)]	Loss: 4.674432
Train Epoch: 3 [10880/24148 (45%)]	Loss: 4.848962
Train Epoch: 3 [11200/24148 (46%)]	Loss: 5.162428
Train Epoch: 3 [11520/24148 (48%)]	Loss: 4.531946
Train Epoch: 3 [11840/24148 (49%)]	Loss: 4.849109
Train Epoch: 3 [12160/24148 (50%)]	Loss: 5.156545
Train Epoch: 3 [12480/24148 (52%)]	Loss: 5.317945
Train Epoch: 3 [12800/24148 (53%)]	Loss: 5.132999
Train Epoch: 3 [13120/24148 (54%)]	Loss: 5.190084
Train Epoch: 3 [13440/24148 (56%)]	Loss: 4.797252
Train Epoch: 3 [13760/24148 (57%)]	Loss: 4.880666
Train Epoch: 3 [14080/24148 (58%)]	Loss: 5.074731
Train Epoch: 3 [14400/24148 (60%)]	Loss: 4.846189
Train Epoch: 3 [14720/24148 (61%)]	Loss: 5.086449
Train Epoch: 3 [15040/24148 (62%)]	Loss: 5.196556
Train Epoch: 3 [15360/24148 (64%)]	Loss: 4.930558
Train Epoch: 3 [15680/24148 (65%)]	Loss: 4.711550
Train Epoch: 3 [16000/24148 (66%)]	Loss: 4.894956
Train Epoch: 3 [16320/24148 (68%)]	Loss: 5.362185
Train Epoch: 3 [16640/24148 (69%)]	Loss: 4.751677
Train Epoch: 3 [16960/24148 (70%)]	Loss: 5.031527
Train Epoch: 3 [17280/24148 (72%)]	Loss: 5.049975
Train Epoch: 3 [17600/24148 (73%)]	Loss: 4.966629
Train Epoch: 3 [17920/24148 (74%)]	Loss: 4.479381
Train Epoch: 3 [18240/24148 (75%)]	Loss: 5.072460
Train Epoch: 3 [18560/24148 (77%)]	Loss: 5.017759
Train Epoch: 3 [18880/24148 (78%)]	Loss: 4.998420
Train Epoch: 3 [19200/24148 (79%)]	Loss: 5.252093
Train Epoch: 3 [19520/24148 (81%)]	Loss: 4.668122
Train Epoch: 3 [19840/24148 (82%)]	Loss: 4.762764
Train Epoch: 3 [20160/24148 (83%)]	Loss: 4.893829
Train Epoch: 3 [20480/24148 (85%)]	Loss: 4.828258
Train Epoch: 3 [20800/24148 (86%)]	Loss: 5.170668
Train Epoch: 3 [21120/24148 (87%)]	Loss: 5.068799
Train Epoch: 3 [21440/24148 (89%)]	Loss: 4.236065
Train Epoch: 3 [21760/24148 (90%)]	Loss: 4.791233
Train Epoch: 3 [22080/24148 (91%)]	Loss: 4.871805
Train Epoch: 3 [22400/24148 (93%)]	Loss: 4.798090
Train Epoch: 3 [22720/24148 (94%)]	Loss: 5.125254
Train Epoch: 3 [23040/24148 (95%)]	Loss: 5.150172
Train Epoch: 3 [23360/24148 (97%)]	Loss: 4.876860
Train Epoch: 3 [23680/24148 (98%)]	Loss: 4.920727
Train Epoch: 3 [24000/24148 (99%)]	Loss: 4.724692

Test set: Average loss: 4.9805, Accuracy: 509/6037 (8%)

Train Epoch: 4 [0/24148 (0%)]	Loss: 4.985404
Train Epoch: 4 [320/24148 (1%)]	Loss: 4.762918
Train Epoch: 4 [640/24148 (3%)]	Loss: 4.479047
Train Epoch: 4 [960/24148 (4%)]	Loss: 4.685705
Train Epoch: 4 [1280/24148 (5%)]	Loss: 5.041913
Train Epoch: 4 [1600/24148 (7%)]	Loss: 4.968790
Train Epoch: 4 [1920/24148 (8%)]	Loss: 4.842430
Train Epoch: 4 [2240/24148 (9%)]	Loss: 4.619275
Train Epoch: 4 [2560/24148 (11%)]	Loss: 5.423374
Train Epoch: 4 [2880/24148 (12%)]	Loss: 4.834611
Train Epoch: 4 [3200/24148 (13%)]	Loss: 5.076601
Train Epoch: 4 [3520/24148 (15%)]	Loss: 4.705800
Train Epoch: 4 [3840/24148 (16%)]	Loss: 4.800324
Train Epoch: 4 [4160/24148 (17%)]	Loss: 4.928811
Train Epoch: 4 [4480/24148 (19%)]	Loss: 4.891635
Train Epoch: 4 [4800/24148 (20%)]	Loss: 4.927342
Train Epoch: 4 [5120/24148 (21%)]	Loss: 5.278352
Train Epoch: 4 [5440/24148 (23%)]	Loss: 5.075610
Train Epoch: 4 [5760/24148 (24%)]	Loss: 4.594672
Train Epoch: 4 [6080/24148 (25%)]	Loss: 4.487104
Train Epoch: 4 [6400/24148 (26%)]	Loss: 4.519282
Train Epoch: 4 [6720/24148 (28%)]	Loss: 4.930775
Train Epoch: 4 [7040/24148 (29%)]	Loss: 4.879362
Train Epoch: 4 [7360/24148 (30%)]	Loss: 5.178907
Train Epoch: 4 [7680/24148 (32%)]	Loss: 4.737824
Train Epoch: 4 [8000/24148 (33%)]	Loss: 5.011197
Train Epoch: 4 [8320/24148 (34%)]	Loss: 4.579368
Train Epoch: 4 [8640/24148 (36%)]	Loss: 4.583424
Train Epoch: 4 [8960/24148 (37%)]	Loss: 4.250296
Train Epoch: 4 [9280/24148 (38%)]	Loss: 5.360084
Train Epoch: 4 [9600/24148 (40%)]	Loss: 4.991436
Train Epoch: 4 [9920/24148 (41%)]	Loss: 4.708333
Train Epoch: 4 [10240/24148 (42%)]	Loss: 4.624262
Train Epoch: 4 [10560/24148 (44%)]	Loss: 4.613294
Train Epoch: 4 [10880/24148 (45%)]	Loss: 4.952270
Train Epoch: 4 [11200/24148 (46%)]	Loss: 4.425664
Train Epoch: 4 [11520/24148 (48%)]	Loss: 4.683537
Train Epoch: 4 [11840/24148 (49%)]	Loss: 5.002089
Train Epoch: 4 [12160/24148 (50%)]	Loss: 5.201751
Train Epoch: 4 [12480/24148 (52%)]	Loss: 4.875305
Train Epoch: 4 [12800/24148 (53%)]	Loss: 4.925487
Train Epoch: 4 [13120/24148 (54%)]	Loss: 5.061160
Train Epoch: 4 [13440/24148 (56%)]	Loss: 5.078767
Train Epoch: 4 [13760/24148 (57%)]	Loss: 5.002926
Train Epoch: 4 [14080/24148 (58%)]	Loss: 5.205074
Train Epoch: 4 [14400/24148 (60%)]	Loss: 5.230906
Train Epoch: 4 [14720/24148 (61%)]	Loss: 4.949975
Train Epoch: 4 [15040/24148 (62%)]	Loss: 4.812607
Train Epoch: 4 [15360/24148 (64%)]	Loss: 5.424162
Train Epoch: 4 [15680/24148 (65%)]	Loss: 4.709783
Train Epoch: 4 [16000/24148 (66%)]	Loss: 4.997156
Train Epoch: 4 [16320/24148 (68%)]	Loss: 4.769249
Train Epoch: 4 [16640/24148 (69%)]	Loss: 4.921623
Train Epoch: 4 [16960/24148 (70%)]	Loss: 4.994461
Train Epoch: 4 [17280/24148 (72%)]	Loss: 5.251574
Train Epoch: 4 [17600/24148 (73%)]	Loss: 4.730173
Train Epoch: 4 [17920/24148 (74%)]	Loss: 4.849432
Train Epoch: 4 [18240/24148 (75%)]	Loss: 4.967280
Train Epoch: 4 [18560/24148 (77%)]	Loss: 5.090178
Train Epoch: 4 [18880/24148 (78%)]	Loss: 5.138774
Train Epoch: 4 [19200/24148 (79%)]	Loss: 4.810708
Train Epoch: 4 [19520/24148 (81%)]	Loss: 5.260328
Train Epoch: 4 [19840/24148 (82%)]	Loss: 4.929783
Train Epoch: 4 [20160/24148 (83%)]	Loss: 4.623283
Train Epoch: 4 [20480/24148 (85%)]	Loss: 4.573618
Train Epoch: 4 [20800/24148 (86%)]	Loss: 5.093750
Train Epoch: 4 [21120/24148 (87%)]	Loss: 4.709723
Train Epoch: 4 [21440/24148 (89%)]	Loss: 5.163004
Train Epoch: 4 [21760/24148 (90%)]	Loss: 4.940188
Train Epoch: 4 [22080/24148 (91%)]	Loss: 4.771426
Train Epoch: 4 [22400/24148 (93%)]	Loss: 4.703073
Train Epoch: 4 [22720/24148 (94%)]	Loss: 4.577209
Train Epoch: 4 [23040/24148 (95%)]	Loss: 5.139616
Train Epoch: 4 [23360/24148 (97%)]	Loss: 4.569366
Train Epoch: 4 [23680/24148 (98%)]	Loss: 5.051185
Train Epoch: 4 [24000/24148 (99%)]	Loss: 4.746842

Test set: Average loss: 4.8634, Accuracy: 590/6037 (10%)

Train Epoch: 5 [0/24148 (0%)]	Loss: 4.677682
Train Epoch: 5 [320/24148 (1%)]	Loss: 4.694467
Train Epoch: 5 [640/24148 (3%)]	Loss: 4.653275
Train Epoch: 5 [960/24148 (4%)]	Loss: 4.948242
Train Epoch: 5 [1280/24148 (5%)]	Loss: 4.551563
Train Epoch: 5 [1600/24148 (7%)]	Loss: 4.985342
Train Epoch: 5 [1920/24148 (8%)]	Loss: 4.620354
Train Epoch: 5 [2240/24148 (9%)]	Loss: 4.511742
Train Epoch: 5 [2560/24148 (11%)]	Loss: 4.643600
Train Epoch: 5 [2880/24148 (12%)]	Loss: 5.040303
Train Epoch: 5 [3200/24148 (13%)]	Loss: 4.984762
Train Epoch: 5 [3520/24148 (15%)]	Loss: 5.045888
Train Epoch: 5 [3840/24148 (16%)]	Loss: 4.648542
Train Epoch: 5 [4160/24148 (17%)]	Loss: 4.848897
Train Epoch: 5 [4480/24148 (19%)]	Loss: 4.916522
Train Epoch: 5 [4800/24148 (20%)]	Loss: 5.022403
Train Epoch: 5 [5120/24148 (21%)]	Loss: 5.059458
Train Epoch: 5 [5440/24148 (23%)]	Loss: 4.510614
Train Epoch: 5 [5760/24148 (24%)]	Loss: 4.646251
Train Epoch: 5 [6080/24148 (25%)]	Loss: 4.922456
Train Epoch: 5 [6400/24148 (26%)]	Loss: 4.814324
Train Epoch: 5 [6720/24148 (28%)]	Loss: 4.996803
Train Epoch: 5 [7040/24148 (29%)]	Loss: 4.590077
Train Epoch: 5 [7360/24148 (30%)]	Loss: 4.402330
Train Epoch: 5 [7680/24148 (32%)]	Loss: 4.527720
Train Epoch: 5 [8000/24148 (33%)]	Loss: 4.694991
Train Epoch: 5 [8320/24148 (34%)]	Loss: 4.836755
Train Epoch: 5 [8640/24148 (36%)]	Loss: 4.658847
Train Epoch: 5 [8960/24148 (37%)]	Loss: 4.612149
Train Epoch: 5 [9280/24148 (38%)]	Loss: 4.953575
Train Epoch: 5 [9600/24148 (40%)]	Loss: 4.281794
Train Epoch: 5 [9920/24148 (41%)]	Loss: 4.850321
Train Epoch: 5 [10240/24148 (42%)]	Loss: 4.597270
Train Epoch: 5 [10560/24148 (44%)]	Loss: 4.287840
Train Epoch: 5 [10880/24148 (45%)]	Loss: 4.237226
Train Epoch: 5 [11200/24148 (46%)]	Loss: 4.500954
Train Epoch: 5 [11520/24148 (48%)]	Loss: 5.152692
Train Epoch: 5 [11840/24148 (49%)]	Loss: 4.733135
Train Epoch: 5 [12160/24148 (50%)]	Loss: 5.163581
Train Epoch: 5 [12480/24148 (52%)]	Loss: 4.806530
Train Epoch: 5 [12800/24148 (53%)]	Loss: 5.144910
Train Epoch: 5 [13120/24148 (54%)]	Loss: 4.861558
Train Epoch: 5 [13440/24148 (56%)]	Loss: 4.221089
Train Epoch: 5 [13760/24148 (57%)]	Loss: 4.848847
Train Epoch: 5 [14080/24148 (58%)]	Loss: 4.862764
Train Epoch: 5 [14400/24148 (60%)]	Loss: 4.923987
Train Epoch: 5 [14720/24148 (61%)]	Loss: 5.161766
Train Epoch: 5 [15040/24148 (62%)]	Loss: 4.918051
Train Epoch: 5 [15360/24148 (64%)]	Loss: 4.926361
Train Epoch: 5 [15680/24148 (65%)]	Loss: 4.975768
Train Epoch: 5 [16000/24148 (66%)]	Loss: 4.655993
Train Epoch: 5 [16320/24148 (68%)]	Loss: 4.734864
Train Epoch: 5 [16640/24148 (69%)]	Loss: 5.160789
Train Epoch: 5 [16960/24148 (70%)]	Loss: 4.912085
Train Epoch: 5 [17280/24148 (72%)]	Loss: 4.804900
Train Epoch: 5 [17600/24148 (73%)]	Loss: 4.690169
Train Epoch: 5 [17920/24148 (74%)]	Loss: 5.130688
Train Epoch: 5 [18240/24148 (75%)]	Loss: 4.327156
Train Epoch: 5 [18560/24148 (77%)]	Loss: 4.910979
Train Epoch: 5 [18880/24148 (78%)]	Loss: 4.598830
Train Epoch: 5 [19200/24148 (79%)]	Loss: 4.723932
Train Epoch: 5 [19520/24148 (81%)]	Loss: 5.222175
Train Epoch: 5 [19840/24148 (82%)]	Loss: 5.091798
Train Epoch: 5 [20160/24148 (83%)]	Loss: 5.182172
Train Epoch: 5 [20480/24148 (85%)]	Loss: 4.576999
Train Epoch: 5 [20800/24148 (86%)]	Loss: 4.828923
Train Epoch: 5 [21120/24148 (87%)]	Loss: 4.658903
Train Epoch: 5 [21440/24148 (89%)]	Loss: 4.708099
Train Epoch: 5 [21760/24148 (90%)]	Loss: 4.908135
Train Epoch: 5 [22080/24148 (91%)]	Loss: 4.970144
Train Epoch: 5 [22400/24148 (93%)]	Loss: 4.824605
Train Epoch: 5 [22720/24148 (94%)]	Loss: 4.537065
Train Epoch: 5 [23040/24148 (95%)]	Loss: 4.658041
Train Epoch: 5 [23360/24148 (97%)]	Loss: 4.969494
Train Epoch: 5 [23680/24148 (98%)]	Loss: 4.559015
Train Epoch: 5 [24000/24148 (99%)]	Loss: 4.411411

Test set: Average loss: 4.8050, Accuracy: 645/6037 (11%)

Train Epoch: 6 [0/24148 (0%)]	Loss: 4.425326
Train Epoch: 6 [320/24148 (1%)]	Loss: 4.751907
Train Epoch: 6 [640/24148 (3%)]	Loss: 4.579481
Train Epoch: 6 [960/24148 (4%)]	Loss: 4.793762
Train Epoch: 6 [1280/24148 (5%)]	Loss: 4.345654
Train Epoch: 6 [1600/24148 (7%)]	Loss: 4.184876
Train Epoch: 6 [1920/24148 (8%)]	Loss: 4.807230
Train Epoch: 6 [2240/24148 (9%)]	Loss: 4.782426
Train Epoch: 6 [2560/24148 (11%)]	Loss: 4.944082
Train Epoch: 6 [2880/24148 (12%)]	Loss: 4.980277
Train Epoch: 6 [3200/24148 (13%)]	Loss: 4.475710
Train Epoch: 6 [3520/24148 (15%)]	Loss: 5.020896
Train Epoch: 6 [3840/24148 (16%)]	Loss: 4.737573
Train Epoch: 6 [4160/24148 (17%)]	Loss: 4.585559
Train Epoch: 6 [4480/24148 (19%)]	Loss: 4.803405
Train Epoch: 6 [4800/24148 (20%)]	Loss: 4.569140
Train Epoch: 6 [5120/24148 (21%)]	Loss: 5.168859
Train Epoch: 6 [5440/24148 (23%)]	Loss: 4.844017
Train Epoch: 6 [5760/24148 (24%)]	Loss: 4.574886
Train Epoch: 6 [6080/24148 (25%)]	Loss: 4.773570
Train Epoch: 6 [6400/24148 (26%)]	Loss: 4.674931
Train Epoch: 6 [6720/24148 (28%)]	Loss: 4.720573
Train Epoch: 6 [7040/24148 (29%)]	Loss: 4.437524
Train Epoch: 6 [7360/24148 (30%)]	Loss: 4.515458
Train Epoch: 6 [7680/24148 (32%)]	Loss: 4.908224
Train Epoch: 6 [8000/24148 (33%)]	Loss: 4.514262
Train Epoch: 6 [8320/24148 (34%)]	Loss: 4.801809
Train Epoch: 6 [8640/24148 (36%)]	Loss: 4.218629
Train Epoch: 6 [8960/24148 (37%)]	Loss: 4.204004
Train Epoch: 6 [9280/24148 (38%)]	Loss: 4.518788
Train Epoch: 6 [9600/24148 (40%)]	Loss: 4.467515
Train Epoch: 6 [9920/24148 (41%)]	Loss: 4.615003
Train Epoch: 6 [10240/24148 (42%)]	Loss: 4.668956
Train Epoch: 6 [10560/24148 (44%)]	Loss: 4.411181
Train Epoch: 6 [10880/24148 (45%)]	Loss: 4.912727
Train Epoch: 6 [11200/24148 (46%)]	Loss: 4.779460
Train Epoch: 6 [11520/24148 (48%)]	Loss: 4.520657
Train Epoch: 6 [11840/24148 (49%)]	Loss: 4.433604
Train Epoch: 6 [12160/24148 (50%)]	Loss: 5.227189
Train Epoch: 6 [12480/24148 (52%)]	Loss: 4.747065
Train Epoch: 6 [12800/24148 (53%)]	Loss: 5.053633
Train Epoch: 6 [13120/24148 (54%)]	Loss: 4.862054
Train Epoch: 6 [13440/24148 (56%)]	Loss: 4.460947
Train Epoch: 6 [13760/24148 (57%)]	Loss: 4.912159
Train Epoch: 6 [14080/24148 (58%)]	Loss: 4.608948
Train Epoch: 6 [14400/24148 (60%)]	Loss: 4.870514
Train Epoch: 6 [14720/24148 (61%)]	Loss: 4.548215
Train Epoch: 6 [15040/24148 (62%)]	Loss: 4.880067
Train Epoch: 6 [15360/24148 (64%)]	Loss: 4.680587
Train Epoch: 6 [15680/24148 (65%)]	Loss: 4.853875
Train Epoch: 6 [16000/24148 (66%)]	Loss: 4.836128
Train Epoch: 6 [16320/24148 (68%)]	Loss: 4.214724
Train Epoch: 6 [16640/24148 (69%)]	Loss: 4.568565
Train Epoch: 6 [16960/24148 (70%)]	Loss: 4.536427
Train Epoch: 6 [17280/24148 (72%)]	Loss: 4.551521
Train Epoch: 6 [17600/24148 (73%)]	Loss: 5.061815
Train Epoch: 6 [17920/24148 (74%)]	Loss: 4.475677
Train Epoch: 6 [18240/24148 (75%)]	Loss: 4.365370
Train Epoch: 6 [18560/24148 (77%)]	Loss: 4.647788
Train Epoch: 6 [18880/24148 (78%)]	Loss: 4.473498
Train Epoch: 6 [19200/24148 (79%)]	Loss: 4.804704
Train Epoch: 6 [19520/24148 (81%)]	Loss: 4.650198
Train Epoch: 6 [19840/24148 (82%)]	Loss: 4.642393
Train Epoch: 6 [20160/24148 (83%)]	Loss: 4.411127
Train Epoch: 6 [20480/24148 (85%)]	Loss: 4.872398
Train Epoch: 6 [20800/24148 (86%)]	Loss: 4.727785
Train Epoch: 6 [21120/24148 (87%)]	Loss: 4.945032
Train Epoch: 6 [21440/24148 (89%)]	Loss: 4.937745
Train Epoch: 6 [21760/24148 (90%)]	Loss: 4.643931
Train Epoch: 6 [22080/24148 (91%)]	Loss: 4.576265
Train Epoch: 6 [22400/24148 (93%)]	Loss: 4.717484
Train Epoch: 6 [22720/24148 (94%)]	Loss: 5.024801
Train Epoch: 6 [23040/24148 (95%)]	Loss: 5.027625
Train Epoch: 6 [23360/24148 (97%)]	Loss: 4.747876
Train Epoch: 6 [23680/24148 (98%)]	Loss: 4.895464
Train Epoch: 6 [24000/24148 (99%)]	Loss: 4.307257

Test set: Average loss: 4.7169, Accuracy: 743/6037 (12%)

Train Epoch: 7 [0/24148 (0%)]	Loss: 4.357138
Train Epoch: 7 [320/24148 (1%)]	Loss: 4.704487
Train Epoch: 7 [640/24148 (3%)]	Loss: 4.713457
Train Epoch: 7 [960/24148 (4%)]	Loss: 4.582635
Train Epoch: 7 [1280/24148 (5%)]	Loss: 4.723802
Train Epoch: 7 [1600/24148 (7%)]	Loss: 4.790800
Train Epoch: 7 [1920/24148 (8%)]	Loss: 4.424848
Train Epoch: 7 [2240/24148 (9%)]	Loss: 4.604781
Train Epoch: 7 [2560/24148 (11%)]	Loss: 4.476022
Train Epoch: 7 [2880/24148 (12%)]	Loss: 4.229684
Train Epoch: 7 [3200/24148 (13%)]	Loss: 4.804440
Train Epoch: 7 [3520/24148 (15%)]	Loss: 4.416677
Train Epoch: 7 [3840/24148 (16%)]	Loss: 4.631061
Train Epoch: 7 [4160/24148 (17%)]	Loss: 4.269300
Train Epoch: 7 [4480/24148 (19%)]	Loss: 4.680986
Train Epoch: 7 [4800/24148 (20%)]	Loss: 4.211836
Train Epoch: 7 [5120/24148 (21%)]	Loss: 4.355679
Train Epoch: 7 [5440/24148 (23%)]	Loss: 4.592336
Train Epoch: 7 [5760/24148 (24%)]	Loss: 4.825629
Train Epoch: 7 [6080/24148 (25%)]	Loss: 4.741832
Train Epoch: 7 [6400/24148 (26%)]	Loss: 4.619596
Train Epoch: 7 [6720/24148 (28%)]	Loss: 4.787948
Train Epoch: 7 [7040/24148 (29%)]	Loss: 4.267780
Train Epoch: 7 [7360/24148 (30%)]	Loss: 4.813893
Train Epoch: 7 [7680/24148 (32%)]	Loss: 4.858370
Train Epoch: 7 [8000/24148 (33%)]	Loss: 4.843937
Train Epoch: 7 [8320/24148 (34%)]	Loss: 4.615085
Train Epoch: 7 [8640/24148 (36%)]	Loss: 4.892763
Train Epoch: 7 [8960/24148 (37%)]	Loss: 4.599088
Train Epoch: 7 [9280/24148 (38%)]	Loss: 4.686464
Train Epoch: 7 [9600/24148 (40%)]	Loss: 4.474421
Train Epoch: 7 [9920/24148 (41%)]	Loss: 4.379818
Train Epoch: 7 [10240/24148 (42%)]	Loss: 4.481469
Train Epoch: 7 [10560/24148 (44%)]	Loss: 4.558781
Train Epoch: 7 [10880/24148 (45%)]	Loss: 4.317147
Train Epoch: 7 [11200/24148 (46%)]	Loss: 4.860259
Train Epoch: 7 [11520/24148 (48%)]	Loss: 4.379958
Train Epoch: 7 [11840/24148 (49%)]	Loss: 4.532300
Train Epoch: 7 [12160/24148 (50%)]	Loss: 4.851407
Train Epoch: 7 [12480/24148 (52%)]	Loss: 4.480198
Train Epoch: 7 [12800/24148 (53%)]	Loss: 4.772987
Train Epoch: 7 [13120/24148 (54%)]	Loss: 4.724950
Train Epoch: 7 [13440/24148 (56%)]	Loss: 4.968390
Train Epoch: 7 [13760/24148 (57%)]	Loss: 5.220130
Train Epoch: 7 [14080/24148 (58%)]	Loss: 4.573897
Train Epoch: 7 [14400/24148 (60%)]	Loss: 4.457248
Train Epoch: 7 [14720/24148 (61%)]	Loss: 4.644993
Train Epoch: 7 [15040/24148 (62%)]	Loss: 4.694712
Train Epoch: 7 [15360/24148 (64%)]	Loss: 5.032427
Train Epoch: 7 [15680/24148 (65%)]	Loss: 4.689066
Train Epoch: 7 [16000/24148 (66%)]	Loss: 5.010754
Train Epoch: 7 [16320/24148 (68%)]	Loss: 4.402843
Train Epoch: 7 [16640/24148 (69%)]	Loss: 4.127172
Train Epoch: 7 [16960/24148 (70%)]	Loss: 4.744095
Train Epoch: 7 [17280/24148 (72%)]	Loss: 4.288779
Train Epoch: 7 [17600/24148 (73%)]	Loss: 4.211932
Train Epoch: 7 [17920/24148 (74%)]	Loss: 4.408242
Train Epoch: 7 [18240/24148 (75%)]	Loss: 4.606340
Train Epoch: 7 [18560/24148 (77%)]	Loss: 4.718157
Train Epoch: 7 [18880/24148 (78%)]	Loss: 4.874202
Train Epoch: 7 [19200/24148 (79%)]	Loss: 4.137378
Train Epoch: 7 [19520/24148 (81%)]	Loss: 4.900958
Train Epoch: 7 [19840/24148 (82%)]	Loss: 4.723732
Train Epoch: 7 [20160/24148 (83%)]	Loss: 4.262530
Train Epoch: 7 [20480/24148 (85%)]	Loss: 4.435047
Train Epoch: 7 [20800/24148 (86%)]	Loss: 4.504716
Train Epoch: 7 [21120/24148 (87%)]	Loss: 4.682166
Train Epoch: 7 [21440/24148 (89%)]	Loss: 4.872476
Train Epoch: 7 [21760/24148 (90%)]	Loss: 4.585909
Train Epoch: 7 [22080/24148 (91%)]	Loss: 4.723117
Train Epoch: 7 [22400/24148 (93%)]	Loss: 4.506831
Train Epoch: 7 [22720/24148 (94%)]	Loss: 4.762816
Train Epoch: 7 [23040/24148 (95%)]	Loss: 4.305799
Train Epoch: 7 [23360/24148 (97%)]	Loss: 4.688074
Train Epoch: 7 [23680/24148 (98%)]	Loss: 4.892902
Train Epoch: 7 [24000/24148 (99%)]	Loss: 4.762965

Test set: Average loss: 4.7005, Accuracy: 725/6037 (12%)

Train Epoch: 8 [0/24148 (0%)]	Loss: 4.702879
Train Epoch: 8 [320/24148 (1%)]	Loss: 4.433403
Train Epoch: 8 [640/24148 (3%)]	Loss: 4.668453
Train Epoch: 8 [960/24148 (4%)]	Loss: 4.435665
Train Epoch: 8 [1280/24148 (5%)]	Loss: 4.669404
Train Epoch: 8 [1600/24148 (7%)]	Loss: 5.019546
Train Epoch: 8 [1920/24148 (8%)]	Loss: 4.349164
Train Epoch: 8 [2240/24148 (9%)]	Loss: 4.694553
Train Epoch: 8 [2560/24148 (11%)]	Loss: 4.892691
Train Epoch: 8 [2880/24148 (12%)]	Loss: 4.539173
Train Epoch: 8 [3200/24148 (13%)]	Loss: 4.210220
Train Epoch: 8 [3520/24148 (15%)]	Loss: 4.851863
Train Epoch: 8 [3840/24148 (16%)]	Loss: 4.533812
Train Epoch: 8 [4160/24148 (17%)]	Loss: 4.725458
Train Epoch: 8 [4480/24148 (19%)]	Loss: 3.895892
Train Epoch: 8 [4800/24148 (20%)]	Loss: 4.420290
Train Epoch: 8 [5120/24148 (21%)]	Loss: 4.707871
Train Epoch: 8 [5440/24148 (23%)]	Loss: 4.903271
Train Epoch: 8 [5760/24148 (24%)]	Loss: 4.256552
Train Epoch: 8 [6080/24148 (25%)]	Loss: 4.455748
Train Epoch: 8 [6400/24148 (26%)]	Loss: 4.348307
Train Epoch: 8 [6720/24148 (28%)]	Loss: 4.521163
Train Epoch: 8 [7040/24148 (29%)]	Loss: 4.717556
Train Epoch: 8 [7360/24148 (30%)]	Loss: 4.281516
Train Epoch: 8 [7680/24148 (32%)]	Loss: 4.471637
Train Epoch: 8 [8000/24148 (33%)]	Loss: 4.348239
Train Epoch: 8 [8320/24148 (34%)]	Loss: 4.441069
Train Epoch: 8 [8640/24148 (36%)]	Loss: 4.415741
Train Epoch: 8 [8960/24148 (37%)]	Loss: 4.424826
Train Epoch: 8 [9280/24148 (38%)]	Loss: 5.144951
Train Epoch: 8 [9600/24148 (40%)]	Loss: 4.823170
Train Epoch: 8 [9920/24148 (41%)]	Loss: 4.641593
Train Epoch: 8 [10240/24148 (42%)]	Loss: 4.563732
Train Epoch: 8 [10560/24148 (44%)]	Loss: 4.641347
Train Epoch: 8 [10880/24148 (45%)]	Loss: 4.709097
Train Epoch: 8 [11200/24148 (46%)]	Loss: 4.342177
Train Epoch: 8 [11520/24148 (48%)]	Loss: 4.877500
Train Epoch: 8 [11840/24148 (49%)]	Loss: 4.222203
Train Epoch: 8 [12160/24148 (50%)]	Loss: 3.759150
Train Epoch: 8 [12480/24148 (52%)]	Loss: 4.277483
Train Epoch: 8 [12800/24148 (53%)]	Loss: 4.546261
Train Epoch: 8 [13120/24148 (54%)]	Loss: 4.444904
Train Epoch: 8 [13440/24148 (56%)]	Loss: 4.681149
Train Epoch: 8 [13760/24148 (57%)]	Loss: 4.469049
Train Epoch: 8 [14080/24148 (58%)]	Loss: 4.608589
Train Epoch: 8 [14400/24148 (60%)]	Loss: 4.800838
Train Epoch: 8 [14720/24148 (61%)]	Loss: 5.113454
Train Epoch: 8 [15040/24148 (62%)]	Loss: 4.533543
Train Epoch: 8 [15360/24148 (64%)]	Loss: 4.163740
Train Epoch: 8 [15680/24148 (65%)]	Loss: 4.828784
Train Epoch: 8 [16000/24148 (66%)]	Loss: 4.614137
Train Epoch: 8 [16320/24148 (68%)]	Loss: 4.083474
Train Epoch: 8 [16640/24148 (69%)]	Loss: 4.149747
Train Epoch: 8 [16960/24148 (70%)]	Loss: 4.374846
Train Epoch: 8 [17280/24148 (72%)]	Loss: 4.659855
Train Epoch: 8 [17600/24148 (73%)]	Loss: 3.928140
Train Epoch: 8 [17920/24148 (74%)]	Loss: 4.896824
Train Epoch: 8 [18240/24148 (75%)]	Loss: 4.580270
Train Epoch: 8 [18560/24148 (77%)]	Loss: 4.365336
Train Epoch: 8 [18880/24148 (78%)]	Loss: 4.431216
Train Epoch: 8 [19200/24148 (79%)]	Loss: 4.710132
Train Epoch: 8 [19520/24148 (81%)]	Loss: 4.688797
Train Epoch: 8 [19840/24148 (82%)]	Loss: 4.440955
Train Epoch: 8 [20160/24148 (83%)]	Loss: 4.369925
Train Epoch: 8 [20480/24148 (85%)]	Loss: 4.216828
Train Epoch: 8 [20800/24148 (86%)]	Loss: 4.327914
Train Epoch: 8 [21120/24148 (87%)]	Loss: 4.709969
Train Epoch: 8 [21440/24148 (89%)]	Loss: 4.074870
Train Epoch: 8 [21760/24148 (90%)]	Loss: 4.088444
Train Epoch: 8 [22080/24148 (91%)]	Loss: 4.552112
Train Epoch: 8 [22400/24148 (93%)]	Loss: 4.589836
Train Epoch: 8 [22720/24148 (94%)]	Loss: 4.615633
Train Epoch: 8 [23040/24148 (95%)]	Loss: 4.644364
Train Epoch: 8 [23360/24148 (97%)]	Loss: 4.835299
Train Epoch: 8 [23680/24148 (98%)]	Loss: 4.655209
Train Epoch: 8 [24000/24148 (99%)]	Loss: 4.811059

Test set: Average loss: 4.6379, Accuracy: 760/6037 (13%)

Train Epoch: 9 [0/24148 (0%)]	Loss: 5.048070
Train Epoch: 9 [320/24148 (1%)]	Loss: 4.349336
Train Epoch: 9 [640/24148 (3%)]	Loss: 4.690093
Train Epoch: 9 [960/24148 (4%)]	Loss: 4.511778
Train Epoch: 9 [1280/24148 (5%)]	Loss: 4.342785
Train Epoch: 9 [1600/24148 (7%)]	Loss: 4.255699
Train Epoch: 9 [1920/24148 (8%)]	Loss: 4.556810
Train Epoch: 9 [2240/24148 (9%)]	Loss: 3.814985
Train Epoch: 9 [2560/24148 (11%)]	Loss: 4.733198
Train Epoch: 9 [2880/24148 (12%)]	Loss: 4.336055
Train Epoch: 9 [3200/24148 (13%)]	Loss: 4.680881
Train Epoch: 9 [3520/24148 (15%)]	Loss: 4.376947
Train Epoch: 9 [3840/24148 (16%)]	Loss: 4.343827
Train Epoch: 9 [4160/24148 (17%)]	Loss: 4.702353
Train Epoch: 9 [4480/24148 (19%)]	Loss: 4.094296
Train Epoch: 9 [4800/24148 (20%)]	Loss: 4.085327
Train Epoch: 9 [5120/24148 (21%)]	Loss: 4.345121
Train Epoch: 9 [5440/24148 (23%)]	Loss: 4.333533
Train Epoch: 9 [5760/24148 (24%)]	Loss: 4.435753
Train Epoch: 9 [6080/24148 (25%)]	Loss: 4.604884
Train Epoch: 9 [6400/24148 (26%)]	Loss: 3.905138
Train Epoch: 9 [6720/24148 (28%)]	Loss: 4.506519
Train Epoch: 9 [7040/24148 (29%)]	Loss: 4.993106
Train Epoch: 9 [7360/24148 (30%)]	Loss: 4.569593
Train Epoch: 9 [7680/24148 (32%)]	Loss: 4.239725
Train Epoch: 9 [8000/24148 (33%)]	Loss: 4.669345
Train Epoch: 9 [8320/24148 (34%)]	Loss: 4.282006
Train Epoch: 9 [8640/24148 (36%)]	Loss: 4.938628
Train Epoch: 9 [8960/24148 (37%)]	Loss: 4.797643
Train Epoch: 9 [9280/24148 (38%)]	Loss: 4.458485
Train Epoch: 9 [9600/24148 (40%)]	Loss: 4.578043
Train Epoch: 9 [9920/24148 (41%)]	Loss: 4.787094
Train Epoch: 9 [10240/24148 (42%)]	Loss: 4.198482
Train Epoch: 9 [10560/24148 (44%)]	Loss: 5.068638
Train Epoch: 9 [10880/24148 (45%)]	Loss: 4.784723
Train Epoch: 9 [11200/24148 (46%)]	Loss: 4.902006
Train Epoch: 9 [11520/24148 (48%)]	Loss: 4.336870
Train Epoch: 9 [11840/24148 (49%)]	Loss: 4.486097
Train Epoch: 9 [12160/24148 (50%)]	Loss: 4.533835
Train Epoch: 9 [12480/24148 (52%)]	Loss: 4.213657
Train Epoch: 9 [12800/24148 (53%)]	Loss: 4.373346
Train Epoch: 9 [13120/24148 (54%)]	Loss: 4.521006
Train Epoch: 9 [13440/24148 (56%)]	Loss: 4.777994
Train Epoch: 9 [13760/24148 (57%)]	Loss: 4.684250
Train Epoch: 9 [14080/24148 (58%)]	Loss: 4.615867
Train Epoch: 9 [14400/24148 (60%)]	Loss: 4.390048
Train Epoch: 9 [14720/24148 (61%)]	Loss: 4.036253
Train Epoch: 9 [15040/24148 (62%)]	Loss: 3.522232
Train Epoch: 9 [15360/24148 (64%)]	Loss: 4.787765
Train Epoch: 9 [15680/24148 (65%)]	Loss: 4.586807
Train Epoch: 9 [16000/24148 (66%)]	Loss: 4.940637
Train Epoch: 9 [16320/24148 (68%)]	Loss: 4.930669
Train Epoch: 9 [16640/24148 (69%)]	Loss: 4.444347
Train Epoch: 9 [16960/24148 (70%)]	Loss: 5.034929
Train Epoch: 9 [17280/24148 (72%)]	Loss: 3.882795
Train Epoch: 9 [17600/24148 (73%)]	Loss: 4.619829
Train Epoch: 9 [17920/24148 (74%)]	Loss: 4.288969
Train Epoch: 9 [18240/24148 (75%)]	Loss: 4.402937
Train Epoch: 9 [18560/24148 (77%)]	Loss: 4.342679
Train Epoch: 9 [18880/24148 (78%)]	Loss: 4.131811
Train Epoch: 9 [19200/24148 (79%)]	Loss: 4.500255
Train Epoch: 9 [19520/24148 (81%)]	Loss: 4.501574
Train Epoch: 9 [19840/24148 (82%)]	Loss: 4.379376
Train Epoch: 9 [20160/24148 (83%)]	Loss: 4.276539
Train Epoch: 9 [20480/24148 (85%)]	Loss: 4.525192
Train Epoch: 9 [20800/24148 (86%)]	Loss: 4.430257
Train Epoch: 9 [21120/24148 (87%)]	Loss: 4.269617
Train Epoch: 9 [21440/24148 (89%)]	Loss: 4.956248
Train Epoch: 9 [21760/24148 (90%)]	Loss: 4.751399
Train Epoch: 9 [22080/24148 (91%)]	Loss: 4.428216
Train Epoch: 9 [22400/24148 (93%)]	Loss: 4.373447
Train Epoch: 9 [22720/24148 (94%)]	Loss: 4.364358
Train Epoch: 9 [23040/24148 (95%)]	Loss: 4.438379
Train Epoch: 9 [23360/24148 (97%)]	Loss: 4.071646
Train Epoch: 9 [23680/24148 (98%)]	Loss: 4.635956
Train Epoch: 9 [24000/24148 (99%)]	Loss: 4.772656

Test set: Average loss: 4.6160, Accuracy: 809/6037 (13%)

Train Epoch: 10 [0/24148 (0%)]	Loss: 4.315319
Train Epoch: 10 [320/24148 (1%)]	Loss: 4.337647
Train Epoch: 10 [640/24148 (3%)]	Loss: 4.379227
Train Epoch: 10 [960/24148 (4%)]	Loss: 3.930171
Train Epoch: 10 [1280/24148 (5%)]	Loss: 4.442481
Train Epoch: 10 [1600/24148 (7%)]	Loss: 4.482634
Train Epoch: 10 [1920/24148 (8%)]	Loss: 4.423010
Train Epoch: 10 [2240/24148 (9%)]	Loss: 4.412955
Train Epoch: 10 [2560/24148 (11%)]	Loss: 4.325442
Train Epoch: 10 [2880/24148 (12%)]	Loss: 4.143280
Train Epoch: 10 [3200/24148 (13%)]	Loss: 4.323846
Train Epoch: 10 [3520/24148 (15%)]	Loss: 4.726379
Train Epoch: 10 [3840/24148 (16%)]	Loss: 4.452652
Train Epoch: 10 [4160/24148 (17%)]	Loss: 4.195783
Train Epoch: 10 [4480/24148 (19%)]	Loss: 4.648629
Train Epoch: 10 [4800/24148 (20%)]	Loss: 4.260995
Train Epoch: 10 [5120/24148 (21%)]	Loss: 4.584984
Train Epoch: 10 [5440/24148 (23%)]	Loss: 4.228470
Train Epoch: 10 [5760/24148 (24%)]	Loss: 4.911202
Train Epoch: 10 [6080/24148 (25%)]	Loss: 4.397081
Train Epoch: 10 [6400/24148 (26%)]	Loss: 4.472526
Train Epoch: 10 [6720/24148 (28%)]	Loss: 4.835440
Train Epoch: 10 [7040/24148 (29%)]	Loss: 4.731382
Train Epoch: 10 [7360/24148 (30%)]	Loss: 4.545809
Train Epoch: 10 [7680/24148 (32%)]	Loss: 4.637001
Train Epoch: 10 [8000/24148 (33%)]	Loss: 4.355652
Train Epoch: 10 [8320/24148 (34%)]	Loss: 4.334307
Train Epoch: 10 [8640/24148 (36%)]	Loss: 4.084188
Train Epoch: 10 [8960/24148 (37%)]	Loss: 4.591303
Train Epoch: 10 [9280/24148 (38%)]	Loss: 4.411104
Train Epoch: 10 [9600/24148 (40%)]	Loss: 4.566332
Train Epoch: 10 [9920/24148 (41%)]	Loss: 4.773746
Train Epoch: 10 [10240/24148 (42%)]	Loss: 4.008503
Train Epoch: 10 [10560/24148 (44%)]	Loss: 4.356172
Train Epoch: 10 [10880/24148 (45%)]	Loss: 4.442287
Train Epoch: 10 [11200/24148 (46%)]	Loss: 4.964457
Train Epoch: 10 [11520/24148 (48%)]	Loss: 4.725492
Train Epoch: 10 [11840/24148 (49%)]	Loss: 4.491388
Train Epoch: 10 [12160/24148 (50%)]	Loss: 4.491499
Train Epoch: 10 [12480/24148 (52%)]	Loss: 3.764665
Train Epoch: 10 [12800/24148 (53%)]	Loss: 4.630615
Train Epoch: 10 [13120/24148 (54%)]	Loss: 4.146948
Train Epoch: 10 [13440/24148 (56%)]	Loss: 4.604979
Train Epoch: 10 [13760/24148 (57%)]	Loss: 4.201960
Train Epoch: 10 [14080/24148 (58%)]	Loss: 4.327509
Train Epoch: 10 [14400/24148 (60%)]	Loss: 4.046719
Train Epoch: 10 [14720/24148 (61%)]	Loss: 4.732460
Train Epoch: 10 [15040/24148 (62%)]	Loss: 4.752921
Train Epoch: 10 [15360/24148 (64%)]	Loss: 4.444211
Train Epoch: 10 [15680/24148 (65%)]	Loss: 4.266975
Train Epoch: 10 [16000/24148 (66%)]	Loss: 4.413973
Train Epoch: 10 [16320/24148 (68%)]	Loss: 4.383730
Train Epoch: 10 [16640/24148 (69%)]	Loss: 4.484873
Train Epoch: 10 [16960/24148 (70%)]	Loss: 4.452285
Train Epoch: 10 [17280/24148 (72%)]	Loss: 3.728751
Train Epoch: 10 [17600/24148 (73%)]	Loss: 4.070662
Train Epoch: 10 [17920/24148 (74%)]	Loss: 4.521709
Train Epoch: 10 [18240/24148 (75%)]	Loss: 4.411148
Train Epoch: 10 [18560/24148 (77%)]	Loss: 4.256240
Train Epoch: 10 [18880/24148 (78%)]	Loss: 4.270107
Train Epoch: 10 [19200/24148 (79%)]	Loss: 4.089667
Train Epoch: 10 [19520/24148 (81%)]	Loss: 4.781803
Train Epoch: 10 [19840/24148 (82%)]	Loss: 4.442119
Train Epoch: 10 [20160/24148 (83%)]	Loss: 4.016433
Train Epoch: 10 [20480/24148 (85%)]	Loss: 4.816935
Train Epoch: 10 [20800/24148 (86%)]	Loss: 4.147831
Train Epoch: 10 [21120/24148 (87%)]	Loss: 4.941044
Train Epoch: 10 [21440/24148 (89%)]	Loss: 4.690789
Train Epoch: 10 [21760/24148 (90%)]	Loss: 4.733233
Train Epoch: 10 [22080/24148 (91%)]	Loss: 5.056307
Train Epoch: 10 [22400/24148 (93%)]	Loss: 4.390255
Train Epoch: 10 [22720/24148 (94%)]	Loss: 4.453555
Train Epoch: 10 [23040/24148 (95%)]	Loss: 4.260547
Train Epoch: 10 [23360/24148 (97%)]	Loss: 4.565010
Train Epoch: 10 [23680/24148 (98%)]	Loss: 4.101748
Train Epoch: 10 [24000/24148 (99%)]	Loss: 4.609403

Test set: Average loss: 4.5703, Accuracy: 842/6037 (14%)

Average seconds for training 1 epoch: 366.01944105625154
Average seconds for testing: 37.36222960948944
