Files already downloaded and verified
Total number of parameters in the model: 13380865
Train Epoch: 1 [0/24148 (0%)]	Loss: 5.785766
Train Epoch: 1 [320/24148 (1%)]	Loss: 6.382386
Train Epoch: 1 [640/24148 (3%)]	Loss: 5.635832
Train Epoch: 1 [960/24148 (4%)]	Loss: 6.065077
Train Epoch: 1 [1280/24148 (5%)]	Loss: 5.613922
Train Epoch: 1 [1600/24148 (7%)]	Loss: 5.511148
Train Epoch: 1 [1920/24148 (8%)]	Loss: 5.372760
Train Epoch: 1 [2240/24148 (9%)]	Loss: 5.421797
Train Epoch: 1 [2560/24148 (11%)]	Loss: 5.682468
Train Epoch: 1 [2880/24148 (12%)]	Loss: 5.835456
Train Epoch: 1 [3200/24148 (13%)]	Loss: 5.474635
Train Epoch: 1 [3520/24148 (15%)]	Loss: 5.506623
Train Epoch: 1 [3840/24148 (16%)]	Loss: 5.524430
Train Epoch: 1 [4160/24148 (17%)]	Loss: 5.391869
Train Epoch: 1 [4480/24148 (19%)]	Loss: 5.613848
Train Epoch: 1 [4800/24148 (20%)]	Loss: 5.191094
Train Epoch: 1 [5120/24148 (21%)]	Loss: 5.443042
Train Epoch: 1 [5440/24148 (23%)]	Loss: 5.537228
Train Epoch: 1 [5760/24148 (24%)]	Loss: 5.415217
Train Epoch: 1 [6080/24148 (25%)]	Loss: 5.146913
Train Epoch: 1 [6400/24148 (26%)]	Loss: 5.521677
Train Epoch: 1 [6720/24148 (28%)]	Loss: 5.432442
Train Epoch: 1 [7040/24148 (29%)]	Loss: 5.488852
Train Epoch: 1 [7360/24148 (30%)]	Loss: 5.299345
Train Epoch: 1 [7680/24148 (32%)]	Loss: 5.492337
Train Epoch: 1 [8000/24148 (33%)]	Loss: 5.253757
Train Epoch: 1 [8320/24148 (34%)]	Loss: 5.346300
Train Epoch: 1 [8640/24148 (36%)]	Loss: 5.692929
Train Epoch: 1 [8960/24148 (37%)]	Loss: 5.475711
Train Epoch: 1 [9280/24148 (38%)]	Loss: 5.481352
Train Epoch: 1 [9600/24148 (40%)]	Loss: 5.574787
Train Epoch: 1 [9920/24148 (41%)]	Loss: 5.426785
Train Epoch: 1 [10240/24148 (42%)]	Loss: 5.531579
Train Epoch: 1 [10560/24148 (44%)]	Loss: 5.283303
Train Epoch: 1 [10880/24148 (45%)]	Loss: 5.504277
Train Epoch: 1 [11200/24148 (46%)]	Loss: 5.426690
Train Epoch: 1 [11520/24148 (48%)]	Loss: 5.491350
Train Epoch: 1 [11840/24148 (49%)]	Loss: 5.260949
Train Epoch: 1 [12160/24148 (50%)]	Loss: 5.354919
Train Epoch: 1 [12480/24148 (52%)]	Loss: 5.670667
Train Epoch: 1 [12800/24148 (53%)]	Loss: 5.610150
Train Epoch: 1 [13120/24148 (54%)]	Loss: 5.534395
Train Epoch: 1 [13440/24148 (56%)]	Loss: 5.513400
Train Epoch: 1 [13760/24148 (57%)]	Loss: 5.453925
Train Epoch: 1 [14080/24148 (58%)]	Loss: 5.551356
Train Epoch: 1 [14400/24148 (60%)]	Loss: 5.392993
Train Epoch: 1 [14720/24148 (61%)]	Loss: 5.527483
Train Epoch: 1 [15040/24148 (62%)]	Loss: 5.366541
Train Epoch: 1 [15360/24148 (64%)]	Loss: 5.498081
Train Epoch: 1 [15680/24148 (65%)]	Loss: 5.227643
Train Epoch: 1 [16000/24148 (66%)]	Loss: 5.584315
Train Epoch: 1 [16320/24148 (68%)]	Loss: 5.300460
Train Epoch: 1 [16640/24148 (69%)]	Loss: 5.394149
Train Epoch: 1 [16960/24148 (70%)]	Loss: 5.339799
Train Epoch: 1 [17280/24148 (72%)]	Loss: 5.196983
Train Epoch: 1 [17600/24148 (73%)]	Loss: 5.301809
Train Epoch: 1 [17920/24148 (74%)]	Loss: 4.985641
Train Epoch: 1 [18240/24148 (75%)]	Loss: 5.379256
Train Epoch: 1 [18560/24148 (77%)]	Loss: 5.536302
Train Epoch: 1 [18880/24148 (78%)]	Loss: 5.397733
Train Epoch: 1 [19200/24148 (79%)]	Loss: 5.493233
Train Epoch: 1 [19520/24148 (81%)]	Loss: 5.194614
Train Epoch: 1 [19840/24148 (82%)]	Loss: 5.139626
Train Epoch: 1 [20160/24148 (83%)]	Loss: 5.372407
Train Epoch: 1 [20480/24148 (85%)]	Loss: 5.420001
Train Epoch: 1 [20800/24148 (86%)]	Loss: 5.277764
Train Epoch: 1 [21120/24148 (87%)]	Loss: 5.411992
Train Epoch: 1 [21440/24148 (89%)]	Loss: 5.296553
Train Epoch: 1 [21760/24148 (90%)]	Loss: 6.033125
Train Epoch: 1 [22080/24148 (91%)]	Loss: 5.230182
Train Epoch: 1 [22400/24148 (93%)]	Loss: 5.554121
Train Epoch: 1 [22720/24148 (94%)]	Loss: 5.367957
Train Epoch: 1 [23040/24148 (95%)]	Loss: 5.455938
Train Epoch: 1 [23360/24148 (97%)]	Loss: 5.280686
Train Epoch: 1 [23680/24148 (98%)]	Loss: 5.241045
Train Epoch: 1 [24000/24148 (99%)]	Loss: 5.417039

Test set: Average loss: 5.3388, Accuracy: 312/6037 (5%)

Train Epoch: 2 [0/24148 (0%)]	Loss: 5.300009
Train Epoch: 2 [320/24148 (1%)]	Loss: 5.257520
Train Epoch: 2 [640/24148 (3%)]	Loss: 5.236063
Train Epoch: 2 [960/24148 (4%)]	Loss: 5.229706
Train Epoch: 2 [1280/24148 (5%)]	Loss: 5.118851
Train Epoch: 2 [1600/24148 (7%)]	Loss: 5.230495
Train Epoch: 2 [1920/24148 (8%)]	Loss: 5.254066
Train Epoch: 2 [2240/24148 (9%)]	Loss: 5.343817
Train Epoch: 2 [2560/24148 (11%)]	Loss: 5.317406
Train Epoch: 2 [2880/24148 (12%)]	Loss: 5.217674
Train Epoch: 2 [3200/24148 (13%)]	Loss: 5.296028
Train Epoch: 2 [3520/24148 (15%)]	Loss: 5.047265
Train Epoch: 2 [3840/24148 (16%)]	Loss: 4.868642
Train Epoch: 2 [4160/24148 (17%)]	Loss: 5.360450
Train Epoch: 2 [4480/24148 (19%)]	Loss: 5.164106
Train Epoch: 2 [4800/24148 (20%)]	Loss: 5.284956
Train Epoch: 2 [5120/24148 (21%)]	Loss: 5.013263
Train Epoch: 2 [5440/24148 (23%)]	Loss: 5.243764
Train Epoch: 2 [5760/24148 (24%)]	Loss: 4.974724
Train Epoch: 2 [6080/24148 (25%)]	Loss: 5.171214
Train Epoch: 2 [6400/24148 (26%)]	Loss: 5.196517
Train Epoch: 2 [6720/24148 (28%)]	Loss: 5.004953
Train Epoch: 2 [7040/24148 (29%)]	Loss: 5.158925
Train Epoch: 2 [7360/24148 (30%)]	Loss: 5.217542
Train Epoch: 2 [7680/24148 (32%)]	Loss: 5.054365
Train Epoch: 2 [8000/24148 (33%)]	Loss: 5.112643
Train Epoch: 2 [8320/24148 (34%)]	Loss: 5.255136
Train Epoch: 2 [8640/24148 (36%)]	Loss: 5.058619
Train Epoch: 2 [8960/24148 (37%)]	Loss: 5.106467
Train Epoch: 2 [9280/24148 (38%)]	Loss: 5.043339
Train Epoch: 2 [9600/24148 (40%)]	Loss: 5.439301
Train Epoch: 2 [9920/24148 (41%)]	Loss: 5.612860
Train Epoch: 2 [10240/24148 (42%)]	Loss: 5.111985
Train Epoch: 2 [10560/24148 (44%)]	Loss: 5.354899
Train Epoch: 2 [10880/24148 (45%)]	Loss: 4.911777
Train Epoch: 2 [11200/24148 (46%)]	Loss: 5.355336
Train Epoch: 2 [11520/24148 (48%)]	Loss: 4.951596
Train Epoch: 2 [11840/24148 (49%)]	Loss: 5.134336
Train Epoch: 2 [12160/24148 (50%)]	Loss: 5.367610
Train Epoch: 2 [12480/24148 (52%)]	Loss: 5.531516
Train Epoch: 2 [12800/24148 (53%)]	Loss: 5.079939
Train Epoch: 2 [13120/24148 (54%)]	Loss: 4.995911
Train Epoch: 2 [13440/24148 (56%)]	Loss: 4.932869
Train Epoch: 2 [13760/24148 (57%)]	Loss: 5.362885
Train Epoch: 2 [14080/24148 (58%)]	Loss: 5.295087
Train Epoch: 2 [14400/24148 (60%)]	Loss: 5.261786
Train Epoch: 2 [14720/24148 (61%)]	Loss: 5.252426
Train Epoch: 2 [15040/24148 (62%)]	Loss: 5.445226
Train Epoch: 2 [15360/24148 (64%)]	Loss: 5.211458
Train Epoch: 2 [15680/24148 (65%)]	Loss: 5.323206
Train Epoch: 2 [16000/24148 (66%)]	Loss: 5.343551
Train Epoch: 2 [16320/24148 (68%)]	Loss: 5.245376
Train Epoch: 2 [16640/24148 (69%)]	Loss: 5.066833
Train Epoch: 2 [16960/24148 (70%)]	Loss: 4.956246
Train Epoch: 2 [17280/24148 (72%)]	Loss: 4.678145
Train Epoch: 2 [17600/24148 (73%)]	Loss: 5.363852
Train Epoch: 2 [17920/24148 (74%)]	Loss: 5.353226
Train Epoch: 2 [18240/24148 (75%)]	Loss: 5.228148
Train Epoch: 2 [18560/24148 (77%)]	Loss: 5.008611
Train Epoch: 2 [18880/24148 (78%)]	Loss: 5.181607
Train Epoch: 2 [19200/24148 (79%)]	Loss: 5.402349
Train Epoch: 2 [19520/24148 (81%)]	Loss: 4.667896
Train Epoch: 2 [19840/24148 (82%)]	Loss: 5.154139
Train Epoch: 2 [20160/24148 (83%)]	Loss: 4.892147
Train Epoch: 2 [20480/24148 (85%)]	Loss: 5.368510
Train Epoch: 2 [20800/24148 (86%)]	Loss: 5.005660
Train Epoch: 2 [21120/24148 (87%)]	Loss: 5.103730
Train Epoch: 2 [21440/24148 (89%)]	Loss: 5.209877
Train Epoch: 2 [21760/24148 (90%)]	Loss: 5.161489
Train Epoch: 2 [22080/24148 (91%)]	Loss: 5.289303
Train Epoch: 2 [22400/24148 (93%)]	Loss: 5.049002
Train Epoch: 2 [22720/24148 (94%)]	Loss: 5.203775
Train Epoch: 2 [23040/24148 (95%)]	Loss: 5.099023
Train Epoch: 2 [23360/24148 (97%)]	Loss: 5.128364
Train Epoch: 2 [23680/24148 (98%)]	Loss: 5.172615
Train Epoch: 2 [24000/24148 (99%)]	Loss: 5.284584

Test set: Average loss: 5.1024, Accuracy: 474/6037 (8%)

Train Epoch: 3 [0/24148 (0%)]	Loss: 5.136297
Train Epoch: 3 [320/24148 (1%)]	Loss: 5.293310
Train Epoch: 3 [640/24148 (3%)]	Loss: 4.966406
Train Epoch: 3 [960/24148 (4%)]	Loss: 5.106799
Train Epoch: 3 [1280/24148 (5%)]	Loss: 4.714923
Train Epoch: 3 [1600/24148 (7%)]	Loss: 5.123015
Train Epoch: 3 [1920/24148 (8%)]	Loss: 5.120539
Train Epoch: 3 [2240/24148 (9%)]	Loss: 4.935958
Train Epoch: 3 [2560/24148 (11%)]	Loss: 4.856050
Train Epoch: 3 [2880/24148 (12%)]	Loss: 5.024067
Train Epoch: 3 [3200/24148 (13%)]	Loss: 5.099279
Train Epoch: 3 [3520/24148 (15%)]	Loss: 5.183950
Train Epoch: 3 [3840/24148 (16%)]	Loss: 5.043237
Train Epoch: 3 [4160/24148 (17%)]	Loss: 4.743456
Train Epoch: 3 [4480/24148 (19%)]	Loss: 4.621587
Train Epoch: 3 [4800/24148 (20%)]	Loss: 4.891217
Train Epoch: 3 [5120/24148 (21%)]	Loss: 5.042238
Train Epoch: 3 [5440/24148 (23%)]	Loss: 5.188940
Train Epoch: 3 [5760/24148 (24%)]	Loss: 5.052972
Train Epoch: 3 [6080/24148 (25%)]	Loss: 5.006021
Train Epoch: 3 [6400/24148 (26%)]	Loss: 5.011820
Train Epoch: 3 [6720/24148 (28%)]	Loss: 4.922549
Train Epoch: 3 [7040/24148 (29%)]	Loss: 5.031378
Train Epoch: 3 [7360/24148 (30%)]	Loss: 4.809371
Train Epoch: 3 [7680/24148 (32%)]	Loss: 5.079090
Train Epoch: 3 [8000/24148 (33%)]	Loss: 5.223633
Train Epoch: 3 [8320/24148 (34%)]	Loss: 4.801479
Train Epoch: 3 [8640/24148 (36%)]	Loss: 4.806093
Train Epoch: 3 [8960/24148 (37%)]	Loss: 5.149469
Train Epoch: 3 [9280/24148 (38%)]	Loss: 5.202469
Train Epoch: 3 [9600/24148 (40%)]	Loss: 5.221126
Train Epoch: 3 [9920/24148 (41%)]	Loss: 4.527013
Train Epoch: 3 [10240/24148 (42%)]	Loss: 4.935064
Train Epoch: 3 [10560/24148 (44%)]	Loss: 4.838051
Train Epoch: 3 [10880/24148 (45%)]	Loss: 4.704776
Train Epoch: 3 [11200/24148 (46%)]	Loss: 5.081119
Train Epoch: 3 [11520/24148 (48%)]	Loss: 5.123619
Train Epoch: 3 [11840/24148 (49%)]	Loss: 5.111207
Train Epoch: 3 [12160/24148 (50%)]	Loss: 5.014174
Train Epoch: 3 [12480/24148 (52%)]	Loss: 4.675674
Train Epoch: 3 [12800/24148 (53%)]	Loss: 4.965508
Train Epoch: 3 [13120/24148 (54%)]	Loss: 5.037421
Train Epoch: 3 [13440/24148 (56%)]	Loss: 5.213974
Train Epoch: 3 [13760/24148 (57%)]	Loss: 5.037808
Train Epoch: 3 [14080/24148 (58%)]	Loss: 4.563539
Train Epoch: 3 [14400/24148 (60%)]	Loss: 4.668272
Train Epoch: 3 [14720/24148 (61%)]	Loss: 5.231326
Train Epoch: 3 [15040/24148 (62%)]	Loss: 5.314339
Train Epoch: 3 [15360/24148 (64%)]	Loss: 4.641777
Train Epoch: 3 [15680/24148 (65%)]	Loss: 4.590645
Train Epoch: 3 [16000/24148 (66%)]	Loss: 4.845742
Train Epoch: 3 [16320/24148 (68%)]	Loss: 5.177064
Train Epoch: 3 [16640/24148 (69%)]	Loss: 5.294385
Train Epoch: 3 [16960/24148 (70%)]	Loss: 4.973401
Train Epoch: 3 [17280/24148 (72%)]	Loss: 5.261209
Train Epoch: 3 [17600/24148 (73%)]	Loss: 5.013941
Train Epoch: 3 [17920/24148 (74%)]	Loss: 5.025495
Train Epoch: 3 [18240/24148 (75%)]	Loss: 4.676852
Train Epoch: 3 [18560/24148 (77%)]	Loss: 5.164454
Train Epoch: 3 [18880/24148 (78%)]	Loss: 4.940690
Train Epoch: 3 [19200/24148 (79%)]	Loss: 5.082278
Train Epoch: 3 [19520/24148 (81%)]	Loss: 4.608132
Train Epoch: 3 [19840/24148 (82%)]	Loss: 4.784400
Train Epoch: 3 [20160/24148 (83%)]	Loss: 4.867567
Train Epoch: 3 [20480/24148 (85%)]	Loss: 5.287282
Train Epoch: 3 [20800/24148 (86%)]	Loss: 4.952297
Train Epoch: 3 [21120/24148 (87%)]	Loss: 4.629060
Train Epoch: 3 [21440/24148 (89%)]	Loss: 4.843799
Train Epoch: 3 [21760/24148 (90%)]	Loss: 4.855003
Train Epoch: 3 [22080/24148 (91%)]	Loss: 5.352671
Train Epoch: 3 [22400/24148 (93%)]	Loss: 5.006954
Train Epoch: 3 [22720/24148 (94%)]	Loss: 5.210910
Train Epoch: 3 [23040/24148 (95%)]	Loss: 4.383687
Train Epoch: 3 [23360/24148 (97%)]	Loss: 5.116735
Train Epoch: 3 [23680/24148 (98%)]	Loss: 5.041923
Train Epoch: 3 [24000/24148 (99%)]	Loss: 4.744772

Test set: Average loss: 4.9898, Accuracy: 500/6037 (8%)

Train Epoch: 4 [0/24148 (0%)]	Loss: 4.977667
Train Epoch: 4 [320/24148 (1%)]	Loss: 5.097631
Train Epoch: 4 [640/24148 (3%)]	Loss: 4.560221
Train Epoch: 4 [960/24148 (4%)]	Loss: 5.149263
Train Epoch: 4 [1280/24148 (5%)]	Loss: 5.339177
Train Epoch: 4 [1600/24148 (7%)]	Loss: 5.058471
Train Epoch: 4 [1920/24148 (8%)]	Loss: 4.901312
Train Epoch: 4 [2240/24148 (9%)]	Loss: 4.821632
Train Epoch: 4 [2560/24148 (11%)]	Loss: 4.260894
Train Epoch: 4 [2880/24148 (12%)]	Loss: 4.684363
Train Epoch: 4 [3200/24148 (13%)]	Loss: 5.082869
Train Epoch: 4 [3520/24148 (15%)]	Loss: 4.930223
Train Epoch: 4 [3840/24148 (16%)]	Loss: 5.117331
Train Epoch: 4 [4160/24148 (17%)]	Loss: 5.095646
Train Epoch: 4 [4480/24148 (19%)]	Loss: 4.629169
Train Epoch: 4 [4800/24148 (20%)]	Loss: 4.541752
Train Epoch: 4 [5120/24148 (21%)]	Loss: 5.266095
Train Epoch: 4 [5440/24148 (23%)]	Loss: 4.902288
Train Epoch: 4 [5760/24148 (24%)]	Loss: 4.719172
Train Epoch: 4 [6080/24148 (25%)]	Loss: 4.896092
Train Epoch: 4 [6400/24148 (26%)]	Loss: 4.649099
Train Epoch: 4 [6720/24148 (28%)]	Loss: 5.152047
Train Epoch: 4 [7040/24148 (29%)]	Loss: 5.333792
Train Epoch: 4 [7360/24148 (30%)]	Loss: 5.310638
Train Epoch: 4 [7680/24148 (32%)]	Loss: 4.919129
Train Epoch: 4 [8000/24148 (33%)]	Loss: 4.678199
Train Epoch: 4 [8320/24148 (34%)]	Loss: 4.976273
Train Epoch: 4 [8640/24148 (36%)]	Loss: 5.336000
Train Epoch: 4 [8960/24148 (37%)]	Loss: 5.424331
Train Epoch: 4 [9280/24148 (38%)]	Loss: 5.043576
Train Epoch: 4 [9600/24148 (40%)]	Loss: 4.797723
Train Epoch: 4 [9920/24148 (41%)]	Loss: 4.703590
Train Epoch: 4 [10240/24148 (42%)]	Loss: 5.008185
Train Epoch: 4 [10560/24148 (44%)]	Loss: 5.247472
Train Epoch: 4 [10880/24148 (45%)]	Loss: 4.765124
Train Epoch: 4 [11200/24148 (46%)]	Loss: 5.388650
Train Epoch: 4 [11520/24148 (48%)]	Loss: 4.641182
Train Epoch: 4 [11840/24148 (49%)]	Loss: 4.962301
Train Epoch: 4 [12160/24148 (50%)]	Loss: 4.762558
Train Epoch: 4 [12480/24148 (52%)]	Loss: 4.653320
Train Epoch: 4 [12800/24148 (53%)]	Loss: 5.363156
Train Epoch: 4 [13120/24148 (54%)]	Loss: 5.145158
Train Epoch: 4 [13440/24148 (56%)]	Loss: 4.885861
Train Epoch: 4 [13760/24148 (57%)]	Loss: 4.844607
Train Epoch: 4 [14080/24148 (58%)]	Loss: 4.939404
Train Epoch: 4 [14400/24148 (60%)]	Loss: 5.102747
Train Epoch: 4 [14720/24148 (61%)]	Loss: 5.118995
Train Epoch: 4 [15040/24148 (62%)]	Loss: 4.980611
Train Epoch: 4 [15360/24148 (64%)]	Loss: 4.777192
Train Epoch: 4 [15680/24148 (65%)]	Loss: 4.701549
Train Epoch: 4 [16000/24148 (66%)]	Loss: 4.614211
Train Epoch: 4 [16320/24148 (68%)]	Loss: 4.994285
Train Epoch: 4 [16640/24148 (69%)]	Loss: 5.065392
Train Epoch: 4 [16960/24148 (70%)]	Loss: 4.979734
Train Epoch: 4 [17280/24148 (72%)]	Loss: 4.721571
Train Epoch: 4 [17600/24148 (73%)]	Loss: 5.077778
Train Epoch: 4 [17920/24148 (74%)]	Loss: 4.751199
Train Epoch: 4 [18240/24148 (75%)]	Loss: 4.886956
Train Epoch: 4 [18560/24148 (77%)]	Loss: 4.991966
Train Epoch: 4 [18880/24148 (78%)]	Loss: 5.019779
Train Epoch: 4 [19200/24148 (79%)]	Loss: 4.772944
Train Epoch: 4 [19520/24148 (81%)]	Loss: 4.592687
Train Epoch: 4 [19840/24148 (82%)]	Loss: 4.809041
Train Epoch: 4 [20160/24148 (83%)]	Loss: 5.041109
Train Epoch: 4 [20480/24148 (85%)]	Loss: 4.958855
Train Epoch: 4 [20800/24148 (86%)]	Loss: 4.843915
Train Epoch: 4 [21120/24148 (87%)]	Loss: 5.110651
Train Epoch: 4 [21440/24148 (89%)]	Loss: 5.056016
Train Epoch: 4 [21760/24148 (90%)]	Loss: 5.276639
Train Epoch: 4 [22080/24148 (91%)]	Loss: 4.838402
Train Epoch: 4 [22400/24148 (93%)]	Loss: 5.075877
Train Epoch: 4 [22720/24148 (94%)]	Loss: 4.614323
Train Epoch: 4 [23040/24148 (95%)]	Loss: 5.201260
Train Epoch: 4 [23360/24148 (97%)]	Loss: 5.181321
Train Epoch: 4 [23680/24148 (98%)]	Loss: 5.069372
Train Epoch: 4 [24000/24148 (99%)]	Loss: 4.811286

Test set: Average loss: 4.9417, Accuracy: 561/6037 (9%)

Train Epoch: 5 [0/24148 (0%)]	Loss: 5.011179
Train Epoch: 5 [320/24148 (1%)]	Loss: 4.881496
Train Epoch: 5 [640/24148 (3%)]	Loss: 4.784085
Train Epoch: 5 [960/24148 (4%)]	Loss: 4.999516
Train Epoch: 5 [1280/24148 (5%)]	Loss: 4.424738
Train Epoch: 5 [1600/24148 (7%)]	Loss: 4.698802
Train Epoch: 5 [1920/24148 (8%)]	Loss: 4.750155
Train Epoch: 5 [2240/24148 (9%)]	Loss: 4.900564
Train Epoch: 5 [2560/24148 (11%)]	Loss: 5.280364
Train Epoch: 5 [2880/24148 (12%)]	Loss: 5.015157
Train Epoch: 5 [3200/24148 (13%)]	Loss: 4.966344
Train Epoch: 5 [3520/24148 (15%)]	Loss: 4.847760
Train Epoch: 5 [3840/24148 (16%)]	Loss: 4.433240
Train Epoch: 5 [4160/24148 (17%)]	Loss: 4.642230
Train Epoch: 5 [4480/24148 (19%)]	Loss: 4.419945
Train Epoch: 5 [4800/24148 (20%)]	Loss: 5.193251
Train Epoch: 5 [5120/24148 (21%)]	Loss: 5.163517
Train Epoch: 5 [5440/24148 (23%)]	Loss: 4.743432
Train Epoch: 5 [5760/24148 (24%)]	Loss: 4.696814
Train Epoch: 5 [6080/24148 (25%)]	Loss: 4.811310
Train Epoch: 5 [6400/24148 (26%)]	Loss: 5.001437
Train Epoch: 5 [6720/24148 (28%)]	Loss: 5.251763
Train Epoch: 5 [7040/24148 (29%)]	Loss: 4.814479
Train Epoch: 5 [7360/24148 (30%)]	Loss: 4.928894
Train Epoch: 5 [7680/24148 (32%)]	Loss: 4.871305
Train Epoch: 5 [8000/24148 (33%)]	Loss: 4.699765
Train Epoch: 5 [8320/24148 (34%)]	Loss: 5.044149
Train Epoch: 5 [8640/24148 (36%)]	Loss: 5.110173
Train Epoch: 5 [8960/24148 (37%)]	Loss: 4.819304
Train Epoch: 5 [9280/24148 (38%)]	Loss: 4.164219
Train Epoch: 5 [9600/24148 (40%)]	Loss: 4.835282
Train Epoch: 5 [9920/24148 (41%)]	Loss: 4.571861
Train Epoch: 5 [10240/24148 (42%)]	Loss: 5.041408
Train Epoch: 5 [10560/24148 (44%)]	Loss: 4.776878
Train Epoch: 5 [10880/24148 (45%)]	Loss: 4.957746
Train Epoch: 5 [11200/24148 (46%)]	Loss: 4.790279
Train Epoch: 5 [11520/24148 (48%)]	Loss: 4.455588
Train Epoch: 5 [11840/24148 (49%)]	Loss: 5.041030
Train Epoch: 5 [12160/24148 (50%)]	Loss: 4.904211
Train Epoch: 5 [12480/24148 (52%)]	Loss: 5.012071
Train Epoch: 5 [12800/24148 (53%)]	Loss: 4.650871
Train Epoch: 5 [13120/24148 (54%)]	Loss: 4.716668
Train Epoch: 5 [13440/24148 (56%)]	Loss: 4.957491
Train Epoch: 5 [13760/24148 (57%)]	Loss: 5.038856
Train Epoch: 5 [14080/24148 (58%)]	Loss: 4.769793
Train Epoch: 5 [14400/24148 (60%)]	Loss: 4.856944
Train Epoch: 5 [14720/24148 (61%)]	Loss: 5.000104
Train Epoch: 5 [15040/24148 (62%)]	Loss: 4.837183
Train Epoch: 5 [15360/24148 (64%)]	Loss: 4.826135
Train Epoch: 5 [15680/24148 (65%)]	Loss: 5.167869
Train Epoch: 5 [16000/24148 (66%)]	Loss: 4.992822
Train Epoch: 5 [16320/24148 (68%)]	Loss: 5.443036
Train Epoch: 5 [16640/24148 (69%)]	Loss: 4.930683
Train Epoch: 5 [16960/24148 (70%)]	Loss: 4.984787
Train Epoch: 5 [17280/24148 (72%)]	Loss: 4.791891
Train Epoch: 5 [17600/24148 (73%)]	Loss: 4.663765
Train Epoch: 5 [17920/24148 (74%)]	Loss: 4.591665
Train Epoch: 5 [18240/24148 (75%)]	Loss: 4.854599
Train Epoch: 5 [18560/24148 (77%)]	Loss: 4.866670
Train Epoch: 5 [18880/24148 (78%)]	Loss: 4.804098
Train Epoch: 5 [19200/24148 (79%)]	Loss: 5.063077
Train Epoch: 5 [19520/24148 (81%)]	Loss: 4.399837
Train Epoch: 5 [19840/24148 (82%)]	Loss: 4.715631
Train Epoch: 5 [20160/24148 (83%)]	Loss: 4.923579
Train Epoch: 5 [20480/24148 (85%)]	Loss: 4.824311
Train Epoch: 5 [20800/24148 (86%)]	Loss: 4.820692
Train Epoch: 5 [21120/24148 (87%)]	Loss: 4.602121
Train Epoch: 5 [21440/24148 (89%)]	Loss: 4.778628
Train Epoch: 5 [21760/24148 (90%)]	Loss: 4.929468
Train Epoch: 5 [22080/24148 (91%)]	Loss: 4.838232
Train Epoch: 5 [22400/24148 (93%)]	Loss: 4.692759
Train Epoch: 5 [22720/24148 (94%)]	Loss: 4.740943
Train Epoch: 5 [23040/24148 (95%)]	Loss: 4.740720
Train Epoch: 5 [23360/24148 (97%)]	Loss: 5.050056
Train Epoch: 5 [23680/24148 (98%)]	Loss: 4.809479
Train Epoch: 5 [24000/24148 (99%)]	Loss: 4.665783

Test set: Average loss: 4.8645, Accuracy: 617/6037 (10%)

Train Epoch: 6 [0/24148 (0%)]	Loss: 4.801484
Train Epoch: 6 [320/24148 (1%)]	Loss: 4.593017
Train Epoch: 6 [640/24148 (3%)]	Loss: 4.153599
Train Epoch: 6 [960/24148 (4%)]	Loss: 4.680964
Train Epoch: 6 [1280/24148 (5%)]	Loss: 4.754609
Train Epoch: 6 [1600/24148 (7%)]	Loss: 5.138540
Train Epoch: 6 [1920/24148 (8%)]	Loss: 4.775050
Train Epoch: 6 [2240/24148 (9%)]	Loss: 4.710989
Train Epoch: 6 [2560/24148 (11%)]	Loss: 5.081513
Train Epoch: 6 [2880/24148 (12%)]	Loss: 4.603415
Train Epoch: 6 [3200/24148 (13%)]	Loss: 4.747845
Train Epoch: 6 [3520/24148 (15%)]	Loss: 4.843561
Train Epoch: 6 [3840/24148 (16%)]	Loss: 5.102167
Train Epoch: 6 [4160/24148 (17%)]	Loss: 4.928001
Train Epoch: 6 [4480/24148 (19%)]	Loss: 4.797618
Train Epoch: 6 [4800/24148 (20%)]	Loss: 4.925266
Train Epoch: 6 [5120/24148 (21%)]	Loss: 4.746854
Train Epoch: 6 [5440/24148 (23%)]	Loss: 4.498925
Train Epoch: 6 [5760/24148 (24%)]	Loss: 4.320393
Train Epoch: 6 [6080/24148 (25%)]	Loss: 4.902840
Train Epoch: 6 [6400/24148 (26%)]	Loss: 5.173434
Train Epoch: 6 [6720/24148 (28%)]	Loss: 4.715548
Train Epoch: 6 [7040/24148 (29%)]	Loss: 4.612605
Train Epoch: 6 [7360/24148 (30%)]	Loss: 4.741023
Train Epoch: 6 [7680/24148 (32%)]	Loss: 5.187220
Train Epoch: 6 [8000/24148 (33%)]	Loss: 4.538338
Train Epoch: 6 [8320/24148 (34%)]	Loss: 5.088583
Train Epoch: 6 [8640/24148 (36%)]	Loss: 4.606844
Train Epoch: 6 [8960/24148 (37%)]	Loss: 4.747474
Train Epoch: 6 [9280/24148 (38%)]	Loss: 4.703897
Train Epoch: 6 [9600/24148 (40%)]	Loss: 4.686048
Train Epoch: 6 [9920/24148 (41%)]	Loss: 4.547813
Train Epoch: 6 [10240/24148 (42%)]	Loss: 5.072830
Train Epoch: 6 [10560/24148 (44%)]	Loss: 4.893654
Train Epoch: 6 [10880/24148 (45%)]	Loss: 4.938427
Train Epoch: 6 [11200/24148 (46%)]	Loss: 4.385553
Train Epoch: 6 [11520/24148 (48%)]	Loss: 5.053861
Train Epoch: 6 [11840/24148 (49%)]	Loss: 4.812683
Train Epoch: 6 [12160/24148 (50%)]	Loss: 5.095570
Train Epoch: 6 [12480/24148 (52%)]	Loss: 5.050627
Train Epoch: 6 [12800/24148 (53%)]	Loss: 4.752658
Train Epoch: 6 [13120/24148 (54%)]	Loss: 4.920947
Train Epoch: 6 [13440/24148 (56%)]	Loss: 4.501539
Train Epoch: 6 [13760/24148 (57%)]	Loss: 4.654721
Train Epoch: 6 [14080/24148 (58%)]	Loss: 4.587645
Train Epoch: 6 [14400/24148 (60%)]	Loss: 4.976894
Train Epoch: 6 [14720/24148 (61%)]	Loss: 4.480468
Train Epoch: 6 [15040/24148 (62%)]	Loss: 4.691332
Train Epoch: 6 [15360/24148 (64%)]	Loss: 4.726169
Train Epoch: 6 [15680/24148 (65%)]	Loss: 4.990191
Train Epoch: 6 [16000/24148 (66%)]	Loss: 4.694318
Train Epoch: 6 [16320/24148 (68%)]	Loss: 4.891923
Train Epoch: 6 [16640/24148 (69%)]	Loss: 4.874537
Train Epoch: 6 [16960/24148 (70%)]	Loss: 4.736706
Train Epoch: 6 [17280/24148 (72%)]	Loss: 4.991335
Train Epoch: 6 [17600/24148 (73%)]	Loss: 5.117728
Train Epoch: 6 [17920/24148 (74%)]	Loss: 4.495004
Train Epoch: 6 [18240/24148 (75%)]	Loss: 4.971930
Train Epoch: 6 [18560/24148 (77%)]	Loss: 4.844131
Train Epoch: 6 [18880/24148 (78%)]	Loss: 4.732739
Train Epoch: 6 [19200/24148 (79%)]	Loss: 5.107188
Train Epoch: 6 [19520/24148 (81%)]	Loss: 4.326307
Train Epoch: 6 [19840/24148 (82%)]	Loss: 4.556107
Train Epoch: 6 [20160/24148 (83%)]	Loss: 4.872710
Train Epoch: 6 [20480/24148 (85%)]	Loss: 4.450969
Train Epoch: 6 [20800/24148 (86%)]	Loss: 4.817333
Train Epoch: 6 [21120/24148 (87%)]	Loss: 5.150203
Train Epoch: 6 [21440/24148 (89%)]	Loss: 4.992091
Train Epoch: 6 [21760/24148 (90%)]	Loss: 4.659687
Train Epoch: 6 [22080/24148 (91%)]	Loss: 4.966296
Train Epoch: 6 [22400/24148 (93%)]	Loss: 4.820135
Train Epoch: 6 [22720/24148 (94%)]	Loss: 4.599613
Train Epoch: 6 [23040/24148 (95%)]	Loss: 4.687729
Train Epoch: 6 [23360/24148 (97%)]	Loss: 4.655701
Train Epoch: 6 [23680/24148 (98%)]	Loss: 5.296525
Train Epoch: 6 [24000/24148 (99%)]	Loss: 4.696715

Test set: Average loss: 4.8008, Accuracy: 674/6037 (11%)

Train Epoch: 7 [0/24148 (0%)]	Loss: 4.608273
Train Epoch: 7 [320/24148 (1%)]	Loss: 4.938725
Train Epoch: 7 [640/24148 (3%)]	Loss: 4.427931
Train Epoch: 7 [960/24148 (4%)]	Loss: 4.600348
Train Epoch: 7 [1280/24148 (5%)]	Loss: 4.574965
Train Epoch: 7 [1600/24148 (7%)]	Loss: 5.099496
Train Epoch: 7 [1920/24148 (8%)]	Loss: 4.547553
Train Epoch: 7 [2240/24148 (9%)]	Loss: 4.951971
Train Epoch: 7 [2560/24148 (11%)]	Loss: 4.788190
Train Epoch: 7 [2880/24148 (12%)]	Loss: 4.619404
Train Epoch: 7 [3200/24148 (13%)]	Loss: 4.833459
Train Epoch: 7 [3520/24148 (15%)]	Loss: 4.592637
Train Epoch: 7 [3840/24148 (16%)]	Loss: 4.426425
Train Epoch: 7 [4160/24148 (17%)]	Loss: 4.859669
Train Epoch: 7 [4480/24148 (19%)]	Loss: 4.763164
Train Epoch: 7 [4800/24148 (20%)]	Loss: 5.115785
Train Epoch: 7 [5120/24148 (21%)]	Loss: 4.919868
Train Epoch: 7 [5440/24148 (23%)]	Loss: 4.442248
Train Epoch: 7 [5760/24148 (24%)]	Loss: 4.604716
Train Epoch: 7 [6080/24148 (25%)]	Loss: 4.660451
Train Epoch: 7 [6400/24148 (26%)]	Loss: 5.027669
Train Epoch: 7 [6720/24148 (28%)]	Loss: 4.397501
Train Epoch: 7 [7040/24148 (29%)]	Loss: 4.653504
Train Epoch: 7 [7360/24148 (30%)]	Loss: 4.580557
Train Epoch: 7 [7680/24148 (32%)]	Loss: 4.899133
Train Epoch: 7 [8000/24148 (33%)]	Loss: 4.470625
Train Epoch: 7 [8320/24148 (34%)]	Loss: 5.091344
Train Epoch: 7 [8640/24148 (36%)]	Loss: 4.709979
Train Epoch: 7 [8960/24148 (37%)]	Loss: 4.967890
Train Epoch: 7 [9280/24148 (38%)]	Loss: 4.927806
Train Epoch: 7 [9600/24148 (40%)]	Loss: 4.863609
Train Epoch: 7 [9920/24148 (41%)]	Loss: 5.205680
Train Epoch: 7 [10240/24148 (42%)]	Loss: 4.507376
Train Epoch: 7 [10560/24148 (44%)]	Loss: 4.491573
Train Epoch: 7 [10880/24148 (45%)]	Loss: 5.030528
Train Epoch: 7 [11200/24148 (46%)]	Loss: 4.646450
Train Epoch: 7 [11520/24148 (48%)]	Loss: 4.936955
Train Epoch: 7 [11840/24148 (49%)]	Loss: 4.901612
Train Epoch: 7 [12160/24148 (50%)]	Loss: 4.547312
Train Epoch: 7 [12480/24148 (52%)]	Loss: 4.566640
Train Epoch: 7 [12800/24148 (53%)]	Loss: 4.500700
Train Epoch: 7 [13120/24148 (54%)]	Loss: 4.379486
Train Epoch: 7 [13440/24148 (56%)]	Loss: 4.700367
Train Epoch: 7 [13760/24148 (57%)]	Loss: 4.394058
Train Epoch: 7 [14080/24148 (58%)]	Loss: 4.873055
Train Epoch: 7 [14400/24148 (60%)]	Loss: 4.522641
Train Epoch: 7 [14720/24148 (61%)]	Loss: 4.660907
Train Epoch: 7 [15040/24148 (62%)]	Loss: 4.866954
Train Epoch: 7 [15360/24148 (64%)]	Loss: 4.576641
Train Epoch: 7 [15680/24148 (65%)]	Loss: 4.455828
Train Epoch: 7 [16000/24148 (66%)]	Loss: 4.724584
Train Epoch: 7 [16320/24148 (68%)]	Loss: 4.550274
Train Epoch: 7 [16640/24148 (69%)]	Loss: 4.949118
Train Epoch: 7 [16960/24148 (70%)]	Loss: 4.905161
Train Epoch: 7 [17280/24148 (72%)]	Loss: 4.571722
Train Epoch: 7 [17600/24148 (73%)]	Loss: 4.594660
Train Epoch: 7 [17920/24148 (74%)]	Loss: 4.858019
Train Epoch: 7 [18240/24148 (75%)]	Loss: 4.595435
Train Epoch: 7 [18560/24148 (77%)]	Loss: 4.535051
Train Epoch: 7 [18880/24148 (78%)]	Loss: 4.693606
Train Epoch: 7 [19200/24148 (79%)]	Loss: 4.947256
Train Epoch: 7 [19520/24148 (81%)]	Loss: 4.502169
Train Epoch: 7 [19840/24148 (82%)]	Loss: 4.864438
Train Epoch: 7 [20160/24148 (83%)]	Loss: 4.811178
Train Epoch: 7 [20480/24148 (85%)]	Loss: 4.505580
Train Epoch: 7 [20800/24148 (86%)]	Loss: 4.509902
Train Epoch: 7 [21120/24148 (87%)]	Loss: 4.776133
Train Epoch: 7 [21440/24148 (89%)]	Loss: 4.541526
Train Epoch: 7 [21760/24148 (90%)]	Loss: 5.075376
Train Epoch: 7 [22080/24148 (91%)]	Loss: 4.702347
Train Epoch: 7 [22400/24148 (93%)]	Loss: 5.198953
Train Epoch: 7 [22720/24148 (94%)]	Loss: 4.964183
Train Epoch: 7 [23040/24148 (95%)]	Loss: 5.173071
Train Epoch: 7 [23360/24148 (97%)]	Loss: 4.688156
Train Epoch: 7 [23680/24148 (98%)]	Loss: 4.809712
Train Epoch: 7 [24000/24148 (99%)]	Loss: 4.351079

Test set: Average loss: 4.7937, Accuracy: 693/6037 (11%)

Train Epoch: 8 [0/24148 (0%)]	Loss: 4.897516
Train Epoch: 8 [320/24148 (1%)]	Loss: 4.675818
Train Epoch: 8 [640/24148 (3%)]	Loss: 4.989777
Train Epoch: 8 [960/24148 (4%)]	Loss: 4.333293
Train Epoch: 8 [1280/24148 (5%)]	Loss: 4.683030
Train Epoch: 8 [1600/24148 (7%)]	Loss: 4.424623
Train Epoch: 8 [1920/24148 (8%)]	Loss: 4.108915
Train Epoch: 8 [2240/24148 (9%)]	Loss: 4.757996
Train Epoch: 8 [2560/24148 (11%)]	Loss: 4.776139
Train Epoch: 8 [2880/24148 (12%)]	Loss: 4.705343
Train Epoch: 8 [3200/24148 (13%)]	Loss: 4.205503
Train Epoch: 8 [3520/24148 (15%)]	Loss: 4.408461
Train Epoch: 8 [3840/24148 (16%)]	Loss: 4.461798
Train Epoch: 8 [4160/24148 (17%)]	Loss: 4.919395
Train Epoch: 8 [4480/24148 (19%)]	Loss: 3.967868
Train Epoch: 8 [4800/24148 (20%)]	Loss: 4.816898
Train Epoch: 8 [5120/24148 (21%)]	Loss: 5.085471
Train Epoch: 8 [5440/24148 (23%)]	Loss: 4.871997
Train Epoch: 8 [5760/24148 (24%)]	Loss: 4.668538
Train Epoch: 8 [6080/24148 (25%)]	Loss: 4.320971
Train Epoch: 8 [6400/24148 (26%)]	Loss: 4.474659
Train Epoch: 8 [6720/24148 (28%)]	Loss: 4.603661
Train Epoch: 8 [7040/24148 (29%)]	Loss: 4.814467
Train Epoch: 8 [7360/24148 (30%)]	Loss: 4.291665
Train Epoch: 8 [7680/24148 (32%)]	Loss: 4.753215
Train Epoch: 8 [8000/24148 (33%)]	Loss: 4.601094
Train Epoch: 8 [8320/24148 (34%)]	Loss: 4.764641
Train Epoch: 8 [8640/24148 (36%)]	Loss: 4.509534
Train Epoch: 8 [8960/24148 (37%)]	Loss: 4.373830
Train Epoch: 8 [9280/24148 (38%)]	Loss: 4.790358
Train Epoch: 8 [9600/24148 (40%)]	Loss: 4.780618
Train Epoch: 8 [9920/24148 (41%)]	Loss: 4.660872
Train Epoch: 8 [10240/24148 (42%)]	Loss: 4.501389
Train Epoch: 8 [10560/24148 (44%)]	Loss: 4.585492
Train Epoch: 8 [10880/24148 (45%)]	Loss: 4.561587
Train Epoch: 8 [11200/24148 (46%)]	Loss: 4.675865
Train Epoch: 8 [11520/24148 (48%)]	Loss: 4.426032
Train Epoch: 8 [11840/24148 (49%)]	Loss: 4.713630
Train Epoch: 8 [12160/24148 (50%)]	Loss: 4.746140
Train Epoch: 8 [12480/24148 (52%)]	Loss: 4.645769
Train Epoch: 8 [12800/24148 (53%)]	Loss: 4.237051
Train Epoch: 8 [13120/24148 (54%)]	Loss: 4.948154
Train Epoch: 8 [13440/24148 (56%)]	Loss: 4.792170
Train Epoch: 8 [13760/24148 (57%)]	Loss: 4.514064
Train Epoch: 8 [14080/24148 (58%)]	Loss: 4.635509
Train Epoch: 8 [14400/24148 (60%)]	Loss: 4.663155
Train Epoch: 8 [14720/24148 (61%)]	Loss: 4.532860
Train Epoch: 8 [15040/24148 (62%)]	Loss: 4.898355
Train Epoch: 8 [15360/24148 (64%)]	Loss: 4.587029
Train Epoch: 8 [15680/24148 (65%)]	Loss: 5.072788
Train Epoch: 8 [16000/24148 (66%)]	Loss: 4.565629
Train Epoch: 8 [16320/24148 (68%)]	Loss: 4.290368
Train Epoch: 8 [16640/24148 (69%)]	Loss: 4.558556
Train Epoch: 8 [16960/24148 (70%)]	Loss: 4.568962
Train Epoch: 8 [17280/24148 (72%)]	Loss: 4.909028
Train Epoch: 8 [17600/24148 (73%)]	Loss: 4.842942
Train Epoch: 8 [17920/24148 (74%)]	Loss: 4.537626
Train Epoch: 8 [18240/24148 (75%)]	Loss: 4.437461
Train Epoch: 8 [18560/24148 (77%)]	Loss: 4.702925
Train Epoch: 8 [18880/24148 (78%)]	Loss: 4.646461
Train Epoch: 8 [19200/24148 (79%)]	Loss: 4.652081
Train Epoch: 8 [19520/24148 (81%)]	Loss: 4.411385
Train Epoch: 8 [19840/24148 (82%)]	Loss: 4.663988
Train Epoch: 8 [20160/24148 (83%)]	Loss: 4.594019
Train Epoch: 8 [20480/24148 (85%)]	Loss: 4.894397
Train Epoch: 8 [20800/24148 (86%)]	Loss: 4.964442
Train Epoch: 8 [21120/24148 (87%)]	Loss: 4.700088
Train Epoch: 8 [21440/24148 (89%)]	Loss: 4.666469
Train Epoch: 8 [21760/24148 (90%)]	Loss: 4.947286
Train Epoch: 8 [22080/24148 (91%)]	Loss: 4.547349
Train Epoch: 8 [22400/24148 (93%)]	Loss: 5.069314
Train Epoch: 8 [22720/24148 (94%)]	Loss: 4.661480
Train Epoch: 8 [23040/24148 (95%)]	Loss: 4.894837
Train Epoch: 8 [23360/24148 (97%)]	Loss: 4.906080
Train Epoch: 8 [23680/24148 (98%)]	Loss: 4.512110
Train Epoch: 8 [24000/24148 (99%)]	Loss: 4.353548

Test set: Average loss: 4.7582, Accuracy: 695/6037 (12%)

Train Epoch: 9 [0/24148 (0%)]	Loss: 4.993849
Train Epoch: 9 [320/24148 (1%)]	Loss: 4.756160
Train Epoch: 9 [640/24148 (3%)]	Loss: 4.508570
Train Epoch: 9 [960/24148 (4%)]	Loss: 4.739156
Train Epoch: 9 [1280/24148 (5%)]	Loss: 4.617336
Train Epoch: 9 [1600/24148 (7%)]	Loss: 4.355894
Train Epoch: 9 [1920/24148 (8%)]	Loss: 4.305822
Train Epoch: 9 [2240/24148 (9%)]	Loss: 4.924009
Train Epoch: 9 [2560/24148 (11%)]	Loss: 4.502201
Train Epoch: 9 [2880/24148 (12%)]	Loss: 4.817972
Train Epoch: 9 [3200/24148 (13%)]	Loss: 4.889409
Train Epoch: 9 [3520/24148 (15%)]	Loss: 4.460550
Train Epoch: 9 [3840/24148 (16%)]	Loss: 4.413004
Train Epoch: 9 [4160/24148 (17%)]	Loss: 4.612448
Train Epoch: 9 [4480/24148 (19%)]	Loss: 4.532370
Train Epoch: 9 [4800/24148 (20%)]	Loss: 5.016074
Train Epoch: 9 [5120/24148 (21%)]	Loss: 4.806785
Train Epoch: 9 [5440/24148 (23%)]	Loss: 4.123000
Train Epoch: 9 [5760/24148 (24%)]	Loss: 4.109924
Train Epoch: 9 [6080/24148 (25%)]	Loss: 4.232878
Train Epoch: 9 [6400/24148 (26%)]	Loss: 4.479731
Train Epoch: 9 [6720/24148 (28%)]	Loss: 4.478375
Train Epoch: 9 [7040/24148 (29%)]	Loss: 4.403070
Train Epoch: 9 [7360/24148 (30%)]	Loss: 4.479734
Train Epoch: 9 [7680/24148 (32%)]	Loss: 4.722874
Train Epoch: 9 [8000/24148 (33%)]	Loss: 4.520911
Train Epoch: 9 [8320/24148 (34%)]	Loss: 4.832242
Train Epoch: 9 [8640/24148 (36%)]	Loss: 4.779677
Train Epoch: 9 [8960/24148 (37%)]	Loss: 4.726782
Train Epoch: 9 [9280/24148 (38%)]	Loss: 4.686630
Train Epoch: 9 [9600/24148 (40%)]	Loss: 4.744978
Train Epoch: 9 [9920/24148 (41%)]	Loss: 4.936933
Train Epoch: 9 [10240/24148 (42%)]	Loss: 4.749321
Train Epoch: 9 [10560/24148 (44%)]	Loss: 4.522686
Train Epoch: 9 [10880/24148 (45%)]	Loss: 4.555087
Train Epoch: 9 [11200/24148 (46%)]	Loss: 4.599273
Train Epoch: 9 [11520/24148 (48%)]	Loss: 5.224081
Train Epoch: 9 [11840/24148 (49%)]	Loss: 4.156387
Train Epoch: 9 [12160/24148 (50%)]	Loss: 4.287298
Train Epoch: 9 [12480/24148 (52%)]	Loss: 3.851422
Train Epoch: 9 [12800/24148 (53%)]	Loss: 4.613380
Train Epoch: 9 [13120/24148 (54%)]	Loss: 5.066692
Train Epoch: 9 [13440/24148 (56%)]	Loss: 4.687210
Train Epoch: 9 [13760/24148 (57%)]	Loss: 4.694197
Train Epoch: 9 [14080/24148 (58%)]	Loss: 4.627552
Train Epoch: 9 [14400/24148 (60%)]	Loss: 4.718831
Train Epoch: 9 [14720/24148 (61%)]	Loss: 4.531728
Train Epoch: 9 [15040/24148 (62%)]	Loss: 4.818382
Train Epoch: 9 [15360/24148 (64%)]	Loss: 5.057337
Train Epoch: 9 [15680/24148 (65%)]	Loss: 4.249763
Train Epoch: 9 [16000/24148 (66%)]	Loss: 4.484555
Train Epoch: 9 [16320/24148 (68%)]	Loss: 4.462771
Train Epoch: 9 [16640/24148 (69%)]	Loss: 4.339253
Train Epoch: 9 [16960/24148 (70%)]	Loss: 4.717388
Train Epoch: 9 [17280/24148 (72%)]	Loss: 4.589350
Train Epoch: 9 [17600/24148 (73%)]	Loss: 4.999059
Train Epoch: 9 [17920/24148 (74%)]	Loss: 4.280066
Train Epoch: 9 [18240/24148 (75%)]	Loss: 4.291465
Train Epoch: 9 [18560/24148 (77%)]	Loss: 4.844214
Train Epoch: 9 [18880/24148 (78%)]	Loss: 4.620014
Train Epoch: 9 [19200/24148 (79%)]	Loss: 4.531964
Train Epoch: 9 [19520/24148 (81%)]	Loss: 4.848174
Train Epoch: 9 [19840/24148 (82%)]	Loss: 4.932863
Train Epoch: 9 [20160/24148 (83%)]	Loss: 4.646976
Train Epoch: 9 [20480/24148 (85%)]	Loss: 4.412072
Train Epoch: 9 [20800/24148 (86%)]	Loss: 4.252364
Train Epoch: 9 [21120/24148 (87%)]	Loss: 4.427933
Train Epoch: 9 [21440/24148 (89%)]	Loss: 4.724854
Train Epoch: 9 [21760/24148 (90%)]	Loss: 4.647838
Train Epoch: 9 [22080/24148 (91%)]	Loss: 4.361439
Train Epoch: 9 [22400/24148 (93%)]	Loss: 4.906716
Train Epoch: 9 [22720/24148 (94%)]	Loss: 4.756426
Train Epoch: 9 [23040/24148 (95%)]	Loss: 4.187467
Train Epoch: 9 [23360/24148 (97%)]	Loss: 4.956481
Train Epoch: 9 [23680/24148 (98%)]	Loss: 4.484931
Train Epoch: 9 [24000/24148 (99%)]	Loss: 4.604849

Test set: Average loss: 4.6887, Accuracy: 774/6037 (13%)

Train Epoch: 10 [0/24148 (0%)]	Loss: 4.684407
Train Epoch: 10 [320/24148 (1%)]	Loss: 4.663516
Train Epoch: 10 [640/24148 (3%)]	Loss: 4.713424
Train Epoch: 10 [960/24148 (4%)]	Loss: 4.504503
Train Epoch: 10 [1280/24148 (5%)]	Loss: 4.911099
Train Epoch: 10 [1600/24148 (7%)]	Loss: 4.491275
Train Epoch: 10 [1920/24148 (8%)]	Loss: 4.492089
Train Epoch: 10 [2240/24148 (9%)]	Loss: 4.253106
Train Epoch: 10 [2560/24148 (11%)]	Loss: 4.382710
Train Epoch: 10 [2880/24148 (12%)]	Loss: 4.924692
Train Epoch: 10 [3200/24148 (13%)]	Loss: 4.065352
Train Epoch: 10 [3520/24148 (15%)]	Loss: 4.384645
Train Epoch: 10 [3840/24148 (16%)]	Loss: 4.506351
Train Epoch: 10 [4160/24148 (17%)]	Loss: 4.742981
Train Epoch: 10 [4480/24148 (19%)]	Loss: 4.158911
Train Epoch: 10 [4800/24148 (20%)]	Loss: 3.994176
Train Epoch: 10 [5120/24148 (21%)]	Loss: 4.696103
Train Epoch: 10 [5440/24148 (23%)]	Loss: 3.923120
Train Epoch: 10 [5760/24148 (24%)]	Loss: 4.673810
Train Epoch: 10 [6080/24148 (25%)]	Loss: 4.375543
Train Epoch: 10 [6400/24148 (26%)]	Loss: 4.775978
Train Epoch: 10 [6720/24148 (28%)]	Loss: 4.237144
Train Epoch: 10 [7040/24148 (29%)]	Loss: 4.404621
Train Epoch: 10 [7360/24148 (30%)]	Loss: 4.841127
Train Epoch: 10 [7680/24148 (32%)]	Loss: 4.700981
Train Epoch: 10 [8000/24148 (33%)]	Loss: 4.675361
Train Epoch: 10 [8320/24148 (34%)]	Loss: 4.535556
Train Epoch: 10 [8640/24148 (36%)]	Loss: 4.299339
Train Epoch: 10 [8960/24148 (37%)]	Loss: 4.367020
Train Epoch: 10 [9280/24148 (38%)]	Loss: 4.020245
Train Epoch: 10 [9600/24148 (40%)]	Loss: 4.316686
Train Epoch: 10 [9920/24148 (41%)]	Loss: 4.409278
Train Epoch: 10 [10240/24148 (42%)]	Loss: 4.310881
Train Epoch: 10 [10560/24148 (44%)]	Loss: 4.278234
Train Epoch: 10 [10880/24148 (45%)]	Loss: 4.723796
Train Epoch: 10 [11200/24148 (46%)]	Loss: 5.136037
Train Epoch: 10 [11520/24148 (48%)]	Loss: 4.383398
Train Epoch: 10 [11840/24148 (49%)]	Loss: 4.657424
Train Epoch: 10 [12160/24148 (50%)]	Loss: 4.613646
Train Epoch: 10 [12480/24148 (52%)]	Loss: 4.701319
Train Epoch: 10 [12800/24148 (53%)]	Loss: 4.770468
Train Epoch: 10 [13120/24148 (54%)]	Loss: 4.623376
Train Epoch: 10 [13440/24148 (56%)]	Loss: 4.352407
Train Epoch: 10 [13760/24148 (57%)]	Loss: 4.583672
Train Epoch: 10 [14080/24148 (58%)]	Loss: 4.432241
Train Epoch: 10 [14400/24148 (60%)]	Loss: 4.504994
Train Epoch: 10 [14720/24148 (61%)]	Loss: 4.556181
Train Epoch: 10 [15040/24148 (62%)]	Loss: 4.216283
Train Epoch: 10 [15360/24148 (64%)]	Loss: 4.674100
Train Epoch: 10 [15680/24148 (65%)]	Loss: 4.097220
Train Epoch: 10 [16000/24148 (66%)]	Loss: 4.395722
Train Epoch: 10 [16320/24148 (68%)]	Loss: 4.424716
Train Epoch: 10 [16640/24148 (69%)]	Loss: 4.250165
Train Epoch: 10 [16960/24148 (70%)]	Loss: 4.328065
Train Epoch: 10 [17280/24148 (72%)]	Loss: 4.309068
Train Epoch: 10 [17600/24148 (73%)]	Loss: 4.378432
Train Epoch: 10 [17920/24148 (74%)]	Loss: 4.378098
Train Epoch: 10 [18240/24148 (75%)]	Loss: 4.788039
Train Epoch: 10 [18560/24148 (77%)]	Loss: 4.131736
Train Epoch: 10 [18880/24148 (78%)]	Loss: 4.346874
Train Epoch: 10 [19200/24148 (79%)]	Loss: 4.697973
Train Epoch: 10 [19520/24148 (81%)]	Loss: 3.984462
Train Epoch: 10 [19840/24148 (82%)]	Loss: 4.607084
Train Epoch: 10 [20160/24148 (83%)]	Loss: 4.782940
Train Epoch: 10 [20480/24148 (85%)]	Loss: 4.690656
Train Epoch: 10 [20800/24148 (86%)]	Loss: 4.802047
Train Epoch: 10 [21120/24148 (87%)]	Loss: 4.251672
Train Epoch: 10 [21440/24148 (89%)]	Loss: 4.304783
Train Epoch: 10 [21760/24148 (90%)]	Loss: 4.625147
Train Epoch: 10 [22080/24148 (91%)]	Loss: 4.612105
Train Epoch: 10 [22400/24148 (93%)]	Loss: 4.989702
Train Epoch: 10 [22720/24148 (94%)]	Loss: 3.887180
Train Epoch: 10 [23040/24148 (95%)]	Loss: 4.619940
Train Epoch: 10 [23360/24148 (97%)]	Loss: 4.790650
Train Epoch: 10 [23680/24148 (98%)]	Loss: 4.138189
Train Epoch: 10 [24000/24148 (99%)]	Loss: 4.393978

Test set: Average loss: 4.6839, Accuracy: 772/6037 (13%)

Average seconds for training 1 epoch: 205.26265294551848
Average seconds for testing: 19.044185709953307
