Files already downloaded and verified
Total number of parameters in the model: 13380865
Train Epoch: 1 [0/24148 (0%)]	Loss: 5.624882
Train Epoch: 1 [320/24148 (1%)]	Loss: 6.332714
Train Epoch: 1 [640/24148 (3%)]	Loss: 6.076509
Train Epoch: 1 [960/24148 (4%)]	Loss: 5.560555
Train Epoch: 1 [1280/24148 (5%)]	Loss: 5.658320
Train Epoch: 1 [1600/24148 (7%)]	Loss: 5.833699
Train Epoch: 1 [1920/24148 (8%)]	Loss: 5.477704
Train Epoch: 1 [2240/24148 (9%)]	Loss: 5.748225
Train Epoch: 1 [2560/24148 (11%)]	Loss: 5.710614
Train Epoch: 1 [2880/24148 (12%)]	Loss: 5.463289
Train Epoch: 1 [3200/24148 (13%)]	Loss: 5.562370
Train Epoch: 1 [3520/24148 (15%)]	Loss: 5.661822
Train Epoch: 1 [3840/24148 (16%)]	Loss: 5.317240
Train Epoch: 1 [4160/24148 (17%)]	Loss: 5.390018
Train Epoch: 1 [4480/24148 (19%)]	Loss: 5.382283
Train Epoch: 1 [4800/24148 (20%)]	Loss: 5.590055
Train Epoch: 1 [5120/24148 (21%)]	Loss: 5.531559
Train Epoch: 1 [5440/24148 (23%)]	Loss: 5.790040
Train Epoch: 1 [5760/24148 (24%)]	Loss: 5.584045
Train Epoch: 1 [6080/24148 (25%)]	Loss: 5.574975
Train Epoch: 1 [6400/24148 (26%)]	Loss: 5.417417
Train Epoch: 1 [6720/24148 (28%)]	Loss: 5.567493
Train Epoch: 1 [7040/24148 (29%)]	Loss: 5.310307
Train Epoch: 1 [7360/24148 (30%)]	Loss: 5.430461
Train Epoch: 1 [7680/24148 (32%)]	Loss: 5.446200
Train Epoch: 1 [8000/24148 (33%)]	Loss: 5.746255
Train Epoch: 1 [8320/24148 (34%)]	Loss: 5.601293
Train Epoch: 1 [8640/24148 (36%)]	Loss: 5.675743
Train Epoch: 1 [8960/24148 (37%)]	Loss: 5.351212
Train Epoch: 1 [9280/24148 (38%)]	Loss: 5.441860
Train Epoch: 1 [9600/24148 (40%)]	Loss: 5.551737
Train Epoch: 1 [9920/24148 (41%)]	Loss: 5.325934
Train Epoch: 1 [10240/24148 (42%)]	Loss: 5.129198
Train Epoch: 1 [10560/24148 (44%)]	Loss: 5.465391
Train Epoch: 1 [10880/24148 (45%)]	Loss: 5.371383
Train Epoch: 1 [11200/24148 (46%)]	Loss: 5.150647
Train Epoch: 1 [11520/24148 (48%)]	Loss: 5.528250
Train Epoch: 1 [11840/24148 (49%)]	Loss: 5.516761
Train Epoch: 1 [12160/24148 (50%)]	Loss: 5.219441
Train Epoch: 1 [12480/24148 (52%)]	Loss: 5.341577
Train Epoch: 1 [12800/24148 (53%)]	Loss: 5.361480
Train Epoch: 1 [13120/24148 (54%)]	Loss: 5.261258
Train Epoch: 1 [13440/24148 (56%)]	Loss: 5.384983
Train Epoch: 1 [13760/24148 (57%)]	Loss: 5.450755
Train Epoch: 1 [14080/24148 (58%)]	Loss: 5.540383
Train Epoch: 1 [14400/24148 (60%)]	Loss: 5.475739
Train Epoch: 1 [14720/24148 (61%)]	Loss: 5.456133
Train Epoch: 1 [15040/24148 (62%)]	Loss: 5.437128
Train Epoch: 1 [15360/24148 (64%)]	Loss: 5.442121
Train Epoch: 1 [15680/24148 (65%)]	Loss: 5.480011
Train Epoch: 1 [16000/24148 (66%)]	Loss: 5.464813
Train Epoch: 1 [16320/24148 (68%)]	Loss: 5.626170
Train Epoch: 1 [16640/24148 (69%)]	Loss: 5.359560
Train Epoch: 1 [16960/24148 (70%)]	Loss: 5.473030
Train Epoch: 1 [17280/24148 (72%)]	Loss: 5.358992
Train Epoch: 1 [17600/24148 (73%)]	Loss: 5.685560
Train Epoch: 1 [17920/24148 (74%)]	Loss: 5.171363
Train Epoch: 1 [18240/24148 (75%)]	Loss: 5.554286
Train Epoch: 1 [18560/24148 (77%)]	Loss: 5.542213
Train Epoch: 1 [18880/24148 (78%)]	Loss: 5.312319
Train Epoch: 1 [19200/24148 (79%)]	Loss: 5.281946
Train Epoch: 1 [19520/24148 (81%)]	Loss: 5.225513
Train Epoch: 1 [19840/24148 (82%)]	Loss: 5.486374
Train Epoch: 1 [20160/24148 (83%)]	Loss: 5.378479
Train Epoch: 1 [20480/24148 (85%)]	Loss: 5.458346
Train Epoch: 1 [20800/24148 (86%)]	Loss: 5.394020
Train Epoch: 1 [21120/24148 (87%)]	Loss: 5.489962
Train Epoch: 1 [21440/24148 (89%)]	Loss: 5.193116
Train Epoch: 1 [21760/24148 (90%)]	Loss: 5.170195
Train Epoch: 1 [22080/24148 (91%)]	Loss: 5.707738
Train Epoch: 1 [22400/24148 (93%)]	Loss: 5.254331
Train Epoch: 1 [22720/24148 (94%)]	Loss: 5.597157
Train Epoch: 1 [23040/24148 (95%)]	Loss: 5.304940
Train Epoch: 1 [23360/24148 (97%)]	Loss: 5.252409
Train Epoch: 1 [23680/24148 (98%)]	Loss: 5.524665
Train Epoch: 1 [24000/24148 (99%)]	Loss: 5.361476

Test set: Average loss: 5.3298, Accuracy: 280/6037 (5%)

Train Epoch: 2 [0/24148 (0%)]	Loss: 5.135727
Train Epoch: 2 [320/24148 (1%)]	Loss: 5.433385
Train Epoch: 2 [640/24148 (3%)]	Loss: 5.280103
Train Epoch: 2 [960/24148 (4%)]	Loss: 5.366731
Train Epoch: 2 [1280/24148 (5%)]	Loss: 5.222406
Train Epoch: 2 [1600/24148 (7%)]	Loss: 5.577115
Train Epoch: 2 [1920/24148 (8%)]	Loss: 5.267442
Train Epoch: 2 [2240/24148 (9%)]	Loss: 4.971643
Train Epoch: 2 [2560/24148 (11%)]	Loss: 5.140351
Train Epoch: 2 [2880/24148 (12%)]	Loss: 5.452587
Train Epoch: 2 [3200/24148 (13%)]	Loss: 5.109060
Train Epoch: 2 [3520/24148 (15%)]	Loss: 5.195987
Train Epoch: 2 [3840/24148 (16%)]	Loss: 5.262068
Train Epoch: 2 [4160/24148 (17%)]	Loss: 5.341931
Train Epoch: 2 [4480/24148 (19%)]	Loss: 5.614163
Train Epoch: 2 [4800/24148 (20%)]	Loss: 5.341101
Train Epoch: 2 [5120/24148 (21%)]	Loss: 5.302588
Train Epoch: 2 [5440/24148 (23%)]	Loss: 5.331592
Train Epoch: 2 [5760/24148 (24%)]	Loss: 5.499652
Train Epoch: 2 [6080/24148 (25%)]	Loss: 5.604662
Train Epoch: 2 [6400/24148 (26%)]	Loss: 5.124900
Train Epoch: 2 [6720/24148 (28%)]	Loss: 5.384696
Train Epoch: 2 [7040/24148 (29%)]	Loss: 5.432570
Train Epoch: 2 [7360/24148 (30%)]	Loss: 5.279166
Train Epoch: 2 [7680/24148 (32%)]	Loss: 5.339741
Train Epoch: 2 [8000/24148 (33%)]	Loss: 5.290024
Train Epoch: 2 [8320/24148 (34%)]	Loss: 5.201057
Train Epoch: 2 [8640/24148 (36%)]	Loss: 4.989071
Train Epoch: 2 [8960/24148 (37%)]	Loss: 5.230728
Train Epoch: 2 [9280/24148 (38%)]	Loss: 5.154485
Train Epoch: 2 [9600/24148 (40%)]	Loss: 5.365090
Train Epoch: 2 [9920/24148 (41%)]	Loss: 5.217250
Train Epoch: 2 [10240/24148 (42%)]	Loss: 5.247823
Train Epoch: 2 [10560/24148 (44%)]	Loss: 5.533264
Train Epoch: 2 [10880/24148 (45%)]	Loss: 5.345230
Train Epoch: 2 [11200/24148 (46%)]	Loss: 5.186737
Train Epoch: 2 [11520/24148 (48%)]	Loss: 5.275111
Train Epoch: 2 [11840/24148 (49%)]	Loss: 5.176411
Train Epoch: 2 [12160/24148 (50%)]	Loss: 5.238897
Train Epoch: 2 [12480/24148 (52%)]	Loss: 5.431041
Train Epoch: 2 [12800/24148 (53%)]	Loss: 5.310367
Train Epoch: 2 [13120/24148 (54%)]	Loss: 5.574333
Train Epoch: 2 [13440/24148 (56%)]	Loss: 5.464640
Train Epoch: 2 [13760/24148 (57%)]	Loss: 5.401067
Train Epoch: 2 [14080/24148 (58%)]	Loss: 5.133811
Train Epoch: 2 [14400/24148 (60%)]	Loss: 5.518010
Train Epoch: 2 [14720/24148 (61%)]	Loss: 5.369157
Train Epoch: 2 [15040/24148 (62%)]	Loss: 5.505115
Train Epoch: 2 [15360/24148 (64%)]	Loss: 5.416818
Train Epoch: 2 [15680/24148 (65%)]	Loss: 5.204865
Train Epoch: 2 [16000/24148 (66%)]	Loss: 5.271191
Train Epoch: 2 [16320/24148 (68%)]	Loss: 5.191441
Train Epoch: 2 [16640/24148 (69%)]	Loss: 5.370179
Train Epoch: 2 [16960/24148 (70%)]	Loss: 5.288437
Train Epoch: 2 [17280/24148 (72%)]	Loss: 5.352446
Train Epoch: 2 [17600/24148 (73%)]	Loss: 5.270574
Train Epoch: 2 [17920/24148 (74%)]	Loss: 5.246652
Train Epoch: 2 [18240/24148 (75%)]	Loss: 5.545711
Train Epoch: 2 [18560/24148 (77%)]	Loss: 5.387111
Train Epoch: 2 [18880/24148 (78%)]	Loss: 5.300686
Train Epoch: 2 [19200/24148 (79%)]	Loss: 5.060215
Train Epoch: 2 [19520/24148 (81%)]	Loss: 5.124889
Train Epoch: 2 [19840/24148 (82%)]	Loss: 5.331380
Train Epoch: 2 [20160/24148 (83%)]	Loss: 5.162944
Train Epoch: 2 [20480/24148 (85%)]	Loss: 5.392797
Train Epoch: 2 [20800/24148 (86%)]	Loss: 5.522065
Train Epoch: 2 [21120/24148 (87%)]	Loss: 5.128854
Train Epoch: 2 [21440/24148 (89%)]	Loss: 5.195501
Train Epoch: 2 [21760/24148 (90%)]	Loss: 5.173666
Train Epoch: 2 [22080/24148 (91%)]	Loss: 5.222180
Train Epoch: 2 [22400/24148 (93%)]	Loss: 5.493780
Train Epoch: 2 [22720/24148 (94%)]	Loss: 5.150706
Train Epoch: 2 [23040/24148 (95%)]	Loss: 4.980449
Train Epoch: 2 [23360/24148 (97%)]	Loss: 5.369664
Train Epoch: 2 [23680/24148 (98%)]	Loss: 5.145672
Train Epoch: 2 [24000/24148 (99%)]	Loss: 5.037178

Test set: Average loss: 5.2167, Accuracy: 413/6037 (7%)

Train Epoch: 3 [0/24148 (0%)]	Loss: 5.367457
Train Epoch: 3 [320/24148 (1%)]	Loss: 5.272985
Train Epoch: 3 [640/24148 (3%)]	Loss: 5.105144
Train Epoch: 3 [960/24148 (4%)]	Loss: 4.816256
Train Epoch: 3 [1280/24148 (5%)]	Loss: 5.396035
Train Epoch: 3 [1600/24148 (7%)]	Loss: 5.244658
Train Epoch: 3 [1920/24148 (8%)]	Loss: 5.182463
Train Epoch: 3 [2240/24148 (9%)]	Loss: 5.228642
Train Epoch: 3 [2560/24148 (11%)]	Loss: 5.303051
Train Epoch: 3 [2880/24148 (12%)]	Loss: 5.075684
Train Epoch: 3 [3200/24148 (13%)]	Loss: 5.487227
Train Epoch: 3 [3520/24148 (15%)]	Loss: 5.418396
Train Epoch: 3 [3840/24148 (16%)]	Loss: 5.485786
Train Epoch: 3 [4160/24148 (17%)]	Loss: 5.099770
Train Epoch: 3 [4480/24148 (19%)]	Loss: 5.604988
Train Epoch: 3 [4800/24148 (20%)]	Loss: 5.201094
Train Epoch: 3 [5120/24148 (21%)]	Loss: 5.245197
Train Epoch: 3 [5440/24148 (23%)]	Loss: 5.447064
Train Epoch: 3 [5760/24148 (24%)]	Loss: 4.959070
Train Epoch: 3 [6080/24148 (25%)]	Loss: 5.149269
Train Epoch: 3 [6400/24148 (26%)]	Loss: 5.382380
Train Epoch: 3 [6720/24148 (28%)]	Loss: 5.136894
Train Epoch: 3 [7040/24148 (29%)]	Loss: 4.988624
Train Epoch: 3 [7360/24148 (30%)]	Loss: 5.155690
Train Epoch: 3 [7680/24148 (32%)]	Loss: 5.012558
Train Epoch: 3 [8000/24148 (33%)]	Loss: 5.077497
Train Epoch: 3 [8320/24148 (34%)]	Loss: 5.244035
Train Epoch: 3 [8640/24148 (36%)]	Loss: 5.314814
Train Epoch: 3 [8960/24148 (37%)]	Loss: 5.114073
Train Epoch: 3 [9280/24148 (38%)]	Loss: 5.354014
Train Epoch: 3 [9600/24148 (40%)]	Loss: 5.262344
Train Epoch: 3 [9920/24148 (41%)]	Loss: 5.056886
Train Epoch: 3 [10240/24148 (42%)]	Loss: 5.665254
Train Epoch: 3 [10560/24148 (44%)]	Loss: 5.009117
Train Epoch: 3 [10880/24148 (45%)]	Loss: 4.983173
Train Epoch: 3 [11200/24148 (46%)]	Loss: 4.927512
Train Epoch: 3 [11520/24148 (48%)]	Loss: 5.279846
Train Epoch: 3 [11840/24148 (49%)]	Loss: 5.327448
Train Epoch: 3 [12160/24148 (50%)]	Loss: 5.368388
Train Epoch: 3 [12480/24148 (52%)]	Loss: 5.056008
Train Epoch: 3 [12800/24148 (53%)]	Loss: 5.434381
Train Epoch: 3 [13120/24148 (54%)]	Loss: 4.849239
Train Epoch: 3 [13440/24148 (56%)]	Loss: 5.074917
Train Epoch: 3 [13760/24148 (57%)]	Loss: 5.212477
Train Epoch: 3 [14080/24148 (58%)]	Loss: 5.047415
Train Epoch: 3 [14400/24148 (60%)]	Loss: 5.247404
Train Epoch: 3 [14720/24148 (61%)]	Loss: 4.431895
Train Epoch: 3 [15040/24148 (62%)]	Loss: 5.316278
Train Epoch: 3 [15360/24148 (64%)]	Loss: 5.001503
Train Epoch: 3 [15680/24148 (65%)]	Loss: 5.027431
Train Epoch: 3 [16000/24148 (66%)]	Loss: 5.154354
Train Epoch: 3 [16320/24148 (68%)]	Loss: 5.098571
Train Epoch: 3 [16640/24148 (69%)]	Loss: 5.114611
Train Epoch: 3 [16960/24148 (70%)]	Loss: 5.402143
Train Epoch: 3 [17280/24148 (72%)]	Loss: 5.271470
Train Epoch: 3 [17600/24148 (73%)]	Loss: 5.241520
Train Epoch: 3 [17920/24148 (74%)]	Loss: 5.074893
Train Epoch: 3 [18240/24148 (75%)]	Loss: 5.262663
Train Epoch: 3 [18560/24148 (77%)]	Loss: 4.938802
Train Epoch: 3 [18880/24148 (78%)]	Loss: 5.018838
Train Epoch: 3 [19200/24148 (79%)]	Loss: 4.872294
Train Epoch: 3 [19520/24148 (81%)]	Loss: 5.437197
Train Epoch: 3 [19840/24148 (82%)]	Loss: 5.066363
Train Epoch: 3 [20160/24148 (83%)]	Loss: 4.877244
Train Epoch: 3 [20480/24148 (85%)]	Loss: 5.054993
Train Epoch: 3 [20800/24148 (86%)]	Loss: 4.912669
Train Epoch: 3 [21120/24148 (87%)]	Loss: 4.915282
Train Epoch: 3 [21440/24148 (89%)]	Loss: 4.909107
Train Epoch: 3 [21760/24148 (90%)]	Loss: 5.093966
Train Epoch: 3 [22080/24148 (91%)]	Loss: 5.196507
Train Epoch: 3 [22400/24148 (93%)]	Loss: 5.200103
Train Epoch: 3 [22720/24148 (94%)]	Loss: 5.415793
Train Epoch: 3 [23040/24148 (95%)]	Loss: 5.005748
Train Epoch: 3 [23360/24148 (97%)]	Loss: 5.050846
Train Epoch: 3 [23680/24148 (98%)]	Loss: 5.188625
Train Epoch: 3 [24000/24148 (99%)]	Loss: 5.065406

Test set: Average loss: 5.1240, Accuracy: 442/6037 (7%)

Train Epoch: 4 [0/24148 (0%)]	Loss: 4.902462
Train Epoch: 4 [320/24148 (1%)]	Loss: 5.305589
Train Epoch: 4 [640/24148 (3%)]	Loss: 5.144605
Train Epoch: 4 [960/24148 (4%)]	Loss: 4.836270
Train Epoch: 4 [1280/24148 (5%)]	Loss: 5.124959
Train Epoch: 4 [1600/24148 (7%)]	Loss: 5.247172
Train Epoch: 4 [1920/24148 (8%)]	Loss: 5.322810
Train Epoch: 4 [2240/24148 (9%)]	Loss: 4.996482
Train Epoch: 4 [2560/24148 (11%)]	Loss: 5.096689
Train Epoch: 4 [2880/24148 (12%)]	Loss: 5.154087
Train Epoch: 4 [3200/24148 (13%)]	Loss: 5.227712
Train Epoch: 4 [3520/24148 (15%)]	Loss: 4.376168
Train Epoch: 4 [3840/24148 (16%)]	Loss: 4.905330
Train Epoch: 4 [4160/24148 (17%)]	Loss: 5.103223
Train Epoch: 4 [4480/24148 (19%)]	Loss: 4.840562
Train Epoch: 4 [4800/24148 (20%)]	Loss: 4.674198
Train Epoch: 4 [5120/24148 (21%)]	Loss: 5.540806
Train Epoch: 4 [5440/24148 (23%)]	Loss: 5.043348
Train Epoch: 4 [5760/24148 (24%)]	Loss: 5.145590
Train Epoch: 4 [6080/24148 (25%)]	Loss: 4.973613
Train Epoch: 4 [6400/24148 (26%)]	Loss: 5.047920
Train Epoch: 4 [6720/24148 (28%)]	Loss: 5.101738
Train Epoch: 4 [7040/24148 (29%)]	Loss: 5.229758
Train Epoch: 4 [7360/24148 (30%)]	Loss: 4.789271
Train Epoch: 4 [7680/24148 (32%)]	Loss: 5.079103
Train Epoch: 4 [8000/24148 (33%)]	Loss: 4.827773
Train Epoch: 4 [8320/24148 (34%)]	Loss: 4.888631
Train Epoch: 4 [8640/24148 (36%)]	Loss: 5.331401
Train Epoch: 4 [8960/24148 (37%)]	Loss: 5.203834
Train Epoch: 4 [9280/24148 (38%)]	Loss: 4.624710
Train Epoch: 4 [9600/24148 (40%)]	Loss: 4.877629
Train Epoch: 4 [9920/24148 (41%)]	Loss: 4.971231
Train Epoch: 4 [10240/24148 (42%)]	Loss: 5.089443
Train Epoch: 4 [10560/24148 (44%)]	Loss: 5.190948
Train Epoch: 4 [10880/24148 (45%)]	Loss: 5.041835
Train Epoch: 4 [11200/24148 (46%)]	Loss: 4.988883
Train Epoch: 4 [11520/24148 (48%)]	Loss: 5.261381
Train Epoch: 4 [11840/24148 (49%)]	Loss: 5.005524
Train Epoch: 4 [12160/24148 (50%)]	Loss: 5.153671
Train Epoch: 4 [12480/24148 (52%)]	Loss: 5.366786
Train Epoch: 4 [12800/24148 (53%)]	Loss: 5.125655
Train Epoch: 4 [13120/24148 (54%)]	Loss: 5.128076
Train Epoch: 4 [13440/24148 (56%)]	Loss: 5.072146
Train Epoch: 4 [13760/24148 (57%)]	Loss: 5.115135
Train Epoch: 4 [14080/24148 (58%)]	Loss: 5.017424
Train Epoch: 4 [14400/24148 (60%)]	Loss: 4.958711
Train Epoch: 4 [14720/24148 (61%)]	Loss: 4.850659
Train Epoch: 4 [15040/24148 (62%)]	Loss: 4.648295
Train Epoch: 4 [15360/24148 (64%)]	Loss: 4.995082
Train Epoch: 4 [15680/24148 (65%)]	Loss: 5.009432
Train Epoch: 4 [16000/24148 (66%)]	Loss: 4.945148
Train Epoch: 4 [16320/24148 (68%)]	Loss: 4.829533
Train Epoch: 4 [16640/24148 (69%)]	Loss: 5.201886
Train Epoch: 4 [16960/24148 (70%)]	Loss: 4.695558
Train Epoch: 4 [17280/24148 (72%)]	Loss: 4.892290
Train Epoch: 4 [17600/24148 (73%)]	Loss: 5.145524
Train Epoch: 4 [17920/24148 (74%)]	Loss: 5.269930
Train Epoch: 4 [18240/24148 (75%)]	Loss: 5.043336
Train Epoch: 4 [18560/24148 (77%)]	Loss: 5.197104
Train Epoch: 4 [18880/24148 (78%)]	Loss: 5.032780
Train Epoch: 4 [19200/24148 (79%)]	Loss: 5.012578
Train Epoch: 4 [19520/24148 (81%)]	Loss: 4.734704
Train Epoch: 4 [19840/24148 (82%)]	Loss: 5.210155
Train Epoch: 4 [20160/24148 (83%)]	Loss: 4.850040
Train Epoch: 4 [20480/24148 (85%)]	Loss: 5.076218
Train Epoch: 4 [20800/24148 (86%)]	Loss: 5.052631
Train Epoch: 4 [21120/24148 (87%)]	Loss: 4.926504
Train Epoch: 4 [21440/24148 (89%)]	Loss: 4.482098
Train Epoch: 4 [21760/24148 (90%)]	Loss: 5.052886
Train Epoch: 4 [22080/24148 (91%)]	Loss: 5.326584
Train Epoch: 4 [22400/24148 (93%)]	Loss: 5.079205
Train Epoch: 4 [22720/24148 (94%)]	Loss: 5.085787
Train Epoch: 4 [23040/24148 (95%)]	Loss: 4.609293
Train Epoch: 4 [23360/24148 (97%)]	Loss: 5.068464
Train Epoch: 4 [23680/24148 (98%)]	Loss: 4.855268
Train Epoch: 4 [24000/24148 (99%)]	Loss: 4.933698

Test set: Average loss: 5.0126, Accuracy: 500/6037 (8%)

Train Epoch: 5 [0/24148 (0%)]	Loss: 5.017888
Train Epoch: 5 [320/24148 (1%)]	Loss: 4.768922
Train Epoch: 5 [640/24148 (3%)]	Loss: 4.548287
Train Epoch: 5 [960/24148 (4%)]	Loss: 5.148866
Train Epoch: 5 [1280/24148 (5%)]	Loss: 4.698203
Train Epoch: 5 [1600/24148 (7%)]	Loss: 5.157421
Train Epoch: 5 [1920/24148 (8%)]	Loss: 5.071514
Train Epoch: 5 [2240/24148 (9%)]	Loss: 4.687808
Train Epoch: 5 [2560/24148 (11%)]	Loss: 4.604949
Train Epoch: 5 [2880/24148 (12%)]	Loss: 5.098026
Train Epoch: 5 [3200/24148 (13%)]	Loss: 5.402906
Train Epoch: 5 [3520/24148 (15%)]	Loss: 5.177325
Train Epoch: 5 [3840/24148 (16%)]	Loss: 4.993081
Train Epoch: 5 [4160/24148 (17%)]	Loss: 5.201956
Train Epoch: 5 [4480/24148 (19%)]	Loss: 5.059240
Train Epoch: 5 [4800/24148 (20%)]	Loss: 5.095500
Train Epoch: 5 [5120/24148 (21%)]	Loss: 4.585545
Train Epoch: 5 [5440/24148 (23%)]	Loss: 4.643188
Train Epoch: 5 [5760/24148 (24%)]	Loss: 4.723435
Train Epoch: 5 [6080/24148 (25%)]	Loss: 4.992875
Train Epoch: 5 [6400/24148 (26%)]	Loss: 4.739081
Train Epoch: 5 [6720/24148 (28%)]	Loss: 5.035059
Train Epoch: 5 [7040/24148 (29%)]	Loss: 5.378091
Train Epoch: 5 [7360/24148 (30%)]	Loss: 4.704145
Train Epoch: 5 [7680/24148 (32%)]	Loss: 4.971542
Train Epoch: 5 [8000/24148 (33%)]	Loss: 5.126501
Train Epoch: 5 [8320/24148 (34%)]	Loss: 4.903949
Train Epoch: 5 [8640/24148 (36%)]	Loss: 4.942228
Train Epoch: 5 [8960/24148 (37%)]	Loss: 4.757571
Train Epoch: 5 [9280/24148 (38%)]	Loss: 4.535022
Train Epoch: 5 [9600/24148 (40%)]	Loss: 4.952024
Train Epoch: 5 [9920/24148 (41%)]	Loss: 4.792080
Train Epoch: 5 [10240/24148 (42%)]	Loss: 5.435341
Train Epoch: 5 [10560/24148 (44%)]	Loss: 4.933850
Train Epoch: 5 [10880/24148 (45%)]	Loss: 5.375730
Train Epoch: 5 [11200/24148 (46%)]	Loss: 4.976683
Train Epoch: 5 [11520/24148 (48%)]	Loss: 4.717325
Train Epoch: 5 [11840/24148 (49%)]	Loss: 4.843127
Train Epoch: 5 [12160/24148 (50%)]	Loss: 5.013529
Train Epoch: 5 [12480/24148 (52%)]	Loss: 4.987807
Train Epoch: 5 [12800/24148 (53%)]	Loss: 4.977441
Train Epoch: 5 [13120/24148 (54%)]	Loss: 4.763459
Train Epoch: 5 [13440/24148 (56%)]	Loss: 4.767932
Train Epoch: 5 [13760/24148 (57%)]	Loss: 5.200695
Train Epoch: 5 [14080/24148 (58%)]	Loss: 5.087414
Train Epoch: 5 [14400/24148 (60%)]	Loss: 5.139349
Train Epoch: 5 [14720/24148 (61%)]	Loss: 5.053972
Train Epoch: 5 [15040/24148 (62%)]	Loss: 5.242041
Train Epoch: 5 [15360/24148 (64%)]	Loss: 4.798825
Train Epoch: 5 [15680/24148 (65%)]	Loss: 4.576338
Train Epoch: 5 [16000/24148 (66%)]	Loss: 4.857273
Train Epoch: 5 [16320/24148 (68%)]	Loss: 4.619176
Train Epoch: 5 [16640/24148 (69%)]	Loss: 4.611341
Train Epoch: 5 [16960/24148 (70%)]	Loss: 5.202041
Train Epoch: 5 [17280/24148 (72%)]	Loss: 5.147268
Train Epoch: 5 [17600/24148 (73%)]	Loss: 4.894509
Train Epoch: 5 [17920/24148 (74%)]	Loss: 4.935293
Train Epoch: 5 [18240/24148 (75%)]	Loss: 5.063175
Train Epoch: 5 [18560/24148 (77%)]	Loss: 4.615852
Train Epoch: 5 [18880/24148 (78%)]	Loss: 5.013125
Train Epoch: 5 [19200/24148 (79%)]	Loss: 4.779579
Train Epoch: 5 [19520/24148 (81%)]	Loss: 4.933173
Train Epoch: 5 [19840/24148 (82%)]	Loss: 4.816789
Train Epoch: 5 [20160/24148 (83%)]	Loss: 4.930905
Train Epoch: 5 [20480/24148 (85%)]	Loss: 4.804393
Train Epoch: 5 [20800/24148 (86%)]	Loss: 4.379709
Train Epoch: 5 [21120/24148 (87%)]	Loss: 5.081078
Train Epoch: 5 [21440/24148 (89%)]	Loss: 5.004654
Train Epoch: 5 [21760/24148 (90%)]	Loss: 4.726772
Train Epoch: 5 [22080/24148 (91%)]	Loss: 5.196253
Train Epoch: 5 [22400/24148 (93%)]	Loss: 5.146691
Train Epoch: 5 [22720/24148 (94%)]	Loss: 4.931962
Train Epoch: 5 [23040/24148 (95%)]	Loss: 4.639109
Train Epoch: 5 [23360/24148 (97%)]	Loss: 5.013134
Train Epoch: 5 [23680/24148 (98%)]	Loss: 5.072646
Train Epoch: 5 [24000/24148 (99%)]	Loss: 4.731051

Test set: Average loss: 4.9116, Accuracy: 613/6037 (10%)

Train Epoch: 6 [0/24148 (0%)]	Loss: 4.644441
Train Epoch: 6 [320/24148 (1%)]	Loss: 4.717545
Train Epoch: 6 [640/24148 (3%)]	Loss: 4.673423
Train Epoch: 6 [960/24148 (4%)]	Loss: 4.863797
Train Epoch: 6 [1280/24148 (5%)]	Loss: 4.834597
Train Epoch: 6 [1600/24148 (7%)]	Loss: 4.797351
Train Epoch: 6 [1920/24148 (8%)]	Loss: 4.847232
Train Epoch: 6 [2240/24148 (9%)]	Loss: 4.888652
Train Epoch: 6 [2560/24148 (11%)]	Loss: 4.294034
Train Epoch: 6 [2880/24148 (12%)]	Loss: 4.909664
Train Epoch: 6 [3200/24148 (13%)]	Loss: 4.660290
Train Epoch: 6 [3520/24148 (15%)]	Loss: 4.562818
Train Epoch: 6 [3840/24148 (16%)]	Loss: 5.045865
Train Epoch: 6 [4160/24148 (17%)]	Loss: 5.085457
Train Epoch: 6 [4480/24148 (19%)]	Loss: 5.164887
Train Epoch: 6 [4800/24148 (20%)]	Loss: 4.362491
Train Epoch: 6 [5120/24148 (21%)]	Loss: 4.832680
Train Epoch: 6 [5440/24148 (23%)]	Loss: 4.905283
Train Epoch: 6 [5760/24148 (24%)]	Loss: 4.642667
Train Epoch: 6 [6080/24148 (25%)]	Loss: 4.360860
Train Epoch: 6 [6400/24148 (26%)]	Loss: 5.113554
Train Epoch: 6 [6720/24148 (28%)]	Loss: 4.525199
Train Epoch: 6 [7040/24148 (29%)]	Loss: 4.861780
Train Epoch: 6 [7360/24148 (30%)]	Loss: 4.425141
Train Epoch: 6 [7680/24148 (32%)]	Loss: 4.593041
Train Epoch: 6 [8000/24148 (33%)]	Loss: 4.825998
Train Epoch: 6 [8320/24148 (34%)]	Loss: 4.509254
Train Epoch: 6 [8640/24148 (36%)]	Loss: 4.292018
Train Epoch: 6 [8960/24148 (37%)]	Loss: 4.953680
Train Epoch: 6 [9280/24148 (38%)]	Loss: 4.996492
Train Epoch: 6 [9600/24148 (40%)]	Loss: 4.877679
Train Epoch: 6 [9920/24148 (41%)]	Loss: 4.627287
Train Epoch: 6 [10240/24148 (42%)]	Loss: 4.353571
Train Epoch: 6 [10560/24148 (44%)]	Loss: 5.057560
Train Epoch: 6 [10880/24148 (45%)]	Loss: 5.082006
Train Epoch: 6 [11200/24148 (46%)]	Loss: 4.700973
Train Epoch: 6 [11520/24148 (48%)]	Loss: 4.738863
Train Epoch: 6 [11840/24148 (49%)]	Loss: 4.420086
Train Epoch: 6 [12160/24148 (50%)]	Loss: 5.019011
Train Epoch: 6 [12480/24148 (52%)]	Loss: 4.897593
Train Epoch: 6 [12800/24148 (53%)]	Loss: 4.499968
Train Epoch: 6 [13120/24148 (54%)]	Loss: 4.661788
Train Epoch: 6 [13440/24148 (56%)]	Loss: 4.845187
Train Epoch: 6 [13760/24148 (57%)]	Loss: 4.634542
Train Epoch: 6 [14080/24148 (58%)]	Loss: 4.844752
Train Epoch: 6 [14400/24148 (60%)]	Loss: 4.863546
Train Epoch: 6 [14720/24148 (61%)]	Loss: 4.427861
Train Epoch: 6 [15040/24148 (62%)]	Loss: 4.930628
Train Epoch: 6 [15360/24148 (64%)]	Loss: 4.527622
Train Epoch: 6 [15680/24148 (65%)]	Loss: 5.070256
Train Epoch: 6 [16000/24148 (66%)]	Loss: 4.635175
Train Epoch: 6 [16320/24148 (68%)]	Loss: 5.039002
Train Epoch: 6 [16640/24148 (69%)]	Loss: 4.854335
Train Epoch: 6 [16960/24148 (70%)]	Loss: 4.736657
Train Epoch: 6 [17280/24148 (72%)]	Loss: 4.199917
Train Epoch: 6 [17600/24148 (73%)]	Loss: 4.449433
Train Epoch: 6 [17920/24148 (74%)]	Loss: 4.377131
Train Epoch: 6 [18240/24148 (75%)]	Loss: 4.509041
Train Epoch: 6 [18560/24148 (77%)]	Loss: 5.147607
Train Epoch: 6 [18880/24148 (78%)]	Loss: 4.889562
Train Epoch: 6 [19200/24148 (79%)]	Loss: 4.953025
Train Epoch: 6 [19520/24148 (81%)]	Loss: 4.876469
Train Epoch: 6 [19840/24148 (82%)]	Loss: 4.584195
Train Epoch: 6 [20160/24148 (83%)]	Loss: 4.607195
Train Epoch: 6 [20480/24148 (85%)]	Loss: 4.306100
Train Epoch: 6 [20800/24148 (86%)]	Loss: 5.023399
Train Epoch: 6 [21120/24148 (87%)]	Loss: 4.545021
Train Epoch: 6 [21440/24148 (89%)]	Loss: 4.603890
Train Epoch: 6 [21760/24148 (90%)]	Loss: 4.790484
Train Epoch: 6 [22080/24148 (91%)]	Loss: 4.167974
Train Epoch: 6 [22400/24148 (93%)]	Loss: 4.998524
Train Epoch: 6 [22720/24148 (94%)]	Loss: 4.775366
Train Epoch: 6 [23040/24148 (95%)]	Loss: 4.436333
Train Epoch: 6 [23360/24148 (97%)]	Loss: 4.534079
Train Epoch: 6 [23680/24148 (98%)]	Loss: 4.980350
Train Epoch: 6 [24000/24148 (99%)]	Loss: 4.991764

Test set: Average loss: 4.7919, Accuracy: 659/6037 (11%)

Train Epoch: 7 [0/24148 (0%)]	Loss: 4.861166
Train Epoch: 7 [320/24148 (1%)]	Loss: 4.847798
Train Epoch: 7 [640/24148 (3%)]	Loss: 4.863417
Train Epoch: 7 [960/24148 (4%)]	Loss: 5.088529
Train Epoch: 7 [1280/24148 (5%)]	Loss: 4.777456
Train Epoch: 7 [1600/24148 (7%)]	Loss: 4.569645
Train Epoch: 7 [1920/24148 (8%)]	Loss: 4.639735
Train Epoch: 7 [2240/24148 (9%)]	Loss: 4.826521
Train Epoch: 7 [2560/24148 (11%)]	Loss: 4.456654
Train Epoch: 7 [2880/24148 (12%)]	Loss: 4.659274
Train Epoch: 7 [3200/24148 (13%)]	Loss: 4.718729
Train Epoch: 7 [3520/24148 (15%)]	Loss: 5.024676
Train Epoch: 7 [3840/24148 (16%)]	Loss: 4.652843
Train Epoch: 7 [4160/24148 (17%)]	Loss: 5.005512
Train Epoch: 7 [4480/24148 (19%)]	Loss: 4.695559
Train Epoch: 7 [4800/24148 (20%)]	Loss: 4.604764
Train Epoch: 7 [5120/24148 (21%)]	Loss: 4.731791
Train Epoch: 7 [5440/24148 (23%)]	Loss: 4.567521
Train Epoch: 7 [5760/24148 (24%)]	Loss: 4.634596
Train Epoch: 7 [6080/24148 (25%)]	Loss: 4.688210
Train Epoch: 7 [6400/24148 (26%)]	Loss: 4.577446
Train Epoch: 7 [6720/24148 (28%)]	Loss: 4.537936
Train Epoch: 7 [7040/24148 (29%)]	Loss: 4.760026
Train Epoch: 7 [7360/24148 (30%)]	Loss: 5.230352
Train Epoch: 7 [7680/24148 (32%)]	Loss: 4.629447
Train Epoch: 7 [8000/24148 (33%)]	Loss: 5.415671
Train Epoch: 7 [8320/24148 (34%)]	Loss: 4.755544
Train Epoch: 7 [8640/24148 (36%)]	Loss: 4.827330
Train Epoch: 7 [8960/24148 (37%)]	Loss: 4.760266
Train Epoch: 7 [9280/24148 (38%)]	Loss: 4.471717
Train Epoch: 7 [9600/24148 (40%)]	Loss: 4.972124
Train Epoch: 7 [9920/24148 (41%)]	Loss: 4.818144
Train Epoch: 7 [10240/24148 (42%)]	Loss: 4.738089
Train Epoch: 7 [10560/24148 (44%)]	Loss: 4.830889
Train Epoch: 7 [10880/24148 (45%)]	Loss: 4.396429
Train Epoch: 7 [11200/24148 (46%)]	Loss: 4.859348
Train Epoch: 7 [11520/24148 (48%)]	Loss: 3.767329
Train Epoch: 7 [11840/24148 (49%)]	Loss: 4.602511
Train Epoch: 7 [12160/24148 (50%)]	Loss: 4.876140
Train Epoch: 7 [12480/24148 (52%)]	Loss: 4.600101
Train Epoch: 7 [12800/24148 (53%)]	Loss: 4.906251
Train Epoch: 7 [13120/24148 (54%)]	Loss: 4.390723
Train Epoch: 7 [13440/24148 (56%)]	Loss: 4.798967
Train Epoch: 7 [13760/24148 (57%)]	Loss: 4.668416
Train Epoch: 7 [14080/24148 (58%)]	Loss: 4.149574
Train Epoch: 7 [14400/24148 (60%)]	Loss: 4.980147
Train Epoch: 7 [14720/24148 (61%)]	Loss: 4.357210
Train Epoch: 7 [15040/24148 (62%)]	Loss: 4.180005
Train Epoch: 7 [15360/24148 (64%)]	Loss: 4.347963
Train Epoch: 7 [15680/24148 (65%)]	Loss: 4.483908
Train Epoch: 7 [16000/24148 (66%)]	Loss: 4.857819
Train Epoch: 7 [16320/24148 (68%)]	Loss: 4.559836
Train Epoch: 7 [16640/24148 (69%)]	Loss: 4.475422
Train Epoch: 7 [16960/24148 (70%)]	Loss: 4.232076
Train Epoch: 7 [17280/24148 (72%)]	Loss: 5.071990
Train Epoch: 7 [17600/24148 (73%)]	Loss: 4.356748
Train Epoch: 7 [17920/24148 (74%)]	Loss: 4.470814
Train Epoch: 7 [18240/24148 (75%)]	Loss: 4.787058
Train Epoch: 7 [18560/24148 (77%)]	Loss: 4.839341
Train Epoch: 7 [18880/24148 (78%)]	Loss: 4.577893
Train Epoch: 7 [19200/24148 (79%)]	Loss: 4.292730
Train Epoch: 7 [19520/24148 (81%)]	Loss: 4.414830
Train Epoch: 7 [19840/24148 (82%)]	Loss: 4.766839
Train Epoch: 7 [20160/24148 (83%)]	Loss: 4.632288
Train Epoch: 7 [20480/24148 (85%)]	Loss: 4.490057
Train Epoch: 7 [20800/24148 (86%)]	Loss: 4.278776
Train Epoch: 7 [21120/24148 (87%)]	Loss: 5.039573
Train Epoch: 7 [21440/24148 (89%)]	Loss: 5.003965
Train Epoch: 7 [21760/24148 (90%)]	Loss: 4.680150
Train Epoch: 7 [22080/24148 (91%)]	Loss: 4.649824
Train Epoch: 7 [22400/24148 (93%)]	Loss: 4.754304
Train Epoch: 7 [22720/24148 (94%)]	Loss: 4.992814
Train Epoch: 7 [23040/24148 (95%)]	Loss: 4.624182
Train Epoch: 7 [23360/24148 (97%)]	Loss: 4.837120
Train Epoch: 7 [23680/24148 (98%)]	Loss: 4.440520
Train Epoch: 7 [24000/24148 (99%)]	Loss: 4.300587

Test set: Average loss: 4.7120, Accuracy: 724/6037 (12%)

Train Epoch: 8 [0/24148 (0%)]	Loss: 4.491388
Train Epoch: 8 [320/24148 (1%)]	Loss: 4.593846
Train Epoch: 8 [640/24148 (3%)]	Loss: 4.026263
Train Epoch: 8 [960/24148 (4%)]	Loss: 4.516977
Train Epoch: 8 [1280/24148 (5%)]	Loss: 3.957950
Train Epoch: 8 [1600/24148 (7%)]	Loss: 4.547742
Train Epoch: 8 [1920/24148 (8%)]	Loss: 4.649724
Train Epoch: 8 [2240/24148 (9%)]	Loss: 4.803076
Train Epoch: 8 [2560/24148 (11%)]	Loss: 4.421414
Train Epoch: 8 [2880/24148 (12%)]	Loss: 4.092652
Train Epoch: 8 [3200/24148 (13%)]	Loss: 4.640493
Train Epoch: 8 [3520/24148 (15%)]	Loss: 4.613554
Train Epoch: 8 [3840/24148 (16%)]	Loss: 4.644921
Train Epoch: 8 [4160/24148 (17%)]	Loss: 3.970001
Train Epoch: 8 [4480/24148 (19%)]	Loss: 4.288786
Train Epoch: 8 [4800/24148 (20%)]	Loss: 4.109115
Train Epoch: 8 [5120/24148 (21%)]	Loss: 4.731499
Train Epoch: 8 [5440/24148 (23%)]	Loss: 4.602219
Train Epoch: 8 [5760/24148 (24%)]	Loss: 4.307043
Train Epoch: 8 [6080/24148 (25%)]	Loss: 4.662110
Train Epoch: 8 [6400/24148 (26%)]	Loss: 4.125433
Train Epoch: 8 [6720/24148 (28%)]	Loss: 4.529785
Train Epoch: 8 [7040/24148 (29%)]	Loss: 4.368367
Train Epoch: 8 [7360/24148 (30%)]	Loss: 4.367088
Train Epoch: 8 [7680/24148 (32%)]	Loss: 4.876328
Train Epoch: 8 [8000/24148 (33%)]	Loss: 4.659202
Train Epoch: 8 [8320/24148 (34%)]	Loss: 4.699102
Train Epoch: 8 [8640/24148 (36%)]	Loss: 4.020576
Train Epoch: 8 [8960/24148 (37%)]	Loss: 4.698429
Train Epoch: 8 [9280/24148 (38%)]	Loss: 4.123998
Train Epoch: 8 [9600/24148 (40%)]	Loss: 4.462900
Train Epoch: 8 [9920/24148 (41%)]	Loss: 4.557667
Train Epoch: 8 [10240/24148 (42%)]	Loss: 4.186657
Train Epoch: 8 [10560/24148 (44%)]	Loss: 4.751684
Train Epoch: 8 [10880/24148 (45%)]	Loss: 4.856070
Train Epoch: 8 [11200/24148 (46%)]	Loss: 4.225558
Train Epoch: 8 [11520/24148 (48%)]	Loss: 4.770192
Train Epoch: 8 [11840/24148 (49%)]	Loss: 4.152429
Train Epoch: 8 [12160/24148 (50%)]	Loss: 4.626291
Train Epoch: 8 [12480/24148 (52%)]	Loss: 4.895915
Train Epoch: 8 [12800/24148 (53%)]	Loss: 4.971103
Train Epoch: 8 [13120/24148 (54%)]	Loss: 4.194370
Train Epoch: 8 [13440/24148 (56%)]	Loss: 4.919981
Train Epoch: 8 [13760/24148 (57%)]	Loss: 3.768665
Train Epoch: 8 [14080/24148 (58%)]	Loss: 4.558537
Train Epoch: 8 [14400/24148 (60%)]	Loss: 4.871058
Train Epoch: 8 [14720/24148 (61%)]	Loss: 4.581514
Train Epoch: 8 [15040/24148 (62%)]	Loss: 4.889273
Train Epoch: 8 [15360/24148 (64%)]	Loss: 4.567894
Train Epoch: 8 [15680/24148 (65%)]	Loss: 4.311924
Train Epoch: 8 [16000/24148 (66%)]	Loss: 4.629283
Train Epoch: 8 [16320/24148 (68%)]	Loss: 4.551248
Train Epoch: 8 [16640/24148 (69%)]	Loss: 4.330896
Train Epoch: 8 [16960/24148 (70%)]	Loss: 4.484236
Train Epoch: 8 [17280/24148 (72%)]	Loss: 4.285131
Train Epoch: 8 [17600/24148 (73%)]	Loss: 4.922150
Train Epoch: 8 [17920/24148 (74%)]	Loss: 4.430053
Train Epoch: 8 [18240/24148 (75%)]	Loss: 4.562440
Train Epoch: 8 [18560/24148 (77%)]	Loss: 4.432315
Train Epoch: 8 [18880/24148 (78%)]	Loss: 4.243482
Train Epoch: 8 [19200/24148 (79%)]	Loss: 4.731822
Train Epoch: 8 [19520/24148 (81%)]	Loss: 4.760670
Train Epoch: 8 [19840/24148 (82%)]	Loss: 4.605032
Train Epoch: 8 [20160/24148 (83%)]	Loss: 4.665393
Train Epoch: 8 [20480/24148 (85%)]	Loss: 4.674253
Train Epoch: 8 [20800/24148 (86%)]	Loss: 4.952198
Train Epoch: 8 [21120/24148 (87%)]	Loss: 4.469003
Train Epoch: 8 [21440/24148 (89%)]	Loss: 4.838685
Train Epoch: 8 [21760/24148 (90%)]	Loss: 4.540259
Train Epoch: 8 [22080/24148 (91%)]	Loss: 4.650706
Train Epoch: 8 [22400/24148 (93%)]	Loss: 4.758230
Train Epoch: 8 [22720/24148 (94%)]	Loss: 4.365396
Train Epoch: 8 [23040/24148 (95%)]	Loss: 4.469504
Train Epoch: 8 [23360/24148 (97%)]	Loss: 4.326085
Train Epoch: 8 [23680/24148 (98%)]	Loss: 4.284816
Train Epoch: 8 [24000/24148 (99%)]	Loss: 4.300431

Test set: Average loss: 4.6814, Accuracy: 753/6037 (12%)

Train Epoch: 9 [0/24148 (0%)]	Loss: 4.994945
Train Epoch: 9 [320/24148 (1%)]	Loss: 4.445862
Train Epoch: 9 [640/24148 (3%)]	Loss: 4.948583
Train Epoch: 9 [960/24148 (4%)]	Loss: 5.178998
Train Epoch: 9 [1280/24148 (5%)]	Loss: 4.113682
Train Epoch: 9 [1600/24148 (7%)]	Loss: 4.064826
Train Epoch: 9 [1920/24148 (8%)]	Loss: 4.578282
Train Epoch: 9 [2240/24148 (9%)]	Loss: 4.349164
Train Epoch: 9 [2560/24148 (11%)]	Loss: 4.772378
Train Epoch: 9 [2880/24148 (12%)]	Loss: 4.228840
Train Epoch: 9 [3200/24148 (13%)]	Loss: 4.319943
Train Epoch: 9 [3520/24148 (15%)]	Loss: 4.530821
Train Epoch: 9 [3840/24148 (16%)]	Loss: 4.361950
Train Epoch: 9 [4160/24148 (17%)]	Loss: 4.183964
Train Epoch: 9 [4480/24148 (19%)]	Loss: 4.131726
Train Epoch: 9 [4800/24148 (20%)]	Loss: 4.425582
Train Epoch: 9 [5120/24148 (21%)]	Loss: 4.664874
Train Epoch: 9 [5440/24148 (23%)]	Loss: 4.151569
Train Epoch: 9 [5760/24148 (24%)]	Loss: 4.622896
Train Epoch: 9 [6080/24148 (25%)]	Loss: 4.554820
Train Epoch: 9 [6400/24148 (26%)]	Loss: 4.731545
Train Epoch: 9 [6720/24148 (28%)]	Loss: 4.399098
Train Epoch: 9 [7040/24148 (29%)]	Loss: 4.422996
Train Epoch: 9 [7360/24148 (30%)]	Loss: 4.633308
Train Epoch: 9 [7680/24148 (32%)]	Loss: 4.412143
Train Epoch: 9 [8000/24148 (33%)]	Loss: 4.145472
Train Epoch: 9 [8320/24148 (34%)]	Loss: 4.116379
Train Epoch: 9 [8640/24148 (36%)]	Loss: 4.616743
Train Epoch: 9 [8960/24148 (37%)]	Loss: 4.235342
Train Epoch: 9 [9280/24148 (38%)]	Loss: 4.472026
Train Epoch: 9 [9600/24148 (40%)]	Loss: 4.584543
Train Epoch: 9 [9920/24148 (41%)]	Loss: 4.226018
Train Epoch: 9 [10240/24148 (42%)]	Loss: 4.383955
Train Epoch: 9 [10560/24148 (44%)]	Loss: 4.039866
Train Epoch: 9 [10880/24148 (45%)]	Loss: 4.474499
Train Epoch: 9 [11200/24148 (46%)]	Loss: 4.649551
Train Epoch: 9 [11520/24148 (48%)]	Loss: 4.447068
Train Epoch: 9 [11840/24148 (49%)]	Loss: 4.421129
Train Epoch: 9 [12160/24148 (50%)]	Loss: 4.342898
Train Epoch: 9 [12480/24148 (52%)]	Loss: 4.603838
Train Epoch: 9 [12800/24148 (53%)]	Loss: 4.770403
Train Epoch: 9 [13120/24148 (54%)]	Loss: 4.316786
Train Epoch: 9 [13440/24148 (56%)]	Loss: 4.785676
Train Epoch: 9 [13760/24148 (57%)]	Loss: 4.890774
Train Epoch: 9 [14080/24148 (58%)]	Loss: 4.612562
Train Epoch: 9 [14400/24148 (60%)]	Loss: 5.010708
Train Epoch: 9 [14720/24148 (61%)]	Loss: 4.492977
Train Epoch: 9 [15040/24148 (62%)]	Loss: 4.375593
Train Epoch: 9 [15360/24148 (64%)]	Loss: 3.922307
Train Epoch: 9 [15680/24148 (65%)]	Loss: 4.493930
Train Epoch: 9 [16000/24148 (66%)]	Loss: 4.343622
Train Epoch: 9 [16320/24148 (68%)]	Loss: 5.115040
Train Epoch: 9 [16640/24148 (69%)]	Loss: 4.389992
Train Epoch: 9 [16960/24148 (70%)]	Loss: 4.182135
Train Epoch: 9 [17280/24148 (72%)]	Loss: 4.170728
Train Epoch: 9 [17600/24148 (73%)]	Loss: 4.340571
Train Epoch: 9 [17920/24148 (74%)]	Loss: 4.472915
Train Epoch: 9 [18240/24148 (75%)]	Loss: 4.412612
Train Epoch: 9 [18560/24148 (77%)]	Loss: 4.386794
Train Epoch: 9 [18880/24148 (78%)]	Loss: 4.975043
Train Epoch: 9 [19200/24148 (79%)]	Loss: 4.750283
Train Epoch: 9 [19520/24148 (81%)]	Loss: 3.781531
Train Epoch: 9 [19840/24148 (82%)]	Loss: 4.121115
Train Epoch: 9 [20160/24148 (83%)]	Loss: 4.360630
Train Epoch: 9 [20480/24148 (85%)]	Loss: 4.874409
Train Epoch: 9 [20800/24148 (86%)]	Loss: 4.003235
Train Epoch: 9 [21120/24148 (87%)]	Loss: 4.661599
Train Epoch: 9 [21440/24148 (89%)]	Loss: 3.963963
Train Epoch: 9 [21760/24148 (90%)]	Loss: 4.257009
Train Epoch: 9 [22080/24148 (91%)]	Loss: 4.588530
Train Epoch: 9 [22400/24148 (93%)]	Loss: 4.481528
Train Epoch: 9 [22720/24148 (94%)]	Loss: 4.100245
Train Epoch: 9 [23040/24148 (95%)]	Loss: 4.104585
Train Epoch: 9 [23360/24148 (97%)]	Loss: 4.857378
Train Epoch: 9 [23680/24148 (98%)]	Loss: 4.453271
Train Epoch: 9 [24000/24148 (99%)]	Loss: 4.226902

Test set: Average loss: 4.6022, Accuracy: 837/6037 (14%)

Train Epoch: 10 [0/24148 (0%)]	Loss: 4.498935
Train Epoch: 10 [320/24148 (1%)]	Loss: 4.326762
Train Epoch: 10 [640/24148 (3%)]	Loss: 4.098897
Train Epoch: 10 [960/24148 (4%)]	Loss: 4.302850
Train Epoch: 10 [1280/24148 (5%)]	Loss: 4.493540
Train Epoch: 10 [1600/24148 (7%)]	Loss: 4.186096
Train Epoch: 10 [1920/24148 (8%)]	Loss: 4.469283
Train Epoch: 10 [2240/24148 (9%)]	Loss: 4.277392
Train Epoch: 10 [2560/24148 (11%)]	Loss: 4.335515
Train Epoch: 10 [2880/24148 (12%)]	Loss: 4.334439
Train Epoch: 10 [3200/24148 (13%)]	Loss: 4.226348
Train Epoch: 10 [3520/24148 (15%)]	Loss: 4.889194
Train Epoch: 10 [3840/24148 (16%)]	Loss: 4.270473
Train Epoch: 10 [4160/24148 (17%)]	Loss: 4.937178
Train Epoch: 10 [4480/24148 (19%)]	Loss: 4.474747
Train Epoch: 10 [4800/24148 (20%)]	Loss: 4.847814
Train Epoch: 10 [5120/24148 (21%)]	Loss: 4.486031
Train Epoch: 10 [5440/24148 (23%)]	Loss: 4.198728
Train Epoch: 10 [5760/24148 (24%)]	Loss: 4.484308
Train Epoch: 10 [6080/24148 (25%)]	Loss: 4.872902
Train Epoch: 10 [6400/24148 (26%)]	Loss: 4.526846
Train Epoch: 10 [6720/24148 (28%)]	Loss: 4.107607
Train Epoch: 10 [7040/24148 (29%)]	Loss: 4.446919
Train Epoch: 10 [7360/24148 (30%)]	Loss: 4.202128
Train Epoch: 10 [7680/24148 (32%)]	Loss: 4.296012
Train Epoch: 10 [8000/24148 (33%)]	Loss: 4.919200
Train Epoch: 10 [8320/24148 (34%)]	Loss: 4.396686
Train Epoch: 10 [8640/24148 (36%)]	Loss: 4.264760
Train Epoch: 10 [8960/24148 (37%)]	Loss: 4.607640
Train Epoch: 10 [9280/24148 (38%)]	Loss: 4.007783
Train Epoch: 10 [9600/24148 (40%)]	Loss: 4.562664
Train Epoch: 10 [9920/24148 (41%)]	Loss: 4.523749
Train Epoch: 10 [10240/24148 (42%)]	Loss: 3.921329
Train Epoch: 10 [10560/24148 (44%)]	Loss: 4.647712
Train Epoch: 10 [10880/24148 (45%)]	Loss: 4.215776
Train Epoch: 10 [11200/24148 (46%)]	Loss: 4.636242
Train Epoch: 10 [11520/24148 (48%)]	Loss: 4.310044
Train Epoch: 10 [11840/24148 (49%)]	Loss: 4.556375
Train Epoch: 10 [12160/24148 (50%)]	Loss: 4.280397
Train Epoch: 10 [12480/24148 (52%)]	Loss: 4.667657
Train Epoch: 10 [12800/24148 (53%)]	Loss: 4.353158
Train Epoch: 10 [13120/24148 (54%)]	Loss: 3.942611
Train Epoch: 10 [13440/24148 (56%)]	Loss: 4.270590
Train Epoch: 10 [13760/24148 (57%)]	Loss: 4.698066
Train Epoch: 10 [14080/24148 (58%)]	Loss: 4.005441
Train Epoch: 10 [14400/24148 (60%)]	Loss: 4.459503
Train Epoch: 10 [14720/24148 (61%)]	Loss: 4.272403
Train Epoch: 10 [15040/24148 (62%)]	Loss: 4.268693
Train Epoch: 10 [15360/24148 (64%)]	Loss: 4.395600
Train Epoch: 10 [15680/24148 (65%)]	Loss: 4.362436
Train Epoch: 10 [16000/24148 (66%)]	Loss: 4.459960
Train Epoch: 10 [16320/24148 (68%)]	Loss: 4.633925
Train Epoch: 10 [16640/24148 (69%)]	Loss: 4.260388
Train Epoch: 10 [16960/24148 (70%)]	Loss: 4.530213
Train Epoch: 10 [17280/24148 (72%)]	Loss: 3.781799
Train Epoch: 10 [17600/24148 (73%)]	Loss: 4.840258
Train Epoch: 10 [17920/24148 (74%)]	Loss: 4.184981
Train Epoch: 10 [18240/24148 (75%)]	Loss: 4.405921
Train Epoch: 10 [18560/24148 (77%)]	Loss: 4.333457
Train Epoch: 10 [18880/24148 (78%)]	Loss: 4.248160
Train Epoch: 10 [19200/24148 (79%)]	Loss: 3.953799
Train Epoch: 10 [19520/24148 (81%)]	Loss: 4.740889
Train Epoch: 10 [19840/24148 (82%)]	Loss: 4.396766
Train Epoch: 10 [20160/24148 (83%)]	Loss: 3.817692
Train Epoch: 10 [20480/24148 (85%)]	Loss: 4.797080
Train Epoch: 10 [20800/24148 (86%)]	Loss: 4.197670
Train Epoch: 10 [21120/24148 (87%)]	Loss: 4.672025
Train Epoch: 10 [21440/24148 (89%)]	Loss: 4.684756
Train Epoch: 10 [21760/24148 (90%)]	Loss: 3.950874
Train Epoch: 10 [22080/24148 (91%)]	Loss: 4.009760
Train Epoch: 10 [22400/24148 (93%)]	Loss: 4.666424
Train Epoch: 10 [22720/24148 (94%)]	Loss: 3.984509
Train Epoch: 10 [23040/24148 (95%)]	Loss: 4.798699
Train Epoch: 10 [23360/24148 (97%)]	Loss: 4.261746
Train Epoch: 10 [23680/24148 (98%)]	Loss: 4.316000
Train Epoch: 10 [24000/24148 (99%)]	Loss: 5.072793

Test set: Average loss: 4.5737, Accuracy: 872/6037 (14%)

Average seconds for training 1 epoch: 181.10642824172973
Average seconds for testing: 16.06131694316864
