Files already downloaded and verified
Total number of parameters in the model: 13380865
Train Epoch: 1 [0/24148 (0%)]	Loss: 5.624675
Train Epoch: 1 [320/24148 (1%)]	Loss: 6.154097
Train Epoch: 1 [640/24148 (3%)]	Loss: 5.915947
Train Epoch: 1 [960/24148 (4%)]	Loss: 5.923965
Train Epoch: 1 [1280/24148 (5%)]	Loss: 5.798364
Train Epoch: 1 [1600/24148 (7%)]	Loss: 5.633077
Train Epoch: 1 [1920/24148 (8%)]	Loss: 5.517752
Train Epoch: 1 [2240/24148 (9%)]	Loss: 5.810908
Train Epoch: 1 [2560/24148 (11%)]	Loss: 5.697384
Train Epoch: 1 [2880/24148 (12%)]	Loss: 5.468053
Train Epoch: 1 [3200/24148 (13%)]	Loss: 5.640779
Train Epoch: 1 [3520/24148 (15%)]	Loss: 5.803651
Train Epoch: 1 [3840/24148 (16%)]	Loss: 5.120857
Train Epoch: 1 [4160/24148 (17%)]	Loss: 5.363818
Train Epoch: 1 [4480/24148 (19%)]	Loss: 5.442251
Train Epoch: 1 [4800/24148 (20%)]	Loss: 5.628171
Train Epoch: 1 [5120/24148 (21%)]	Loss: 5.485545
Train Epoch: 1 [5440/24148 (23%)]	Loss: 5.761227
Train Epoch: 1 [5760/24148 (24%)]	Loss: 5.721160
Train Epoch: 1 [6080/24148 (25%)]	Loss: 5.665057
Train Epoch: 1 [6400/24148 (26%)]	Loss: 5.449645
Train Epoch: 1 [6720/24148 (28%)]	Loss: 5.778802
Train Epoch: 1 [7040/24148 (29%)]	Loss: 5.208102
Train Epoch: 1 [7360/24148 (30%)]	Loss: 5.358487
Train Epoch: 1 [7680/24148 (32%)]	Loss: 5.553487
Train Epoch: 1 [8000/24148 (33%)]	Loss: 5.598488
Train Epoch: 1 [8320/24148 (34%)]	Loss: 5.655052
Train Epoch: 1 [8640/24148 (36%)]	Loss: 5.854101
Train Epoch: 1 [8960/24148 (37%)]	Loss: 5.177968
Train Epoch: 1 [9280/24148 (38%)]	Loss: 5.653440
Train Epoch: 1 [9600/24148 (40%)]	Loss: 5.509768
Train Epoch: 1 [9920/24148 (41%)]	Loss: 5.573922
Train Epoch: 1 [10240/24148 (42%)]	Loss: 5.113369
Train Epoch: 1 [10560/24148 (44%)]	Loss: 5.405825
Train Epoch: 1 [10880/24148 (45%)]	Loss: 5.337398
Train Epoch: 1 [11200/24148 (46%)]	Loss: 5.225250
Train Epoch: 1 [11520/24148 (48%)]	Loss: 5.394362
Train Epoch: 1 [11840/24148 (49%)]	Loss: 5.557257
Train Epoch: 1 [12160/24148 (50%)]	Loss: 5.081663
Train Epoch: 1 [12480/24148 (52%)]	Loss: 5.308645
Train Epoch: 1 [12800/24148 (53%)]	Loss: 5.378441
Train Epoch: 1 [13120/24148 (54%)]	Loss: 5.204828
Train Epoch: 1 [13440/24148 (56%)]	Loss: 5.281527
Train Epoch: 1 [13760/24148 (57%)]	Loss: 5.316582
Train Epoch: 1 [14080/24148 (58%)]	Loss: 5.714058
Train Epoch: 1 [14400/24148 (60%)]	Loss: 5.348569
Train Epoch: 1 [14720/24148 (61%)]	Loss: 5.140678
Train Epoch: 1 [15040/24148 (62%)]	Loss: 5.312449
Train Epoch: 1 [15360/24148 (64%)]	Loss: 5.271361
Train Epoch: 1 [15680/24148 (65%)]	Loss: 5.151620
Train Epoch: 1 [16000/24148 (66%)]	Loss: 5.314565
Train Epoch: 1 [16320/24148 (68%)]	Loss: 5.237695
Train Epoch: 1 [16640/24148 (69%)]	Loss: 5.060439
Train Epoch: 1 [16960/24148 (70%)]	Loss: 5.290177
Train Epoch: 1 [17280/24148 (72%)]	Loss: 5.308708
Train Epoch: 1 [17600/24148 (73%)]	Loss: 5.468584
Train Epoch: 1 [17920/24148 (74%)]	Loss: 5.108209
Train Epoch: 1 [18240/24148 (75%)]	Loss: 5.467231
Train Epoch: 1 [18560/24148 (77%)]	Loss: 5.526835
Train Epoch: 1 [18880/24148 (78%)]	Loss: 5.064278
Train Epoch: 1 [19200/24148 (79%)]	Loss: 5.192457
Train Epoch: 1 [19520/24148 (81%)]	Loss: 4.980794
Train Epoch: 1 [19840/24148 (82%)]	Loss: 5.191035
Train Epoch: 1 [20160/24148 (83%)]	Loss: 5.012089
Train Epoch: 1 [20480/24148 (85%)]	Loss: 5.303353
Train Epoch: 1 [20800/24148 (86%)]	Loss: 5.282414
Train Epoch: 1 [21120/24148 (87%)]	Loss: 5.338702
Train Epoch: 1 [21440/24148 (89%)]	Loss: 5.294423
Train Epoch: 1 [21760/24148 (90%)]	Loss: 5.068480
Train Epoch: 1 [22080/24148 (91%)]	Loss: 5.443676
Train Epoch: 1 [22400/24148 (93%)]	Loss: 5.126646
Train Epoch: 1 [22720/24148 (94%)]	Loss: 5.597205
Train Epoch: 1 [23040/24148 (95%)]	Loss: 5.371378
Train Epoch: 1 [23360/24148 (97%)]	Loss: 5.052827
Train Epoch: 1 [23680/24148 (98%)]	Loss: 5.299867
Train Epoch: 1 [24000/24148 (99%)]	Loss: 5.221245

Test set: Average loss: 5.3262, Accuracy: 378/6037 (6%)

Train Epoch: 2 [0/24148 (0%)]	Loss: 5.187201
Train Epoch: 2 [320/24148 (1%)]	Loss: 5.368907
Train Epoch: 2 [640/24148 (3%)]	Loss: 5.105390
Train Epoch: 2 [960/24148 (4%)]	Loss: 5.236652
Train Epoch: 2 [1280/24148 (5%)]	Loss: 4.965053
Train Epoch: 2 [1600/24148 (7%)]	Loss: 5.454081
Train Epoch: 2 [1920/24148 (8%)]	Loss: 5.075889
Train Epoch: 2 [2240/24148 (9%)]	Loss: 4.541389
Train Epoch: 2 [2560/24148 (11%)]	Loss: 4.900043
Train Epoch: 2 [2880/24148 (12%)]	Loss: 5.082276
Train Epoch: 2 [3200/24148 (13%)]	Loss: 4.722806
Train Epoch: 2 [3520/24148 (15%)]	Loss: 5.022233
Train Epoch: 2 [3840/24148 (16%)]	Loss: 4.842980
Train Epoch: 2 [4160/24148 (17%)]	Loss: 4.997707
Train Epoch: 2 [4480/24148 (19%)]	Loss: 5.539803
Train Epoch: 2 [4800/24148 (20%)]	Loss: 5.147794
Train Epoch: 2 [5120/24148 (21%)]	Loss: 4.992000
Train Epoch: 2 [5440/24148 (23%)]	Loss: 5.299456
Train Epoch: 2 [5760/24148 (24%)]	Loss: 5.328098
Train Epoch: 2 [6080/24148 (25%)]	Loss: 5.391470
Train Epoch: 2 [6400/24148 (26%)]	Loss: 4.788195
Train Epoch: 2 [6720/24148 (28%)]	Loss: 5.298578
Train Epoch: 2 [7040/24148 (29%)]	Loss: 5.184153
Train Epoch: 2 [7360/24148 (30%)]	Loss: 5.038061
Train Epoch: 2 [7680/24148 (32%)]	Loss: 5.182630
Train Epoch: 2 [8000/24148 (33%)]	Loss: 5.267096
Train Epoch: 2 [8320/24148 (34%)]	Loss: 5.082077
Train Epoch: 2 [8640/24148 (36%)]	Loss: 4.902440
Train Epoch: 2 [8960/24148 (37%)]	Loss: 5.006067
Train Epoch: 2 [9280/24148 (38%)]	Loss: 4.969942
Train Epoch: 2 [9600/24148 (40%)]	Loss: 5.119141
Train Epoch: 2 [9920/24148 (41%)]	Loss: 4.961468
Train Epoch: 2 [10240/24148 (42%)]	Loss: 4.999853
Train Epoch: 2 [10560/24148 (44%)]	Loss: 5.244709
Train Epoch: 2 [10880/24148 (45%)]	Loss: 4.933942
Train Epoch: 2 [11200/24148 (46%)]	Loss: 4.886151
Train Epoch: 2 [11520/24148 (48%)]	Loss: 4.722966
Train Epoch: 2 [11840/24148 (49%)]	Loss: 4.948846
Train Epoch: 2 [12160/24148 (50%)]	Loss: 4.680927
Train Epoch: 2 [12480/24148 (52%)]	Loss: 5.182226
Train Epoch: 2 [12800/24148 (53%)]	Loss: 4.929265
Train Epoch: 2 [13120/24148 (54%)]	Loss: 5.361121
Train Epoch: 2 [13440/24148 (56%)]	Loss: 5.199587
Train Epoch: 2 [13760/24148 (57%)]	Loss: 5.001191
Train Epoch: 2 [14080/24148 (58%)]	Loss: 4.832062
Train Epoch: 2 [14400/24148 (60%)]	Loss: 5.250714
Train Epoch: 2 [14720/24148 (61%)]	Loss: 5.130534
Train Epoch: 2 [15040/24148 (62%)]	Loss: 5.318808
Train Epoch: 2 [15360/24148 (64%)]	Loss: 5.052316
Train Epoch: 2 [15680/24148 (65%)]	Loss: 4.991601
Train Epoch: 2 [16000/24148 (66%)]	Loss: 5.133088
Train Epoch: 2 [16320/24148 (68%)]	Loss: 4.896282
Train Epoch: 2 [16640/24148 (69%)]	Loss: 5.124375
Train Epoch: 2 [16960/24148 (70%)]	Loss: 5.088506
Train Epoch: 2 [17280/24148 (72%)]	Loss: 4.972121
Train Epoch: 2 [17600/24148 (73%)]	Loss: 5.029493
Train Epoch: 2 [17920/24148 (74%)]	Loss: 4.850601
Train Epoch: 2 [18240/24148 (75%)]	Loss: 5.122184
Train Epoch: 2 [18560/24148 (77%)]	Loss: 5.066858
Train Epoch: 2 [18880/24148 (78%)]	Loss: 5.145969
Train Epoch: 2 [19200/24148 (79%)]	Loss: 4.879829
Train Epoch: 2 [19520/24148 (81%)]	Loss: 4.594274
Train Epoch: 2 [19840/24148 (82%)]	Loss: 5.120974
Train Epoch: 2 [20160/24148 (83%)]	Loss: 4.756532
Train Epoch: 2 [20480/24148 (85%)]	Loss: 5.249431
Train Epoch: 2 [20800/24148 (86%)]	Loss: 5.047771
Train Epoch: 2 [21120/24148 (87%)]	Loss: 4.816240
Train Epoch: 2 [21440/24148 (89%)]	Loss: 4.966237
Train Epoch: 2 [21760/24148 (90%)]	Loss: 4.910644
Train Epoch: 2 [22080/24148 (91%)]	Loss: 4.770456
Train Epoch: 2 [22400/24148 (93%)]	Loss: 5.333958
Train Epoch: 2 [22720/24148 (94%)]	Loss: 4.897604
Train Epoch: 2 [23040/24148 (95%)]	Loss: 4.539611
Train Epoch: 2 [23360/24148 (97%)]	Loss: 5.139197
Train Epoch: 2 [23680/24148 (98%)]	Loss: 4.626750
Train Epoch: 2 [24000/24148 (99%)]	Loss: 4.727730

Test set: Average loss: 4.9330, Accuracy: 538/6037 (9%)

Train Epoch: 3 [0/24148 (0%)]	Loss: 5.098867
Train Epoch: 3 [320/24148 (1%)]	Loss: 4.933426
Train Epoch: 3 [640/24148 (3%)]	Loss: 4.836782
Train Epoch: 3 [960/24148 (4%)]	Loss: 4.235104
Train Epoch: 3 [1280/24148 (5%)]	Loss: 4.933068
Train Epoch: 3 [1600/24148 (7%)]	Loss: 5.027185
Train Epoch: 3 [1920/24148 (8%)]	Loss: 4.835170
Train Epoch: 3 [2240/24148 (9%)]	Loss: 4.995254
Train Epoch: 3 [2560/24148 (11%)]	Loss: 4.823517
Train Epoch: 3 [2880/24148 (12%)]	Loss: 4.725955
Train Epoch: 3 [3200/24148 (13%)]	Loss: 5.177492
Train Epoch: 3 [3520/24148 (15%)]	Loss: 4.968616
Train Epoch: 3 [3840/24148 (16%)]	Loss: 5.165169
Train Epoch: 3 [4160/24148 (17%)]	Loss: 4.920594
Train Epoch: 3 [4480/24148 (19%)]	Loss: 5.577892
Train Epoch: 3 [4800/24148 (20%)]	Loss: 4.573873
Train Epoch: 3 [5120/24148 (21%)]	Loss: 4.865153
Train Epoch: 3 [5440/24148 (23%)]	Loss: 4.994495
Train Epoch: 3 [5760/24148 (24%)]	Loss: 4.506325
Train Epoch: 3 [6080/24148 (25%)]	Loss: 4.858643
Train Epoch: 3 [6400/24148 (26%)]	Loss: 5.008121
Train Epoch: 3 [6720/24148 (28%)]	Loss: 4.783325
Train Epoch: 3 [7040/24148 (29%)]	Loss: 4.662781
Train Epoch: 3 [7360/24148 (30%)]	Loss: 4.795080
Train Epoch: 3 [7680/24148 (32%)]	Loss: 4.684456
Train Epoch: 3 [8000/24148 (33%)]	Loss: 4.635067
Train Epoch: 3 [8320/24148 (34%)]	Loss: 4.942533
Train Epoch: 3 [8640/24148 (36%)]	Loss: 4.761639
Train Epoch: 3 [8960/24148 (37%)]	Loss: 4.561510
Train Epoch: 3 [9280/24148 (38%)]	Loss: 5.087133
Train Epoch: 3 [9600/24148 (40%)]	Loss: 4.903325
Train Epoch: 3 [9920/24148 (41%)]	Loss: 4.729165
Train Epoch: 3 [10240/24148 (42%)]	Loss: 5.289736
Train Epoch: 3 [10560/24148 (44%)]	Loss: 4.355409
Train Epoch: 3 [10880/24148 (45%)]	Loss: 4.523831
Train Epoch: 3 [11200/24148 (46%)]	Loss: 4.391483
Train Epoch: 3 [11520/24148 (48%)]	Loss: 4.885787
Train Epoch: 3 [11840/24148 (49%)]	Loss: 5.231817
Train Epoch: 3 [12160/24148 (50%)]	Loss: 4.802791
Train Epoch: 3 [12480/24148 (52%)]	Loss: 4.661717
Train Epoch: 3 [12800/24148 (53%)]	Loss: 5.114752
Train Epoch: 3 [13120/24148 (54%)]	Loss: 4.466424
Train Epoch: 3 [13440/24148 (56%)]	Loss: 4.598362
Train Epoch: 3 [13760/24148 (57%)]	Loss: 4.626543
Train Epoch: 3 [14080/24148 (58%)]	Loss: 4.707450
Train Epoch: 3 [14400/24148 (60%)]	Loss: 5.211226
Train Epoch: 3 [14720/24148 (61%)]	Loss: 3.929068
Train Epoch: 3 [15040/24148 (62%)]	Loss: 4.739497
Train Epoch: 3 [15360/24148 (64%)]	Loss: 4.799439
Train Epoch: 3 [15680/24148 (65%)]	Loss: 4.735642
Train Epoch: 3 [16000/24148 (66%)]	Loss: 4.569152
Train Epoch: 3 [16320/24148 (68%)]	Loss: 4.612426
Train Epoch: 3 [16640/24148 (69%)]	Loss: 4.582981
Train Epoch: 3 [16960/24148 (70%)]	Loss: 4.940804
Train Epoch: 3 [17280/24148 (72%)]	Loss: 4.752012
Train Epoch: 3 [17600/24148 (73%)]	Loss: 4.867945
Train Epoch: 3 [17920/24148 (74%)]	Loss: 4.858372
Train Epoch: 3 [18240/24148 (75%)]	Loss: 5.022972
Train Epoch: 3 [18560/24148 (77%)]	Loss: 4.210896
Train Epoch: 3 [18880/24148 (78%)]	Loss: 4.641298
Train Epoch: 3 [19200/24148 (79%)]	Loss: 4.268166
Train Epoch: 3 [19520/24148 (81%)]	Loss: 4.987840
Train Epoch: 3 [19840/24148 (82%)]	Loss: 4.910905
Train Epoch: 3 [20160/24148 (83%)]	Loss: 4.120080
Train Epoch: 3 [20480/24148 (85%)]	Loss: 4.390912
Train Epoch: 3 [20800/24148 (86%)]	Loss: 4.480742
Train Epoch: 3 [21120/24148 (87%)]	Loss: 4.593817
Train Epoch: 3 [21440/24148 (89%)]	Loss: 4.549840
Train Epoch: 3 [21760/24148 (90%)]	Loss: 4.826271
Train Epoch: 3 [22080/24148 (91%)]	Loss: 4.817822
Train Epoch: 3 [22400/24148 (93%)]	Loss: 4.884888
Train Epoch: 3 [22720/24148 (94%)]	Loss: 4.855361
Train Epoch: 3 [23040/24148 (95%)]	Loss: 4.884420
Train Epoch: 3 [23360/24148 (97%)]	Loss: 4.682919
Train Epoch: 3 [23680/24148 (98%)]	Loss: 5.105070
Train Epoch: 3 [24000/24148 (99%)]	Loss: 4.496195

Test set: Average loss: 4.6692, Accuracy: 731/6037 (12%)

Train Epoch: 4 [0/24148 (0%)]	Loss: 4.407840
Train Epoch: 4 [320/24148 (1%)]	Loss: 4.854179
Train Epoch: 4 [640/24148 (3%)]	Loss: 4.632237
Train Epoch: 4 [960/24148 (4%)]	Loss: 4.091908
Train Epoch: 4 [1280/24148 (5%)]	Loss: 4.389076
Train Epoch: 4 [1600/24148 (7%)]	Loss: 5.016742
Train Epoch: 4 [1920/24148 (8%)]	Loss: 4.785042
Train Epoch: 4 [2240/24148 (9%)]	Loss: 4.460798
Train Epoch: 4 [2560/24148 (11%)]	Loss: 4.177298
Train Epoch: 4 [2880/24148 (12%)]	Loss: 4.435994
Train Epoch: 4 [3200/24148 (13%)]	Loss: 4.808808
Train Epoch: 4 [3520/24148 (15%)]	Loss: 3.758531
Train Epoch: 4 [3840/24148 (16%)]	Loss: 4.546247
Train Epoch: 4 [4160/24148 (17%)]	Loss: 4.748191
Train Epoch: 4 [4480/24148 (19%)]	Loss: 4.548156
Train Epoch: 4 [4800/24148 (20%)]	Loss: 3.992011
Train Epoch: 4 [5120/24148 (21%)]	Loss: 5.084955
Train Epoch: 4 [5440/24148 (23%)]	Loss: 4.658660
Train Epoch: 4 [5760/24148 (24%)]	Loss: 4.454713
Train Epoch: 4 [6080/24148 (25%)]	Loss: 4.494627
Train Epoch: 4 [6400/24148 (26%)]	Loss: 4.758698
Train Epoch: 4 [6720/24148 (28%)]	Loss: 4.630615
Train Epoch: 4 [7040/24148 (29%)]	Loss: 4.662056
Train Epoch: 4 [7360/24148 (30%)]	Loss: 4.101175
Train Epoch: 4 [7680/24148 (32%)]	Loss: 4.410588
Train Epoch: 4 [8000/24148 (33%)]	Loss: 4.617187
Train Epoch: 4 [8320/24148 (34%)]	Loss: 4.139617
Train Epoch: 4 [8640/24148 (36%)]	Loss: 4.807779
Train Epoch: 4 [8960/24148 (37%)]	Loss: 4.705635
Train Epoch: 4 [9280/24148 (38%)]	Loss: 4.089437
Train Epoch: 4 [9600/24148 (40%)]	Loss: 4.256086
Train Epoch: 4 [9920/24148 (41%)]	Loss: 4.396475
Train Epoch: 4 [10240/24148 (42%)]	Loss: 4.473134
Train Epoch: 4 [10560/24148 (44%)]	Loss: 4.574456
Train Epoch: 4 [10880/24148 (45%)]	Loss: 4.236789
Train Epoch: 4 [11200/24148 (46%)]	Loss: 4.537105
Train Epoch: 4 [11520/24148 (48%)]	Loss: 4.541682
Train Epoch: 4 [11840/24148 (49%)]	Loss: 4.336424
Train Epoch: 4 [12160/24148 (50%)]	Loss: 4.643830
Train Epoch: 4 [12480/24148 (52%)]	Loss: 4.825452
Train Epoch: 4 [12800/24148 (53%)]	Loss: 4.384843
Train Epoch: 4 [13120/24148 (54%)]	Loss: 4.422864
Train Epoch: 4 [13440/24148 (56%)]	Loss: 4.746531
Train Epoch: 4 [13760/24148 (57%)]	Loss: 4.541663
Train Epoch: 4 [14080/24148 (58%)]	Loss: 4.206518
Train Epoch: 4 [14400/24148 (60%)]	Loss: 4.429248
Train Epoch: 4 [14720/24148 (61%)]	Loss: 4.221906
Train Epoch: 4 [15040/24148 (62%)]	Loss: 3.900788
Train Epoch: 4 [15360/24148 (64%)]	Loss: 4.500653
Train Epoch: 4 [15680/24148 (65%)]	Loss: 4.329144
Train Epoch: 4 [16000/24148 (66%)]	Loss: 4.382166
Train Epoch: 4 [16320/24148 (68%)]	Loss: 4.236799
Train Epoch: 4 [16640/24148 (69%)]	Loss: 4.738480
Train Epoch: 4 [16960/24148 (70%)]	Loss: 4.260787
Train Epoch: 4 [17280/24148 (72%)]	Loss: 4.393833
Train Epoch: 4 [17600/24148 (73%)]	Loss: 4.800255
Train Epoch: 4 [17920/24148 (74%)]	Loss: 4.779046
Train Epoch: 4 [18240/24148 (75%)]	Loss: 4.648902
Train Epoch: 4 [18560/24148 (77%)]	Loss: 4.719550
Train Epoch: 4 [18880/24148 (78%)]	Loss: 4.544118
Train Epoch: 4 [19200/24148 (79%)]	Loss: 4.568748
Train Epoch: 4 [19520/24148 (81%)]	Loss: 4.095256
Train Epoch: 4 [19840/24148 (82%)]	Loss: 4.547242
Train Epoch: 4 [20160/24148 (83%)]	Loss: 4.163721
Train Epoch: 4 [20480/24148 (85%)]	Loss: 4.560987
Train Epoch: 4 [20800/24148 (86%)]	Loss: 4.711414
Train Epoch: 4 [21120/24148 (87%)]	Loss: 4.253168
Train Epoch: 4 [21440/24148 (89%)]	Loss: 3.957820
Train Epoch: 4 [21760/24148 (90%)]	Loss: 4.438940
Train Epoch: 4 [22080/24148 (91%)]	Loss: 4.612665
Train Epoch: 4 [22400/24148 (93%)]	Loss: 4.149631
Train Epoch: 4 [22720/24148 (94%)]	Loss: 4.530000
Train Epoch: 4 [23040/24148 (95%)]	Loss: 3.593358
Train Epoch: 4 [23360/24148 (97%)]	Loss: 4.578835
Train Epoch: 4 [23680/24148 (98%)]	Loss: 4.148873
Train Epoch: 4 [24000/24148 (99%)]	Loss: 4.481529

Test set: Average loss: 4.5013, Accuracy: 851/6037 (14%)

Train Epoch: 5 [0/24148 (0%)]	Loss: 4.474830
Train Epoch: 5 [320/24148 (1%)]	Loss: 4.341917
Train Epoch: 5 [640/24148 (3%)]	Loss: 3.946896
Train Epoch: 5 [960/24148 (4%)]	Loss: 4.724270
Train Epoch: 5 [1280/24148 (5%)]	Loss: 3.964192
Train Epoch: 5 [1600/24148 (7%)]	Loss: 4.461925
Train Epoch: 5 [1920/24148 (8%)]	Loss: 4.437751
Train Epoch: 5 [2240/24148 (9%)]	Loss: 4.211145
Train Epoch: 5 [2560/24148 (11%)]	Loss: 4.146327
Train Epoch: 5 [2880/24148 (12%)]	Loss: 4.741196
Train Epoch: 5 [3200/24148 (13%)]	Loss: 4.771925
Train Epoch: 5 [3520/24148 (15%)]	Loss: 4.310788
Train Epoch: 5 [3840/24148 (16%)]	Loss: 4.273304
Train Epoch: 5 [4160/24148 (17%)]	Loss: 4.490377
Train Epoch: 5 [4480/24148 (19%)]	Loss: 4.295852
Train Epoch: 5 [4800/24148 (20%)]	Loss: 4.263655
Train Epoch: 5 [5120/24148 (21%)]	Loss: 3.613291
Train Epoch: 5 [5440/24148 (23%)]	Loss: 3.945373
Train Epoch: 5 [5760/24148 (24%)]	Loss: 4.036690
Train Epoch: 5 [6080/24148 (25%)]	Loss: 4.347197
Train Epoch: 5 [6400/24148 (26%)]	Loss: 4.048201
Train Epoch: 5 [6720/24148 (28%)]	Loss: 4.624664
Train Epoch: 5 [7040/24148 (29%)]	Loss: 4.858970
Train Epoch: 5 [7360/24148 (30%)]	Loss: 4.054801
Train Epoch: 5 [7680/24148 (32%)]	Loss: 4.565419
Train Epoch: 5 [8000/24148 (33%)]	Loss: 4.550276
Train Epoch: 5 [8320/24148 (34%)]	Loss: 4.217373
Train Epoch: 5 [8640/24148 (36%)]	Loss: 4.148747
Train Epoch: 5 [8960/24148 (37%)]	Loss: 4.099404
Train Epoch: 5 [9280/24148 (38%)]	Loss: 3.893881
Train Epoch: 5 [9600/24148 (40%)]	Loss: 4.382676
Train Epoch: 5 [9920/24148 (41%)]	Loss: 4.122762
Train Epoch: 5 [10240/24148 (42%)]	Loss: 4.824930
Train Epoch: 5 [10560/24148 (44%)]	Loss: 4.517831
Train Epoch: 5 [10880/24148 (45%)]	Loss: 4.667528
Train Epoch: 5 [11200/24148 (46%)]	Loss: 4.474834
Train Epoch: 5 [11520/24148 (48%)]	Loss: 4.172016
Train Epoch: 5 [11840/24148 (49%)]	Loss: 4.266424
Train Epoch: 5 [12160/24148 (50%)]	Loss: 4.588630
Train Epoch: 5 [12480/24148 (52%)]	Loss: 4.225786
Train Epoch: 5 [12800/24148 (53%)]	Loss: 4.582312
Train Epoch: 5 [13120/24148 (54%)]	Loss: 3.948533
Train Epoch: 5 [13440/24148 (56%)]	Loss: 4.406339
Train Epoch: 5 [13760/24148 (57%)]	Loss: 4.486184
Train Epoch: 5 [14080/24148 (58%)]	Loss: 4.458156
Train Epoch: 5 [14400/24148 (60%)]	Loss: 4.738382
Train Epoch: 5 [14720/24148 (61%)]	Loss: 4.658588
Train Epoch: 5 [15040/24148 (62%)]	Loss: 4.838364
Train Epoch: 5 [15360/24148 (64%)]	Loss: 4.210399
Train Epoch: 5 [15680/24148 (65%)]	Loss: 3.849626
Train Epoch: 5 [16000/24148 (66%)]	Loss: 4.339530
Train Epoch: 5 [16320/24148 (68%)]	Loss: 3.996680
Train Epoch: 5 [16640/24148 (69%)]	Loss: 3.762031
Train Epoch: 5 [16960/24148 (70%)]	Loss: 4.594868
Train Epoch: 5 [17280/24148 (72%)]	Loss: 4.640018
Train Epoch: 5 [17600/24148 (73%)]	Loss: 4.117244
Train Epoch: 5 [17920/24148 (74%)]	Loss: 4.211653
Train Epoch: 5 [18240/24148 (75%)]	Loss: 4.548026
Train Epoch: 5 [18560/24148 (77%)]	Loss: 4.235672
Train Epoch: 5 [18880/24148 (78%)]	Loss: 4.541258
Train Epoch: 5 [19200/24148 (79%)]	Loss: 4.166692
Train Epoch: 5 [19520/24148 (81%)]	Loss: 4.356594
Train Epoch: 5 [19840/24148 (82%)]	Loss: 4.065001
Train Epoch: 5 [20160/24148 (83%)]	Loss: 4.424294
Train Epoch: 5 [20480/24148 (85%)]	Loss: 4.330190
Train Epoch: 5 [20800/24148 (86%)]	Loss: 3.743939
Train Epoch: 5 [21120/24148 (87%)]	Loss: 4.461056
Train Epoch: 5 [21440/24148 (89%)]	Loss: 4.432433
Train Epoch: 5 [21760/24148 (90%)]	Loss: 4.293753
Train Epoch: 5 [22080/24148 (91%)]	Loss: 4.708523
Train Epoch: 5 [22400/24148 (93%)]	Loss: 4.491636
Train Epoch: 5 [22720/24148 (94%)]	Loss: 4.385220
Train Epoch: 5 [23040/24148 (95%)]	Loss: 4.019437
Train Epoch: 5 [23360/24148 (97%)]	Loss: 4.394672
Train Epoch: 5 [23680/24148 (98%)]	Loss: 4.338829
Train Epoch: 5 [24000/24148 (99%)]	Loss: 4.249058

Test set: Average loss: 4.4460, Accuracy: 930/6037 (15%)

Train Epoch: 6 [0/24148 (0%)]	Loss: 3.899974
Train Epoch: 6 [320/24148 (1%)]	Loss: 3.922072
Train Epoch: 6 [640/24148 (3%)]	Loss: 3.827352
Train Epoch: 6 [960/24148 (4%)]	Loss: 4.172478
Train Epoch: 6 [1280/24148 (5%)]	Loss: 4.334904
Train Epoch: 6 [1600/24148 (7%)]	Loss: 4.307488
Train Epoch: 6 [1920/24148 (8%)]	Loss: 4.234746
Train Epoch: 6 [2240/24148 (9%)]	Loss: 4.263086
Train Epoch: 6 [2560/24148 (11%)]	Loss: 3.491981
Train Epoch: 6 [2880/24148 (12%)]	Loss: 4.215083
Train Epoch: 6 [3200/24148 (13%)]	Loss: 3.830290
Train Epoch: 6 [3520/24148 (15%)]	Loss: 4.069928
Train Epoch: 6 [3840/24148 (16%)]	Loss: 4.464395
Train Epoch: 6 [4160/24148 (17%)]	Loss: 4.555763
Train Epoch: 6 [4480/24148 (19%)]	Loss: 4.499112
Train Epoch: 6 [4800/24148 (20%)]	Loss: 3.890462
Train Epoch: 6 [5120/24148 (21%)]	Loss: 4.161246
Train Epoch: 6 [5440/24148 (23%)]	Loss: 3.812785
Train Epoch: 6 [5760/24148 (24%)]	Loss: 4.022084
Train Epoch: 6 [6080/24148 (25%)]	Loss: 3.497169
Train Epoch: 6 [6400/24148 (26%)]	Loss: 4.230874
Train Epoch: 6 [6720/24148 (28%)]	Loss: 4.181963
Train Epoch: 6 [7040/24148 (29%)]	Loss: 4.165148
Train Epoch: 6 [7360/24148 (30%)]	Loss: 3.896493
Train Epoch: 6 [7680/24148 (32%)]	Loss: 4.130232
Train Epoch: 6 [8000/24148 (33%)]	Loss: 4.222257
Train Epoch: 6 [8320/24148 (34%)]	Loss: 3.791003
Train Epoch: 6 [8640/24148 (36%)]	Loss: 3.530213
Train Epoch: 6 [8960/24148 (37%)]	Loss: 4.330432
Train Epoch: 6 [9280/24148 (38%)]	Loss: 4.591154
Train Epoch: 6 [9600/24148 (40%)]	Loss: 4.280558
Train Epoch: 6 [9920/24148 (41%)]	Loss: 3.773288
Train Epoch: 6 [10240/24148 (42%)]	Loss: 3.672938
Train Epoch: 6 [10560/24148 (44%)]	Loss: 4.233279
Train Epoch: 6 [10880/24148 (45%)]	Loss: 4.628216
Train Epoch: 6 [11200/24148 (46%)]	Loss: 4.041809
Train Epoch: 6 [11520/24148 (48%)]	Loss: 4.331619
Train Epoch: 6 [11840/24148 (49%)]	Loss: 3.636982
Train Epoch: 6 [12160/24148 (50%)]	Loss: 4.435962
Train Epoch: 6 [12480/24148 (52%)]	Loss: 4.159204
Train Epoch: 6 [12800/24148 (53%)]	Loss: 3.659922
Train Epoch: 6 [13120/24148 (54%)]	Loss: 4.115807
Train Epoch: 6 [13440/24148 (56%)]	Loss: 4.428836
Train Epoch: 6 [13760/24148 (57%)]	Loss: 3.901207
Train Epoch: 6 [14080/24148 (58%)]	Loss: 4.036911
Train Epoch: 6 [14400/24148 (60%)]	Loss: 4.127595
Train Epoch: 6 [14720/24148 (61%)]	Loss: 3.879243
Train Epoch: 6 [15040/24148 (62%)]	Loss: 4.340960
Train Epoch: 6 [15360/24148 (64%)]	Loss: 3.670223
Train Epoch: 6 [15680/24148 (65%)]	Loss: 4.485247
Train Epoch: 6 [16000/24148 (66%)]	Loss: 4.050446
Train Epoch: 6 [16320/24148 (68%)]	Loss: 4.585890
Train Epoch: 6 [16640/24148 (69%)]	Loss: 4.387479
Train Epoch: 6 [16960/24148 (70%)]	Loss: 4.352795
Train Epoch: 6 [17280/24148 (72%)]	Loss: 3.675448
Train Epoch: 6 [17600/24148 (73%)]	Loss: 4.004733
Train Epoch: 6 [17920/24148 (74%)]	Loss: 3.958060
Train Epoch: 6 [18240/24148 (75%)]	Loss: 3.951852
Train Epoch: 6 [18560/24148 (77%)]	Loss: 4.361977
Train Epoch: 6 [18880/24148 (78%)]	Loss: 4.338161
Train Epoch: 6 [19200/24148 (79%)]	Loss: 3.975760
Train Epoch: 6 [19520/24148 (81%)]	Loss: 4.110947
Train Epoch: 6 [19840/24148 (82%)]	Loss: 3.988828
Train Epoch: 6 [20160/24148 (83%)]	Loss: 3.969143
Train Epoch: 6 [20480/24148 (85%)]	Loss: 3.558566
Train Epoch: 6 [20800/24148 (86%)]	Loss: 4.381264
Train Epoch: 6 [21120/24148 (87%)]	Loss: 3.913258
Train Epoch: 6 [21440/24148 (89%)]	Loss: 4.107669
Train Epoch: 6 [21760/24148 (90%)]	Loss: 4.153071
Train Epoch: 6 [22080/24148 (91%)]	Loss: 3.533884
Train Epoch: 6 [22400/24148 (93%)]	Loss: 4.607028
Train Epoch: 6 [22720/24148 (94%)]	Loss: 4.198775
Train Epoch: 6 [23040/24148 (95%)]	Loss: 3.927023
Train Epoch: 6 [23360/24148 (97%)]	Loss: 3.882521
Train Epoch: 6 [23680/24148 (98%)]	Loss: 4.311058
Train Epoch: 6 [24000/24148 (99%)]	Loss: 4.180966

Test set: Average loss: 4.2867, Accuracy: 1042/6037 (17%)

Train Epoch: 7 [0/24148 (0%)]	Loss: 3.957475
Train Epoch: 7 [320/24148 (1%)]	Loss: 4.241742
Train Epoch: 7 [640/24148 (3%)]	Loss: 3.862630
Train Epoch: 7 [960/24148 (4%)]	Loss: 4.330568
Train Epoch: 7 [1280/24148 (5%)]	Loss: 4.040266
Train Epoch: 7 [1600/24148 (7%)]	Loss: 3.921041
Train Epoch: 7 [1920/24148 (8%)]	Loss: 3.876452
Train Epoch: 7 [2240/24148 (9%)]	Loss: 4.239549
Train Epoch: 7 [2560/24148 (11%)]	Loss: 3.559855
Train Epoch: 7 [2880/24148 (12%)]	Loss: 4.051949
Train Epoch: 7 [3200/24148 (13%)]	Loss: 4.203106
Train Epoch: 7 [3520/24148 (15%)]	Loss: 4.410751
Train Epoch: 7 [3840/24148 (16%)]	Loss: 4.102323
Train Epoch: 7 [4160/24148 (17%)]	Loss: 4.730131
Train Epoch: 7 [4480/24148 (19%)]	Loss: 3.893014
Train Epoch: 7 [4800/24148 (20%)]	Loss: 3.981004
Train Epoch: 7 [5120/24148 (21%)]	Loss: 3.985229
Train Epoch: 7 [5440/24148 (23%)]	Loss: 3.805216
Train Epoch: 7 [5760/24148 (24%)]	Loss: 3.970455
Train Epoch: 7 [6080/24148 (25%)]	Loss: 4.168518
Train Epoch: 7 [6400/24148 (26%)]	Loss: 3.714445
Train Epoch: 7 [6720/24148 (28%)]	Loss: 4.033112
Train Epoch: 7 [7040/24148 (29%)]	Loss: 3.888282
Train Epoch: 7 [7360/24148 (30%)]	Loss: 4.646698
Train Epoch: 7 [7680/24148 (32%)]	Loss: 4.153340
Train Epoch: 7 [8000/24148 (33%)]	Loss: 5.003928
Train Epoch: 7 [8320/24148 (34%)]	Loss: 4.056620
Train Epoch: 7 [8640/24148 (36%)]	Loss: 4.192241
Train Epoch: 7 [8960/24148 (37%)]	Loss: 4.034983
Train Epoch: 7 [9280/24148 (38%)]	Loss: 3.693048
Train Epoch: 7 [9600/24148 (40%)]	Loss: 4.280725
Train Epoch: 7 [9920/24148 (41%)]	Loss: 4.256772
Train Epoch: 7 [10240/24148 (42%)]	Loss: 3.943905
Train Epoch: 7 [10560/24148 (44%)]	Loss: 4.274285
Train Epoch: 7 [10880/24148 (45%)]	Loss: 3.818819
Train Epoch: 7 [11200/24148 (46%)]	Loss: 4.058358
Train Epoch: 7 [11520/24148 (48%)]	Loss: 2.980192
Train Epoch: 7 [11840/24148 (49%)]	Loss: 3.864142
Train Epoch: 7 [12160/24148 (50%)]	Loss: 4.114294
Train Epoch: 7 [12480/24148 (52%)]	Loss: 3.851596
Train Epoch: 7 [12800/24148 (53%)]	Loss: 3.991222
Train Epoch: 7 [13120/24148 (54%)]	Loss: 3.794917
Train Epoch: 7 [13440/24148 (56%)]	Loss: 4.199894
Train Epoch: 7 [13760/24148 (57%)]	Loss: 3.872443
Train Epoch: 7 [14080/24148 (58%)]	Loss: 3.252371
Train Epoch: 7 [14400/24148 (60%)]	Loss: 4.148745
Train Epoch: 7 [14720/24148 (61%)]	Loss: 3.427122
Train Epoch: 7 [15040/24148 (62%)]	Loss: 3.616865
Train Epoch: 7 [15360/24148 (64%)]	Loss: 3.597941
Train Epoch: 7 [15680/24148 (65%)]	Loss: 4.144912
Train Epoch: 7 [16000/24148 (66%)]	Loss: 4.332408
Train Epoch: 7 [16320/24148 (68%)]	Loss: 4.132567
Train Epoch: 7 [16640/24148 (69%)]	Loss: 3.631170
Train Epoch: 7 [16960/24148 (70%)]	Loss: 3.471714
Train Epoch: 7 [17280/24148 (72%)]	Loss: 4.172089
Train Epoch: 7 [17600/24148 (73%)]	Loss: 3.649830
Train Epoch: 7 [17920/24148 (74%)]	Loss: 3.813486
Train Epoch: 7 [18240/24148 (75%)]	Loss: 3.940537
Train Epoch: 7 [18560/24148 (77%)]	Loss: 4.167560
Train Epoch: 7 [18880/24148 (78%)]	Loss: 3.942048
Train Epoch: 7 [19200/24148 (79%)]	Loss: 3.568538
Train Epoch: 7 [19520/24148 (81%)]	Loss: 3.854125
Train Epoch: 7 [19840/24148 (82%)]	Loss: 3.991518
Train Epoch: 7 [20160/24148 (83%)]	Loss: 4.015304
Train Epoch: 7 [20480/24148 (85%)]	Loss: 3.837380
Train Epoch: 7 [20800/24148 (86%)]	Loss: 3.293303
Train Epoch: 7 [21120/24148 (87%)]	Loss: 4.271122
Train Epoch: 7 [21440/24148 (89%)]	Loss: 4.085629
Train Epoch: 7 [21760/24148 (90%)]	Loss: 4.014021
Train Epoch: 7 [22080/24148 (91%)]	Loss: 4.126435
Train Epoch: 7 [22400/24148 (93%)]	Loss: 4.012763
Train Epoch: 7 [22720/24148 (94%)]	Loss: 4.285834
Train Epoch: 7 [23040/24148 (95%)]	Loss: 3.728175
Train Epoch: 7 [23360/24148 (97%)]	Loss: 4.236467
Train Epoch: 7 [23680/24148 (98%)]	Loss: 4.058325
Train Epoch: 7 [24000/24148 (99%)]	Loss: 3.781301

Test set: Average loss: 4.2039, Accuracy: 1085/6037 (18%)

Train Epoch: 8 [0/24148 (0%)]	Loss: 3.633171
Train Epoch: 8 [320/24148 (1%)]	Loss: 4.159532
Train Epoch: 8 [640/24148 (3%)]	Loss: 3.238387
Train Epoch: 8 [960/24148 (4%)]	Loss: 3.657681
Train Epoch: 8 [1280/24148 (5%)]	Loss: 3.311268
Train Epoch: 8 [1600/24148 (7%)]	Loss: 4.065950
Train Epoch: 8 [1920/24148 (8%)]	Loss: 3.606922
Train Epoch: 8 [2240/24148 (9%)]	Loss: 4.043469
Train Epoch: 8 [2560/24148 (11%)]	Loss: 3.553790
Train Epoch: 8 [2880/24148 (12%)]	Loss: 3.160393
Train Epoch: 8 [3200/24148 (13%)]	Loss: 3.829012
Train Epoch: 8 [3520/24148 (15%)]	Loss: 3.812932
Train Epoch: 8 [3840/24148 (16%)]	Loss: 3.943727
Train Epoch: 8 [4160/24148 (17%)]	Loss: 3.153663
Train Epoch: 8 [4480/24148 (19%)]	Loss: 3.474819
Train Epoch: 8 [4800/24148 (20%)]	Loss: 3.270660
Train Epoch: 8 [5120/24148 (21%)]	Loss: 3.881934
Train Epoch: 8 [5440/24148 (23%)]	Loss: 3.381423
Train Epoch: 8 [5760/24148 (24%)]	Loss: 3.553598
Train Epoch: 8 [6080/24148 (25%)]	Loss: 4.169657
Train Epoch: 8 [6400/24148 (26%)]	Loss: 3.445460
Train Epoch: 8 [6720/24148 (28%)]	Loss: 4.074372
Train Epoch: 8 [7040/24148 (29%)]	Loss: 3.373889
Train Epoch: 8 [7360/24148 (30%)]	Loss: 3.602541
Train Epoch: 8 [7680/24148 (32%)]	Loss: 4.126726
Train Epoch: 8 [8000/24148 (33%)]	Loss: 4.000465
Train Epoch: 8 [8320/24148 (34%)]	Loss: 4.243906
Train Epoch: 8 [8640/24148 (36%)]	Loss: 3.085718
Train Epoch: 8 [8960/24148 (37%)]	Loss: 4.045024
Train Epoch: 8 [9280/24148 (38%)]	Loss: 3.377911
Train Epoch: 8 [9600/24148 (40%)]	Loss: 3.760714
Train Epoch: 8 [9920/24148 (41%)]	Loss: 3.541696
Train Epoch: 8 [10240/24148 (42%)]	Loss: 3.779819
Train Epoch: 8 [10560/24148 (44%)]	Loss: 4.004546
Train Epoch: 8 [10880/24148 (45%)]	Loss: 4.226144
Train Epoch: 8 [11200/24148 (46%)]	Loss: 3.510424
Train Epoch: 8 [11520/24148 (48%)]	Loss: 4.159481
Train Epoch: 8 [11840/24148 (49%)]	Loss: 3.332930
Train Epoch: 8 [12160/24148 (50%)]	Loss: 3.555974
Train Epoch: 8 [12480/24148 (52%)]	Loss: 4.461800
Train Epoch: 8 [12800/24148 (53%)]	Loss: 4.362535
Train Epoch: 8 [13120/24148 (54%)]	Loss: 3.713424
Train Epoch: 8 [13440/24148 (56%)]	Loss: 4.148941
Train Epoch: 8 [13760/24148 (57%)]	Loss: 3.194770
Train Epoch: 8 [14080/24148 (58%)]	Loss: 3.784801
Train Epoch: 8 [14400/24148 (60%)]	Loss: 4.131889
Train Epoch: 8 [14720/24148 (61%)]	Loss: 3.492943
Train Epoch: 8 [15040/24148 (62%)]	Loss: 3.788523
Train Epoch: 8 [15360/24148 (64%)]	Loss: 3.872567
Train Epoch: 8 [15680/24148 (65%)]	Loss: 3.378978
Train Epoch: 8 [16000/24148 (66%)]	Loss: 3.476374
Train Epoch: 8 [16320/24148 (68%)]	Loss: 3.940259
Train Epoch: 8 [16640/24148 (69%)]	Loss: 3.791744
Train Epoch: 8 [16960/24148 (70%)]	Loss: 4.084696
Train Epoch: 8 [17280/24148 (72%)]	Loss: 3.755663
Train Epoch: 8 [17600/24148 (73%)]	Loss: 4.471831
Train Epoch: 8 [17920/24148 (74%)]	Loss: 3.638924
Train Epoch: 8 [18240/24148 (75%)]	Loss: 3.951043
Train Epoch: 8 [18560/24148 (77%)]	Loss: 3.598210
Train Epoch: 8 [18880/24148 (78%)]	Loss: 3.468263
Train Epoch: 8 [19200/24148 (79%)]	Loss: 4.075080
Train Epoch: 8 [19520/24148 (81%)]	Loss: 3.950648
Train Epoch: 8 [19840/24148 (82%)]	Loss: 3.570037
Train Epoch: 8 [20160/24148 (83%)]	Loss: 3.674295
Train Epoch: 8 [20480/24148 (85%)]	Loss: 3.762048
Train Epoch: 8 [20800/24148 (86%)]	Loss: 4.015792
Train Epoch: 8 [21120/24148 (87%)]	Loss: 3.805145
Train Epoch: 8 [21440/24148 (89%)]	Loss: 4.084409
Train Epoch: 8 [21760/24148 (90%)]	Loss: 3.755040
Train Epoch: 8 [22080/24148 (91%)]	Loss: 3.896760
Train Epoch: 8 [22400/24148 (93%)]	Loss: 4.277342
Train Epoch: 8 [22720/24148 (94%)]	Loss: 3.400349
Train Epoch: 8 [23040/24148 (95%)]	Loss: 3.691241
Train Epoch: 8 [23360/24148 (97%)]	Loss: 3.839792
Train Epoch: 8 [23680/24148 (98%)]	Loss: 3.692623
Train Epoch: 8 [24000/24148 (99%)]	Loss: 3.462344

Test set: Average loss: 4.1444, Accuracy: 1163/6037 (19%)

Train Epoch: 9 [0/24148 (0%)]	Loss: 4.149982
Train Epoch: 9 [320/24148 (1%)]	Loss: 3.284823
Train Epoch: 9 [640/24148 (3%)]	Loss: 4.003905
Train Epoch: 9 [960/24148 (4%)]	Loss: 4.398474
Train Epoch: 9 [1280/24148 (5%)]	Loss: 3.311743
Train Epoch: 9 [1600/24148 (7%)]	Loss: 3.370814
Train Epoch: 9 [1920/24148 (8%)]	Loss: 3.977671
Train Epoch: 9 [2240/24148 (9%)]	Loss: 3.185015
Train Epoch: 9 [2560/24148 (11%)]	Loss: 3.939202
Train Epoch: 9 [2880/24148 (12%)]	Loss: 3.402870
Train Epoch: 9 [3200/24148 (13%)]	Loss: 3.532886
Train Epoch: 9 [3520/24148 (15%)]	Loss: 3.545908
Train Epoch: 9 [3840/24148 (16%)]	Loss: 3.556732
Train Epoch: 9 [4160/24148 (17%)]	Loss: 3.248288
Train Epoch: 9 [4480/24148 (19%)]	Loss: 3.206074
Train Epoch: 9 [4800/24148 (20%)]	Loss: 3.727576
Train Epoch: 9 [5120/24148 (21%)]	Loss: 3.535988
Train Epoch: 9 [5440/24148 (23%)]	Loss: 3.427311
Train Epoch: 9 [5760/24148 (24%)]	Loss: 3.752083
Train Epoch: 9 [6080/24148 (25%)]	Loss: 3.882368
Train Epoch: 9 [6400/24148 (26%)]	Loss: 3.823459
Train Epoch: 9 [6720/24148 (28%)]	Loss: 3.388820
Train Epoch: 9 [7040/24148 (29%)]	Loss: 3.281886
Train Epoch: 9 [7360/24148 (30%)]	Loss: 3.888186
Train Epoch: 9 [7680/24148 (32%)]	Loss: 3.565825
Train Epoch: 9 [8000/24148 (33%)]	Loss: 3.055669
Train Epoch: 9 [8320/24148 (34%)]	Loss: 3.241512
Train Epoch: 9 [8640/24148 (36%)]	Loss: 3.726265
Train Epoch: 9 [8960/24148 (37%)]	Loss: 3.442871
Train Epoch: 9 [9280/24148 (38%)]	Loss: 3.388550
Train Epoch: 9 [9600/24148 (40%)]	Loss: 3.877448
Train Epoch: 9 [9920/24148 (41%)]	Loss: 3.092507
Train Epoch: 9 [10240/24148 (42%)]	Loss: 3.838395
Train Epoch: 9 [10560/24148 (44%)]	Loss: 3.044033
Train Epoch: 9 [10880/24148 (45%)]	Loss: 3.952907
Train Epoch: 9 [11200/24148 (46%)]	Loss: 3.901744
Train Epoch: 9 [11520/24148 (48%)]	Loss: 3.653811
Train Epoch: 9 [11840/24148 (49%)]	Loss: 3.383392
Train Epoch: 9 [12160/24148 (50%)]	Loss: 3.361315
Train Epoch: 9 [12480/24148 (52%)]	Loss: 3.724575
Train Epoch: 9 [12800/24148 (53%)]	Loss: 3.707219
Train Epoch: 9 [13120/24148 (54%)]	Loss: 3.443657
Train Epoch: 9 [13440/24148 (56%)]	Loss: 3.849727
Train Epoch: 9 [13760/24148 (57%)]	Loss: 4.125576
Train Epoch: 9 [14080/24148 (58%)]	Loss: 4.087220
Train Epoch: 9 [14400/24148 (60%)]	Loss: 4.144655
Train Epoch: 9 [14720/24148 (61%)]	Loss: 3.657422
Train Epoch: 9 [15040/24148 (62%)]	Loss: 4.047235
Train Epoch: 9 [15360/24148 (64%)]	Loss: 3.096172
Train Epoch: 9 [15680/24148 (65%)]	Loss: 3.555463
Train Epoch: 9 [16000/24148 (66%)]	Loss: 3.351759
Train Epoch: 9 [16320/24148 (68%)]	Loss: 4.254558
Train Epoch: 9 [16640/24148 (69%)]	Loss: 3.705350
Train Epoch: 9 [16960/24148 (70%)]	Loss: 3.530847
Train Epoch: 9 [17280/24148 (72%)]	Loss: 3.259716
Train Epoch: 9 [17600/24148 (73%)]	Loss: 3.465796
Train Epoch: 9 [17920/24148 (74%)]	Loss: 3.977671
Train Epoch: 9 [18240/24148 (75%)]	Loss: 3.640206
Train Epoch: 9 [18560/24148 (77%)]	Loss: 3.572502
Train Epoch: 9 [18880/24148 (78%)]	Loss: 4.148166
Train Epoch: 9 [19200/24148 (79%)]	Loss: 3.953488
Train Epoch: 9 [19520/24148 (81%)]	Loss: 3.260437
Train Epoch: 9 [19840/24148 (82%)]	Loss: 3.246557
Train Epoch: 9 [20160/24148 (83%)]	Loss: 3.661859
Train Epoch: 9 [20480/24148 (85%)]	Loss: 4.062451
Train Epoch: 9 [20800/24148 (86%)]	Loss: 3.193316
Train Epoch: 9 [21120/24148 (87%)]	Loss: 3.923491
Train Epoch: 9 [21440/24148 (89%)]	Loss: 3.387582
Train Epoch: 9 [21760/24148 (90%)]	Loss: 3.536909
Train Epoch: 9 [22080/24148 (91%)]	Loss: 3.561701
Train Epoch: 9 [22400/24148 (93%)]	Loss: 3.847733
Train Epoch: 9 [22720/24148 (94%)]	Loss: 2.972881
Train Epoch: 9 [23040/24148 (95%)]	Loss: 3.446467
Train Epoch: 9 [23360/24148 (97%)]	Loss: 3.897732
Train Epoch: 9 [23680/24148 (98%)]	Loss: 3.828336
Train Epoch: 9 [24000/24148 (99%)]	Loss: 3.287700

Test set: Average loss: 4.0857, Accuracy: 1217/6037 (20%)

Train Epoch: 10 [0/24148 (0%)]	Loss: 3.885075
Train Epoch: 10 [320/24148 (1%)]	Loss: 3.046315
Train Epoch: 10 [640/24148 (3%)]	Loss: 3.041372
Train Epoch: 10 [960/24148 (4%)]	Loss: 3.410054
Train Epoch: 10 [1280/24148 (5%)]	Loss: 3.615509
Train Epoch: 10 [1600/24148 (7%)]	Loss: 3.324677
Train Epoch: 10 [1920/24148 (8%)]	Loss: 3.567915
Train Epoch: 10 [2240/24148 (9%)]	Loss: 3.325674
Train Epoch: 10 [2560/24148 (11%)]	Loss: 3.552539
Train Epoch: 10 [2880/24148 (12%)]	Loss: 3.583449
Train Epoch: 10 [3200/24148 (13%)]	Loss: 3.203469
Train Epoch: 10 [3520/24148 (15%)]	Loss: 3.916151
Train Epoch: 10 [3840/24148 (16%)]	Loss: 3.472946
Train Epoch: 10 [4160/24148 (17%)]	Loss: 4.026232
Train Epoch: 10 [4480/24148 (19%)]	Loss: 3.504285
Train Epoch: 10 [4800/24148 (20%)]	Loss: 3.923680
Train Epoch: 10 [5120/24148 (21%)]	Loss: 3.712126
Train Epoch: 10 [5440/24148 (23%)]	Loss: 3.094573
Train Epoch: 10 [5760/24148 (24%)]	Loss: 3.784431
Train Epoch: 10 [6080/24148 (25%)]	Loss: 3.856959
Train Epoch: 10 [6400/24148 (26%)]	Loss: 3.572555
Train Epoch: 10 [6720/24148 (28%)]	Loss: 3.436523
Train Epoch: 10 [7040/24148 (29%)]	Loss: 3.506623
Train Epoch: 10 [7360/24148 (30%)]	Loss: 3.250381
Train Epoch: 10 [7680/24148 (32%)]	Loss: 3.293878
Train Epoch: 10 [8000/24148 (33%)]	Loss: 4.001409
Train Epoch: 10 [8320/24148 (34%)]	Loss: 3.411091
Train Epoch: 10 [8640/24148 (36%)]	Loss: 3.297050
Train Epoch: 10 [8960/24148 (37%)]	Loss: 3.781741
Train Epoch: 10 [9280/24148 (38%)]	Loss: 3.228128
Train Epoch: 10 [9600/24148 (40%)]	Loss: 3.982547
Train Epoch: 10 [9920/24148 (41%)]	Loss: 3.340328
Train Epoch: 10 [10240/24148 (42%)]	Loss: 3.005619
Train Epoch: 10 [10560/24148 (44%)]	Loss: 3.763062
Train Epoch: 10 [10880/24148 (45%)]	Loss: 3.513895
Train Epoch: 10 [11200/24148 (46%)]	Loss: 3.481362
Train Epoch: 10 [11520/24148 (48%)]	Loss: 3.470288
Train Epoch: 10 [11840/24148 (49%)]	Loss: 3.931512
Train Epoch: 10 [12160/24148 (50%)]	Loss: 3.666555
Train Epoch: 10 [12480/24148 (52%)]	Loss: 3.459678
Train Epoch: 10 [12800/24148 (53%)]	Loss: 3.459114
Train Epoch: 10 [13120/24148 (54%)]	Loss: 3.026179
Train Epoch: 10 [13440/24148 (56%)]	Loss: 3.450154
Train Epoch: 10 [13760/24148 (57%)]	Loss: 3.789660
Train Epoch: 10 [14080/24148 (58%)]	Loss: 3.244252
Train Epoch: 10 [14400/24148 (60%)]	Loss: 3.692346
Train Epoch: 10 [14720/24148 (61%)]	Loss: 3.053005
Train Epoch: 10 [15040/24148 (62%)]	Loss: 3.560532
Train Epoch: 10 [15360/24148 (64%)]	Loss: 3.376898
Train Epoch: 10 [15680/24148 (65%)]	Loss: 3.637144
Train Epoch: 10 [16000/24148 (66%)]	Loss: 3.587456
Train Epoch: 10 [16320/24148 (68%)]	Loss: 3.569765
Train Epoch: 10 [16640/24148 (69%)]	Loss: 3.509402
Train Epoch: 10 [16960/24148 (70%)]	Loss: 3.678795
Train Epoch: 10 [17280/24148 (72%)]	Loss: 2.888747
Train Epoch: 10 [17600/24148 (73%)]	Loss: 4.121752
Train Epoch: 10 [17920/24148 (74%)]	Loss: 3.484923
Train Epoch: 10 [18240/24148 (75%)]	Loss: 3.225608
Train Epoch: 10 [18560/24148 (77%)]	Loss: 3.499897
Train Epoch: 10 [18880/24148 (78%)]	Loss: 3.294713
Train Epoch: 10 [19200/24148 (79%)]	Loss: 3.176432
Train Epoch: 10 [19520/24148 (81%)]	Loss: 3.688971
Train Epoch: 10 [19840/24148 (82%)]	Loss: 3.437082
Train Epoch: 10 [20160/24148 (83%)]	Loss: 2.929901
Train Epoch: 10 [20480/24148 (85%)]	Loss: 3.819841
Train Epoch: 10 [20800/24148 (86%)]	Loss: 3.270941
Train Epoch: 10 [21120/24148 (87%)]	Loss: 3.636286
Train Epoch: 10 [21440/24148 (89%)]	Loss: 3.721365
Train Epoch: 10 [21760/24148 (90%)]	Loss: 3.125359
Train Epoch: 10 [22080/24148 (91%)]	Loss: 3.235854
Train Epoch: 10 [22400/24148 (93%)]	Loss: 3.760015
Train Epoch: 10 [22720/24148 (94%)]	Loss: 2.952578
Train Epoch: 10 [23040/24148 (95%)]	Loss: 4.121423
Train Epoch: 10 [23360/24148 (97%)]	Loss: 3.390497
Train Epoch: 10 [23680/24148 (98%)]	Loss: 3.431939
Train Epoch: 10 [24000/24148 (99%)]	Loss: 4.182432

Test set: Average loss: 4.0745, Accuracy: 1253/6037 (21%)

Average seconds for training 1 epoch: 177.36952266693115
Average seconds for testing: 16.062477159500123
