Files already downloaded and verified
Total number of parameters in the model: 13380865
Train Epoch: 1 [0/24148 (0%)]	Loss: 5.729006
Train Epoch: 1 [320/24148 (1%)]	Loss: 5.827535
Train Epoch: 1 [640/24148 (3%)]	Loss: 5.898153
Train Epoch: 1 [960/24148 (4%)]	Loss: 5.763516
Train Epoch: 1 [1280/24148 (5%)]	Loss: 6.029287
Train Epoch: 1 [1600/24148 (7%)]	Loss: 5.510538
Train Epoch: 1 [1920/24148 (8%)]	Loss: 5.627831
Train Epoch: 1 [2240/24148 (9%)]	Loss: 5.749329
Train Epoch: 1 [2560/24148 (11%)]	Loss: 5.516659
Train Epoch: 1 [2880/24148 (12%)]	Loss: 5.159061
Train Epoch: 1 [3200/24148 (13%)]	Loss: 5.658676
Train Epoch: 1 [3520/24148 (15%)]	Loss: 5.496723
Train Epoch: 1 [3840/24148 (16%)]	Loss: 5.181363
Train Epoch: 1 [4160/24148 (17%)]	Loss: 5.409506
Train Epoch: 1 [4480/24148 (19%)]	Loss: 5.501229
Train Epoch: 1 [4800/24148 (20%)]	Loss: 5.420203
Train Epoch: 1 [5120/24148 (21%)]	Loss: 5.195693
Train Epoch: 1 [5440/24148 (23%)]	Loss: 5.174156
Train Epoch: 1 [5760/24148 (24%)]	Loss: 5.155331
Train Epoch: 1 [6080/24148 (25%)]	Loss: 5.304520
Train Epoch: 1 [6400/24148 (26%)]	Loss: 5.387816
Train Epoch: 1 [6720/24148 (28%)]	Loss: 5.545474
Train Epoch: 1 [7040/24148 (29%)]	Loss: 5.310366
Train Epoch: 1 [7360/24148 (30%)]	Loss: 5.480273
Train Epoch: 1 [7680/24148 (32%)]	Loss: 5.277168
Train Epoch: 1 [8000/24148 (33%)]	Loss: 5.659410
Train Epoch: 1 [8320/24148 (34%)]	Loss: 5.569873
Train Epoch: 1 [8640/24148 (36%)]	Loss: 5.407867
Train Epoch: 1 [8960/24148 (37%)]	Loss: 5.508211
Train Epoch: 1 [9280/24148 (38%)]	Loss: 5.374413
Train Epoch: 1 [9600/24148 (40%)]	Loss: 5.266745
Train Epoch: 1 [9920/24148 (41%)]	Loss: 5.099907
Train Epoch: 1 [10240/24148 (42%)]	Loss: 5.583769
Train Epoch: 1 [10560/24148 (44%)]	Loss: 5.293765
Train Epoch: 1 [10880/24148 (45%)]	Loss: 5.551085
Train Epoch: 1 [11200/24148 (46%)]	Loss: 5.226649
Train Epoch: 1 [11520/24148 (48%)]	Loss: 5.099741
Train Epoch: 1 [11840/24148 (49%)]	Loss: 5.252658
Train Epoch: 1 [12160/24148 (50%)]	Loss: 5.642092
Train Epoch: 1 [12480/24148 (52%)]	Loss: 5.128898
Train Epoch: 1 [12800/24148 (53%)]	Loss: 5.217373
Train Epoch: 1 [13120/24148 (54%)]	Loss: 5.443980
Train Epoch: 1 [13440/24148 (56%)]	Loss: 5.268857
Train Epoch: 1 [13760/24148 (57%)]	Loss: 5.539101
Train Epoch: 1 [14080/24148 (58%)]	Loss: 5.392977
Train Epoch: 1 [14400/24148 (60%)]	Loss: 5.096172
Train Epoch: 1 [14720/24148 (61%)]	Loss: 4.801588
Train Epoch: 1 [15040/24148 (62%)]	Loss: 5.451299
Train Epoch: 1 [15360/24148 (64%)]	Loss: 5.587016
Train Epoch: 1 [15680/24148 (65%)]	Loss: 4.861584
Train Epoch: 1 [16000/24148 (66%)]	Loss: 5.373457
Train Epoch: 1 [16320/24148 (68%)]	Loss: 5.561157
Train Epoch: 1 [16640/24148 (69%)]	Loss: 5.011714
Train Epoch: 1 [16960/24148 (70%)]	Loss: 5.262017
Train Epoch: 1 [17280/24148 (72%)]	Loss: 5.104385
Train Epoch: 1 [17600/24148 (73%)]	Loss: 5.071806
Train Epoch: 1 [17920/24148 (74%)]	Loss: 5.251792
Train Epoch: 1 [18240/24148 (75%)]	Loss: 5.290562
Train Epoch: 1 [18560/24148 (77%)]	Loss: 4.991689
Train Epoch: 1 [18880/24148 (78%)]	Loss: 5.026075
Train Epoch: 1 [19200/24148 (79%)]	Loss: 5.273402
Train Epoch: 1 [19520/24148 (81%)]	Loss: 5.023786
Train Epoch: 1 [19840/24148 (82%)]	Loss: 5.447272
Train Epoch: 1 [20160/24148 (83%)]	Loss: 4.980186
Train Epoch: 1 [20480/24148 (85%)]	Loss: 5.082047
Train Epoch: 1 [20800/24148 (86%)]	Loss: 5.102719
Train Epoch: 1 [21120/24148 (87%)]	Loss: 5.126046
Train Epoch: 1 [21440/24148 (89%)]	Loss: 5.314527
Train Epoch: 1 [21760/24148 (90%)]	Loss: 5.229949
Train Epoch: 1 [22080/24148 (91%)]	Loss: 5.193425
Train Epoch: 1 [22400/24148 (93%)]	Loss: 5.566652
Train Epoch: 1 [22720/24148 (94%)]	Loss: 4.831631
Train Epoch: 1 [23040/24148 (95%)]	Loss: 5.381900
Train Epoch: 1 [23360/24148 (97%)]	Loss: 5.418581
Train Epoch: 1 [23680/24148 (98%)]	Loss: 5.201511
Train Epoch: 1 [24000/24148 (99%)]	Loss: 4.826503

Test set: Average loss: 5.1518, Accuracy: 457/6037 (8%)

Train Epoch: 2 [0/24148 (0%)]	Loss: 5.118940
Train Epoch: 2 [320/24148 (1%)]	Loss: 4.974654
Train Epoch: 2 [640/24148 (3%)]	Loss: 5.340568
Train Epoch: 2 [960/24148 (4%)]	Loss: 5.111889
Train Epoch: 2 [1280/24148 (5%)]	Loss: 5.279608
Train Epoch: 2 [1600/24148 (7%)]	Loss: 5.162245
Train Epoch: 2 [1920/24148 (8%)]	Loss: 5.263753
Train Epoch: 2 [2240/24148 (9%)]	Loss: 4.934430
Train Epoch: 2 [2560/24148 (11%)]	Loss: 4.975667
Train Epoch: 2 [2880/24148 (12%)]	Loss: 4.772745
Train Epoch: 2 [3200/24148 (13%)]	Loss: 5.179932
Train Epoch: 2 [3520/24148 (15%)]	Loss: 5.244707
Train Epoch: 2 [3840/24148 (16%)]	Loss: 5.078614
Train Epoch: 2 [4160/24148 (17%)]	Loss: 5.296271
Train Epoch: 2 [4480/24148 (19%)]	Loss: 5.348360
Train Epoch: 2 [4800/24148 (20%)]	Loss: 4.988045
Train Epoch: 2 [5120/24148 (21%)]	Loss: 5.043166
Train Epoch: 2 [5440/24148 (23%)]	Loss: 5.053355
Train Epoch: 2 [5760/24148 (24%)]	Loss: 5.433001
Train Epoch: 2 [6080/24148 (25%)]	Loss: 5.010387
Train Epoch: 2 [6400/24148 (26%)]	Loss: 4.757950
Train Epoch: 2 [6720/24148 (28%)]	Loss: 5.401762
Train Epoch: 2 [7040/24148 (29%)]	Loss: 4.984290
Train Epoch: 2 [7360/24148 (30%)]	Loss: 5.227578
Train Epoch: 2 [7680/24148 (32%)]	Loss: 4.942400
Train Epoch: 2 [8000/24148 (33%)]	Loss: 5.228277
Train Epoch: 2 [8320/24148 (34%)]	Loss: 5.001654
Train Epoch: 2 [8640/24148 (36%)]	Loss: 4.891999
Train Epoch: 2 [8960/24148 (37%)]	Loss: 5.244548
Train Epoch: 2 [9280/24148 (38%)]	Loss: 5.215762
Train Epoch: 2 [9600/24148 (40%)]	Loss: 5.273524
Train Epoch: 2 [9920/24148 (41%)]	Loss: 4.988142
Train Epoch: 2 [10240/24148 (42%)]	Loss: 5.351797
Train Epoch: 2 [10560/24148 (44%)]	Loss: 4.907197
Train Epoch: 2 [10880/24148 (45%)]	Loss: 4.807989
Train Epoch: 2 [11200/24148 (46%)]	Loss: 4.589501
Train Epoch: 2 [11520/24148 (48%)]	Loss: 5.336185
Train Epoch: 2 [11840/24148 (49%)]	Loss: 5.322269
Train Epoch: 2 [12160/24148 (50%)]	Loss: 5.170457
Train Epoch: 2 [12480/24148 (52%)]	Loss: 4.696349
Train Epoch: 2 [12800/24148 (53%)]	Loss: 5.213845
Train Epoch: 2 [13120/24148 (54%)]	Loss: 4.856193
Train Epoch: 2 [13440/24148 (56%)]	Loss: 5.334534
Train Epoch: 2 [13760/24148 (57%)]	Loss: 4.919838
Train Epoch: 2 [14080/24148 (58%)]	Loss: 4.908805
Train Epoch: 2 [14400/24148 (60%)]	Loss: 5.306463
Train Epoch: 2 [14720/24148 (61%)]	Loss: 5.051794
Train Epoch: 2 [15040/24148 (62%)]	Loss: 5.196890
Train Epoch: 2 [15360/24148 (64%)]	Loss: 4.682754
Train Epoch: 2 [15680/24148 (65%)]	Loss: 5.443928
Train Epoch: 2 [16000/24148 (66%)]	Loss: 5.035365
Train Epoch: 2 [16320/24148 (68%)]	Loss: 5.087698
Train Epoch: 2 [16640/24148 (69%)]	Loss: 5.318641
Train Epoch: 2 [16960/24148 (70%)]	Loss: 5.088656
Train Epoch: 2 [17280/24148 (72%)]	Loss: 5.228799
Train Epoch: 2 [17600/24148 (73%)]	Loss: 4.938476
Train Epoch: 2 [17920/24148 (74%)]	Loss: 4.877405
Train Epoch: 2 [18240/24148 (75%)]	Loss: 5.299222
Train Epoch: 2 [18560/24148 (77%)]	Loss: 5.073616
Train Epoch: 2 [18880/24148 (78%)]	Loss: 5.177692
Train Epoch: 2 [19200/24148 (79%)]	Loss: 5.398467
Train Epoch: 2 [19520/24148 (81%)]	Loss: 4.841948
Train Epoch: 2 [19840/24148 (82%)]	Loss: 5.250464
Train Epoch: 2 [20160/24148 (83%)]	Loss: 5.198794
Train Epoch: 2 [20480/24148 (85%)]	Loss: 4.830412
Train Epoch: 2 [20800/24148 (86%)]	Loss: 5.212288
Train Epoch: 2 [21120/24148 (87%)]	Loss: 4.763688
Train Epoch: 2 [21440/24148 (89%)]	Loss: 5.319780
Train Epoch: 2 [21760/24148 (90%)]	Loss: 5.039575
Train Epoch: 2 [22080/24148 (91%)]	Loss: 4.823933
Train Epoch: 2 [22400/24148 (93%)]	Loss: 5.042299
Train Epoch: 2 [22720/24148 (94%)]	Loss: 5.277310
Train Epoch: 2 [23040/24148 (95%)]	Loss: 5.015876
Train Epoch: 2 [23360/24148 (97%)]	Loss: 5.024469
Train Epoch: 2 [23680/24148 (98%)]	Loss: 5.006577
Train Epoch: 2 [24000/24148 (99%)]	Loss: 5.037425

Test set: Average loss: 5.0565, Accuracy: 543/6037 (9%)

Train Epoch: 3 [0/24148 (0%)]	Loss: 5.152105
Train Epoch: 3 [320/24148 (1%)]	Loss: 5.033990
Train Epoch: 3 [640/24148 (3%)]	Loss: 4.950132
Train Epoch: 3 [960/24148 (4%)]	Loss: 5.019742
Train Epoch: 3 [1280/24148 (5%)]	Loss: 5.426260
Train Epoch: 3 [1600/24148 (7%)]	Loss: 4.861633
Train Epoch: 3 [1920/24148 (8%)]	Loss: 4.968367
Train Epoch: 3 [2240/24148 (9%)]	Loss: 4.598035
Train Epoch: 3 [2560/24148 (11%)]	Loss: 4.677197
Train Epoch: 3 [2880/24148 (12%)]	Loss: 4.872253
Train Epoch: 3 [3200/24148 (13%)]	Loss: 4.857410
Train Epoch: 3 [3520/24148 (15%)]	Loss: 4.898558
Train Epoch: 3 [3840/24148 (16%)]	Loss: 4.792436
Train Epoch: 3 [4160/24148 (17%)]	Loss: 5.492223
Train Epoch: 3 [4480/24148 (19%)]	Loss: 4.981583
Train Epoch: 3 [4800/24148 (20%)]	Loss: 5.331734
Train Epoch: 3 [5120/24148 (21%)]	Loss: 5.315454
Train Epoch: 3 [5440/24148 (23%)]	Loss: 5.153811
Train Epoch: 3 [5760/24148 (24%)]	Loss: 5.144960
Train Epoch: 3 [6080/24148 (25%)]	Loss: 5.108897
Train Epoch: 3 [6400/24148 (26%)]	Loss: 4.776106
Train Epoch: 3 [6720/24148 (28%)]	Loss: 4.624347
Train Epoch: 3 [7040/24148 (29%)]	Loss: 4.991719
Train Epoch: 3 [7360/24148 (30%)]	Loss: 5.214926
Train Epoch: 3 [7680/24148 (32%)]	Loss: 5.339429
Train Epoch: 3 [8000/24148 (33%)]	Loss: 5.091314
Train Epoch: 3 [8320/24148 (34%)]	Loss: 5.036255
Train Epoch: 3 [8640/24148 (36%)]	Loss: 5.047341
Train Epoch: 3 [8960/24148 (37%)]	Loss: 5.021898
Train Epoch: 3 [9280/24148 (38%)]	Loss: 4.926325
Train Epoch: 3 [9600/24148 (40%)]	Loss: 4.863085
Train Epoch: 3 [9920/24148 (41%)]	Loss: 4.961892
Train Epoch: 3 [10240/24148 (42%)]	Loss: 4.997473
Train Epoch: 3 [10560/24148 (44%)]	Loss: 4.693017
Train Epoch: 3 [10880/24148 (45%)]	Loss: 4.876466
Train Epoch: 3 [11200/24148 (46%)]	Loss: 5.166056
Train Epoch: 3 [11520/24148 (48%)]	Loss: 4.552904
Train Epoch: 3 [11840/24148 (49%)]	Loss: 4.847317
Train Epoch: 3 [12160/24148 (50%)]	Loss: 5.162674
Train Epoch: 3 [12480/24148 (52%)]	Loss: 5.379959
Train Epoch: 3 [12800/24148 (53%)]	Loss: 5.147336
Train Epoch: 3 [13120/24148 (54%)]	Loss: 5.227531
Train Epoch: 3 [13440/24148 (56%)]	Loss: 4.786217
Train Epoch: 3 [13760/24148 (57%)]	Loss: 4.864135
Train Epoch: 3 [14080/24148 (58%)]	Loss: 5.137677
Train Epoch: 3 [14400/24148 (60%)]	Loss: 4.858846
Train Epoch: 3 [14720/24148 (61%)]	Loss: 5.110614
Train Epoch: 3 [15040/24148 (62%)]	Loss: 5.204147
Train Epoch: 3 [15360/24148 (64%)]	Loss: 4.904907
Train Epoch: 3 [15680/24148 (65%)]	Loss: 4.688119
Train Epoch: 3 [16000/24148 (66%)]	Loss: 4.922622
Train Epoch: 3 [16320/24148 (68%)]	Loss: 5.366344
Train Epoch: 3 [16640/24148 (69%)]	Loss: 4.741361
Train Epoch: 3 [16960/24148 (70%)]	Loss: 4.989427
Train Epoch: 3 [17280/24148 (72%)]	Loss: 5.075603
Train Epoch: 3 [17600/24148 (73%)]	Loss: 4.971988
Train Epoch: 3 [17920/24148 (74%)]	Loss: 4.632049
Train Epoch: 3 [18240/24148 (75%)]	Loss: 5.084582
Train Epoch: 3 [18560/24148 (77%)]	Loss: 5.035081
Train Epoch: 3 [18880/24148 (78%)]	Loss: 5.023375
Train Epoch: 3 [19200/24148 (79%)]	Loss: 5.251577
Train Epoch: 3 [19520/24148 (81%)]	Loss: 4.701608
Train Epoch: 3 [19840/24148 (82%)]	Loss: 4.764158
Train Epoch: 3 [20160/24148 (83%)]	Loss: 4.899360
Train Epoch: 3 [20480/24148 (85%)]	Loss: 4.826301
Train Epoch: 3 [20800/24148 (86%)]	Loss: 5.178100
Train Epoch: 3 [21120/24148 (87%)]	Loss: 5.079852
Train Epoch: 3 [21440/24148 (89%)]	Loss: 4.261133
Train Epoch: 3 [21760/24148 (90%)]	Loss: 4.810030
Train Epoch: 3 [22080/24148 (91%)]	Loss: 4.952130
Train Epoch: 3 [22400/24148 (93%)]	Loss: 4.812661
Train Epoch: 3 [22720/24148 (94%)]	Loss: 5.153410
Train Epoch: 3 [23040/24148 (95%)]	Loss: 5.105659
Train Epoch: 3 [23360/24148 (97%)]	Loss: 4.888672
Train Epoch: 3 [23680/24148 (98%)]	Loss: 4.954500
Train Epoch: 3 [24000/24148 (99%)]	Loss: 4.691759

Test set: Average loss: 5.0265, Accuracy: 480/6037 (8%)

Train Epoch: 4 [0/24148 (0%)]	Loss: 4.966644
Train Epoch: 4 [320/24148 (1%)]	Loss: 4.804526
Train Epoch: 4 [640/24148 (3%)]	Loss: 4.521111
Train Epoch: 4 [960/24148 (4%)]	Loss: 4.742690
Train Epoch: 4 [1280/24148 (5%)]	Loss: 5.083119
Train Epoch: 4 [1600/24148 (7%)]	Loss: 4.969429
Train Epoch: 4 [1920/24148 (8%)]	Loss: 4.878058
Train Epoch: 4 [2240/24148 (9%)]	Loss: 4.649572
Train Epoch: 4 [2560/24148 (11%)]	Loss: 5.463697
Train Epoch: 4 [2880/24148 (12%)]	Loss: 4.850936
Train Epoch: 4 [3200/24148 (13%)]	Loss: 5.089479
Train Epoch: 4 [3520/24148 (15%)]	Loss: 4.787652
Train Epoch: 4 [3840/24148 (16%)]	Loss: 4.773032
Train Epoch: 4 [4160/24148 (17%)]	Loss: 4.930824
Train Epoch: 4 [4480/24148 (19%)]	Loss: 4.976430
Train Epoch: 4 [4800/24148 (20%)]	Loss: 4.925387
Train Epoch: 4 [5120/24148 (21%)]	Loss: 5.282854
Train Epoch: 4 [5440/24148 (23%)]	Loss: 5.060609
Train Epoch: 4 [5760/24148 (24%)]	Loss: 4.620651
Train Epoch: 4 [6080/24148 (25%)]	Loss: 4.572435
Train Epoch: 4 [6400/24148 (26%)]	Loss: 4.540083
Train Epoch: 4 [6720/24148 (28%)]	Loss: 4.913909
Train Epoch: 4 [7040/24148 (29%)]	Loss: 4.901792
Train Epoch: 4 [7360/24148 (30%)]	Loss: 5.161088
Train Epoch: 4 [7680/24148 (32%)]	Loss: 4.767028
Train Epoch: 4 [8000/24148 (33%)]	Loss: 5.069292
Train Epoch: 4 [8320/24148 (34%)]	Loss: 4.653937
Train Epoch: 4 [8640/24148 (36%)]	Loss: 4.606413
Train Epoch: 4 [8960/24148 (37%)]	Loss: 4.294262
Train Epoch: 4 [9280/24148 (38%)]	Loss: 5.392022
Train Epoch: 4 [9600/24148 (40%)]	Loss: 4.953886
Train Epoch: 4 [9920/24148 (41%)]	Loss: 4.665339
Train Epoch: 4 [10240/24148 (42%)]	Loss: 4.724457
Train Epoch: 4 [10560/24148 (44%)]	Loss: 4.656439
Train Epoch: 4 [10880/24148 (45%)]	Loss: 4.948210
Train Epoch: 4 [11200/24148 (46%)]	Loss: 4.458130
Train Epoch: 4 [11520/24148 (48%)]	Loss: 4.798909
Train Epoch: 4 [11840/24148 (49%)]	Loss: 4.989534
Train Epoch: 4 [12160/24148 (50%)]	Loss: 5.220055
Train Epoch: 4 [12480/24148 (52%)]	Loss: 4.900349
Train Epoch: 4 [12800/24148 (53%)]	Loss: 4.934251
Train Epoch: 4 [13120/24148 (54%)]	Loss: 5.041544
Train Epoch: 4 [13440/24148 (56%)]	Loss: 5.125906
Train Epoch: 4 [13760/24148 (57%)]	Loss: 5.044985
Train Epoch: 4 [14080/24148 (58%)]	Loss: 5.212052
Train Epoch: 4 [14400/24148 (60%)]	Loss: 5.297783
Train Epoch: 4 [14720/24148 (61%)]	Loss: 4.995879
Train Epoch: 4 [15040/24148 (62%)]	Loss: 4.792120
Train Epoch: 4 [15360/24148 (64%)]	Loss: 5.427000
Train Epoch: 4 [15680/24148 (65%)]	Loss: 4.734559
Train Epoch: 4 [16000/24148 (66%)]	Loss: 4.993721
Train Epoch: 4 [16320/24148 (68%)]	Loss: 4.768284
Train Epoch: 4 [16640/24148 (69%)]	Loss: 4.959171
Train Epoch: 4 [16960/24148 (70%)]	Loss: 5.028994
Train Epoch: 4 [17280/24148 (72%)]	Loss: 5.235414
Train Epoch: 4 [17600/24148 (73%)]	Loss: 4.787105
Train Epoch: 4 [17920/24148 (74%)]	Loss: 4.850202
Train Epoch: 4 [18240/24148 (75%)]	Loss: 4.955565
Train Epoch: 4 [18560/24148 (77%)]	Loss: 5.100722
Train Epoch: 4 [18880/24148 (78%)]	Loss: 5.119174
Train Epoch: 4 [19200/24148 (79%)]	Loss: 4.810801
Train Epoch: 4 [19520/24148 (81%)]	Loss: 5.244987
Train Epoch: 4 [19840/24148 (82%)]	Loss: 4.988394
Train Epoch: 4 [20160/24148 (83%)]	Loss: 4.655091
Train Epoch: 4 [20480/24148 (85%)]	Loss: 4.575530
Train Epoch: 4 [20800/24148 (86%)]	Loss: 5.140458
Train Epoch: 4 [21120/24148 (87%)]	Loss: 4.708957
Train Epoch: 4 [21440/24148 (89%)]	Loss: 5.167021
Train Epoch: 4 [21760/24148 (90%)]	Loss: 4.926006
Train Epoch: 4 [22080/24148 (91%)]	Loss: 4.802039
Train Epoch: 4 [22400/24148 (93%)]	Loss: 4.710358
Train Epoch: 4 [22720/24148 (94%)]	Loss: 4.593197
Train Epoch: 4 [23040/24148 (95%)]	Loss: 5.173514
Train Epoch: 4 [23360/24148 (97%)]	Loss: 4.577315
Train Epoch: 4 [23680/24148 (98%)]	Loss: 5.083900
Train Epoch: 4 [24000/24148 (99%)]	Loss: 4.766166

Test set: Average loss: 4.8598, Accuracy: 597/6037 (10%)

Train Epoch: 5 [0/24148 (0%)]	Loss: 4.728955
Train Epoch: 5 [320/24148 (1%)]	Loss: 4.707880
Train Epoch: 5 [640/24148 (3%)]	Loss: 4.664772
Train Epoch: 5 [960/24148 (4%)]	Loss: 4.944410
Train Epoch: 5 [1280/24148 (5%)]	Loss: 4.586208
Train Epoch: 5 [1600/24148 (7%)]	Loss: 5.049751
Train Epoch: 5 [1920/24148 (8%)]	Loss: 4.624772
Train Epoch: 5 [2240/24148 (9%)]	Loss: 4.547118
Train Epoch: 5 [2560/24148 (11%)]	Loss: 4.733901
Train Epoch: 5 [2880/24148 (12%)]	Loss: 5.052614
Train Epoch: 5 [3200/24148 (13%)]	Loss: 5.065272
Train Epoch: 5 [3520/24148 (15%)]	Loss: 5.053410
Train Epoch: 5 [3840/24148 (16%)]	Loss: 4.614090
Train Epoch: 5 [4160/24148 (17%)]	Loss: 4.866394
Train Epoch: 5 [4480/24148 (19%)]	Loss: 4.909491
Train Epoch: 5 [4800/24148 (20%)]	Loss: 5.036882
Train Epoch: 5 [5120/24148 (21%)]	Loss: 5.103522
Train Epoch: 5 [5440/24148 (23%)]	Loss: 4.483021
Train Epoch: 5 [5760/24148 (24%)]	Loss: 4.689113
Train Epoch: 5 [6080/24148 (25%)]	Loss: 4.937200
Train Epoch: 5 [6400/24148 (26%)]	Loss: 4.838668
Train Epoch: 5 [6720/24148 (28%)]	Loss: 4.997478
Train Epoch: 5 [7040/24148 (29%)]	Loss: 4.613942
Train Epoch: 5 [7360/24148 (30%)]	Loss: 4.416622
Train Epoch: 5 [7680/24148 (32%)]	Loss: 4.555419
Train Epoch: 5 [8000/24148 (33%)]	Loss: 4.694319
Train Epoch: 5 [8320/24148 (34%)]	Loss: 4.849675
Train Epoch: 5 [8640/24148 (36%)]	Loss: 4.696666
Train Epoch: 5 [8960/24148 (37%)]	Loss: 4.629178
Train Epoch: 5 [9280/24148 (38%)]	Loss: 4.943867
Train Epoch: 5 [9600/24148 (40%)]	Loss: 4.313747
Train Epoch: 5 [9920/24148 (41%)]	Loss: 4.839097
Train Epoch: 5 [10240/24148 (42%)]	Loss: 4.631094
Train Epoch: 5 [10560/24148 (44%)]	Loss: 4.310514
Train Epoch: 5 [10880/24148 (45%)]	Loss: 4.285233
Train Epoch: 5 [11200/24148 (46%)]	Loss: 4.501471
Train Epoch: 5 [11520/24148 (48%)]	Loss: 5.151622
Train Epoch: 5 [11840/24148 (49%)]	Loss: 4.761170
Train Epoch: 5 [12160/24148 (50%)]	Loss: 5.196965
Train Epoch: 5 [12480/24148 (52%)]	Loss: 4.791099
Train Epoch: 5 [12800/24148 (53%)]	Loss: 5.151044
Train Epoch: 5 [13120/24148 (54%)]	Loss: 4.854800
Train Epoch: 5 [13440/24148 (56%)]	Loss: 4.248270
Train Epoch: 5 [13760/24148 (57%)]	Loss: 4.852191
Train Epoch: 5 [14080/24148 (58%)]	Loss: 4.903657
Train Epoch: 5 [14400/24148 (60%)]	Loss: 4.951184
Train Epoch: 5 [14720/24148 (61%)]	Loss: 5.131629
Train Epoch: 5 [15040/24148 (62%)]	Loss: 4.933593
Train Epoch: 5 [15360/24148 (64%)]	Loss: 4.962207
Train Epoch: 5 [15680/24148 (65%)]	Loss: 4.955776
Train Epoch: 5 [16000/24148 (66%)]	Loss: 4.695762
Train Epoch: 5 [16320/24148 (68%)]	Loss: 4.706172
Train Epoch: 5 [16640/24148 (69%)]	Loss: 5.158278
Train Epoch: 5 [16960/24148 (70%)]	Loss: 4.890312
Train Epoch: 5 [17280/24148 (72%)]	Loss: 4.812642
Train Epoch: 5 [17600/24148 (73%)]	Loss: 4.714584
Train Epoch: 5 [17920/24148 (74%)]	Loss: 5.170236
Train Epoch: 5 [18240/24148 (75%)]	Loss: 4.341731
Train Epoch: 5 [18560/24148 (77%)]	Loss: 4.923704
Train Epoch: 5 [18880/24148 (78%)]	Loss: 4.600430
Train Epoch: 5 [19200/24148 (79%)]	Loss: 4.727685
Train Epoch: 5 [19520/24148 (81%)]	Loss: 5.258369
Train Epoch: 5 [19840/24148 (82%)]	Loss: 5.099055
Train Epoch: 5 [20160/24148 (83%)]	Loss: 5.179447
Train Epoch: 5 [20480/24148 (85%)]	Loss: 4.603372
Train Epoch: 5 [20800/24148 (86%)]	Loss: 4.842496
Train Epoch: 5 [21120/24148 (87%)]	Loss: 4.658714
Train Epoch: 5 [21440/24148 (89%)]	Loss: 4.751501
Train Epoch: 5 [21760/24148 (90%)]	Loss: 4.926868
Train Epoch: 5 [22080/24148 (91%)]	Loss: 4.991031
Train Epoch: 5 [22400/24148 (93%)]	Loss: 4.854906
Train Epoch: 5 [22720/24148 (94%)]	Loss: 4.607862
Train Epoch: 5 [23040/24148 (95%)]	Loss: 4.659859
Train Epoch: 5 [23360/24148 (97%)]	Loss: 5.007798
Train Epoch: 5 [23680/24148 (98%)]	Loss: 4.563703
Train Epoch: 5 [24000/24148 (99%)]	Loss: 4.421618

Test set: Average loss: 4.8188, Accuracy: 625/6037 (10%)

Train Epoch: 6 [0/24148 (0%)]	Loss: 4.448524
Train Epoch: 6 [320/24148 (1%)]	Loss: 4.778000
Train Epoch: 6 [640/24148 (3%)]	Loss: 4.598181
Train Epoch: 6 [960/24148 (4%)]	Loss: 4.809118
Train Epoch: 6 [1280/24148 (5%)]	Loss: 4.362863
Train Epoch: 6 [1600/24148 (7%)]	Loss: 4.215899
Train Epoch: 6 [1920/24148 (8%)]	Loss: 4.850587
Train Epoch: 6 [2240/24148 (9%)]	Loss: 4.783842
Train Epoch: 6 [2560/24148 (11%)]	Loss: 4.959139
Train Epoch: 6 [2880/24148 (12%)]	Loss: 5.000151
Train Epoch: 6 [3200/24148 (13%)]	Loss: 4.516569
Train Epoch: 6 [3520/24148 (15%)]	Loss: 5.017208
Train Epoch: 6 [3840/24148 (16%)]	Loss: 4.760904
Train Epoch: 6 [4160/24148 (17%)]	Loss: 4.587311
Train Epoch: 6 [4480/24148 (19%)]	Loss: 4.815229
Train Epoch: 6 [4800/24148 (20%)]	Loss: 4.594895
Train Epoch: 6 [5120/24148 (21%)]	Loss: 5.187595
Train Epoch: 6 [5440/24148 (23%)]	Loss: 4.846037
Train Epoch: 6 [5760/24148 (24%)]	Loss: 4.620927
Train Epoch: 6 [6080/24148 (25%)]	Loss: 4.791777
Train Epoch: 6 [6400/24148 (26%)]	Loss: 4.686446
Train Epoch: 6 [6720/24148 (28%)]	Loss: 4.725913
Train Epoch: 6 [7040/24148 (29%)]	Loss: 4.476501
Train Epoch: 6 [7360/24148 (30%)]	Loss: 4.534821
Train Epoch: 6 [7680/24148 (32%)]	Loss: 4.918180
Train Epoch: 6 [8000/24148 (33%)]	Loss: 4.527020
Train Epoch: 6 [8320/24148 (34%)]	Loss: 4.800497
Train Epoch: 6 [8640/24148 (36%)]	Loss: 4.254014
Train Epoch: 6 [8960/24148 (37%)]	Loss: 4.212332
Train Epoch: 6 [9280/24148 (38%)]	Loss: 4.546882
Train Epoch: 6 [9600/24148 (40%)]	Loss: 4.477226
Train Epoch: 6 [9920/24148 (41%)]	Loss: 4.623312
Train Epoch: 6 [10240/24148 (42%)]	Loss: 4.743631
Train Epoch: 6 [10560/24148 (44%)]	Loss: 4.454083
Train Epoch: 6 [10880/24148 (45%)]	Loss: 4.919555
Train Epoch: 6 [11200/24148 (46%)]	Loss: 4.802223
Train Epoch: 6 [11520/24148 (48%)]	Loss: 4.514375
Train Epoch: 6 [11840/24148 (49%)]	Loss: 4.486317
Train Epoch: 6 [12160/24148 (50%)]	Loss: 5.227676
Train Epoch: 6 [12480/24148 (52%)]	Loss: 4.772853
Train Epoch: 6 [12800/24148 (53%)]	Loss: 5.068821
Train Epoch: 6 [13120/24148 (54%)]	Loss: 4.877548
Train Epoch: 6 [13440/24148 (56%)]	Loss: 4.455688
Train Epoch: 6 [13760/24148 (57%)]	Loss: 4.938565
Train Epoch: 6 [14080/24148 (58%)]	Loss: 4.644948
Train Epoch: 6 [14400/24148 (60%)]	Loss: 4.873287
Train Epoch: 6 [14720/24148 (61%)]	Loss: 4.581283
Train Epoch: 6 [15040/24148 (62%)]	Loss: 4.903484
Train Epoch: 6 [15360/24148 (64%)]	Loss: 4.679023
Train Epoch: 6 [15680/24148 (65%)]	Loss: 4.877175
Train Epoch: 6 [16000/24148 (66%)]	Loss: 4.856233
Train Epoch: 6 [16320/24148 (68%)]	Loss: 4.250324
Train Epoch: 6 [16640/24148 (69%)]	Loss: 4.540370
Train Epoch: 6 [16960/24148 (70%)]	Loss: 4.540244
Train Epoch: 6 [17280/24148 (72%)]	Loss: 4.575403
Train Epoch: 6 [17600/24148 (73%)]	Loss: 5.078527
Train Epoch: 6 [17920/24148 (74%)]	Loss: 4.488472
Train Epoch: 6 [18240/24148 (75%)]	Loss: 4.382529
Train Epoch: 6 [18560/24148 (77%)]	Loss: 4.716338
Train Epoch: 6 [18880/24148 (78%)]	Loss: 4.512085
Train Epoch: 6 [19200/24148 (79%)]	Loss: 4.838654
Train Epoch: 6 [19520/24148 (81%)]	Loss: 4.667727
Train Epoch: 6 [19840/24148 (82%)]	Loss: 4.679818
Train Epoch: 6 [20160/24148 (83%)]	Loss: 4.440824
Train Epoch: 6 [20480/24148 (85%)]	Loss: 4.862110
Train Epoch: 6 [20800/24148 (86%)]	Loss: 4.739889
Train Epoch: 6 [21120/24148 (87%)]	Loss: 4.960015
Train Epoch: 6 [21440/24148 (89%)]	Loss: 4.973996
Train Epoch: 6 [21760/24148 (90%)]	Loss: 4.635958
Train Epoch: 6 [22080/24148 (91%)]	Loss: 4.596750
Train Epoch: 6 [22400/24148 (93%)]	Loss: 4.711541
Train Epoch: 6 [22720/24148 (94%)]	Loss: 5.033261
Train Epoch: 6 [23040/24148 (95%)]	Loss: 4.991597
Train Epoch: 6 [23360/24148 (97%)]	Loss: 4.736046
Train Epoch: 6 [23680/24148 (98%)]	Loss: 4.928671
Train Epoch: 6 [24000/24148 (99%)]	Loss: 4.356042

Test set: Average loss: 4.7432, Accuracy: 715/6037 (12%)

Train Epoch: 7 [0/24148 (0%)]	Loss: 4.355678
Train Epoch: 7 [320/24148 (1%)]	Loss: 4.724912
Train Epoch: 7 [640/24148 (3%)]	Loss: 4.728118
Train Epoch: 7 [960/24148 (4%)]	Loss: 4.650716
Train Epoch: 7 [1280/24148 (5%)]	Loss: 4.760524
Train Epoch: 7 [1600/24148 (7%)]	Loss: 4.798939
Train Epoch: 7 [1920/24148 (8%)]	Loss: 4.449235
Train Epoch: 7 [2240/24148 (9%)]	Loss: 4.618196
Train Epoch: 7 [2560/24148 (11%)]	Loss: 4.503983
Train Epoch: 7 [2880/24148 (12%)]	Loss: 4.273594
Train Epoch: 7 [3200/24148 (13%)]	Loss: 4.834788
Train Epoch: 7 [3520/24148 (15%)]	Loss: 4.454502
Train Epoch: 7 [3840/24148 (16%)]	Loss: 4.632238
Train Epoch: 7 [4160/24148 (17%)]	Loss: 4.325577
Train Epoch: 7 [4480/24148 (19%)]	Loss: 4.716965
Train Epoch: 7 [4800/24148 (20%)]	Loss: 4.288828
Train Epoch: 7 [5120/24148 (21%)]	Loss: 4.445925
Train Epoch: 7 [5440/24148 (23%)]	Loss: 4.636660
Train Epoch: 7 [5760/24148 (24%)]	Loss: 4.836693
Train Epoch: 7 [6080/24148 (25%)]	Loss: 4.695109
Train Epoch: 7 [6400/24148 (26%)]	Loss: 4.655886
Train Epoch: 7 [6720/24148 (28%)]	Loss: 4.801021
Train Epoch: 7 [7040/24148 (29%)]	Loss: 4.317862
Train Epoch: 7 [7360/24148 (30%)]	Loss: 4.861228
Train Epoch: 7 [7680/24148 (32%)]	Loss: 4.862534
Train Epoch: 7 [8000/24148 (33%)]	Loss: 4.864301
Train Epoch: 7 [8320/24148 (34%)]	Loss: 4.655334
Train Epoch: 7 [8640/24148 (36%)]	Loss: 4.865357
Train Epoch: 7 [8960/24148 (37%)]	Loss: 4.623232
Train Epoch: 7 [9280/24148 (38%)]	Loss: 4.756206
Train Epoch: 7 [9600/24148 (40%)]	Loss: 4.442139
Train Epoch: 7 [9920/24148 (41%)]	Loss: 4.419446
Train Epoch: 7 [10240/24148 (42%)]	Loss: 4.503113
Train Epoch: 7 [10560/24148 (44%)]	Loss: 4.610531
Train Epoch: 7 [10880/24148 (45%)]	Loss: 4.371091
Train Epoch: 7 [11200/24148 (46%)]	Loss: 4.910830
Train Epoch: 7 [11520/24148 (48%)]	Loss: 4.408254
Train Epoch: 7 [11840/24148 (49%)]	Loss: 4.572128
Train Epoch: 7 [12160/24148 (50%)]	Loss: 4.871849
Train Epoch: 7 [12480/24148 (52%)]	Loss: 4.480953
Train Epoch: 7 [12800/24148 (53%)]	Loss: 4.822874
Train Epoch: 7 [13120/24148 (54%)]	Loss: 4.763859
Train Epoch: 7 [13440/24148 (56%)]	Loss: 4.981060
Train Epoch: 7 [13760/24148 (57%)]	Loss: 5.233462
Train Epoch: 7 [14080/24148 (58%)]	Loss: 4.616982
Train Epoch: 7 [14400/24148 (60%)]	Loss: 4.503046
Train Epoch: 7 [14720/24148 (61%)]	Loss: 4.696289
Train Epoch: 7 [15040/24148 (62%)]	Loss: 4.757502
Train Epoch: 7 [15360/24148 (64%)]	Loss: 5.002909
Train Epoch: 7 [15680/24148 (65%)]	Loss: 4.660874
Train Epoch: 7 [16000/24148 (66%)]	Loss: 4.996426
Train Epoch: 7 [16320/24148 (68%)]	Loss: 4.424203
Train Epoch: 7 [16640/24148 (69%)]	Loss: 4.182014
Train Epoch: 7 [16960/24148 (70%)]	Loss: 4.755841
Train Epoch: 7 [17280/24148 (72%)]	Loss: 4.324991
Train Epoch: 7 [17600/24148 (73%)]	Loss: 4.208872
Train Epoch: 7 [17920/24148 (74%)]	Loss: 4.447190
Train Epoch: 7 [18240/24148 (75%)]	Loss: 4.642857
Train Epoch: 7 [18560/24148 (77%)]	Loss: 4.758861
Train Epoch: 7 [18880/24148 (78%)]	Loss: 4.925335
Train Epoch: 7 [19200/24148 (79%)]	Loss: 4.166762
Train Epoch: 7 [19520/24148 (81%)]	Loss: 4.895056
Train Epoch: 7 [19840/24148 (82%)]	Loss: 4.740332
Train Epoch: 7 [20160/24148 (83%)]	Loss: 4.265441
Train Epoch: 7 [20480/24148 (85%)]	Loss: 4.470068
Train Epoch: 7 [20800/24148 (86%)]	Loss: 4.567594
Train Epoch: 7 [21120/24148 (87%)]	Loss: 4.678095
Train Epoch: 7 [21440/24148 (89%)]	Loss: 4.865204
Train Epoch: 7 [21760/24148 (90%)]	Loss: 4.594810
Train Epoch: 7 [22080/24148 (91%)]	Loss: 4.722230
Train Epoch: 7 [22400/24148 (93%)]	Loss: 4.524173
Train Epoch: 7 [22720/24148 (94%)]	Loss: 4.751276
Train Epoch: 7 [23040/24148 (95%)]	Loss: 4.320963
Train Epoch: 7 [23360/24148 (97%)]	Loss: 4.681479
Train Epoch: 7 [23680/24148 (98%)]	Loss: 4.935550
Train Epoch: 7 [24000/24148 (99%)]	Loss: 4.795861

Test set: Average loss: 4.7103, Accuracy: 717/6037 (12%)

Train Epoch: 8 [0/24148 (0%)]	Loss: 4.738307
Train Epoch: 8 [320/24148 (1%)]	Loss: 4.435320
Train Epoch: 8 [640/24148 (3%)]	Loss: 4.692731
Train Epoch: 8 [960/24148 (4%)]	Loss: 4.490959
Train Epoch: 8 [1280/24148 (5%)]	Loss: 4.680307
Train Epoch: 8 [1600/24148 (7%)]	Loss: 5.027398
Train Epoch: 8 [1920/24148 (8%)]	Loss: 4.387521
Train Epoch: 8 [2240/24148 (9%)]	Loss: 4.739998
Train Epoch: 8 [2560/24148 (11%)]	Loss: 4.924062
Train Epoch: 8 [2880/24148 (12%)]	Loss: 4.521154
Train Epoch: 8 [3200/24148 (13%)]	Loss: 4.189365
Train Epoch: 8 [3520/24148 (15%)]	Loss: 4.875682
Train Epoch: 8 [3840/24148 (16%)]	Loss: 4.614820
Train Epoch: 8 [4160/24148 (17%)]	Loss: 4.747086
Train Epoch: 8 [4480/24148 (19%)]	Loss: 3.942751
Train Epoch: 8 [4800/24148 (20%)]	Loss: 4.425549
Train Epoch: 8 [5120/24148 (21%)]	Loss: 4.709162
Train Epoch: 8 [5440/24148 (23%)]	Loss: 4.920689
Train Epoch: 8 [5760/24148 (24%)]	Loss: 4.274132
Train Epoch: 8 [6080/24148 (25%)]	Loss: 4.485318
Train Epoch: 8 [6400/24148 (26%)]	Loss: 4.382814
Train Epoch: 8 [6720/24148 (28%)]	Loss: 4.545547
Train Epoch: 8 [7040/24148 (29%)]	Loss: 4.751940
Train Epoch: 8 [7360/24148 (30%)]	Loss: 4.288213
Train Epoch: 8 [7680/24148 (32%)]	Loss: 4.508930
Train Epoch: 8 [8000/24148 (33%)]	Loss: 4.358985
Train Epoch: 8 [8320/24148 (34%)]	Loss: 4.472733
Train Epoch: 8 [8640/24148 (36%)]	Loss: 4.431263
Train Epoch: 8 [8960/24148 (37%)]	Loss: 4.415932
Train Epoch: 8 [9280/24148 (38%)]	Loss: 5.152722
Train Epoch: 8 [9600/24148 (40%)]	Loss: 4.841969
Train Epoch: 8 [9920/24148 (41%)]	Loss: 4.644654
Train Epoch: 8 [10240/24148 (42%)]	Loss: 4.575368
Train Epoch: 8 [10560/24148 (44%)]	Loss: 4.671097
Train Epoch: 8 [10880/24148 (45%)]	Loss: 4.720364
Train Epoch: 8 [11200/24148 (46%)]	Loss: 4.376975
Train Epoch: 8 [11520/24148 (48%)]	Loss: 4.948248
Train Epoch: 8 [11840/24148 (49%)]	Loss: 4.173967
Train Epoch: 8 [12160/24148 (50%)]	Loss: 3.799784
Train Epoch: 8 [12480/24148 (52%)]	Loss: 4.382104
Train Epoch: 8 [12800/24148 (53%)]	Loss: 4.555458
Train Epoch: 8 [13120/24148 (54%)]	Loss: 4.470236
Train Epoch: 8 [13440/24148 (56%)]	Loss: 4.723080
Train Epoch: 8 [13760/24148 (57%)]	Loss: 4.495067
Train Epoch: 8 [14080/24148 (58%)]	Loss: 4.642550
Train Epoch: 8 [14400/24148 (60%)]	Loss: 4.789683
Train Epoch: 8 [14720/24148 (61%)]	Loss: 5.145378
Train Epoch: 8 [15040/24148 (62%)]	Loss: 4.566498
Train Epoch: 8 [15360/24148 (64%)]	Loss: 4.175158
Train Epoch: 8 [15680/24148 (65%)]	Loss: 4.831439
Train Epoch: 8 [16000/24148 (66%)]	Loss: 4.644736
Train Epoch: 8 [16320/24148 (68%)]	Loss: 4.140712
Train Epoch: 8 [16640/24148 (69%)]	Loss: 4.143275
Train Epoch: 8 [16960/24148 (70%)]	Loss: 4.405492
Train Epoch: 8 [17280/24148 (72%)]	Loss: 4.634826
Train Epoch: 8 [17600/24148 (73%)]	Loss: 3.984005
Train Epoch: 8 [17920/24148 (74%)]	Loss: 4.935376
Train Epoch: 8 [18240/24148 (75%)]	Loss: 4.579429
Train Epoch: 8 [18560/24148 (77%)]	Loss: 4.409032
Train Epoch: 8 [18880/24148 (78%)]	Loss: 4.421013
Train Epoch: 8 [19200/24148 (79%)]	Loss: 4.748110
Train Epoch: 8 [19520/24148 (81%)]	Loss: 4.715631
Train Epoch: 8 [19840/24148 (82%)]	Loss: 4.408578
Train Epoch: 8 [20160/24148 (83%)]	Loss: 4.370274
Train Epoch: 8 [20480/24148 (85%)]	Loss: 4.219816
Train Epoch: 8 [20800/24148 (86%)]	Loss: 4.364815
Train Epoch: 8 [21120/24148 (87%)]	Loss: 4.770347
Train Epoch: 8 [21440/24148 (89%)]	Loss: 4.111887
Train Epoch: 8 [21760/24148 (90%)]	Loss: 4.135883
Train Epoch: 8 [22080/24148 (91%)]	Loss: 4.580815
Train Epoch: 8 [22400/24148 (93%)]	Loss: 4.605727
Train Epoch: 8 [22720/24148 (94%)]	Loss: 4.660656
Train Epoch: 8 [23040/24148 (95%)]	Loss: 4.655001
Train Epoch: 8 [23360/24148 (97%)]	Loss: 4.825455
Train Epoch: 8 [23680/24148 (98%)]	Loss: 4.700155
Train Epoch: 8 [24000/24148 (99%)]	Loss: 4.808374

Test set: Average loss: 4.6525, Accuracy: 763/6037 (13%)

Train Epoch: 9 [0/24148 (0%)]	Loss: 5.045830
Train Epoch: 9 [320/24148 (1%)]	Loss: 4.369946
Train Epoch: 9 [640/24148 (3%)]	Loss: 4.729579
Train Epoch: 9 [960/24148 (4%)]	Loss: 4.519900
Train Epoch: 9 [1280/24148 (5%)]	Loss: 4.353444
Train Epoch: 9 [1600/24148 (7%)]	Loss: 4.265184
Train Epoch: 9 [1920/24148 (8%)]	Loss: 4.560147
Train Epoch: 9 [2240/24148 (9%)]	Loss: 3.858229
Train Epoch: 9 [2560/24148 (11%)]	Loss: 4.755445
Train Epoch: 9 [2880/24148 (12%)]	Loss: 4.396866
Train Epoch: 9 [3200/24148 (13%)]	Loss: 4.696927
Train Epoch: 9 [3520/24148 (15%)]	Loss: 4.428197
Train Epoch: 9 [3840/24148 (16%)]	Loss: 4.337155
Train Epoch: 9 [4160/24148 (17%)]	Loss: 4.730206
Train Epoch: 9 [4480/24148 (19%)]	Loss: 4.142231
Train Epoch: 9 [4800/24148 (20%)]	Loss: 4.103100
Train Epoch: 9 [5120/24148 (21%)]	Loss: 4.362403
Train Epoch: 9 [5440/24148 (23%)]	Loss: 4.385952
Train Epoch: 9 [5760/24148 (24%)]	Loss: 4.446766
Train Epoch: 9 [6080/24148 (25%)]	Loss: 4.622499
Train Epoch: 9 [6400/24148 (26%)]	Loss: 3.927851
Train Epoch: 9 [6720/24148 (28%)]	Loss: 4.524061
Train Epoch: 9 [7040/24148 (29%)]	Loss: 5.014956
Train Epoch: 9 [7360/24148 (30%)]	Loss: 4.604650
Train Epoch: 9 [7680/24148 (32%)]	Loss: 4.199024
Train Epoch: 9 [8000/24148 (33%)]	Loss: 4.670159
Train Epoch: 9 [8320/24148 (34%)]	Loss: 4.299661
Train Epoch: 9 [8640/24148 (36%)]	Loss: 4.953146
Train Epoch: 9 [8960/24148 (37%)]	Loss: 4.810267
Train Epoch: 9 [9280/24148 (38%)]	Loss: 4.487146
Train Epoch: 9 [9600/24148 (40%)]	Loss: 4.567904
Train Epoch: 9 [9920/24148 (41%)]	Loss: 4.764618
Train Epoch: 9 [10240/24148 (42%)]	Loss: 4.249825
Train Epoch: 9 [10560/24148 (44%)]	Loss: 5.118625
Train Epoch: 9 [10880/24148 (45%)]	Loss: 4.775647
Train Epoch: 9 [11200/24148 (46%)]	Loss: 4.885070
Train Epoch: 9 [11520/24148 (48%)]	Loss: 4.318496
Train Epoch: 9 [11840/24148 (49%)]	Loss: 4.499770
Train Epoch: 9 [12160/24148 (50%)]	Loss: 4.612494
Train Epoch: 9 [12480/24148 (52%)]	Loss: 4.257471
Train Epoch: 9 [12800/24148 (53%)]	Loss: 4.407195
Train Epoch: 9 [13120/24148 (54%)]	Loss: 4.574727
Train Epoch: 9 [13440/24148 (56%)]	Loss: 4.819755
Train Epoch: 9 [13760/24148 (57%)]	Loss: 4.672589
Train Epoch: 9 [14080/24148 (58%)]	Loss: 4.629744
Train Epoch: 9 [14400/24148 (60%)]	Loss: 4.434220
Train Epoch: 9 [14720/24148 (61%)]	Loss: 4.040838
Train Epoch: 9 [15040/24148 (62%)]	Loss: 3.526172
Train Epoch: 9 [15360/24148 (64%)]	Loss: 4.812850
Train Epoch: 9 [15680/24148 (65%)]	Loss: 4.626042
Train Epoch: 9 [16000/24148 (66%)]	Loss: 4.931484
Train Epoch: 9 [16320/24148 (68%)]	Loss: 4.880877
Train Epoch: 9 [16640/24148 (69%)]	Loss: 4.464460
Train Epoch: 9 [16960/24148 (70%)]	Loss: 5.048316
Train Epoch: 9 [17280/24148 (72%)]	Loss: 3.902538
Train Epoch: 9 [17600/24148 (73%)]	Loss: 4.664844
Train Epoch: 9 [17920/24148 (74%)]	Loss: 4.300199
Train Epoch: 9 [18240/24148 (75%)]	Loss: 4.422727
Train Epoch: 9 [18560/24148 (77%)]	Loss: 4.342295
Train Epoch: 9 [18880/24148 (78%)]	Loss: 4.154469
Train Epoch: 9 [19200/24148 (79%)]	Loss: 4.529446
Train Epoch: 9 [19520/24148 (81%)]	Loss: 4.481537
Train Epoch: 9 [19840/24148 (82%)]	Loss: 4.422161
Train Epoch: 9 [20160/24148 (83%)]	Loss: 4.301567
Train Epoch: 9 [20480/24148 (85%)]	Loss: 4.543612
Train Epoch: 9 [20800/24148 (86%)]	Loss: 4.473575
Train Epoch: 9 [21120/24148 (87%)]	Loss: 4.318837
Train Epoch: 9 [21440/24148 (89%)]	Loss: 4.923151
Train Epoch: 9 [21760/24148 (90%)]	Loss: 4.749557
Train Epoch: 9 [22080/24148 (91%)]	Loss: 4.431609
Train Epoch: 9 [22400/24148 (93%)]	Loss: 4.398698
Train Epoch: 9 [22720/24148 (94%)]	Loss: 4.372078
Train Epoch: 9 [23040/24148 (95%)]	Loss: 4.463698
Train Epoch: 9 [23360/24148 (97%)]	Loss: 4.102862
Train Epoch: 9 [23680/24148 (98%)]	Loss: 4.629395
Train Epoch: 9 [24000/24148 (99%)]	Loss: 4.813565

Test set: Average loss: 4.6340, Accuracy: 787/6037 (13%)

Train Epoch: 10 [0/24148 (0%)]	Loss: 4.362305
Train Epoch: 10 [320/24148 (1%)]	Loss: 4.408851
Train Epoch: 10 [640/24148 (3%)]	Loss: 4.406875
Train Epoch: 10 [960/24148 (4%)]	Loss: 3.970095
Train Epoch: 10 [1280/24148 (5%)]	Loss: 4.453015
Train Epoch: 10 [1600/24148 (7%)]	Loss: 4.553949
Train Epoch: 10 [1920/24148 (8%)]	Loss: 4.453826
Train Epoch: 10 [2240/24148 (9%)]	Loss: 4.485314
Train Epoch: 10 [2560/24148 (11%)]	Loss: 4.277441
Train Epoch: 10 [2880/24148 (12%)]	Loss: 4.183535
Train Epoch: 10 [3200/24148 (13%)]	Loss: 4.340684
Train Epoch: 10 [3520/24148 (15%)]	Loss: 4.746141
Train Epoch: 10 [3840/24148 (16%)]	Loss: 4.494175
Train Epoch: 10 [4160/24148 (17%)]	Loss: 4.229179
Train Epoch: 10 [4480/24148 (19%)]	Loss: 4.689102
Train Epoch: 10 [4800/24148 (20%)]	Loss: 4.249563
Train Epoch: 10 [5120/24148 (21%)]	Loss: 4.602380
Train Epoch: 10 [5440/24148 (23%)]	Loss: 4.241475
Train Epoch: 10 [5760/24148 (24%)]	Loss: 4.925060
Train Epoch: 10 [6080/24148 (25%)]	Loss: 4.431439
Train Epoch: 10 [6400/24148 (26%)]	Loss: 4.533604
Train Epoch: 10 [6720/24148 (28%)]	Loss: 4.862027
Train Epoch: 10 [7040/24148 (29%)]	Loss: 4.722445
Train Epoch: 10 [7360/24148 (30%)]	Loss: 4.561123
Train Epoch: 10 [7680/24148 (32%)]	Loss: 4.649491
Train Epoch: 10 [8000/24148 (33%)]	Loss: 4.367952
Train Epoch: 10 [8320/24148 (34%)]	Loss: 4.340650
Train Epoch: 10 [8640/24148 (36%)]	Loss: 4.100404
Train Epoch: 10 [8960/24148 (37%)]	Loss: 4.588827
Train Epoch: 10 [9280/24148 (38%)]	Loss: 4.410676
Train Epoch: 10 [9600/24148 (40%)]	Loss: 4.593644
Train Epoch: 10 [9920/24148 (41%)]	Loss: 4.816887
Train Epoch: 10 [10240/24148 (42%)]	Loss: 4.013865
Train Epoch: 10 [10560/24148 (44%)]	Loss: 4.372087
Train Epoch: 10 [10880/24148 (45%)]	Loss: 4.430333
Train Epoch: 10 [11200/24148 (46%)]	Loss: 4.994607
Train Epoch: 10 [11520/24148 (48%)]	Loss: 4.722885
Train Epoch: 10 [11840/24148 (49%)]	Loss: 4.501081
Train Epoch: 10 [12160/24148 (50%)]	Loss: 4.537235
Train Epoch: 10 [12480/24148 (52%)]	Loss: 3.821936
Train Epoch: 10 [12800/24148 (53%)]	Loss: 4.632388
Train Epoch: 10 [13120/24148 (54%)]	Loss: 4.233804
Train Epoch: 10 [13440/24148 (56%)]	Loss: 4.652213
Train Epoch: 10 [13760/24148 (57%)]	Loss: 4.251148
Train Epoch: 10 [14080/24148 (58%)]	Loss: 4.337670
Train Epoch: 10 [14400/24148 (60%)]	Loss: 4.069012
Train Epoch: 10 [14720/24148 (61%)]	Loss: 4.791650
Train Epoch: 10 [15040/24148 (62%)]	Loss: 4.811745
Train Epoch: 10 [15360/24148 (64%)]	Loss: 4.464529
Train Epoch: 10 [15680/24148 (65%)]	Loss: 4.306174
Train Epoch: 10 [16000/24148 (66%)]	Loss: 4.443486
Train Epoch: 10 [16320/24148 (68%)]	Loss: 4.400175
Train Epoch: 10 [16640/24148 (69%)]	Loss: 4.513891
Train Epoch: 10 [16960/24148 (70%)]	Loss: 4.484994
Train Epoch: 10 [17280/24148 (72%)]	Loss: 3.727441
Train Epoch: 10 [17600/24148 (73%)]	Loss: 4.108839
Train Epoch: 10 [17920/24148 (74%)]	Loss: 4.518085
Train Epoch: 10 [18240/24148 (75%)]	Loss: 4.439296
Train Epoch: 10 [18560/24148 (77%)]	Loss: 4.289837
Train Epoch: 10 [18880/24148 (78%)]	Loss: 4.294564
Train Epoch: 10 [19200/24148 (79%)]	Loss: 4.135822
Train Epoch: 10 [19520/24148 (81%)]	Loss: 4.798827
Train Epoch: 10 [19840/24148 (82%)]	Loss: 4.475522
Train Epoch: 10 [20160/24148 (83%)]	Loss: 4.049362
Train Epoch: 10 [20480/24148 (85%)]	Loss: 4.857712
Train Epoch: 10 [20800/24148 (86%)]	Loss: 4.202258
Train Epoch: 10 [21120/24148 (87%)]	Loss: 4.967514
Train Epoch: 10 [21440/24148 (89%)]	Loss: 4.708837
Train Epoch: 10 [21760/24148 (90%)]	Loss: 4.745924
Train Epoch: 10 [22080/24148 (91%)]	Loss: 5.073541
Train Epoch: 10 [22400/24148 (93%)]	Loss: 4.378255
Train Epoch: 10 [22720/24148 (94%)]	Loss: 4.480935
Train Epoch: 10 [23040/24148 (95%)]	Loss: 4.289406
Train Epoch: 10 [23360/24148 (97%)]	Loss: 4.627119
Train Epoch: 10 [23680/24148 (98%)]	Loss: 4.145386
Train Epoch: 10 [24000/24148 (99%)]	Loss: 4.617269

Test set: Average loss: 4.5849, Accuracy: 835/6037 (14%)

Average seconds for training 1 epoch: 364.8645794153214
Average seconds for testing: 37.095208740234376
