Files already downloaded and verified
Total number of parameters in the model: 13368577
Train Epoch: 1 [0/24148 (0%)]	Loss: 5.736864
Train Epoch: 1 [320/24148 (1%)]	Loss: 5.963193
Train Epoch: 1 [640/24148 (3%)]	Loss: 6.004066
Train Epoch: 1 [960/24148 (4%)]	Loss: 5.939596
Train Epoch: 1 [1280/24148 (5%)]	Loss: 5.600174
Train Epoch: 1 [1600/24148 (7%)]	Loss: 5.581504
Train Epoch: 1 [1920/24148 (8%)]	Loss: 5.757089
Train Epoch: 1 [2240/24148 (9%)]	Loss: 5.592134
Train Epoch: 1 [2560/24148 (11%)]	Loss: 5.523267
Train Epoch: 1 [2880/24148 (12%)]	Loss: 5.316325
Train Epoch: 1 [3200/24148 (13%)]	Loss: 5.468876
Train Epoch: 1 [3520/24148 (15%)]	Loss: 5.756243
Train Epoch: 1 [3840/24148 (16%)]	Loss: 5.520961
Train Epoch: 1 [4160/24148 (17%)]	Loss: 5.565783
Train Epoch: 1 [4480/24148 (19%)]	Loss: 5.554601
Train Epoch: 1 [4800/24148 (20%)]	Loss: 5.546961
Train Epoch: 1 [5120/24148 (21%)]	Loss: 5.476490
Train Epoch: 1 [5440/24148 (23%)]	Loss: 5.625263
Train Epoch: 1 [5760/24148 (24%)]	Loss: 5.688175
Train Epoch: 1 [6080/24148 (25%)]	Loss: 5.546103
Train Epoch: 1 [6400/24148 (26%)]	Loss: 5.689218
Train Epoch: 1 [6720/24148 (28%)]	Loss: 5.447280
Train Epoch: 1 [7040/24148 (29%)]	Loss: 5.331191
Train Epoch: 1 [7360/24148 (30%)]	Loss: 5.330333
Train Epoch: 1 [7680/24148 (32%)]	Loss: 5.301472
Train Epoch: 1 [8000/24148 (33%)]	Loss: 5.621687
Train Epoch: 1 [8320/24148 (34%)]	Loss: 5.163168
Train Epoch: 1 [8640/24148 (36%)]	Loss: 5.189116
Train Epoch: 1 [8960/24148 (37%)]	Loss: 5.228695
Train Epoch: 1 [9280/24148 (38%)]	Loss: 5.323919
Train Epoch: 1 [9600/24148 (40%)]	Loss: 5.025554
Train Epoch: 1 [9920/24148 (41%)]	Loss: 5.315643
Train Epoch: 1 [10240/24148 (42%)]	Loss: 5.217030
Train Epoch: 1 [10560/24148 (44%)]	Loss: 5.227610
Train Epoch: 1 [10880/24148 (45%)]	Loss: 4.990908
Train Epoch: 1 [11200/24148 (46%)]	Loss: 5.154248
Train Epoch: 1 [11520/24148 (48%)]	Loss: 5.331196
Train Epoch: 1 [11840/24148 (49%)]	Loss: 5.482405
Train Epoch: 1 [12160/24148 (50%)]	Loss: 5.485995
Train Epoch: 1 [12480/24148 (52%)]	Loss: 5.647827
Train Epoch: 1 [12800/24148 (53%)]	Loss: 5.060862
Train Epoch: 1 [13120/24148 (54%)]	Loss: 5.431149
Train Epoch: 1 [13440/24148 (56%)]	Loss: 5.359907
Train Epoch: 1 [13760/24148 (57%)]	Loss: 5.569539
Train Epoch: 1 [14080/24148 (58%)]	Loss: 4.891894
Train Epoch: 1 [14400/24148 (60%)]	Loss: 5.212438
Train Epoch: 1 [14720/24148 (61%)]	Loss: 5.393737
Train Epoch: 1 [15040/24148 (62%)]	Loss: 5.394071
Train Epoch: 1 [15360/24148 (64%)]	Loss: 5.188904
Train Epoch: 1 [15680/24148 (65%)]	Loss: 5.173675
Train Epoch: 1 [16000/24148 (66%)]	Loss: 5.350534
Train Epoch: 1 [16320/24148 (68%)]	Loss: 5.505394
Train Epoch: 1 [16640/24148 (69%)]	Loss: 5.328015
Train Epoch: 1 [16960/24148 (70%)]	Loss: 5.179773
Train Epoch: 1 [17280/24148 (72%)]	Loss: 5.217175
Train Epoch: 1 [17600/24148 (73%)]	Loss: 5.404181
Train Epoch: 1 [17920/24148 (74%)]	Loss: 5.233523
Train Epoch: 1 [18240/24148 (75%)]	Loss: 5.144399
Train Epoch: 1 [18560/24148 (77%)]	Loss: 5.416195
Train Epoch: 1 [18880/24148 (78%)]	Loss: 5.263962
Train Epoch: 1 [19200/24148 (79%)]	Loss: 5.104939
Train Epoch: 1 [19520/24148 (81%)]	Loss: 4.976099
Train Epoch: 1 [19840/24148 (82%)]	Loss: 5.183471
Train Epoch: 1 [20160/24148 (83%)]	Loss: 5.153536
Train Epoch: 1 [20480/24148 (85%)]	Loss: 5.315571
Train Epoch: 1 [20800/24148 (86%)]	Loss: 5.299928
Train Epoch: 1 [21120/24148 (87%)]	Loss: 5.063909
Train Epoch: 1 [21440/24148 (89%)]	Loss: 5.134013
Train Epoch: 1 [21760/24148 (90%)]	Loss: 5.185179
Train Epoch: 1 [22080/24148 (91%)]	Loss: 4.881447
Train Epoch: 1 [22400/24148 (93%)]	Loss: 5.162909
Train Epoch: 1 [22720/24148 (94%)]	Loss: 5.069158
Train Epoch: 1 [23040/24148 (95%)]	Loss: 5.460100
Train Epoch: 1 [23360/24148 (97%)]	Loss: 5.136828
Train Epoch: 1 [23680/24148 (98%)]	Loss: 5.242291
Train Epoch: 1 [24000/24148 (99%)]	Loss: 5.155767

Test set: Average loss: 5.0674, Accuracy: 469/6037 (8%)

Train Epoch: 2 [0/24148 (0%)]	Loss: 4.962801
Train Epoch: 2 [320/24148 (1%)]	Loss: 4.976075
Train Epoch: 2 [640/24148 (3%)]	Loss: 4.896433
Train Epoch: 2 [960/24148 (4%)]	Loss: 5.039756
Train Epoch: 2 [1280/24148 (5%)]	Loss: 4.810031
Train Epoch: 2 [1600/24148 (7%)]	Loss: 4.950497
Train Epoch: 2 [1920/24148 (8%)]	Loss: 5.302410
Train Epoch: 2 [2240/24148 (9%)]	Loss: 5.027423
Train Epoch: 2 [2560/24148 (11%)]	Loss: 4.980810
Train Epoch: 2 [2880/24148 (12%)]	Loss: 5.416270
Train Epoch: 2 [3200/24148 (13%)]	Loss: 5.150294
Train Epoch: 2 [3520/24148 (15%)]	Loss: 4.876618
Train Epoch: 2 [3840/24148 (16%)]	Loss: 4.971135
Train Epoch: 2 [4160/24148 (17%)]	Loss: 4.854472
Train Epoch: 2 [4480/24148 (19%)]	Loss: 4.806346
Train Epoch: 2 [4800/24148 (20%)]	Loss: 4.708978
Train Epoch: 2 [5120/24148 (21%)]	Loss: 5.016099
Train Epoch: 2 [5440/24148 (23%)]	Loss: 4.997103
Train Epoch: 2 [5760/24148 (24%)]	Loss: 5.098932
Train Epoch: 2 [6080/24148 (25%)]	Loss: 5.339499
Train Epoch: 2 [6400/24148 (26%)]	Loss: 4.954341
Train Epoch: 2 [6720/24148 (28%)]	Loss: 5.043260
Train Epoch: 2 [7040/24148 (29%)]	Loss: 4.573393
Train Epoch: 2 [7360/24148 (30%)]	Loss: 4.921886
Train Epoch: 2 [7680/24148 (32%)]	Loss: 4.641300
Train Epoch: 2 [8000/24148 (33%)]	Loss: 5.177258
Train Epoch: 2 [8320/24148 (34%)]	Loss: 4.941349
Train Epoch: 2 [8640/24148 (36%)]	Loss: 5.212290
Train Epoch: 2 [8960/24148 (37%)]	Loss: 4.720441
Train Epoch: 2 [9280/24148 (38%)]	Loss: 4.970951
Train Epoch: 2 [9600/24148 (40%)]	Loss: 5.072630
Train Epoch: 2 [9920/24148 (41%)]	Loss: 5.228050
Train Epoch: 2 [10240/24148 (42%)]	Loss: 4.866382
Train Epoch: 2 [10560/24148 (44%)]	Loss: 4.515660
Train Epoch: 2 [10880/24148 (45%)]	Loss: 5.099574
Train Epoch: 2 [11200/24148 (46%)]	Loss: 4.555637
Train Epoch: 2 [11520/24148 (48%)]	Loss: 4.976112
Train Epoch: 2 [11840/24148 (49%)]	Loss: 4.635332
Train Epoch: 2 [12160/24148 (50%)]	Loss: 4.969099
Train Epoch: 2 [12480/24148 (52%)]	Loss: 5.023134
Train Epoch: 2 [12800/24148 (53%)]	Loss: 5.111878
Train Epoch: 2 [13120/24148 (54%)]	Loss: 5.267499
Train Epoch: 2 [13440/24148 (56%)]	Loss: 5.013359
Train Epoch: 2 [13760/24148 (57%)]	Loss: 4.985335
Train Epoch: 2 [14080/24148 (58%)]	Loss: 4.667344
Train Epoch: 2 [14400/24148 (60%)]	Loss: 5.179593
Train Epoch: 2 [14720/24148 (61%)]	Loss: 5.072377
Train Epoch: 2 [15040/24148 (62%)]	Loss: 4.635868
Train Epoch: 2 [15360/24148 (64%)]	Loss: 5.095077
Train Epoch: 2 [15680/24148 (65%)]	Loss: 5.064976
Train Epoch: 2 [16000/24148 (66%)]	Loss: 5.369015
Train Epoch: 2 [16320/24148 (68%)]	Loss: 4.777677
Train Epoch: 2 [16640/24148 (69%)]	Loss: 4.798747
Train Epoch: 2 [16960/24148 (70%)]	Loss: 4.911649
Train Epoch: 2 [17280/24148 (72%)]	Loss: 4.890110
Train Epoch: 2 [17600/24148 (73%)]	Loss: 4.597670
Train Epoch: 2 [17920/24148 (74%)]	Loss: 4.944889
Train Epoch: 2 [18240/24148 (75%)]	Loss: 5.015689
Train Epoch: 2 [18560/24148 (77%)]	Loss: 4.712859
Train Epoch: 2 [18880/24148 (78%)]	Loss: 5.254999
Train Epoch: 2 [19200/24148 (79%)]	Loss: 4.950204
Train Epoch: 2 [19520/24148 (81%)]	Loss: 4.992931
Train Epoch: 2 [19840/24148 (82%)]	Loss: 4.886940
Train Epoch: 2 [20160/24148 (83%)]	Loss: 4.705924
Train Epoch: 2 [20480/24148 (85%)]	Loss: 5.324133
Train Epoch: 2 [20800/24148 (86%)]	Loss: 4.947152
Train Epoch: 2 [21120/24148 (87%)]	Loss: 5.189808
Train Epoch: 2 [21440/24148 (89%)]	Loss: 4.894310
Train Epoch: 2 [21760/24148 (90%)]	Loss: 5.093309
Train Epoch: 2 [22080/24148 (91%)]	Loss: 4.758971
Train Epoch: 2 [22400/24148 (93%)]	Loss: 4.796957
Train Epoch: 2 [22720/24148 (94%)]	Loss: 5.092905
Train Epoch: 2 [23040/24148 (95%)]	Loss: 4.708922
Train Epoch: 2 [23360/24148 (97%)]	Loss: 4.612245
Train Epoch: 2 [23680/24148 (98%)]	Loss: 4.497572
Train Epoch: 2 [24000/24148 (99%)]	Loss: 4.895814

Test set: Average loss: 4.9243, Accuracy: 522/6037 (9%)

Train Epoch: 3 [0/24148 (0%)]	Loss: 4.981872
Train Epoch: 3 [320/24148 (1%)]	Loss: 4.606483
Train Epoch: 3 [640/24148 (3%)]	Loss: 4.933243
Train Epoch: 3 [960/24148 (4%)]	Loss: 4.696059
Train Epoch: 3 [1280/24148 (5%)]	Loss: 4.246958
Train Epoch: 3 [1600/24148 (7%)]	Loss: 4.368927
Train Epoch: 3 [1920/24148 (8%)]	Loss: 4.845536
Train Epoch: 3 [2240/24148 (9%)]	Loss: 4.524454
Train Epoch: 3 [2560/24148 (11%)]	Loss: 5.220541
Train Epoch: 3 [2880/24148 (12%)]	Loss: 4.601810
Train Epoch: 3 [3200/24148 (13%)]	Loss: 4.632928
Train Epoch: 3 [3520/24148 (15%)]	Loss: 4.691010
Train Epoch: 3 [3840/24148 (16%)]	Loss: 5.176996
Train Epoch: 3 [4160/24148 (17%)]	Loss: 4.782340
Train Epoch: 3 [4480/24148 (19%)]	Loss: 4.576704
Train Epoch: 3 [4800/24148 (20%)]	Loss: 4.613770
Train Epoch: 3 [5120/24148 (21%)]	Loss: 4.405655
Train Epoch: 3 [5440/24148 (23%)]	Loss: 4.950155
Train Epoch: 3 [5760/24148 (24%)]	Loss: 4.884073
Train Epoch: 3 [6080/24148 (25%)]	Loss: 4.792264
Train Epoch: 3 [6400/24148 (26%)]	Loss: 4.609789
Train Epoch: 3 [6720/24148 (28%)]	Loss: 4.769174
Train Epoch: 3 [7040/24148 (29%)]	Loss: 4.637091
Train Epoch: 3 [7360/24148 (30%)]	Loss: 4.922058
Train Epoch: 3 [7680/24148 (32%)]	Loss: 4.894260
Train Epoch: 3 [8000/24148 (33%)]	Loss: 4.755535
Train Epoch: 3 [8320/24148 (34%)]	Loss: 5.007432
Train Epoch: 3 [8640/24148 (36%)]	Loss: 4.492136
Train Epoch: 3 [8960/24148 (37%)]	Loss: 4.584857
Train Epoch: 3 [9280/24148 (38%)]	Loss: 4.712845
Train Epoch: 3 [9600/24148 (40%)]	Loss: 4.341720
Train Epoch: 3 [9920/24148 (41%)]	Loss: 5.086136
Train Epoch: 3 [10240/24148 (42%)]	Loss: 4.177252
Train Epoch: 3 [10560/24148 (44%)]	Loss: 4.641466
Train Epoch: 3 [10880/24148 (45%)]	Loss: 4.558753
Train Epoch: 3 [11200/24148 (46%)]	Loss: 4.576732
Train Epoch: 3 [11520/24148 (48%)]	Loss: 4.502317
Train Epoch: 3 [11840/24148 (49%)]	Loss: 4.718452
Train Epoch: 3 [12160/24148 (50%)]	Loss: 4.648255
Train Epoch: 3 [12480/24148 (52%)]	Loss: 4.762457
Train Epoch: 3 [12800/24148 (53%)]	Loss: 4.599254
Train Epoch: 3 [13120/24148 (54%)]	Loss: 4.394492
Train Epoch: 3 [13440/24148 (56%)]	Loss: 4.394008
Train Epoch: 3 [13760/24148 (57%)]	Loss: 4.842596
Train Epoch: 3 [14080/24148 (58%)]	Loss: 5.096760
Train Epoch: 3 [14400/24148 (60%)]	Loss: 4.641535
Train Epoch: 3 [14720/24148 (61%)]	Loss: 4.712406
Train Epoch: 3 [15040/24148 (62%)]	Loss: 4.628685
Train Epoch: 3 [15360/24148 (64%)]	Loss: 5.254279
Train Epoch: 3 [15680/24148 (65%)]	Loss: 4.679709
Train Epoch: 3 [16000/24148 (66%)]	Loss: 4.214522
Train Epoch: 3 [16320/24148 (68%)]	Loss: 4.178614
Train Epoch: 3 [16640/24148 (69%)]	Loss: 4.427848
Train Epoch: 3 [16960/24148 (70%)]	Loss: 5.145335
Train Epoch: 3 [17280/24148 (72%)]	Loss: 4.504703
Train Epoch: 3 [17600/24148 (73%)]	Loss: 4.970376
Train Epoch: 3 [17920/24148 (74%)]	Loss: 3.992167
Train Epoch: 3 [18240/24148 (75%)]	Loss: 4.394955
Train Epoch: 3 [18560/24148 (77%)]	Loss: 5.152452
Train Epoch: 3 [18880/24148 (78%)]	Loss: 4.626635
Train Epoch: 3 [19200/24148 (79%)]	Loss: 4.484753
Train Epoch: 3 [19520/24148 (81%)]	Loss: 5.139885
Train Epoch: 3 [19840/24148 (82%)]	Loss: 4.808098
Train Epoch: 3 [20160/24148 (83%)]	Loss: 5.017651
Train Epoch: 3 [20480/24148 (85%)]	Loss: 4.783692
Train Epoch: 3 [20800/24148 (86%)]	Loss: 4.472729
Train Epoch: 3 [21120/24148 (87%)]	Loss: 4.544250
Train Epoch: 3 [21440/24148 (89%)]	Loss: 4.662290
Train Epoch: 3 [21760/24148 (90%)]	Loss: 4.661422
Train Epoch: 3 [22080/24148 (91%)]	Loss: 4.797865
Train Epoch: 3 [22400/24148 (93%)]	Loss: 4.291608
Train Epoch: 3 [22720/24148 (94%)]	Loss: 4.682756
Train Epoch: 3 [23040/24148 (95%)]	Loss: 4.778324
Train Epoch: 3 [23360/24148 (97%)]	Loss: 4.828526
Train Epoch: 3 [23680/24148 (98%)]	Loss: 4.748792
Train Epoch: 3 [24000/24148 (99%)]	Loss: 4.585084

Test set: Average loss: 4.6368, Accuracy: 767/6037 (13%)

Train Epoch: 4 [0/24148 (0%)]	Loss: 4.629112
Train Epoch: 4 [320/24148 (1%)]	Loss: 4.678592
Train Epoch: 4 [640/24148 (3%)]	Loss: 4.673917
Train Epoch: 4 [960/24148 (4%)]	Loss: 3.962957
Train Epoch: 4 [1280/24148 (5%)]	Loss: 4.159559
Train Epoch: 4 [1600/24148 (7%)]	Loss: 4.326408
Train Epoch: 4 [1920/24148 (8%)]	Loss: 4.256997
Train Epoch: 4 [2240/24148 (9%)]	Loss: 4.096237
Train Epoch: 4 [2560/24148 (11%)]	Loss: 4.778975
Train Epoch: 4 [2880/24148 (12%)]	Loss: 3.965401
Train Epoch: 4 [3200/24148 (13%)]	Loss: 4.114432
Train Epoch: 4 [3520/24148 (15%)]	Loss: 4.205144
Train Epoch: 4 [3840/24148 (16%)]	Loss: 4.741390
Train Epoch: 4 [4160/24148 (17%)]	Loss: 4.122489
Train Epoch: 4 [4480/24148 (19%)]	Loss: 4.235028
Train Epoch: 4 [4800/24148 (20%)]	Loss: 4.449294
Train Epoch: 4 [5120/24148 (21%)]	Loss: 3.882222
Train Epoch: 4 [5440/24148 (23%)]	Loss: 4.743509
Train Epoch: 4 [5760/24148 (24%)]	Loss: 4.532272
Train Epoch: 4 [6080/24148 (25%)]	Loss: 4.629530
Train Epoch: 4 [6400/24148 (26%)]	Loss: 4.619442
Train Epoch: 4 [6720/24148 (28%)]	Loss: 4.801988
Train Epoch: 4 [7040/24148 (29%)]	Loss: 4.925695
Train Epoch: 4 [7360/24148 (30%)]	Loss: 4.825857
Train Epoch: 4 [7680/24148 (32%)]	Loss: 4.610384
Train Epoch: 4 [8000/24148 (33%)]	Loss: 4.486872
Train Epoch: 4 [8320/24148 (34%)]	Loss: 4.344066
Train Epoch: 4 [8640/24148 (36%)]	Loss: 4.424626
Train Epoch: 4 [8960/24148 (37%)]	Loss: 4.120527
Train Epoch: 4 [9280/24148 (38%)]	Loss: 4.682096
Train Epoch: 4 [9600/24148 (40%)]	Loss: 4.380353
Train Epoch: 4 [9920/24148 (41%)]	Loss: 4.483990
Train Epoch: 4 [10240/24148 (42%)]	Loss: 4.311412
Train Epoch: 4 [10560/24148 (44%)]	Loss: 4.742432
Train Epoch: 4 [10880/24148 (45%)]	Loss: 4.837885
Train Epoch: 4 [11200/24148 (46%)]	Loss: 4.240139
Train Epoch: 4 [11520/24148 (48%)]	Loss: 4.649549
Train Epoch: 4 [11840/24148 (49%)]	Loss: 4.278199
Train Epoch: 4 [12160/24148 (50%)]	Loss: 4.864194
Train Epoch: 4 [12480/24148 (52%)]	Loss: 4.237419
Train Epoch: 4 [12800/24148 (53%)]	Loss: 4.517550
Train Epoch: 4 [13120/24148 (54%)]	Loss: 4.024661
Train Epoch: 4 [13440/24148 (56%)]	Loss: 3.751530
Train Epoch: 4 [13760/24148 (57%)]	Loss: 4.675900
Train Epoch: 4 [14080/24148 (58%)]	Loss: 4.392504
Train Epoch: 4 [14400/24148 (60%)]	Loss: 4.669774
Train Epoch: 4 [14720/24148 (61%)]	Loss: 4.163136
Train Epoch: 4 [15040/24148 (62%)]	Loss: 4.917579
Train Epoch: 4 [15360/24148 (64%)]	Loss: 4.558509
Train Epoch: 4 [15680/24148 (65%)]	Loss: 3.439983
Train Epoch: 4 [16000/24148 (66%)]	Loss: 4.274875
Train Epoch: 4 [16320/24148 (68%)]	Loss: 4.542948
Train Epoch: 4 [16640/24148 (69%)]	Loss: 4.311750
Train Epoch: 4 [16960/24148 (70%)]	Loss: 3.855348
Train Epoch: 4 [17280/24148 (72%)]	Loss: 4.514213
Train Epoch: 4 [17600/24148 (73%)]	Loss: 4.541658
Train Epoch: 4 [17920/24148 (74%)]	Loss: 4.589411
Train Epoch: 4 [18240/24148 (75%)]	Loss: 4.156039
Train Epoch: 4 [18560/24148 (77%)]	Loss: 4.905043
Train Epoch: 4 [18880/24148 (78%)]	Loss: 4.601094
Train Epoch: 4 [19200/24148 (79%)]	Loss: 4.301842
Train Epoch: 4 [19520/24148 (81%)]	Loss: 4.110106
Train Epoch: 4 [19840/24148 (82%)]	Loss: 4.751759
Train Epoch: 4 [20160/24148 (83%)]	Loss: 4.314652
Train Epoch: 4 [20480/24148 (85%)]	Loss: 4.502062
Train Epoch: 4 [20800/24148 (86%)]	Loss: 4.541346
Train Epoch: 4 [21120/24148 (87%)]	Loss: 4.745037
Train Epoch: 4 [21440/24148 (89%)]	Loss: 4.512973
Train Epoch: 4 [21760/24148 (90%)]	Loss: 5.026717
Train Epoch: 4 [22080/24148 (91%)]	Loss: 4.365560
Train Epoch: 4 [22400/24148 (93%)]	Loss: 4.481538
Train Epoch: 4 [22720/24148 (94%)]	Loss: 4.418259
Train Epoch: 4 [23040/24148 (95%)]	Loss: 3.944878
Train Epoch: 4 [23360/24148 (97%)]	Loss: 5.012016
Train Epoch: 4 [23680/24148 (98%)]	Loss: 4.634535
Train Epoch: 4 [24000/24148 (99%)]	Loss: 4.670385

Test set: Average loss: 4.4550, Accuracy: 898/6037 (15%)

Train Epoch: 5 [0/24148 (0%)]	Loss: 4.154740
Train Epoch: 5 [320/24148 (1%)]	Loss: 4.211688
Train Epoch: 5 [640/24148 (3%)]	Loss: 3.861944
Train Epoch: 5 [960/24148 (4%)]	Loss: 4.034822
Train Epoch: 5 [1280/24148 (5%)]	Loss: 4.380119
Train Epoch: 5 [1600/24148 (7%)]	Loss: 4.523461
Train Epoch: 5 [1920/24148 (8%)]	Loss: 3.762975
Train Epoch: 5 [2240/24148 (9%)]	Loss: 4.372747
Train Epoch: 5 [2560/24148 (11%)]	Loss: 4.032419
Train Epoch: 5 [2880/24148 (12%)]	Loss: 4.776675
Train Epoch: 5 [3200/24148 (13%)]	Loss: 4.024088
Train Epoch: 5 [3520/24148 (15%)]	Loss: 4.327045
Train Epoch: 5 [3840/24148 (16%)]	Loss: 4.315977
Train Epoch: 5 [4160/24148 (17%)]	Loss: 4.208991
Train Epoch: 5 [4480/24148 (19%)]	Loss: 4.285049
Train Epoch: 5 [4800/24148 (20%)]	Loss: 4.397621
Train Epoch: 5 [5120/24148 (21%)]	Loss: 4.285436
Train Epoch: 5 [5440/24148 (23%)]	Loss: 4.446593
Train Epoch: 5 [5760/24148 (24%)]	Loss: 3.634382
Train Epoch: 5 [6080/24148 (25%)]	Loss: 3.808128
Train Epoch: 5 [6400/24148 (26%)]	Loss: 4.392248
Train Epoch: 5 [6720/24148 (28%)]	Loss: 4.370117
Train Epoch: 5 [7040/24148 (29%)]	Loss: 3.880651
Train Epoch: 5 [7360/24148 (30%)]	Loss: 4.539518
Train Epoch: 5 [7680/24148 (32%)]	Loss: 4.056376
Train Epoch: 5 [8000/24148 (33%)]	Loss: 4.486578
Train Epoch: 5 [8320/24148 (34%)]	Loss: 4.028994
Train Epoch: 5 [8640/24148 (36%)]	Loss: 3.895189
Train Epoch: 5 [8960/24148 (37%)]	Loss: 4.310246
Train Epoch: 5 [9280/24148 (38%)]	Loss: 4.026509
Train Epoch: 5 [9600/24148 (40%)]	Loss: 4.057775
Train Epoch: 5 [9920/24148 (41%)]	Loss: 4.482693
Train Epoch: 5 [10240/24148 (42%)]	Loss: 3.898833
Train Epoch: 5 [10560/24148 (44%)]	Loss: 3.910936
Train Epoch: 5 [10880/24148 (45%)]	Loss: 4.528873
Train Epoch: 5 [11200/24148 (46%)]	Loss: 4.312873
Train Epoch: 5 [11520/24148 (48%)]	Loss: 3.891682
Train Epoch: 5 [11840/24148 (49%)]	Loss: 4.413397
Train Epoch: 5 [12160/24148 (50%)]	Loss: 4.724120
Train Epoch: 5 [12480/24148 (52%)]	Loss: 4.066405
Train Epoch: 5 [12800/24148 (53%)]	Loss: 4.371959
Train Epoch: 5 [13120/24148 (54%)]	Loss: 3.727017
Train Epoch: 5 [13440/24148 (56%)]	Loss: 3.594579
Train Epoch: 5 [13760/24148 (57%)]	Loss: 3.996316
Train Epoch: 5 [14080/24148 (58%)]	Loss: 3.992413
Train Epoch: 5 [14400/24148 (60%)]	Loss: 4.500243
Train Epoch: 5 [14720/24148 (61%)]	Loss: 4.105492
Train Epoch: 5 [15040/24148 (62%)]	Loss: 4.048490
Train Epoch: 5 [15360/24148 (64%)]	Loss: 4.581885
Train Epoch: 5 [15680/24148 (65%)]	Loss: 3.690593
Train Epoch: 5 [16000/24148 (66%)]	Loss: 4.257230
Train Epoch: 5 [16320/24148 (68%)]	Loss: 4.338295
Train Epoch: 5 [16640/24148 (69%)]	Loss: 3.904429
Train Epoch: 5 [16960/24148 (70%)]	Loss: 4.456074
Train Epoch: 5 [17280/24148 (72%)]	Loss: 3.692042
Train Epoch: 5 [17600/24148 (73%)]	Loss: 3.759946
Train Epoch: 5 [17920/24148 (74%)]	Loss: 4.024578
Train Epoch: 5 [18240/24148 (75%)]	Loss: 4.248721
Train Epoch: 5 [18560/24148 (77%)]	Loss: 4.081847
Train Epoch: 5 [18880/24148 (78%)]	Loss: 4.155935
Train Epoch: 5 [19200/24148 (79%)]	Loss: 4.339984
Train Epoch: 5 [19520/24148 (81%)]	Loss: 4.003520
Train Epoch: 5 [19840/24148 (82%)]	Loss: 4.058187
Train Epoch: 5 [20160/24148 (83%)]	Loss: 3.854828
Train Epoch: 5 [20480/24148 (85%)]	Loss: 4.512065
Train Epoch: 5 [20800/24148 (86%)]	Loss: 3.861068
Train Epoch: 5 [21120/24148 (87%)]	Loss: 3.898339
Train Epoch: 5 [21440/24148 (89%)]	Loss: 4.063825
Train Epoch: 5 [21760/24148 (90%)]	Loss: 3.812876
Train Epoch: 5 [22080/24148 (91%)]	Loss: 4.862788
Train Epoch: 5 [22400/24148 (93%)]	Loss: 4.293147
Train Epoch: 5 [22720/24148 (94%)]	Loss: 4.339283
Train Epoch: 5 [23040/24148 (95%)]	Loss: 4.406684
Train Epoch: 5 [23360/24148 (97%)]	Loss: 3.729650
Train Epoch: 5 [23680/24148 (98%)]	Loss: 4.311720
Train Epoch: 5 [24000/24148 (99%)]	Loss: 4.582300

Test set: Average loss: 4.2960, Accuracy: 1021/6037 (17%)

Train Epoch: 6 [0/24148 (0%)]	Loss: 3.681964
Train Epoch: 6 [320/24148 (1%)]	Loss: 3.276929
Train Epoch: 6 [640/24148 (3%)]	Loss: 3.932948
Train Epoch: 6 [960/24148 (4%)]	Loss: 4.125262
Train Epoch: 6 [1280/24148 (5%)]	Loss: 3.863963
Train Epoch: 6 [1600/24148 (7%)]	Loss: 4.279254
Train Epoch: 6 [1920/24148 (8%)]	Loss: 4.430906
Train Epoch: 6 [2240/24148 (9%)]	Loss: 4.315004
Train Epoch: 6 [2560/24148 (11%)]	Loss: 4.276941
Train Epoch: 6 [2880/24148 (12%)]	Loss: 3.709571
Train Epoch: 6 [3200/24148 (13%)]	Loss: 3.450401
Train Epoch: 6 [3520/24148 (15%)]	Loss: 3.873122
Train Epoch: 6 [3840/24148 (16%)]	Loss: 4.145721
Train Epoch: 6 [4160/24148 (17%)]	Loss: 3.939830
Train Epoch: 6 [4480/24148 (19%)]	Loss: 4.254032
Train Epoch: 6 [4800/24148 (20%)]	Loss: 4.049261
Train Epoch: 6 [5120/24148 (21%)]	Loss: 3.631409
Train Epoch: 6 [5440/24148 (23%)]	Loss: 3.902842
Train Epoch: 6 [5760/24148 (24%)]	Loss: 3.891018
Train Epoch: 6 [6080/24148 (25%)]	Loss: 4.161198
Train Epoch: 6 [6400/24148 (26%)]	Loss: 3.757450
Train Epoch: 6 [6720/24148 (28%)]	Loss: 3.993515
Train Epoch: 6 [7040/24148 (29%)]	Loss: 3.795247
Train Epoch: 6 [7360/24148 (30%)]	Loss: 4.015970
Train Epoch: 6 [7680/24148 (32%)]	Loss: 4.468431
Train Epoch: 6 [8000/24148 (33%)]	Loss: 4.818598
Train Epoch: 6 [8320/24148 (34%)]	Loss: 3.828052
Train Epoch: 6 [8640/24148 (36%)]	Loss: 3.305173
Train Epoch: 6 [8960/24148 (37%)]	Loss: 3.279023
Train Epoch: 6 [9280/24148 (38%)]	Loss: 4.023767
Train Epoch: 6 [9600/24148 (40%)]	Loss: 3.563842
Train Epoch: 6 [9920/24148 (41%)]	Loss: 3.963422
Train Epoch: 6 [10240/24148 (42%)]	Loss: 4.329106
Train Epoch: 6 [10560/24148 (44%)]	Loss: 3.722642
Train Epoch: 6 [10880/24148 (45%)]	Loss: 4.013321
Train Epoch: 6 [11200/24148 (46%)]	Loss: 3.823443
Train Epoch: 6 [11520/24148 (48%)]	Loss: 3.678033
Train Epoch: 6 [11840/24148 (49%)]	Loss: 3.914048
Train Epoch: 6 [12160/24148 (50%)]	Loss: 4.261249
Train Epoch: 6 [12480/24148 (52%)]	Loss: 4.289124
Train Epoch: 6 [12800/24148 (53%)]	Loss: 4.189220
Train Epoch: 6 [13120/24148 (54%)]	Loss: 4.008580
Train Epoch: 6 [13440/24148 (56%)]	Loss: 3.744366
Train Epoch: 6 [13760/24148 (57%)]	Loss: 3.422946
Train Epoch: 6 [14080/24148 (58%)]	Loss: 4.193607
Train Epoch: 6 [14400/24148 (60%)]	Loss: 4.376300
Train Epoch: 6 [14720/24148 (61%)]	Loss: 4.424436
Train Epoch: 6 [15040/24148 (62%)]	Loss: 3.930043
Train Epoch: 6 [15360/24148 (64%)]	Loss: 3.866709
Train Epoch: 6 [15680/24148 (65%)]	Loss: 3.772031
Train Epoch: 6 [16000/24148 (66%)]	Loss: 3.896646
Train Epoch: 6 [16320/24148 (68%)]	Loss: 4.772837
Train Epoch: 6 [16640/24148 (69%)]	Loss: 3.642742
Train Epoch: 6 [16960/24148 (70%)]	Loss: 4.150258
Train Epoch: 6 [17280/24148 (72%)]	Loss: 4.471515
Train Epoch: 6 [17600/24148 (73%)]	Loss: 4.270780
Train Epoch: 6 [17920/24148 (74%)]	Loss: 3.990265
Train Epoch: 6 [18240/24148 (75%)]	Loss: 4.557387
Train Epoch: 6 [18560/24148 (77%)]	Loss: 4.078260
Train Epoch: 6 [18880/24148 (78%)]	Loss: 3.919785
Train Epoch: 6 [19200/24148 (79%)]	Loss: 4.327793
Train Epoch: 6 [19520/24148 (81%)]	Loss: 4.086170
Train Epoch: 6 [19840/24148 (82%)]	Loss: 3.588549
Train Epoch: 6 [20160/24148 (83%)]	Loss: 3.457139
Train Epoch: 6 [20480/24148 (85%)]	Loss: 4.176948
Train Epoch: 6 [20800/24148 (86%)]	Loss: 4.208187
Train Epoch: 6 [21120/24148 (87%)]	Loss: 3.987624
Train Epoch: 6 [21440/24148 (89%)]	Loss: 4.004673
Train Epoch: 6 [21760/24148 (90%)]	Loss: 3.746223
Train Epoch: 6 [22080/24148 (91%)]	Loss: 3.245471
Train Epoch: 6 [22400/24148 (93%)]	Loss: 3.833025
Train Epoch: 6 [22720/24148 (94%)]	Loss: 4.067680
Train Epoch: 6 [23040/24148 (95%)]	Loss: 4.249816
Train Epoch: 6 [23360/24148 (97%)]	Loss: 3.615234
Train Epoch: 6 [23680/24148 (98%)]	Loss: 4.346967
Train Epoch: 6 [24000/24148 (99%)]	Loss: 3.706249

Test set: Average loss: 4.2015, Accuracy: 1084/6037 (18%)

Train Epoch: 7 [0/24148 (0%)]	Loss: 3.644664
Train Epoch: 7 [320/24148 (1%)]	Loss: 4.157154
Train Epoch: 7 [640/24148 (3%)]	Loss: 4.004647
Train Epoch: 7 [960/24148 (4%)]	Loss: 4.346639
Train Epoch: 7 [1280/24148 (5%)]	Loss: 3.759099
Train Epoch: 7 [1600/24148 (7%)]	Loss: 3.484859
Train Epoch: 7 [1920/24148 (8%)]	Loss: 3.976616
Train Epoch: 7 [2240/24148 (9%)]	Loss: 4.148854
Train Epoch: 7 [2560/24148 (11%)]	Loss: 3.810943
Train Epoch: 7 [2880/24148 (12%)]	Loss: 3.805042
Train Epoch: 7 [3200/24148 (13%)]	Loss: 3.622894
Train Epoch: 7 [3520/24148 (15%)]	Loss: 3.497329
Train Epoch: 7 [3840/24148 (16%)]	Loss: 3.340903
Train Epoch: 7 [4160/24148 (17%)]	Loss: 3.221455
Train Epoch: 7 [4480/24148 (19%)]	Loss: 3.342365
Train Epoch: 7 [4800/24148 (20%)]	Loss: 3.868352
Train Epoch: 7 [5120/24148 (21%)]	Loss: 3.865692
Train Epoch: 7 [5440/24148 (23%)]	Loss: 3.363147
Train Epoch: 7 [5760/24148 (24%)]	Loss: 3.688830
Train Epoch: 7 [6080/24148 (25%)]	Loss: 3.600545
Train Epoch: 7 [6400/24148 (26%)]	Loss: 3.817404
Train Epoch: 7 [6720/24148 (28%)]	Loss: 4.275019
Train Epoch: 7 [7040/24148 (29%)]	Loss: 4.227688
Train Epoch: 7 [7360/24148 (30%)]	Loss: 3.837715
Train Epoch: 7 [7680/24148 (32%)]	Loss: 3.849045
Train Epoch: 7 [8000/24148 (33%)]	Loss: 3.654803
Train Epoch: 7 [8320/24148 (34%)]	Loss: 3.945242
Train Epoch: 7 [8640/24148 (36%)]	Loss: 4.226415
Train Epoch: 7 [8960/24148 (37%)]	Loss: 3.153819
Train Epoch: 7 [9280/24148 (38%)]	Loss: 3.948694
Train Epoch: 7 [9600/24148 (40%)]	Loss: 3.665078
Train Epoch: 7 [9920/24148 (41%)]	Loss: 3.986897
Train Epoch: 7 [10240/24148 (42%)]	Loss: 3.451478
Train Epoch: 7 [10560/24148 (44%)]	Loss: 3.802871
Train Epoch: 7 [10880/24148 (45%)]	Loss: 3.382242
Train Epoch: 7 [11200/24148 (46%)]	Loss: 4.112206
Train Epoch: 7 [11520/24148 (48%)]	Loss: 3.781232
Train Epoch: 7 [11840/24148 (49%)]	Loss: 3.852082
Train Epoch: 7 [12160/24148 (50%)]	Loss: 3.718485
Train Epoch: 7 [12480/24148 (52%)]	Loss: 3.742503
Train Epoch: 7 [12800/24148 (53%)]	Loss: 3.679998
Train Epoch: 7 [13120/24148 (54%)]	Loss: 3.274058
Train Epoch: 7 [13440/24148 (56%)]	Loss: 3.895272
Train Epoch: 7 [13760/24148 (57%)]	Loss: 3.843937
Train Epoch: 7 [14080/24148 (58%)]	Loss: 4.034400
Train Epoch: 7 [14400/24148 (60%)]	Loss: 3.672300
Train Epoch: 7 [14720/24148 (61%)]	Loss: 3.815345
Train Epoch: 7 [15040/24148 (62%)]	Loss: 4.049230
Train Epoch: 7 [15360/24148 (64%)]	Loss: 4.207532
Train Epoch: 7 [15680/24148 (65%)]	Loss: 3.911677
Train Epoch: 7 [16000/24148 (66%)]	Loss: 4.188439
Train Epoch: 7 [16320/24148 (68%)]	Loss: 3.543202
Train Epoch: 7 [16640/24148 (69%)]	Loss: 3.204825
Train Epoch: 7 [16960/24148 (70%)]	Loss: 3.541544
Train Epoch: 7 [17280/24148 (72%)]	Loss: 3.813268
Train Epoch: 7 [17600/24148 (73%)]	Loss: 3.552891
Train Epoch: 7 [17920/24148 (74%)]	Loss: 3.852038
Train Epoch: 7 [18240/24148 (75%)]	Loss: 3.344201
Train Epoch: 7 [18560/24148 (77%)]	Loss: 3.725908
Train Epoch: 7 [18880/24148 (78%)]	Loss: 3.306056
Train Epoch: 7 [19200/24148 (79%)]	Loss: 3.879977
Train Epoch: 7 [19520/24148 (81%)]	Loss: 4.048422
Train Epoch: 7 [19840/24148 (82%)]	Loss: 3.384723
Train Epoch: 7 [20160/24148 (83%)]	Loss: 3.441042
Train Epoch: 7 [20480/24148 (85%)]	Loss: 4.361650
Train Epoch: 7 [20800/24148 (86%)]	Loss: 3.979983
Train Epoch: 7 [21120/24148 (87%)]	Loss: 4.061765
Train Epoch: 7 [21440/24148 (89%)]	Loss: 3.615617
Train Epoch: 7 [21760/24148 (90%)]	Loss: 4.236143
Train Epoch: 7 [22080/24148 (91%)]	Loss: 3.595243
Train Epoch: 7 [22400/24148 (93%)]	Loss: 3.514869
Train Epoch: 7 [22720/24148 (94%)]	Loss: 3.511751
Train Epoch: 7 [23040/24148 (95%)]	Loss: 3.327154
Train Epoch: 7 [23360/24148 (97%)]	Loss: 3.415855
Train Epoch: 7 [23680/24148 (98%)]	Loss: 4.299353
Train Epoch: 7 [24000/24148 (99%)]	Loss: 3.652485

Test set: Average loss: 4.0900, Accuracy: 1208/6037 (20%)

Train Epoch: 8 [0/24148 (0%)]	Loss: 3.760448
Train Epoch: 8 [320/24148 (1%)]	Loss: 3.740303
Train Epoch: 8 [640/24148 (3%)]	Loss: 3.651146
Train Epoch: 8 [960/24148 (4%)]	Loss: 3.637148
Train Epoch: 8 [1280/24148 (5%)]	Loss: 3.161099
Train Epoch: 8 [1600/24148 (7%)]	Loss: 3.330081
Train Epoch: 8 [1920/24148 (8%)]	Loss: 3.194438
Train Epoch: 8 [2240/24148 (9%)]	Loss: 3.590794
Train Epoch: 8 [2560/24148 (11%)]	Loss: 3.280539
Train Epoch: 8 [2880/24148 (12%)]	Loss: 3.673775
Train Epoch: 8 [3200/24148 (13%)]	Loss: 3.498576
Train Epoch: 8 [3520/24148 (15%)]	Loss: 3.177946
Train Epoch: 8 [3840/24148 (16%)]	Loss: 3.407515
Train Epoch: 8 [4160/24148 (17%)]	Loss: 3.641558
Train Epoch: 8 [4480/24148 (19%)]	Loss: 3.762369
Train Epoch: 8 [4800/24148 (20%)]	Loss: 3.239840
Train Epoch: 8 [5120/24148 (21%)]	Loss: 3.639396
Train Epoch: 8 [5440/24148 (23%)]	Loss: 3.107395
Train Epoch: 8 [5760/24148 (24%)]	Loss: 3.741972
Train Epoch: 8 [6080/24148 (25%)]	Loss: 3.140057
Train Epoch: 8 [6400/24148 (26%)]	Loss: 3.279515
Train Epoch: 8 [6720/24148 (28%)]	Loss: 3.581219
Train Epoch: 8 [7040/24148 (29%)]	Loss: 3.034507
Train Epoch: 8 [7360/24148 (30%)]	Loss: 2.850206
Train Epoch: 8 [7680/24148 (32%)]	Loss: 3.227925
Train Epoch: 8 [8000/24148 (33%)]	Loss: 3.243035
Train Epoch: 8 [8320/24148 (34%)]	Loss: 3.926483
Train Epoch: 8 [8640/24148 (36%)]	Loss: 3.631504
Train Epoch: 8 [8960/24148 (37%)]	Loss: 3.519014
Train Epoch: 8 [9280/24148 (38%)]	Loss: 3.429523
Train Epoch: 8 [9600/24148 (40%)]	Loss: 3.647536
Train Epoch: 8 [9920/24148 (41%)]	Loss: 3.522359
Train Epoch: 8 [10240/24148 (42%)]	Loss: 3.431347
Train Epoch: 8 [10560/24148 (44%)]	Loss: 3.650249
Train Epoch: 8 [10880/24148 (45%)]	Loss: 3.352022
Train Epoch: 8 [11200/24148 (46%)]	Loss: 3.316030
Train Epoch: 8 [11520/24148 (48%)]	Loss: 3.414943
Train Epoch: 8 [11840/24148 (49%)]	Loss: 3.552343
Train Epoch: 8 [12160/24148 (50%)]	Loss: 3.471007
Train Epoch: 8 [12480/24148 (52%)]	Loss: 3.565574
Train Epoch: 8 [12800/24148 (53%)]	Loss: 3.091083
Train Epoch: 8 [13120/24148 (54%)]	Loss: 4.045706
Train Epoch: 8 [13440/24148 (56%)]	Loss: 3.308418
Train Epoch: 8 [13760/24148 (57%)]	Loss: 3.507605
Train Epoch: 8 [14080/24148 (58%)]	Loss: 3.459811
Train Epoch: 8 [14400/24148 (60%)]	Loss: 4.039583
Train Epoch: 8 [14720/24148 (61%)]	Loss: 3.054601
Train Epoch: 8 [15040/24148 (62%)]	Loss: 3.117571
Train Epoch: 8 [15360/24148 (64%)]	Loss: 3.497130
Train Epoch: 8 [15680/24148 (65%)]	Loss: 4.052854
Train Epoch: 8 [16000/24148 (66%)]	Loss: 3.664973
Train Epoch: 8 [16320/24148 (68%)]	Loss: 3.285301
Train Epoch: 8 [16640/24148 (69%)]	Loss: 3.698879
Train Epoch: 8 [16960/24148 (70%)]	Loss: 3.462379
Train Epoch: 8 [17280/24148 (72%)]	Loss: 3.439900
Train Epoch: 8 [17600/24148 (73%)]	Loss: 2.859022
Train Epoch: 8 [17920/24148 (74%)]	Loss: 3.708117
Train Epoch: 8 [18240/24148 (75%)]	Loss: 3.116775
Train Epoch: 8 [18560/24148 (77%)]	Loss: 3.176208
Train Epoch: 8 [18880/24148 (78%)]	Loss: 4.065442
Train Epoch: 8 [19200/24148 (79%)]	Loss: 3.872102
Train Epoch: 8 [19520/24148 (81%)]	Loss: 3.066598
Train Epoch: 8 [19840/24148 (82%)]	Loss: 3.527963
Train Epoch: 8 [20160/24148 (83%)]	Loss: 3.298966
Train Epoch: 8 [20480/24148 (85%)]	Loss: 3.657217
Train Epoch: 8 [20800/24148 (86%)]	Loss: 3.760499
Train Epoch: 8 [21120/24148 (87%)]	Loss: 3.519742
Train Epoch: 8 [21440/24148 (89%)]	Loss: 3.928104
Train Epoch: 8 [21760/24148 (90%)]	Loss: 3.491462
Train Epoch: 8 [22080/24148 (91%)]	Loss: 3.804759
Train Epoch: 8 [22400/24148 (93%)]	Loss: 3.666005
Train Epoch: 8 [22720/24148 (94%)]	Loss: 3.510576
Train Epoch: 8 [23040/24148 (95%)]	Loss: 3.096447
Train Epoch: 8 [23360/24148 (97%)]	Loss: 3.932656
Train Epoch: 8 [23680/24148 (98%)]	Loss: 3.259011
Train Epoch: 8 [24000/24148 (99%)]	Loss: 3.897641

Test set: Average loss: 4.0411, Accuracy: 1265/6037 (21%)

Train Epoch: 9 [0/24148 (0%)]	Loss: 3.206773
Train Epoch: 9 [320/24148 (1%)]	Loss: 2.924920
Train Epoch: 9 [640/24148 (3%)]	Loss: 3.444327
Train Epoch: 9 [960/24148 (4%)]	Loss: 2.952961
Train Epoch: 9 [1280/24148 (5%)]	Loss: 3.535393
Train Epoch: 9 [1600/24148 (7%)]	Loss: 3.350078
Train Epoch: 9 [1920/24148 (8%)]	Loss: 3.410713
Train Epoch: 9 [2240/24148 (9%)]	Loss: 3.123035
Train Epoch: 9 [2560/24148 (11%)]	Loss: 2.961648
Train Epoch: 9 [2880/24148 (12%)]	Loss: 2.628038
Train Epoch: 9 [3200/24148 (13%)]	Loss: 2.976959
Train Epoch: 9 [3520/24148 (15%)]	Loss: 3.305921
Train Epoch: 9 [3840/24148 (16%)]	Loss: 3.074908
Train Epoch: 9 [4160/24148 (17%)]	Loss: 3.200539
Train Epoch: 9 [4480/24148 (19%)]	Loss: 3.450182
Train Epoch: 9 [4800/24148 (20%)]	Loss: 3.270086
Train Epoch: 9 [5120/24148 (21%)]	Loss: 3.435256
Train Epoch: 9 [5440/24148 (23%)]	Loss: 3.291813
Train Epoch: 9 [5760/24148 (24%)]	Loss: 3.245065
Train Epoch: 9 [6080/24148 (25%)]	Loss: 2.720038
Train Epoch: 9 [6400/24148 (26%)]	Loss: 3.603662
Train Epoch: 9 [6720/24148 (28%)]	Loss: 2.989180
Train Epoch: 9 [7040/24148 (29%)]	Loss: 3.085249
Train Epoch: 9 [7360/24148 (30%)]	Loss: 3.500550
Train Epoch: 9 [7680/24148 (32%)]	Loss: 2.762172
Train Epoch: 9 [8000/24148 (33%)]	Loss: 3.089281
Train Epoch: 9 [8320/24148 (34%)]	Loss: 3.182786
Train Epoch: 9 [8640/24148 (36%)]	Loss: 3.808128
Train Epoch: 9 [8960/24148 (37%)]	Loss: 3.278703
Train Epoch: 9 [9280/24148 (38%)]	Loss: 3.241859
Train Epoch: 9 [9600/24148 (40%)]	Loss: 3.344690
Train Epoch: 9 [9920/24148 (41%)]	Loss: 3.448701
Train Epoch: 9 [10240/24148 (42%)]	Loss: 2.805524
Train Epoch: 9 [10560/24148 (44%)]	Loss: 3.402955
Train Epoch: 9 [10880/24148 (45%)]	Loss: 3.609397
Train Epoch: 9 [11200/24148 (46%)]	Loss: 3.177577
Train Epoch: 9 [11520/24148 (48%)]	Loss: 3.008777
Train Epoch: 9 [11840/24148 (49%)]	Loss: 3.341825
Train Epoch: 9 [12160/24148 (50%)]	Loss: 3.405733
Train Epoch: 9 [12480/24148 (52%)]	Loss: 3.616886
Train Epoch: 9 [12800/24148 (53%)]	Loss: 3.447580
Train Epoch: 9 [13120/24148 (54%)]	Loss: 3.647585
Train Epoch: 9 [13440/24148 (56%)]	Loss: 3.508574
Train Epoch: 9 [13760/24148 (57%)]	Loss: 3.169037
Train Epoch: 9 [14080/24148 (58%)]	Loss: 3.174811
Train Epoch: 9 [14400/24148 (60%)]	Loss: 3.372773
Train Epoch: 9 [14720/24148 (61%)]	Loss: 2.498259
Train Epoch: 9 [15040/24148 (62%)]	Loss: 2.724100
Train Epoch: 9 [15360/24148 (64%)]	Loss: 2.753240
Train Epoch: 9 [15680/24148 (65%)]	Loss: 3.432414
Train Epoch: 9 [16000/24148 (66%)]	Loss: 2.916368
Train Epoch: 9 [16320/24148 (68%)]	Loss: 3.512078
Train Epoch: 9 [16640/24148 (69%)]	Loss: 3.595883
Train Epoch: 9 [16960/24148 (70%)]	Loss: 3.078176
Train Epoch: 9 [17280/24148 (72%)]	Loss: 3.393988
Train Epoch: 9 [17600/24148 (73%)]	Loss: 3.367471
Train Epoch: 9 [17920/24148 (74%)]	Loss: 2.783616
Train Epoch: 9 [18240/24148 (75%)]	Loss: 3.040444
Train Epoch: 9 [18560/24148 (77%)]	Loss: 3.525239
Train Epoch: 9 [18880/24148 (78%)]	Loss: 3.061816
Train Epoch: 9 [19200/24148 (79%)]	Loss: 3.374573
Train Epoch: 9 [19520/24148 (81%)]	Loss: 3.521606
Train Epoch: 9 [19840/24148 (82%)]	Loss: 2.835323
Train Epoch: 9 [20160/24148 (83%)]	Loss: 3.019511
Train Epoch: 9 [20480/24148 (85%)]	Loss: 3.290426
Train Epoch: 9 [20800/24148 (86%)]	Loss: 3.398910
Train Epoch: 9 [21120/24148 (87%)]	Loss: 2.837350
Train Epoch: 9 [21440/24148 (89%)]	Loss: 3.634869
Train Epoch: 9 [21760/24148 (90%)]	Loss: 3.127862
Train Epoch: 9 [22080/24148 (91%)]	Loss: 3.920495
Train Epoch: 9 [22400/24148 (93%)]	Loss: 2.726197
Train Epoch: 9 [22720/24148 (94%)]	Loss: 3.080271
Train Epoch: 9 [23040/24148 (95%)]	Loss: 3.685681
Train Epoch: 9 [23360/24148 (97%)]	Loss: 3.336404
Train Epoch: 9 [23680/24148 (98%)]	Loss: 3.447965
Train Epoch: 9 [24000/24148 (99%)]	Loss: 3.372001

Test set: Average loss: 4.0305, Accuracy: 1284/6037 (21%)

Train Epoch: 10 [0/24148 (0%)]	Loss: 3.273052
Train Epoch: 10 [320/24148 (1%)]	Loss: 2.713932
Train Epoch: 10 [640/24148 (3%)]	Loss: 3.000488
Train Epoch: 10 [960/24148 (4%)]	Loss: 3.204948
Train Epoch: 10 [1280/24148 (5%)]	Loss: 3.828320
Train Epoch: 10 [1600/24148 (7%)]	Loss: 3.138579
Train Epoch: 10 [1920/24148 (8%)]	Loss: 3.424589
Train Epoch: 10 [2240/24148 (9%)]	Loss: 3.213954
Train Epoch: 10 [2560/24148 (11%)]	Loss: 2.741664
Train Epoch: 10 [2880/24148 (12%)]	Loss: 3.192068
Train Epoch: 10 [3200/24148 (13%)]	Loss: 2.709008
Train Epoch: 10 [3520/24148 (15%)]	Loss: 2.670635
Train Epoch: 10 [3840/24148 (16%)]	Loss: 3.191263
Train Epoch: 10 [4160/24148 (17%)]	Loss: 3.126889
Train Epoch: 10 [4480/24148 (19%)]	Loss: 3.315019
Train Epoch: 10 [4800/24148 (20%)]	Loss: 2.909243
Train Epoch: 10 [5120/24148 (21%)]	Loss: 2.922380
Train Epoch: 10 [5440/24148 (23%)]	Loss: 3.325255
Train Epoch: 10 [5760/24148 (24%)]	Loss: 2.879159
Train Epoch: 10 [6080/24148 (25%)]	Loss: 3.393914
Train Epoch: 10 [6400/24148 (26%)]	Loss: 2.930887
Train Epoch: 10 [6720/24148 (28%)]	Loss: 3.605500
Train Epoch: 10 [7040/24148 (29%)]	Loss: 3.138904
Train Epoch: 10 [7360/24148 (30%)]	Loss: 3.529170
Train Epoch: 10 [7680/24148 (32%)]	Loss: 2.864730
Train Epoch: 10 [8000/24148 (33%)]	Loss: 3.102874
Train Epoch: 10 [8320/24148 (34%)]	Loss: 2.557230
Train Epoch: 10 [8640/24148 (36%)]	Loss: 3.034806
Train Epoch: 10 [8960/24148 (37%)]	Loss: 2.664525
Train Epoch: 10 [9280/24148 (38%)]	Loss: 3.013324
Train Epoch: 10 [9600/24148 (40%)]	Loss: 2.663502
Train Epoch: 10 [9920/24148 (41%)]	Loss: 3.404973
Train Epoch: 10 [10240/24148 (42%)]	Loss: 2.955010
Train Epoch: 10 [10560/24148 (44%)]	Loss: 3.101792
Train Epoch: 10 [10880/24148 (45%)]	Loss: 3.278568
Train Epoch: 10 [11200/24148 (46%)]	Loss: 2.900959
Train Epoch: 10 [11520/24148 (48%)]	Loss: 2.660079
Train Epoch: 10 [11840/24148 (49%)]	Loss: 2.460731
Train Epoch: 10 [12160/24148 (50%)]	Loss: 2.746072
Train Epoch: 10 [12480/24148 (52%)]	Loss: 3.122229
Train Epoch: 10 [12800/24148 (53%)]	Loss: 3.014366
Train Epoch: 10 [13120/24148 (54%)]	Loss: 2.388523
Train Epoch: 10 [13440/24148 (56%)]	Loss: 3.352944
Train Epoch: 10 [13760/24148 (57%)]	Loss: 3.424539
Train Epoch: 10 [14080/24148 (58%)]	Loss: 2.828517
Train Epoch: 10 [14400/24148 (60%)]	Loss: 2.261109
Train Epoch: 10 [14720/24148 (61%)]	Loss: 3.157259
Train Epoch: 10 [15040/24148 (62%)]	Loss: 3.095932
Train Epoch: 10 [15360/24148 (64%)]	Loss: 3.461215
Train Epoch: 10 [15680/24148 (65%)]	Loss: 3.073390
Train Epoch: 10 [16000/24148 (66%)]	Loss: 3.075358
Train Epoch: 10 [16320/24148 (68%)]	Loss: 2.994556
Train Epoch: 10 [16640/24148 (69%)]	Loss: 3.547797
Train Epoch: 10 [16960/24148 (70%)]	Loss: 3.529125
Train Epoch: 10 [17280/24148 (72%)]	Loss: 3.963446
Train Epoch: 10 [17600/24148 (73%)]	Loss: 2.982686
Train Epoch: 10 [17920/24148 (74%)]	Loss: 3.052402
Train Epoch: 10 [18240/24148 (75%)]	Loss: 2.862130
Train Epoch: 10 [18560/24148 (77%)]	Loss: 3.080383
Train Epoch: 10 [18880/24148 (78%)]	Loss: 2.300006
Train Epoch: 10 [19200/24148 (79%)]	Loss: 3.064638
Train Epoch: 10 [19520/24148 (81%)]	Loss: 3.216896
Train Epoch: 10 [19840/24148 (82%)]	Loss: 2.055455
Train Epoch: 10 [20160/24148 (83%)]	Loss: 3.236431
Train Epoch: 10 [20480/24148 (85%)]	Loss: 3.323476
Train Epoch: 10 [20800/24148 (86%)]	Loss: 3.353620
Train Epoch: 10 [21120/24148 (87%)]	Loss: 2.583233
Train Epoch: 10 [21440/24148 (89%)]	Loss: 3.084715
Train Epoch: 10 [21760/24148 (90%)]	Loss: 3.209447
Train Epoch: 10 [22080/24148 (91%)]	Loss: 2.845305
Train Epoch: 10 [22400/24148 (93%)]	Loss: 2.588330
Train Epoch: 10 [22720/24148 (94%)]	Loss: 3.316756
Train Epoch: 10 [23040/24148 (95%)]	Loss: 2.918560
Train Epoch: 10 [23360/24148 (97%)]	Loss: 2.774513
Train Epoch: 10 [23680/24148 (98%)]	Loss: 2.719236
Train Epoch: 10 [24000/24148 (99%)]	Loss: 2.929017

Test set: Average loss: 3.9958, Accuracy: 1306/6037 (22%)

Average seconds for training 1 epoch: 353.02821164131166
Average seconds for testing: 31.375328993797304
