Files already downloaded and verified
Total number of parameters in the model: 13380865
Train Epoch: 1 [0/24148 (0%)]	Loss: 5.628564
Train Epoch: 1 [320/24148 (1%)]	Loss: 6.239281
Train Epoch: 1 [640/24148 (3%)]	Loss: 6.177477
Train Epoch: 1 [960/24148 (4%)]	Loss: 5.789546
Train Epoch: 1 [1280/24148 (5%)]	Loss: 5.592487
Train Epoch: 1 [1600/24148 (7%)]	Loss: 5.735891
Train Epoch: 1 [1920/24148 (8%)]	Loss: 5.602442
Train Epoch: 1 [2240/24148 (9%)]	Loss: 5.813445
Train Epoch: 1 [2560/24148 (11%)]	Loss: 5.487112
Train Epoch: 1 [2880/24148 (12%)]	Loss: 5.287795
Train Epoch: 1 [3200/24148 (13%)]	Loss: 5.447542
Train Epoch: 1 [3520/24148 (15%)]	Loss: 5.693230
Train Epoch: 1 [3840/24148 (16%)]	Loss: 5.136425
Train Epoch: 1 [4160/24148 (17%)]	Loss: 5.384889
Train Epoch: 1 [4480/24148 (19%)]	Loss: 5.421818
Train Epoch: 1 [4800/24148 (20%)]	Loss: 5.457055
Train Epoch: 1 [5120/24148 (21%)]	Loss: 5.550955
Train Epoch: 1 [5440/24148 (23%)]	Loss: 5.674309
Train Epoch: 1 [5760/24148 (24%)]	Loss: 5.605778
Train Epoch: 1 [6080/24148 (25%)]	Loss: 5.755696
Train Epoch: 1 [6400/24148 (26%)]	Loss: 5.423033
Train Epoch: 1 [6720/24148 (28%)]	Loss: 5.676078
Train Epoch: 1 [7040/24148 (29%)]	Loss: 5.484883
Train Epoch: 1 [7360/24148 (30%)]	Loss: 5.473757
Train Epoch: 1 [7680/24148 (32%)]	Loss: 5.544444
Train Epoch: 1 [8000/24148 (33%)]	Loss: 5.693765
Train Epoch: 1 [8320/24148 (34%)]	Loss: 5.564785
Train Epoch: 1 [8640/24148 (36%)]	Loss: 5.785143
Train Epoch: 1 [8960/24148 (37%)]	Loss: 5.197121
Train Epoch: 1 [9280/24148 (38%)]	Loss: 5.572368
Train Epoch: 1 [9600/24148 (40%)]	Loss: 5.336825
Train Epoch: 1 [9920/24148 (41%)]	Loss: 5.391859
Train Epoch: 1 [10240/24148 (42%)]	Loss: 5.050803
Train Epoch: 1 [10560/24148 (44%)]	Loss: 5.347580
Train Epoch: 1 [10880/24148 (45%)]	Loss: 5.296077
Train Epoch: 1 [11200/24148 (46%)]	Loss: 5.111304
Train Epoch: 1 [11520/24148 (48%)]	Loss: 5.403584
Train Epoch: 1 [11840/24148 (49%)]	Loss: 5.515727
Train Epoch: 1 [12160/24148 (50%)]	Loss: 5.180498
Train Epoch: 1 [12480/24148 (52%)]	Loss: 5.216929
Train Epoch: 1 [12800/24148 (53%)]	Loss: 5.350801
Train Epoch: 1 [13120/24148 (54%)]	Loss: 5.224765
Train Epoch: 1 [13440/24148 (56%)]	Loss: 5.311491
Train Epoch: 1 [13760/24148 (57%)]	Loss: 5.221137
Train Epoch: 1 [14080/24148 (58%)]	Loss: 5.648687
Train Epoch: 1 [14400/24148 (60%)]	Loss: 5.423805
Train Epoch: 1 [14720/24148 (61%)]	Loss: 5.274006
Train Epoch: 1 [15040/24148 (62%)]	Loss: 5.173151
Train Epoch: 1 [15360/24148 (64%)]	Loss: 5.164330
Train Epoch: 1 [15680/24148 (65%)]	Loss: 5.054806
Train Epoch: 1 [16000/24148 (66%)]	Loss: 5.366255
Train Epoch: 1 [16320/24148 (68%)]	Loss: 5.442283
Train Epoch: 1 [16640/24148 (69%)]	Loss: 5.094067
Train Epoch: 1 [16960/24148 (70%)]	Loss: 5.267062
Train Epoch: 1 [17280/24148 (72%)]	Loss: 5.422533
Train Epoch: 1 [17600/24148 (73%)]	Loss: 5.512247
Train Epoch: 1 [17920/24148 (74%)]	Loss: 5.076318
Train Epoch: 1 [18240/24148 (75%)]	Loss: 5.503783
Train Epoch: 1 [18560/24148 (77%)]	Loss: 5.433475
Train Epoch: 1 [18880/24148 (78%)]	Loss: 5.100248
Train Epoch: 1 [19200/24148 (79%)]	Loss: 5.014935
Train Epoch: 1 [19520/24148 (81%)]	Loss: 5.077974
Train Epoch: 1 [19840/24148 (82%)]	Loss: 5.194839
Train Epoch: 1 [20160/24148 (83%)]	Loss: 5.120057
Train Epoch: 1 [20480/24148 (85%)]	Loss: 5.291512
Train Epoch: 1 [20800/24148 (86%)]	Loss: 5.268748
Train Epoch: 1 [21120/24148 (87%)]	Loss: 5.364799
Train Epoch: 1 [21440/24148 (89%)]	Loss: 5.201143
Train Epoch: 1 [21760/24148 (90%)]	Loss: 4.973763
Train Epoch: 1 [22080/24148 (91%)]	Loss: 5.510185
Train Epoch: 1 [22400/24148 (93%)]	Loss: 5.143252
Train Epoch: 1 [22720/24148 (94%)]	Loss: 5.549015
Train Epoch: 1 [23040/24148 (95%)]	Loss: 5.307790
Train Epoch: 1 [23360/24148 (97%)]	Loss: 5.008149
Train Epoch: 1 [23680/24148 (98%)]	Loss: 5.202358
Train Epoch: 1 [24000/24148 (99%)]	Loss: 5.143116

Test set: Average loss: 5.1741, Accuracy: 440/6037 (7%)

Train Epoch: 2 [0/24148 (0%)]	Loss: 5.069137
Train Epoch: 2 [320/24148 (1%)]	Loss: 5.438047
Train Epoch: 2 [640/24148 (3%)]	Loss: 5.081656
Train Epoch: 2 [960/24148 (4%)]	Loss: 5.140864
Train Epoch: 2 [1280/24148 (5%)]	Loss: 4.843973
Train Epoch: 2 [1600/24148 (7%)]	Loss: 5.412379
Train Epoch: 2 [1920/24148 (8%)]	Loss: 4.942229
Train Epoch: 2 [2240/24148 (9%)]	Loss: 4.524423
Train Epoch: 2 [2560/24148 (11%)]	Loss: 4.908338
Train Epoch: 2 [2880/24148 (12%)]	Loss: 5.175784
Train Epoch: 2 [3200/24148 (13%)]	Loss: 4.920934
Train Epoch: 2 [3520/24148 (15%)]	Loss: 4.859119
Train Epoch: 2 [3840/24148 (16%)]	Loss: 4.716545
Train Epoch: 2 [4160/24148 (17%)]	Loss: 4.991425
Train Epoch: 2 [4480/24148 (19%)]	Loss: 5.565312
Train Epoch: 2 [4800/24148 (20%)]	Loss: 5.185722
Train Epoch: 2 [5120/24148 (21%)]	Loss: 4.936985
Train Epoch: 2 [5440/24148 (23%)]	Loss: 5.235046
Train Epoch: 2 [5760/24148 (24%)]	Loss: 5.329215
Train Epoch: 2 [6080/24148 (25%)]	Loss: 5.482694
Train Epoch: 2 [6400/24148 (26%)]	Loss: 4.735158
Train Epoch: 2 [6720/24148 (28%)]	Loss: 5.267771
Train Epoch: 2 [7040/24148 (29%)]	Loss: 5.198770
Train Epoch: 2 [7360/24148 (30%)]	Loss: 5.035547
Train Epoch: 2 [7680/24148 (32%)]	Loss: 5.078118
Train Epoch: 2 [8000/24148 (33%)]	Loss: 5.093768
Train Epoch: 2 [8320/24148 (34%)]	Loss: 5.006979
Train Epoch: 2 [8640/24148 (36%)]	Loss: 4.653020
Train Epoch: 2 [8960/24148 (37%)]	Loss: 4.908539
Train Epoch: 2 [9280/24148 (38%)]	Loss: 4.934676
Train Epoch: 2 [9600/24148 (40%)]	Loss: 5.016178
Train Epoch: 2 [9920/24148 (41%)]	Loss: 5.017873
Train Epoch: 2 [10240/24148 (42%)]	Loss: 5.002657
Train Epoch: 2 [10560/24148 (44%)]	Loss: 5.229722
Train Epoch: 2 [10880/24148 (45%)]	Loss: 4.964388
Train Epoch: 2 [11200/24148 (46%)]	Loss: 4.843787
Train Epoch: 2 [11520/24148 (48%)]	Loss: 5.022303
Train Epoch: 2 [11840/24148 (49%)]	Loss: 5.124578
Train Epoch: 2 [12160/24148 (50%)]	Loss: 4.938274
Train Epoch: 2 [12480/24148 (52%)]	Loss: 5.112425
Train Epoch: 2 [12800/24148 (53%)]	Loss: 5.176816
Train Epoch: 2 [13120/24148 (54%)]	Loss: 5.485382
Train Epoch: 2 [13440/24148 (56%)]	Loss: 5.108872
Train Epoch: 2 [13760/24148 (57%)]	Loss: 5.038409
Train Epoch: 2 [14080/24148 (58%)]	Loss: 4.817944
Train Epoch: 2 [14400/24148 (60%)]	Loss: 5.156799
Train Epoch: 2 [14720/24148 (61%)]	Loss: 5.245216
Train Epoch: 2 [15040/24148 (62%)]	Loss: 5.391151
Train Epoch: 2 [15360/24148 (64%)]	Loss: 5.196803
Train Epoch: 2 [15680/24148 (65%)]	Loss: 4.991478
Train Epoch: 2 [16000/24148 (66%)]	Loss: 5.002163
Train Epoch: 2 [16320/24148 (68%)]	Loss: 4.921481
Train Epoch: 2 [16640/24148 (69%)]	Loss: 5.086747
Train Epoch: 2 [16960/24148 (70%)]	Loss: 5.048446
Train Epoch: 2 [17280/24148 (72%)]	Loss: 5.065661
Train Epoch: 2 [17600/24148 (73%)]	Loss: 5.163619
Train Epoch: 2 [17920/24148 (74%)]	Loss: 5.054431
Train Epoch: 2 [18240/24148 (75%)]	Loss: 5.246207
Train Epoch: 2 [18560/24148 (77%)]	Loss: 5.233268
Train Epoch: 2 [18880/24148 (78%)]	Loss: 5.011060
Train Epoch: 2 [19200/24148 (79%)]	Loss: 5.179904
Train Epoch: 2 [19520/24148 (81%)]	Loss: 4.841218
Train Epoch: 2 [19840/24148 (82%)]	Loss: 5.094230
Train Epoch: 2 [20160/24148 (83%)]	Loss: 4.934276
Train Epoch: 2 [20480/24148 (85%)]	Loss: 5.387698
Train Epoch: 2 [20800/24148 (86%)]	Loss: 5.103703
Train Epoch: 2 [21120/24148 (87%)]	Loss: 4.953022
Train Epoch: 2 [21440/24148 (89%)]	Loss: 5.144660
Train Epoch: 2 [21760/24148 (90%)]	Loss: 4.968555
Train Epoch: 2 [22080/24148 (91%)]	Loss: 4.748094
Train Epoch: 2 [22400/24148 (93%)]	Loss: 5.372493
Train Epoch: 2 [22720/24148 (94%)]	Loss: 5.144567
Train Epoch: 2 [23040/24148 (95%)]	Loss: 4.661901
Train Epoch: 2 [23360/24148 (97%)]	Loss: 5.163640
Train Epoch: 2 [23680/24148 (98%)]	Loss: 4.679543
Train Epoch: 2 [24000/24148 (99%)]	Loss: 4.839245

Test set: Average loss: 5.0565, Accuracy: 520/6037 (9%)

Train Epoch: 3 [0/24148 (0%)]	Loss: 4.930645
Train Epoch: 3 [320/24148 (1%)]	Loss: 5.020728
Train Epoch: 3 [640/24148 (3%)]	Loss: 4.926234
Train Epoch: 3 [960/24148 (4%)]	Loss: 4.431674
Train Epoch: 3 [1280/24148 (5%)]	Loss: 5.021397
Train Epoch: 3 [1600/24148 (7%)]	Loss: 4.991606
Train Epoch: 3 [1920/24148 (8%)]	Loss: 4.831109
Train Epoch: 3 [2240/24148 (9%)]	Loss: 4.935155
Train Epoch: 3 [2560/24148 (11%)]	Loss: 5.043294
Train Epoch: 3 [2880/24148 (12%)]	Loss: 4.843554
Train Epoch: 3 [3200/24148 (13%)]	Loss: 5.317301
Train Epoch: 3 [3520/24148 (15%)]	Loss: 5.251979
Train Epoch: 3 [3840/24148 (16%)]	Loss: 5.176027
Train Epoch: 3 [4160/24148 (17%)]	Loss: 4.895102
Train Epoch: 3 [4480/24148 (19%)]	Loss: 5.571800
Train Epoch: 3 [4800/24148 (20%)]	Loss: 4.904338
Train Epoch: 3 [5120/24148 (21%)]	Loss: 5.013672
Train Epoch: 3 [5440/24148 (23%)]	Loss: 4.887543
Train Epoch: 3 [5760/24148 (24%)]	Loss: 4.390669
Train Epoch: 3 [6080/24148 (25%)]	Loss: 4.796950
Train Epoch: 3 [6400/24148 (26%)]	Loss: 5.031446
Train Epoch: 3 [6720/24148 (28%)]	Loss: 4.720961
Train Epoch: 3 [7040/24148 (29%)]	Loss: 4.606841
Train Epoch: 3 [7360/24148 (30%)]	Loss: 4.984767
Train Epoch: 3 [7680/24148 (32%)]	Loss: 4.846572
Train Epoch: 3 [8000/24148 (33%)]	Loss: 4.873641
Train Epoch: 3 [8320/24148 (34%)]	Loss: 5.074912
Train Epoch: 3 [8640/24148 (36%)]	Loss: 4.945037
Train Epoch: 3 [8960/24148 (37%)]	Loss: 4.569520
Train Epoch: 3 [9280/24148 (38%)]	Loss: 5.195921
Train Epoch: 3 [9600/24148 (40%)]	Loss: 5.068442
Train Epoch: 3 [9920/24148 (41%)]	Loss: 4.643286
Train Epoch: 3 [10240/24148 (42%)]	Loss: 5.513706
Train Epoch: 3 [10560/24148 (44%)]	Loss: 4.631996
Train Epoch: 3 [10880/24148 (45%)]	Loss: 4.643234
Train Epoch: 3 [11200/24148 (46%)]	Loss: 4.484307
Train Epoch: 3 [11520/24148 (48%)]	Loss: 4.756721
Train Epoch: 3 [11840/24148 (49%)]	Loss: 5.220739
Train Epoch: 3 [12160/24148 (50%)]	Loss: 4.848501
Train Epoch: 3 [12480/24148 (52%)]	Loss: 4.698900
Train Epoch: 3 [12800/24148 (53%)]	Loss: 5.019132
Train Epoch: 3 [13120/24148 (54%)]	Loss: 4.390746
Train Epoch: 3 [13440/24148 (56%)]	Loss: 4.700848
Train Epoch: 3 [13760/24148 (57%)]	Loss: 4.818752
Train Epoch: 3 [14080/24148 (58%)]	Loss: 4.790036
Train Epoch: 3 [14400/24148 (60%)]	Loss: 5.343161
Train Epoch: 3 [14720/24148 (61%)]	Loss: 4.203961
Train Epoch: 3 [15040/24148 (62%)]	Loss: 5.075791
Train Epoch: 3 [15360/24148 (64%)]	Loss: 4.822213
Train Epoch: 3 [15680/24148 (65%)]	Loss: 4.787483
Train Epoch: 3 [16000/24148 (66%)]	Loss: 4.707257
Train Epoch: 3 [16320/24148 (68%)]	Loss: 4.796705
Train Epoch: 3 [16640/24148 (69%)]	Loss: 4.743099
Train Epoch: 3 [16960/24148 (70%)]	Loss: 4.958332
Train Epoch: 3 [17280/24148 (72%)]	Loss: 4.715862
Train Epoch: 3 [17600/24148 (73%)]	Loss: 5.041436
Train Epoch: 3 [17920/24148 (74%)]	Loss: 4.894223
Train Epoch: 3 [18240/24148 (75%)]	Loss: 5.187660
Train Epoch: 3 [18560/24148 (77%)]	Loss: 4.618707
Train Epoch: 3 [18880/24148 (78%)]	Loss: 4.577803
Train Epoch: 3 [19200/24148 (79%)]	Loss: 4.717498
Train Epoch: 3 [19520/24148 (81%)]	Loss: 5.059705
Train Epoch: 3 [19840/24148 (82%)]	Loss: 4.924720
Train Epoch: 3 [20160/24148 (83%)]	Loss: 4.355763
Train Epoch: 3 [20480/24148 (85%)]	Loss: 4.780268
Train Epoch: 3 [20800/24148 (86%)]	Loss: 4.585321
Train Epoch: 3 [21120/24148 (87%)]	Loss: 4.682616
Train Epoch: 3 [21440/24148 (89%)]	Loss: 4.604046
Train Epoch: 3 [21760/24148 (90%)]	Loss: 4.881007
Train Epoch: 3 [22080/24148 (91%)]	Loss: 4.796762
Train Epoch: 3 [22400/24148 (93%)]	Loss: 4.924983
Train Epoch: 3 [22720/24148 (94%)]	Loss: 5.134478
Train Epoch: 3 [23040/24148 (95%)]	Loss: 4.932645
Train Epoch: 3 [23360/24148 (97%)]	Loss: 4.666835
Train Epoch: 3 [23680/24148 (98%)]	Loss: 5.083040
Train Epoch: 3 [24000/24148 (99%)]	Loss: 4.612533

Test set: Average loss: 4.8521, Accuracy: 647/6037 (11%)

Train Epoch: 4 [0/24148 (0%)]	Loss: 4.499993
Train Epoch: 4 [320/24148 (1%)]	Loss: 5.114129
Train Epoch: 4 [640/24148 (3%)]	Loss: 4.936877
Train Epoch: 4 [960/24148 (4%)]	Loss: 4.363016
Train Epoch: 4 [1280/24148 (5%)]	Loss: 4.693418
Train Epoch: 4 [1600/24148 (7%)]	Loss: 4.860758
Train Epoch: 4 [1920/24148 (8%)]	Loss: 5.064198
Train Epoch: 4 [2240/24148 (9%)]	Loss: 4.539496
Train Epoch: 4 [2560/24148 (11%)]	Loss: 4.695260
Train Epoch: 4 [2880/24148 (12%)]	Loss: 4.622568
Train Epoch: 4 [3200/24148 (13%)]	Loss: 4.984571
Train Epoch: 4 [3520/24148 (15%)]	Loss: 4.000683
Train Epoch: 4 [3840/24148 (16%)]	Loss: 4.617189
Train Epoch: 4 [4160/24148 (17%)]	Loss: 4.969056
Train Epoch: 4 [4480/24148 (19%)]	Loss: 4.461377
Train Epoch: 4 [4800/24148 (20%)]	Loss: 4.102647
Train Epoch: 4 [5120/24148 (21%)]	Loss: 5.142056
Train Epoch: 4 [5440/24148 (23%)]	Loss: 4.937909
Train Epoch: 4 [5760/24148 (24%)]	Loss: 4.738574
Train Epoch: 4 [6080/24148 (25%)]	Loss: 4.703167
Train Epoch: 4 [6400/24148 (26%)]	Loss: 4.784785
Train Epoch: 4 [6720/24148 (28%)]	Loss: 4.835508
Train Epoch: 4 [7040/24148 (29%)]	Loss: 4.797691
Train Epoch: 4 [7360/24148 (30%)]	Loss: 4.305619
Train Epoch: 4 [7680/24148 (32%)]	Loss: 4.729390
Train Epoch: 4 [8000/24148 (33%)]	Loss: 4.674594
Train Epoch: 4 [8320/24148 (34%)]	Loss: 4.508779
Train Epoch: 4 [8640/24148 (36%)]	Loss: 5.043720
Train Epoch: 4 [8960/24148 (37%)]	Loss: 4.838158
Train Epoch: 4 [9280/24148 (38%)]	Loss: 4.101711
Train Epoch: 4 [9600/24148 (40%)]	Loss: 4.478658
Train Epoch: 4 [9920/24148 (41%)]	Loss: 4.568173
Train Epoch: 4 [10240/24148 (42%)]	Loss: 4.825401
Train Epoch: 4 [10560/24148 (44%)]	Loss: 4.858475
Train Epoch: 4 [10880/24148 (45%)]	Loss: 4.517645
Train Epoch: 4 [11200/24148 (46%)]	Loss: 4.872058
Train Epoch: 4 [11520/24148 (48%)]	Loss: 4.823363
Train Epoch: 4 [11840/24148 (49%)]	Loss: 4.644088
Train Epoch: 4 [12160/24148 (50%)]	Loss: 4.925415
Train Epoch: 4 [12480/24148 (52%)]	Loss: 5.132831
Train Epoch: 4 [12800/24148 (53%)]	Loss: 4.491804
Train Epoch: 4 [13120/24148 (54%)]	Loss: 4.793496
Train Epoch: 4 [13440/24148 (56%)]	Loss: 4.947018
Train Epoch: 4 [13760/24148 (57%)]	Loss: 4.820002
Train Epoch: 4 [14080/24148 (58%)]	Loss: 4.500517
Train Epoch: 4 [14400/24148 (60%)]	Loss: 4.530892
Train Epoch: 4 [14720/24148 (61%)]	Loss: 4.411682
Train Epoch: 4 [15040/24148 (62%)]	Loss: 4.154108
Train Epoch: 4 [15360/24148 (64%)]	Loss: 4.852581
Train Epoch: 4 [15680/24148 (65%)]	Loss: 4.679534
Train Epoch: 4 [16000/24148 (66%)]	Loss: 4.541416
Train Epoch: 4 [16320/24148 (68%)]	Loss: 4.563478
Train Epoch: 4 [16640/24148 (69%)]	Loss: 4.989825
Train Epoch: 4 [16960/24148 (70%)]	Loss: 4.472678
Train Epoch: 4 [17280/24148 (72%)]	Loss: 4.760484
Train Epoch: 4 [17600/24148 (73%)]	Loss: 4.837745
Train Epoch: 4 [17920/24148 (74%)]	Loss: 4.793089
Train Epoch: 4 [18240/24148 (75%)]	Loss: 4.760865
Train Epoch: 4 [18560/24148 (77%)]	Loss: 4.915772
Train Epoch: 4 [18880/24148 (78%)]	Loss: 4.804621
Train Epoch: 4 [19200/24148 (79%)]	Loss: 4.556064
Train Epoch: 4 [19520/24148 (81%)]	Loss: 4.272578
Train Epoch: 4 [19840/24148 (82%)]	Loss: 4.764915
Train Epoch: 4 [20160/24148 (83%)]	Loss: 4.560725
Train Epoch: 4 [20480/24148 (85%)]	Loss: 4.765350
Train Epoch: 4 [20800/24148 (86%)]	Loss: 4.890979
Train Epoch: 4 [21120/24148 (87%)]	Loss: 4.401911
Train Epoch: 4 [21440/24148 (89%)]	Loss: 4.045428
Train Epoch: 4 [21760/24148 (90%)]	Loss: 4.623002
Train Epoch: 4 [22080/24148 (91%)]	Loss: 4.817399
Train Epoch: 4 [22400/24148 (93%)]	Loss: 4.551314
Train Epoch: 4 [22720/24148 (94%)]	Loss: 4.834893
Train Epoch: 4 [23040/24148 (95%)]	Loss: 4.135157
Train Epoch: 4 [23360/24148 (97%)]	Loss: 4.760859
Train Epoch: 4 [23680/24148 (98%)]	Loss: 4.467271
Train Epoch: 4 [24000/24148 (99%)]	Loss: 4.616925

Test set: Average loss: 4.7162, Accuracy: 718/6037 (12%)

Train Epoch: 5 [0/24148 (0%)]	Loss: 4.494819
Train Epoch: 5 [320/24148 (1%)]	Loss: 4.643713
Train Epoch: 5 [640/24148 (3%)]	Loss: 4.336648
Train Epoch: 5 [960/24148 (4%)]	Loss: 4.911887
Train Epoch: 5 [1280/24148 (5%)]	Loss: 4.265632
Train Epoch: 5 [1600/24148 (7%)]	Loss: 4.727359
Train Epoch: 5 [1920/24148 (8%)]	Loss: 4.778658
Train Epoch: 5 [2240/24148 (9%)]	Loss: 4.535419
Train Epoch: 5 [2560/24148 (11%)]	Loss: 4.409734
Train Epoch: 5 [2880/24148 (12%)]	Loss: 4.952911
Train Epoch: 5 [3200/24148 (13%)]	Loss: 5.180222
Train Epoch: 5 [3520/24148 (15%)]	Loss: 4.683208
Train Epoch: 5 [3840/24148 (16%)]	Loss: 4.566482
Train Epoch: 5 [4160/24148 (17%)]	Loss: 4.789836
Train Epoch: 5 [4480/24148 (19%)]	Loss: 4.638771
Train Epoch: 5 [4800/24148 (20%)]	Loss: 4.716659
Train Epoch: 5 [5120/24148 (21%)]	Loss: 4.006112
Train Epoch: 5 [5440/24148 (23%)]	Loss: 4.231546
Train Epoch: 5 [5760/24148 (24%)]	Loss: 4.229977
Train Epoch: 5 [6080/24148 (25%)]	Loss: 4.371125
Train Epoch: 5 [6400/24148 (26%)]	Loss: 4.351970
Train Epoch: 5 [6720/24148 (28%)]	Loss: 4.857718
Train Epoch: 5 [7040/24148 (29%)]	Loss: 5.208405
Train Epoch: 5 [7360/24148 (30%)]	Loss: 4.271786
Train Epoch: 5 [7680/24148 (32%)]	Loss: 4.704186
Train Epoch: 5 [8000/24148 (33%)]	Loss: 4.763110
Train Epoch: 5 [8320/24148 (34%)]	Loss: 4.309025
Train Epoch: 5 [8640/24148 (36%)]	Loss: 4.706837
Train Epoch: 5 [8960/24148 (37%)]	Loss: 4.379618
Train Epoch: 5 [9280/24148 (38%)]	Loss: 4.247232
Train Epoch: 5 [9600/24148 (40%)]	Loss: 4.525883
Train Epoch: 5 [9920/24148 (41%)]	Loss: 4.422699
Train Epoch: 5 [10240/24148 (42%)]	Loss: 4.964817
Train Epoch: 5 [10560/24148 (44%)]	Loss: 4.769426
Train Epoch: 5 [10880/24148 (45%)]	Loss: 5.002344
Train Epoch: 5 [11200/24148 (46%)]	Loss: 4.750534
Train Epoch: 5 [11520/24148 (48%)]	Loss: 4.391759
Train Epoch: 5 [11840/24148 (49%)]	Loss: 4.502025
Train Epoch: 5 [12160/24148 (50%)]	Loss: 4.524359
Train Epoch: 5 [12480/24148 (52%)]	Loss: 4.761355
Train Epoch: 5 [12800/24148 (53%)]	Loss: 4.788280
Train Epoch: 5 [13120/24148 (54%)]	Loss: 4.403892
Train Epoch: 5 [13440/24148 (56%)]	Loss: 4.503283
Train Epoch: 5 [13760/24148 (57%)]	Loss: 4.852512
Train Epoch: 5 [14080/24148 (58%)]	Loss: 4.672471
Train Epoch: 5 [14400/24148 (60%)]	Loss: 4.790705
Train Epoch: 5 [14720/24148 (61%)]	Loss: 4.998993
Train Epoch: 5 [15040/24148 (62%)]	Loss: 4.975271
Train Epoch: 5 [15360/24148 (64%)]	Loss: 4.654339
Train Epoch: 5 [15680/24148 (65%)]	Loss: 4.190856
Train Epoch: 5 [16000/24148 (66%)]	Loss: 4.637953
Train Epoch: 5 [16320/24148 (68%)]	Loss: 4.340237
Train Epoch: 5 [16640/24148 (69%)]	Loss: 4.085092
Train Epoch: 5 [16960/24148 (70%)]	Loss: 4.796055
Train Epoch: 5 [17280/24148 (72%)]	Loss: 4.902155
Train Epoch: 5 [17600/24148 (73%)]	Loss: 4.279726
Train Epoch: 5 [17920/24148 (74%)]	Loss: 4.634313
Train Epoch: 5 [18240/24148 (75%)]	Loss: 4.699388
Train Epoch: 5 [18560/24148 (77%)]	Loss: 4.430636
Train Epoch: 5 [18880/24148 (78%)]	Loss: 4.545080
Train Epoch: 5 [19200/24148 (79%)]	Loss: 4.638906
Train Epoch: 5 [19520/24148 (81%)]	Loss: 4.664433
Train Epoch: 5 [19840/24148 (82%)]	Loss: 4.407104
Train Epoch: 5 [20160/24148 (83%)]	Loss: 4.630084
Train Epoch: 5 [20480/24148 (85%)]	Loss: 4.625873
Train Epoch: 5 [20800/24148 (86%)]	Loss: 4.134749
Train Epoch: 5 [21120/24148 (87%)]	Loss: 4.770151
Train Epoch: 5 [21440/24148 (89%)]	Loss: 4.633911
Train Epoch: 5 [21760/24148 (90%)]	Loss: 4.465364
Train Epoch: 5 [22080/24148 (91%)]	Loss: 4.788209
Train Epoch: 5 [22400/24148 (93%)]	Loss: 4.816315
Train Epoch: 5 [22720/24148 (94%)]	Loss: 4.581717
Train Epoch: 5 [23040/24148 (95%)]	Loss: 4.259195
Train Epoch: 5 [23360/24148 (97%)]	Loss: 4.747217
Train Epoch: 5 [23680/24148 (98%)]	Loss: 4.821266
Train Epoch: 5 [24000/24148 (99%)]	Loss: 4.672777

Test set: Average loss: 4.6487, Accuracy: 772/6037 (13%)

Train Epoch: 6 [0/24148 (0%)]	Loss: 4.187310
Train Epoch: 6 [320/24148 (1%)]	Loss: 4.249519
Train Epoch: 6 [640/24148 (3%)]	Loss: 4.134408
Train Epoch: 6 [960/24148 (4%)]	Loss: 4.548288
Train Epoch: 6 [1280/24148 (5%)]	Loss: 4.559255
Train Epoch: 6 [1600/24148 (7%)]	Loss: 4.351582
Train Epoch: 6 [1920/24148 (8%)]	Loss: 4.516711
Train Epoch: 6 [2240/24148 (9%)]	Loss: 4.382329
Train Epoch: 6 [2560/24148 (11%)]	Loss: 3.816268
Train Epoch: 6 [2880/24148 (12%)]	Loss: 4.501498
Train Epoch: 6 [3200/24148 (13%)]	Loss: 4.145817
Train Epoch: 6 [3520/24148 (15%)]	Loss: 4.233217
Train Epoch: 6 [3840/24148 (16%)]	Loss: 4.832158
Train Epoch: 6 [4160/24148 (17%)]	Loss: 4.878785
Train Epoch: 6 [4480/24148 (19%)]	Loss: 4.947711
Train Epoch: 6 [4800/24148 (20%)]	Loss: 4.033482
Train Epoch: 6 [5120/24148 (21%)]	Loss: 4.436209
Train Epoch: 6 [5440/24148 (23%)]	Loss: 4.052085
Train Epoch: 6 [5760/24148 (24%)]	Loss: 4.278427
Train Epoch: 6 [6080/24148 (25%)]	Loss: 3.977693
Train Epoch: 6 [6400/24148 (26%)]	Loss: 4.607671
Train Epoch: 6 [6720/24148 (28%)]	Loss: 4.313025
Train Epoch: 6 [7040/24148 (29%)]	Loss: 4.356693
Train Epoch: 6 [7360/24148 (30%)]	Loss: 4.048438
Train Epoch: 6 [7680/24148 (32%)]	Loss: 4.387703
Train Epoch: 6 [8000/24148 (33%)]	Loss: 4.438616
Train Epoch: 6 [8320/24148 (34%)]	Loss: 4.170756
Train Epoch: 6 [8640/24148 (36%)]	Loss: 3.735958
Train Epoch: 6 [8960/24148 (37%)]	Loss: 4.535210
Train Epoch: 6 [9280/24148 (38%)]	Loss: 4.869728
Train Epoch: 6 [9600/24148 (40%)]	Loss: 4.499791
Train Epoch: 6 [9920/24148 (41%)]	Loss: 4.144691
Train Epoch: 6 [10240/24148 (42%)]	Loss: 3.949665
Train Epoch: 6 [10560/24148 (44%)]	Loss: 4.556108
Train Epoch: 6 [10880/24148 (45%)]	Loss: 4.682094
Train Epoch: 6 [11200/24148 (46%)]	Loss: 4.398760
Train Epoch: 6 [11520/24148 (48%)]	Loss: 4.720420
Train Epoch: 6 [11840/24148 (49%)]	Loss: 4.041261
Train Epoch: 6 [12160/24148 (50%)]	Loss: 4.684779
Train Epoch: 6 [12480/24148 (52%)]	Loss: 4.454211
Train Epoch: 6 [12800/24148 (53%)]	Loss: 3.937445
Train Epoch: 6 [13120/24148 (54%)]	Loss: 4.392836
Train Epoch: 6 [13440/24148 (56%)]	Loss: 4.712943
Train Epoch: 6 [13760/24148 (57%)]	Loss: 4.395369
Train Epoch: 6 [14080/24148 (58%)]	Loss: 4.645610
Train Epoch: 6 [14400/24148 (60%)]	Loss: 4.575257
Train Epoch: 6 [14720/24148 (61%)]	Loss: 4.091338
Train Epoch: 6 [15040/24148 (62%)]	Loss: 4.558923
Train Epoch: 6 [15360/24148 (64%)]	Loss: 4.007610
Train Epoch: 6 [15680/24148 (65%)]	Loss: 4.852437
Train Epoch: 6 [16000/24148 (66%)]	Loss: 4.247305
Train Epoch: 6 [16320/24148 (68%)]	Loss: 4.805655
Train Epoch: 6 [16640/24148 (69%)]	Loss: 4.408122
Train Epoch: 6 [16960/24148 (70%)]	Loss: 4.455653
Train Epoch: 6 [17280/24148 (72%)]	Loss: 3.882620
Train Epoch: 6 [17600/24148 (73%)]	Loss: 4.215551
Train Epoch: 6 [17920/24148 (74%)]	Loss: 4.086097
Train Epoch: 6 [18240/24148 (75%)]	Loss: 4.073915
Train Epoch: 6 [18560/24148 (77%)]	Loss: 4.710403
Train Epoch: 6 [18880/24148 (78%)]	Loss: 4.648853
Train Epoch: 6 [19200/24148 (79%)]	Loss: 4.559762
Train Epoch: 6 [19520/24148 (81%)]	Loss: 4.295719
Train Epoch: 6 [19840/24148 (82%)]	Loss: 4.103256
Train Epoch: 6 [20160/24148 (83%)]	Loss: 4.233454
Train Epoch: 6 [20480/24148 (85%)]	Loss: 3.844352
Train Epoch: 6 [20800/24148 (86%)]	Loss: 4.856230
Train Epoch: 6 [21120/24148 (87%)]	Loss: 4.377568
Train Epoch: 6 [21440/24148 (89%)]	Loss: 4.355147
Train Epoch: 6 [21760/24148 (90%)]	Loss: 4.234512
Train Epoch: 6 [22080/24148 (91%)]	Loss: 3.737546
Train Epoch: 6 [22400/24148 (93%)]	Loss: 4.881800
Train Epoch: 6 [22720/24148 (94%)]	Loss: 4.517486
Train Epoch: 6 [23040/24148 (95%)]	Loss: 4.030530
Train Epoch: 6 [23360/24148 (97%)]	Loss: 4.108394
Train Epoch: 6 [23680/24148 (98%)]	Loss: 4.620286
Train Epoch: 6 [24000/24148 (99%)]	Loss: 4.601434

Test set: Average loss: 4.5445, Accuracy: 864/6037 (14%)

Train Epoch: 7 [0/24148 (0%)]	Loss: 4.251839
Train Epoch: 7 [320/24148 (1%)]	Loss: 4.434952
Train Epoch: 7 [640/24148 (3%)]	Loss: 4.648569
Train Epoch: 7 [960/24148 (4%)]	Loss: 4.577963
Train Epoch: 7 [1280/24148 (5%)]	Loss: 4.439860
Train Epoch: 7 [1600/24148 (7%)]	Loss: 4.175436
Train Epoch: 7 [1920/24148 (8%)]	Loss: 4.188223
Train Epoch: 7 [2240/24148 (9%)]	Loss: 4.543409
Train Epoch: 7 [2560/24148 (11%)]	Loss: 3.940704
Train Epoch: 7 [2880/24148 (12%)]	Loss: 4.476391
Train Epoch: 7 [3200/24148 (13%)]	Loss: 4.467346
Train Epoch: 7 [3520/24148 (15%)]	Loss: 4.941412
Train Epoch: 7 [3840/24148 (16%)]	Loss: 4.296312
Train Epoch: 7 [4160/24148 (17%)]	Loss: 4.894361
Train Epoch: 7 [4480/24148 (19%)]	Loss: 4.269851
Train Epoch: 7 [4800/24148 (20%)]	Loss: 4.275008
Train Epoch: 7 [5120/24148 (21%)]	Loss: 4.399173
Train Epoch: 7 [5440/24148 (23%)]	Loss: 4.190339
Train Epoch: 7 [5760/24148 (24%)]	Loss: 4.122954
Train Epoch: 7 [6080/24148 (25%)]	Loss: 4.300333
Train Epoch: 7 [6400/24148 (26%)]	Loss: 4.095461
Train Epoch: 7 [6720/24148 (28%)]	Loss: 4.214788
Train Epoch: 7 [7040/24148 (29%)]	Loss: 4.336887
Train Epoch: 7 [7360/24148 (30%)]	Loss: 4.625267
Train Epoch: 7 [7680/24148 (32%)]	Loss: 4.238796
Train Epoch: 7 [8000/24148 (33%)]	Loss: 5.325679
Train Epoch: 7 [8320/24148 (34%)]	Loss: 4.366867
Train Epoch: 7 [8640/24148 (36%)]	Loss: 4.380504
Train Epoch: 7 [8960/24148 (37%)]	Loss: 4.358462
Train Epoch: 7 [9280/24148 (38%)]	Loss: 4.091510
Train Epoch: 7 [9600/24148 (40%)]	Loss: 4.479094
Train Epoch: 7 [9920/24148 (41%)]	Loss: 4.535425
Train Epoch: 7 [10240/24148 (42%)]	Loss: 4.119316
Train Epoch: 7 [10560/24148 (44%)]	Loss: 4.438771
Train Epoch: 7 [10880/24148 (45%)]	Loss: 4.235025
Train Epoch: 7 [11200/24148 (46%)]	Loss: 4.356460
Train Epoch: 7 [11520/24148 (48%)]	Loss: 3.324586
Train Epoch: 7 [11840/24148 (49%)]	Loss: 4.198802
Train Epoch: 7 [12160/24148 (50%)]	Loss: 4.376342
Train Epoch: 7 [12480/24148 (52%)]	Loss: 4.283986
Train Epoch: 7 [12800/24148 (53%)]	Loss: 4.527352
Train Epoch: 7 [13120/24148 (54%)]	Loss: 3.900272
Train Epoch: 7 [13440/24148 (56%)]	Loss: 4.482103
Train Epoch: 7 [13760/24148 (57%)]	Loss: 4.230787
Train Epoch: 7 [14080/24148 (58%)]	Loss: 3.730175
Train Epoch: 7 [14400/24148 (60%)]	Loss: 4.565084
Train Epoch: 7 [14720/24148 (61%)]	Loss: 3.815057
Train Epoch: 7 [15040/24148 (62%)]	Loss: 3.683527
Train Epoch: 7 [15360/24148 (64%)]	Loss: 4.049261
Train Epoch: 7 [15680/24148 (65%)]	Loss: 4.253188
Train Epoch: 7 [16000/24148 (66%)]	Loss: 4.519221
Train Epoch: 7 [16320/24148 (68%)]	Loss: 4.340001
Train Epoch: 7 [16640/24148 (69%)]	Loss: 3.989304
Train Epoch: 7 [16960/24148 (70%)]	Loss: 3.647770
Train Epoch: 7 [17280/24148 (72%)]	Loss: 4.731294
Train Epoch: 7 [17600/24148 (73%)]	Loss: 3.925859
Train Epoch: 7 [17920/24148 (74%)]	Loss: 4.094311
Train Epoch: 7 [18240/24148 (75%)]	Loss: 4.403764
Train Epoch: 7 [18560/24148 (77%)]	Loss: 4.410993
Train Epoch: 7 [18880/24148 (78%)]	Loss: 4.076630
Train Epoch: 7 [19200/24148 (79%)]	Loss: 3.964525
Train Epoch: 7 [19520/24148 (81%)]	Loss: 4.050881
Train Epoch: 7 [19840/24148 (82%)]	Loss: 4.388195
Train Epoch: 7 [20160/24148 (83%)]	Loss: 4.501857
Train Epoch: 7 [20480/24148 (85%)]	Loss: 3.958354
Train Epoch: 7 [20800/24148 (86%)]	Loss: 3.722034
Train Epoch: 7 [21120/24148 (87%)]	Loss: 4.655402
Train Epoch: 7 [21440/24148 (89%)]	Loss: 4.457792
Train Epoch: 7 [21760/24148 (90%)]	Loss: 4.482897
Train Epoch: 7 [22080/24148 (91%)]	Loss: 4.182106
Train Epoch: 7 [22400/24148 (93%)]	Loss: 4.434000
Train Epoch: 7 [22720/24148 (94%)]	Loss: 4.722327
Train Epoch: 7 [23040/24148 (95%)]	Loss: 4.054755
Train Epoch: 7 [23360/24148 (97%)]	Loss: 4.687582
Train Epoch: 7 [23680/24148 (98%)]	Loss: 4.017025
Train Epoch: 7 [24000/24148 (99%)]	Loss: 3.880611

Test set: Average loss: 4.4835, Accuracy: 907/6037 (15%)

Train Epoch: 8 [0/24148 (0%)]	Loss: 3.996106
Train Epoch: 8 [320/24148 (1%)]	Loss: 4.431769
Train Epoch: 8 [640/24148 (3%)]	Loss: 3.917051
Train Epoch: 8 [960/24148 (4%)]	Loss: 4.219522
Train Epoch: 8 [1280/24148 (5%)]	Loss: 3.559815
Train Epoch: 8 [1600/24148 (7%)]	Loss: 4.311705
Train Epoch: 8 [1920/24148 (8%)]	Loss: 4.117450
Train Epoch: 8 [2240/24148 (9%)]	Loss: 4.371218
Train Epoch: 8 [2560/24148 (11%)]	Loss: 4.073398
Train Epoch: 8 [2880/24148 (12%)]	Loss: 3.613858
Train Epoch: 8 [3200/24148 (13%)]	Loss: 4.094638
Train Epoch: 8 [3520/24148 (15%)]	Loss: 4.091820
Train Epoch: 8 [3840/24148 (16%)]	Loss: 4.279572
Train Epoch: 8 [4160/24148 (17%)]	Loss: 3.337083
Train Epoch: 8 [4480/24148 (19%)]	Loss: 3.879367
Train Epoch: 8 [4800/24148 (20%)]	Loss: 3.508632
Train Epoch: 8 [5120/24148 (21%)]	Loss: 4.159349
Train Epoch: 8 [5440/24148 (23%)]	Loss: 3.978023
Train Epoch: 8 [5760/24148 (24%)]	Loss: 3.768833
Train Epoch: 8 [6080/24148 (25%)]	Loss: 4.287501
Train Epoch: 8 [6400/24148 (26%)]	Loss: 3.927585
Train Epoch: 8 [6720/24148 (28%)]	Loss: 4.248508
Train Epoch: 8 [7040/24148 (29%)]	Loss: 3.928825
Train Epoch: 8 [7360/24148 (30%)]	Loss: 3.897424
Train Epoch: 8 [7680/24148 (32%)]	Loss: 4.533094
Train Epoch: 8 [8000/24148 (33%)]	Loss: 4.205832
Train Epoch: 8 [8320/24148 (34%)]	Loss: 4.144302
Train Epoch: 8 [8640/24148 (36%)]	Loss: 3.577401
Train Epoch: 8 [8960/24148 (37%)]	Loss: 4.417120
Train Epoch: 8 [9280/24148 (38%)]	Loss: 3.790211
Train Epoch: 8 [9600/24148 (40%)]	Loss: 4.162193
Train Epoch: 8 [9920/24148 (41%)]	Loss: 3.966237
Train Epoch: 8 [10240/24148 (42%)]	Loss: 3.863593
Train Epoch: 8 [10560/24148 (44%)]	Loss: 4.376814
Train Epoch: 8 [10880/24148 (45%)]	Loss: 4.596606
Train Epoch: 8 [11200/24148 (46%)]	Loss: 3.821590
Train Epoch: 8 [11520/24148 (48%)]	Loss: 4.321894
Train Epoch: 8 [11840/24148 (49%)]	Loss: 3.579817
Train Epoch: 8 [12160/24148 (50%)]	Loss: 4.056294
Train Epoch: 8 [12480/24148 (52%)]	Loss: 4.583125
Train Epoch: 8 [12800/24148 (53%)]	Loss: 4.630879
Train Epoch: 8 [13120/24148 (54%)]	Loss: 3.816644
Train Epoch: 8 [13440/24148 (56%)]	Loss: 4.639959
Train Epoch: 8 [13760/24148 (57%)]	Loss: 3.579383
Train Epoch: 8 [14080/24148 (58%)]	Loss: 4.318348
Train Epoch: 8 [14400/24148 (60%)]	Loss: 4.367970
Train Epoch: 8 [14720/24148 (61%)]	Loss: 4.073903
Train Epoch: 8 [15040/24148 (62%)]	Loss: 4.284072
Train Epoch: 8 [15360/24148 (64%)]	Loss: 4.146062
Train Epoch: 8 [15680/24148 (65%)]	Loss: 3.929632
Train Epoch: 8 [16000/24148 (66%)]	Loss: 4.157238
Train Epoch: 8 [16320/24148 (68%)]	Loss: 4.106270
Train Epoch: 8 [16640/24148 (69%)]	Loss: 4.071049
Train Epoch: 8 [16960/24148 (70%)]	Loss: 4.427518
Train Epoch: 8 [17280/24148 (72%)]	Loss: 4.171487
Train Epoch: 8 [17600/24148 (73%)]	Loss: 4.453438
Train Epoch: 8 [17920/24148 (74%)]	Loss: 4.023665
Train Epoch: 8 [18240/24148 (75%)]	Loss: 4.208121
Train Epoch: 8 [18560/24148 (77%)]	Loss: 4.065050
Train Epoch: 8 [18880/24148 (78%)]	Loss: 3.783006
Train Epoch: 8 [19200/24148 (79%)]	Loss: 4.280652
Train Epoch: 8 [19520/24148 (81%)]	Loss: 4.356050
Train Epoch: 8 [19840/24148 (82%)]	Loss: 3.829626
Train Epoch: 8 [20160/24148 (83%)]	Loss: 4.099459
Train Epoch: 8 [20480/24148 (85%)]	Loss: 4.200452
Train Epoch: 8 [20800/24148 (86%)]	Loss: 4.505174
Train Epoch: 8 [21120/24148 (87%)]	Loss: 3.957620
Train Epoch: 8 [21440/24148 (89%)]	Loss: 4.326893
Train Epoch: 8 [21760/24148 (90%)]	Loss: 4.243303
Train Epoch: 8 [22080/24148 (91%)]	Loss: 4.226609
Train Epoch: 8 [22400/24148 (93%)]	Loss: 4.555634
Train Epoch: 8 [22720/24148 (94%)]	Loss: 3.794311
Train Epoch: 8 [23040/24148 (95%)]	Loss: 4.013512
Train Epoch: 8 [23360/24148 (97%)]	Loss: 3.902849
Train Epoch: 8 [23680/24148 (98%)]	Loss: 4.010942
Train Epoch: 8 [24000/24148 (99%)]	Loss: 3.863683

Test set: Average loss: 4.4321, Accuracy: 980/6037 (16%)

Train Epoch: 9 [0/24148 (0%)]	Loss: 4.529641
Train Epoch: 9 [320/24148 (1%)]	Loss: 3.951017
Train Epoch: 9 [640/24148 (3%)]	Loss: 4.578308
Train Epoch: 9 [960/24148 (4%)]	Loss: 4.751863
Train Epoch: 9 [1280/24148 (5%)]	Loss: 3.517504
Train Epoch: 9 [1600/24148 (7%)]	Loss: 3.618431
Train Epoch: 9 [1920/24148 (8%)]	Loss: 4.345735
Train Epoch: 9 [2240/24148 (9%)]	Loss: 3.465061
Train Epoch: 9 [2560/24148 (11%)]	Loss: 4.537252
Train Epoch: 9 [2880/24148 (12%)]	Loss: 3.677385
Train Epoch: 9 [3200/24148 (13%)]	Loss: 3.845948
Train Epoch: 9 [3520/24148 (15%)]	Loss: 4.140398
Train Epoch: 9 [3840/24148 (16%)]	Loss: 3.925402
Train Epoch: 9 [4160/24148 (17%)]	Loss: 3.515759
Train Epoch: 9 [4480/24148 (19%)]	Loss: 3.552948
Train Epoch: 9 [4800/24148 (20%)]	Loss: 3.861850
Train Epoch: 9 [5120/24148 (21%)]	Loss: 4.040956
Train Epoch: 9 [5440/24148 (23%)]	Loss: 3.611044
Train Epoch: 9 [5760/24148 (24%)]	Loss: 4.142864
Train Epoch: 9 [6080/24148 (25%)]	Loss: 3.999933
Train Epoch: 9 [6400/24148 (26%)]	Loss: 4.114594
Train Epoch: 9 [6720/24148 (28%)]	Loss: 3.972739
Train Epoch: 9 [7040/24148 (29%)]	Loss: 3.832362
Train Epoch: 9 [7360/24148 (30%)]	Loss: 4.304718
Train Epoch: 9 [7680/24148 (32%)]	Loss: 3.957133
Train Epoch: 9 [8000/24148 (33%)]	Loss: 3.695405
Train Epoch: 9 [8320/24148 (34%)]	Loss: 3.635773
Train Epoch: 9 [8640/24148 (36%)]	Loss: 4.127462
Train Epoch: 9 [8960/24148 (37%)]	Loss: 3.915037
Train Epoch: 9 [9280/24148 (38%)]	Loss: 4.006385
Train Epoch: 9 [9600/24148 (40%)]	Loss: 4.353983
Train Epoch: 9 [9920/24148 (41%)]	Loss: 3.650221
Train Epoch: 9 [10240/24148 (42%)]	Loss: 4.057488
Train Epoch: 9 [10560/24148 (44%)]	Loss: 3.616891
Train Epoch: 9 [10880/24148 (45%)]	Loss: 4.254409
Train Epoch: 9 [11200/24148 (46%)]	Loss: 4.017073
Train Epoch: 9 [11520/24148 (48%)]	Loss: 3.840079
Train Epoch: 9 [11840/24148 (49%)]	Loss: 3.973939
Train Epoch: 9 [12160/24148 (50%)]	Loss: 3.867077
Train Epoch: 9 [12480/24148 (52%)]	Loss: 4.058070
Train Epoch: 9 [12800/24148 (53%)]	Loss: 4.133233
Train Epoch: 9 [13120/24148 (54%)]	Loss: 3.793960
Train Epoch: 9 [13440/24148 (56%)]	Loss: 4.544447
Train Epoch: 9 [13760/24148 (57%)]	Loss: 4.482100
Train Epoch: 9 [14080/24148 (58%)]	Loss: 4.470296
Train Epoch: 9 [14400/24148 (60%)]	Loss: 4.511844
Train Epoch: 9 [14720/24148 (61%)]	Loss: 4.053820
Train Epoch: 9 [15040/24148 (62%)]	Loss: 3.973563
Train Epoch: 9 [15360/24148 (64%)]	Loss: 3.322331
Train Epoch: 9 [15680/24148 (65%)]	Loss: 3.941380
Train Epoch: 9 [16000/24148 (66%)]	Loss: 3.846194
Train Epoch: 9 [16320/24148 (68%)]	Loss: 4.521194
Train Epoch: 9 [16640/24148 (69%)]	Loss: 3.980146
Train Epoch: 9 [16960/24148 (70%)]	Loss: 3.853590
Train Epoch: 9 [17280/24148 (72%)]	Loss: 3.633455
Train Epoch: 9 [17600/24148 (73%)]	Loss: 3.914557
Train Epoch: 9 [17920/24148 (74%)]	Loss: 4.129192
Train Epoch: 9 [18240/24148 (75%)]	Loss: 3.965946
Train Epoch: 9 [18560/24148 (77%)]	Loss: 3.930530
Train Epoch: 9 [18880/24148 (78%)]	Loss: 4.625716
Train Epoch: 9 [19200/24148 (79%)]	Loss: 4.274960
Train Epoch: 9 [19520/24148 (81%)]	Loss: 3.664673
Train Epoch: 9 [19840/24148 (82%)]	Loss: 3.793821
Train Epoch: 9 [20160/24148 (83%)]	Loss: 3.874317
Train Epoch: 9 [20480/24148 (85%)]	Loss: 4.367288
Train Epoch: 9 [20800/24148 (86%)]	Loss: 3.688149
Train Epoch: 9 [21120/24148 (87%)]	Loss: 4.391636
Train Epoch: 9 [21440/24148 (89%)]	Loss: 3.459274
Train Epoch: 9 [21760/24148 (90%)]	Loss: 3.936946
Train Epoch: 9 [22080/24148 (91%)]	Loss: 4.138296
Train Epoch: 9 [22400/24148 (93%)]	Loss: 4.230772
Train Epoch: 9 [22720/24148 (94%)]	Loss: 3.655030
Train Epoch: 9 [23040/24148 (95%)]	Loss: 3.752018
Train Epoch: 9 [23360/24148 (97%)]	Loss: 4.430187
Train Epoch: 9 [23680/24148 (98%)]	Loss: 4.123199
Train Epoch: 9 [24000/24148 (99%)]	Loss: 3.681554

Test set: Average loss: 4.3971, Accuracy: 1002/6037 (17%)

Train Epoch: 10 [0/24148 (0%)]	Loss: 4.164143
Train Epoch: 10 [320/24148 (1%)]	Loss: 3.725582
Train Epoch: 10 [640/24148 (3%)]	Loss: 3.504770
Train Epoch: 10 [960/24148 (4%)]	Loss: 3.779027
Train Epoch: 10 [1280/24148 (5%)]	Loss: 4.096918
Train Epoch: 10 [1600/24148 (7%)]	Loss: 3.770509
Train Epoch: 10 [1920/24148 (8%)]	Loss: 3.978958
Train Epoch: 10 [2240/24148 (9%)]	Loss: 3.888424
Train Epoch: 10 [2560/24148 (11%)]	Loss: 4.018156
Train Epoch: 10 [2880/24148 (12%)]	Loss: 3.954573
Train Epoch: 10 [3200/24148 (13%)]	Loss: 3.600892
Train Epoch: 10 [3520/24148 (15%)]	Loss: 4.341224
Train Epoch: 10 [3840/24148 (16%)]	Loss: 3.943502
Train Epoch: 10 [4160/24148 (17%)]	Loss: 4.485404
Train Epoch: 10 [4480/24148 (19%)]	Loss: 3.969195
Train Epoch: 10 [4800/24148 (20%)]	Loss: 4.177881
Train Epoch: 10 [5120/24148 (21%)]	Loss: 4.134841
Train Epoch: 10 [5440/24148 (23%)]	Loss: 3.525712
Train Epoch: 10 [5760/24148 (24%)]	Loss: 3.830821
Train Epoch: 10 [6080/24148 (25%)]	Loss: 4.440730
Train Epoch: 10 [6400/24148 (26%)]	Loss: 3.881413
Train Epoch: 10 [6720/24148 (28%)]	Loss: 3.650975
Train Epoch: 10 [7040/24148 (29%)]	Loss: 3.884528
Train Epoch: 10 [7360/24148 (30%)]	Loss: 3.490608
Train Epoch: 10 [7680/24148 (32%)]	Loss: 3.574013
Train Epoch: 10 [8000/24148 (33%)]	Loss: 4.554024
Train Epoch: 10 [8320/24148 (34%)]	Loss: 3.907707
Train Epoch: 10 [8640/24148 (36%)]	Loss: 3.698226
Train Epoch: 10 [8960/24148 (37%)]	Loss: 4.252972
Train Epoch: 10 [9280/24148 (38%)]	Loss: 3.505873
Train Epoch: 10 [9600/24148 (40%)]	Loss: 4.232589
Train Epoch: 10 [9920/24148 (41%)]	Loss: 3.889281
Train Epoch: 10 [10240/24148 (42%)]	Loss: 3.611249
Train Epoch: 10 [10560/24148 (44%)]	Loss: 4.288644
Train Epoch: 10 [10880/24148 (45%)]	Loss: 3.816046
Train Epoch: 10 [11200/24148 (46%)]	Loss: 4.195611
Train Epoch: 10 [11520/24148 (48%)]	Loss: 3.813779
Train Epoch: 10 [11840/24148 (49%)]	Loss: 4.175071
Train Epoch: 10 [12160/24148 (50%)]	Loss: 3.747211
Train Epoch: 10 [12480/24148 (52%)]	Loss: 4.133391
Train Epoch: 10 [12800/24148 (53%)]	Loss: 3.947383
Train Epoch: 10 [13120/24148 (54%)]	Loss: 3.567040
Train Epoch: 10 [13440/24148 (56%)]	Loss: 3.887347
Train Epoch: 10 [13760/24148 (57%)]	Loss: 4.206964
Train Epoch: 10 [14080/24148 (58%)]	Loss: 3.643075
Train Epoch: 10 [14400/24148 (60%)]	Loss: 3.898550
Train Epoch: 10 [14720/24148 (61%)]	Loss: 3.485927
Train Epoch: 10 [15040/24148 (62%)]	Loss: 3.916008
Train Epoch: 10 [15360/24148 (64%)]	Loss: 3.896125
Train Epoch: 10 [15680/24148 (65%)]	Loss: 3.788721
Train Epoch: 10 [16000/24148 (66%)]	Loss: 3.875933
Train Epoch: 10 [16320/24148 (68%)]	Loss: 4.173609
Train Epoch: 10 [16640/24148 (69%)]	Loss: 3.769115
Train Epoch: 10 [16960/24148 (70%)]	Loss: 4.025358
Train Epoch: 10 [17280/24148 (72%)]	Loss: 3.427091
Train Epoch: 10 [17600/24148 (73%)]	Loss: 4.492051
Train Epoch: 10 [17920/24148 (74%)]	Loss: 3.685207
Train Epoch: 10 [18240/24148 (75%)]	Loss: 3.669100
Train Epoch: 10 [18560/24148 (77%)]	Loss: 3.674124
Train Epoch: 10 [18880/24148 (78%)]	Loss: 3.677996
Train Epoch: 10 [19200/24148 (79%)]	Loss: 3.441789
Train Epoch: 10 [19520/24148 (81%)]	Loss: 4.432501
Train Epoch: 10 [19840/24148 (82%)]	Loss: 3.874820
Train Epoch: 10 [20160/24148 (83%)]	Loss: 3.290616
Train Epoch: 10 [20480/24148 (85%)]	Loss: 4.223683
Train Epoch: 10 [20800/24148 (86%)]	Loss: 3.909538
Train Epoch: 10 [21120/24148 (87%)]	Loss: 4.341246
Train Epoch: 10 [21440/24148 (89%)]	Loss: 4.358122
Train Epoch: 10 [21760/24148 (90%)]	Loss: 3.429088
Train Epoch: 10 [22080/24148 (91%)]	Loss: 3.610165
Train Epoch: 10 [22400/24148 (93%)]	Loss: 4.201355
Train Epoch: 10 [22720/24148 (94%)]	Loss: 3.515734
Train Epoch: 10 [23040/24148 (95%)]	Loss: 4.340285
Train Epoch: 10 [23360/24148 (97%)]	Loss: 3.777615
Train Epoch: 10 [23680/24148 (98%)]	Loss: 3.975307
Train Epoch: 10 [24000/24148 (99%)]	Loss: 4.698692

Test set: Average loss: 4.3847, Accuracy: 1039/6037 (17%)

Average seconds for training 1 epoch: 181.3281664609909
Average seconds for testing: 16.06767110824585
